<?xml version='1.0' encoding='UTF-8' ?>
<!--
The MIT License

Copyright (c) 2004-2009, Sun Microsystems, Inc., Kohsuke Kawaguchi

Permission is hereby granted, free of charge, to any person obtaining a copy
of this software and associated documentation files (the "Software"), to deal
in the Software without restriction, including without limitation the rights
to use, copy, modify, merge, publish, distribute, sublicense, and/or sell
copies of the Software, and to permit persons to whom the Software is
furnished to do so, subject to the following conditions:

The above copyright notice and this permission notice shall be included in
all copies or substantial portions of the Software.

THE SOFTWARE IS PROVIDED "AS IS", WITHOUT WARRANTY OF ANY KIND, EXPRESS OR
IMPLIED, INCLUDING BUT NOT LIMITED TO THE WARRANTIES OF MERCHANTABILITY,
FITNESS FOR A PARTICULAR PURPOSE AND NONINFRINGEMENT. IN NO EVENT SHALL THE
AUTHORS OR COPYRIGHT HOLDERS BE LIABLE FOR ANY CLAIM, DAMAGES OR OTHER
LIABILITY, WHETHER IN AN ACTION OF CONTRACT, TORT OR OTHERWISE, ARISING FROM,
OUT OF OR IN CONNECTION WITH THE SOFTWARE OR THE USE OR OTHER DEALINGS IN
THE SOFTWARE.
-->

<testsuites name="make test">
  <testsuite failures="0"
             errors="0"
             tests="1"
             time="0"
             name="make_test.t_basic_lint_t"
             id="1">
    <testcase time="0"
              name="test      1"
              classname="make_test.t_basic_lint_t" /><system-out>
  <![CDATA[/export/home/jm/tools/perl586/bin/perl build/mkrules --exit_on_no_src --src rulesrc --out rules --manifest MANIFEST --manifestskip MANIFEST.SKIP
  mkrules: no rules updated
  /export/home/jm/tools/perl586/bin/perl build/preprocessor  -Mvars  -DVERSION="3.003000"  -DPREFIX="/local/perl586"  -DDEF_RULES_DIR="/local/perl586/share/spamassassin"  -DLOCAL_RULES_DIR="/local/perl586/etc/mail/spamassassin"  -DLOCAL_STATE_DIR="/local/perl586/var/spamassassin"  -DINSTALLSITELIB="/local/perl586/lib/site_perl/5.8.6"  -DCONTACT_ADDRESS="the administrator of that system" -Msharpbang  -Mconditional  -DPERL_BIN="/export/home/jm/tools/perl586/bin/perl"  -DPERL_WARN=""  -DPERL_TAINT="" -m755 -isa-update.raw -osa-update
  cp sa-update blib/script/sa-update
  /export/home/jm/tools/perl586/bin/perl "-MExtUtils::MY" -e "MY->fixin(shift)" blib/script/sa-update
  PERL_DL_NONLAZY=1 /export/home/jm/tools/perl586/bin/perl "-MExtUtils::Command::MM" "-e" "test_harness(1, 'blib/lib', 'blib/arch')" t/*.t
  t/basic_lint......................
  1..1
  # Running under perl version 5.008006 for solaris
  # Current time local: Thu Mar 27 09:18:10 2008
  # Current time GMT:   Thu Mar 27 09:18:10 2008
  # Using Test.pm version 1.25
  	/export/home/jm/tools/perl586/bin/perl -T -w ../spamassassin.raw -C log/test_rules_copy  --siteconfigpath log/localrules.tmp -p log/test_default.cf  -L --lint
  	Checking anything
  ok 1
  ]]>
  </system-out><system-err />
  </testsuite>
  <testsuite failures="0"
             errors="0"
             tests="2"
             time="0"
             name="make_test.t_basic_meta_t"
             id="2">
    <testcase time="0"
              name="test      1"
              classname="make_test.t_basic_meta_t" />
    <testcase time="0"
              name="test      2"
              classname="make_test.t_basic_meta_t" /><system-out>

  <![CDATA[1..2
  # Running under perl version 5.008006 for solaris
  # Current time local: Thu Mar 27 09:18:12 2008
  # Current time GMT:   Thu Mar 27 09:18:12 2008
  # Using Test.pm version 1.25
  ok 1
  ok 2
  ]]>
  </system-out><system-err />
  </testsuite>
  <testsuite failures="1"
             errors="0"
             tests="4"
             time="0"
             name="make_test.t_basic_obj_api_t"
             id="3">
    <testcase time="0"
              name="test      1"
              classname="make_test.t_basic_obj_api_t" />
    <testcase time="0"
              name="test      2"
              classname="make_test.t_basic_obj_api_t" />
    <testcase time="0"
              name="test      3"
              classname="make_test.t_basic_obj_api_t" /><testcase time="0"
            name="test      4"
            classname="make_test.t_basic_obj_api_t">
    <failure type="TAPTestFailed"
             message="not ok 4"><![CDATA[1..4
  # Running under perl version 5.008008 for linux
  # Current time local: Thu Mar 27 10:52:12 2008
  # Current time GMT:   Thu Mar 27 10:52:12 2008
  # Using Test.pm version 1.25
  ok 1
  ok 2
  ok 3
  not ok 4
  # Failed test 4 in t/basic_obj_api.t at line 45
   Failed 1/4 subtests
  ]]></failure>
  </testcase><system-out>

  <![CDATA[1..4
  # Running under perl version 5.008008 for linux
  # Current time local: Thu Mar 27 10:52:12 2008
  # Current time GMT:   Thu Mar 27 10:52:12 2008
  # Using Test.pm version 1.25
  ok 1
  ok 2
  ok 3
  not ok 4
  # Failed test 4 in t/basic_obj_api.t at line 45
   Failed 1/4 subtests
  ]]>
  </system-out><system-err />
  </testsuite>
  <testsuite failures="0"
             errors="0"
             tests="52"
             time="0"
             name="make_test.t_bayessdbm_t"
             id="4">
    <testcase time="0"
              name="test      1"
              classname="make_test.t_bayessdbm_t" />
    <testcase time="0"
              name="test      2"
              classname="make_test.t_bayessdbm_t" />
    <testcase time="0"
              name="test      3"
              classname="make_test.t_bayessdbm_t" />
    <testcase time="0"
              name="test      4"
              classname="make_test.t_bayessdbm_t" />
    <testcase time="0"
              name="test      5"
              classname="make_test.t_bayessdbm_t" />

    <testcase time="0"
              name="test      6"
              classname="make_test.t_bayessdbm_t" />
    <testcase time="0"
              name="test      7"
              classname="make_test.t_bayessdbm_t" />
    <testcase time="0"
              name="test      8"
              classname="make_test.t_bayessdbm_t" />
    <testcase time="0"
              name="test      9"
              classname="make_test.t_bayessdbm_t" />
    <testcase time="0"
              name="test     10"
              classname="make_test.t_bayessdbm_t" />
    <testcase time="0"
              name="test     11"
              classname="make_test.t_bayessdbm_t" />
    <testcase time="0"
              name="test     12"
              classname="make_test.t_bayessdbm_t" />
    <testcase time="0"
              name="test     13"
              classname="make_test.t_bayessdbm_t" />
    <testcase time="0"
              name="test     14"
              classname="make_test.t_bayessdbm_t" />

    <testcase time="0"
              name="test     15"
              classname="make_test.t_bayessdbm_t" />
    <testcase time="0"
              name="test     16"
              classname="make_test.t_bayessdbm_t" />
    <testcase time="0"
              name="test     17"
              classname="make_test.t_bayessdbm_t" />
    <testcase time="0"
              name="test     18"
              classname="make_test.t_bayessdbm_t" />
    <testcase time="0"
              name="test     19"
              classname="make_test.t_bayessdbm_t" />
    <testcase time="0"
              name="test     20"
              classname="make_test.t_bayessdbm_t" />
    <testcase time="0"
              name="test     21"
              classname="make_test.t_bayessdbm_t" />
    <testcase time="0"
              name="test     22"
              classname="make_test.t_bayessdbm_t" />
    <testcase time="0"
              name="test     23"
              classname="make_test.t_bayessdbm_t" />

    <testcase time="0"
              name="test     24"
              classname="make_test.t_bayessdbm_t" />
    <testcase time="0"
              name="test     25"
              classname="make_test.t_bayessdbm_t" />
    <testcase time="0"
              name="test     26"
              classname="make_test.t_bayessdbm_t" />
    <testcase time="0"
              name="test     27"
              classname="make_test.t_bayessdbm_t" />
    <testcase time="0"
              name="test     28"
              classname="make_test.t_bayessdbm_t" />
    <testcase time="0"
              name="test     29"
              classname="make_test.t_bayessdbm_t" />
    <testcase time="0"
              name="test     30"
              classname="make_test.t_bayessdbm_t" />
    <testcase time="0"
              name="test     31"
              classname="make_test.t_bayessdbm_t" />
    <testcase time="0"
              name="test     32"
              classname="make_test.t_bayessdbm_t" />

    <testcase time="0"
              name="test     33"
              classname="make_test.t_bayessdbm_t" />
    <testcase time="0"
              name="test     34"
              classname="make_test.t_bayessdbm_t" />
    <testcase time="0"
              name="test     35"
              classname="make_test.t_bayessdbm_t" />
    <testcase time="0"
              name="test     36"
              classname="make_test.t_bayessdbm_t" />
    <testcase time="0"
              name="test     37"
              classname="make_test.t_bayessdbm_t" />
    <testcase time="0"
              name="test     38"
              classname="make_test.t_bayessdbm_t" />
    <testcase time="0"
              name="test     39"
              classname="make_test.t_bayessdbm_t" />
    <testcase time="0"
              name="test     40"
              classname="make_test.t_bayessdbm_t" />
    <testcase time="0"
              name="test     41"
              classname="make_test.t_bayessdbm_t" />

    <testcase time="0"
              name="test     42"
              classname="make_test.t_bayessdbm_t" />
    <testcase time="0"
              name="test     43"
              classname="make_test.t_bayessdbm_t" />
    <testcase time="0"
              name="test     44"
              classname="make_test.t_bayessdbm_t" />
    <testcase time="0"
              name="test     45"
              classname="make_test.t_bayessdbm_t" />
    <testcase time="0"
              name="test     46"
              classname="make_test.t_bayessdbm_t" />
    <testcase time="0"
              name="test     47"
              classname="make_test.t_bayessdbm_t" />
    <testcase time="0"
              name="test     48"
              classname="make_test.t_bayessdbm_t" />
    <testcase time="0"
              name="test     49"
              classname="make_test.t_bayessdbm_t" />
    <testcase time="0"
              name="test     50"
              classname="make_test.t_bayessdbm_t" />

    <testcase time="0"
              name="test     51"
              classname="make_test.t_bayessdbm_t" />
    <testcase time="0"
              name="test     52"
              classname="make_test.t_bayessdbm_t" /><system-out>
  <![CDATA[1..0
  # Running under perl version 5.008006 for solaris
  # Current time local: Thu Mar 27 09:18:17 2008
  # Current time GMT:   Thu Mar 27 09:18:17 2008
  # Using Test.pm version 1.25
  skipped: (no reason given)
  t/bayesdbm_flock..................
  1..0
  # Running under perl version 5.008006 for solaris
  # Current time local: Thu Mar 27 09:18:17 2008
  # Current time GMT:   Thu Mar 27 09:18:17 2008
  # Using Test.pm version 1.25
  skipped: (no reason given)
  t/bayessdbm.......................
  1..52
  # Running under perl version 5.008006 for solaris
  # Current time local: Thu Mar 27 09:18:17 2008
  # Current time GMT:   Thu Mar 27 09:18:17 2008
  # Using Test.pm version 1.25
  ok 1
  ok 2
  ok 3
  ok 4
  ok 5
  ok 6
  ok 7
  ok 8
  ok 9
  ok 10
  ok 11
  ok 12
  ok 13
  ok 14
  ok 15
  ok 16
  ok 17
  ok 18
  ok 19
  ok 20
  ok 21
  ok 22
  ok 23
  ok 24
  ok 25
  ok 26
  ok 27
  ok 28
  ok 29
  ok 30
  ok 31
  ok 32
  ok 33
  ok 34
  ok 35
  	/export/home/jm/tools/perl586/bin/perl -T -w ../sa-learn.raw -C log/test_rules_copy  --siteconfigpath log/localrules.tmp -p log/test_default.cf  --spam data/spam
  ok 36
  	Checking Acted on message
  ok 37
  	/export/home/jm/tools/perl586/bin/perl -T -w ../sa-learn.raw -C log/test_rules_copy  --siteconfigpath log/localrules.tmp -p log/test_default.cf  --ham data/nice
  ok 38
  	Checking Acted on message
  ok 39
  	/export/home/jm/tools/perl586/bin/perl -T -w ../sa-learn.raw -C log/test_rules_copy  --siteconfigpath log/localrules.tmp -p log/test_default.cf  --ham data/whitelists
  ok 40
  	Checking Acted on message
  ok 41
  	/export/home/jm/tools/perl586/bin/perl -T -w ../sa-learn.raw -C log/test_rules_copy  --siteconfigpath log/localrules.tmp -p log/test_default.cf  --dump magic
  ok 42
  	Checking db version
  ok 43
  ok 44
  	returned score: 0
  ok 45
  	returned score: 0.504057478376578
  ok 46
  ok 47
  ok 48
  ok 49
  ok 50
  ok 51
  ok 52
  ]]>
  </system-out><system-err />
  </testsuite>
  <testsuite failures="0"
             errors="0"
             tests="54"
             time="0"
             name="make_test.t_bayessdbm_seen_delete_t"
             id="5">
    <testcase time="0"
              name="test      1"
              classname="make_test.t_bayessdbm_seen_delete_t" />
    <testcase time="0"
              name="test      2"
              classname="make_test.t_bayessdbm_seen_delete_t" />
    <testcase time="0"
              name="test      3"
              classname="make_test.t_bayessdbm_seen_delete_t" />

    <testcase time="0"
              name="test      4"
              classname="make_test.t_bayessdbm_seen_delete_t" />
    <testcase time="0"
              name="test      5"
              classname="make_test.t_bayessdbm_seen_delete_t" />
    <testcase time="0"
              name="test      6"
              classname="make_test.t_bayessdbm_seen_delete_t" />
    <testcase time="0"
              name="test      7"
              classname="make_test.t_bayessdbm_seen_delete_t" />
    <testcase time="0"
              name="test      8"
              classname="make_test.t_bayessdbm_seen_delete_t" />
    <testcase time="0"
              name="test      9"
              classname="make_test.t_bayessdbm_seen_delete_t" />
    <testcase time="0"
              name="test     10"
              classname="make_test.t_bayessdbm_seen_delete_t" />
    <testcase time="0"
              name="test     11"
              classname="make_test.t_bayessdbm_seen_delete_t" />
    <testcase time="0"
              name="test     12"
              classname="make_test.t_bayessdbm_seen_delete_t" />

    <testcase time="0"
              name="test     13"
              classname="make_test.t_bayessdbm_seen_delete_t" />
    <testcase time="0"
              name="test     14"
              classname="make_test.t_bayessdbm_seen_delete_t" />
    <testcase time="0"
              name="test     15"
              classname="make_test.t_bayessdbm_seen_delete_t" />
    <testcase time="0"
              name="test     16"
              classname="make_test.t_bayessdbm_seen_delete_t" />
    <testcase time="0"
              name="test     17"
              classname="make_test.t_bayessdbm_seen_delete_t" />
    <testcase time="0"
              name="test     18"
              classname="make_test.t_bayessdbm_seen_delete_t" />
    <testcase time="0"
              name="test     19"
              classname="make_test.t_bayessdbm_seen_delete_t" />
    <testcase time="0"
              name="test     20"
              classname="make_test.t_bayessdbm_seen_delete_t" />
    <testcase time="0"
              name="test     21"
              classname="make_test.t_bayessdbm_seen_delete_t" />

    <testcase time="0"
              name="test     22"
              classname="make_test.t_bayessdbm_seen_delete_t" />
    <testcase time="0"
              name="test     23"
              classname="make_test.t_bayessdbm_seen_delete_t" />
    <testcase time="0"
              name="test     24"
              classname="make_test.t_bayessdbm_seen_delete_t" />
    <testcase time="0"
              name="test     25"
              classname="make_test.t_bayessdbm_seen_delete_t" />
    <testcase time="0"
              name="test     26"
              classname="make_test.t_bayessdbm_seen_delete_t" />
    <testcase time="0"
              name="test     27"
              classname="make_test.t_bayessdbm_seen_delete_t" />
    <testcase time="0"
              name="test     28"
              classname="make_test.t_bayessdbm_seen_delete_t" />
    <testcase time="0"
              name="test     29"
              classname="make_test.t_bayessdbm_seen_delete_t" />
    <testcase time="0"
              name="test     30"
              classname="make_test.t_bayessdbm_seen_delete_t" />

    <testcase time="0"
              name="test     31"
              classname="make_test.t_bayessdbm_seen_delete_t" />
    <testcase time="0"
              name="test     32"
              classname="make_test.t_bayessdbm_seen_delete_t" />
    <testcase time="0"
              name="test     33"
              classname="make_test.t_bayessdbm_seen_delete_t" />
    <testcase time="0"
              name="test     34"
              classname="make_test.t_bayessdbm_seen_delete_t" />
    <testcase time="0"
              name="test     35"
              classname="make_test.t_bayessdbm_seen_delete_t" />
    <testcase time="0"
              name="test     36"
              classname="make_test.t_bayessdbm_seen_delete_t" />
    <testcase time="0"
              name="test     37"
              classname="make_test.t_bayessdbm_seen_delete_t" />
    <testcase time="0"
              name="test     38"
              classname="make_test.t_bayessdbm_seen_delete_t" />
    <testcase time="0"
              name="test     39"
              classname="make_test.t_bayessdbm_seen_delete_t" />

    <testcase time="0"
              name="test     40"
              classname="make_test.t_bayessdbm_seen_delete_t" />
    <testcase time="0"
              name="test     41"
              classname="make_test.t_bayessdbm_seen_delete_t" />
    <testcase time="0"
              name="test     42"
              classname="make_test.t_bayessdbm_seen_delete_t" />
    <testcase time="0"
              name="test     43"
              classname="make_test.t_bayessdbm_seen_delete_t" />
    <testcase time="0"
              name="test     44"
              classname="make_test.t_bayessdbm_seen_delete_t" />
    <testcase time="0"
              name="test     45"
              classname="make_test.t_bayessdbm_seen_delete_t" />
    <testcase time="0"
              name="test     46"
              classname="make_test.t_bayessdbm_seen_delete_t" />
    <testcase time="0"
              name="test     47"
              classname="make_test.t_bayessdbm_seen_delete_t" />
    <testcase time="0"
              name="test     48"
              classname="make_test.t_bayessdbm_seen_delete_t" />

    <testcase time="0"
              name="test     49"
              classname="make_test.t_bayessdbm_seen_delete_t" />
    <testcase time="0"
              name="test     50"
              classname="make_test.t_bayessdbm_seen_delete_t" />
    <testcase time="0"
              name="test     51"
              classname="make_test.t_bayessdbm_seen_delete_t" />
    <testcase time="0"
              name="test     52"
              classname="make_test.t_bayessdbm_seen_delete_t" />
    <testcase time="0"
              name="test     53"
              classname="make_test.t_bayessdbm_seen_delete_t" />
    <testcase time="0"
              name="test     54"
              classname="make_test.t_bayessdbm_seen_delete_t" /><system-out>
  <![CDATA[1..54
  # Running under perl version 5.008006 for solaris
  # Current time local: Thu Mar 27 09:18:28 2008
  # Current time GMT:   Thu Mar 27 09:18:28 2008
  # Using Test.pm version 1.25
  ok 1
  ok 2
  ok 3
  ok 4
  ok 5
  ok 6
  ok 7
  ok 8
  ok 9
  ok 10
  ok 11
  ok 12
  ok 13
  ok 14
  ok 15
  ok 16
  ok 17
  ok 18
  ok 19
  ok 20
  ok 21
  ok 22
  ok 23
  ok 24
  ok 25
  ok 26
  ok 27
  ok 28
  ok 29
  ok 30
  ok 31
  ok 32
  ok 33
  ok 34
  ok 35
  	/export/home/jm/tools/perl586/bin/perl -T -w ../sa-learn.raw -C log/test_rules_copy  --siteconfigpath log/localrules.tmp -p log/test_default.cf  --spam data/spam
  ok 36
  	Checking Acted on message
  ok 37
  	/export/home/jm/tools/perl586/bin/perl -T -w ../sa-learn.raw -C log/test_rules_copy  --siteconfigpath log/localrules.tmp -p log/test_default.cf  --ham data/nice
  ok 38
  	Checking Acted on message
  ok 39
  	/export/home/jm/tools/perl586/bin/perl -T -w ../sa-learn.raw -C log/test_rules_copy  --siteconfigpath log/localrules.tmp -p log/test_default.cf  --ham data/whitelists
  ok 40
  	Checking Acted on message
  ok 41
  	/export/home/jm/tools/perl586/bin/perl -T -w ../sa-learn.raw -C log/test_rules_copy  --siteconfigpath log/localrules.tmp -p log/test_default.cf  --dump magic
  ok 42
  	Checking db version
  ok 43
  ok 44
  ok 45
  ok 46
  	returned score: 0
  ok 47
  	returned score: 0.504057478376578
  ok 48
  ok 49
  ok 50
  ok 51
  ok 52
  ok 53
  ok 54
  ]]>
  </system-out><system-err />
  </testsuite>

  <testsuite failures="0"
             errors="0"
             tests="3"
             time="0"
             name="make_test.t_blacklist_autolearn_t"
             id="6">
    <testcase time="0"
              name="test      1"
              classname="make_test.t_blacklist_autolearn_t" />
    <testcase time="0"
              name="test      2"
              classname="make_test.t_blacklist_autolearn_t" />
    <testcase time="0"
              name="test      3"
              classname="make_test.t_blacklist_autolearn_t" /><system-out>
  <![CDATA[1..0
  # Running under perl version 5.008006 for solaris
  # Current time local: Thu Mar 27 09:18:39 2008
  # Current time GMT:   Thu Mar 27 09:18:39 2008
  # Using Test.pm version 1.25
  skipped: (no reason given)
  t/blacklist_autolearn.............
  1..3
  # Running under perl version 5.008006 for solaris
  # Current time local: Thu Mar 27 09:18:39 2008
  # Current time GMT:   Thu Mar 27 09:18:39 2008
  # Using Test.pm version 1.25
  	/export/home/jm/tools/perl586/bin/perl -T -w ../spamassassin.raw -C log/test_rules_copy  --siteconfigpath log/localrules.tmp -p log/tst.cf  -L -t < data/nice/001
  ok 1
  	Checking blacklisted
  ok 2
  	Checking for anti-pattern autolearned as ham
  ok 3
  ]]>
  </system-out><system-err />
  </testsuite>
  <testsuite failures="0"
             errors="0"
             tests="3"
             time="0"
             name="make_test.t_body_mod_t"
             id="7">
    <testcase time="0"
              name="test      1"
              classname="make_test.t_body_mod_t" />

    <testcase time="0"
              name="test      2"
              classname="make_test.t_body_mod_t" />
    <testcase time="0"
              name="test      3"
              classname="make_test.t_body_mod_t" /><system-out>
  <![CDATA[1..3
  # Running under perl version 5.008006 for solaris
  # Current time local: Thu Mar 27 09:18:41 2008
  # Current time GMT:   Thu Mar 27 09:18:41 2008
  # Using Test.pm version 1.25
  hit rules: DATE_IN_FUTURE_03_06,HTML_FONT_FACE_BAD,HTML_IMAGE_RATIO_02,HTML_MESSAGE,MIME_HTML_ONLY,MSGID_OUTLOOK_INVALID,RATWARE_MS_HASH,RATWARE_OUTLOOK_NONAME,RDNS_NONE
  ok 1
  decoded: body renderings identical pre and post scan
  ok 2
  stripped: body renderings identical pre and post scan
  ok 3
  ]]>
  </system-out><system-err />
  </testsuite>
  <testsuite failures="0"
             errors="0"
             tests="2"
             time="0"
             name="make_test.t_check_implemented_t"
             id="8">
    <testcase time="0"
              name="test      1"
              classname="make_test.t_check_implemented_t" />
    <testcase time="0"
              name="test      2"
              classname="make_test.t_check_implemented_t" /><system-out>
  <![CDATA[1..2
  # Running under perl version 5.008006 for solaris
  # Current time local: Thu Mar 27 09:18:42 2008
  # Current time GMT:   Thu Mar 27 09:18:42 2008
  # Using Test.pm version 1.25
  ok 1
  got warning: 'check: no loaded plugin implements 'check_main': cannot scan!
  Check the necessary '.pre' files are in the config directory.
  '
  ok 2
  ]]>

  </system-out><system-err />
  </testsuite>
  <testsuite failures="0"
             errors="0"
             tests="51"
             time="0"
             name="make_test.t_cidrs_t"
             id="9">
    <testcase time="0"
              name="test      1"
              classname="make_test.t_cidrs_t" />
    <testcase time="0"
              name="test      2"
              classname="make_test.t_cidrs_t" />
    <testcase time="0"
              name="test      3"
              classname="make_test.t_cidrs_t" />
    <testcase time="0"
              name="test      4"
              classname="make_test.t_cidrs_t" />
    <testcase time="0"
              name="test      5"
              classname="make_test.t_cidrs_t" />
    <testcase time="0"
              name="test      6"
              classname="make_test.t_cidrs_t" />

    <testcase time="0"
              name="test      7"
              classname="make_test.t_cidrs_t" />
    <testcase time="0"
              name="test      8"
              classname="make_test.t_cidrs_t" />
    <testcase time="0"
              name="test      9"
              classname="make_test.t_cidrs_t" />
    <testcase time="0"
              name="test     10"
              classname="make_test.t_cidrs_t" />
    <testcase time="0"
              name="test     11"
              classname="make_test.t_cidrs_t" />
    <testcase time="0"
              name="test     12"
              classname="make_test.t_cidrs_t" />
    <testcase time="0"
              name="test     13"
              classname="make_test.t_cidrs_t" />
    <testcase time="0"
              name="test     14"
              classname="make_test.t_cidrs_t" />
    <testcase time="0"
              name="test     15"
              classname="make_test.t_cidrs_t" />

    <testcase time="0"
              name="test     16"
              classname="make_test.t_cidrs_t" />
    <testcase time="0"
              name="test     17"
              classname="make_test.t_cidrs_t" />
    <testcase time="0"
              name="test     18"
              classname="make_test.t_cidrs_t" />
    <testcase time="0"
              name="test     19"
              classname="make_test.t_cidrs_t" />
    <testcase time="0"
              name="test     20"
              classname="make_test.t_cidrs_t" />
    <testcase time="0"
              name="test     21"
              classname="make_test.t_cidrs_t" />
    <testcase time="0"
              name="test     22"
              classname="make_test.t_cidrs_t" />
    <testcase time="0"
              name="test     23"
              classname="make_test.t_cidrs_t" />
    <testcase time="0"
              name="test     24"
              classname="make_test.t_cidrs_t" />

    <testcase time="0"
              name="test     25"
              classname="make_test.t_cidrs_t" />
    <testcase time="0"
              name="test     26"
              classname="make_test.t_cidrs_t" />
    <testcase time="0"
              name="test     27"
              classname="make_test.t_cidrs_t" />
    <testcase time="0"
              name="test     28"
              classname="make_test.t_cidrs_t" />
    <testcase time="0"
              name="test     29"
              classname="make_test.t_cidrs_t" />
    <testcase time="0"
              name="test     30"
              classname="make_test.t_cidrs_t" />
    <testcase time="0"
              name="test     31"
              classname="make_test.t_cidrs_t" />
    <testcase time="0"
              name="test     32"
              classname="make_test.t_cidrs_t" />
    <testcase time="0"
              name="test     33"
              classname="make_test.t_cidrs_t" />

    <testcase time="0"
              name="test     34"
              classname="make_test.t_cidrs_t" />
    <testcase time="0"
              name="test     35"
              classname="make_test.t_cidrs_t" />
    <testcase time="0"
              name="test     36"
              classname="make_test.t_cidrs_t" />
    <testcase time="0"
              name="test     37"
              classname="make_test.t_cidrs_t" />
    <testcase time="0"
              name="test     38"
              classname="make_test.t_cidrs_t" />
    <testcase time="0"
              name="test     39"
              classname="make_test.t_cidrs_t" />
    <testcase time="0"
              name="test     40"
              classname="make_test.t_cidrs_t" />
    <testcase time="0"
              name="test     41"
              classname="make_test.t_cidrs_t" />
    <testcase time="0"
              name="test     42"
              classname="make_test.t_cidrs_t" />

    <testcase time="0"
              name="test     43"
              classname="make_test.t_cidrs_t" />
    <testcase time="0"
              name="test     44"
              classname="make_test.t_cidrs_t" />
    <testcase time="0"
              name="test     45"
              classname="make_test.t_cidrs_t" />
    <testcase time="0"
              name="test     46"
              classname="make_test.t_cidrs_t" />
    <testcase time="0"
              name="test     47"
              classname="make_test.t_cidrs_t" />
    <testcase time="0"
              name="test     48"
              classname="make_test.t_cidrs_t" />
    <testcase time="0"
              name="test     49"
              classname="make_test.t_cidrs_t" />
    <testcase time="0"
              name="test     50"
              classname="make_test.t_cidrs_t" />
    <testcase time="0"
              name="test     51"
              classname="make_test.t_cidrs_t" /><system-out>

  <![CDATA[1..51
  # Running under perl version 5.008006 for solaris
  # Current time local: Thu Mar 27 09:18:43 2008
  # Current time GMT:   Thu Mar 27 09:18:43 2008
  # Using Test.pm version 1.25

  127.0.0.1 was in 127.0.0.1
  ok 1

  127.0.0.2 was not in 127.0.0.1
  ok 2

  127.0.0.1 was in 127.
  ok 3

  127.0.0.254 was in 127.
  ok 4

  127.0.0.1 was in 127/8
  ok 5

  127.0.0.1 was in 127.0/16
  ok 6

  127.0.0.1 was in 127.0.0/24
  ok 7

  127.0.0.1 was in 127.0.0.1/32
  ok 8

  127.0.0.1 was in 127.0.0.1/31
  ok 9

  127.0.0.1 was in 10. 11. 127.0.0.1
  ok 10

  127.0.0.1 was in 127.0.
  ok 11

  127.0.0.1 was in 127.0.0.
  ok 12

  127.0.0.1 was in 127.
  ok 13

  128.0.0.254 was not in 127.
  ok 14

  128.0.0.1 was not in 127/8
  ok 15

  128.0.0.1 was not in 127.0/16
  ok 16

  128.0.0.1 was not in 127.0.0/24
  ok 17

  128.0.0.1 was not in 127.0.0.1/32
  ok 18

  128.0.0.1 was not in 127.0.0.1/31
  ok 19

  128.0.0.1 was not in 127.0.
  ok 20

  128.0.0.1 was not in 127.0.0.
  ok 21

  12.9.0.1 was not in 10. 11. 127.0.0.1
  ok 22

  127.0.0.1 was not in ::DEAD:BEEF
  ok 23

  DEAD:BEEF:0000:0102:0304:0506:0708:0a0b was in DEAD:BEEF:0000:0102:0304:0506::/96
  ok 24

  DEAD:BEEF:0000:0102:0304:0506:0708:0a0b was in DEAD:BEEF:0000:0102:0304:0506:0:0/96
  ok 25

  fec0:02::0060:1dff:fff7:2109 was in fec0:02::0060:1dff:fff7:2109
  ok 26

  ::1 was in ::1
  ok 27

  ::1 was in 0:0:0:0:0:0:0:1
  ok 28

  ::1 was in 0:0:0::0:1
  ok 29

  ::1 was in ::/96
  ok 30

  ::ffff:127.0.0.1 was in 127/8
  ok 31

  ::ffff:127.0.0.1 was in 127.0.0.1
  ok 32

  ::ffff:127.0.0.1 was in ::ffff:127.0.0.1
  ok 33

  127.0.0.1 was in ::ffff:127.0.0.1
  ok 34

  127.0.0.1 was in ::ffff:7f00:0000/112
  ok 35

  127.0.0.1 was in ::ffff:7f00:0001
  ok 36

  127.0.0.1 was in 0000:0000:0000:0000:0000:ffff:127.0.0.0/112
  ok 37

  127.0.0.1 was in 0000:0000:0000:0000:0000:ffff:127.0.0.1
  ok 38

  127.0.0.1 was not in ::127.0.0.1
  ok 39

  ::127.0.0.1 was not in 127.0.0.1
  ok 40

  ::127.0.0.1 was not in 127/8
  ok 41

  127.0.0.1 was not in ::7f00:0000/112
  ok 42

  1.1/16 was in 1.1/16
  ok 43

  1.1/16 was in 1.1/15
  ok 44

  1.1/16 was not in 1.1/17
  ok 45

  1.1/16 was not in 1.1.1/24
  ok 46

  1.1.1/24 was in 1.1/16
  ok 47

  DEAD:BEEF:0000:0102:0304:0506:0:0/96 was in DEAD:BEEF:0000:0102:0304:0506:0:0/96
  ok 48

  DEAD:BEEF:0000:0102:0304:0506:0:0/96 was in DEAD:BEEF:0000:0102:0304:0506:0:0/95
  ok 49

  DEAD:BEEF:0000:0102:0304:0506:0:0/96 was in DEAD:BEEF:0000:0102:0304:0506:1:1/90
  ok 50

  DEAD:BEEF:0000:0102:0304:0506:1:1/90 was not in DEAD:BEEF:0000:0102:0304:0506:0:0/96
  ok 51
  ]]>
  </system-out><system-err />
  </testsuite>
  <testsuite failures="0"
             errors="0"
             tests="2"
             time="0"
             name="make_test.t_config_text_t"
             id="10">
    <testcase time="0"
              name="test      1"
              classname="make_test.t_config_text_t" />
    <testcase time="0"
              name="test      2"
              classname="make_test.t_config_text_t" /><system-out>
  <![CDATA[1..0
  # Running under perl version 5.008006 for solaris
  # Current time local: Thu Mar 27 09:18:43 2008
  # Current time GMT:   Thu Mar 27 09:18:43 2008
  # Using Test.pm version 1.25
  skipped: (no reason given)
  t/config_text.....................
  1..2
  # Running under perl version 5.008006 for solaris
  # Current time local: Thu Mar 27 09:18:44 2008
  # Current time GMT:   Thu Mar 27 09:18:44 2008
  # Using Test.pm version 1.25
  	/export/home/jm/tools/perl586/bin/perl -T -w ../spamassassin.raw -C log/test_rules_copy  --siteconfigpath log/localrules.tmp -p log/test_default.cf  -L -t --cf='body FOO /VFS/' --cf='body BAR /source/' < data/nice/001
  	Checking BAR
  ok 1
  	Checking FOO
  ok 2
  ]]>
  </system-out><system-err />
  </testsuite>

  <testsuite failures="0"
             errors="0"
             tests="1"
             time="0"
             name="make_test.t_cpp_comments_in_spamc_t"
             id="11">
    <testcase time="0"
              name="test      1"
              classname="make_test.t_cpp_comments_in_spamc_t" /><system-out>
  <![CDATA[1..1
  # Running under perl version 5.008006 for solaris
  # Current time local: Thu Mar 27 09:18:45 2008
  # Current time GMT:   Thu Mar 27 09:18:45 2008
  # Using Test.pm version 1.25
  ok 1
  ]]>
  </system-out><system-err />
  </testsuite>
  <testsuite failures="0"
             errors="0"
             tests="14"
             time="0"
             name="make_test.t_date_t"
             id="12">
    <testcase time="0"
              name="test      1"
              classname="make_test.t_date_t" />
    <testcase time="0"
              name="test      2"
              classname="make_test.t_date_t" />
    <testcase time="0"
              name="test      3"
              classname="make_test.t_date_t" />

    <testcase time="0"
              name="test      4"
              classname="make_test.t_date_t" />
    <testcase time="0"
              name="test      5"
              classname="make_test.t_date_t" />
    <testcase time="0"
              name="test      6"
              classname="make_test.t_date_t" />
    <testcase time="0"
              name="test      7"
              classname="make_test.t_date_t" />
    <testcase time="0"
              name="test      8"
              classname="make_test.t_date_t" />
    <testcase time="0"
              name="test      9"
              classname="make_test.t_date_t" />
    <testcase time="0"
              name="test     10"
              classname="make_test.t_date_t" />
    <testcase time="0"
              name="test     11"
              classname="make_test.t_date_t" />
    <testcase time="0"
              name="test     12"
              classname="make_test.t_date_t" />

    <testcase time="0"
              name="test     13"
              classname="make_test.t_date_t" />
    <testcase time="0"
              name="test     14"
              classname="make_test.t_date_t" /><system-out>
  <![CDATA[1..14
  # Running under perl version 5.008006 for solaris
  # Current time local: Thu Mar 27 09:18:46 2008
  # Current time GMT:   Thu Mar 27 09:18:46 2008
  # Using Test.pm version 1.25
  ok 1
  ok 2
  ok 3
  ok 4
  ok 5
  ok 6
  ok 7
  ok 8
  ok 9
  ok 10
  ok 11
  ok 12
  ok 13
  ok 14
  ]]>
  </system-out><system-err />
  </testsuite>
  <testsuite failures="0"
             errors="0"
             tests="4"
             time="0"
             name="make_test.t_db_awl_path_t"
             id="13">
    <testcase time="0"
              name="test      1"
              classname="make_test.t_db_awl_path_t" />
    <testcase time="0"
              name="test      2"
              classname="make_test.t_db_awl_path_t" />
    <testcase time="0"
              name="test      3"
              classname="make_test.t_db_awl_path_t" />

    <testcase time="0"
              name="test      4"
              classname="make_test.t_db_awl_path_t" /><system-out>
  <![CDATA[1..4
  # Running under perl version 5.008006 for solaris
  # Current time local: Thu Mar 27 09:18:46 2008
  # Current time GMT:   Thu Mar 27 09:18:46 2008
  # Using Test.pm version 1.25
  ok 1
  	/export/home/jm/tools/perl586/bin/perl -T -w ../spamassassin.raw -C log/test_rules_copy  --siteconfigpath log/localrules.tmp -p log/tst.cf  --add-addr-to-whitelist whitelist_test@whitelist.spamassassin.taint.org
  # [13207] warn: auto-whitelist: open of auto-whitelist file failed: locker: safe_lock: cannot create tmp lockfile ./log/awl/shouldbeinaccessible.lock.hudson.zones.apache.org.13207 for ./log/awl/shouldbeinaccessible.lock: Not a directory
  ok 2
  	/export/home/jm/tools/perl586/bin/perl -T -w ../spamassassin.raw -C log/test_rules_copy  --siteconfigpath log/localrules.tmp -p log/tst.cf  -L -t < data/spam/004
  	Checking isspam
  ok 3
  ok 4
  ]]>
  </system-out><system-err />
  </testsuite>
  <testsuite failures="0"
             errors="0"
             tests="8"
             time="0"
             name="make_test.t_db_based_whitelist_t"
             id="14">
    <testcase time="0"
              name="test      1"
              classname="make_test.t_db_based_whitelist_t" />
    <testcase time="0"
              name="test      2"
              classname="make_test.t_db_based_whitelist_t" />
    <testcase time="0"
              name="test      3"
              classname="make_test.t_db_based_whitelist_t" />
    <testcase time="0"
              name="test      4"
              classname="make_test.t_db_based_whitelist_t" />

    <testcase time="0"
              name="test      5"
              classname="make_test.t_db_based_whitelist_t" />
    <testcase time="0"
              name="test      6"
              classname="make_test.t_db_based_whitelist_t" />
    <testcase time="0"
              name="test      7"
              classname="make_test.t_db_based_whitelist_t" />
    <testcase time="0"
              name="test      8"
              classname="make_test.t_db_based_whitelist_t" /><system-out>
  <![CDATA[1..8
  # Running under perl version 5.008006 for solaris
  # Current time local: Thu Mar 27 09:18:49 2008
  # Current time GMT:   Thu Mar 27 09:18:49 2008
  # Using Test.pm version 1.25
  	/export/home/jm/tools/perl586/bin/perl -T -w ../spamassassin.raw -C log/test_rules_copy  --siteconfigpath log/localrules.tmp -p log/test_default.cf  --remove-addr-from-whitelist whitelist_test@whitelist.spamassassin.taint.org
  ok 1
  	/export/home/jm/tools/perl586/bin/perl -T -w ../spamassassin.raw -C log/test_rules_copy  --siteconfigpath log/localrules.tmp -p log/test_default.cf  -L -t < data/nice/002
  ok 2
  	/export/home/jm/tools/perl586/bin/perl -T -w ../spamassassin.raw -C log/test_rules_copy  --siteconfigpath log/localrules.tmp -p log/test_default.cf  -L -t < data/nice/002
  ok 3
  	/export/home/jm/tools/perl586/bin/perl -T -w ../spamassassin.raw -C log/test_rules_copy  --siteconfigpath log/localrules.tmp -p log/test_default.cf  -L -t < data/nice/002
  ok 4
  	/export/home/jm/tools/perl586/bin/perl -T -w ../spamassassin.raw -C log/test_rules_copy  --siteconfigpath log/localrules.tmp -p log/test_default.cf  -L -t < data/nice/002
  ok 5
  	Checking subj
  ok 6
  	/export/home/jm/tools/perl586/bin/perl -T -w ../spamassassin.raw -C log/test_rules_copy  --siteconfigpath log/localrules.tmp -p log/test_default.cf  -L -t < data/spam/004
  ok 7
  	Checking subj
  ok 8
  ]]>
  </system-out><system-err />
  </testsuite>
  <testsuite failures="0"
             errors="0"
             tests="8"
             time="0"
             name="make_test.t_db_based_whitelist_ips_t"
             id="15">
    <testcase time="0"
              name="test      1"
              classname="make_test.t_db_based_whitelist_ips_t" />

    <testcase time="0"
              name="test      2"
              classname="make_test.t_db_based_whitelist_ips_t" />
    <testcase time="0"
              name="test      3"
              classname="make_test.t_db_based_whitelist_ips_t" />
    <testcase time="0"
              name="test      4"
              classname="make_test.t_db_based_whitelist_ips_t" />
    <testcase time="0"
              name="test      5"
              classname="make_test.t_db_based_whitelist_ips_t" />
    <testcase time="0"
              name="test      6"
              classname="make_test.t_db_based_whitelist_ips_t" />
    <testcase time="0"
              name="test      7"
              classname="make_test.t_db_based_whitelist_ips_t" />
    <testcase time="0"
              name="test      8"
              classname="make_test.t_db_based_whitelist_ips_t" /><system-out>
  <![CDATA[1..8
  # Running under perl version 5.008006 for solaris
  # Current time local: Thu Mar 27 09:18:58 2008
  # Current time GMT:   Thu Mar 27 09:18:58 2008
  # Using Test.pm version 1.25
  	/export/home/jm/tools/perl586/bin/perl -T -w ../spamassassin.raw -C log/test_rules_copy  --siteconfigpath log/localrules.tmp -p log/test_default.cf  --remove-addr-from-whitelist whitelist_test@whitelist.spamassassin.taint.org
  ok 1
  	/export/home/jm/tools/perl586/bin/perl -T -w ../spamassassin.raw -C log/test_rules_copy  --siteconfigpath log/localrules.tmp -p log/test_default.cf  -L -t < data/nice/002
  ok 2
  	/export/home/jm/tools/perl586/bin/perl -T -w ../spamassassin.raw -C log/test_rules_copy  --siteconfigpath log/localrules.tmp -p log/test_default.cf  -L -t < data/nice/002
  ok 3
  	/export/home/jm/tools/perl586/bin/perl -T -w ../spamassassin.raw -C log/test_rules_copy  --siteconfigpath log/localrules.tmp -p log/test_default.cf  -L -t < data/nice/002
  ok 4
  	/export/home/jm/tools/perl586/bin/perl -T -w ../spamassassin.raw -C log/test_rules_copy  --siteconfigpath log/localrules.tmp -p log/test_default.cf  -L -t < data/nice/002
  ok 5
  	Checking subj
  ok 6
  	/export/home/jm/tools/perl586/bin/perl -T -w ../spamassassin.raw -C log/test_rules_copy  --siteconfigpath log/localrules.tmp -p log/test_default.cf  -L -t < data/spam/007
  ok 7
  	Checking status
  ok 8
  ]]>
  </system-out><system-err />

  </testsuite>
  <testsuite failures="0"
             errors="0"
             tests="3"
             time="0"
             name="make_test.t_debug_t"
             id="16">
    <testcase time="0"
              name="test      1"
              classname="make_test.t_debug_t" />
    <testcase time="0"
              name="test      2"
              classname="make_test.t_debug_t" />
    <testcase time="0"
              name="test      3"
              classname="make_test.t_debug_t" /><system-out>
  <![CDATA[1..0
  # Running under perl version 5.008006 for solaris
  # Current time local: Thu Mar 27 09:19:07 2008
  # Current time GMT:   Thu Mar 27 09:19:07 2008
  # Using Test.pm version 1.25
  skipped: (no reason given)
  t/debug...........................
  1..3
  # Running under perl version 5.008006 for solaris
  # Current time local: Thu Mar 27 09:19:08 2008
  # Current time GMT:   Thu Mar 27 09:19:08 2008
  # Using Test.pm version 1.25
  	/export/home/jm/tools/perl586/bin/perl -T -w ../spamassassin.raw -C log/test_rules_copy  --siteconfigpath log/localrules.tmp -p log/test_default.cf  -t -D < data/spam/dnsbl.eml
  ok 1
  malformed debug message: [13271] dbg: logger: adding facilities: all
  malformed debug message: [13271] dbg: logger: logging level is DBG
  malformed debug message: [13271] dbg: generic: SpamAssassin version 3.3.0-r613124
  malformed debug message: [13271] dbg: config: timing enabled
  malformed debug message: [13271] dbg: config: score set 0 chosen.
  malformed debug message: [13271] dbg: util: running in taint mode? yes
  malformed debug message: [13271] dbg: util: taint mode: deleting unsafe environment variables, resetting PATH
  malformed debug message: [13271] dbg: util: PATH included '/export/home/jm/tools/perl586/bin', keeping
  malformed debug message: [13271] dbg: util: PATH included '/usr/ccs/bin', keeping
  malformed debug message: [13271] dbg: util: PATH included '/sbin', keeping
  malformed debug message: [13271] dbg: util: PATH included '/usr/sbin', keeping
  malformed debug message: [13271] dbg: util: PATH included '/etc', keeping
  malformed debug message: [13271] dbg: util: PATH included '/usr/etc', which doesn't exist, dropping
  malformed debug message: [13271] dbg: util: PATH included '/usr/local/bin', which doesn't exist, dropping
  malformed debug message: [13271] dbg: util: PATH included '/usr/bin/mh', which doesn't exist, dropping
  malformed debug message: [13271] dbg: util: PATH included '/export/home/jm/bin', keeping
  malformed debug message: [13271] dbg: util: PATH included '/sbin', keeping
  malformed debug message: [13271] dbg: util: PATH included '/usr/sbin', keeping
  malformed debug message: [13271] dbg: util: PATH included '/etc', keeping
  malformed debug message: [13271] dbg: util: PATH included '/usr/etc', which doesn't exist, dropping
  malformed debug message: [13271] dbg: util: PATH included '/usr/local/bin', which doesn't exist, dropping
  malformed debug message: [13271] dbg: util: PATH included '/usr/bin/mh', which doesn't exist, dropping
  malformed debug message: [13271] dbg: util: PATH included '/export/home/jm/bin', keeping
  malformed debug message: [13271] dbg: util: PATH included '/sbin', keeping
  malformed debug message: [13271] dbg: util: PATH included '/usr/sbin', keeping
  malformed debug message: [13271] dbg: util: PATH included '/etc', keeping
  malformed debug message: [13271] dbg: util: PATH included '/usr/etc', which doesn't exist, dropping
  malformed debug message: [13271] dbg: util: PATH included '/usr/local/bin', which doesn't exist, dropping
  malformed debug message: [13271] dbg: util: PATH included '/usr/bin/mh', which doesn't exist, dropping
  malformed debug message: [13271] dbg: util: PATH included '/usr/bin', keeping
  malformed debug message: [13271] dbg: util: PATH included '/opt/sfw/bin', keeping
  malformed debug message: [13271] dbg: util: final PATH set to: /export/home/jm/tools/perl586/bin:/usr/ccs/bin:/sbin:/usr/sbin:/etc:/export/home/jm/bin:/sbin:/usr/sbin:/etc:/export/home/jm/bin:/sbin:/usr/sbin:/etc:/usr/bin:/opt/sfw/bin
  malformed debug message: [13271] dbg: dns: no ipv6
  malformed debug message: [13271] dbg: dns: is Net::DNS::Resolver available? yes
  malformed debug message: [13271] dbg: dns: Net::DNS version: 0.49
  malformed debug message: [13271] dbg: config: using "log/localrules.tmp" for site rules pre files
  malformed debug message: [13271] dbg: config: read file log/localrules.tmp/init.pre
  malformed debug message: [13271] dbg: config: read file log/localrules.tmp/svn_only.pre
  malformed debug message: [13271] dbg: config: read file log/localrules.tmp/v310.pre
  malformed debug message: [13271] dbg: config: read file log/localrules.tmp/v312.pre
  malformed debug message: [13271] dbg: config: read file log/localrules.tmp/v320.pre
  malformed debug message: [13271] dbg: config: using "log/test_rules_copy" for sys rules pre files
  malformed debug message: [13271] dbg: config: read file log/test_rules_copy/init.pre
  malformed debug message: [13271] dbg: config: read file log/test_rules_copy/svn_only.pre
  malformed debug message: [13271] dbg: config: read file log/test_rules_copy/v310.pre
  malformed debug message: [13271] dbg: config: read file log/test_rules_copy/v312.pre
  malformed debug message: [13271] dbg: config: read file log/test_rules_copy/v320.pre
  malformed debug message: [13271] dbg: config: using "log/test_rules_copy" for default rules dir
  malformed debug message: [13271] dbg: config: read file log/test_rules_copy/01_test_rules.cf
  malformed debug message: [13271] dbg: config: read file log/test_rules_copy/10_default_prefs.cf
  malformed debug message: [13271] dbg: config: read file log/test_rules_copy/20_advance_fee.cf
  malformed debug message: [13271] dbg: config: read file log/test_rules_copy/20_body_tests.cf
  malformed debug message: [13271] dbg: config: read file log/test_rules_copy/20_compensate.cf
  malformed debug message: [13271] dbg: config: read file log/test_rules_copy/20_dnsbl_tests.cf
  malformed debug message: [13271] dbg: config: read file log/test_rules_copy/20_drugs.cf
  malformed debug message: [13271] dbg: config: read file log/test_rules_copy/20_dynrdns.cf
  malformed debug message: [13271] dbg: config: read file log/test_rules_copy/20_fake_helo_tests.cf
  malformed debug message: [13271] dbg: config: read file log/test_rules_copy/20_head_tests.cf
  malformed debug message: [13271] dbg: config: read file log/test_rules_copy/20_html_tests.cf
  malformed debug message: [13271] dbg: config: read file log/test_rules_copy/20_imageinfo.cf
  malformed debug message: [13271] dbg: config: read file log/test_rules_copy/20_meta_tests.cf
  malformed debug message: [13271] dbg: config: read file log/test_rules_copy/20_net_tests.cf
  malformed debug message: [13271] dbg: config: read file log/test_rules_copy/20_phrases.cf
  malformed debug message: [13271] dbg: config: read file log/test_rules_copy/20_porn.cf
  malformed debug message: [13271] dbg: config: read file log/test_rules_copy/20_ratware.cf
  malformed debug message: [13271] dbg: config: read file log/test_rules_copy/20_uri_tests.cf
  malformed debug message: [13271] dbg: config: read file log/test_rules_copy/20_vbounce.cf
  malformed debug message: [13271] dbg: config: read file log/test_rules_copy/23_bayes.cf
  malformed debug message: [13271] dbg: config: read file log/test_rules_copy/25_accessdb.cf
  malformed debug message: [13271] dbg: config: read file log/test_rules_copy/25_antivirus.cf
  malformed debug message: [13271] dbg: config: read file log/test_rules_copy/25_asn.cf
  malformed debug message: [13271] dbg: config: read file log/test_rules_copy/25_dcc.cf
  malformed debug message: [13271] dbg: config: read file log/test_rules_copy/25_dkim.cf
  malformed debug message: [13271] dbg: config: read file log/test_rules_copy/25_domainkeys.cf
  malformed debug message: [13271] dbg: config: read file log/test_rules_copy/25_hashcash.cf
  malformed debug message: [13271] dbg: config: read file log/test_rules_copy/25_pyzor.cf
  malformed debug message: [13271] dbg: config: read file log/test_rules_copy/25_razor2.cf
  malformed debug message: [13271] dbg: config: read file log/test_rules_copy/25_replace.cf
  malformed debug message: [13271] dbg: config: read file log/test_rules_copy/25_spf.cf
  malformed debug message: [13271] dbg: config: read file log/test_rules_copy/25_textcat.cf
  malformed debug message: [13271] dbg: config: read file log/test_rules_copy/25_uribl.cf
  malformed debug message: [13271] dbg: config: read file log/test_rules_copy/30_text_de.cf
  malformed debug message: [13271] dbg: config: read file log/test_rules_copy/30_text_fr.cf
  malformed debug message: [13271] dbg: config: read file log/test_rules_copy/30_text_it.cf
  malformed debug message: [13271] dbg: config: read file log/test_rules_copy/30_text_nl.cf
  malformed debug message: [13271] dbg: config: read file log/test_rules_copy/30_text_pl.cf
  malformed debug message: [13271] dbg: config: read file log/test_rules_copy/30_text_pt_br.cf
  malformed debug message: [13271] dbg: config: read file log/test_rules_copy/50_scores.cf
  malformed debug message: [13271] dbg: config: read file log/test_rules_copy/60_awl.cf
  malformed debug message: [13271] dbg: config: read file log/test_rules_copy/60_shortcircuit.cf
  malformed debug message: [13271] dbg: config: read file log/test_rules_copy/60_whitelist.cf
  malformed debug message: [13271] dbg: config: read file log/test_rules_copy/60_whitelist_dk.cf
  malformed debug message: [13271] dbg: config: read file log/test_rules_copy/60_whitelist_dkim.cf
  malformed debug message: [13271] dbg: config: read file log/test_rules_copy/60_whitelist_spf.cf
  malformed debug message: [13271] dbg: config: read file log/test_rules_copy/60_whitelist_subject.cf
  malformed debug message: [13271] dbg: config: read file log/test_rules_copy/70_sandbox.cf
  malformed debug message: [13271] dbg: config: read file log/test_rules_copy/72_active.cf
  malformed debug message: [13271] dbg: config: read file log/test_rules_copy/99_test_default.cf
  malformed debug message: [13271] dbg: config: read file log/test_rules_copy/local.cf
  malformed debug message: [13271] dbg: config: read file log/test_rules_copy/regression_tests.cf
  malformed debug message: [13271] dbg: config: using "log/localrules.tmp" for site rules dir
  malformed debug message: [13271] dbg: config: using "/export/home/hudson/.spamassassin" for user state dir
  malformed debug message: [13271] dbg: config: using "log/test_default.cf" for user prefs file
  malformed debug message: [13271] dbg: plugin: loading Mail::SpamAssassin::Plugin::URIDNSBL from @INC
  malformed debug message: [13271] dbg: plugin: loading Mail::SpamAssassin::Plugin::Hashcash from @INC
  malformed debug message: [13271] dbg: plugin: loading Mail::SpamAssassin::Plugin::SPF from @INC
  malformed debug message: [13271] dbg: plugin: loading Mail::SpamAssassin::Plugin::Pyzor from @INC
  malformed debug message: [13271] dbg: pyzor: network tests on, attempting Pyzor
  malformed debug message: [13271] dbg: plugin: loading Mail::SpamAssassin::Plugin::Razor2 from @INC
  malformed debug message: [13271] dbg: razor2: razor2 is not available
  malformed debug message: [13271] dbg: plugin: loading Mail::SpamAssassin::Plugin::SpamCop from @INC
  malformed debug message: [13271] dbg: reporter: network tests on, attempting SpamCop
  malformed debug message: [13271] dbg: plugin: loading Mail::SpamAssassin::Plugin::AWL from @INC
  malformed debug message: [13271] dbg: plugin: loading Mail::SpamAssassin::Plugin::AutoLearnThreshold from @INC
  malformed debug message: [13271] dbg: plugin: loading Mail::SpamAssassin::Plugin::WhiteListSubject from @INC
  malformed debug message: [13271] dbg: plugin: loading Mail::SpamAssassin::Plugin::MIMEHeader from @INC
  malformed debug message: [13271] dbg: plugin: loading Mail::SpamAssassin::Plugin::ReplaceTags from @INC
  malformed debug message: [13271] dbg: plugin: loading Mail::SpamAssassin::Plugin::Check from @INC
  malformed debug message: [13271] dbg: plugin: loading Mail::SpamAssassin::Plugin::HTTPSMismatch from @INC
  malformed debug message: [13271] dbg: plugin: loading Mail::SpamAssassin::Plugin::URIDetail from @INC
  malformed debug message: [13271] dbg: plugin: loading Mail::SpamAssassin::Plugin::Bayes from @INC
  malformed debug message: [13271] dbg: plugin: loading Mail::SpamAssassin::Plugin::BodyEval from @INC
  malformed debug message: [13271] dbg: plugin: loading Mail::SpamAssassin::Plugin::DNSEval from @INC
  malformed debug message: [13271] dbg: plugin: loading Mail::SpamAssassin::Plugin::HTMLEval from @INC
  malformed debug message: [13271] dbg: plugin: loading Mail::SpamAssassin::Plugin::HeaderEval from @INC
  malformed debug message: [13271] dbg: plugin: loading Mail::SpamAssassin::Plugin::MIMEEval from @INC
  malformed debug message: [13271] dbg: plugin: loading Mail::SpamAssassin::Plugin::RelayEval from @INC
  malformed debug message: [13271] dbg: plugin: loading Mail::SpamAssassin::Plugin::URIEval from @INC
  malformed debug message: [13271] dbg: plugin: loading Mail::SpamAssassin::Plugin::WLBLEval from @INC
  malformed debug message: [13271] dbg: plugin: loading Mail::SpamAssassin::Plugin::VBounce from @INC
  malformed debug message: [13271] dbg: plugin: loading Mail::SpamAssassin::Plugin::ImageInfo from @INC
  malformed debug message: [13271] dbg: plugin: did not register Mail::SpamAssassin::Plugin::URIDNSBL, already registered
  malformed debug message: [13271] dbg: plugin: did not register Mail::SpamAssassin::Plugin::Hashcash, already registered
  malformed debug message: [13271] dbg: plugin: did not register Mail::SpamAssassin::Plugin::SPF, already registered
  malformed debug message: [13271] dbg: plugin: did not register Mail::SpamAssassin::Plugin::Pyzor, already registered
  malformed debug message: [13271] dbg: plugin: did not register Mail::SpamAssassin::Plugin::Razor2, already registered
  malformed debug message: [13271] dbg: plugin: did not register Mail::SpamAssassin::Plugin::SpamCop, already registered
  malformed debug message: [13271] dbg: plugin: did not register Mail::SpamAssassin::Plugin::AWL, already registered
  malformed debug message: [13271] dbg: plugin: did not register Mail::SpamAssassin::Plugin::AutoLearnThreshold, already registered
  malformed debug message: [13271] dbg: plugin: did not register Mail::SpamAssassin::Plugin::WhiteListSubject, already registered
  malformed debug message: [13271] dbg: plugin: did not register Mail::SpamAssassin::Plugin::MIMEHeader, already registered
  malformed debug message: [13271] dbg: plugin: did not register Mail::SpamAssassin::Plugin::ReplaceTags, already registered
  malformed debug message: [13271] dbg: plugin: did not register Mail::SpamAssassin::Plugin::Check, already registered
  malformed debug message: [13271] dbg: plugin: did not register Mail::SpamAssassin::Plugin::HTTPSMismatch, already registered
  malformed debug message: [13271] dbg: plugin: did not register Mail::SpamAssassin::Plugin::URIDetail, already registered
  malformed debug message: [13271] dbg: plugin: did not register Mail::SpamAssassin::Plugin::Bayes, already registered
  malformed debug message: [13271] dbg: plugin: did not register Mail::SpamAssassin::Plugin::BodyEval, already registered
  malformed debug message: [13271] dbg: plugin: did not register Mail::SpamAssassin::Plugin::DNSEval, already registered
  malformed debug message: [13271] dbg: plugin: did not register Mail::SpamAssassin::Plugin::HTMLEval, already registered
  malformed debug message: [13271] dbg: plugin: did not register Mail::SpamAssassin::Plugin::HeaderEval, already registered
  malformed debug message: [13271] dbg: plugin: did not register Mail::SpamAssassin::Plugin::MIMEEval, already registered
  malformed debug message: [13271] dbg: plugin: did not register Mail::SpamAssassin::Plugin::RelayEval, already registered
  malformed debug message: [13271] dbg: plugin: did not register Mail::SpamAssassin::Plugin::URIEval, already registered
  malformed debug message: [13271] dbg: plugin: did not register Mail::SpamAssassin::Plugin::WLBLEval, already registered
  malformed debug message: [13271] dbg: plugin: did not register Mail::SpamAssassin::Plugin::VBounce, already registered
  malformed debug message: [13271] dbg: plugin: did not register Mail::SpamAssassin::Plugin::ImageInfo, already registered
  malformed debug message: [13271] dbg: config: fixed relative path: log/test_rules_copy/sandbox-hstern.pm
  malformed debug message: [13271] dbg: plugin: loading Mail::SpamAssassin::Plugin::Sandbox::hstern from /zonestorage/hudson/home/hudson/hudson/jobs/SpamAssassin-trunk/workspace/sa_trunk/t/log/test_rules_copy/sandbox-hstern.pm
  malformed debug message: [13271] dbg: config: fixed relative path: log/test_rules_copy/sandbox-felicity.pm
  malformed debug message: [13271] dbg: plugin: loading Mail::SpamAssassin::Plugin::Sandbox::felicity from /zonestorage/hudson/home/hudson/hudson/jobs/SpamAssassin-trunk/workspace/sa_trunk/t/log/test_rules_copy/sandbox-felicity.pm
  malformed debug message: [13271] dbg: rules: __MO_OL_9B90B merged duplicates: __MO_OL_C65FA
  malformed debug message: [13271] dbg: rules: FORGED_YAHOO_RCVD merged duplicates: TEST_FORGED_YAHOO_RCVD
  malformed debug message: [13271] dbg: rules: __XM_OL_22B61 merged duplicates: __XM_OL_A842E
  malformed debug message: [13271] dbg: rules: __MO_OL_07794 merged duplicates: __MO_OL_8627E __MO_OL_F3B05
  malformed debug message: [13271] dbg: rules: HS_INDEX_PARAM merged duplicates: T_HS_INDEX_PARAM_5
  malformed debug message: [13271] dbg: rules: __XM_OL_07794 merged duplicates: __XM_OL_25340 __XM_OL_3857F __XM_OL_4F240 __XM_OL_58CB5 __XM_OL_6554A __XM_OL_812FF __XM_OL_C65FA __XM_OL_CF0C0 __XM_OL_F475E __XM_OL_F6D01
  malformed debug message: [13271] dbg: rules: FH_MSGID_01C67 merged duplicates: __MSGID_VGA
  malformed debug message: [13271] dbg: rules: FS_NEW_SOFT_UPLOAD merged duplicates: HS_SUBJ_NEW_SOFTWARE
  malformed debug message: [13271] dbg: rules: __FH_HAS_XMSMAIL merged duplicates: __HAS_MSMAIL_PRI
  malformed debug message: [13271] dbg: rules: __MO_OL_91287 merged duplicates: __MO_OL_B30D1 __MO_OL_CF0C0
  malformed debug message: [13271] dbg: rules: KAM_STOCKOTC merged duplicates: KAM_STOCKTIP15 KAM_STOCKTIP20 KAM_STOCKTIP21 KAM_STOCKTIP4 KAM_STOCKTIP6
  malformed debug message: [13271] dbg: rules: __XM_OL_015D5 merged duplicates: __XM_OL_4BF4C __XM_OL_4EEDB __XM_OL_5B79A __XM_OL_9B90B __XM_OL_ADFF7 __XM_OL_B30D1 __XM_OL_B4B40 __XM_OL_BC7E6 __XM_OL_F3B05 __XM_OL_FF5C8
  malformed debug message: [13271] dbg: rules: __MO_OL_015D5 merged duplicates: __MO_OL_6554A
  malformed debug message: [13271] dbg: rules: __MO_OL_22B61 merged duplicates: __MO_OL_4F240 __MO_OL_ADFF7
  malformed debug message: [13271] dbg: rules: __MO_OL_812FF merged duplicates: __MO_OL_BC7E6
  malformed debug message: [13271] dbg: rules: EXCUSE_4 merged duplicates: TEST_EXCUSE_4
  malformed debug message: [13271] dbg: rules: __MO_OL_25340 merged duplicates: __MO_OL_4EEDB __MO_OL_7533E
  malformed debug message: [13271] dbg: rules: __MO_OL_58CB5 merged duplicates: __MO_OL_B4B40
  malformed debug message: [13271] dbg: rules: __DOS_HAS_ANY_URI merged duplicates: __HAS_ANY_URI
  malformed debug message: [13271] dbg: rules: TEST_ENDSNUMS merged duplicates: __FROM_ENDS_IN_NUMS
  malformed debug message: [13271] dbg: rules: NORMAL_HTTP_TO_IP merged duplicates: TEST_NORMAL_HTTP_TO_IP
  malformed debug message: [13271] dbg: rules: __THEBAT_MUA merged duplicates: __XM_THEBAT
  malformed debug message: [13271] dbg: rules: __MO_OL_72641 merged duplicates: __MO_OL_A842E
  malformed debug message: [13271] dbg: rules: __MO_OL_4BF4C merged duplicates: __MO_OL_F6D01
  malformed debug message: [13271] dbg: rules: __MO_OL_F475E merged duplicates: __MO_OL_FF5C8
  malformed debug message: [13271] dbg: conf: finish parsing
  malformed debug message: [13271] dbg: plugin: Mail::SpamAssassin::Plugin::ReplaceTags=HASH(0x8ad8ae0) implements 'finish_parsing_end', priority 0
  malformed debug message: [13271] dbg: replacetags: replacing tags
  malformed debug message: [13271] dbg: replacetags: done replacing tags
  malformed debug message: [13271] dbg: plugin: Mail::SpamAssassin::Plugin::Bayes=HASH(0x8e6b560) implements 'learner_new', priority 0
  malformed debug message: [13271] dbg: plugin: Mail::SpamAssassin::Plugin::Bayes=HASH(0x8e6b560) implements 'learner_is_scan_available', priority 0
  malformed debug message: [13271] dbg: bayes: DB_File module not installed, cannot use bayes
  malformed debug message: [13271] dbg: config: score set 1 chosen.
  malformed debug message: [13271] dbg: message: main message type: text/plain
  malformed debug message: [13271] dbg: plugin: Mail::SpamAssassin::Plugin::DNSEval=HASH(0x9116944) implements 'check_start', priority 0
  malformed debug message: [13271] dbg: bayes: DB_File module not installed, cannot use bayes
  malformed debug message: [13271] dbg: plugin: Mail::SpamAssassin::Plugin::Check=HASH(0x8e5f950) implements 'check_main', priority 0
  malformed debug message: [13271] dbg: conf: trusted_networks are not configured; it is recommended that you configure trusted_networks manually
  malformed debug message: [13271] dbg: received-header: parsed as [ ip=127.0.0.1 rdns= helo=internal.example.com by=localhost ident= envfrom= intl=0 id= auth= msa=0 ]
  malformed debug message: [13271] dbg: received-header: 'from' 127.0.0.1 has private IP
  malformed debug message: [13271] dbg: received-header: relay 127.0.0.1 trusted? yes internal? yes msa? no
  malformed debug message: [13271] dbg: received-header: parsed as [ ip=150.51.53.1 rdns= helo=dmz.example.com by=internal.example.com ident= envfrom= intl=0 id= auth= msa=0 ]
  malformed debug message: [13271] dbg: received-header: do not trust any hosts from here on
  malformed debug message: [13271] dbg: received-header: relay 150.51.53.1 trusted? no internal? no msa? no
  malformed debug message: [13271] dbg: received-header: parsed as [ ip=212.17.35.14 rdns= helo=friend.example.com by=dmz.example.com ident= envfrom= intl=0 id= auth= msa=0 ]
  malformed debug message: [13271] dbg: received-header: relay 212.17.35.14 trusted? no internal? no msa? no
  malformed debug message: [13271] dbg: received-header: parsed as [ ip=193.120.149.226 rdns= helo=notrust.example.com by=friend.example.com ident= envfrom= intl=0 id= auth= msa=0 ]
  malformed debug message: [13271] dbg: received-header: relay 193.120.149.226 trusted? no internal? no msa? no
  malformed debug message: [13271] dbg: received-header: parsed as [ ip=61.119.13.18 rdns= helo=loser.example.org by=notrust.example.com ident= envfrom= intl=0 id= auth= msa=0 ]
  malformed debug message: [13271] dbg: received-header: relay 61.119.13.18 trusted? no internal? no msa? no
  malformed debug message: [13271] dbg: received-header: parsed as [ ip=210.73.88.134 rdns= helo=chaos.example.net by=loser.example.org ident= envfrom= intl=0 id= auth= msa=0 ]
  malformed debug message: [13271] dbg: received-header: relay 210.73.88.134 trusted? no internal? no msa? no
  malformed debug message: [13271] dbg: received-header: parsed as [ ip=144.137.3.98 rdns= helo=evil.example.net by=chaos.example.net ident= envfrom= intl=0 id= auth= msa=0 ]
  malformed debug message: [13271] dbg: received-header: relay 144.137.3.98 trusted? no internal? no msa? no
  malformed debug message: [13271] dbg: metadata: X-Spam-Relays-Trusted: [ ip=127.0.0.1 rdns= helo=internal.example.com by=localhost ident= envfrom= intl=1 id= auth= msa=0 ]
  malformed debug message: [13271] dbg: metadata: X-Spam-Relays-Untrusted: [ ip=150.51.53.1 rdns= helo=dmz.example.com by=internal.example.com ident= envfrom= intl=0 id= auth= msa=0 ] [ ip=212.17.35.14 rdns= helo=friend.example.com by=dmz.example.com ident= envfrom= intl=0 id= auth= msa=0 ] [ ip=193.120.149.226 rdns= helo=notrust.example.com by=friend.example.com ident= envfrom= intl=0 id= auth= msa=0 ] [ ip=61.119.13.18 rdns= helo=loser.example.org by=notrust.example.com ident= envfrom= intl=0 id= auth= msa=0 ] [ ip=210.73.88.134 rdns= helo=chaos.example.net by=loser.example.org ident= envfrom= intl=0 id= auth= msa=0 ] [ ip=144.137.3.98 rdns= helo=evil.example.net by=chaos.example.net ident= envfrom= intl=0 id= auth= msa=0 ]
  malformed debug message: [13271] dbg: metadata: X-Spam-Relays-Internal: [ ip=127.0.0.1 rdns= helo=internal.example.com by=localhost ident= envfrom= intl=1 id= auth= msa=0 ]
  malformed debug message: [13271] dbg: metadata: X-Spam-Relays-External: [ ip=150.51.53.1 rdns= helo=dmz.example.com by=internal.example.com ident= envfrom= intl=0 id= auth= msa=0 ] [ ip=212.17.35.14 rdns= helo=friend.example.com by=dmz.example.com ident= envfrom= intl=0 id= auth= msa=0 ] [ ip=193.120.149.226 rdns= helo=notrust.example.com by=friend.example.com ident= envfrom= intl=0 id= auth= msa=0 ] [ ip=61.119.13.18 rdns= helo=loser.example.org by=notrust.example.com ident= envfrom= intl=0 id= auth= msa=0 ] [ ip=210.73.88.134 rdns= helo=chaos.example.net by=loser.example.org ident= envfrom= intl=0 id= auth= msa=0 ] [ ip=144.137.3.98 rdns= helo=evil.example.net by=chaos.example.net ident= envfrom= intl=0 id= auth= msa=0 ]
  malformed debug message: [13271] dbg: message: ---- MIME PARSER START ----
  malformed debug message: [13271] dbg: message: parsing normal part
  malformed debug message: [13271] dbg: message: ---- MIME PARSER END ----
  malformed debug message: [13271] dbg: message: no encoding detected
  malformed debug message: [13271] dbg: plugin: Mail::SpamAssassin::Plugin::URIDNSBL=HASH(0x8accb6c) implements 'parsed_metadata', priority 0
  malformed debug message: [13271] dbg: dns: is_dns_available() last checked 1206609549.0 seconds ago; re-checking
  malformed debug message: [13271] dbg: dns: no ipv6
  malformed debug message: [13271] dbg: dns: is Net::DNS::Resolver available? yes
  malformed debug message: [13271] dbg: dns: Net::DNS version: 0.49
  malformed debug message: [13271] dbg: dns: name server: 140.211.166.130, LocalAddr: 0.0.0.0
  malformed debug message: [13271] dbg: dns: resolver socket rx buffer size is 57344 bytes
  malformed debug message: [13271] dbg: dns: testing resolver nameservers: 140.211.166.130, 140.211.166.131
  malformed debug message: [13271] dbg: dns: trying (3) cingular.com...
  malformed debug message: [13271] dbg: dns: looking up NS for 'cingular.com'
  malformed debug message: [13271] dbg: dns: NS lookup of cingular.com using 140.211.166.130 succeeded => DNS available (set dns_available to override)
  malformed debug message: [13271] dbg: dns: name server: 140.211.166.131, LocalAddr: 0.0.0.0
  malformed debug message: [13271] dbg: dns: resolver socket rx buffer size is 57344 bytes
  malformed debug message: [13271] dbg: dns: trying (3) kernel.org...
  malformed debug message: [13271] dbg: dns: looking up NS for 'kernel.org'
  malformed debug message: [13271] dbg: dns: NS lookup of kernel.org using 140.211.166.131 succeeded => DNS available (set dns_available to override)
  malformed debug message: [13271] dbg: dns: name server: 140.211.166.131, LocalAddr: 0.0.0.0
  malformed debug message: [13271] dbg: dns: resolver socket rx buffer size is 57344 bytes
  malformed debug message: [13271] dbg: dns: NS list: 140.211.166.130, 140.211.166.131
  malformed debug message: [13271] dbg: dns: name server: 140.211.166.130, LocalAddr: 0.0.0.0
  malformed debug message: [13271] dbg: dns: resolver socket rx buffer size is 57344 bytes
  malformed debug message: [13271] dbg: dns: is DNS available? 1
  malformed debug message: [13271] dbg: uridnsbl: domains to query: uribl-example-b.com uribl-example-a.com uribl-example-c.com
  malformed debug message: [13271] dbg: async: starting: URI-DNSBL, DNSBL:multi.uribl.com.:uribl-example-b.com (timeout 15.0s, min 3.0s)
  malformed debug message: [13271] dbg: dns: URIBL_RED lookup start
  malformed debug message: [13271] dbg: dns: URIBL_GREY lookup start
  malformed debug message: [13271] dbg: async: starting: URI-DNSBL, DNSBL:bl.open-whois.org.:uribl-example-b.com (timeout 15.0s, min 3.0s)
  malformed debug message: [13271] dbg: dns: WHOIS_SECUREWHOIS lookup start
  malformed debug message: [13271] dbg: dns: WHOIS_MONIKER_ROLE lookup start
  malformed debug message: [13271] dbg: dns: WHOIS_MYPRIVREG lookup start
  malformed debug message: [13271] dbg: dns: WHOIS_NETSOLPR lookup start
  malformed debug message: [13271] dbg: dns: WHOIS_AITPRIV lookup start
  malformed debug message: [13271] dbg: async: starting: URI-DNSBL, DNSBL:multi.surbl.org.:uribl-example-b.com (timeout 15.0s, min 3.0s)
  malformed debug message: [13271] dbg: dns: URIBL_SC_SURBL lookup start
  malformed debug message: [13271] dbg: dns: URIBL_AB_SURBL lookup start
  malformed debug message: [13271] dbg: dns: WHOIS_CONTACTPRIV lookup start
  malformed debug message: [13271] dbg: dns: WHOIS_NAMEKING lookup start
  malformed debug message: [13271] dbg: dns: WHOIS_PRIVPROT lookup start
  malformed debug message: [13271] dbg: dns: WHOIS_WHOISGUARD lookup start
  malformed debug message: [13271] dbg: dns: URIBL_PH_SURBL lookup start
  malformed debug message: [13271] dbg: dns: URIBL_BLACK lookup start
  malformed debug message: [13271] dbg: dns: WHOIS_PRIVACYPOST lookup start
  malformed debug message: [13271] dbg: async: starting: URI-DNSBL, DNSBL:dob.sibl.support-intelligence.net:uribl-example-b.com (timeout 15.0s, min 3.0s)
  malformed debug message: [13271] dbg: dns: URIBL_RHS_DOB lookup start
  malformed debug message: [13271] dbg: dns: URIBL_JP_SURBL lookup start
  malformed debug message: [13271] dbg: async: starting: URI-DNSBL, DNSBL:rhsbl.ahbl.org.:uribl-example-b.com (timeout 15.0s, min 3.0s)
  malformed debug message: [13271] dbg: dns: T_URIBL_RHS_AHBL lookup start
  malformed debug message: [13271] dbg: dns: URIBL_WS_SURBL lookup start
  malformed debug message: [13271] dbg: dns: URIBL_OB_SURBL lookup start
  malformed debug message: [13271] dbg: dns: WHOIS_DMNBYPROXY lookup start
  malformed debug message: [13271] dbg: dns: WHOIS_REGISTERFLY lookup start
  malformed debug message: [13271] dbg: dns: WHOIS_UNLISTED lookup start
  malformed debug message: [13271] dbg: dns: WHOIS_MONIKER_PRIV lookup start
  malformed debug message: [13271] dbg: async: starting: URI-NS, NS:uribl-example-b.com (timeout 15.0s, min 3.0s)
  malformed debug message: [13271] dbg: dns: URIBL_SBL lookup start
  malformed debug message: [13271] dbg: dns: URIBL_XBL lookup start
  malformed debug message: [13271] dbg: async: starting: URI-DNSBL, DNSBL:multi.uribl.com.:uribl-example-a.com (timeout 15.0s, min 3.0s)
  malformed debug message: [13271] dbg: dns: URIBL_RED lookup start
  malformed debug message: [13271] dbg: dns: URIBL_GREY lookup start
  malformed debug message: [13271] dbg: async: starting: URI-DNSBL, DNSBL:bl.open-whois.org.:uribl-example-a.com (timeout 15.0s, min 3.0s)
  malformed debug message: [13271] dbg: dns: WHOIS_SECUREWHOIS lookup start
  malformed debug message: [13271] dbg: dns: WHOIS_MONIKER_ROLE lookup start
  malformed debug message: [13271] dbg: dns: WHOIS_MYPRIVREG lookup start
  malformed debug message: [13271] dbg: dns: WHOIS_NETSOLPR lookup start
  malformed debug message: [13271] dbg: dns: WHOIS_AITPRIV lookup start
  malformed debug message: [13271] dbg: async: starting: URI-DNSBL, DNSBL:multi.surbl.org.:uribl-example-a.com (timeout 15.0s, min 3.0s)
  malformed debug message: [13271] dbg: dns: URIBL_SC_SURBL lookup start
  malformed debug message: [13271] dbg: dns: URIBL_AB_SURBL lookup start
  malformed debug message: [13271] dbg: dns: WHOIS_CONTACTPRIV lookup start
  malformed debug message: [13271] dbg: dns: WHOIS_NAMEKING lookup start
  malformed debug message: [13271] dbg: dns: WHOIS_PRIVPROT lookup start
  malformed debug message: [13271] dbg: dns: WHOIS_WHOISGUARD lookup start
  malformed debug message: [13271] dbg: dns: URIBL_PH_SURBL lookup start
  malformed debug message: [13271] dbg: dns: URIBL_BLACK lookup start
  malformed debug message: [13271] dbg: dns: WHOIS_PRIVACYPOST lookup start
  malformed debug message: [13271] dbg: async: starting: URI-DNSBL, DNSBL:dob.sibl.support-intelligence.net:uribl-example-a.com (timeout 15.0s, min 3.0s)
  malformed debug message: [13271] dbg: dns: URIBL_RHS_DOB lookup start
  malformed debug message: [13271] dbg: dns: URIBL_JP_SURBL lookup start
  malformed debug message: [13271] dbg: async: starting: URI-DNSBL, DNSBL:rhsbl.ahbl.org.:uribl-example-a.com (timeout 15.0s, min 3.0s)
  malformed debug message: [13271] dbg: dns: T_URIBL_RHS_AHBL lookup start
  malformed debug message: [13271] dbg: dns: URIBL_WS_SURBL lookup start
  malformed debug message: [13271] dbg: dns: URIBL_OB_SURBL lookup start
  malformed debug message: [13271] dbg: dns: WHOIS_DMNBYPROXY lookup start
  malformed debug message: [13271] dbg: dns: WHOIS_REGISTERFLY lookup start
  malformed debug message: [13271] dbg: dns: WHOIS_UNLISTED lookup start
  malformed debug message: [13271] dbg: dns: WHOIS_MONIKER_PRIV lookup start
  malformed debug message: [13271] dbg: async: starting: URI-NS, NS:uribl-example-a.com (timeout 15.0s, min 3.0s)
  malformed debug message: [13271] dbg: dns: URIBL_SBL lookup start
  malformed debug message: [13271] dbg: dns: URIBL_XBL lookup start
  malformed debug message: [13271] dbg: async: starting: URI-DNSBL, DNSBL:multi.uribl.com.:uribl-example-c.com (timeout 15.0s, min 3.0s)
  malformed debug message: [13271] dbg: dns: URIBL_RED lookup start
  malformed debug message: [13271] dbg: dns: URIBL_GREY lookup start
  malformed debug message: [13271] dbg: async: starting: URI-DNSBL, DNSBL:bl.open-whois.org.:uribl-example-c.com (timeout 15.0s, min 3.0s)
  malformed debug message: [13271] dbg: dns: WHOIS_SECUREWHOIS lookup start
  malformed debug message: [13271] dbg: dns: WHOIS_MONIKER_ROLE lookup start
  malformed debug message: [13271] dbg: dns: WHOIS_MYPRIVREG lookup start
  malformed debug message: [13271] dbg: dns: WHOIS_NETSOLPR lookup start
  malformed debug message: [13271] dbg: dns: WHOIS_AITPRIV lookup start
  malformed debug message: [13271] dbg: async: starting: URI-DNSBL, DNSBL:multi.surbl.org.:uribl-example-c.com (timeout 15.0s, min 3.0s)
  malformed debug message: [13271] dbg: dns: URIBL_SC_SURBL lookup start
  malformed debug message: [13271] dbg: dns: URIBL_AB_SURBL lookup start
  malformed debug message: [13271] dbg: dns: WHOIS_CONTACTPRIV lookup start
  malformed debug message: [13271] dbg: dns: WHOIS_NAMEKING lookup start
  malformed debug message: [13271] dbg: dns: WHOIS_PRIVPROT lookup start
  malformed debug message: [13271] dbg: dns: WHOIS_WHOISGUARD lookup start
  malformed debug message: [13271] dbg: dns: URIBL_PH_SURBL lookup start
  malformed debug message: [13271] dbg: dns: URIBL_BLACK lookup start
  malformed debug message: [13271] dbg: dns: WHOIS_PRIVACYPOST lookup start
  malformed debug message: [13271] dbg: async: starting: URI-DNSBL, DNSBL:dob.sibl.support-intelligence.net:uribl-example-c.com (timeout 15.0s, min 3.0s)
  malformed debug message: [13271] dbg: dns: URIBL_RHS_DOB lookup start
  malformed debug message: [13271] dbg: dns: URIBL_JP_SURBL lookup start
  malformed debug message: [13271] dbg: async: starting: URI-DNSBL, DNSBL:rhsbl.ahbl.org.:uribl-example-c.com (timeout 15.0s, min 3.0s)
  malformed debug message: [13271] dbg: dns: T_URIBL_RHS_AHBL lookup start
  malformed debug message: [13271] dbg: dns: URIBL_WS_SURBL lookup start
  malformed debug message: [13271] dbg: dns: URIBL_OB_SURBL lookup start
  malformed debug message: [13271] dbg: dns: WHOIS_DMNBYPROXY lookup start
  malformed debug message: [13271] dbg: dns: WHOIS_REGISTERFLY lookup start
  malformed debug message: [13271] dbg: dns: WHOIS_UNLISTED lookup start
  malformed debug message: [13271] dbg: dns: WHOIS_MONIKER_PRIV lookup start
  malformed debug message: [13271] dbg: async: starting: URI-NS, NS:uribl-example-c.com (timeout 15.0s, min 3.0s)
  malformed debug message: [13271] dbg: dns: URIBL_SBL lookup start
  malformed debug message: [13271] dbg: dns: URIBL_XBL lookup start
  malformed debug message: [13271] dbg: dns: checking RBL sa-other.bondedsender.org., set bsp-untrusted
  malformed debug message: [13271] dbg: dns: IPs found: full-external: 150.51.53.1, 212.17.35.14, 193.120.149.226, 61.119.13.18, 210.73.88.134, 144.137.3.98 untrusted: 150.51.53.1, 212.17.35.14, 193.120.149.226, 61.119.13.18, 210.73.88.134, 144.137.3.98 originating:
  malformed debug message: [13271] dbg: dns: only inspecting the following IPs: 212.17.35.14, 193.120.149.226, 61.119.13.18, 210.73.88.134, 144.137.3.98
  malformed debug message: [13271] dbg: dns: launching DNS TXT query for 14.35.17.212.sa-other.bondedsender.org. in background
  malformed debug message: [13271] dbg: async: starting: DNSBL-TXT, dns:TXT:14.35.17.212.sa-other.bondedsender.org. (timeout 15.0s, min 3.0s)
  malformed debug message: [13271] dbg: dns: launching DNS TXT query for 226.149.120.193.sa-other.bondedsender.org. in background
  malformed debug message: [13271] dbg: async: starting: DNSBL-TXT, dns:TXT:226.149.120.193.sa-other.bondedsender.org. (timeout 15.0s, min 3.0s)
  malformed debug message: [13271] dbg: dns: launching DNS TXT query for 18.13.119.61.sa-other.bondedsender.org. in background
  malformed debug message: [13271] dbg: async: starting: DNSBL-TXT, dns:TXT:18.13.119.61.sa-other.bondedsender.org. (timeout 15.0s, min 3.0s)
  malformed debug message: [13271] dbg: dns: launching DNS TXT query for 134.88.73.210.sa-other.bondedsender.org. in background
  malformed debug message: [13271] dbg: async: starting: DNSBL-TXT, dns:TXT:134.88.73.210.sa-other.bondedsender.org. (timeout 15.0s, min 3.0s)
  malformed debug message: [13271] dbg: dns: launching DNS TXT query for 98.3.137.144.sa-other.bondedsender.org. in background
  malformed debug message: [13271] dbg: async: starting: DNSBL-TXT, dns:TXT:98.3.137.144.sa-other.bondedsender.org. (timeout 15.0s, min 3.0s)
  malformed debug message: [13271] dbg: dns: checking RBL plus.bondedsender.org., set ssc-firsttrusted
  malformed debug message: [13271] dbg: dns: IPs found: full-external: 150.51.53.1, 212.17.35.14, 193.120.149.226, 61.119.13.18, 210.73.88.134, 144.137.3.98 untrusted: 150.51.53.1, 212.17.35.14, 193.120.149.226, 61.119.13.18, 210.73.88.134, 144.137.3.98 originating:
  malformed debug message: [13271] dbg: dns: only inspecting the following IPs: 150.51.53.1
  malformed debug message: [13271] dbg: dns: launching DNS A query for 1.53.51.150.plus.bondedsender.org. in background
  malformed debug message: [13271] dbg: async: starting: DNSBL-A, dns:A:1.53.51.150.plus.bondedsender.org. (timeout 15.0s, min 3.0s)
  malformed debug message: [13271] dbg: dns: checking RBL combined.njabl.org., set njabl
  malformed debug message: [13271] dbg: dns: IPs found: full-external: 150.51.53.1, 212.17.35.14, 193.120.149.226, 61.119.13.18, 210.73.88.134, 144.137.3.98 untrusted: 150.51.53.1, 212.17.35.14, 193.120.149.226, 61.119.13.18, 210.73.88.134, 144.137.3.98 originating:
  malformed debug message: [13271] dbg: dns: only inspecting the following IPs: 144.137.3.98, 210.73.88.134, 61.119.13.18, 193.120.149.226, 212.17.35.14, 150.51.53.1
  malformed debug message: [13271] dbg: dns: launching DNS A query for 98.3.137.144.combined.njabl.org. in background
  malformed debug message: [13271] dbg: async: starting: DNSBL-A, dns:A:98.3.137.144.combined.njabl.org. (timeout 15.0s, min 3.0s)
  malformed debug message: [13271] dbg: dns: launching DNS A query for 134.88.73.210.combined.njabl.org. in background
  malformed debug message: [13271] dbg: async: starting: DNSBL-A, dns:A:134.88.73.210.combined.njabl.org. (timeout 15.0s, min 3.0s)
  malformed debug message: [13271] dbg: dns: launching DNS A query for 18.13.119.61.combined.njabl.org. in background
  malformed debug message: [13271] dbg: async: starting: DNSBL-A, dns:A:18.13.119.61.combined.njabl.org. (timeout 15.0s, min 3.0s)
  malformed debug message: [13271] dbg: dns: launching DNS A query for 226.149.120.193.combined.njabl.org. in background
  malformed debug message: [13271] dbg: async: starting: DNSBL-A, dns:A:226.149.120.193.combined.njabl.org. (timeout 15.0s, min 3.0s)
  malformed debug message: [13271] dbg: dns: launching DNS A query for 14.35.17.212.combined.njabl.org. in background
  malformed debug message: [13271] dbg: async: starting: DNSBL-A, dns:A:14.35.17.212.combined.njabl.org. (timeout 15.0s, min 3.0s)
  malformed debug message: [13271] dbg: dns: launching DNS A query for 1.53.51.150.combined.njabl.org. in background
  malformed debug message: [13271] dbg: async: starting: DNSBL-A, dns:A:1.53.51.150.combined.njabl.org. (timeout 15.0s, min 3.0s)
  malformed debug message: [13271] dbg: dns: checking RBL bl.spamcop.net., set spamcop
  malformed debug message: [13271] dbg: dns: IPs found: full-external: 150.51.53.1, 212.17.35.14, 193.120.149.226, 61.119.13.18, 210.73.88.134, 144.137.3.98 untrusted: 150.51.53.1, 212.17.35.14, 193.120.149.226, 61.119.13.18, 210.73.88.134, 144.137.3.98 originating:
  malformed debug message: [13271] dbg: dns: only inspecting the following IPs: 144.137.3.98, 210.73.88.134, 61.119.13.18, 193.120.149.226, 212.17.35.14, 150.51.53.1
  malformed debug message: [13271] dbg: dns: launching DNS TXT query for 98.3.137.144.bl.spamcop.net. in background
  malformed debug message: [13271] dbg: async: starting: DNSBL-TXT, dns:TXT:98.3.137.144.bl.spamcop.net. (timeout 15.0s, min 3.0s)
  malformed debug message: [13271] dbg: dns: launching DNS TXT query for 134.88.73.210.bl.spamcop.net. in background
  malformed debug message: [13271] dbg: async: starting: DNSBL-TXT, dns:TXT:134.88.73.210.bl.spamcop.net. (timeout 15.0s, min 3.0s)
  malformed debug message: [13271] dbg: dns: launching DNS TXT query for 18.13.119.61.bl.spamcop.net. in background
  malformed debug message: [13271] dbg: async: starting: DNSBL-TXT, dns:TXT:18.13.119.61.bl.spamcop.net. (timeout 15.0s, min 3.0s)
  malformed debug message: [13271] dbg: dns: launching DNS TXT query for 226.149.120.193.bl.spamcop.net. in background
  malformed debug message: [13271] dbg: async: starting: DNSBL-TXT, dns:TXT:226.149.120.193.bl.spamcop.net. (timeout 15.0s, min 3.0s)
  malformed debug message: [13271] dbg: dns: launching DNS TXT query for 14.35.17.212.bl.spamcop.net. in background
  malformed debug message: [13271] dbg: async: starting: DNSBL-TXT, dns:TXT:14.35.17.212.bl.spamcop.net. (timeout 15.0s, min 3.0s)
  malformed debug message: [13271] dbg: dns: launching DNS TXT query for 1.53.51.150.bl.spamcop.net. in background
  malformed debug message: [13271] dbg: async: starting: DNSBL-TXT, dns:TXT:1.53.51.150.bl.spamcop.net. (timeout 15.0s, min 3.0s)
  malformed debug message: [13271] dbg: dns: checking RBL zen.spamhaus.org., set zen-lastexternal
  malformed debug message: [13271] dbg: dns: IPs found: full-external: 150.51.53.1, 212.17.35.14, 193.120.149.226, 61.119.13.18, 210.73.88.134, 144.137.3.98 untrusted: 150.51.53.1, 212.17.35.14, 193.120.149.226, 61.119.13.18, 210.73.88.134, 144.137.3.98 originating:
  malformed debug message: [13271] dbg: dns: only inspecting the following IPs: 150.51.53.1
  malformed debug message: [13271] dbg: dns: launching DNS A query for 1.53.51.150.zen.spamhaus.org. in background
  malformed debug message: [13271] dbg: async: starting: DNSBL-A, dns:A:1.53.51.150.zen.spamhaus.org. (timeout 15.0s, min 3.0s)
  malformed debug message: [13271] dbg: dns: checking RBL dnsbl.sorbs.net., set sorbs-lastexternal
  malformed debug message: [13271] dbg: dns: IPs found: full-external: 150.51.53.1, 212.17.35.14, 193.120.149.226, 61.119.13.18, 210.73.88.134, 144.137.3.98 untrusted: 150.51.53.1, 212.17.35.14, 193.120.149.226, 61.119.13.18, 210.73.88.134, 144.137.3.98 originating:
  malformed debug message: [13271] dbg: dns: only inspecting the following IPs: 150.51.53.1
  malformed debug message: [13271] dbg: dns: launching DNS A query for 1.53.51.150.dnsbl.sorbs.net. in background
  malformed debug message: [13271] dbg: async: starting: DNSBL-A, dns:A:1.53.51.150.dnsbl.sorbs.net. (timeout 15.0s, min 3.0s)
  malformed debug message: [13271] dbg: dns: checking RBL dnsbl.sorbs.net., set sorbs
  malformed debug message: [13271] dbg: dns: IPs found: full-external: 150.51.53.1, 212.17.35.14, 193.120.149.226, 61.119.13.18, 210.73.88.134, 144.137.3.98 untrusted: 150.51.53.1, 212.17.35.14, 193.120.149.226, 61.119.13.18, 210.73.88.134, 144.137.3.98 originating:
  malformed debug message: [13271] dbg: dns: only inspecting the following IPs: 144.137.3.98, 210.73.88.134, 61.119.13.18, 193.120.149.226, 212.17.35.14, 150.51.53.1
  malformed debug message: [13271] dbg: dns: launching DNS A query for 98.3.137.144.dnsbl.sorbs.net. in background
  malformed debug message: [13271] dbg: async: starting: DNSBL-A, dns:A:98.3.137.144.dnsbl.sorbs.net. (timeout 15.0s, min 3.0s)
  malformed debug message: [13271] dbg: dns: launching DNS A query for 134.88.73.210.dnsbl.sorbs.net. in background
  malformed debug message: [13271] dbg: async: starting: DNSBL-A, dns:A:134.88.73.210.dnsbl.sorbs.net. (timeout 15.0s, min 3.0s)
  malformed debug message: [13271] dbg: dns: launching DNS A query for 18.13.119.61.dnsbl.sorbs.net. in background
  malformed debug message: [13271] dbg: async: starting: DNSBL-A, dns:A:18.13.119.61.dnsbl.sorbs.net. (timeout 15.0s, min 3.0s)
  malformed debug message: [13271] dbg: dns: launching DNS A query for 226.149.120.193.dnsbl.sorbs.net. in background
  malformed debug message: [13271] dbg: async: starting: DNSBL-A, dns:A:226.149.120.193.dnsbl.sorbs.net. (timeout 15.0s, min 3.0s)
  malformed debug message: [13271] dbg: dns: launching DNS A query for 14.35.17.212.dnsbl.sorbs.net. in background
  malformed debug message: [13271] dbg: async: starting: DNSBL-A, dns:A:14.35.17.212.dnsbl.sorbs.net. (timeout 15.0s, min 3.0s)
  malformed debug message: [13271] dbg: dns: checking RBL zen.spamhaus.org., set zen-lastexternal
  malformed debug message: [13271] dbg: dns: IPs found: full-external: 150.51.53.1, 212.17.35.14, 193.120.149.226, 61.119.13.18, 210.73.88.134, 144.137.3.98 untrusted: 150.51.53.1, 212.17.35.14, 193.120.149.226, 61.119.13.18, 210.73.88.134, 144.137.3.98 originating:
  malformed debug message: [13271] dbg: dns: only inspecting the following IPs: 150.51.53.1
  malformed debug message: [13271] dbg: dns: checking RBL list.dnswl.org., set dnswl-firsttrusted
  malformed debug message: [13271] dbg: dns: IPs found: full-external: 150.51.53.1, 212.17.35.14, 193.120.149.226, 61.119.13.18, 210.73.88.134, 144.137.3.98 untrusted: 150.51.53.1, 212.17.35.14, 193.120.149.226, 61.119.13.18, 210.73.88.134, 144.137.3.98 originating:
  malformed debug message: [13271] dbg: dns: only inspecting the following IPs: 150.51.53.1
  malformed debug message: [13271] dbg: dns: launching DNS A query for 1.53.51.150.list.dnswl.org. in background
  malformed debug message: [13271] dbg: async: starting: DNSBL-A, dns:A:1.53.51.150.list.dnswl.org. (timeout 15.0s, min 3.0s)
  malformed debug message: [13271] dbg: dns: checking RBL sa-accredit.habeas.com., set habeas-firsttrusted
  malformed debug message: [13271] dbg: dns: IPs found: full-external: 150.51.53.1, 212.17.35.14, 193.120.149.226, 61.119.13.18, 210.73.88.134, 144.137.3.98 untrusted: 150.51.53.1, 212.17.35.14, 193.120.149.226, 61.119.13.18, 210.73.88.134, 144.137.3.98 originating:
  malformed debug message: [13271] dbg: dns: only inspecting the following IPs: 150.51.53.1
  malformed debug message: [13271] dbg: dns: launching DNS A query for 1.53.51.150.sa-accredit.habeas.com. in background
  malformed debug message: [13271] dbg: async: starting: DNSBL-A, dns:A:1.53.51.150.sa-accredit.habeas.com. (timeout 15.0s, min 3.0s)
  malformed debug message: [13271] dbg: dns: checking RBL list.dsbl.org., set dsbl-lastexternal
  malformed debug message: [13271] dbg: dns: IPs found: full-external: 150.51.53.1, 212.17.35.14, 193.120.149.226, 61.119.13.18, 210.73.88.134, 144.137.3.98 untrusted: 150.51.53.1, 212.17.35.14, 193.120.149.226, 61.119.13.18, 210.73.88.134, 144.137.3.98 originating:
  malformed debug message: [13271] dbg: dns: only inspecting the following IPs: 150.51.53.1
  malformed debug message: [13271] dbg: dns: launching DNS TXT query for 1.53.51.150.list.dsbl.org. in background
  malformed debug message: [13271] dbg: async: starting: DNSBL-TXT, dns:TXT:1.53.51.150.list.dsbl.org. (timeout 15.0s, min 3.0s)
  malformed debug message: [13271] dbg: dns: checking RBL sa-trusted.bondedsender.org., set bsp-firsttrusted
  malformed debug message: [13271] dbg: dns: IPs found: full-external: 150.51.53.1, 212.17.35.14, 193.120.149.226, 61.119.13.18, 210.73.88.134, 144.137.3.98 untrusted: 150.51.53.1, 212.17.35.14, 193.120.149.226, 61.119.13.18, 210.73.88.134, 144.137.3.98 originating:
  malformed debug message: [13271] dbg: dns: only inspecting the following IPs: 150.51.53.1
  malformed debug message: [13271] dbg: dns: launching DNS TXT query for 1.53.51.150.sa-trusted.bondedsender.org. in background
  malformed debug message: [13271] dbg: async: starting: DNSBL-TXT, dns:TXT:1.53.51.150.sa-trusted.bondedsender.org. (timeout 15.0s, min 3.0s)
  malformed debug message: [13271] dbg: dns: checking RBL zen.spamhaus.org., set zen
  malformed debug message: [13271] dbg: dns: IPs found: full-external: 150.51.53.1, 212.17.35.14, 193.120.149.226, 61.119.13.18, 210.73.88.134, 144.137.3.98 untrusted: 150.51.53.1, 212.17.35.14, 193.120.149.226, 61.119.13.18, 210.73.88.134, 144.137.3.98 originating:
  malformed debug message: [13271] dbg: dns: only inspecting the following IPs: 144.137.3.98, 210.73.88.134, 61.119.13.18, 193.120.149.226, 212.17.35.14, 150.51.53.1
  malformed debug message: [13271] dbg: dns: launching DNS A query for 98.3.137.144.zen.spamhaus.org. in background
  malformed debug message: [13271] dbg: async: starting: DNSBL-A, dns:A:98.3.137.144.zen.spamhaus.org. (timeout 15.0s, min 3.0s)
  malformed debug message: [13271] dbg: dns: launching DNS A query for 134.88.73.210.zen.spamhaus.org. in background
  malformed debug message: [13271] dbg: async: starting: DNSBL-A, dns:A:134.88.73.210.zen.spamhaus.org. (timeout 15.0s, min 3.0s)
  malformed debug message: [13271] dbg: dns: launching DNS A query for 18.13.119.61.zen.spamhaus.org. in background
  malformed debug message: [13271] dbg: async: starting: DNSBL-A, dns:A:18.13.119.61.zen.spamhaus.org. (timeout 15.0s, min 3.0s)
  malformed debug message: [13271] dbg: dns: launching DNS A query for 226.149.120.193.zen.spamhaus.org. in background
  malformed debug message: [13271] dbg: async: starting: DNSBL-A, dns:A:226.149.120.193.zen.spamhaus.org. (timeout 15.0s, min 3.0s)
  malformed debug message: [13271] dbg: dns: launching DNS A query for 14.35.17.212.zen.spamhaus.org. in background
  malformed debug message: [13271] dbg: async: starting: DNSBL-A, dns:A:14.35.17.212.zen.spamhaus.org. (timeout 15.0s, min 3.0s)
  malformed debug message: [13271] dbg: dns: checking RBL iadb.isipp.com., set iadb-firsttrusted
  malformed debug message: [13271] dbg: dns: IPs found: full-external: 150.51.53.1, 212.17.35.14, 193.120.149.226, 61.119.13.18, 210.73.88.134, 144.137.3.98 untrusted: 150.51.53.1, 212.17.35.14, 193.120.149.226, 61.119.13.18, 210.73.88.134, 144.137.3.98 originating:
  malformed debug message: [13271] dbg: dns: only inspecting the following IPs: 150.51.53.1
  malformed debug message: [13271] dbg: dns: launching DNS A query for 1.53.51.150.iadb.isipp.com. in background
  malformed debug message: [13271] dbg: async: starting: DNSBL-A, dns:A:1.53.51.150.iadb.isipp.com. (timeout 15.0s, min 3.0s)
  malformed debug message: [13271] dbg: check: running tests for priority: -1000
  malformed debug message: [13271] dbg: async: select found no responses ready (t.o.=0.0)
  malformed debug message: [13271] dbg: async: queries completed: 0, started: 0
  malformed debug message: [13271] dbg: async: queries active: DNSBL-A=22 DNSBL-TXT=13 URI-DNSBL=15 URI-NS=3 at Thu Mar 27 09:19:09 2008
  malformed debug message: [13271] dbg: rules: running head tests; score so far=0
  malformed debug message: [13271] dbg: rules: compiled head tests
  malformed debug message: [13271] dbg: rules: running head_eval tests; score so far=0
  malformed debug message: [13271] dbg: eval: all '*From' addrs: spammer@example.com
  malformed debug message: [13271] dbg: eval: all '*To' addrs: someone@example.com
  malformed debug message: [13271] dbg: rules: running body tests; score so far=0
  malformed debug message: [13271] dbg: rules: compiled body tests
  malformed debug message: [13271] dbg: rules: running uri tests; score so far=0
  malformed debug message: [13271] dbg: rules: compiled uri tests
  malformed debug message: [13271] dbg: rules: running body_eval tests; score so far=0
  malformed debug message: [13271] dbg: rules: running rawbody tests; score so far=0
  malformed debug message: [13271] dbg: rules: compiled rawbody tests
  malformed debug message: [13271] dbg: rules: running full tests; score so far=0
  malformed debug message: [13271] dbg: rules: compiled full tests
  malformed debug message: [13271] dbg: rules: running meta tests; score so far=0
  malformed debug message: [13271] dbg: rules: compiled meta tests
  malformed debug message: [13271] dbg: check: running tests for priority: -950
  malformed debug message: [13271] dbg: rules: running head tests; score so far=0
  malformed debug message: [13271] dbg: rules: compiled head tests
  malformed debug message: [13271] dbg: rules: running head_eval tests; score so far=0
  malformed debug message: [13271] dbg: rules: running body tests; score so far=0
  malformed debug message: [13271] dbg: rules: compiled body tests
  malformed debug message: [13271] dbg: rules: running uri tests; score so far=0
  malformed debug message: [13271] dbg: rules: compiled uri tests
  malformed debug message: [13271] dbg: rules: running body_eval tests; score so far=0
  malformed debug message: [13271] dbg: rules: running rawbody tests; score so far=0
  malformed debug message: [13271] dbg: rules: compiled rawbody tests
  malformed debug message: [13271] dbg: rules: running full tests; score so far=0
  malformed debug message: [13271] dbg: rules: compiled full tests
  malformed debug message: [13271] dbg: rules: running meta tests; score so far=0
  malformed debug message: [13271] dbg: rules: compiled meta tests
  malformed debug message: [13271] dbg: check: running tests for priority: -900
  malformed debug message: [13271] dbg: rules: running head tests; score so far=0
  malformed debug message: [13271] dbg: rules: compiled head tests
  malformed debug message: [13271] dbg: rules: running head_eval tests; score so far=0
  malformed debug message: [13271] dbg: rules: running body tests; score so far=0
  malformed debug message: [13271] dbg: rules: compiled body tests
  malformed debug message: [13271] dbg: rules: running uri tests; score so far=0
  malformed debug message: [13271] dbg: rules: compiled uri tests
  malformed debug message: [13271] dbg: rules: running body_eval tests; score so far=0
  malformed debug message: [13271] dbg: rules: running rawbody tests; score so far=0
  malformed debug message: [13271] dbg: rules: compiled rawbody tests
  malformed debug message: [13271] dbg: rules: running full tests; score so far=0
  malformed debug message: [13271] dbg: rules: compiled full tests
  malformed debug message: [13271] dbg: rules: running meta tests; score so far=0
  malformed debug message: [13271] dbg: rules: compiled meta tests
  malformed debug message: [13271] dbg: check: running tests for priority: -400
  malformed debug message: [13271] dbg: rules: running head tests; score so far=0
  malformed debug message: [13271] dbg: rules: compiled head tests
  malformed debug message: [13271] dbg: rules: running body tests; score so far=0
  malformed debug message: [13271] dbg: rules: compiled body tests
  malformed debug message: [13271] dbg: rules: running uri tests; score so far=0
  malformed debug message: [13271] dbg: rules: compiled uri tests
  malformed debug message: [13271] dbg: rules: running body_eval tests; score so far=0
  malformed debug message: [13271] dbg: rules: running rawbody tests; score so far=0
  malformed debug message: [13271] dbg: rules: compiled rawbody tests
  malformed debug message: [13271] dbg: rules: running full tests; score so far=0
  malformed debug message: [13271] dbg: rules: compiled full tests
  malformed debug message: [13271] dbg: rules: running meta tests; score so far=0
  malformed debug message: [13271] dbg: rules: compiled meta tests
  malformed debug message: [13271] dbg: check: running tests for priority: 0
  malformed debug message: [13271] dbg: rules: running head tests; score so far=0
  malformed debug message: [13271] dbg: rules: compiled head tests
  malformed debug message: [13271] dbg: rules: ran header rule __MISSING_THREAD ======> got hit: "UNSET"
  malformed debug message: [13271] dbg: rules: ran header rule __RDNS_NONE ======> got hit: "[ ip=150.51.53.1 rdns= "
  malformed debug message: [13271] dbg: rules: ran header rule __LAST_UNTRUSTED_RELAY_NO_AUTH ======> got hit: "[ ip=150.51.53.1 rdns= helo=dmz.example.com by=internal.example.com ident= envfrom= intl=0 id= auth= "
  malformed debug message: [13271] dbg: rules: ran header rule TEST_INVALID_DATE ======> got hit: "negative match"
  malformed debug message: [13271] dbg: rules: ran header rule __MISSING_REF ======> got hit: "UNSET"
  malformed debug message: [13271] dbg: rules: ran header rule __MISSING_REPLY ======> got hit: "UNSET"
  malformed debug message: [13271] dbg: rules: ran header rule __NAKED_TO ======> got hit: "someone@example.com"
  malformed debug message: [13271] dbg: rules: ran header rule __TOCC_EXISTS ======> got hit: "s"
  malformed debug message: [13271] dbg: rules: ran header rule __MSOE_MID_WRONG_CASE ======> got hit: "
  malformed debug message: [13271] dbg: rules: Message-Id: "
  malformed debug message: [13271] dbg: rules: ran header rule __DOS_RELAYED_EXT ======> got hit: "Received: from dmz.example.com [150.51.53.1] by internal.example.com
  malformed debug message: [13271] dbg: rules: for someone@example.com; Fri, 07 Dec 2001 11:07:35 +1100 (EST)
  malformed debug message: [13271] dbg: rules: Received: from friend.example.com [212.17.35.14] by dmz.example.com
  malformed debug message: [13271] dbg: rules: for someone@example.com; Fri, 07 Dec 2001 11:07:35 +1100 (EST)
  malformed debug message: [13271] dbg: rules: Received: from notrust.example.com [193.120.149.226] by friend.example.com
  malformed debug message: [13271] dbg: rules: for someone@example.com; Fri, 07 Dec 2001 11:07:30 +1100 (EST)
  malformed debug message: [13271] dbg: rules: Received: from loser.example.org [61.119.13.18] by notrust.example.com
  malformed debug message: [13271] dbg: rules: for someone@example.com; Fri, 07 Dec 2001 11:07:25 +1100 (EST)
  malformed debug message: [13271] dbg: rules: Received: from chaos.example.net [210.73.88.134] by loser.example.org
  malformed debug message: [13271] dbg: rules: for someone@example.com; Fri, 07 Dec 2001 11:07:20 +1100 (EST)
  malformed debug message: [13271] dbg: rules: Received: "
  malformed debug message: [13271] dbg: rules: ran header rule __HAS_RCVD ======> got hit: "f"
  malformed debug message: [13271] dbg: rules: ran header rule __DOS_RCVD_FRI ======> got hit: " Fri, "
  malformed debug message: [13271] dbg: rules: ran header rule __MSGID_OK_HOST ======> got hit: "@mail.netnoteinc.com>"
  malformed debug message: [13271] dbg: rules: ran header rule __MSGID_OK_DIGITS ======> got hit: "2001120623"
  malformed debug message: [13271] dbg: rules: ran header rule __HAS_MSGID ======> got hit: "<"
  malformed debug message: [13271] dbg: rules: ran header rule __SANE_MSGID ======> got hit: "<20011206235802.4FD6F1143D6@mail.netnoteinc.com>
  malformed debug message: [13271] dbg: rules: "
  malformed debug message: [13271] dbg: rules: ran header rule __HAS_SUBJECT ======> got hit: "n"
  malformed debug message: [13271] dbg: rules: running head_eval tests; score so far=5
  malformed debug message: [13271] dbg: spf: checking to see if the message has a Received-SPF header that we can use
  malformed debug message: [13271] dbg: spf: cannot load Mail::SPF module or create Mail::SPF::Server object: Can't locate Mail/SPF.pm in @INC (@INC contains: ../blib/lib @@INSTALLSITELIB@@ /local/perl586/lib/5.8.6/i86pc-solaris /local/perl586/lib/5.8.6 /local/perl586/lib/site_perl/5.8.6/i86pc-solaris /local/perl586/lib/site_perl/5.8.6 /local/perl586/lib/site_perl) at ../blib/lib/Mail/SpamAssassin/Plugin/SPF.pm line 395.
  malformed debug message: [13271] dbg: spf: attempting to use legacy Mail::SPF::Query module instead
  malformed debug message: [13271] dbg: spf: using Mail::SPF::Query for SPF checks
  malformed debug message: [13271] dbg: spf: checking HELO (helo=dmz.example.com, ip=150.51.53.1)
  malformed debug message: [13271] dbg: spf: query for /150.51.53.1/dmz.example.com: result: unknown, comment: Please see http://spf.pobox.com/why.html?sender=dmz.example.com&ip=150.51.53.1&receiver=hudson.zones.apache.org: domain of sender dmz.example.com does not exist, text:
  malformed debug message: [13271] dbg: spf: already checked for Received-SPF headers, proceeding with DNS based checks
  malformed debug message: [13271] dbg: spf: relayed through one or more trusted relays, cannot use header-based Envelope-From, skipping
  malformed debug message: [13271] dbg: rules: ran eval rule DATE_IN_FUTURE_06_12 ======> got hit (1)
  malformed debug message: [13271] dbg: spf: def_spf_whitelist_from: already checked spf and didn't get pass, skipping whitelist check
  malformed debug message: [13271] dbg: spf: whitelist_from_spf: already checked spf and didn't get pass, skipping whitelist check
  malformed debug message: [13271] dbg: dns: hit <dns:98.3.137.144.zen.spamhaus.org> 127.0.0.11
  malformed debug message: [13271] dbg: dns: hit <dns:98.3.137.144.dnsbl.sorbs.net> 127.0.0.10
  malformed debug message: [13271] dbg: async: select found 52 responses ready (t.o.=0.0)
  malformed debug message: [13271] dbg: async: completed in 1.330 s: DNSBL-TXT, dns:TXT:134.88.73.210.bl.spamcop.net.
  malformed debug message: [13271] dbg: async: completed in 1.339 s: URI-DNSBL, DNSBL:multi.uribl.com.:uribl-example-b.com
  malformed debug message: [13271] dbg: async: completed in 1.338 s: URI-DNSBL, DNSBL:multi.surbl.org.:uribl-example-b.com
  malformed debug message: [13271] dbg: async: completed in 1.327 s: DNSBL-A, dns:A:134.88.73.210.dnsbl.sorbs.net.
  malformed debug message: [13271] dbg: async: completed in 1.333 s: DNSBL-TXT, dns:TXT:226.149.120.193.sa-other.bondedsender.org.
  malformed debug message: [13271] dbg: async: completed in 1.328 s: DNSBL-A, dns:A:1.53.51.150.zen.spamhaus.org.
  malformed debug message: [13271] dbg: async: completed in 1.325 s: DNSBL-TXT, dns:TXT:1.53.51.150.bl.spamcop.net.
  malformed debug message: [13271] dbg: async: completed in 1.329 s: DNSBL-A, dns:A:14.35.17.212.combined.njabl.org.
  malformed debug message: [13271] dbg: async: completed in 1.339 s: URI-NS, NS:uribl-example-a.com
  malformed debug message: [13271] dbg: async: completed in 1.334 s: DNSBL-TXT, dns:TXT:14.35.17.212.sa-other.bondedsender.org.
  malformed debug message: [13271] dbg: async: completed in 1.348 s: URI-DNSBL, DNSBL:dob.sibl.support-intelligence.net:uribl-example-c.com
  malformed debug message: [13271] dbg: async: completed in 1.319 s: DNSBL-A, dns:A:1.53.51.150.list.dnswl.org.
  malformed debug message: [13271] dbg: async: completed in 1.331 s: DNSBL-TXT, dns:TXT:98.3.137.144.sa-other.bondedsender.org.
  malformed debug message: [13271] dbg: async: completed in 1.322 s: DNSBL-A, dns:A:14.35.17.212.zen.spamhaus.org.
  malformed debug message: [13271] dbg: async: completed in 1.326 s: DNSBL-TXT, dns:TXT:98.3.137.144.bl.spamcop.net.
  malformed debug message: [13271] dbg: async: completed in 1.325 s: DNSBL-TXT, dns:TXT:14.35.17.212.bl.spamcop.net.
  malformed debug message: [13271] dbg: async: completed in 1.324 s: DNSBL-A, dns:A:98.3.137.144.zen.spamhaus.org.
  malformed debug message: [13271] dbg: async: completed in 1.320 s: DNSBL-A, dns:A:14.35.17.212.dnsbl.sorbs.net.
  malformed debug message: [13271] dbg: async: completed in 1.327 s: DNSBL-TXT, dns:TXT:226.149.120.193.bl.spamcop.net.
  malformed debug message: [13271] dbg: async: completed in 1.328 s: DNSBL-A, dns:A:1.53.51.150.combined.njabl.org.
  malformed debug message: [13271] dbg: async: completed in 1.334 s: DNSBL-TXT, dns:TXT:18.13.119.61.sa-other.bondedsender.org.
  malformed debug message: [13271] dbg: async: completed in 1.337 s: URI-DNSBL, DNSBL:multi.uribl.com.:uribl-example-a.com
  malformed debug message: [13271] dbg: async: completed in 1.331 s: URI-NS, NS:uribl-example-c.com
  malformed debug message: [13271] dbg: async: completed in 1.343 s: URI-DNSBL, DNSBL:rhsbl.ahbl.org.:uribl-example-b.com
  malformed debug message: [13271] dbg: async: completed in 1.329 s: DNSBL-TXT, dns:TXT:18.13.119.61.bl.spamcop.net.
  malformed debug message: [13271] dbg: async: completed in 1.331 s: DNSBL-A, dns:A:226.149.120.193.zen.spamhaus.org.
  malformed debug message: [13271] dbg: async: completed in 1.326 s: DNSBL-A, dns:A:18.13.119.61.dnsbl.sorbs.net.
  malformed debug message: [13271] dbg: async: completed in 1.353 s: URI-DNSBL, DNSBL:dob.sibl.support-intelligence.net:uribl-example-b.com
  malformed debug message: [13271] dbg: async: completed in 1.347 s: URI-DNSBL, DNSBL:rhsbl.ahbl.org.:uribl-example-c.com
  malformed debug message: [13271] dbg: async: completed in 1.329 s: DNSBL-A, dns:A:226.149.120.193.combined.njabl.org.
  malformed debug message: [13271] dbg: async: completed in 1.337 s: URI-DNSBL, DNSBL:multi.uribl.com.:uribl-example-c.com
  malformed debug message: [13271] dbg: async: completed in 1.332 s: URI-DNSBL, DNSBL:multi.surbl.org.:uribl-example-c.com
  malformed debug message: [13271] dbg: async: completed in 1.321 s: DNSBL-TXT, dns:TXT:1.53.51.150.sa-trusted.bondedsender.org.
  malformed debug message: [13271] dbg: async: completed in 1.321 s: DNSBL-A, dns:A:1.53.51.150.iadb.isipp.com.
  malformed debug message: [13271] dbg: async: completed in 1.337 s: DNSBL-A, dns:A:1.53.51.150.dnsbl.sorbs.net.
  malformed debug message: [13271] dbg: async: completed in 1.351 s: URI-DNSBL, DNSBL:bl.open-whois.org.:uribl-example-a.com
  malformed debug message: [13271] dbg: async: completed in 1.329 s: DNSBL-A, dns:A:18.13.119.61.combined.njabl.org.
  malformed debug message: [13271] dbg: async: completed in 1.342 s: URI-DNSBL, DNSBL:multi.surbl.org.:uribl-example-a.com
  malformed debug message: [13271] dbg: async: completed in 1.333 s: DNSBL-TXT, dns:TXT:134.88.73.210.sa-other.bondedsender.org.
  malformed debug message: [13271] dbg: async: completed in 1.332 s: DNSBL-A, dns:A:1.53.51.150.plus.bondedsender.org.
  malformed debug message: [13271] dbg: async: completed in 1.322 s: DNSBL-A, dns:A:1.53.51.150.sa-accredit.habeas.com.
  malformed debug message: [13271] dbg: async: completed in 1.324 s: DNSBL-TXT, dns:TXT:1.53.51.150.list.dsbl.org.
  malformed debug message: [13271] dbg: async: completed in 1.350 s: URI-DNSBL, DNSBL:bl.open-whois.org.:uribl-example-c.com
  malformed debug message: [13271] dbg: async: completed in 1.333 s: DNSBL-A, dns:A:134.88.73.210.combined.njabl.org.
  malformed debug message: [13271] dbg: async: completed in 1.354 s: URI-DNSBL, DNSBL:bl.open-whois.org.:uribl-example-b.com
  malformed debug message: [13271] dbg: async: completed in 1.350 s: URI-DNSBL, DNSBL:dob.sibl.support-intelligence.net:uribl-example-a.com
  malformed debug message: [13271] dbg: async: completed in 1.326 s: DNSBL-A, dns:A:226.149.120.193.dnsbl.sorbs.net.
  malformed debug message: [13271] dbg: async: completed in 1.331 s: DNSBL-A, dns:A:134.88.73.210.zen.spamhaus.org.
  malformed debug message: [13271] dbg: async: completed in 1.338 s: DNSBL-A, dns:A:98.3.137.144.dnsbl.sorbs.net.
  malformed debug message: [13271] dbg: async: completed in 1.338 s: URI-NS, NS:uribl-example-b.com
  malformed debug message: [13271] dbg: async: completed in 1.330 s: DNSBL-A, dns:A:18.13.119.61.zen.spamhaus.org.
  malformed debug message: [13271] dbg: async: completed in 1.330 s: DNSBL-A, dns:A:98.3.137.144.combined.njabl.org.
  malformed debug message: [13271] dbg: async: queries completed: 52, started: 0
  malformed debug message: [13271] dbg: async: queries active: URI-DNSBL=1 at Thu Mar 27 09:19:11 2008
  malformed debug message: [13271] dbg: dns: harvested completed queries
  malformed debug message: [13271] dbg: rules: running body tests; score so far=8.099
  malformed debug message: [13271] dbg: rules: compiled body tests
  malformed debug message: [13271] dbg: rules: ran body rule __DOS_LINK ======> got hit: "link"
  malformed debug message: [13271] dbg: rules: ran body rule __NONEMPTY_BODY ======> got hit: "n"
  malformed debug message: [13271] dbg: rules: running uri tests; score so far=8.099
  malformed debug message: [13271] dbg: rules: compiled uri tests
  malformed debug message: [13271] dbg: rules: ran uri rule __DOS_HAS_ANY_URI ======> got hit: "h"
  malformed debug message: [13271] dbg: rules: ran uri rule __LOCAL_PP_NONPPURL ======> got hit: "http://uribl-example-b.com"
  malformed debug message: [13271] dbg: rules: running body_eval tests; score so far=8.099
  malformed debug message: [13271] dbg: eval: stock info total: 0
  malformed debug message: [13271] dbg: rules: running rawbody tests; score so far=8.099
  malformed debug message: [13271] dbg: rules: compiled rawbody tests
  malformed debug message: [13271] dbg: rules: ran rawbody rule __TVD_BODY ======> got hit: "hell"
  malformed debug message: [13271] dbg: rules: running rawbody_eval tests; score so far=8.099
  malformed debug message: [13271] dbg: rules: running full tests; score so far=8.099
  malformed debug message: [13271] dbg: rules: compiled full tests
  malformed debug message: [13271] dbg: rules: running full_eval tests; score so far=8.099
  malformed debug message: [13271] dbg: util: current PATH is: /export/home/jm/tools/perl586/bin:/usr/ccs/bin:/sbin:/usr/sbin:/etc:/export/home/jm/bin:/sbin:/usr/sbin:/etc:/export/home/jm/bin:/sbin:/usr/sbin:/etc:/usr/bin:/opt/sfw/bin
  malformed debug message: [13271] dbg: pyzor: pyzor is not available: no pyzor executable found
  malformed debug message: [13271] dbg: pyzor: no pyzor found, disabling Pyzor
  malformed debug message: [13271] dbg: rules: running meta tests; score so far=8.099
  malformed debug message: [13271] dbg: rules: compiled meta tests
  malformed debug message: [13271] dbg: check: running tests for priority: 500
  malformed debug message: [13271] dbg: dns: harvest_dnsbl_queries
  malformed debug message: [13271] dbg: async: select found 1 responses ready (t.o.=0.0)
  malformed debug message: [13271] dbg: async: completed in 1.696 s: URI-DNSBL, DNSBL:rhsbl.ahbl.org.:uribl-example-a.com
  malformed debug message: [13271] dbg: async: timing: 1.319 . dns:A:1.53.51.150.list.dnswl.org.
  malformed debug message: [13271] dbg: async: timing: 1.320 . dns:A:14.35.17.212.dnsbl.sorbs.net.
  malformed debug message: [13271] dbg: async: timing: 1.321 . dns:A:1.53.51.150.iadb.isipp.com.
  malformed debug message: [13271] dbg: async: timing: 1.321 . dns:TXT:1.53.51.150.sa-trusted.bondedsender.org.
  malformed debug message: [13271] dbg: async: timing: 1.322 . dns:A:1.53.51.150.sa-accredit.habeas.com.
  malformed debug message: [13271] dbg: async: timing: 1.322 . dns:A:14.35.17.212.zen.spamhaus.org.
  malformed debug message: [13271] dbg: async: timing: 1.324 . dns:A:98.3.137.144.zen.spamhaus.org.
  malformed debug message: [13271] dbg: async: timing: 1.324 . dns:TXT:1.53.51.150.list.dsbl.org.
  malformed debug message: [13271] dbg: async: timing: 1.325 . dns:TXT:1.53.51.150.bl.spamcop.net.
  malformed debug message: [13271] dbg: async: timing: 1.325 . dns:TXT:14.35.17.212.bl.spamcop.net.
  malformed debug message: [13271] dbg: async: timing: 1.326 . dns:TXT:98.3.137.144.bl.spamcop.net.
  malformed debug message: [13271] dbg: async: timing: 1.326 . dns:A:18.13.119.61.dnsbl.sorbs.net.
  malformed debug message: [13271] dbg: async: timing: 1.326 . dns:A:226.149.120.193.dnsbl.sorbs.net.
  malformed debug message: [13271] dbg: async: timing: 1.327 . dns:A:134.88.73.210.dnsbl.sorbs.net.
  malformed debug message: [13271] dbg: async: timing: 1.327 . dns:TXT:226.149.120.193.bl.spamcop.net.
  malformed debug message: [13271] dbg: async: timing: 1.328 . dns:A:1.53.51.150.zen.spamhaus.org.
  malformed debug message: [13271] dbg: async: timing: 1.328 . dns:A:1.53.51.150.combined.njabl.org.
  malformed debug message: [13271] dbg: async: timing: 1.329 . dns:A:14.35.17.212.combined.njabl.org.
  malformed debug message: [13271] dbg: async: timing: 1.329 . dns:A:18.13.119.61.combined.njabl.org.
  malformed debug message: [13271] dbg: async: timing: 1.329 . dns:TXT:18.13.119.61.bl.spamcop.net.
  malformed debug message: [13271] dbg: async: timing: 1.329 . dns:A:226.149.120.193.combined.njabl.org.
  malformed debug message: [13271] dbg: async: timing: 1.330 . dns:A:98.3.137.144.combined.njabl.org.
  malformed debug message: [13271] dbg: async: timing: 1.330 . dns:TXT:134.88.73.210.bl.spamcop.net.
  malformed debug message: [13271] dbg: async: timing: 1.330 . dns:A:18.13.119.61.zen.spamhaus.org.
  malformed debug message: [13271] dbg: async: timing: 1.331 . dns:TXT:98.3.137.144.sa-other.bondedsender.org.
  malformed debug message: [13271] dbg: async: timing: 1.331 . dns:A:226.149.120.193.zen.spamhaus.org.
  malformed debug message: [13271] dbg: async: timing: 1.331 . dns:A:134.88.73.210.zen.spamhaus.org.
  malformed debug message: [13271] dbg: async: timing: 1.331 . NS:uribl-example-c.com
  malformed debug message: [13271] dbg: async: timing: 1.332 . dns:A:1.53.51.150.plus.bondedsender.org.
  malformed debug message: [13271] dbg: async: timing: 1.332 . DNSBL:multi.surbl.org.:uribl-example-c.com
  malformed debug message: [13271] dbg: async: timing: 1.333 . dns:A:134.88.73.210.combined.njabl.org.
  malformed debug message: [13271] dbg: async: timing: 1.333 . dns:TXT:134.88.73.210.sa-other.bondedsender.org.
  malformed debug message: [13271] dbg: async: timing: 1.333 . dns:TXT:226.149.120.193.sa-other.bondedsender.org.
  malformed debug message: [13271] dbg: async: timing: 1.334 . dns:TXT:14.35.17.212.sa-other.bondedsender.org.
  malformed debug message: [13271] dbg: async: timing: 1.334 . dns:TXT:18.13.119.61.sa-other.bondedsender.org.
  malformed debug message: [13271] dbg: async: timing: 1.337 . dns:A:1.53.51.150.dnsbl.sorbs.net.
  malformed debug message: [13271] dbg: async: timing: 1.337 . DNSBL:multi.uribl.com.:uribl-example-c.com
  malformed debug message: [13271] dbg: async: timing: 1.337 . DNSBL:multi.uribl.com.:uribl-example-a.com
  malformed debug message: [13271] dbg: async: timing: 1.338 . NS:uribl-example-b.com
  malformed debug message: [13271] dbg: async: timing: 1.338 . dns:A:98.3.137.144.dnsbl.sorbs.net.
  malformed debug message: [13271] dbg: async: timing: 1.338 . DNSBL:multi.surbl.org.:uribl-example-b.com
  malformed debug message: [13271] dbg: async: timing: 1.339 . NS:uribl-example-a.com
  malformed debug message: [13271] dbg: async: timing: 1.339 . DNSBL:multi.uribl.com.:uribl-example-b.com
  malformed debug message: [13271] dbg: async: timing: 1.342 . DNSBL:multi.surbl.org.:uribl-example-a.com
  malformed debug message: [13271] dbg: async: timing: 1.343 . DNSBL:rhsbl.ahbl.org.:uribl-example-b.com
  malformed debug message: [13271] dbg: async: timing: 1.347 . DNSBL:rhsbl.ahbl.org.:uribl-example-c.com
  malformed debug message: [13271] dbg: async: timing: 1.348 . DNSBL:dob.sibl.support-intelligence.net:uribl-example-c.com
  malformed debug message: [13271] dbg: async: timing: 1.350 . DNSBL:bl.open-whois.org.:uribl-example-c.com
  malformed debug message: [13271] dbg: async: timing: 1.350 . DNSBL:dob.sibl.support-intelligence.net:uribl-example-a.com
  malformed debug message: [13271] dbg: async: timing: 1.351 . DNSBL:bl.open-whois.org.:uribl-example-a.com
  malformed debug message: [13271] dbg: async: timing: 1.353 . DNSBL:dob.sibl.support-intelligence.net:uribl-example-b.com
  malformed debug message: [13271] dbg: async: timing: 1.354 . DNSBL:bl.open-whois.org.:uribl-example-b.com
  malformed debug message: [13271] dbg: async: timing: 1.696 . DNSBL:rhsbl.ahbl.org.:uribl-example-a.com
  malformed debug message: [13271] dbg: rules: running head tests; score so far=8.099
  malformed debug message: [13271] dbg: rules: compiled head tests
  malformed debug message: [13271] dbg: rules: running body tests; score so far=8.099
  malformed debug message: [13271] dbg: rules: compiled body tests
  malformed debug message: [13271] dbg: rules: running uri tests; score so far=8.099
  malformed debug message: [13271] dbg: rules: compiled uri tests
  malformed debug message: [13271] dbg: rules: running rawbody tests; score so far=8.099
  malformed debug message: [13271] dbg: rules: compiled rawbody tests
  malformed debug message: [13271] dbg: rules: running full tests; score so far=8.099
  malformed debug message: [13271] dbg: rules: compiled full tests
  malformed debug message: [13271] dbg: rules: running meta tests; score so far=8.099
  malformed debug message: [13271] dbg: rules: meta test DIGEST_MULTIPLE has undefined dependency 'DCC_CHECK'
  malformed debug message: [13271] dbg: rules: meta test T_FAKE_REPLY_SURE_B has undefined dependency 'FAKE_REPLY_A'
  malformed debug message: [13271] dbg: rules: meta test T_FAKE_REPLY_SURE_B has undefined dependency 'FAKE_REPLY_A2'
  malformed debug message: [13271] dbg: rules: meta test T_FAKE_REPLY_SURE_A has undefined dependency 'FAKE_REPLY_A'
  malformed debug message: [13271] dbg: rules: meta test T_FAKE_REPLY_SURE_A has undefined dependency 'FAKE_REPLY_A2'
  malformed debug message: [13271] info: rules: meta test T_TVD_PH_BODY_META_ALL has dependency 'TVD_PH_BODY_ACCOUNTS_PRE' with a zero score
  malformed debug message: [13271] dbg: rules: compiled meta tests
  malformed debug message: [13271] dbg: check: running tests for priority: 1000
  malformed debug message: [13271] dbg: rules: running head tests; score so far=8.199
  malformed debug message: [13271] dbg: rules: compiled head tests
  malformed debug message: [13271] dbg: rules: running head_eval tests; score so far=8.199
  malformed debug message: [13271] dbg: locker: safe_lock: created ./log/user_state/auto-whitelist.lock.hudson.zones.apache.org.13271
  malformed debug message: [13271] dbg: locker: safe_lock: trying to get lock on ./log/user_state/auto-whitelist with 0 retries
  malformed debug message: [13271] dbg: locker: safe_lock: link to ./log/user_state/auto-whitelist.lock: link ok
  malformed debug message: [13271] dbg: auto-whitelist: tie-ing to DB file of type SDBM_File R/W in ./log/user_state/auto-whitelist
  malformed debug message: [13271] dbg: auto-whitelist: db-based spammer@example.com|ip=144.137 scores 0/0
  malformed debug message: [13271] dbg: auto-whitelist: db-based spammer@example.com|ip=none scores 0/0
  malformed debug message: [13271] dbg: auto-whitelist: AWL active, pre-score: 8.199, autolearn score: 8.199, mean: undef, IP: 144.137.3.98
  malformed debug message: [13271] dbg: auto-whitelist: add_score: new count: 1, new totscore: 8.199
  malformed debug message: [13271] dbg: auto-whitelist: DB addr list: untie-ing and unlocking
  malformed debug message: [13271] dbg: auto-whitelist: DB addr list: file locked, breaking lock
  malformed debug message: [13271] dbg: locker: safe_unlock: unlink ./log/user_state/auto-whitelist.lock
  malformed debug message: [13271] dbg: auto-whitelist: post auto-whitelist score: 8.199
  malformed debug message: [13271] dbg: rules: running body tests; score so far=8.199
  malformed debug message: [13271] dbg: rules: compiled body tests
  malformed debug message: [13271] dbg: rules: running uri tests; score so far=8.199
  malformed debug message: [13271] dbg: rules: compiled uri tests
  malformed debug message: [13271] dbg: rules: running rawbody tests; score so far=8.199
  malformed debug message: [13271] dbg: rules: compiled rawbody tests
  malformed debug message: [13271] dbg: rules: running full tests; score so far=8.199
  malformed debug message: [13271] dbg: rules: compiled full tests
  malformed debug message: [13271] dbg: rules: running meta tests; score so far=8.199
  malformed debug message: [13271] dbg: rules: compiled meta tests
  malformed debug message: [13271] dbg: plugin: Mail::SpamAssassin::Plugin::AutoLearnThreshold=HASH(0x8ad62d8) implements 'autolearn_discriminator', priority 0
  malformed debug message: [13271] dbg: learn: auto-learn: currently using scoreset 1
  malformed debug message: [13271] dbg: learn: auto-learn: message score: 8.199, computed score for autolearn: 8.199
  malformed debug message: [13271] dbg: learn: auto-learn? ham=0.1, spam=12, body-points=8.199, head-points=8.199, learned-points=0
  malformed debug message: [13271] dbg: learn: auto-learn? no: inside auto-learn thresholds, not considered ham or spam
  malformed debug message: [13271] dbg: check: is spam? score=8.199 required=5
  malformed debug message: [13271] dbg: check: tests=DATE_IN_FUTURE_06_12,RDNS_NONE,TEST_INVALID_DATE
  malformed debug message: [13271] dbg: check: subtests=__DOS_HAS_ANY_URI,__DOS_LINK,__DOS_RCVD_FRI,__DOS_RELAYED_EXT,__HAS_ANY_URI,__HAS_MSGID,__HAS_RCVD,__HAS_SUBJECT,__LAST_UNTRUSTED_RELAY_NO_AUTH,__LOCAL_PP_NONPPURL,__MISSING_REF,__MISSING_REPLY,__MISSING_THREAD,__MSGID_OK_DIGITS,__MSGID_OK_HOST,__MSOE_MID_WRONG_CASE,__NAKED_TO,__NONEMPTY_BODY,__RCVD_IN_SORBS,__RCVD_IN_ZEN,__RDNS_NONE,__SANE_MSGID,__TOCC_EXISTS,__TVD_BODY
  malformed debug message: [13271] dbg: timing: total 2887 ms - init: 895 (31.0%), parse: 1.16 (0.0%), extract_message_metadata: 235 (8.1%), poll_dns_idle: 192 (6.6%), get_uri_detail_list: 0.89 (0.0%), tests_pri_-1000: 5 (0.2%), tests_pri_-950: 1.65 (0.1%), tests_pri_-900: 2 (0.1%), tests_pri_-400: 1.31 (0.0%), tests_pri_0: 1665 (57.7%), check_spf: 1198 (41.5%), check_pyzor: 0.56 (0.0%), tests_pri_500: 55 (1.9%), tests_pri_1000: 7 (0.3%), check_awl: 5 (0.2%)
  malformed debug message: [13271] dbg: plugin: Mail::SpamAssassin::Plugin::MIMEHeader=HASH(0x8ad7964) implements 'finish_tests', priority 0
  malformed debug message: [13271] dbg: plugin: Mail::SpamAssassin::Plugin::Check=HASH(0x8e5f950) implements 'finish_tests', priority 0
  ok 2
  ok 3
  ]]>
  </system-out><system-err />
  </testsuite>
  <testsuite failures="0"
             errors="0"
             tests="10"
             time="0"
             name="make_test.t_desc_wrap_t"
             id="17">

    <testcase time="0"
              name="test      1"
              classname="make_test.t_desc_wrap_t" />
    <testcase time="0"
              name="test      2"
              classname="make_test.t_desc_wrap_t" />
    <testcase time="0"
              name="test      3"
              classname="make_test.t_desc_wrap_t" />
    <testcase time="0"
              name="test      4"
              classname="make_test.t_desc_wrap_t" />
    <testcase time="0"
              name="test      5"
              classname="make_test.t_desc_wrap_t" />
    <testcase time="0"
              name="test      6"
              classname="make_test.t_desc_wrap_t" />
    <testcase time="0"
              name="test      7"
              classname="make_test.t_desc_wrap_t" />
    <testcase time="0"
              name="test      8"
              classname="make_test.t_desc_wrap_t" />
    <testcase time="0"
              name="test      9"
              classname="make_test.t_desc_wrap_t" />

    <testcase time="0"
              name="test     10"
              classname="make_test.t_desc_wrap_t" /><system-out>
  <![CDATA[1..10
  # Running under perl version 5.008006 for solaris
  # Current time local: Thu Mar 27 09:19:11 2008
  # Current time GMT:   Thu Mar 27 09:19:11 2008
  # Using Test.pm version 1.25
  	/export/home/jm/tools/perl586/bin/perl -T -w ../spamassassin.raw -C log/test_rules_copy  --siteconfigpath log/localrules.tmp -p log/tst.cf  -L -t < data/spam/001
  ok 1
  	Checking report
  ok 2
  	Checking rulehit
  ok 3
  ok 4
  ok 5
  	/export/home/jm/tools/perl586/bin/perl -T -w ../spamassassin.raw -C log/test_rules_copy  --siteconfigpath log/localrules.tmp -p log/tst.cf  -L -t < data/spam/001
  ok 6
  	Checking report
  ok 7
  	Checking rulehit
  ok 8
  ok 9
  ok 10
  ]]>
  </system-out><system-err />
  </testsuite>
  <testsuite failures="0"
             errors="0"
             tests="16"
             time="0"
             name="make_test.t_duplicates_t"
             id="18">
    <testcase time="0"
              name="test      1"
              classname="make_test.t_duplicates_t" />
    <testcase time="0"
              name="test      2"
              classname="make_test.t_duplicates_t" />
    <testcase time="0"
              name="test      3"
              classname="make_test.t_duplicates_t" />
    <testcase time="0"
              name="test      4"
              classname="make_test.t_duplicates_t" />

    <testcase time="0"
              name="test      5"
              classname="make_test.t_duplicates_t" />
    <testcase time="0"
              name="test      6"
              classname="make_test.t_duplicates_t" />
    <testcase time="0"
              name="test      7"
              classname="make_test.t_duplicates_t" />
    <testcase time="0"
              name="test      8"
              classname="make_test.t_duplicates_t" />
    <testcase time="0"
              name="test      9"
              classname="make_test.t_duplicates_t" />
    <testcase time="0"
              name="test     10"
              classname="make_test.t_duplicates_t" />
    <testcase time="0"
              name="test     11"
              classname="make_test.t_duplicates_t" />
    <testcase time="0"
              name="test     12"
              classname="make_test.t_duplicates_t" />
    <testcase time="0"
              name="test     13"
              classname="make_test.t_duplicates_t" />

    <testcase time="0"
              name="test     14"
              classname="make_test.t_duplicates_t" />
    <testcase time="0"
              name="test     15"
              classname="make_test.t_duplicates_t" />
    <testcase time="0"
              name="test     16"
              classname="make_test.t_duplicates_t" /><system-out>
  <![CDATA[1..0
  # Running under perl version 5.008006 for solaris
  # Current time local: Thu Mar 27 09:19:15 2008
  # Current time GMT:   Thu Mar 27 09:19:15 2008
  # Using Test.pm version 1.25
  skipped: (no reason given)
  t/dnsbl...........................
  1..0
  # Running under perl version 5.008006 for solaris
  # Current time local: Thu Mar 27 09:19:15 2008
  # Current time GMT:   Thu Mar 27 09:19:15 2008
  # Using Test.pm version 1.25
  skipped: (no reason given)
  t/dnsbl_sc_meta...................
  1..0
  # Running under perl version 5.008006 for solaris
  # Current time local: Thu Mar 27 09:19:15 2008
  # Current time GMT:   Thu Mar 27 09:19:15 2008
  # Using Test.pm version 1.25
  skipped: (no reason given)
  t/duplicates......................
  1..16
  # Running under perl version 5.008006 for solaris
  # Current time local: Thu Mar 27 09:19:15 2008
  # Current time GMT:   Thu Mar 27 09:19:15 2008
  # Using Test.pm version 1.25
  	/export/home/jm/tools/perl586/bin/perl -T -w ../spamassassin.raw -C log/test_rules_copy  --siteconfigpath log/localrules.tmp -p log/tst.cf  -L -t -D < data/spam/006
  	Checking  FOO1
  ok 1
  	Checking  FOO2
  ok 2
  	Checking  HDR1
  ok 3
  	Checking  HDR2
  ok 4
  	Checking  META1
  ok 5
  	Checking  META2
  ok 6
  	Checking  META3
  ok 7
  	Checking  ran body rule FOO1 ======> got hit
  ok 8
  	Checking  ran header rule HDR1 ======> got hit
  ok 9
  	Checking  rules: FOO1 merged duplicates: FOO2
  ok 10
  	Checking  rules: HDR1 merged duplicates: HDR2
  ok 11
  	Checking for anti-pattern
  ok 12
  	Checking for anti-pattern
  ok 13
  	Checking for anti-pattern
  ok 14
  	Checking for anti-pattern
  ok 15
  ok 16
  ]]>
  </system-out><system-err />
  </testsuite>
  <testsuite failures="0"
             errors="0"
             tests="4"
             time="0"
             name="make_test.t_get_all_headers_t"
             id="19">
    <testcase time="0"
              name="test      1"
              classname="make_test.t_get_all_headers_t" />
    <testcase time="0"
              name="test      2"
              classname="make_test.t_get_all_headers_t" />

    <testcase time="0"
              name="test      3"
              classname="make_test.t_get_all_headers_t" />
    <testcase time="0"
              name="test      4"
              classname="make_test.t_get_all_headers_t" /><system-out>
  <![CDATA[1..4
  # Running under perl version 5.008006 for solaris
  # Current time local: Thu Mar 27 09:19:17 2008
  # Current time GMT:   Thu Mar 27 09:19:17 2008
  # Using Test.pm version 1.25
  	/export/home/jm/tools/perl586/bin/perl -T -w ../spamassassin.raw -C log/test_rules_copy  --siteconfigpath log/localrules.tmp -p log/test_default.cf  -L -t < data/spam/008
  ok 1
  	Checking no-extra-space
  ok 2
  	Checking full-headers
  ok 3
  	Checking for anti-pattern extra-space
  ok 4
  ]]>
  </system-out><system-err />
  </testsuite>
  <testsuite failures="0"
             errors="0"
             tests="13"
             time="0"
             name="make_test.t_get_headers_t"
             id="20">
    <testcase time="0"
              name="test      1"
              classname="make_test.t_get_headers_t" />
    <testcase time="0"
              name="test      2"
              classname="make_test.t_get_headers_t" />
    <testcase time="0"
              name="test      3"
              classname="make_test.t_get_headers_t" />

    <testcase time="0"
              name="test      4"
              classname="make_test.t_get_headers_t" />
    <testcase time="0"
              name="test      5"
              classname="make_test.t_get_headers_t" />
    <testcase time="0"
              name="test      6"
              classname="make_test.t_get_headers_t" />
    <testcase time="0"
              name="test      7"
              classname="make_test.t_get_headers_t" />
    <testcase time="0"
              name="test      8"
              classname="make_test.t_get_headers_t" />
    <testcase time="0"
              name="test      9"
              classname="make_test.t_get_headers_t" />
    <testcase time="0"
              name="test     10"
              classname="make_test.t_get_headers_t" />
    <testcase time="0"
              name="test     11"
              classname="make_test.t_get_headers_t" />
    <testcase time="0"
              name="test     12"
              classname="make_test.t_get_headers_t" />

    <testcase time="0"
              name="test     13"
              classname="make_test.t_get_headers_t" /><system-out>
  <![CDATA[1..13
  # Running under perl version 5.008006 for solaris
  # Current time local: Thu Mar 27 09:19:19 2008
  # Current time GMT:   Thu Mar 27 09:19:19 2008
  # Using Test.pm version 1.25
  ok 1
  ok 2
  ok 3
  ok 4
  ok 5
  ok 6
  ok 7
  ok 8
  ok 9
  ok 10
  ok 11
  ok 12
  ok 13
  ]]>
  </system-out><system-err />
  </testsuite>
  <testsuite failures="0"
             errors="0"
             tests="4"
             time="0"
             name="make_test.t_gtube_t"
             id="21">
    <testcase time="0"
              name="test      1"
              classname="make_test.t_gtube_t" />
    <testcase time="0"
              name="test      2"
              classname="make_test.t_gtube_t" />
    <testcase time="0"
              name="test      3"
              classname="make_test.t_gtube_t" />
    <testcase time="0"
              name="test      4"
              classname="make_test.t_gtube_t" /><system-out>

  <![CDATA[1..4
  # Running under perl version 5.008006 for solaris
  # Current time local: Thu Mar 27 09:19:20 2008
  # Current time GMT:   Thu Mar 27 09:19:20 2008
  # Using Test.pm version 1.25
  	/export/home/jm/tools/perl586/bin/perl -T -w ../spamassassin.raw -C log/test_rules_copy  --siteconfigpath log/localrules.tmp -p log/tst.cf  -L -t < data/spam/gtube.eml
  ok 1
  	Checking gtube
  ok 2
  	/export/home/jm/tools/perl586/bin/perl -T -w ../spamassassin.raw -C log/test_rules_copy  --siteconfigpath log/localrules.tmp -p log/tst.cf  -L -t < data/nice/not_gtube.eml
  ok 3
  	Checking not_marked_as_spam_from_awl_bonus
  ok 4
  ]]>
  </system-out><system-err />
  </testsuite>
  <testsuite failures="0"
             errors="0"
             tests="24"
             time="0"
             name="make_test.t_html_colors_t"
             id="22">
    <testcase time="0"
              name="test      1"
              classname="make_test.t_html_colors_t" />
    <testcase time="0"
              name="test      2"
              classname="make_test.t_html_colors_t" />
    <testcase time="0"
              name="test      3"
              classname="make_test.t_html_colors_t" />
    <testcase time="0"
              name="test      4"
              classname="make_test.t_html_colors_t" />
    <testcase time="0"
              name="test      5"
              classname="make_test.t_html_colors_t" />

    <testcase time="0"
              name="test      6"
              classname="make_test.t_html_colors_t" />
    <testcase time="0"
              name="test      7"
              classname="make_test.t_html_colors_t" />
    <testcase time="0"
              name="test      8"
              classname="make_test.t_html_colors_t" />
    <testcase time="0"
              name="test      9"
              classname="make_test.t_html_colors_t" />
    <testcase time="0"
              name="test     10"
              classname="make_test.t_html_colors_t" />
    <testcase time="0"
              name="test     11"
              classname="make_test.t_html_colors_t" />
    <testcase time="0"
              name="test     12"
              classname="make_test.t_html_colors_t" />
    <testcase time="0"
              name="test     13"
              classname="make_test.t_html_colors_t" />
    <testcase time="0"
              name="test     14"
              classname="make_test.t_html_colors_t" />

    <testcase time="0"
              name="test     15"
              classname="make_test.t_html_colors_t" />
    <testcase time="0"
              name="test     16"
              classname="make_test.t_html_colors_t" />
    <testcase time="0"
              name="test     17"
              classname="make_test.t_html_colors_t" />
    <testcase time="0"
              name="test     18"
              classname="make_test.t_html_colors_t" />
    <testcase time="0"
              name="test     19"
              classname="make_test.t_html_colors_t" />
    <testcase time="0"
              name="test     20"
              classname="make_test.t_html_colors_t" />
    <testcase time="0"
              name="test     21"
              classname="make_test.t_html_colors_t" />
    <testcase time="0"
              name="test     22"
              classname="make_test.t_html_colors_t" />
    <testcase time="0"
              name="test     23"
              classname="make_test.t_html_colors_t" />

    <testcase time="0"
              name="test     24"
              classname="make_test.t_html_colors_t" /><system-out>
  <![CDATA[1..0
  # Running under perl version 5.008006 for solaris
  # Current time local: Thu Mar 27 09:19:23 2008
  # Current time GMT:   Thu Mar 27 09:19:23 2008
  # Using Test.pm version 1.25
  skipped: (no reason given)
  t/html_colors.....................
  1..24
  # Running under perl version 5.008006 for solaris
  # Current time local: Thu Mar 27 09:19:23 2008
  # Current time GMT:   Thu Mar 27 09:19:23 2008
  # Using Test.pm version 1.25
  ok 1
  ok 2
  ok 3
  ok 4
  ok 5
  ok 6
  ok 7
  ok 8
  ok 9
  ok 10
  ok 11
  ok 12
  ok 13
  ok 14
  ok 15
  ok 16
  ok 17
  ok 18
  ok 19
  ok 20
  ok 21
  ok 22
  ok 23
  ok 24
  ]]>
  </system-out><system-err />
  </testsuite>
  <testsuite failures="0"
             errors="0"
             tests="6"
             time="0"
             name="make_test.t_html_obfu_t"
             id="23">
    <testcase time="0"
              name="test      1"
              classname="make_test.t_html_obfu_t" />
    <testcase time="0"
              name="test      2"
              classname="make_test.t_html_obfu_t" />
    <testcase time="0"
              name="test      3"
              classname="make_test.t_html_obfu_t" />
    <testcase time="0"
              name="test      4"
              classname="make_test.t_html_obfu_t" />

    <testcase time="0"
              name="test      5"
              classname="make_test.t_html_obfu_t" />
    <testcase time="0"
              name="test      6"
              classname="make_test.t_html_obfu_t" /><system-out>
  <![CDATA[1..6
  # Running under perl version 5.008006 for solaris
  # Current time local: Thu Mar 27 09:19:23 2008
  # Current time GMT:   Thu Mar 27 09:19:23 2008
  # Using Test.pm version 1.25
  	/export/home/jm/tools/perl586/bin/perl -T -w ../spamassassin.raw -C log/test_rules_copy  --siteconfigpath log/localrules.tmp -p log/test_default.cf  -L -t < data/spam/011
  	Checking GUARANTEE
  ok 1
  	Checking MILLION_EMAIL
  ok 2
  	Checking NATURAL
  ok 3
  	Checking OUR_AFFILIATE_PARTNERS
  ok 4
  	Checking VIAGRA
  ok 5
  	Checking for anti-pattern OPPORTUNITY
  ok 6
  ]]>
  </system-out><system-err />
  </testsuite>
  <testsuite failures="0"
             errors="0"
             tests="2"
             time="0"
             name="make_test.t_html_utf8_t"
             id="24">
    <testcase time="0"
              name="test      1"
              classname="make_test.t_html_utf8_t" />
    <testcase time="0"
              name="test      2"
              classname="make_test.t_html_utf8_t" /><system-out>
  <![CDATA[1..2
  # Running under perl version 5.008006 for solaris
  # Current time local: Thu Mar 27 09:19:25 2008
  # Current time GMT:   Thu Mar 27 09:19:25 2008
  # Using Test.pm version 1.25
  	/export/home/jm/tools/perl586/bin/perl -T -w ../spamassassin.raw -C log/test_rules_copy  --siteconfigpath log/localrules.tmp -p log/test_default.cf  -L -t < data/spam/009
  	Checking QUOTE_YOUR
  ok 1
  	Checking for anti-pattern OPPORTUNITY
  ok 2
  ]]>

  </system-out><system-err />
  </testsuite>
  <testsuite failures="0"
             errors="0"
             tests="4"
             time="0"
             name="make_test.t_ifversion_t"
             id="25">
    <testcase time="0"
              name="test      1"
              classname="make_test.t_ifversion_t" />
    <testcase time="0"
              name="test      2"
              classname="make_test.t_ifversion_t" />
    <testcase time="0"
              name="test      3"
              classname="make_test.t_ifversion_t" />
    <testcase time="0"
              name="test      4"
              classname="make_test.t_ifversion_t" /><system-out>
  <![CDATA[1..4
  # Running under perl version 5.008006 for solaris
  # Current time local: Thu Mar 27 09:19:27 2008
  # Current time GMT:   Thu Mar 27 09:19:27 2008
  # Using Test.pm version 1.25
  	/export/home/jm/tools/perl586/bin/perl -T -w ../spamassassin.raw -C log/test_rules_copy  --siteconfigpath log/localrules.tmp -p log/test_default.cf  -L -t < data/spam/gtube.eml
  ok 1
  	Checking gtube
  ok 2
  	Checking should_be_called
  ok 3
  	Checking for anti-pattern should_not_be_called
  ok 4
  ]]>
  </system-out><system-err />

  </testsuite>
  <testsuite failures="0"
             errors="0"
             tests="105"
             time="0"
             name="make_test.t_ip_addrs_t"
             id="26">
    <testcase time="0"
              name="test      1"
              classname="make_test.t_ip_addrs_t" />
    <testcase time="0"
              name="test      2"
              classname="make_test.t_ip_addrs_t" />
    <testcase time="0"
              name="test      3"
              classname="make_test.t_ip_addrs_t" />
    <testcase time="0"
              name="test      4"
              classname="make_test.t_ip_addrs_t" />
    <testcase time="0"
              name="test      5"
              classname="make_test.t_ip_addrs_t" />
    <testcase time="0"
              name="test      6"
              classname="make_test.t_ip_addrs_t" />
    <testcase time="0"
              name="test      7"
              classname="make_test.t_ip_addrs_t" />

    <testcase time="0"
              name="test      8"
              classname="make_test.t_ip_addrs_t" />
    <testcase time="0"
              name="test      9"
              classname="make_test.t_ip_addrs_t" />
    <testcase time="0"
              name="test     10"
              classname="make_test.t_ip_addrs_t" />
    <testcase time="0"
              name="test     11"
              classname="make_test.t_ip_addrs_t" />
    <testcase time="0"
              name="test     12"
              classname="make_test.t_ip_addrs_t" />
    <testcase time="0"
              name="test     13"
              classname="make_test.t_ip_addrs_t" />
    <testcase time="0"
              name="test     14"
              classname="make_test.t_ip_addrs_t" />
    <testcase time="0"
              name="test     15"
              classname="make_test.t_ip_addrs_t" />
    <testcase time="0"
              name="test     16"
              classname="make_test.t_ip_addrs_t" />

    <testcase time="0"
              name="test     17"
              classname="make_test.t_ip_addrs_t" />
    <testcase time="0"
              name="test     18"
              classname="make_test.t_ip_addrs_t" />
    <testcase time="0"
              name="test     19"
              classname="make_test.t_ip_addrs_t" />
    <testcase time="0"
              name="test     20"
              classname="make_test.t_ip_addrs_t" />
    <testcase time="0"
              name="test     21"
              classname="make_test.t_ip_addrs_t" />
    <testcase time="0"
              name="test     22"
              classname="make_test.t_ip_addrs_t" />
    <testcase time="0"
              name="test     23"
              classname="make_test.t_ip_addrs_t" />
    <testcase time="0"
              name="test     24"
              classname="make_test.t_ip_addrs_t" />
    <testcase time="0"
              name="test     25"
              classname="make_test.t_ip_addrs_t" />

    <testcase time="0"
              name="test     26"
              classname="make_test.t_ip_addrs_t" />
    <testcase time="0"
              name="test     27"
              classname="make_test.t_ip_addrs_t" />
    <testcase time="0"
              name="test     28"
              classname="make_test.t_ip_addrs_t" />
    <testcase time="0"
              name="test     29"
              classname="make_test.t_ip_addrs_t" />
    <testcase time="0"
              name="test     30"
              classname="make_test.t_ip_addrs_t" />
    <testcase time="0"
              name="test     31"
              classname="make_test.t_ip_addrs_t" />
    <testcase time="0"
              name="test     32"
              classname="make_test.t_ip_addrs_t" />
    <testcase time="0"
              name="test     33"
              classname="make_test.t_ip_addrs_t" />
    <testcase time="0"
              name="test     34"
              classname="make_test.t_ip_addrs_t" />

    <testcase time="0"
              name="test     35"
              classname="make_test.t_ip_addrs_t" />
    <testcase time="0"
              name="test     36"
              classname="make_test.t_ip_addrs_t" />
    <testcase time="0"
              name="test     37"
              classname="make_test.t_ip_addrs_t" />
    <testcase time="0"
              name="test     38"
              classname="make_test.t_ip_addrs_t" />
    <testcase time="0"
              name="test     39"
              classname="make_test.t_ip_addrs_t" />
    <testcase time="0"
              name="test     40"
              classname="make_test.t_ip_addrs_t" />
    <testcase time="0"
              name="test     41"
              classname="make_test.t_ip_addrs_t" />
    <testcase time="0"
              name="test     42"
              classname="make_test.t_ip_addrs_t" />
    <testcase time="0"
              name="test     43"
              classname="make_test.t_ip_addrs_t" />

    <testcase time="0"
              name="test     44"
              classname="make_test.t_ip_addrs_t" />
    <testcase time="0"
              name="test     45"
              classname="make_test.t_ip_addrs_t" />
    <testcase time="0"
              name="test     46"
              classname="make_test.t_ip_addrs_t" />
    <testcase time="0"
              name="test     47"
              classname="make_test.t_ip_addrs_t" />
    <testcase time="0"
              name="test     48"
              classname="make_test.t_ip_addrs_t" />
    <testcase time="0"
              name="test     49"
              classname="make_test.t_ip_addrs_t" />
    <testcase time="0"
              name="test     50"
              classname="make_test.t_ip_addrs_t" />
    <testcase time="0"
              name="test     51"
              classname="make_test.t_ip_addrs_t" />
    <testcase time="0"
              name="test     52"
              classname="make_test.t_ip_addrs_t" />

    <testcase time="0"
              name="test     53"
              classname="make_test.t_ip_addrs_t" />
    <testcase time="0"
              name="test     54"
              classname="make_test.t_ip_addrs_t" />
    <testcase time="0"
              name="test     55"
              classname="make_test.t_ip_addrs_t" />
    <testcase time="0"
              name="test     56"
              classname="make_test.t_ip_addrs_t" />
    <testcase time="0"
              name="test     57"
              classname="make_test.t_ip_addrs_t" />
    <testcase time="0"
              name="test     58"
              classname="make_test.t_ip_addrs_t" />
    <testcase time="0"
              name="test     59"
              classname="make_test.t_ip_addrs_t" />
    <testcase time="0"
              name="test     60"
              classname="make_test.t_ip_addrs_t" />
    <testcase time="0"
              name="test     61"
              classname="make_test.t_ip_addrs_t" />

    <testcase time="0"
              name="test     62"
              classname="make_test.t_ip_addrs_t" />
    <testcase time="0"
              name="test     63"
              classname="make_test.t_ip_addrs_t" />
    <testcase time="0"
              name="test     64"
              classname="make_test.t_ip_addrs_t" />
    <testcase time="0"
              name="test     65"
              classname="make_test.t_ip_addrs_t" />
    <testcase time="0"
              name="test     66"
              classname="make_test.t_ip_addrs_t" />
    <testcase time="0"
              name="test     67"
              classname="make_test.t_ip_addrs_t" />
    <testcase time="0"
              name="test     68"
              classname="make_test.t_ip_addrs_t" />
    <testcase time="0"
              name="test     69"
              classname="make_test.t_ip_addrs_t" />
    <testcase time="0"
              name="test     70"
              classname="make_test.t_ip_addrs_t" />

    <testcase time="0"
              name="test     71"
              classname="make_test.t_ip_addrs_t" />
    <testcase time="0"
              name="test     72"
              classname="make_test.t_ip_addrs_t" />
    <testcase time="0"
              name="test     73"
              classname="make_test.t_ip_addrs_t" />
    <testcase time="0"
              name="test     74"
              classname="make_test.t_ip_addrs_t" />
    <testcase time="0"
              name="test     75"
              classname="make_test.t_ip_addrs_t" />
    <testcase time="0"
              name="test     76"
              classname="make_test.t_ip_addrs_t" />
    <testcase time="0"
              name="test     77"
              classname="make_test.t_ip_addrs_t" />
    <testcase time="0"
              name="test     78"
              classname="make_test.t_ip_addrs_t" />
    <testcase time="0"
              name="test     79"
              classname="make_test.t_ip_addrs_t" />

    <testcase time="0"
              name="test     80"
              classname="make_test.t_ip_addrs_t" />
    <testcase time="0"
              name="test     81"
              classname="make_test.t_ip_addrs_t" />
    <testcase time="0"
              name="test     82"
              classname="make_test.t_ip_addrs_t" />
    <testcase time="0"
              name="test     83"
              classname="make_test.t_ip_addrs_t" />
    <testcase time="0"
              name="test     84"
              classname="make_test.t_ip_addrs_t" />
    <testcase time="0"
              name="test     85"
              classname="make_test.t_ip_addrs_t" />
    <testcase time="0"
              name="test     86"
              classname="make_test.t_ip_addrs_t" />
    <testcase time="0"
              name="test     87"
              classname="make_test.t_ip_addrs_t" />
    <testcase time="0"
              name="test     88"
              classname="make_test.t_ip_addrs_t" />

    <testcase time="0"
              name="test     89"
              classname="make_test.t_ip_addrs_t" />
    <testcase time="0"
              name="test     90"
              classname="make_test.t_ip_addrs_t" />
    <testcase time="0"
              name="test     91"
              classname="make_test.t_ip_addrs_t" />
    <testcase time="0"
              name="test     92"
              classname="make_test.t_ip_addrs_t" />
    <testcase time="0"
              name="test     93"
              classname="make_test.t_ip_addrs_t" />
    <testcase time="0"
              name="test     94"
              classname="make_test.t_ip_addrs_t" />
    <testcase time="0"
              name="test     95"
              classname="make_test.t_ip_addrs_t" />
    <testcase time="0"
              name="test     96"
              classname="make_test.t_ip_addrs_t" />
    <testcase time="0"
              name="test     97"
              classname="make_test.t_ip_addrs_t" />

    <testcase time="0"
              name="test     98"
              classname="make_test.t_ip_addrs_t" />
    <testcase time="0"
              name="test     99"
              classname="make_test.t_ip_addrs_t" />
    <testcase time="0"
              name="test    100"
              classname="make_test.t_ip_addrs_t" />
    <testcase time="0"
              name="test    101"
              classname="make_test.t_ip_addrs_t" />
    <testcase time="0"
              name="test    102"
              classname="make_test.t_ip_addrs_t" />
    <testcase time="0"
              name="test    103"
              classname="make_test.t_ip_addrs_t" />
    <testcase time="0"
              name="test    104"
              classname="make_test.t_ip_addrs_t" />
    <testcase time="0"
              name="test    105"
              classname="make_test.t_ip_addrs_t" /><system-out>
  <![CDATA[1..105
  # Running under perl version 5.008006 for solaris
  # Current time local: Thu Mar 27 09:19:29 2008
  # Current time GMT:   Thu Mar 27 09:19:29 2008
  # Using Test.pm version 1.25
  ok 1
  ok 2
  ok 3
  ok 4
  ok 5
  ok 6
  ok 7
  ok 8
  ok 9
  ok 10
  ok 11
  ok 12
  ok 13
  ok 14
  ok 15
  ok 16
  ok 17
  ok 18
  ok 19
  ok 20
  ok 21
  ok 22
  ok 23
  ok 24
  ok 25
  ok 26
  ok 27
  ok 28
  ok 29
  ok 30
  ok 31
  ok 32
  ok 33
  ok 34
  ok 35
  ok 36
  ok 37
  ok 38
  ok 39
  ok 40
  ok 41
  ok 42
  ok 43
  ok 44
  ok 45
  ok 46
  ok 47
  ok 48
  ok 49
  ok 50
  ok 51
  ok 52
  ok 53
  ok 54
  ok 55
  ok 56
  ok 57
  ok 58
  ok 59
  ok 60
  ok 61
  ok 62
  ok 63
  ok 64
  ok 65
  ok 66
  ok 67
  ok 68
  ok 69
  ok 70
  ok 71
  ok 72
  ok 73
  ok 74
  ok 75
  ok 76
  ok 77
  ok 78
  ok 79
  ok 80
  ok 81
  ok 82
  ok 83
  ok 84
  ok 85
  ok 86
  ok 87
  ok 88
  ok 89
  ok 90
  ok 91
  ok 92
  ok 93
  ok 94
  ok 95
  ok 96
  ok 97
  ok 98
  ok 99
  ok 100
  ok 101
  ok 102
  ok 103
  ok 104
  ok 105
  ]]>

  </system-out><system-err />
  </testsuite>
  <testsuite failures="0"
             errors="0"
             tests="8"
             time="0"
             name="make_test.t_lang_lint_t"
             id="27">
    <testcase time="0"
              name="test      1"
              classname="make_test.t_lang_lint_t" />
    <testcase time="0"
              name="test      2"
              classname="make_test.t_lang_lint_t" />
    <testcase time="0"
              name="test      3"
              classname="make_test.t_lang_lint_t" />
    <testcase time="0"
              name="test      4"
              classname="make_test.t_lang_lint_t" />
    <testcase time="0"
              name="test      5"
              classname="make_test.t_lang_lint_t" />
    <testcase time="0"
              name="test      6"
              classname="make_test.t_lang_lint_t" />

    <testcase time="0"
              name="test      7"
              classname="make_test.t_lang_lint_t" />
    <testcase time="0"
              name="test      8"
              classname="make_test.t_lang_lint_t" /><system-out>
  <![CDATA[1..8
  # Running under perl version 5.008006 for solaris
  # Current time local: Thu Mar 27 09:19:29 2008
  # Current time GMT:   Thu Mar 27 09:19:29 2008
  # Using Test.pm version 1.25
  	/export/home/jm/tools/perl586/bin/perl -T -w ../spamassassin.raw -C log/test_rules_copy  --siteconfigpath log/localrules.tmp -p log/test_default.cf  -L --lint
  	Checking anything
  ok 1
  	/export/home/jm/tools/perl586/bin/perl -T -w ../spamassassin.raw -C log/test_rules_copy  --siteconfigpath log/localrules.tmp -p log/test_default.cf  -L --lint
  	Checking anything
  ok 2
  	/export/home/jm/tools/perl586/bin/perl -T -w ../spamassassin.raw -C log/test_rules_copy  --siteconfigpath log/localrules.tmp -p log/test_default.cf  -L --lint
  	Checking anything
  ok 3
  	/export/home/jm/tools/perl586/bin/perl -T -w ../spamassassin.raw -C log/test_rules_copy  --siteconfigpath log/localrules.tmp -p log/test_default.cf  -L --lint
  	Checking anything
  ok 4
  	/export/home/jm/tools/perl586/bin/perl -T -w ../spamassassin.raw -C log/test_rules_copy  --siteconfigpath log/localrules.tmp -p log/test_default.cf  -L --lint
  	Checking anything
  ok 5
  	/export/home/jm/tools/perl586/bin/perl -T -w ../spamassassin.raw -C log/test_rules_copy  --siteconfigpath log/localrules.tmp -p log/test_default.cf  -L --lint
  	Checking anything
  ok 6
  	/export/home/jm/tools/perl586/bin/perl -T -w ../spamassassin.raw -C log/test_rules_copy  --siteconfigpath log/localrules.tmp -p log/test_default.cf  -L --lint
  	Checking anything
  ok 7
  	/export/home/jm/tools/perl586/bin/perl -T -w ../spamassassin.raw -C log/test_rules_copy  --siteconfigpath log/localrules.tmp -p log/test_default.cf  -L --lint
  	Checking anything
  ok 8
  ]]>
  </system-out><system-err />
  </testsuite>
  <testsuite failures="0"
             errors="0"
             tests="1"
             time="0"
             name="make_test.t_lang_pl_tests_t"
             id="28">
    <testcase time="0"
              name="test      1"
              classname="make_test.t_lang_pl_tests_t" /><system-out>
  <![CDATA[1..1
  # Running under perl version 5.008006 for solaris
  # Current time local: Thu Mar 27 09:19:44 2008
  # Current time GMT:   Thu Mar 27 09:19:44 2008
  # Using Test.pm version 1.25
  	/export/home/jm/tools/perl586/bin/perl -T -w ../spamassassin.raw -C log/test_rules_copy  --siteconfigpath log/localrules.tmp -p log/test_default.cf  -L -t < data/nice/004
  couldn't set locale correctly
  	Checking didnt_hang_at_least
  ok 1
  ]]>
  </system-out><system-err />

  </testsuite>
  <testsuite failures="0"
             errors="0"
             tests="26"
             time="0"
             name="make_test.t_line_endings_t"
             id="29">
    <testcase time="0"
              name="test      1"
              classname="make_test.t_line_endings_t" />
    <testcase time="0"
              name="test      2"
              classname="make_test.t_line_endings_t" />
    <testcase time="0"
              name="test      3"
              classname="make_test.t_line_endings_t" />
    <testcase time="0"
              name="test      4"
              classname="make_test.t_line_endings_t" />
    <testcase time="0"
              name="test      5"
              classname="make_test.t_line_endings_t" />
    <testcase time="0"
              name="test      6"
              classname="make_test.t_line_endings_t" />
    <testcase time="0"
              name="test      7"
              classname="make_test.t_line_endings_t" />

    <testcase time="0"
              name="test      8"
              classname="make_test.t_line_endings_t" />
    <testcase time="0"
              name="test      9"
              classname="make_test.t_line_endings_t" />
    <testcase time="0"
              name="test     10"
              classname="make_test.t_line_endings_t" />
    <testcase time="0"
              name="test     11"
              classname="make_test.t_line_endings_t" />
    <testcase time="0"
              name="test     12"
              classname="make_test.t_line_endings_t" />
    <testcase time="0"
              name="test     13"
              classname="make_test.t_line_endings_t" />
    <testcase time="0"
              name="test     14"
              classname="make_test.t_line_endings_t" />
    <testcase time="0"
              name="test     15"
              classname="make_test.t_line_endings_t" />
    <testcase time="0"
              name="test     16"
              classname="make_test.t_line_endings_t" />

    <testcase time="0"
              name="test     17"
              classname="make_test.t_line_endings_t" />
    <testcase time="0"
              name="test     18"
              classname="make_test.t_line_endings_t" />
    <testcase time="0"
              name="test     19"
              classname="make_test.t_line_endings_t" />
    <testcase time="0"
              name="test     20"
              classname="make_test.t_line_endings_t" />
    <testcase time="0"
              name="test     21"
              classname="make_test.t_line_endings_t" />
    <testcase time="0"
              name="test     22"
              classname="make_test.t_line_endings_t" />
    <testcase time="0"
              name="test     23"
              classname="make_test.t_line_endings_t" />
    <testcase time="0"
              name="test     24"
              classname="make_test.t_line_endings_t" />
    <testcase time="0"
              name="test     25"
              classname="make_test.t_line_endings_t" />

    <testcase time="0"
              name="test     26"
              classname="make_test.t_line_endings_t" /><system-out>
  <![CDATA[1..26
  # Running under perl version 5.008006 for solaris
  # Current time local: Thu Mar 27 09:19:45 2008
  # Current time GMT:   Thu Mar 27 09:19:45 2008
  # Using Test.pm version 1.25
  	/export/home/jm/tools/perl586/bin/perl -T -w ../spamassassin.raw -C log/test_rules_copy  --siteconfigpath log/localrules.tmp -p log/tst.cf  -L < log/report_safe.eml
  	Checking XSS_Yes
  ok 1
  	Checking for anti-pattern hb_sep
  ok 2
  	Checking for anti-pattern P_1
  ok 3
  	Checking for anti-pattern XSS_No
  ok 4
  line endings found: NL=0 CRNL=29
  ok 5
  	/export/home/jm/tools/perl586/bin/perl -T -w ../spamassassin.raw -C log/test_rules_copy  --siteconfigpath log/localrules.tmp -p log/tst.cf  -L < log/report_safe.eml
  	Checking P_2
  ok 6
  	Checking XSS_Yes
  ok 7
  	Checking for anti-pattern hb_sep
  ok 8
  line endings found: NL=0 CRNL=72
  ok 9
  	/export/home/jm/tools/perl586/bin/perl -T -w ../spamassassin.raw -C log/test_rules_copy  --siteconfigpath log/localrules.tmp -p log/tst.cf  -L < log/report_safe.eml
  	Checking P_3
  ok 10
  	Checking XSS_Yes
  ok 11
  	Checking for anti-pattern hb_sep
  ok 12
  line endings found: NL=0 CRNL=72
  ok 13
  	/export/home/jm/tools/perl586/bin/perl -T -w ../spamassassin.raw -C log/test_rules_copy  --siteconfigpath log/localrules.tmp -p log/tst.cf  -L < log/report_safe2.eml
  	Checking XSS_Yes
  ok 14
  	Checking for anti-pattern hb_sep
  ok 15
  	Checking for anti-pattern P_1
  ok 16
  	Checking for anti-pattern XSS_No
  ok 17
  line endings found: NL=28 CRNL=0
  ok 18
  	/export/home/jm/tools/perl586/bin/perl -T -w ../spamassassin.raw -C log/test_rules_copy  --siteconfigpath log/localrules.tmp -p log/tst.cf  -L < log/report_safe2.eml
  	Checking P_2
  ok 19
  	Checking XSS_Yes
  ok 20
  	Checking for anti-pattern hb_sep
  ok 21
  line endings found: NL=71 CRNL=0
  ok 22
  	/export/home/jm/tools/perl586/bin/perl -T -w ../spamassassin.raw -C log/test_rules_copy  --siteconfigpath log/localrules.tmp -p log/tst.cf  -L < log/report_safe2.eml
  	Checking P_3
  ok 23
  	Checking XSS_Yes
  ok 24
  	Checking for anti-pattern hb_sep
  ok 25
  line endings found: NL=71 CRNL=0
  ok 26
  ]]>
  </system-out><system-err />
  </testsuite>
  <testsuite failures="0"
             errors="0"
             tests="2"
             time="0"
             name="make_test.t_lint_nocreate_prefs_t"
             id="30">
    <testcase time="0"
              name="test      1"
              classname="make_test.t_lint_nocreate_prefs_t" />
    <testcase time="0"
              name="test      2"
              classname="make_test.t_lint_nocreate_prefs_t" /><system-out>
  <![CDATA[1..2
  # Running under perl version 5.008006 for solaris
  # Current time local: Thu Mar 27 09:19:55 2008
  # Current time GMT:   Thu Mar 27 09:19:55 2008
  # Using Test.pm version 1.25
  	/export/home/jm/tools/perl586/bin/perl -T -w ../spamassassin.raw -C log/test_rules_copy  --siteconfigpath log/localrules.tmp -p log/test_default.cf  -L --lint --prefspath=log/prefs
  	Checking anything
  ok 1
  ok 2
  ]]>
  </system-out><system-err />

  </testsuite>
  <testsuite failures="0"
             errors="0"
             tests="1"
             time="0"
             name="make_test.t_mass_check_t"
             id="31">
    <testcase time="0"
              name="test      1"
              classname="make_test.t_mass_check_t" /><system-out>
  <![CDATA[1..1
  # Running under perl version 5.008006 for solaris
  # Current time local: Thu Mar 27 09:19:57 2008
  # Current time GMT:   Thu Mar 27 09:19:57 2008
  # Using Test.pm version 1.25
  # mass-check results from @hudson.zones.apache.org, on Thu Mar 27 09:19:59 GMT 2008
  # M:SA version 3.3.0-r613124
  # SVN revision: unknown
  # Date: 20080327T091959Z
  # Perl version: 5.008006 on i86pc-solaris
  # Switches: '-n -o "ham:dir:../t/log/mc_test/ham"'
  Y  9 ../t/log/mc_test/ham/1 EMPTY_MESSAGE,MISSING_DATE,MISSING_HB_SEP,MISSING_HEADERS,MISSING_MID,MISSING_SUBJECT,NO_HEADERS_MESSAGE,NO_RECEIVED,NO_RELAYS,TVD_SPACE_RATIO,__ENV_AND_HDR_FROM_MATCH,__GATED_THROUGH_RCVD_REMOVER,__MISSING_REF,__MISSING_REPLY,__MISSING_THREAD,__UNUSABLE_MSGID time=0,scantime=0,format=f,reuse=no,set=0
  ok 1
  ]]>
  </system-out><system-err />
  </testsuite>
  <testsuite failures="0"
             errors="0"
             tests="3"
             time="0"
             name="make_test.t_metadata_t"
             id="32">
    <testcase time="0"
              name="test      1"
              classname="make_test.t_metadata_t" />
    <testcase time="0"
              name="test      2"
              classname="make_test.t_metadata_t" />

    <testcase time="0"
              name="test      3"
              classname="make_test.t_metadata_t" /><system-out>
  <![CDATA[1..0
  # Running under perl version 5.008006 for solaris
  # Current time local: Thu Mar 27 09:19:59 2008
  # Current time GMT:   Thu Mar 27 09:19:59 2008
  # Using Test.pm version 1.25
  # Devel::Cycle module required for this test, skipped
  skipped: (no reason given)
  t/metadata........................
  1..3
  # Running under perl version 5.008006 for solaris
  # Current time local: Thu Mar 27 09:19:59 2008
  # Current time GMT:   Thu Mar 27 09:19:59 2008
  # Using Test.pm version 1.25
  	/export/home/jm/tools/perl586/bin/perl -T -w ../spamassassin.raw -C log/test_rules_copy  --siteconfigpath log/localrules.tmp -p log/test_default.cf  -L -t < data/spam/gtube.eml
  ok 1
  	Checking gtube
  ok 2
  	Checking META_FOUND
  ok 3
  ]]>
  </system-out><system-err />
  </testsuite>
  <testsuite failures="0"
             errors="0"
             tests="4"
             time="0"
             name="make_test.t_mimeheader_t"
             id="33">
    <testcase time="0"
              name="test      1"
              classname="make_test.t_mimeheader_t" />
    <testcase time="0"
              name="test      2"
              classname="make_test.t_mimeheader_t" />
    <testcase time="0"
              name="test      3"
              classname="make_test.t_mimeheader_t" />
    <testcase time="0"
              name="test      4"
              classname="make_test.t_mimeheader_t" /><system-out>

  <![CDATA[1..4
  # Running under perl version 5.008006 for solaris
  # Current time local: Thu Mar 27 09:20:01 2008
  # Current time GMT:   Thu Mar 27 09:20:01 2008
  # Using Test.pm version 1.25
  	/export/home/jm/tools/perl586/bin/perl -T -w ../spamassassin.raw -C log/test_rules_copy  --siteconfigpath log/localrules.tmp -p log/tst.cf  -L -t < data/nice/004
  	Checking  match_nl_nonraw
  ok 1
  	Checking  match_nl_raw
  ok 2
  	Checking  test1
  ok 3
  	Checking  test2
  ok 4
  ]]>
  </system-out><system-err />
  </testsuite>
  <testsuite failures="0"
             errors="0"
             tests="31"
             time="0"
             name="make_test.t_mimeparse_t"
             id="34">
    <testcase time="0"
              name="test      1"
              classname="make_test.t_mimeparse_t" />
    <testcase time="0"
              name="test      2"
              classname="make_test.t_mimeparse_t" />
    <testcase time="0"
              name="test      3"
              classname="make_test.t_mimeparse_t" />
    <testcase time="0"
              name="test      4"
              classname="make_test.t_mimeparse_t" />
    <testcase time="0"
              name="test      5"
              classname="make_test.t_mimeparse_t" />

    <testcase time="0"
              name="test      6"
              classname="make_test.t_mimeparse_t" />
    <testcase time="0"
              name="test      7"
              classname="make_test.t_mimeparse_t" />
    <testcase time="0"
              name="test      8"
              classname="make_test.t_mimeparse_t" />
    <testcase time="0"
              name="test      9"
              classname="make_test.t_mimeparse_t" />
    <testcase time="0"
              name="test     10"
              classname="make_test.t_mimeparse_t" />
    <testcase time="0"
              name="test     11"
              classname="make_test.t_mimeparse_t" />
    <testcase time="0"
              name="test     12"
              classname="make_test.t_mimeparse_t" />
    <testcase time="0"
              name="test     13"
              classname="make_test.t_mimeparse_t" />
    <testcase time="0"
              name="test     14"
              classname="make_test.t_mimeparse_t" />

    <testcase time="0"
              name="test     15"
              classname="make_test.t_mimeparse_t" />
    <testcase time="0"
              name="test     16"
              classname="make_test.t_mimeparse_t" />
    <testcase time="0"
              name="test     17"
              classname="make_test.t_mimeparse_t" />
    <testcase time="0"
              name="test     18"
              classname="make_test.t_mimeparse_t" />
    <testcase time="0"
              name="test     19"
              classname="make_test.t_mimeparse_t" />
    <testcase time="0"
              name="test     20"
              classname="make_test.t_mimeparse_t" />
    <testcase time="0"
              name="test     21"
              classname="make_test.t_mimeparse_t" />
    <testcase time="0"
              name="test     22"
              classname="make_test.t_mimeparse_t" />
    <testcase time="0"
              name="test     23"
              classname="make_test.t_mimeparse_t" />

    <testcase time="0"
              name="test     24"
              classname="make_test.t_mimeparse_t" />
    <testcase time="0"
              name="test     25"
              classname="make_test.t_mimeparse_t" />
    <testcase time="0"
              name="test     26"
              classname="make_test.t_mimeparse_t" />
    <testcase time="0"
              name="test     27"
              classname="make_test.t_mimeparse_t" />
    <testcase time="0"
              name="test     28"
              classname="make_test.t_mimeparse_t" />
    <testcase time="0"
              name="test     29"
              classname="make_test.t_mimeparse_t" />
    <testcase time="0"
              name="test     30"
              classname="make_test.t_mimeparse_t" />
    <testcase time="0"
              name="test     31"
              classname="make_test.t_mimeparse_t" /><system-out>
  <![CDATA[1..31
  # Running under perl version 5.008006 for solaris
  # Current time local: Thu Mar 27 09:20:02 2008
  # Current time GMT:   Thu Mar 27 09:20:02 2008
  # Using Test.pm version 1.25
  ok 1
  ok 2
  ok 3
  ok 4
  ok 5
  ok 6
  ok 7
  ok 8
  ok 9
  ok 10
  ok 11
  ok 12
  ok 13
  ok 14
  ok 15
  ok 16
  ok 17
  ok 18
  ok 19
  ok 20
  ok 21
  ok 22
  ok 23
  ok 24
  ok 25
  ok 26
  ok 27
  ok 28
  ok 29
  ok 30
  ok 31
  ]]>

  </system-out><system-err />
  </testsuite>
  <testsuite failures="0"
             errors="0"
             tests="12"
             time="0"
             name="make_test.t_missing_hb_separator_t"
             id="35">
    <testcase time="0"
              name="test      1"
              classname="make_test.t_missing_hb_separator_t" />
    <testcase time="0"
              name="test      2"
              classname="make_test.t_missing_hb_separator_t" />
    <testcase time="0"
              name="test      3"
              classname="make_test.t_missing_hb_separator_t" />
    <testcase time="0"
              name="test      4"
              classname="make_test.t_missing_hb_separator_t" />
    <testcase time="0"
              name="test      5"
              classname="make_test.t_missing_hb_separator_t" />
    <testcase time="0"
              name="test      6"
              classname="make_test.t_missing_hb_separator_t" />

    <testcase time="0"
              name="test      7"
              classname="make_test.t_missing_hb_separator_t" />
    <testcase time="0"
              name="test      8"
              classname="make_test.t_missing_hb_separator_t" />
    <testcase time="0"
              name="test      9"
              classname="make_test.t_missing_hb_separator_t" />
    <testcase time="0"
              name="test     10"
              classname="make_test.t_missing_hb_separator_t" />
    <testcase time="0"
              name="test     11"
              classname="make_test.t_missing_hb_separator_t" />
    <testcase time="0"
              name="test     12"
              classname="make_test.t_missing_hb_separator_t" /><system-out>
  <![CDATA[1..12
  # Running under perl version 5.008006 for solaris
  # Current time local: Thu Mar 27 09:20:03 2008
  # Current time GMT:   Thu Mar 27 09:20:03 2008
  # Using Test.pm version 1.25
  test hit: MISSING_MID
  test hit: MISSING_DATE
  test hit: X_MESSAGE_INFO
  test hit: NO_RELAYS
  test hit: MISSING_HB_SEP
  test hit: MISSING_HEADERS
  test hit: TVD_SPACE_RATIO
  test hit: MISSING_SUBJECT
  test hit: EMPTY_MESSAGE
  test hit: NO_RECEIVED
  test hit: NO_HEADERS_MESSAGE
  ok 1
  ok 2
  ok 3
  ok 4
  ok 5
  ok 6
  ok 7
  ok 8
  ok 9
  ok 10
  ok 11
  ok 12
  ]]>
  </system-out><system-err />
  </testsuite>

  <testsuite failures="0"
             errors="0"
             tests="97"
             time="0"
             name="make_test.t_mkrules_t"
             id="36">
    <testcase time="0"
              name="test      1"
              classname="make_test.t_mkrules_t" />
    <testcase time="0"
              name="test      2"
              classname="make_test.t_mkrules_t" />
    <testcase time="0"
              name="test      3"
              classname="make_test.t_mkrules_t" />
    <testcase time="0"
              name="test      4"
              classname="make_test.t_mkrules_t" />
    <testcase time="0"
              name="test      5"
              classname="make_test.t_mkrules_t" />
    <testcase time="0"
              name="test      6"
              classname="make_test.t_mkrules_t" />
    <testcase time="0"
              name="test      7"
              classname="make_test.t_mkrules_t" />
    <testcase time="0"
              name="test      8"
              classname="make_test.t_mkrules_t" />

    <testcase time="0"
              name="test      9"
              classname="make_test.t_mkrules_t" />
    <testcase time="0"
              name="test     10"
              classname="make_test.t_mkrules_t" />
    <testcase time="0"
              name="test     11"
              classname="make_test.t_mkrules_t" />
    <testcase time="0"
              name="test     12"
              classname="make_test.t_mkrules_t" />
    <testcase time="0"
              name="test     13"
              classname="make_test.t_mkrules_t" />
    <testcase time="0"
              name="test     14"
              classname="make_test.t_mkrules_t" />
    <testcase time="0"
              name="test     15"
              classname="make_test.t_mkrules_t" />
    <testcase time="0"
              name="test     16"
              classname="make_test.t_mkrules_t" />
    <testcase time="0"
              name="test     17"
              classname="make_test.t_mkrules_t" />

    <testcase time="0"
              name="test     18"
              classname="make_test.t_mkrules_t" />
    <testcase time="0"
              name="test     19"
              classname="make_test.t_mkrules_t" />
    <testcase time="0"
              name="test     20"
              classname="make_test.t_mkrules_t" />
    <testcase time="0"
              name="test     21"
              classname="make_test.t_mkrules_t" />
    <testcase time="0"
              name="test     22"
              classname="make_test.t_mkrules_t" />
    <testcase time="0"
              name="test     23"
              classname="make_test.t_mkrules_t" />
    <testcase time="0"
              name="test     24"
              classname="make_test.t_mkrules_t" />
    <testcase time="0"
              name="test     25"
              classname="make_test.t_mkrules_t" />
    <testcase time="0"
              name="test     26"
              classname="make_test.t_mkrules_t" />

    <testcase time="0"
              name="test     27"
              classname="make_test.t_mkrules_t" />
    <testcase time="0"
              name="test     28"
              classname="make_test.t_mkrules_t" />
    <testcase time="0"
              name="test     29"
              classname="make_test.t_mkrules_t" />
    <testcase time="0"
              name="test     30"
              classname="make_test.t_mkrules_t" />
    <testcase time="0"
              name="test     31"
              classname="make_test.t_mkrules_t" />
    <testcase time="0"
              name="test     32"
              classname="make_test.t_mkrules_t" />
    <testcase time="0"
              name="test     33"
              classname="make_test.t_mkrules_t" />
    <testcase time="0"
              name="test     34"
              classname="make_test.t_mkrules_t" />
    <testcase time="0"
              name="test     35"
              classname="make_test.t_mkrules_t" />

    <testcase time="0"
              name="test     36"
              classname="make_test.t_mkrules_t" />
    <testcase time="0"
              name="test     37"
              classname="make_test.t_mkrules_t" />
    <testcase time="0"
              name="test     38"
              classname="make_test.t_mkrules_t" />
    <testcase time="0"
              name="test     39"
              classname="make_test.t_mkrules_t" />
    <testcase time="0"
              name="test     40"
              classname="make_test.t_mkrules_t" />
    <testcase time="0"
              name="test     41"
              classname="make_test.t_mkrules_t" />
    <testcase time="0"
              name="test     42"
              classname="make_test.t_mkrules_t" />
    <testcase time="0"
              name="test     43"
              classname="make_test.t_mkrules_t" />
    <testcase time="0"
              name="test     44"
              classname="make_test.t_mkrules_t" />

    <testcase time="0"
              name="test     45"
              classname="make_test.t_mkrules_t" />
    <testcase time="0"
              name="test     46"
              classname="make_test.t_mkrules_t" />
    <testcase time="0"
              name="test     47"
              classname="make_test.t_mkrules_t" />
    <testcase time="0"
              name="test     48"
              classname="make_test.t_mkrules_t" />
    <testcase time="0"
              name="test     49"
              classname="make_test.t_mkrules_t" />
    <testcase time="0"
              name="test     50"
              classname="make_test.t_mkrules_t" />
    <testcase time="0"
              name="test     51"
              classname="make_test.t_mkrules_t" />
    <testcase time="0"
              name="test     52"
              classname="make_test.t_mkrules_t" />
    <testcase time="0"
              name="test     53"
              classname="make_test.t_mkrules_t" />

    <testcase time="0"
              name="test     54"
              classname="make_test.t_mkrules_t" />
    <testcase time="0"
              name="test     55"
              classname="make_test.t_mkrules_t" />
    <testcase time="0"
              name="test     56"
              classname="make_test.t_mkrules_t" />
    <testcase time="0"
              name="test     57"
              classname="make_test.t_mkrules_t" />
    <testcase time="0"
              name="test     58"
              classname="make_test.t_mkrules_t" />
    <testcase time="0"
              name="test     59"
              classname="make_test.t_mkrules_t" />
    <testcase time="0"
              name="test     60"
              classname="make_test.t_mkrules_t" />
    <testcase time="0"
              name="test     61"
              classname="make_test.t_mkrules_t" />
    <testcase time="0"
              name="test     62"
              classname="make_test.t_mkrules_t" />

    <testcase time="0"
              name="test     63"
              classname="make_test.t_mkrules_t" />
    <testcase time="0"
              name="test     64"
              classname="make_test.t_mkrules_t" />
    <testcase time="0"
              name="test     65"
              classname="make_test.t_mkrules_t" />
    <testcase time="0"
              name="test     66"
              classname="make_test.t_mkrules_t" />
    <testcase time="0"
              name="test     67"
              classname="make_test.t_mkrules_t" />
    <testcase time="0"
              name="test     68"
              classname="make_test.t_mkrules_t" />
    <testcase time="0"
              name="test     69"
              classname="make_test.t_mkrules_t" />
    <testcase time="0"
              name="test     70"
              classname="make_test.t_mkrules_t" />
    <testcase time="0"
              name="test     71"
              classname="make_test.t_mkrules_t" />

    <testcase time="0"
              name="test     72"
              classname="make_test.t_mkrules_t" />
    <testcase time="0"
              name="test     73"
              classname="make_test.t_mkrules_t" />
    <testcase time="0"
              name="test     74"
              classname="make_test.t_mkrules_t" />
    <testcase time="0"
              name="test     75"
              classname="make_test.t_mkrules_t" />
    <testcase time="0"
              name="test     76"
              classname="make_test.t_mkrules_t" />
    <testcase time="0"
              name="test     77"
              classname="make_test.t_mkrules_t" />
    <testcase time="0"
              name="test     78"
              classname="make_test.t_mkrules_t" />
    <testcase time="0"
              name="test     79"
              classname="make_test.t_mkrules_t" />
    <testcase time="0"
              name="test     80"
              classname="make_test.t_mkrules_t" />

    <testcase time="0"
              name="test     81"
              classname="make_test.t_mkrules_t" />
    <testcase time="0"
              name="test     82"
              classname="make_test.t_mkrules_t" />
    <testcase time="0"
              name="test     83"
              classname="make_test.t_mkrules_t" />
    <testcase time="0"
              name="test     84"
              classname="make_test.t_mkrules_t" />
    <testcase time="0"
              name="test     85"
              classname="make_test.t_mkrules_t" />
    <testcase time="0"
              name="test     86"
              classname="make_test.t_mkrules_t" />
    <testcase time="0"
              name="test     87"
              classname="make_test.t_mkrules_t" />
    <testcase time="0"
              name="test     88"
              classname="make_test.t_mkrules_t" />
    <testcase time="0"
              name="test     89"
              classname="make_test.t_mkrules_t" />

    <testcase time="0"
              name="test     90"
              classname="make_test.t_mkrules_t" />
    <testcase time="0"
              name="test     91"
              classname="make_test.t_mkrules_t" />
    <testcase time="0"
              name="test     92"
              classname="make_test.t_mkrules_t" />
    <testcase time="0"
              name="test     93"
              classname="make_test.t_mkrules_t" />
    <testcase time="0"
              name="test     94"
              classname="make_test.t_mkrules_t" />
    <testcase time="0"
              name="test     95"
              classname="make_test.t_mkrules_t" />
    <testcase time="0"
              name="test     96"
              classname="make_test.t_mkrules_t" />
    <testcase time="0"
              name="test     97"
              classname="make_test.t_mkrules_t" /><system-out>
  <![CDATA[1..97
  # Running under perl version 5.008006 for solaris
  # Current time local: Thu Mar 27 09:20:05 2008
  # Current time GMT:   Thu Mar 27 09:20:05 2008
  # Using Test.pm version 1.25
   script runs, even with nothing to do
  	/export/home/jm/tools/perl586/bin/perl -I../lib ../build/mkrules --src log/mkrules_t/rulesrc --out log/mkrules_t/rules --manifest log/mkrules_t/MANIFEST --manifestskip log/mkrules_t/MANIFEST.SKIP --active log/mkrules_t/rules/active.list
  ok 1
  ok 2
  	test output tree copied to log/mkrules_t.3
   promotion of an active rule
  	/export/home/jm/tools/perl586/bin/perl -I../lib ../build/mkrules --src log/mkrules_t/rulesrc --out log/mkrules_t/rules --manifest log/mkrules_t/MANIFEST --manifestskip log/mkrules_t/MANIFEST.SKIP --active log/mkrules_t/rules/active.list
  ok 3
  	Checking manif_found
  ok 4
  	Checking rule_line_1
  ok 5
  	Checking rule_line_2
  ok 6
  	Checking for anti-pattern rule_line_2
  ok 7
  ok 8
  	test output tree copied to log/mkrules_t.9
   non-promotion of an inactive rule
  	/export/home/jm/tools/perl586/bin/perl -I../lib ../build/mkrules --src log/mkrules_t/rulesrc --out log/mkrules_t/rules --manifest log/mkrules_t/MANIFEST --manifestskip log/mkrules_t/MANIFEST.SKIP --active log/mkrules_t/rules/active.list
  ok 9
  	Checking manif_found
  ok 10
  	Checking rule_line_1
  ok 11
  	Checking rule_line_2
  ok 12
  	Checking for anti-pattern rule_line_2
  ok 13
  ok 14
  	test output tree copied to log/mkrules_t.15
   non-promotion of an inactive rule with score set
  	/export/home/jm/tools/perl586/bin/perl -I../lib ../build/mkrules --src log/mkrules_t/rulesrc --out log/mkrules_t/rules --manifest log/mkrules_t/MANIFEST --manifestskip log/mkrules_t/MANIFEST.SKIP --active log/mkrules_t/rules/active.list
  ok 15
  	Checking score_good
  ok 16
  	Checking manif_found
  ok 17
  	Checking rule_line_1
  ok 18
  	Checking rule_line_2
  ok 19
  	Checking for anti-pattern rule_line_2
  ok 20
  	Checking for anti-pattern score
  ok 21
  ok 22
  	test output tree copied to log/mkrules_t.23
   non-promotion of a broken rule
  	/export/home/jm/tools/perl586/bin/perl -I../lib ../build/mkrules --src log/mkrules_t/rulesrc --out log/mkrules_t/rules --manifest log/mkrules_t/MANIFEST --manifestskip log/mkrules_t/MANIFEST.SKIP --active log/mkrules_t/rules/active.list
  ok 23
  ok 24
  ok 25
  	Checking manif_found
  ok 26
  	Checking lint_failed
  ok 27
  	Checking for anti-pattern rule_line_1
  ok 28
  	Checking for anti-pattern rule_line_2
  ok 29
  ok 30
  	test output tree copied to log/mkrules_t.31
   promotion of an active meta rule
  	/export/home/jm/tools/perl586/bin/perl -I../lib ../build/mkrules --src log/mkrules_t/rulesrc --out log/mkrules_t/rules --manifest log/mkrules_t/MANIFEST --manifestskip log/mkrules_t/MANIFEST.SKIP --active log/mkrules_t/rules/active.list
  ok 31
  	Checking foundrule
  ok 32
  	Checking manif_found
  ok 33
  	Checking rule_line_1
  ok 34
  	Checking rule_line_2
  ok 35
  	Checking rule_line_1a
  ok 36
  	Checking for anti-pattern rule_line_2
  ok 37
  ok 38
  	test output tree copied to log/mkrules_t.39
   inactive meta rule
  	/export/home/jm/tools/perl586/bin/perl -I../lib ../build/mkrules --src log/mkrules_t/rulesrc --out log/mkrules_t/rules --manifest log/mkrules_t/MANIFEST --manifestskip log/mkrules_t/MANIFEST.SKIP --active log/mkrules_t/rules/active.list
  ok 39
  	Checking foundrule
  ok 40
  	Checking manif_found
  ok 41
  	Checking rule_line_1
  ok 42
  	Checking rule_line_2
  ok 43
  	Checking rule_line_1a
  ok 44
  	Checking for anti-pattern rule_line_2
  ok 45
  ok 46
  	test output tree copied to log/mkrules_t.47
   active plugin in sandbox
  	/export/home/jm/tools/perl586/bin/perl -I../lib ../build/mkrules --src log/mkrules_t/rulesrc --out log/mkrules_t/rules --manifest log/mkrules_t/MANIFEST --manifestskip log/mkrules_t/MANIFEST.SKIP --active log/mkrules_t/rules/active.list
  ok 47
  ok 48
  	Checking manif_found
  ok 49
  	Checking rule_line_1
  ok 50
  	Checking rule_line_2
  ok 51
  	Checking endif_found
  ok 52
  	Checking if1
  ok 53
  	Checking loadplugin_found
  ok 54
  	Checking for anti-pattern rule_line_2
  ok 55
  ok 56
  	test output tree copied to log/mkrules_t.57
   inactive plugin
  	/export/home/jm/tools/perl586/bin/perl -I../lib ../build/mkrules --src log/mkrules_t/rulesrc --out log/mkrules_t/rules --manifest log/mkrules_t/MANIFEST --manifestskip log/mkrules_t/MANIFEST.SKIP --active log/mkrules_t/rules/active.list
  ok 57
  ok 58
  	Checking manif_found
  ok 59
  	Checking rule_line_1
  ok 60
  	Checking rule_line_2
  ok 61
  	Checking endif_found
  ok 62
  	Checking if1
  ok 63
  	Checking loadplugin_found
  ok 64
  	Checking for anti-pattern rule_line_2
  ok 65
  ok 66
  	test output tree copied to log/mkrules_t.67
   active plugin, but the .pm file is AWOL
  	/export/home/jm/tools/perl586/bin/perl -I../lib ../build/mkrules --src log/mkrules_t/rulesrc --out log/mkrules_t/rules --manifest log/mkrules_t/MANIFEST --manifestskip log/mkrules_t/MANIFEST.SKIP --active log/mkrules_t/rules/active.list
  ok 67
  ok 68
  	Checking rule_line_1
  ok 69
  	Checking rule_line_2
  ok 70
  	Checking endif_found
  ok 71
  	Checking if1
  ok 72
  	Checking plugin_not_found
  ok 73
  	Checking for anti-pattern rule_line_2
  ok 74
  ok 75
  	test output tree copied to log/mkrules_t.76
   active plugin, but the .pm file is not in MANIFEST
  	/export/home/jm/tools/perl586/bin/perl -I../lib ../build/mkrules --src log/mkrules_t/rulesrc --out log/mkrules_t/rules --manifest log/mkrules_t/MANIFEST --manifestskip log/mkrules_t/MANIFEST.SKIP --active log/mkrules_t/rules/active.list
  ok 76
  ok 77
  	Checking rule_line_1
  ok 78
  	Checking rule_line_2
  ok 79
  	Checking endif_found
  ok 80
  	Checking if1
  ok 81
  	Checking not_found_in_manifest_warning
  ok 82
  	Checking tryplugin
  ok 83
  ok 84
  	test output tree copied to log/mkrules_t.85
  meta rule depends on unpromoted subrule in lexically-earlier file
  	/export/home/jm/tools/perl586/bin/perl -I../lib ../build/mkrules --src log/mkrules_t/rulesrc --out log/mkrules_t/rules --manifest log/mkrules_t/MANIFEST --manifestskip log/mkrules_t/MANIFEST.SKIP --active log/mkrules_t/rules/active.list
  ok 85
  	Checking rule_line_2
  ok 86
  	Checking rule_line_1
  ok 87
  	Checking meta_found
  ok 88
  ok 89
  	test output tree copied to log/mkrules_t.90
   nested conditionals
  	/export/home/jm/tools/perl586/bin/perl -I../lib ../build/mkrules --src log/mkrules_t/rulesrc --out log/mkrules_t/rules --manifest log/mkrules_t/MANIFEST --manifestskip log/mkrules_t/MANIFEST.SKIP --active log/mkrules_t/rules/active.list
  ok 90
  	Checking manif_found
  ok 91
  	Checking rule_line_1
  ok 92
  	Checking rule_line_2
  ok 93
  	Checking ifversion
  ok 94
  	Checking ifplugin
  ok 95
  	Checking for anti-pattern rule_line_2
  ok 96
  ok 97
  	test output tree copied to log/mkrules_t.98
  ]]>

  </system-out><system-err />
  </testsuite>
  <testsuite failures="0"
             errors="0"
             tests="1"
             time="0"
             name="make_test.t_nonspam_t"
             id="37">
    <testcase time="0"
              name="test      1"
              classname="make_test.t_nonspam_t" /><system-out>
  <![CDATA[1..1
  # Running under perl version 5.008006 for solaris
  # Current time local: Thu Mar 27 09:20:08 2008
  # Current time GMT:   Thu Mar 27 09:20:08 2008
  # Using Test.pm version 1.25
  	/export/home/jm/tools/perl586/bin/perl -T -w ../spamassassin.raw -C log/test_rules_copy  --siteconfigpath log/localrules.tmp -p log/test_default.cf  -L -t < data/nice/001
  	Checking nonspam
  ok 1
  ]]>
  </system-out><system-err />
  </testsuite>
  <testsuite failures="0"
             errors="0"
             tests="6"
             time="0"
             name="make_test.t_plugin_t"
             id="38">
    <testcase time="0"
              name="test      1"
              classname="make_test.t_plugin_t" />

    <testcase time="0"
              name="test      2"
              classname="make_test.t_plugin_t" />
    <testcase time="0"
              name="test      3"
              classname="make_test.t_plugin_t" />
    <testcase time="0"
              name="test      4"
              classname="make_test.t_plugin_t" />
    <testcase time="0"
              name="test      5"
              classname="make_test.t_plugin_t" />
    <testcase time="0"
              name="test      6"
              classname="make_test.t_plugin_t" /><system-out>
  <![CDATA[1..6
  # Running under perl version 5.008006 for solaris
  # Current time local: Thu Mar 27 09:20:10 2008
  # Current time GMT:   Thu Mar 27 09:20:10 2008
  # Using Test.pm version 1.25
  	/export/home/jm/tools/perl586/bin/perl -T -w ../spamassassin.raw -C log/test_rules_copy  --siteconfigpath log/localrules.tmp -p log/test_default.cf  -L -t < data/spam/gtube.eml
  ok 1
  	Checking gtube
  ok 2
  	Checking plugin_called
  ok 3
  	Checking test_called
  ok 4
  	Checking registered
  ok 5
  	Checking for anti-pattern should_not_be_called
  ok 6
  ]]>
  </system-out><system-err />
  </testsuite>
  <testsuite failures="0"
             errors="0"
             tests="9"
             time="0"
             name="make_test.t_plugin_file_t"
             id="39">

    <testcase time="0"
              name="test      1"
              classname="make_test.t_plugin_file_t" />
    <testcase time="0"
              name="test      2"
              classname="make_test.t_plugin_file_t" />
    <testcase time="0"
              name="test      3"
              classname="make_test.t_plugin_file_t" />
    <testcase time="0"
              name="test      4"
              classname="make_test.t_plugin_file_t" />
    <testcase time="0"
              name="test      5"
              classname="make_test.t_plugin_file_t" />
    <testcase time="0"
              name="test      6"
              classname="make_test.t_plugin_file_t" />
    <testcase time="0"
              name="test      7"
              classname="make_test.t_plugin_file_t" />
    <testcase time="0"
              name="test      8"
              classname="make_test.t_plugin_file_t" />
    <testcase time="0"
              name="test      9"
              classname="make_test.t_plugin_file_t" /><system-out>

  <![CDATA[1..9
  # Running under perl version 5.008006 for solaris
  # Current time local: Thu Mar 27 09:20:12 2008
  # Current time GMT:   Thu Mar 27 09:20:12 2008
  # Using Test.pm version 1.25
  	/export/home/jm/tools/perl586/bin/perl -T -w ../spamassassin.raw -C log/test_rules_copy  --siteconfigpath log/localrules.tmp -p log/test_default.cf  -L -t < data/spam/gtube.eml
  ok 1
  	Checking gtube
  ok 2
  	Checking plugin_called
  ok 3
  	Checking test_called
  ok 4
  	Checking plugin_finished
  ok 5
  	Checking plugins_loaded2
  ok 6
  	Checking registered
  ok 7
  	Checking plugins_loaded
  ok 8
  	Checking for anti-pattern should_not_be_called
  ok 9
  ]]>
  </system-out><system-err />
  </testsuite>
  <testsuite failures="0"
             errors="0"
             tests="2"
             time="0"
             name="make_test.t_plugin_priorities_t"
             id="40">
    <testcase time="0"
              name="test      1"
              classname="make_test.t_plugin_priorities_t" />
    <testcase time="0"
              name="test      2"
              classname="make_test.t_plugin_priorities_t" /><system-out>
  <![CDATA[1..2
  # Running under perl version 5.008006 for solaris
  # Current time local: Thu Mar 27 09:20:13 2008
  # Current time GMT:   Thu Mar 27 09:20:13 2008
  # Using Test.pm version 1.25
  	/export/home/jm/tools/perl586/bin/perl -T -w ../spamassassin.raw -C log/test_rules_copy  --siteconfigpath log/localrules.tmp -p log/test_default.cf  -L -t < data/spam/gtube.eml
  ok 1
  	Checking  META2_FOUND
  ok 2
  ]]>
  </system-out><system-err />
  </testsuite>

  <testsuite failures="0"
             errors="0"
             tests="2"
             time="0"
             name="make_test.t_prefs_include_t"
             id="41">
    <testcase time="0"
              name="test      1"
              classname="make_test.t_prefs_include_t" />
    <testcase time="0"
              name="test      2"
              classname="make_test.t_prefs_include_t" /><system-out>
  <![CDATA[1..2
  # Running under perl version 5.008006 for solaris
  # Current time local: Thu Mar 27 09:20:15 2008
  # Current time GMT:   Thu Mar 27 09:20:15 2008
  # Using Test.pm version 1.25
  	/export/home/jm/tools/perl586/bin/perl -T -w ../spamassassin.raw -C log/test_rules_copy  --siteconfigpath log/localrules.tmp -p log/tst.cf  -L -t < data/spam/001
  	Checking qp-encoded-desc
  ok 1
  	Checking qp-encoded-hdr
  ok 2
  ]]>
  </system-out><system-err />
  </testsuite>
  <testsuite failures="0"
             errors="0"
             tests="10"
             time="0"
             name="make_test.t_priorities_t"
             id="42">
    <testcase time="0"
              name="test      1"
              classname="make_test.t_priorities_t" />
    <testcase time="0"
              name="test      2"
              classname="make_test.t_priorities_t" />

    <testcase time="0"
              name="test      3"
              classname="make_test.t_priorities_t" />
    <testcase time="0"
              name="test      4"
              classname="make_test.t_priorities_t" />
    <testcase time="0"
              name="test      5"
              classname="make_test.t_priorities_t" />
    <testcase time="0"
              name="test      6"
              classname="make_test.t_priorities_t" />
    <testcase time="0"
              name="test      7"
              classname="make_test.t_priorities_t" />
    <testcase time="0"
              name="test      8"
              classname="make_test.t_priorities_t" />
    <testcase time="0"
              name="test      9"
              classname="make_test.t_priorities_t" />
    <testcase time="0"
              name="test     10"
              classname="make_test.t_priorities_t" /><system-out>
  <![CDATA[1..10
  # Running under perl version 5.008006 for solaris
  # Current time local: Thu Mar 27 09:20:17 2008
  # Current time GMT:   Thu Mar 27 09:20:17 2008
  # Using Test.pm version 1.25
  ok 1
  ok 2
  ok 3
  ok 4
  ok 5
  ok 6
  ok 7
  ok 8
  ok 9
  ok 10
  ]]>

  </system-out><system-err />
  </testsuite>
  <testsuite failures="0"
             errors="0"
             tests="132"
             time="0"
             name="make_test.t_rcvd_parser_t"
             id="43">
    <testcase time="0"
              name="test      1"
              classname="make_test.t_rcvd_parser_t" />
    <testcase time="0"
              name="test      2"
              classname="make_test.t_rcvd_parser_t" />
    <testcase time="0"
              name="test      3"
              classname="make_test.t_rcvd_parser_t" />
    <testcase time="0"
              name="test      4"
              classname="make_test.t_rcvd_parser_t" />
    <testcase time="0"
              name="test      5"
              classname="make_test.t_rcvd_parser_t" />
    <testcase time="0"
              name="test      6"
              classname="make_test.t_rcvd_parser_t" />

    <testcase time="0"
              name="test      7"
              classname="make_test.t_rcvd_parser_t" />
    <testcase time="0"
              name="test      8"
              classname="make_test.t_rcvd_parser_t" />
    <testcase time="0"
              name="test      9"
              classname="make_test.t_rcvd_parser_t" />
    <testcase time="0"
              name="test     10"
              classname="make_test.t_rcvd_parser_t" />
    <testcase time="0"
              name="test     11"
              classname="make_test.t_rcvd_parser_t" />
    <testcase time="0"
              name="test     12"
              classname="make_test.t_rcvd_parser_t" />
    <testcase time="0"
              name="test     13"
              classname="make_test.t_rcvd_parser_t" />
    <testcase time="0"
              name="test     14"
              classname="make_test.t_rcvd_parser_t" />
    <testcase time="0"
              name="test     15"
              classname="make_test.t_rcvd_parser_t" />

    <testcase time="0"
              name="test     16"
              classname="make_test.t_rcvd_parser_t" />
    <testcase time="0"
              name="test     17"
              classname="make_test.t_rcvd_parser_t" />
    <testcase time="0"
              name="test     18"
              classname="make_test.t_rcvd_parser_t" />
    <testcase time="0"
              name="test     19"
              classname="make_test.t_rcvd_parser_t" />
    <testcase time="0"
              name="test     20"
              classname="make_test.t_rcvd_parser_t" />
    <testcase time="0"
              name="test     21"
              classname="make_test.t_rcvd_parser_t" />
    <testcase time="0"
              name="test     22"
              classname="make_test.t_rcvd_parser_t" />
    <testcase time="0"
              name="test     23"
              classname="make_test.t_rcvd_parser_t" />
    <testcase time="0"
              name="test     24"
              classname="make_test.t_rcvd_parser_t" />

    <testcase time="0"
              name="test     25"
              classname="make_test.t_rcvd_parser_t" />
    <testcase time="0"
              name="test     26"
              classname="make_test.t_rcvd_parser_t" />
    <testcase time="0"
              name="test     27"
              classname="make_test.t_rcvd_parser_t" />
    <testcase time="0"
              name="test     28"
              classname="make_test.t_rcvd_parser_t" />
    <testcase time="0"
              name="test     29"
              classname="make_test.t_rcvd_parser_t" />
    <testcase time="0"
              name="test     30"
              classname="make_test.t_rcvd_parser_t" />
    <testcase time="0"
              name="test     31"
              classname="make_test.t_rcvd_parser_t" />
    <testcase time="0"
              name="test     32"
              classname="make_test.t_rcvd_parser_t" />
    <testcase time="0"
              name="test     33"
              classname="make_test.t_rcvd_parser_t" />

    <testcase time="0"
              name="test     34"
              classname="make_test.t_rcvd_parser_t" />
    <testcase time="0"
              name="test     35"
              classname="make_test.t_rcvd_parser_t" />
    <testcase time="0"
              name="test     36"
              classname="make_test.t_rcvd_parser_t" />
    <testcase time="0"
              name="test     37"
              classname="make_test.t_rcvd_parser_t" />
    <testcase time="0"
              name="test     38"
              classname="make_test.t_rcvd_parser_t" />
    <testcase time="0"
              name="test     39"
              classname="make_test.t_rcvd_parser_t" />
    <testcase time="0"
              name="test     40"
              classname="make_test.t_rcvd_parser_t" />
    <testcase time="0"
              name="test     41"
              classname="make_test.t_rcvd_parser_t" />
    <testcase time="0"
              name="test     42"
              classname="make_test.t_rcvd_parser_t" />

    <testcase time="0"
              name="test     43"
              classname="make_test.t_rcvd_parser_t" />
    <testcase time="0"
              name="test     44"
              classname="make_test.t_rcvd_parser_t" />
    <testcase time="0"
              name="test     45"
              classname="make_test.t_rcvd_parser_t" />
    <testcase time="0"
              name="test     46"
              classname="make_test.t_rcvd_parser_t" />
    <testcase time="0"
              name="test     47"
              classname="make_test.t_rcvd_parser_t" />
    <testcase time="0"
              name="test     48"
              classname="make_test.t_rcvd_parser_t" />
    <testcase time="0"
              name="test     49"
              classname="make_test.t_rcvd_parser_t" />
    <testcase time="0"
              name="test     50"
              classname="make_test.t_rcvd_parser_t" />
    <testcase time="0"
              name="test     51"
              classname="make_test.t_rcvd_parser_t" />

    <testcase time="0"
              name="test     52"
              classname="make_test.t_rcvd_parser_t" />
    <testcase time="0"
              name="test     53"
              classname="make_test.t_rcvd_parser_t" />
    <testcase time="0"
              name="test     54"
              classname="make_test.t_rcvd_parser_t" />
    <testcase time="0"
              name="test     55"
              classname="make_test.t_rcvd_parser_t" />
    <testcase time="0"
              name="test     56"
              classname="make_test.t_rcvd_parser_t" />
    <testcase time="0"
              name="test     57"
              classname="make_test.t_rcvd_parser_t" />
    <testcase time="0"
              name="test     58"
              classname="make_test.t_rcvd_parser_t" />
    <testcase time="0"
              name="test     59"
              classname="make_test.t_rcvd_parser_t" />
    <testcase time="0"
              name="test     60"
              classname="make_test.t_rcvd_parser_t" />

    <testcase time="0"
              name="test     61"
              classname="make_test.t_rcvd_parser_t" />
    <testcase time="0"
              name="test     62"
              classname="make_test.t_rcvd_parser_t" />
    <testcase time="0"
              name="test     63"
              classname="make_test.t_rcvd_parser_t" />
    <testcase time="0"
              name="test     64"
              classname="make_test.t_rcvd_parser_t" />
    <testcase time="0"
              name="test     65"
              classname="make_test.t_rcvd_parser_t" />
    <testcase time="0"
              name="test     66"
              classname="make_test.t_rcvd_parser_t" />
    <testcase time="0"
              name="test     67"
              classname="make_test.t_rcvd_parser_t" />
    <testcase time="0"
              name="test     68"
              classname="make_test.t_rcvd_parser_t" />
    <testcase time="0"
              name="test     69"
              classname="make_test.t_rcvd_parser_t" />

    <testcase time="0"
              name="test     70"
              classname="make_test.t_rcvd_parser_t" />
    <testcase time="0"
              name="test     71"
              classname="make_test.t_rcvd_parser_t" />
    <testcase time="0"
              name="test     72"
              classname="make_test.t_rcvd_parser_t" />
    <testcase time="0"
              name="test     73"
              classname="make_test.t_rcvd_parser_t" />
    <testcase time="0"
              name="test     74"
              classname="make_test.t_rcvd_parser_t" />
    <testcase time="0"
              name="test     75"
              classname="make_test.t_rcvd_parser_t" />
    <testcase time="0"
              name="test     76"
              classname="make_test.t_rcvd_parser_t" />
    <testcase time="0"
              name="test     77"
              classname="make_test.t_rcvd_parser_t" />
    <testcase time="0"
              name="test     78"
              classname="make_test.t_rcvd_parser_t" />

    <testcase time="0"
              name="test     79"
              classname="make_test.t_rcvd_parser_t" />
    <testcase time="0"
              name="test     80"
              classname="make_test.t_rcvd_parser_t" />
    <testcase time="0"
              name="test     81"
              classname="make_test.t_rcvd_parser_t" />
    <testcase time="0"
              name="test     82"
              classname="make_test.t_rcvd_parser_t" />
    <testcase time="0"
              name="test     83"
              classname="make_test.t_rcvd_parser_t" />
    <testcase time="0"
              name="test     84"
              classname="make_test.t_rcvd_parser_t" />
    <testcase time="0"
              name="test     85"
              classname="make_test.t_rcvd_parser_t" />
    <testcase time="0"
              name="test     86"
              classname="make_test.t_rcvd_parser_t" />
    <testcase time="0"
              name="test     87"
              classname="make_test.t_rcvd_parser_t" />

    <testcase time="0"
              name="test     88"
              classname="make_test.t_rcvd_parser_t" />
    <testcase time="0"
              name="test     89"
              classname="make_test.t_rcvd_parser_t" />
    <testcase time="0"
              name="test     90"
              classname="make_test.t_rcvd_parser_t" />
    <testcase time="0"
              name="test     91"
              classname="make_test.t_rcvd_parser_t" />
    <testcase time="0"
              name="test     92"
              classname="make_test.t_rcvd_parser_t" />
    <testcase time="0"
              name="test     93"
              classname="make_test.t_rcvd_parser_t" />
    <testcase time="0"
              name="test     94"
              classname="make_test.t_rcvd_parser_t" />
    <testcase time="0"
              name="test     95"
              classname="make_test.t_rcvd_parser_t" />
    <testcase time="0"
              name="test     96"
              classname="make_test.t_rcvd_parser_t" />

    <testcase time="0"
              name="test     97"
              classname="make_test.t_rcvd_parser_t" />
    <testcase time="0"
              name="test     98"
              classname="make_test.t_rcvd_parser_t" />
    <testcase time="0"
              name="test     99"
              classname="make_test.t_rcvd_parser_t" />
    <testcase time="0"
              name="test    100"
              classname="make_test.t_rcvd_parser_t" />
    <testcase time="0"
              name="test    101"
              classname="make_test.t_rcvd_parser_t" />
    <testcase time="0"
              name="test    102"
              classname="make_test.t_rcvd_parser_t" />
    <testcase time="0"
              name="test    103"
              classname="make_test.t_rcvd_parser_t" />
    <testcase time="0"
              name="test    104"
              classname="make_test.t_rcvd_parser_t" />
    <testcase time="0"
              name="test    105"
              classname="make_test.t_rcvd_parser_t" />

    <testcase time="0"
              name="test    106"
              classname="make_test.t_rcvd_parser_t" />
    <testcase time="0"
              name="test    107"
              classname="make_test.t_rcvd_parser_t" />
    <testcase time="0"
              name="test    108"
              classname="make_test.t_rcvd_parser_t" />
    <testcase time="0"
              name="test    109"
              classname="make_test.t_rcvd_parser_t" />
    <testcase time="0"
              name="test    110"
              classname="make_test.t_rcvd_parser_t" />
    <testcase time="0"
              name="test    111"
              classname="make_test.t_rcvd_parser_t" />
    <testcase time="0"
              name="test    112"
              classname="make_test.t_rcvd_parser_t" />
    <testcase time="0"
              name="test    113"
              classname="make_test.t_rcvd_parser_t" />
    <testcase time="0"
              name="test    114"
              classname="make_test.t_rcvd_parser_t" />

    <testcase time="0"
              name="test    115"
              classname="make_test.t_rcvd_parser_t" />
    <testcase time="0"
              name="test    116"
              classname="make_test.t_rcvd_parser_t" />
    <testcase time="0"
              name="test    117"
              classname="make_test.t_rcvd_parser_t" />
    <testcase time="0"
              name="test    118"
              classname="make_test.t_rcvd_parser_t" />
    <testcase time="0"
              name="test    119"
              classname="make_test.t_rcvd_parser_t" />
    <testcase time="0"
              name="test    120"
              classname="make_test.t_rcvd_parser_t" />
    <testcase time="0"
              name="test    121"
              classname="make_test.t_rcvd_parser_t" />
    <testcase time="0"
              name="test    122"
              classname="make_test.t_rcvd_parser_t" />
    <testcase time="0"
              name="test    123"
              classname="make_test.t_rcvd_parser_t" />

    <testcase time="0"
              name="test    124"
              classname="make_test.t_rcvd_parser_t" />
    <testcase time="0"
              name="test    125"
              classname="make_test.t_rcvd_parser_t" />
    <testcase time="0"
              name="test    126"
              classname="make_test.t_rcvd_parser_t" />
    <testcase time="0"
              name="test    127"
              classname="make_test.t_rcvd_parser_t" />
    <testcase time="0"
              name="test    128"
              classname="make_test.t_rcvd_parser_t" />
    <testcase time="0"
              name="test    129"
              classname="make_test.t_rcvd_parser_t" />
    <testcase time="0"
              name="test    130"
              classname="make_test.t_rcvd_parser_t" />
    <testcase time="0"
              name="test    131"
              classname="make_test.t_rcvd_parser_t" />
    <testcase time="0"
              name="test    132"
              classname="make_test.t_rcvd_parser_t" /><system-out>

  <![CDATA[1..0
  # Running under perl version 5.008006 for solaris
  # Current time local: Thu Mar 27 09:20:18 2008
  # Current time GMT:   Thu Mar 27 09:20:18 2008
  # Using Test.pm version 1.25
  skipped: (no reason given)
  t/rcvd_parser.....................
  1..132
  # Running under perl version 5.008006 for solaris
  # Current time local: Thu Mar 27 09:20:18 2008
  # Current time GMT:   Thu Mar 27 09:20:18 2008
  # Using Test.pm version 1.25
  ok 1
  ok 2
  ok 3
  ok 4
  ok 5
  ok 6
  ok 7
  ok 8
  ok 9
  ok 10
  ok 11
  ok 12
  ok 13
  ok 14
  ok 15
  ok 16
  ok 17
  ok 18
  ok 19
  ok 20
  ok 21
  ok 22
  ok 23
  ok 24
  ok 25
  ok 26
  ok 27
  ok 28
  ok 29
  ok 30
  ok 31
  ok 32
  ok 33
  ok 34
  ok 35
  ok 36
  ok 37
  ok 38
  ok 39
  ok 40
  ok 41
  ok 42
  ok 43
  ok 44
  ok 45
  ok 46
  ok 47
  ok 48
  ok 49
  ok 50
  ok 51
  ok 52
  ok 53
  ok 54
  ok 55
  ok 56
  ok 57
  ok 58
  ok 59
  ok 60
  ok 61
  ok 62
  ok 63
  ok 64
  ok 65
  ok 66
  ok 67
  ok 68
  ok 69
  ok 70
  ok 71
  ok 72
  ok 73
  ok 74
  ok 75
  ok 76
  ok 77
  ok 78
  ok 79
  ok 80
  ok 81
  ok 82
  ok 83
  ok 84
  ok 85
  ok 86
  ok 87
  ok 88
  ok 89
  ok 90
  ok 91
  ok 92
  ok 93
  ok 94
  ok 95
  ok 96
  ok 97
  ok 98
  ok 99
  ok 100
  ok 101
  ok 102
  ok 103
  ok 104
  ok 105
  ok 106
  ok 107
  ok 108
  ok 109
  ok 110
  ok 111
  ok 112
  ok 113
  ok 114
  ok 115
  ok 116
  ok 117
  ok 118
  ok 119
  ok 120
  ok 121
  ok 122
  ok 123
  ok 124
  ok 125
  ok 126
  ok 127
  ok 128
  ok 129
  ok 130
  ok 131
  ok 132
  ]]>
  </system-out><system-err />
  </testsuite>
  <testsuite failures="0"
             errors="0"
             tests="125"
             time="0"
             name="make_test.t_re_base_extraction_t"
             id="44">
    <testcase time="0"
              name="test      1"
              classname="make_test.t_re_base_extraction_t" />
    <testcase time="0"
              name="test      2"
              classname="make_test.t_re_base_extraction_t" />
    <testcase time="0"
              name="test      3"
              classname="make_test.t_re_base_extraction_t" />
    <testcase time="0"
              name="test      4"
              classname="make_test.t_re_base_extraction_t" />
    <testcase time="0"
              name="test      5"
              classname="make_test.t_re_base_extraction_t" />

    <testcase time="0"
              name="test      6"
              classname="make_test.t_re_base_extraction_t" />
    <testcase time="0"
              name="test      7"
              classname="make_test.t_re_base_extraction_t" />
    <testcase time="0"
              name="test      8"
              classname="make_test.t_re_base_extraction_t" />
    <testcase time="0"
              name="test      9"
              classname="make_test.t_re_base_extraction_t" />
    <testcase time="0"
              name="test     10"
              classname="make_test.t_re_base_extraction_t" />
    <testcase time="0"
              name="test     11"
              classname="make_test.t_re_base_extraction_t" />
    <testcase time="0"
              name="test     12"
              classname="make_test.t_re_base_extraction_t" />
    <testcase time="0"
              name="test     13"
              classname="make_test.t_re_base_extraction_t" />
    <testcase time="0"
              name="test     14"
              classname="make_test.t_re_base_extraction_t" />

    <testcase time="0"
              name="test     15"
              classname="make_test.t_re_base_extraction_t" />
    <testcase time="0"
              name="test     16"
              classname="make_test.t_re_base_extraction_t" />
    <testcase time="0"
              name="test     17"
              classname="make_test.t_re_base_extraction_t" />
    <testcase time="0"
              name="test     18"
              classname="make_test.t_re_base_extraction_t" />
    <testcase time="0"
              name="test     19"
              classname="make_test.t_re_base_extraction_t" />
    <testcase time="0"
              name="test     20"
              classname="make_test.t_re_base_extraction_t" />
    <testcase time="0"
              name="test     21"
              classname="make_test.t_re_base_extraction_t" />
    <testcase time="0"
              name="test     22"
              classname="make_test.t_re_base_extraction_t" />
    <testcase time="0"
              name="test     23"
              classname="make_test.t_re_base_extraction_t" />

    <testcase time="0"
              name="test     24"
              classname="make_test.t_re_base_extraction_t" />
    <testcase time="0"
              name="test     25"
              classname="make_test.t_re_base_extraction_t" />
    <testcase time="0"
              name="test     26"
              classname="make_test.t_re_base_extraction_t" />
    <testcase time="0"
              name="test     27"
              classname="make_test.t_re_base_extraction_t" />
    <testcase time="0"
              name="test     28"
              classname="make_test.t_re_base_extraction_t" />
    <testcase time="0"
              name="test     29"
              classname="make_test.t_re_base_extraction_t" />
    <testcase time="0"
              name="test     30"
              classname="make_test.t_re_base_extraction_t" />
    <testcase time="0"
              name="test     31"
              classname="make_test.t_re_base_extraction_t" />
    <testcase time="0"
              name="test     32"
              classname="make_test.t_re_base_extraction_t" />

    <testcase time="0"
              name="test     33"
              classname="make_test.t_re_base_extraction_t" />
    <testcase time="0"
              name="test     34"
              classname="make_test.t_re_base_extraction_t" />
    <testcase time="0"
              name="test     35"
              classname="make_test.t_re_base_extraction_t" />
    <testcase time="0"
              name="test     36"
              classname="make_test.t_re_base_extraction_t" />
    <testcase time="0"
              name="test     37"
              classname="make_test.t_re_base_extraction_t" />
    <testcase time="0"
              name="test     38"
              classname="make_test.t_re_base_extraction_t" />
    <testcase time="0"
              name="test     39"
              classname="make_test.t_re_base_extraction_t" />
    <testcase time="0"
              name="test     40"
              classname="make_test.t_re_base_extraction_t" />
    <testcase time="0"
              name="test     41"
              classname="make_test.t_re_base_extraction_t" />

    <testcase time="0"
              name="test     42"
              classname="make_test.t_re_base_extraction_t" />
    <testcase time="0"
              name="test     43"
              classname="make_test.t_re_base_extraction_t" />
    <testcase time="0"
              name="test     44"
              classname="make_test.t_re_base_extraction_t" />
    <testcase time="0"
              name="test     45"
              classname="make_test.t_re_base_extraction_t" />
    <testcase time="0"
              name="test     46"
              classname="make_test.t_re_base_extraction_t" />
    <testcase time="0"
              name="test     47"
              classname="make_test.t_re_base_extraction_t" />
    <testcase time="0"
              name="test     48"
              classname="make_test.t_re_base_extraction_t" />
    <testcase time="0"
              name="test     49"
              classname="make_test.t_re_base_extraction_t" />
    <testcase time="0"
              name="test     50"
              classname="make_test.t_re_base_extraction_t" />

    <testcase time="0"
              name="test     51"
              classname="make_test.t_re_base_extraction_t" />
    <testcase time="0"
              name="test     52"
              classname="make_test.t_re_base_extraction_t" />
    <testcase time="0"
              name="test     53"
              classname="make_test.t_re_base_extraction_t" />
    <testcase time="0"
              name="test     54"
              classname="make_test.t_re_base_extraction_t" />
    <testcase time="0"
              name="test     55"
              classname="make_test.t_re_base_extraction_t" />
    <testcase time="0"
              name="test     56"
              classname="make_test.t_re_base_extraction_t" />
    <testcase time="0"
              name="test     57"
              classname="make_test.t_re_base_extraction_t" />
    <testcase time="0"
              name="test     58"
              classname="make_test.t_re_base_extraction_t" />
    <testcase time="0"
              name="test     59"
              classname="make_test.t_re_base_extraction_t" />

    <testcase time="0"
              name="test     60"
              classname="make_test.t_re_base_extraction_t" />
    <testcase time="0"
              name="test     61"
              classname="make_test.t_re_base_extraction_t" />
    <testcase time="0"
              name="test     62"
              classname="make_test.t_re_base_extraction_t" />
    <testcase time="0"
              name="test     63"
              classname="make_test.t_re_base_extraction_t" />
    <testcase time="0"
              name="test     64"
              classname="make_test.t_re_base_extraction_t" />
    <testcase time="0"
              name="test     65"
              classname="make_test.t_re_base_extraction_t" />
    <testcase time="0"
              name="test     66"
              classname="make_test.t_re_base_extraction_t" />
    <testcase time="0"
              name="test     67"
              classname="make_test.t_re_base_extraction_t" />
    <testcase time="0"
              name="test     68"
              classname="make_test.t_re_base_extraction_t" />

    <testcase time="0"
              name="test     69"
              classname="make_test.t_re_base_extraction_t" />
    <testcase time="0"
              name="test     70"
              classname="make_test.t_re_base_extraction_t" />
    <testcase time="0"
              name="test     71"
              classname="make_test.t_re_base_extraction_t" />
    <testcase time="0"
              name="test     72"
              classname="make_test.t_re_base_extraction_t" />
    <testcase time="0"
              name="test     73"
              classname="make_test.t_re_base_extraction_t" />
    <testcase time="0"
              name="test     74"
              classname="make_test.t_re_base_extraction_t" />
    <testcase time="0"
              name="test     75"
              classname="make_test.t_re_base_extraction_t" />
    <testcase time="0"
              name="test     76"
              classname="make_test.t_re_base_extraction_t" />
    <testcase time="0"
              name="test     77"
              classname="make_test.t_re_base_extraction_t" />

    <testcase time="0"
              name="test     78"
              classname="make_test.t_re_base_extraction_t" />
    <testcase time="0"
              name="test     79"
              classname="make_test.t_re_base_extraction_t" />
    <testcase time="0"
              name="test     80"
              classname="make_test.t_re_base_extraction_t" />
    <testcase time="0"
              name="test     81"
              classname="make_test.t_re_base_extraction_t" />
    <testcase time="0"
              name="test     82"
              classname="make_test.t_re_base_extraction_t" />
    <testcase time="0"
              name="test     83"
              classname="make_test.t_re_base_extraction_t" />
    <testcase time="0"
              name="test     84"
              classname="make_test.t_re_base_extraction_t" />
    <testcase time="0"
              name="test     85"
              classname="make_test.t_re_base_extraction_t" />
    <testcase time="0"
              name="test     86"
              classname="make_test.t_re_base_extraction_t" />

    <testcase time="0"
              name="test     87"
              classname="make_test.t_re_base_extraction_t" />
    <testcase time="0"
              name="test     88"
              classname="make_test.t_re_base_extraction_t" />
    <testcase time="0"
              name="test     89"
              classname="make_test.t_re_base_extraction_t" />
    <testcase time="0"
              name="test     90"
              classname="make_test.t_re_base_extraction_t" />
    <testcase time="0"
              name="test     91"
              classname="make_test.t_re_base_extraction_t" />
    <testcase time="0"
              name="test     92"
              classname="make_test.t_re_base_extraction_t" />
    <testcase time="0"
              name="test     93"
              classname="make_test.t_re_base_extraction_t" />
    <testcase time="0"
              name="test     94"
              classname="make_test.t_re_base_extraction_t" />
    <testcase time="0"
              name="test     95"
              classname="make_test.t_re_base_extraction_t" />

    <testcase time="0"
              name="test     96"
              classname="make_test.t_re_base_extraction_t" />
    <testcase time="0"
              name="test     97"
              classname="make_test.t_re_base_extraction_t" />
    <testcase time="0"
              name="test     98"
              classname="make_test.t_re_base_extraction_t" />
    <testcase time="0"
              name="test     99"
              classname="make_test.t_re_base_extraction_t" />
    <testcase time="0"
              name="test    100"
              classname="make_test.t_re_base_extraction_t" />
    <testcase time="0"
              name="test    101"
              classname="make_test.t_re_base_extraction_t" />
    <testcase time="0"
              name="test    102"
              classname="make_test.t_re_base_extraction_t" />
    <testcase time="0"
              name="test    103"
              classname="make_test.t_re_base_extraction_t" />
    <testcase time="0"
              name="test    104"
              classname="make_test.t_re_base_extraction_t" />

    <testcase time="0"
              name="test    105"
              classname="make_test.t_re_base_extraction_t" />
    <testcase time="0"
              name="test    106"
              classname="make_test.t_re_base_extraction_t" />
    <testcase time="0"
              name="test    107"
              classname="make_test.t_re_base_extraction_t" />
    <testcase time="0"
              name="test    108"
              classname="make_test.t_re_base_extraction_t" />
    <testcase time="0"
              name="test    109"
              classname="make_test.t_re_base_extraction_t" />
    <testcase time="0"
              name="test    110"
              classname="make_test.t_re_base_extraction_t" />
    <testcase time="0"
              name="test    111"
              classname="make_test.t_re_base_extraction_t" />
    <testcase time="0"
              name="test    112"
              classname="make_test.t_re_base_extraction_t" />
    <testcase time="0"
              name="test    113"
              classname="make_test.t_re_base_extraction_t" />

    <testcase time="0"
              name="test    114"
              classname="make_test.t_re_base_extraction_t" />
    <testcase time="0"
              name="test    115"
              classname="make_test.t_re_base_extraction_t" />
    <testcase time="0"
              name="test    116"
              classname="make_test.t_re_base_extraction_t" />
    <testcase time="0"
              name="test    117"
              classname="make_test.t_re_base_extraction_t" />
    <testcase time="0"
              name="test    118"
              classname="make_test.t_re_base_extraction_t" />
    <testcase time="0"
              name="test    119"
              classname="make_test.t_re_base_extraction_t" />
    <testcase time="0"
              name="test    120"
              classname="make_test.t_re_base_extraction_t" />
    <testcase time="0"
              name="test    121"
              classname="make_test.t_re_base_extraction_t" />
    <testcase time="0"
              name="test    122"
              classname="make_test.t_re_base_extraction_t" />

    <testcase time="0"
              name="test    123"
              classname="make_test.t_re_base_extraction_t" />
    <testcase time="0"
              name="test    124"
              classname="make_test.t_re_base_extraction_t" />
    <testcase time="0"
              name="test    125"
              classname="make_test.t_re_base_extraction_t" /><system-out>
  <![CDATA[1..125
  # Running under perl version 5.008006 for solaris
  # Current time local: Thu Mar 27 09:20:19 2008
  # Current time GMT:   Thu Mar 27 09:20:19 2008
  # Using Test.pm version 1.25
  ok 1
  ok 2
  INPUT: FOO,[l=0] /fooBar/
  INPUT: FOODOTSTAR,[l=1] /fooBar.*BAZ/
  INPUT: FOODOTSTAR2,[l=0] /fooBar(?:BAZ|blarg)/
  BASES: 'fooBar:FOO,[l=0] FOODOTSTAR,[l=1]'
  BASES: 'fooBarBAZ:FOO,[l=0] FOODOTSTAR,[l=1] FOODOTSTAR2,[l=0]'
  BASES: 'fooBarblarg:FOO,[l=0] FOODOTSTAR,[l=1] FOODOTSTAR2,[l=0]'
  ok 3
  ok 4
  ok 5
  ok 6
  ok 7
  INPUT: FOO,[l=1] /foobar/
  INPUT: FOODOTSTAR,[l=1] /foobar.*BAZ/i
  INPUT: FOODOTSTAR2,[l=0] /foobar(?:BAZ|blarg)/i
  INPUT: FOOI,[l=0] /foobar/i
  BASES: 'foobar:FOO,[l=1] FOODOTSTAR,[l=1] FOOI,[l=0]'
  BASES: 'foobarbaz:FOO,[l=1] FOODOTSTAR,[l=1] FOODOTSTAR2,[l=0] FOOI,[l=0]'
  BASES: 'foobarblarg:FOO,[l=1] FOODOTSTAR,[l=1] FOODOTSTAR2,[l=0] FOOI,[l=0]'
  ok 8
  ok 9
  ok 10
  ok 11
  ok 12
  INPUT: FOO,[l=0] /(?:(?:bbbb)|dddd (?:eeee )?by|aaaa)/i
  BASES: 'aaaa:FOO,[l=0]'
  BASES: 'bbbb:FOO,[l=0]'
  BASES: 'dddd by:FOO,[l=0]'
  BASES: 'dddd eeee by:FOO,[l=0]'
  ok 13
  ok 14
  ok 15
  ok 16
  ok 17
  ok 18
  INPUT: TEST5,[l=1] /time to refinance|refinanc\w{1,3}\b.{0,16}\bnow\b/i
  BASES: 'refinanc:TEST5,[l=1]'
  ok 19
  ok 20
  ok 21
  INPUT: TEST2,[l=1] /foody* bar/
  INPUT: TEST3,[l=1] /foody? bar/
  BASES: 'food:TEST2,[l=1]'
  BASES: 'food bar:TEST2,[l=1] TEST3,[l=1]'
  BASES: 'foody bar:TEST2,[l=1] TEST3,[l=1]'
  ok 22
  ok 23
  ok 24
  ok 25
  ok 26
  INPUT: __FRAUD_PTS,[l=1] /\b(?:ass?ass?inat(?:ed|ion)|murder(?:e?d)?|kill(?:ed|ing)\b[^.]{0,99}\b(?:war veterans|rebels?))\b/i
  INPUT: __SARE_FRAUD_BADTHINGS,[l=1] /(?:all funds will be returned|ass?ylum|assassinate|(?:auto|boat|car|plane|train).{1,7}(?:crash|accident|disaster|wreck)|before they both died|brutal acts|cancer|coup attempt|disease|due to the current|\bexile\b|\bfled|\bflee\b|have been frozen|impeach|\bkilled|land dispute|murder|over-invoice|political crisis|poisoned (?:to death )?by|relocate|since the demise|\bslay\b)/i
  BASES: 'accident:__SARE_FRAUD_BADTHINGS,[l=1]'
  BASES: 'all funds will be returned:__SARE_FRAUD_BADTHINGS,[l=1]'
  BASES: 'asasinated:__FRAUD_PTS,[l=1]'
  BASES: 'asasination:__FRAUD_PTS,[l=1]'
  BASES: 'asassinated:__FRAUD_PTS,[l=1]'
  BASES: 'asassination:__FRAUD_PTS,[l=1]'
  BASES: 'assasinated:__FRAUD_PTS,[l=1]'
  BASES: 'assasination:__FRAUD_PTS,[l=1]'
  BASES: 'assassinate:__SARE_FRAUD_BADTHINGS,[l=1]'
  BASES: 'assassinated:__FRAUD_PTS,[l=1] __SARE_FRAUD_BADTHINGS,[l=1]'
  BASES: 'assassination:__FRAUD_PTS,[l=1]'
  BASES: 'assylum:__SARE_FRAUD_BADTHINGS,[l=1]'
  BASES: 'asylum:__SARE_FRAUD_BADTHINGS,[l=1]'
  BASES: 'before they both died:__SARE_FRAUD_BADTHINGS,[l=1]'
  BASES: 'brutal acts:__SARE_FRAUD_BADTHINGS,[l=1]'
  BASES: 'cancer:__SARE_FRAUD_BADTHINGS,[l=1]'
  BASES: 'coup attempt:__SARE_FRAUD_BADTHINGS,[l=1]'
  BASES: 'crash:__SARE_FRAUD_BADTHINGS,[l=1]'
  BASES: 'disaster:__SARE_FRAUD_BADTHINGS,[l=1]'
  BASES: 'disease:__SARE_FRAUD_BADTHINGS,[l=1]'
  BASES: 'due to the current:__SARE_FRAUD_BADTHINGS,[l=1]'
  BASES: 'exile:__SARE_FRAUD_BADTHINGS,[l=1]'
  BASES: 'fled:__SARE_FRAUD_BADTHINGS,[l=1]'
  BASES: 'flee:__SARE_FRAUD_BADTHINGS,[l=1]'
  BASES: 'have been frozen:__SARE_FRAUD_BADTHINGS,[l=1]'
  BASES: 'impeach:__SARE_FRAUD_BADTHINGS,[l=1]'
  BASES: 'killed:__FRAUD_PTS,[l=1] __SARE_FRAUD_BADTHINGS,[l=1]'
  BASES: 'killing:__FRAUD_PTS,[l=1]'
  BASES: 'land dispute:__SARE_FRAUD_BADTHINGS,[l=1]'
  BASES: 'murder:__FRAUD_PTS,[l=1] __SARE_FRAUD_BADTHINGS,[l=1]'
  BASES: 'over-invoice:__SARE_FRAUD_BADTHINGS,[l=1]'
  BASES: 'plane:__SARE_FRAUD_BADTHINGS,[l=1]'
  BASES: 'poisoned by:__SARE_FRAUD_BADTHINGS,[l=1]'
  BASES: 'poisoned to death by:__SARE_FRAUD_BADTHINGS,[l=1]'
  BASES: 'political crisis:__SARE_FRAUD_BADTHINGS,[l=1]'
  BASES: 'relocate:__SARE_FRAUD_BADTHINGS,[l=1]'
  BASES: 'since the demise:__SARE_FRAUD_BADTHINGS,[l=1]'
  BASES: 'slay:__SARE_FRAUD_BADTHINGS,[l=1]'
  BASES: 'train:__SARE_FRAUD_BADTHINGS,[l=1]'
  BASES: 'war veterans:__FRAUD_PTS,[l=1]'
  BASES: 'wreck:__SARE_FRAUD_BADTHINGS,[l=1]'
  ok 27
  ok 28
  ok 29
  ok 30
  ok 31
  ok 32
  ok 33
  ok 34
  ok 35
  ok 36
  ok 37
  ok 38
  ok 39
  ok 40
  ok 41
  ok 42
  ok 43
  ok 44
  ok 45
  ok 46
  ok 47
  ok 48
  ok 49
  ok 50
  ok 51
  ok 52
  ok 53
  ok 54
  ok 55
  ok 56
  ok 57
  ok 58
  ok 59
  ok 60
  ok 61
  ok 62
  ok 63
  ok 64
  ok 65
  ok 66
  ok 67
  ok 68
  ok 69
  INPUT: VIRUS_WARNING345,[l=1] /(This message contained attachments that have been blocked by Guinevere|This is an automatic message from the Guinevere Internet Antivirus Scanner)\./
  INPUT: VIRUS_WARNING345I,[l=0] /(This message contained attachments that have been blocked by Guinevere|This is an automatic message from the Guinevere Internet Antivirus Scanner)\./i
  BASES: 'this is an automatic message from the guinevere internet ant:VIRUS_WARNING345,[l=1] VIRUS_WARNING345I,[l=0]'
  BASES: 'this message contained attachments that have been blocked by:VIRUS_WARNING345,[l=1] VIRUS_WARNING345I,[l=0]'
  ok 70
  ok 71
  ok 72
  ok 73
  INPUT: FOO,[l=0] /foobar\x{e2}\x{82}\x{ac}baz/
  BASES: 'foobar:FOO,[l=0]'
  ok 74
  ok 75
  ok 76
  INPUT: FOO,[l=1] /(?:Viagra|Valium|Xanax|Soma|Cialis){2}/i
  BASES: 'cialis:FOO,[l=1]'
  BASES: 'soma:FOO,[l=1]'
  BASES: 'valium:FOO,[l=1]'
  BASES: 'viagra:FOO,[l=1]'
  BASES: 'xanax:FOO,[l=1]'
  ok 77
  ok 78
  ok 79
  ok 80
  ok 81
  ok 82
  ok 83
  INPUT: FOO,[l=1] /\brecords (?:[a-z_,-]+ )+?(?:feature|(?:a|re)ward)/i
  BASES: 'records :FOO,[l=1]'
  ok 84
  ok 85
  ok 86
  INPUT: EXCUSE_REMOVE,[l=1] /to .{0,20}(?:mailings|offers)/i
  INPUT: TEST1A,[l=1] /fo(?:oish|o) bar/
  INPUT: TEST2,[l=1] /foody* bar/
  BASES: 'foo bar:TEST1A,[l=1]'
  BASES: 'food:TEST2,[l=1]'
  BASES: 'fooish bar:TEST1A,[l=1]'
  BASES: 'mailings:EXCUSE_REMOVE,[l=1]'
  BASES: 'offers:EXCUSE_REMOVE,[l=1]'
  ok 87
  ok 88
  ok 89
  ok 90
  ok 91
  ok 92
  ok 93
  INPUT: EXCUSE_REMOVE,[l=1] /to .{0,20}(?:mail(ings|food)|o(ffer|blarg)s)/i
  INPUT: TEST2,[l=1] /foody* bar/
  BASES: 'food:TEST2,[l=1]'
  BASES: 'mailfood:EXCUSE_REMOVE,[l=1] TEST2,[l=1]'
  BASES: 'mailings:EXCUSE_REMOVE,[l=1]'
  BASES: 'oblargs:EXCUSE_REMOVE,[l=1]'
  BASES: 'offers:EXCUSE_REMOVE,[l=1]'
  ok 94
  ok 95
  ok 96
  ok 97
  ok 98
  ok 99
  ok 100
  INPUT: EXCUSE_REMOVE,[l=1] /to be removed from.{0,20}(?:mailings|offers)/i
  INPUT: FOO,[l=1] /foo bar/
  INPUT: KAM_STOCKTIP15,[l=1] /(?:Nano Superlattice Technology|NSLT)/is
  INPUT: TEST1,[l=1] /foo(?:ish)? bar/
  INPUT: TEST1A,[l=1] /fo(?:oish|o) bar/
  INPUT: TEST1B,[l=1] /fo(?:oish|o)? bar/
  INPUT: TEST2,[l=1] /foody* bar/
  INPUT: TEST3,[l=1] /foody? bar/
  INPUT: TEST4,[l=1] /A(?i:ct) N(?i:ow)/
  INPUT: TEST5,[l=1] /time to refinance|refinanc\w{1,3}\b.{0,16}\bnow\b/i
  INPUT: TEST6,[l=1] /(?:Current|Target)(?: Price)?:\s+\$(?:O\.|\d\.O)/
  BASES: 'act now:TEST4,[l=1]'
  BASES: 'current price::TEST6,[l=1]'
  BASES: 'current::TEST6,[l=1]'
  BASES: 'fo bar:TEST1B,[l=1]'
  BASES: 'foo bar:FOO,[l=1] TEST1,[l=1] TEST1A,[l=1] TEST1B,[l=1]'
  BASES: 'food:TEST2,[l=1]'
  BASES: 'food bar:TEST2,[l=1] TEST3,[l=1]'
  BASES: 'foody bar:TEST2,[l=1] TEST3,[l=1]'
  BASES: 'fooish bar:TEST1,[l=1] TEST1A,[l=1] TEST1B,[l=1]'
  BASES: 'nano superlattice technology:KAM_STOCKTIP15,[l=1]'
  BASES: 'nslt:KAM_STOCKTIP15,[l=1]'
  BASES: 'refinanc:TEST5,[l=1]'
  BASES: 'target price::TEST6,[l=1]'
  BASES: 'target::TEST6,[l=1]'
  BASES: 'to be removed from:EXCUSE_REMOVE,[l=1]'
  ok 101
  ok 102
  ok 103
  ok 104
  ok 105
  ok 106
  ok 107
  ok 108
  ok 109
  ok 110
  ok 111
  ok 112
  ok 113
  ok 114
  ok 115
  ok 116
  ok 117
  ok 118
  INPUT: EXCUSE_REMOVE,[l=1] /to be removed from.{0,20}(?:mailings|offers)/i
  INPUT: FOO,[l=1] /foo bar/
  BASES: 'foo bar:FOO,[l=1]'
  BASES: 'to be removed from:EXCUSE_REMOVE,[l=1]'
  ok 119
  ok 120
  ok 121
  ok 122
  ok 123
  ok 124
  ok 125
  ]]>
  </system-out><system-err />
  </testsuite>
  <testsuite failures="0"
             errors="0"
             tests="6"
             time="0"
             name="make_test.t_recips_t"
             id="45">
    <testcase time="0"
              name="test      1"
              classname="make_test.t_recips_t" />
    <testcase time="0"
              name="test      2"
              classname="make_test.t_recips_t" />

    <testcase time="0"
              name="test      3"
              classname="make_test.t_recips_t" />
    <testcase time="0"
              name="test      4"
              classname="make_test.t_recips_t" />
    <testcase time="0"
              name="test      5"
              classname="make_test.t_recips_t" />
    <testcase time="0"
              name="test      6"
              classname="make_test.t_recips_t" /><system-out>
  <![CDATA[1..6
  # Running under perl version 5.008006 for solaris
  # Current time local: Thu Mar 27 09:20:20 2008
  # Current time GMT:   Thu Mar 27 09:20:20 2008
  # Using Test.pm version 1.25
  	/export/home/jm/tools/perl586/bin/perl -T -w ../spamassassin.raw -C log/test_rules_copy  --siteconfigpath log/localrules.tmp -p log/test_default.cf  -L -t < data/spam/010
  	Checking SORTED_RECIPS
  ok 1
  	Checking SUSPICIOUS_RECIPS
  ok 2
  	/export/home/jm/tools/perl586/bin/perl -T -w ../spamassassin.raw -C log/test_rules_copy  --siteconfigpath log/localrules.tmp -p log/test_default.cf  -L -t < data/spam/011
  	Checking SUSPICIOUS_RECIPS
  ok 3
  	Checking for anti-pattern SORTED_RECIPS
  ok 4
  	/export/home/jm/tools/perl586/bin/perl -T -w ../spamassassin.raw -C log/test_rules_copy  --siteconfigpath log/localrules.tmp -p log/test_default.cf  -L -t < data/nice/006
  	Checking for anti-pattern SORTED_RECIPS
  ok 5
  	Checking for anti-pattern SUSPICIOUS_RECIPS
  ok 6
  ]]>
  </system-out><system-err />
  </testsuite>
  <testsuite failures="0"
             errors="0"
             tests="9"
             time="0"
             name="make_test.t_recreate_t"
             id="46">
    <testcase time="0"
              name="test      1"
              classname="make_test.t_recreate_t" />

    <testcase time="0"
              name="test      2"
              classname="make_test.t_recreate_t" />
    <testcase time="0"
              name="test      3"
              classname="make_test.t_recreate_t" />
    <testcase time="0"
              name="test      4"
              classname="make_test.t_recreate_t" />
    <testcase time="0"
              name="test      5"
              classname="make_test.t_recreate_t" />
    <testcase time="0"
              name="test      6"
              classname="make_test.t_recreate_t" />
    <testcase time="0"
              name="test      7"
              classname="make_test.t_recreate_t" />
    <testcase time="0"
              name="test      8"
              classname="make_test.t_recreate_t" />
    <testcase time="0"
              name="test      9"
              classname="make_test.t_recreate_t" /><system-out>
  <![CDATA[1..9
  # Running under perl version 5.008006 for solaris
  # Current time local: Thu Mar 27 09:20:24 2008
  # Current time GMT:   Thu Mar 27 09:20:24 2008
  # Using Test.pm version 1.25
  plugin: failed to parse plugin /zonestorage/hudson/home/hudson/hudson/jobs/SpamAssassin-trunk/workspace/sa_trunk/t/../t/log/test_rules_copy/sandbox-hstern.pm: Can't locate /zonestorage/hudson/home/hudson/hudson/jobs/SpamAssassin-trunk/workspace/sa_trunk/t/../t/log/test_rules_copy/sandbox-hstern.pm in @INC (@INC contains: ../blib/lib t . /zonestorage/hudson/home/hudson/hudson/jobs/SpamAssassin-trunk/workspace/sa_trunk/blib/lib /zonestorage/hudson/home/hudson/hudson/jobs/SpamAssassin-trunk/workspace/sa_trunk/blib/arch /local/perl586/lib/5.8.6/i86pc-solaris /local/perl586/lib/5.8.6 /local/perl586/lib/site_perl/5.8.6/i86pc-solaris /local/perl586/lib/site_perl/5.8.6 /local/perl586/lib/site_perl) at ../blib/lib/Mail/SpamAssassin/PluginHandler.pm line 108.

  [ignored warning, not recreate-related]
  plugin: failed to parse plugin /zonestorage/hudson/home/hudson/hudson/jobs/SpamAssassin-trunk/workspace/sa_trunk/t/../t/log/test_rules_copy/sandbox-felicity.pm: Can't locate /zonestorage/hudson/home/hudson/hudson/jobs/SpamAssassin-trunk/workspace/sa_trunk/t/../t/log/test_rules_copy/sandbox-felicity.pm in @INC (@INC contains: ../blib/lib t . /zonestorage/hudson/home/hudson/hudson/jobs/SpamAssassin-trunk/workspace/sa_trunk/blib/lib /zonestorage/hudson/home/hudson/hudson/jobs/SpamAssassin-trunk/workspace/sa_trunk/blib/arch /local/perl586/lib/5.8.6/i86pc-solaris /local/perl586/lib/5.8.6 /local/perl586/lib/site_perl/5.8.6/i86pc-solaris /local/perl586/lib/site_perl/5.8.6 /local/perl586/lib/site_perl) at ../blib/lib/Mail/SpamAssassin/PluginHandler.pm line 108.

  [ignored warning, not recreate-related]
  ok 1
  ok 2
  ok 3
  ok 4
  plugin: failed to parse plugin /zonestorage/hudson/home/hudson/hudson/jobs/SpamAssassin-trunk/workspace/sa_trunk/t/../t/log/test_rules_copy/sandbox-hstern.pm: Can't locate /zonestorage/hudson/home/hudson/hudson/jobs/SpamAssassin-trunk/workspace/sa_trunk/t/../t/log/test_rules_copy/sandbox-hstern.pm in @INC (@INC contains: ../blib/lib t . /zonestorage/hudson/home/hudson/hudson/jobs/SpamAssassin-trunk/workspace/sa_trunk/blib/lib /zonestorage/hudson/home/hudson/hudson/jobs/SpamAssassin-trunk/workspace/sa_trunk/blib/arch /local/perl586/lib/5.8.6/i86pc-solaris /local/perl586/lib/5.8.6 /local/perl586/lib/site_perl/5.8.6/i86pc-solaris /local/perl586/lib/site_perl/5.8.6 /local/perl586/lib/site_perl) at ../blib/lib/Mail/SpamAssassin/PluginHandler.pm line 108.

  [ignored warning, not recreate-related]
  plugin: failed to parse plugin /zonestorage/hudson/home/hudson/hudson/jobs/SpamAssassin-trunk/workspace/sa_trunk/t/../t/log/test_rules_copy/sandbox-felicity.pm: Can't locate /zonestorage/hudson/home/hudson/hudson/jobs/SpamAssassin-trunk/workspace/sa_trunk/t/../t/log/test_rules_copy/sandbox-felicity.pm in @INC (@INC contains: ../blib/lib t . /zonestorage/hudson/home/hudson/hudson/jobs/SpamAssassin-trunk/workspace/sa_trunk/blib/lib /zonestorage/hudson/home/hudson/hudson/jobs/SpamAssassin-trunk/workspace/sa_trunk/blib/arch /local/perl586/lib/5.8.6/i86pc-solaris /local/perl586/lib/5.8.6 /local/perl586/lib/site_perl/5.8.6/i86pc-solaris /local/perl586/lib/site_perl/5.8.6 /local/perl586/lib/site_perl) at ../blib/lib/Mail/SpamAssassin/PluginHandler.pm line 108.

  [ignored warning, not recreate-related]
  ok 5
  ok 6
  ok 7
  ok 8
  ok 9
  ]]>

  </system-out><system-err />
  </testsuite>
  <testsuite failures="0"
             errors="0"
             tests="10"
             time="0"
             name="make_test.t_recursion_t"
             id="47">
    <testcase time="0"
              name="test      1"
              classname="make_test.t_recursion_t" />
    <testcase time="0"
              name="test      2"
              classname="make_test.t_recursion_t" />
    <testcase time="0"
              name="test      3"
              classname="make_test.t_recursion_t" />
    <testcase time="0"
              name="test      4"
              classname="make_test.t_recursion_t" />
    <testcase time="0"
              name="test      5"
              classname="make_test.t_recursion_t" />
    <testcase time="0"
              name="test      6"
              classname="make_test.t_recursion_t" />

    <testcase time="0"
              name="test      7"
              classname="make_test.t_recursion_t" />
    <testcase time="0"
              name="test      8"
              classname="make_test.t_recursion_t" />
    <testcase time="0"
              name="test      9"
              classname="make_test.t_recursion_t" />
    <testcase time="0"
              name="test     10"
              classname="make_test.t_recursion_t" /><system-out>
  <![CDATA[1..10
  # Running under perl version 5.008006 for solaris
  # Current time local: Thu Mar 27 09:20:27 2008
  # Current time GMT:   Thu Mar 27 09:20:27 2008
  # Using Test.pm version 1.25
  ok 1
  	/export/home/jm/tools/perl586/bin/perl -T -w ../spamassassin.raw -C log/test_rules_copy  --siteconfigpath log/localrules.tmp -p log/test_default.cf  -D -L -t < log/recurse.eml
  # [13589] dbg: logger: adding facilities: all
  [13589] dbg: logger: logging level is DBG
  [13589] dbg: generic: SpamAssassin version 3.3.0-r613124
  [13589] dbg: config: timing enabled
  [13589] dbg: config: score set 0 chosen.
  [13589] dbg: util: running in taint mode? yes
  [13589] dbg: util: taint mode: deleting unsafe environment variables, resetting PATH
  [13589] dbg: util: PATH included '/export/home/jm/tools/perl586/bin', keeping
  [13589] dbg: util: PATH included '/usr/ccs/bin', keeping
  [13589] dbg: util: PATH included '/sbin', keeping
  [13589] dbg: util: PATH included '/usr/sbin', keeping
  [13589] dbg: util: PATH included '/etc', keeping
  [13589] dbg: util: PATH included '/usr/etc', which doesn't exist, dropping
  [13589] dbg: util: PATH included '/usr/local/bin', which doesn't exist, dropping
  [13589] dbg: util: PATH included '/usr/bin/mh', which doesn't exist, dropping
  [13589] dbg: util: PATH included '/export/home/jm/bin', keeping
  [13589] dbg: util: PATH included '/sbin', keeping
  [13589] dbg: util: PATH included '/usr/sbin', keeping
  [13589] dbg: util: PATH included '/etc', keeping
  [13589] dbg: util: PATH included '/usr/etc', which doesn't exist, dropping
  [13589] dbg: util: PATH included '/usr/local/bin', which doesn't exist, dropping
  [13589] dbg: util: PATH included '/usr/bin/mh', which doesn't exist, dropping
  [13589] dbg: util: PATH included '/export/home/jm/bin', keeping
  [13589] dbg: util: PATH included '/sbin', keeping
  [13589] dbg: util: PATH included '/usr/sbin', keeping
  [13589] dbg: util: PATH included '/etc', keeping
  [13589] dbg: util: PATH included '/usr/etc', which doesn't exist, dropping
  [13589] dbg: util: PATH included '/usr/local/bin', which doesn't exist, dropping
  [13589] dbg: util: PATH included '/usr/bin/mh', which doesn't exist, dropping
  [13589] dbg: util: PATH included '/usr/bin', keeping
  [13589] dbg: util: PATH included '/opt/sfw/bin', keeping
  [13589] dbg: util: final PATH set to: /export/home/jm/tools/perl586/bin:/usr/ccs/bin:/sbin:/usr/sbin:/etc:/export/home/jm/bin:/sbin:/usr/sbin:/etc:/export/home/jm/bin:/sbin:/usr/sbin:/etc:/usr/bin:/opt/sfw/bin
  [13589] dbg: dns: no ipv6
  [13589] dbg: dns: is Net::DNS::Resolver available? yes
  [13589] dbg: dns: Net::DNS version: 0.49
  [13589] dbg: config: using "log/localrules.tmp" for site rules pre files
  [13589] dbg: config: read file log/localrules.tmp/init.pre
  [13589] dbg: config: read file log/localrules.tmp/svn_only.pre
  [13589] dbg: config: read file log/localrules.tmp/v310.pre
  [13589] dbg: config: read file log/localrules.tmp/v312.pre
  [13589] dbg: config: read file log/localrules.tmp/v320.pre
  [13589] dbg: config: using "log/test_rules_copy" for sys rules pre files
  [13589] dbg: config: read file log/test_rules_copy/init.pre
  [13589] dbg: config: read file log/test_rules_copy/svn_only.pre
  [13589] dbg: config: read file log/test_rules_copy/v310.pre
  [13589] dbg: config: read file log/test_rules_copy/v312.pre
  [13589] dbg: config: read file log/test_rules_copy/v320.pre
  [13589] dbg: config: using "log/test_rules_copy" for default rules dir
  [13589] dbg: config: read file log/test_rules_copy/01_test_rules.cf
  [13589] dbg: config: read file log/test_rules_copy/10_default_prefs.cf
  [13589] dbg: config: read file log/test_rules_copy/20_advance_fee.cf
  [13589] dbg: config: read file log/test_rules_copy/20_body_tests.cf
  [13589] dbg: config: read file log/test_rules_copy/20_compensate.cf
  [13589] dbg: config: read file log/test_rules_copy/20_dnsbl_tests.cf
  [13589] dbg: config: read file log/test_rules_copy/20_drugs.cf
  [13589] dbg: config: read file log/test_rules_copy/20_dynrdns.cf
  [13589] dbg: config: read file log/test_rules_copy/20_fake_helo_tests.cf
  [13589] dbg: config: read file log/test_rules_copy/20_head_tests.cf
  [13589] dbg: config: read file log/test_rules_copy/20_html_tests.cf
  [13589] dbg: config: read file log/test_rules_copy/20_imageinfo.cf
  [13589] dbg: config: read file log/test_rules_copy/20_meta_tests.cf
  [13589] dbg: config: read file log/test_rules_copy/20_net_tests.cf
  [13589] dbg: config: read file log/test_rules_copy/20_phrases.cf
  [13589] dbg: config: read file log/test_rules_copy/20_porn.cf
  [13589] dbg: config: read file log/test_rules_copy/20_ratware.cf
  [13589] dbg: config: read file log/test_rules_copy/20_uri_tests.cf
  [13589] dbg: config: read file log/test_rules_copy/20_vbounce.cf
  [13589] dbg: config: read file log/test_rules_copy/23_bayes.cf
  [13589] dbg: config: read file log/test_rules_copy/25_accessdb.cf
  [13589] dbg: config: read file log/test_rules_copy/25_antivirus.cf
  [13589] dbg: config: read file log/test_rules_copy/25_asn.cf
  [13589] dbg: config: read file log/test_rules_copy/25_dcc.cf
  [13589] dbg: config: read file log/test_rules_copy/25_dkim.cf
  [13589] dbg: config: read file log/test_rules_copy/25_domainkeys.cf
  [13589] dbg: config: read file log/test_rules_copy/25_hashcash.cf
  [13589] dbg: config: read file log/test_rules_copy/25_pyzor.cf
  [13589] dbg: config: read file log/test_rules_copy/25_razor2.cf
  [13589] dbg: config: read file log/test_rules_copy/25_replace.cf
  [13589] dbg: config: read file log/test_rules_copy/25_spf.cf
  [13589] dbg: config: read file log/test_rules_copy/25_textcat.cf
  [13589] dbg: config: read file log/test_rules_copy/25_uribl.cf
  [13589] dbg: config: read file log/test_rules_copy/30_text_de.cf
  [13589] dbg: config: read file log/test_rules_copy/30_text_fr.cf
  [13589] dbg: config: read file log/test_rules_copy/30_text_it.cf
  [13589] dbg: config: read file log/test_rules_copy/30_text_nl.cf
  [13589] dbg: config: read file log/test_rules_copy/30_text_pl.cf
  [13589] dbg: config: read file log/test_rules_copy/30_text_pt_br.cf
  [13589] dbg: config: read file log/test_rules_copy/50_scores.cf
  [13589] dbg: config: read file log/test_rules_copy/60_awl.cf
  [13589] dbg: config: read file log/test_rules_copy/60_shortcircuit.cf
  [13589] dbg: config: read file log/test_rules_copy/60_whitelist.cf
  [13589] dbg: config: read file log/test_rules_copy/60_whitelist_dk.cf
  [13589] dbg: config: read file log/test_rules_copy/60_whitelist_dkim.cf
  [13589] dbg: config: read file log/test_rules_copy/60_whitelist_spf.cf
  [13589] dbg: config: read file log/test_rules_copy/60_whitelist_subject.cf
  [13589] dbg: config: read file log/test_rules_copy/70_sandbox.cf
  [13589] dbg: config: read file log/test_rules_copy/72_active.cf
  [13589] dbg: config: read file log/test_rules_copy/99_test_default.cf
  [13589] dbg: config: read file log/test_rules_copy/local.cf
  [13589] dbg: config: read file log/test_rules_copy/regression_tests.cf
  [13589] dbg: config: using "log/localrules.tmp" for site rules dir
  [13589] dbg: config: using "/export/home/hudson/.spamassassin" for user state dir
  [13589] dbg: config: using "log/test_default.cf" for user prefs file
  [13589] dbg: plugin: loading Mail::SpamAssassin::Plugin::URIDNSBL from @INC
  [13589] dbg: plugin: loading Mail::SpamAssassin::Plugin::Hashcash from @INC
  [13589] dbg: plugin: loading Mail::SpamAssassin::Plugin::SPF from @INC
  [13589] dbg: plugin: loading Mail::SpamAssassin::Plugin::Pyzor from @INC
  [13589] dbg: pyzor: local tests only, disabling Pyzor
  [13589] dbg: plugin: loading Mail::SpamAssassin::Plugin::Razor2 from @INC
  [13589] dbg: razor2: local tests only, skipping Razor
  [13589] dbg: plugin: loading Mail::SpamAssassin::Plugin::SpamCop from @INC
  [13589] dbg: reporter: local tests only, disabling SpamCop
  [13589] dbg: plugin: loading Mail::SpamAssassin::Plugin::AWL from @INC
  [13589] dbg: plugin: loading Mail::SpamAssassin::Plugin::AutoLearnThreshold from @INC
  [13589] dbg: plugin: loading Mail::SpamAssassin::Plugin::WhiteListSubject from @INC
  [13589] dbg: plugin: loading Mail::SpamAssassin::Plugin::MIMEHeader from @INC
  [13589] dbg: plugin: loading Mail::SpamAssassin::Plugin::ReplaceTags from @INC
  [13589] dbg: plugin: loading Mail::SpamAssassin::Plugin::Check from @INC
  [13589] dbg: plugin: loading Mail::SpamAssassin::Plugin::HTTPSMismatch from @INC
  [13589] dbg: plugin: loading Mail::SpamAssassin::Plugin::URIDetail from @INC
  [13589] dbg: plugin: loading Mail::SpamAssassin::Plugin::Bayes from @INC
  [13589] dbg: plugin: loading Mail::SpamAssassin::Plugin::BodyEval from @INC
  [13589] dbg: plugin: loading Mail::SpamAssassin::Plugin::DNSEval from @INC
  [13589] dbg: plugin: loading Mail::SpamAssassin::Plugin::HTMLEval from @INC
  [13589] dbg: plugin: loading Mail::SpamAssassin::Plugin::HeaderEval from @INC
  [13589] dbg: plugin: loading Mail::SpamAssassin::Plugin::MIMEEval from @INC
  [13589] dbg: plugin: loading Mail::SpamAssassin::Plugin::RelayEval from @INC
  [13589] dbg: plugin: loading Mail::SpamAssassin::Plugin::URIEval from @INC
  [13589] dbg: plugin: loading Mail::SpamAssassin::Plugin::WLBLEval from @INC
  [13589] dbg: plugin: loading Mail::SpamAssassin::Plugin::VBounce from @INC
  [13589] dbg: plugin: loading Mail::SpamAssassin::Plugin::ImageInfo from @INC
  [13589] dbg: plugin: did not register Mail::SpamAssassin::Plugin::URIDNSBL, already registered
  [13589] dbg: plugin: did not register Mail::SpamAssassin::Plugin::Hashcash, already registered
  [13589] dbg: plugin: did not register Mail::SpamAssassin::Plugin::SPF, already registered
  [13589] dbg: plugin: did not register Mail::SpamAssassin::Plugin::Pyzor, already registered
  [13589] dbg: plugin: did not register Mail::SpamAssassin::Plugin::Razor2, already registered
  [13589] dbg: plugin: did not register Mail::SpamAssassin::Plugin::SpamCop, already registered
  [13589] dbg: plugin: did not register Mail::SpamAssassin::Plugin::AWL, already registered
  [13589] dbg: plugin: did not register Mail::SpamAssassin::Plugin::AutoLearnThreshold, already registered
  [13589] dbg: plugin: did not register Mail::SpamAssassin::Plugin::WhiteListSubject, already registered
  [13589] dbg: plugin: did not register Mail::SpamAssassin::Plugin::MIMEHeader, already registered
  [13589] dbg: plugin: did not register Mail::SpamAssassin::Plugin::ReplaceTags, already registered
  [13589] dbg: plugin: did not register Mail::SpamAssassin::Plugin::Check, already registered
  [13589] dbg: plugin: did not register Mail::SpamAssassin::Plugin::HTTPSMismatch, already registered
  [13589] dbg: plugin: did not register Mail::SpamAssassin::Plugin::URIDetail, already registered
  [13589] dbg: plugin: did not register Mail::SpamAssassin::Plugin::Bayes, already registered
  [13589] dbg: plugin: did not register Mail::SpamAssassin::Plugin::BodyEval, already registered
  [13589] dbg: plugin: did not register Mail::SpamAssassin::Plugin::DNSEval, already registered
  [13589] dbg: plugin: did not register Mail::SpamAssassin::Plugin::HTMLEval, already registered
  [13589] dbg: plugin: did not register Mail::SpamAssassin::Plugin::HeaderEval, already registered
  [13589] dbg: plugin: did not register Mail::SpamAssassin::Plugin::MIMEEval, already registered
  [13589] dbg: plugin: did not register Mail::SpamAssassin::Plugin::RelayEval, already registered
  [13589] dbg: plugin: did not register Mail::SpamAssassin::Plugin::URIEval, already registered
  [13589] dbg: plugin: did not register Mail::SpamAssassin::Plugin::WLBLEval, already registered
  [13589] dbg: plugin: did not register Mail::SpamAssassin::Plugin::VBounce, already registered
  [13589] dbg: plugin: did not register Mail::SpamAssassin::Plugin::ImageInfo, already registered
  [13589] dbg: config: fixed relative path: log/test_rules_copy/sandbox-hstern.pm
  [13589] dbg: plugin: loading Mail::SpamAssassin::Plugin::Sandbox::hstern from /zonestorage/hudson/home/hudson/hudson/jobs/SpamAssassin-trunk/workspace/sa_trunk/t/log/test_rules_copy/sandbox-hstern.pm
  [13589] dbg: config: fixed relative path: log/test_rules_copy/sandbox-felicity.pm
  [13589] dbg: plugin: loading Mail::SpamAssassin::Plugin::Sandbox::felicity from /zonestorage/hudson/home/hudson/hudson/jobs/SpamAssassin-trunk/workspace/sa_trunk/t/log/test_rules_copy/sandbox-felicity.pm
  [13589] dbg: rules: __MO_OL_9B90B merged duplicates: __MO_OL_C65FA
  [13589] dbg: rules: FORGED_YAHOO_RCVD merged duplicates: TEST_FORGED_YAHOO_RCVD
  [13589] dbg: rules: __XM_OL_22B61 merged duplicates: __XM_OL_A842E
  [13589] dbg: rules: __MO_OL_07794 merged duplicates: __MO_OL_8627E __MO_OL_F3B05
  [13589] dbg: rules: HS_INDEX_PARAM merged duplicates: T_HS_INDEX_PARAM_5
  [13589] dbg: rules: __XM_OL_07794 merged duplicates: __XM_OL_25340 __XM_OL_3857F __XM_OL_4F240 __XM_OL_58CB5 __XM_OL_6554A __XM_OL_812FF __XM_OL_C65FA __XM_OL_CF0C0 __XM_OL_F475E __XM_OL_F6D01
  [13589] dbg: rules: FH_MSGID_01C67 merged duplicates: __MSGID_VGA
  [13589] dbg: rules: FS_NEW_SOFT_UPLOAD merged duplicates: HS_SUBJ_NEW_SOFTWARE
  [13589] dbg: rules: __FH_HAS_XMSMAIL merged duplicates: __HAS_MSMAIL_PRI
  [13589] dbg: rules: __MO_OL_91287 merged duplicates: __MO_OL_B30D1 __MO_OL_CF0C0
  [13589] dbg: rules: KAM_STOCKOTC merged duplicates: KAM_STOCKTIP15 KAM_STOCKTIP20 KAM_STOCKTIP21 KAM_STOCKTIP4 KAM_STOCKTIP6
  [13589] dbg: rules: __XM_OL_015D5 merged duplicates: __XM_OL_4BF4C __XM_OL_4EEDB __XM_OL_5B79A __XM_OL_9B90B __XM_OL_ADFF7 __XM_OL_B30D1 __XM_OL_B4B40 __XM_OL_BC7E6 __XM_OL_F3B05 __XM_OL_FF5C8
  [13589] dbg: rules: __MO_OL_015D5 merged duplicates: __MO_OL_6554A
  [13589] dbg: rules: __MO_OL_22B61 merged duplicates: __MO_OL_4F240 __MO_OL_ADFF7
  [13589] dbg: rules: __MO_OL_812FF merged duplicates: __MO_OL_BC7E6
  [13589] dbg: rules: EXCUSE_4 merged duplicates: TEST_EXCUSE_4
  [13589] dbg: rules: __MO_OL_25340 merged duplicates: __MO_OL_4EEDB __MO_OL_7533E
  [13589] dbg: rules: __MO_OL_58CB5 merged duplicates: __MO_OL_B4B40
  [13589] dbg: rules: __DOS_HAS_ANY_URI merged duplicates: __HAS_ANY_URI
  [13589] dbg: rules: TEST_ENDSNUMS merged duplicates: __FROM_ENDS_IN_NUMS
  [13589] dbg: rules: NORMAL_HTTP_TO_IP merged duplicates: TEST_NORMAL_HTTP_TO_IP
  [13589] dbg: rules: __THEBAT_MUA merged duplicates: __XM_THEBAT
  [13589] dbg: rules: __MO_OL_72641 merged duplicates: __MO_OL_A842E
  [13589] dbg: rules: __MO_OL_4BF4C merged duplicates: __MO_OL_F6D01
  [13589] dbg: rules: __MO_OL_F475E merged duplicates: __MO_OL_FF5C8
  [13589] dbg: conf: finish parsing
  [13589] dbg: plugin: Mail::SpamAssassin::Plugin::ReplaceTags=HASH(0x8d0fa74) implements 'finish_parsing_end', priority 0
  [13589] dbg: replacetags: replacing tags
  [13589] dbg: replacetags: done replacing tags
  [13589] dbg: plugin: Mail::SpamAssassin::Plugin::Bayes=HASH(0x9015f50) implements 'learner_new', priority 0
  [13589] dbg: plugin: Mail::SpamAssassin::Plugin::Bayes=HASH(0x9015f50) implements 'learner_is_scan_available', priority 0
  [13589] dbg: bayes: DB_File module not installed, cannot use bayes
  [13589] dbg: config: score set 0 chosen.
  [13589] dbg: message: main message type: multipart/report
  [13589] dbg: plugin: Mail::SpamAssassin::Plugin::DNSEval=HASH(0x92c2cf8) implements 'check_start', priority 0
  [13589] dbg: bayes: DB_File module not installed, cannot use bayes
  [13589] dbg: plugin: Mail::SpamAssassin::Plugin::Check=HASH(0x8ffada4) implements 'check_main', priority 0
  [13589] dbg: conf: trusted_networks are not configured; it is recommended that you configure trusted_networks manually
  [13589] dbg: metadata: X-Spam-Relays-Trusted:
  [13589] dbg: metadata: X-Spam-Relays-Untrusted:
  [13589] dbg: metadata: X-Spam-Relays-Internal:
  [13589] dbg: metadata: X-Spam-Relays-External:
  [13589] dbg: message: ---- MIME PARSER START ----
  [13589] dbg: message: parsing multipart, got boundary: AAAAAAAAAAAAAAAAAXC
  [13589] dbg: message: found part of type text/plain, boundary: AAAAAAAAAAAAAAAAAXC
  [13589] dbg: message: added part, type: text/plain
  [13589] dbg: message: found part of type message/delivery-status, boundary: AAAAAAAAAAAAAAAAAXC
  [13589] dbg: message: added part, type: message/delivery-status
  [13589] dbg: message: found part of type message/rfc822, boundary: AAAAAAAAAAAAAAAAAXC
  [13589] dbg: message: added part, type: message/rfc822
  [13589] dbg: message: parsing normal part
  [13589] dbg: message: parsing normal part
  [13589] dbg: message: no encoding detected
  [13589] dbg: message: main message type: text/plain
  [13589] dbg: message: added part, type: text/plain
  [13589] dbg: message: parsing normal part
  [13589] dbg: message: no encoding detected
  [13589] dbg: message: main message type: multipart/report
  [13589] dbg: message: added part, type: multipart/report
  [13589] dbg: message: parsing normal part
  [13589] dbg: message: parsing multipart, got boundary: AAAAAAAAAAAAAAAAAXB
  [13589] dbg: message: found part of type text/plain, boundary: AAAAAAAAAAAAAAAAAXB
  [13589] dbg: message: added part, type: text/plain
  [13589] dbg: message: found part of type message/delivery-status, boundary: AAAAAAAAAAAAAAAAAXB
  [13589] dbg: message: added part, type: message/delivery-status
  [13589] dbg: message: found part of type message/rfc822, boundary: AAAAAAAAAAAAAAAAAXB
  [13589] dbg: message: added part, type: message/rfc822
  [13589] dbg: message: parsing normal part
  [13589] dbg: message: parsing normal part
  [13589] dbg: message: no encoding detected
  [13589] dbg: message: main message type: text/plain
  [13589] dbg: message: added part, type: text/plain
  [13589] dbg: message: parsing normal part
  [13589] dbg: message: no encoding detected
  [13589] dbg: message: main message type: multipart/report
  [13589] dbg: message: added part, type: multipart/report
  [13589] dbg: message: parsing normal part
  [13589] dbg: message: parsing multipart, got boundary: AAAAAAAAAAAAAAAAAXA
  [13589] dbg: message: found part of type text/plain, boundary: AAAAAAAAAAAAAAAAAXA
  [13589] dbg: message: added part, type: text/plain
  [13589] dbg: message: found part of type message/delivery-status, boundary: AAAAAAAAAAAAAAAAAXA
  [13589] dbg: message: added part, type: message/delivery-status
  [13589] dbg: message: found part of type message/rfc822, boundary: AAAAAAAAAAAAAAAAAXA
  [13589] dbg: message: added part, type: message/rfc822
  [13589] dbg: message: parsing normal part
  [13589] dbg: message: parsing normal part
  [13589] dbg: message: no encoding detected
  [13589] dbg: message: main message type: text/plain
  [13589] dbg: message: added part, type: text/plain
  [13589] dbg: message: parsing normal part
  [13589] dbg: message: no encoding detected
  [13589] dbg: message: main message type: multipart/report
  [13589] dbg: message: added part, type: multipart/report
  [13589] dbg: message: parsing normal part
  [13589] dbg: message: parsing multipart, got boundary: AAAAAAAAAAAAAAAAAWZ
  [13589] dbg: message: found part of type text/plain, boundary: AAAAAAAAAAAAAAAAAWZ
  [13589] dbg: message: added part, type: text/plain
  [13589] dbg: message: found part of type message/delivery-status, boundary: AAAAAAAAAAAAAAAAAWZ
  [13589] dbg: message: added part, type: message/delivery-status
  [13589] dbg: message: found part of type message/rfc822, boundary: AAAAAAAAAAAAAAAAAWZ
  [13589] dbg: message: added part, type: message/rfc822
  [13589] dbg: message: parsing normal part
  [13589] dbg: message: parsing normal part
  [13589] dbg: message: no encoding detected
  [13589] dbg: message: main message type: text/plain
  [13589] dbg: message: added part, type: text/plain
  [13589] dbg: message: parsing normal part
  [13589] dbg: message: no encoding detected
  [13589] dbg: message: main message type: multipart/report
  [13589] dbg: message: added part, type: multipart/report
  [13589] dbg: message: parsing normal part
  [13589] dbg: message: parsing multipart, got boundary: AAAAAAAAAAAAAAAAAWY
  [13589] dbg: message: found part of type text/plain, boundary: AAAAAAAAAAAAAAAAAWY
  [13589] dbg: message: added part, type: text/plain
  [13589] dbg: message: found part of type message/delivery-status, boundary: AAAAAAAAAAAAAAAAAWY
  [13589] dbg: message: added part, type: message/delivery-status
  [13589] dbg: message: found part of type message/rfc822, boundary: AAAAAAAAAAAAAAAAAWY
  [13589] dbg: message: added part, type: message/rfc822
  [13589] dbg: message: parsing normal part
  [13589] dbg: message: parsing normal part
  [13589] dbg: message: no encoding detected
  [13589] dbg: message: main message type: text/plain
  [13589] dbg: message: added part, type: text/plain
  [13589] dbg: message: parsing normal part
  [13589] dbg: message: no encoding detected
  [13589] dbg: message: main message type: multipart/report
  [13589] dbg: message: added part, type: multipart/report
  [13589] dbg: message: parsing normal part
  [13589] dbg: message: parsing multipart, got boundary: AAAAAAAAAAAAAAAAAWX
  [13589] dbg: message: found part of type text/plain, boundary: AAAAAAAAAAAAAAAAAWX
  [13589] dbg: message: added part, type: text/plain
  [13589] dbg: message: found part of type message/delivery-status, boundary: AAAAAAAAAAAAAAAAAWX
  [13589] dbg: message: added part, type: message/delivery-status
  [13589] dbg: message: found part of type message/rfc822, boundary: AAAAAAAAAAAAAAAAAWX
  [13589] dbg: message: added part, type: message/rfc822
  [13589] dbg: message: parsing normal part
  [13589] dbg: message: parsing normal part
  [13589] dbg: message: no encoding detected
  [13589] dbg: message: main message type: text/plain
  [13589] dbg: message: added part, type: text/plain
  [13589] dbg: message: parsing normal part
  [13589] dbg: message: no encoding detected
  [13589] dbg: message: main message type: multipart/report
  [13589] dbg: message: added part, type: multipart/report
  [13589] dbg: message: parsing normal part
  [13589] dbg: message: parsing multipart, got boundary: AAAAAAAAAAAAAAAAAWW
  [13589] dbg: message: found part of type text/plain, boundary: AAAAAAAAAAAAAAAAAWW
  [13589] dbg: message: added part, type: text/plain
  [13589] dbg: message: found part of type message/delivery-status, boundary: AAAAAAAAAAAAAAAAAWW
  [13589] dbg: message: added part, type: message/delivery-status
  [13589] dbg: message: found part of type message/rfc822, boundary: AAAAAAAAAAAAAAAAAWW
  [13589] dbg: message: added part, type: message/rfc822
  [13589] dbg: message: parsing normal part
  [13589] dbg: message: parsing normal part
  [13589] dbg: message: no encoding detected
  [13589] dbg: message: main message type: text/plain
  [13589] dbg: message: added part, type: text/plain
  [13589] dbg: message: parsing normal part
  [13589] dbg: message: no encoding detected
  [13589] dbg: message: main message type: multipart/report
  [13589] dbg: message: added part, type: multipart/report
  [13589] dbg: message: parsing normal part
  [13589] dbg: message: parsing multipart, got boundary: AAAAAAAAAAAAAAAAAWV
  [13589] dbg: message: found part of type text/plain, boundary: AAAAAAAAAAAAAAAAAWV
  [13589] dbg: message: added part, type: text/plain
  [13589] dbg: message: found part of type message/delivery-status, boundary: AAAAAAAAAAAAAAAAAWV
  [13589] dbg: message: added part, type: message/delivery-status
  [13589] dbg: message: found part of type message/rfc822, boundary: AAAAAAAAAAAAAAAAAWV
  [13589] dbg: message: added part, type: message/rfc822
  [13589] dbg: message: parsing normal part
  [13589] dbg: message: parsing normal part
  [13589] dbg: message: no encoding detected
  [13589] dbg: message: main message type: text/plain
  [13589] dbg: message: added part, type: text/plain
  [13589] dbg: message: parsing normal part
  [13589] dbg: message: no encoding detected
  [13589] dbg: message: main message type: multipart/report
  [13589] dbg: message: added part, type: multipart/report
  [13589] dbg: message: parsing normal part
  [13589] dbg: message: parsing multipart, got boundary: AAAAAAAAAAAAAAAAAWU
  [13589] dbg: message: found part of type text/plain, boundary: AAAAAAAAAAAAAAAAAWU
  [13589] dbg: message: added part, type: text/plain
  [13589] dbg: message: found part of type message/delivery-status, boundary: AAAAAAAAAAAAAAAAAWU
  [13589] dbg: message: added part, type: message/delivery-status
  [13589] dbg: message: found part of type message/rfc822, boundary: AAAAAAAAAAAAAAAAAWU
  [13589] dbg: message: added part, type: message/rfc822
  [13589] dbg: message: parsing normal part
  [13589] dbg: message: parsing normal part
  [13589] dbg: message: no encoding detected
  [13589] dbg: message: main message type: text/plain
  [13589] dbg: message: added part, type: text/plain
  [13589] dbg: message: parsing normal part
  [13589] dbg: message: no encoding detected
  [13589] dbg: message: main message type: multipart/report
  [13589] dbg: message: added part, type: multipart/report
  [13589] dbg: message: parsing normal part
  [13589] dbg: message: parsing multipart, got boundary: AAAAAAAAAAAAAAAAAWT
  [13589] dbg: message: found part of type text/plain, boundary: AAAAAAAAAAAAAAAAAWT
  [13589] dbg: message: added part, type: text/plain
  [13589] dbg: message: found part of type message/delivery-status, boundary: AAAAAAAAAAAAAAAAAWT
  [13589] dbg: message: added part, type: message/delivery-status
  [13589] dbg: message: found part of type message/rfc822, boundary: AAAAAAAAAAAAAAAAAWT
  [13589] dbg: message: added part, type: message/rfc822
  [13589] dbg: message: parsing normal part
  [13589] dbg: message: parsing normal part
  [13589] dbg: message: no encoding detected
  [13589] dbg: message: main message type: text/plain
  [13589] dbg: message: added part, type: text/plain
  [13589] dbg: message: parsing normal part
  [13589] dbg: message: no encoding detected
  [13589] dbg: message: main message type: multipart/report
  [13589] dbg: message: added part, type: multipart/report
  [13589] dbg: message: parsing normal part
  [13589] dbg: message: parsing normal part
  [13589] dbg: message: ---- MIME PARSER END ----
  [13589] dbg: message: no encoding detected
  [13589] dbg: message: no encoding detected
  [13589] dbg: message: no encoding detected
  [13589] dbg: message: no encoding detected
  [13589] dbg: message: no encoding detected
  [13589] dbg: message: no encoding detected
  [13589] dbg: message: no encoding detected
  [13589] dbg: message: no encoding detected
  [13589] dbg: message: no encoding detected
  [13589] dbg: message: no encoding detected
  [13589] dbg: message: no encoding detected
  [13589] dbg: message: no encoding detected
  [13589] dbg: message: no encoding detected
  [13589] dbg: message: no encoding detected
  [13589] dbg: message: no encoding detected
  [13589] dbg: message: no encoding detected
  [13589] dbg: message: no encoding detected
  [13589] dbg: message: no encoding detected
  [13589] dbg: message: no encoding detected
  [13589] dbg: message: no encoding detected
  [13589] dbg: plugin: Mail::SpamAssassin::Plugin::URIDNSBL=HASH(0x8c79980) implements 'parsed_metadata', priority 0
  [13589] dbg: dns: is_dns_available() last checked 1206609630.0 seconds ago; re-checking
  [13589] dbg: dns: is DNS available? 0
  [13589] dbg: rules: local tests only, ignoring RBL eval
  [13589] dbg: check: running tests for priority: -1000
  [13589] dbg: rules: running head tests; score so far=0
  [13589] dbg: rules: compiled head tests
  [13589] dbg: rules: running head_eval tests; score so far=0
  [13589] dbg: eval: all '*From' addrs: foo
  [13589] dbg: eval: all '*To' addrs:
  [13589] dbg: rules: running body tests; score so far=0
  [13589] dbg: rules: compiled body tests
  [13589] dbg: rules: running uri tests; score so far=0
  [13589] dbg: rules: compiled uri tests
  [13589] dbg: rules: running rawbody tests; score so far=0
  [13589] dbg: rules: compiled rawbody tests
  [13589] dbg: rules: running full tests; score so far=0
  [13589] dbg: rules: compiled full tests
  [13589] dbg: rules: running meta tests; score so far=0
  [13589] dbg: rules: compiled meta tests
  [13589] dbg: check: running tests for priority: -950
  [13589] dbg: rules: running head tests; score so far=0
  [13589] dbg: rules: compiled head tests
  [13589] dbg: rules: running head_eval tests; score so far=0
  [13589] dbg: rules: running body tests; score so far=0
  [13589] dbg: rules: compiled body tests
  [13589] dbg: rules: running uri tests; score so far=0
  [13589] dbg: rules: compiled uri tests
  [13589] dbg: rules: running rawbody tests; score so far=0
  [13589] dbg: rules: compiled rawbody tests
  [13589] dbg: rules: running full tests; score so far=0
  [13589] dbg: rules: compiled full tests
  [13589] dbg: rules: running meta tests; score so far=0
  [13589] dbg: rules: compiled meta tests
  [13589] dbg: check: running tests for priority: -900
  [13589] dbg: rules: running head tests; score so far=0
  [13589] dbg: rules: compiled head tests
  [13589] dbg: rules: running head_eval tests; score so far=0
  [13589] dbg: rules: running body tests; score so far=0
  [13589] dbg: rules: compiled body tests
  [13589] dbg: rules: running uri tests; score so far=0
  [13589] dbg: rules: compiled uri tests
  [13589] dbg: rules: running rawbody tests; score so far=0
  [13589] dbg: rules: compiled rawbody tests
  [13589] dbg: rules: running full tests; score so far=0
  [13589] dbg: rules: compiled full tests
  [13589] dbg: rules: running meta tests; score so far=0
  [13589] dbg: rules: compiled meta tests
  [13589] dbg: check: running tests for priority: -400
  [13589] dbg: rules: running head tests; score so far=0
  [13589] dbg: rules: compiled head tests
  [13589] dbg: rules: running body tests; score so far=0
  [13589] dbg: rules: compiled body tests
  [13589] dbg: rules: running uri tests; score so far=0
  [13589] dbg: rules: compiled uri tests
  [13589] dbg: rules: running body_eval tests; score so far=0
  [13589] dbg: rules: running rawbody tests; score so far=0
  [13589] dbg: rules: compiled rawbody tests
  [13589] dbg: rules: running full tests; score so far=0
  [13589] dbg: rules: compiled full tests
  [13589] dbg: rules: running meta tests; score so far=0
  [13589] dbg: rules: compiled meta tests
  [13589] dbg: check: running tests for priority: 0
  [13589] dbg: rules: running head tests; score so far=0
  [13589] dbg: rules: compiled head tests
  [13589] dbg: rules: ran header rule __MISSING_THREAD ======> got hit: "UNSET"
  [13589] dbg: rules: ran header rule __BOUNCE_CTYPE ======> got hit: "multipart/report"
  [13589] dbg: rules: ran header rule __CTYPE_HAS_BOUNDARY ======> got hit: "boundary"
  [13589] dbg: rules: ran header rule __CT ======> got hit: "m"
  [13589] dbg: rules: ran header rule __MISSING_REF ======> got hit: "UNSET"
  [13589] dbg: rules: ran header rule __MISSING_REPLY ======> got hit: "UNSET"
  [13589] dbg: rules: ran header rule TO_MALFORMED ======> got hit: "negative match"
  [13589] dbg: rules: ran header rule __TOCC_EXISTS ======> got hit: "b"
  [13589] dbg: rules: ran header rule __MSOE_MID_WRONG_CASE ======> got hit: "
  [13589] dbg: rules: Message-Id: "
  [13589] dbg: rules: ran header rule FH_FROMEML_NOTLD ======> got hit: "negative match"
  [13589] dbg: rules: ran header rule MISSING_DATE ======> got hit: "UNSET"
  [13589] dbg: rules: ran header rule __HAS_MSGID ======> got hit: "<"
  [13589] dbg: rules: ran header rule MSGID_SHORT ======> got hit: "<bar>"
  [13589] dbg: rules: ran header rule __HAS_SUBJECT ======> got hit: "t"
  [13589] dbg: rules: running head_eval tests; score so far=2.901
  [13589] dbg: rules: ran eval rule NO_RELAYS ======> got hit (1)
  [13589] dbg: rules: ran eval rule __GATED_THROUGH_RCVD_REMOVER ======> got hit (1)
  [13589] dbg: spf: cannot get Envelope-From, cannot use SPF
  [13589] dbg: spf: def_spf_whitelist_from: could not find useable envelope sender
  [13589] dbg: spf: spf_whitelist_from: could not find useable envelope sender
  [13589] dbg: rules: running body tests; score so far=2.9
  [13589] dbg: rules: compiled body tests
  [13589] dbg: rules: ran body rule __NONEMPTY_BODY ======> got hit: "t"
  [13589] dbg: rules: running uri tests; score so far=2.9
  [13589] dbg: rules: compiled uri tests
  [13589] dbg: rules: running body_eval tests; score so far=2.9
  [13589] dbg: eval: stock info total: 0
  [13589] dbg: rules: ran eval rule T_TVD_MIME_NO_HEADERS ======> got hit (1)
  [13589] dbg: rules: running rawbody tests; score so far=2.91
  [13589] dbg: rules: compiled rawbody tests
  [13589] dbg: rules: ran rawbody rule __TVD_BODY ======> got hit: "This"
  [13589] dbg: rules: running rawbody_eval tests; score so far=2.91
  [13589] dbg: rules: running full tests; score so far=2.91
  [13589] dbg: rules: compiled full tests
  [13589] dbg: rules: running full_eval tests; score so far=2.91
  [13589] dbg: rules: running meta tests; score so far=2.91
  [13589] dbg: rules: compiled meta tests
  [13589] dbg: check: running tests for priority: 500
  [13589] dbg: dns: harvest_dnsbl_queries
  [13589] dbg: rules: running head tests; score so far=2.91
  [13589] dbg: rules: compiled head tests
  [13589] dbg: rules: running body tests; score so far=2.91
  [13589] dbg: rules: compiled body tests
  [13589] dbg: rules: running uri tests; score so far=2.91
  [13589] dbg: rules: compiled uri tests
  [13589] dbg: rules: running rawbody tests; score so far=2.91
  [13589] dbg: rules: compiled rawbody tests
  [13589] dbg: rules: running full tests; score so far=2.91
  [13589] dbg: rules: compiled full tests
  [13589] dbg: rules: running meta tests; score so far=2.91
  [13589] dbg: rules: meta test DIGEST_MULTIPLE has undefined dependency 'DCC_CHECK'
  [13589] dbg: rules: meta test T_FAKE_REPLY_SURE_B has undefined dependency 'FAKE_REPLY_A'
  [13589] dbg: rules: meta test T_FAKE_REPLY_SURE_B has undefined dependency 'FAKE_REPLY_A2'
  [13589] dbg: rules: meta test T_FAKE_REPLY_SURE_A has undefined dependency 'FAKE_REPLY_A'
  [13589] dbg: rules: meta test T_FAKE_REPLY_SURE_A has undefined dependency 'FAKE_REPLY_A2'
  [13589] info: rules: meta test T_TVD_PH_BODY_META_ALL has dependency 'TVD_PH_BODY_ACCOUNTS_PRE' with a zero score
  [13589] dbg: rules: compiled meta tests
  [13589] dbg: check: running tests for priority: 1000
  [13589] dbg: rules: running head tests; score so far=6.947
  [13589] dbg: rules: compiled head tests
  [13589] dbg: rules: running head_eval tests; score so far=6.947
  [13589] dbg: locker: safe_lock: created ./log/user_state/auto-whitelist.lock.hudson.zones.apache.org.13589
  [13589] dbg: locker: safe_lock: trying to get lock on ./log/user_state/auto-whitelist with 0 retries
  [13589] dbg: locker: safe_lock: link to ./log/user_state/auto-whitelist.lock: link ok
  [13589] dbg: auto-whitelist: tie-ing to DB file of type SDBM_File R/W in ./log/user_state/auto-whitelist
  [13589] dbg: auto-whitelist: db-based foo|ip=none scores 0/0
  [13589] dbg: auto-whitelist: AWL active, pre-score: 6.947, autolearn score: 6.947, mean: undef, IP: undef
  [13589] dbg: auto-whitelist: add_score: new count: 1, new totscore: 6.947
  [13589] dbg: auto-whitelist: DB addr list: untie-ing and unlocking
  [13589] dbg: auto-whitelist: DB addr list: file locked, breaking lock
  [13589] dbg: locker: safe_unlock: unlink ./log/user_state/auto-whitelist.lock
  [13589] dbg: auto-whitelist: post auto-whitelist score: 6.947
  [13589] dbg: rules: running body tests; score so far=6.947
  [13589] dbg: rules: compiled body tests
  [13589] dbg: rules: running uri tests; score so far=6.947
  [13589] dbg: rules: compiled uri tests
  [13589] dbg: rules: running rawbody tests; score so far=6.947
  [13589] dbg: rules: compiled rawbody tests
  [13589] dbg: rules: running full tests; score so far=6.947
  [13589] dbg: rules: compiled full tests
  [13589] dbg: rules: running meta tests; score so far=6.947
  [13589] dbg: rules: compiled meta tests
  [13589] dbg: plugin: Mail::SpamAssassin::Plugin::AutoLearnThreshold=HASH(0x8d0d26c) implements 'autolearn_discriminator', priority 0
  [13589] dbg: learn: auto-learn: currently using scoreset 0
  [13589] dbg: learn: auto-learn: message score: 6.947, computed score for autolearn: 6.949
  [13589] dbg: learn: auto-learn? ham=0.1, spam=12, body-points=6.949, head-points=6.949, learned-points=0
  [13589] dbg: learn: auto-learn? no: inside auto-learn thresholds, not considered ham or spam
  [13589] dbg: check: is spam? score=6.947 required=5
  [13589] dbg: check: tests=FH_FROMEML_NOTLD,INVALID_MSGID,MIME_HEADER_CTYPE_ONLY,MISSING_DATE,MSGID_SHORT,NO_RECEIVED,NO_RELAYS,TO_MALFORMED,T_TVD_MIME_NO_HEADERS
  [13589] dbg: check: subtests=__BOUNCE_CTYPE,__CT,__CTYPE_HAS_BOUNDARY,__GATED_THROUGH_RCVD_REMOVER,__HAS_MSGID,__HAS_SUBJECT,__MISSING_REF,__MISSING_REPLY,__MISSING_THREAD,__MSOE_MID_WRONG_CASE,__NONEMPTY_BODY,__TOCC_EXISTS,__TVD_BODY,__UNUSABLE_MSGID
  [13589] dbg: timing: total 2855 ms - init: 896 (31.4%), parse: 67 (2.4%), extract_message_metadata: 1255 (44.0%), get_uri_detail_list: 0.25 (0.0%), tests_pri_-1000: 4 (0.1%), tests_pri_-950: 1.54 (0.1%), tests_pri_-900: 1.85 (0.1%), tests_pri_-400: 1.37 (0.0%), tests_pri_0: 565 (19.8%), tests_pri_500: 53 (1.8%), tests_pri_1000: 8 (0.3%), check_awl: 6 (0.2%)
  [13589] dbg: plugin: Mail::SpamAssassin::Plugin::MIMEHeader=HASH(0x8d0e8f8) implements 'finish_tests', priority 0
  [13589] dbg: plugin: Mail::SpamAssassin::Plugin::Check=HASH(0x8ffada4) implements 'finish_tests', priority 0

  ok 2
  	Checking headerfound
  ok 3
  ok 4
  	/export/home/jm/tools/perl586/bin/perl -T -w ../spamassassin.raw -C log/test_rules_copy  --siteconfigpath log/localrules.tmp -p log/test_default.cf  -D -L -t < log/recurse.eml
  # [13593] dbg: logger: adding facilities: all
  [13593] dbg: logger: logging level is DBG
  [13593] dbg: generic: SpamAssassin version 3.3.0-r613124
  [13593] dbg: config: timing enabled
  [13593] dbg: config: score set 0 chosen.
  [13593] dbg: util: running in taint mode? yes
  [13593] dbg: util: taint mode: deleting unsafe environment variables, resetting PATH
  [13593] dbg: util: PATH included '/export/home/jm/tools/perl586/bin', keeping
  [13593] dbg: util: PATH included '/usr/ccs/bin', keeping
  [13593] dbg: util: PATH included '/sbin', keeping
  [13593] dbg: util: PATH included '/usr/sbin', keeping
  [13593] dbg: util: PATH included '/etc', keeping
  [13593] dbg: util: PATH included '/usr/etc', which doesn't exist, dropping
  [13593] dbg: util: PATH included '/usr/local/bin', which doesn't exist, dropping
  [13593] dbg: util: PATH included '/usr/bin/mh', which doesn't exist, dropping
  [13593] dbg: util: PATH included '/export/home/jm/bin', keeping
  [13593] dbg: util: PATH included '/sbin', keeping
  [13593] dbg: util: PATH included '/usr/sbin', keeping
  [13593] dbg: util: PATH included '/etc', keeping
  [13593] dbg: util: PATH included '/usr/etc', which doesn't exist, dropping
  [13593] dbg: util: PATH included '/usr/local/bin', which doesn't exist, dropping
  [13593] dbg: util: PATH included '/usr/bin/mh', which doesn't exist, dropping
  [13593] dbg: util: PATH included '/export/home/jm/bin', keeping
  [13593] dbg: util: PATH included '/sbin', keeping
  [13593] dbg: util: PATH included '/usr/sbin', keeping
  [13593] dbg: util: PATH included '/etc', keeping
  [13593] dbg: util: PATH included '/usr/etc', which doesn't exist, dropping
  [13593] dbg: util: PATH included '/usr/local/bin', which doesn't exist, dropping
  [13593] dbg: util: PATH included '/usr/bin/mh', which doesn't exist, dropping
  [13593] dbg: util: PATH included '/usr/bin', keeping
  [13593] dbg: util: PATH included '/opt/sfw/bin', keeping
  [13593] dbg: util: final PATH set to: /export/home/jm/tools/perl586/bin:/usr/ccs/bin:/sbin:/usr/sbin:/etc:/export/home/jm/bin:/sbin:/usr/sbin:/etc:/export/home/jm/bin:/sbin:/usr/sbin:/etc:/usr/bin:/opt/sfw/bin
  [13593] dbg: dns: no ipv6
  [13593] dbg: dns: is Net::DNS::Resolver available? yes
  [13593] dbg: dns: Net::DNS version: 0.49
  [13593] dbg: config: using "log/localrules.tmp" for site rules pre files
  [13593] dbg: config: read file log/localrules.tmp/init.pre
  [13593] dbg: config: read file log/localrules.tmp/svn_only.pre
  [13593] dbg: config: read file log/localrules.tmp/v310.pre
  [13593] dbg: config: read file log/localrules.tmp/v312.pre
  [13593] dbg: config: read file log/localrules.tmp/v320.pre
  [13593] dbg: config: using "log/test_rules_copy" for sys rules pre files
  [13593] dbg: config: read file log/test_rules_copy/init.pre
  [13593] dbg: config: read file log/test_rules_copy/svn_only.pre
  [13593] dbg: config: read file log/test_rules_copy/v310.pre
  [13593] dbg: config: read file log/test_rules_copy/v312.pre
  [13593] dbg: config: read file log/test_rules_copy/v320.pre
  [13593] dbg: config: using "log/test_rules_copy" for default rules dir
  [13593] dbg: config: read file log/test_rules_copy/01_test_rules.cf
  [13593] dbg: config: read file log/test_rules_copy/10_default_prefs.cf
  [13593] dbg: config: read file log/test_rules_copy/20_advance_fee.cf
  [13593] dbg: config: read file log/test_rules_copy/20_body_tests.cf
  [13593] dbg: config: read file log/test_rules_copy/20_compensate.cf
  [13593] dbg: config: read file log/test_rules_copy/20_dnsbl_tests.cf
  [13593] dbg: config: read file log/test_rules_copy/20_drugs.cf
  [13593] dbg: config: read file log/test_rules_copy/20_dynrdns.cf
  [13593] dbg: config: read file log/test_rules_copy/20_fake_helo_tests.cf
  [13593] dbg: config: read file log/test_rules_copy/20_head_tests.cf
  [13593] dbg: config: read file log/test_rules_copy/20_html_tests.cf
  [13593] dbg: config: read file log/test_rules_copy/20_imageinfo.cf
  [13593] dbg: config: read file log/test_rules_copy/20_meta_tests.cf
  [13593] dbg: config: read file log/test_rules_copy/20_net_tests.cf
  [13593] dbg: config: read file log/test_rules_copy/20_phrases.cf
  [13593] dbg: config: read file log/test_rules_copy/20_porn.cf
  [13593] dbg: config: read file log/test_rules_copy/20_ratware.cf
  [13593] dbg: config: read file log/test_rules_copy/20_uri_tests.cf
  [13593] dbg: config: read file log/test_rules_copy/20_vbounce.cf
  [13593] dbg: config: read file log/test_rules_copy/23_bayes.cf
  [13593] dbg: config: read file log/test_rules_copy/25_accessdb.cf
  [13593] dbg: config: read file log/test_rules_copy/25_antivirus.cf
  [13593] dbg: config: read file log/test_rules_copy/25_asn.cf
  [13593] dbg: config: read file log/test_rules_copy/25_dcc.cf
  [13593] dbg: config: read file log/test_rules_copy/25_dkim.cf
  [13593] dbg: config: read file log/test_rules_copy/25_domainkeys.cf
  [13593] dbg: config: read file log/test_rules_copy/25_hashcash.cf
  [13593] dbg: config: read file log/test_rules_copy/25_pyzor.cf
  [13593] dbg: config: read file log/test_rules_copy/25_razor2.cf
  [13593] dbg: config: read file log/test_rules_copy/25_replace.cf
  [13593] dbg: config: read file log/test_rules_copy/25_spf.cf
  [13593] dbg: config: read file log/test_rules_copy/25_textcat.cf
  [13593] dbg: config: read file log/test_rules_copy/25_uribl.cf
  [13593] dbg: config: read file log/test_rules_copy/30_text_de.cf
  [13593] dbg: config: read file log/test_rules_copy/30_text_fr.cf
  [13593] dbg: config: read file log/test_rules_copy/30_text_it.cf
  [13593] dbg: config: read file log/test_rules_copy/30_text_nl.cf
  [13593] dbg: config: read file log/test_rules_copy/30_text_pl.cf
  [13593] dbg: config: read file log/test_rules_copy/30_text_pt_br.cf
  [13593] dbg: config: read file log/test_rules_copy/50_scores.cf
  [13593] dbg: config: read file log/test_rules_copy/60_awl.cf
  [13593] dbg: config: read file log/test_rules_copy/60_shortcircuit.cf
  [13593] dbg: config: read file log/test_rules_copy/60_whitelist.cf
  [13593] dbg: config: read file log/test_rules_copy/60_whitelist_dk.cf
  [13593] dbg: config: read file log/test_rules_copy/60_whitelist_dkim.cf
  [13593] dbg: config: read file log/test_rules_copy/60_whitelist_spf.cf
  [13593] dbg: config: read file log/test_rules_copy/60_whitelist_subject.cf
  [13593] dbg: config: read file log/test_rules_copy/70_sandbox.cf
  [13593] dbg: config: read file log/test_rules_copy/72_active.cf
  [13593] dbg: config: read file log/test_rules_copy/99_test_default.cf
  [13593] dbg: config: read file log/test_rules_copy/local.cf
  [13593] dbg: config: read file log/test_rules_copy/regression_tests.cf
  [13593] dbg: config: using "log/localrules.tmp" for site rules dir
  [13593] dbg: config: using "/export/home/hudson/.spamassassin" for user state dir
  [13593] dbg: config: using "log/test_default.cf" for user prefs file
  [13593] dbg: plugin: loading Mail::SpamAssassin::Plugin::URIDNSBL from @INC
  [13593] dbg: plugin: loading Mail::SpamAssassin::Plugin::Hashcash from @INC
  [13593] dbg: plugin: loading Mail::SpamAssassin::Plugin::SPF from @INC
  [13593] dbg: plugin: loading Mail::SpamAssassin::Plugin::Pyzor from @INC
  [13593] dbg: pyzor: local tests only, disabling Pyzor
  [13593] dbg: plugin: loading Mail::SpamAssassin::Plugin::Razor2 from @INC
  [13593] dbg: razor2: local tests only, skipping Razor
  [13593] dbg: plugin: loading Mail::SpamAssassin::Plugin::SpamCop from @INC
  [13593] dbg: reporter: local tests only, disabling SpamCop
  [13593] dbg: plugin: loading Mail::SpamAssassin::Plugin::AWL from @INC
  [13593] dbg: plugin: loading Mail::SpamAssassin::Plugin::AutoLearnThreshold from @INC
  [13593] dbg: plugin: loading Mail::SpamAssassin::Plugin::WhiteListSubject from @INC
  [13593] dbg: plugin: loading Mail::SpamAssassin::Plugin::MIMEHeader from @INC
  [13593] dbg: plugin: loading Mail::SpamAssassin::Plugin::ReplaceTags from @INC
  [13593] dbg: plugin: loading Mail::SpamAssassin::Plugin::Check from @INC
  [13593] dbg: plugin: loading Mail::SpamAssassin::Plugin::HTTPSMismatch from @INC
  [13593] dbg: plugin: loading Mail::SpamAssassin::Plugin::URIDetail from @INC
  [13593] dbg: plugin: loading Mail::SpamAssassin::Plugin::Bayes from @INC
  [13593] dbg: plugin: loading Mail::SpamAssassin::Plugin::BodyEval from @INC
  [13593] dbg: plugin: loading Mail::SpamAssassin::Plugin::DNSEval from @INC
  [13593] dbg: plugin: loading Mail::SpamAssassin::Plugin::HTMLEval from @INC
  [13593] dbg: plugin: loading Mail::SpamAssassin::Plugin::HeaderEval from @INC
  [13593] dbg: plugin: loading Mail::SpamAssassin::Plugin::MIMEEval from @INC
  [13593] dbg: plugin: loading Mail::SpamAssassin::Plugin::RelayEval from @INC
  [13593] dbg: plugin: loading Mail::SpamAssassin::Plugin::URIEval from @INC
  [13593] dbg: plugin: loading Mail::SpamAssassin::Plugin::WLBLEval from @INC
  [13593] dbg: plugin: loading Mail::SpamAssassin::Plugin::VBounce from @INC
  [13593] dbg: plugin: loading Mail::SpamAssassin::Plugin::ImageInfo from @INC
  [13593] dbg: plugin: did not register Mail::SpamAssassin::Plugin::URIDNSBL, already registered
  [13593] dbg: plugin: did not register Mail::SpamAssassin::Plugin::Hashcash, already registered
  [13593] dbg: plugin: did not register Mail::SpamAssassin::Plugin::SPF, already registered
  [13593] dbg: plugin: did not register Mail::SpamAssassin::Plugin::Pyzor, already registered
  [13593] dbg: plugin: did not register Mail::SpamAssassin::Plugin::Razor2, already registered
  [13593] dbg: plugin: did not register Mail::SpamAssassin::Plugin::SpamCop, already registered
  [13593] dbg: plugin: did not register Mail::SpamAssassin::Plugin::AWL, already registered
  [13593] dbg: plugin: did not register Mail::SpamAssassin::Plugin::AutoLearnThreshold, already registered
  [13593] dbg: plugin: did not register Mail::SpamAssassin::Plugin::WhiteListSubject, already registered
  [13593] dbg: plugin: did not register Mail::SpamAssassin::Plugin::MIMEHeader, already registered
  [13593] dbg: plugin: did not register Mail::SpamAssassin::Plugin::ReplaceTags, already registered
  [13593] dbg: plugin: did not register Mail::SpamAssassin::Plugin::Check, already registered
  [13593] dbg: plugin: did not register Mail::SpamAssassin::Plugin::HTTPSMismatch, already registered
  [13593] dbg: plugin: did not register Mail::SpamAssassin::Plugin::URIDetail, already registered
  [13593] dbg: plugin: did not register Mail::SpamAssassin::Plugin::Bayes, already registered
  [13593] dbg: plugin: did not register Mail::SpamAssassin::Plugin::BodyEval, already registered
  [13593] dbg: plugin: did not register Mail::SpamAssassin::Plugin::DNSEval, already registered
  [13593] dbg: plugin: did not register Mail::SpamAssassin::Plugin::HTMLEval, already registered
  [13593] dbg: plugin: did not register Mail::SpamAssassin::Plugin::HeaderEval, already registered
  [13593] dbg: plugin: did not register Mail::SpamAssassin::Plugin::MIMEEval, already registered
  [13593] dbg: plugin: did not register Mail::SpamAssassin::Plugin::RelayEval, already registered
  [13593] dbg: plugin: did not register Mail::SpamAssassin::Plugin::URIEval, already registered
  [13593] dbg: plugin: did not register Mail::SpamAssassin::Plugin::WLBLEval, already registered
  [13593] dbg: plugin: did not register Mail::SpamAssassin::Plugin::VBounce, already registered
  [13593] dbg: plugin: did not register Mail::SpamAssassin::Plugin::ImageInfo, already registered
  [13593] dbg: config: fixed relative path: log/test_rules_copy/sandbox-hstern.pm
  [13593] dbg: plugin: loading Mail::SpamAssassin::Plugin::Sandbox::hstern from /zonestorage/hudson/home/hudson/hudson/jobs/SpamAssassin-trunk/workspace/sa_trunk/t/log/test_rules_copy/sandbox-hstern.pm
  [13593] dbg: config: fixed relative path: log/test_rules_copy/sandbox-felicity.pm
  [13593] dbg: plugin: loading Mail::SpamAssassin::Plugin::Sandbox::felicity from /zonestorage/hudson/home/hudson/hudson/jobs/SpamAssassin-trunk/workspace/sa_trunk/t/log/test_rules_copy/sandbox-felicity.pm
  [13593] dbg: rules: __MO_OL_9B90B merged duplicates: __MO_OL_C65FA
  [13593] dbg: rules: FORGED_YAHOO_RCVD merged duplicates: TEST_FORGED_YAHOO_RCVD
  [13593] dbg: rules: __XM_OL_22B61 merged duplicates: __XM_OL_A842E
  [13593] dbg: rules: __MO_OL_07794 merged duplicates: __MO_OL_8627E __MO_OL_F3B05
  [13593] dbg: rules: HS_INDEX_PARAM merged duplicates: T_HS_INDEX_PARAM_5
  [13593] dbg: rules: __XM_OL_07794 merged duplicates: __XM_OL_25340 __XM_OL_3857F __XM_OL_4F240 __XM_OL_58CB5 __XM_OL_6554A __XM_OL_812FF __XM_OL_C65FA __XM_OL_CF0C0 __XM_OL_F475E __XM_OL_F6D01
  [13593] dbg: rules: FH_MSGID_01C67 merged duplicates: __MSGID_VGA
  [13593] dbg: rules: FS_NEW_SOFT_UPLOAD merged duplicates: HS_SUBJ_NEW_SOFTWARE
  [13593] dbg: rules: __FH_HAS_XMSMAIL merged duplicates: __HAS_MSMAIL_PRI
  [13593] dbg: rules: __MO_OL_91287 merged duplicates: __MO_OL_B30D1 __MO_OL_CF0C0
  [13593] dbg: rules: KAM_STOCKOTC merged duplicates: KAM_STOCKTIP15 KAM_STOCKTIP20 KAM_STOCKTIP21 KAM_STOCKTIP4 KAM_STOCKTIP6
  [13593] dbg: rules: __XM_OL_015D5 merged duplicates: __XM_OL_4BF4C __XM_OL_4EEDB __XM_OL_5B79A __XM_OL_9B90B __XM_OL_ADFF7 __XM_OL_B30D1 __XM_OL_B4B40 __XM_OL_BC7E6 __XM_OL_F3B05 __XM_OL_FF5C8
  [13593] dbg: rules: __MO_OL_015D5 merged duplicates: __MO_OL_6554A
  [13593] dbg: rules: __MO_OL_22B61 merged duplicates: __MO_OL_4F240 __MO_OL_ADFF7
  [13593] dbg: rules: __MO_OL_812FF merged duplicates: __MO_OL_BC7E6
  [13593] dbg: rules: EXCUSE_4 merged duplicates: TEST_EXCUSE_4
  [13593] dbg: rules: __MO_OL_25340 merged duplicates: __MO_OL_4EEDB __MO_OL_7533E
  [13593] dbg: rules: __MO_OL_58CB5 merged duplicates: __MO_OL_B4B40
  [13593] dbg: rules: __DOS_HAS_ANY_URI merged duplicates: __HAS_ANY_URI
  [13593] dbg: rules: TEST_ENDSNUMS merged duplicates: __FROM_ENDS_IN_NUMS
  [13593] dbg: rules: NORMAL_HTTP_TO_IP merged duplicates: TEST_NORMAL_HTTP_TO_IP
  [13593] dbg: rules: __THEBAT_MUA merged duplicates: __XM_THEBAT
  [13593] dbg: rules: __MO_OL_72641 merged duplicates: __MO_OL_A842E
  [13593] dbg: rules: __MO_OL_4BF4C merged duplicates: __MO_OL_F6D01
  [13593] dbg: rules: __MO_OL_F475E merged duplicates: __MO_OL_FF5C8
  [13593] dbg: conf: finish parsing
  [13593] dbg: plugin: Mail::SpamAssassin::Plugin::ReplaceTags=HASH(0x8c601b8) implements 'finish_parsing_end', priority 0
  [13593] dbg: replacetags: replacing tags
  [13593] dbg: replacetags: done replacing tags
  [13593] dbg: plugin: Mail::SpamAssassin::Plugin::Bayes=HASH(0x8ff61c8) implements 'learner_new', priority 0
  [13593] dbg: plugin: Mail::SpamAssassin::Plugin::Bayes=HASH(0x8ff61c8) implements 'learner_is_scan_available', priority 0
  [13593] dbg: bayes: DB_File module not installed, cannot use bayes
  [13593] dbg: config: score set 0 chosen.
  [13593] dbg: message: main message type: multipart/mixed
  [13593] dbg: plugin: Mail::SpamAssassin::Plugin::DNSEval=HASH(0x92a09fc) implements 'check_start', priority 0
  [13593] dbg: bayes: DB_File module not installed, cannot use bayes
  [13593] dbg: plugin: Mail::SpamAssassin::Plugin::Check=HASH(0x8fea500) implements 'check_main', priority 0
  [13593] dbg: conf: trusted_networks are not configured; it is recommended that you configure trusted_networks manually
  [13593] dbg: metadata: X-Spam-Relays-Trusted:
  [13593] dbg: metadata: X-Spam-Relays-Untrusted:
  [13593] dbg: metadata: X-Spam-Relays-Internal:
  [13593] dbg: metadata: X-Spam-Relays-External:
  [13593] dbg: message: ---- MIME PARSER START ----
  [13593] dbg: message: parsing multipart, got boundary: AAAAAAAAAAAAAAAAAXC
  [13593] dbg: message: found part of type text/plain, boundary: AAAAAAAAAAAAAAAAAXC
  [13593] dbg: message: added part, type: text/plain
  [13593] dbg: message: found part of type message/rfc822, boundary: AAAAAAAAAAAAAAAAAXC
  [13593] dbg: message: added part, type: message/rfc822
  [13593] dbg: message: parsing normal part
  [13593] dbg: message: parsing normal part
  [13593] dbg: message: no encoding detected
  [13593] dbg: message: main message type: multipart/mixed
  [13593] dbg: message: added part, type: multipart/mixed
  [13593] dbg: message: parsing multipart, got boundary: AAAAAAAAAAAAAAAAAXB
  [13593] dbg: message: found part of type text/plain, boundary: AAAAAAAAAAAAAAAAAXB
  [13593] dbg: message: added part, type: text/plain
  [13593] dbg: message: found part of type message/rfc822, boundary: AAAAAAAAAAAAAAAAAXB
  [13593] dbg: message: added part, type: message/rfc822
  [13593] dbg: message: parsing normal part
  [13593] dbg: message: parsing normal part
  [13593] dbg: message: no encoding detected
  [13593] dbg: message: main message type: multipart/mixed
  [13593] dbg: message: added part, type: multipart/mixed
  [13593] dbg: message: parsing multipart, got boundary: AAAAAAAAAAAAAAAAAXA
  [13593] dbg: message: found part of type text/plain, boundary: AAAAAAAAAAAAAAAAAXA
  [13593] dbg: message: added part, type: text/plain
  [13593] dbg: message: found part of type message/rfc822, boundary: AAAAAAAAAAAAAAAAAXA
  [13593] dbg: message: added part, type: message/rfc822
  [13593] dbg: message: parsing normal part
  [13593] dbg: message: parsing normal part
  [13593] dbg: message: no encoding detected
  [13593] dbg: message: main message type: multipart/mixed
  [13593] dbg: message: added part, type: multipart/mixed
  [13593] dbg: message: parsing multipart, got boundary: AAAAAAAAAAAAAAAAAWZ
  [13593] dbg: message: found part of type text/plain, boundary: AAAAAAAAAAAAAAAAAWZ
  [13593] dbg: message: added part, type: text/plain
  [13593] dbg: message: found part of type message/rfc822, boundary: AAAAAAAAAAAAAAAAAWZ
  [13593] dbg: message: added part, type: message/rfc822
  [13593] dbg: message: parsing normal part
  [13593] dbg: message: parsing normal part
  [13593] dbg: message: no encoding detected
  [13593] dbg: message: main message type: multipart/mixed
  [13593] dbg: message: added part, type: multipart/mixed
  [13593] dbg: message: parsing multipart, got boundary: AAAAAAAAAAAAAAAAAWY
  [13593] dbg: message: found part of type text/plain, boundary: AAAAAAAAAAAAAAAAAWY
  [13593] dbg: message: added part, type: text/plain
  [13593] dbg: message: found part of type message/rfc822, boundary: AAAAAAAAAAAAAAAAAWY
  [13593] dbg: message: added part, type: message/rfc822
  [13593] dbg: message: parsing normal part
  [13593] dbg: message: parsing normal part
  [13593] dbg: message: no encoding detected
  [13593] dbg: message: main message type: multipart/mixed
  [13593] dbg: message: added part, type: multipart/mixed
  [13593] dbg: message: parsing multipart, got boundary: AAAAAAAAAAAAAAAAAWX
  [13593] dbg: message: found part of type text/plain, boundary: AAAAAAAAAAAAAAAAAWX
  [13593] dbg: message: added part, type: text/plain
  [13593] dbg: message: found part of type message/rfc822, boundary: AAAAAAAAAAAAAAAAAWX
  [13593] dbg: message: added part, type: message/rfc822
  [13593] dbg: message: parsing normal part
  [13593] dbg: message: parsing normal part
  [13593] dbg: message: no encoding detected
  [13593] dbg: message: main message type: multipart/mixed
  [13593] dbg: message: added part, type: multipart/mixed
  [13593] dbg: message: parsing multipart, got boundary: AAAAAAAAAAAAAAAAAWW
  [13593] dbg: message: found part of type text/plain, boundary: AAAAAAAAAAAAAAAAAWW
  [13593] dbg: message: added part, type: text/plain
  [13593] dbg: message: found part of type message/rfc822, boundary: AAAAAAAAAAAAAAAAAWW
  [13593] dbg: message: added part, type: message/rfc822
  [13593] dbg: message: parsing normal part
  [13593] dbg: message: parsing normal part
  [13593] dbg: message: no encoding detected
  [13593] dbg: message: main message type: multipart/mixed
  [13593] dbg: message: added part, type: multipart/mixed
  [13593] dbg: message: parsing multipart, got boundary: AAAAAAAAAAAAAAAAAWV
  [13593] dbg: message: found part of type text/plain, boundary: AAAAAAAAAAAAAAAAAWV
  [13593] dbg: message: added part, type: text/plain
  [13593] dbg: message: found part of type message/rfc822, boundary: AAAAAAAAAAAAAAAAAWV
  [13593] dbg: message: added part, type: message/rfc822
  [13593] dbg: message: parsing normal part
  [13593] dbg: message: parsing normal part
  [13593] dbg: message: no encoding detected
  [13593] dbg: message: main message type: multipart/mixed
  [13593] dbg: message: added part, type: multipart/mixed
  [13593] dbg: message: parsing multipart, got boundary: AAAAAAAAAAAAAAAAAWU
  [13593] dbg: message: found part of type text/plain, boundary: AAAAAAAAAAAAAAAAAWU
  [13593] dbg: message: added part, type: text/plain
  [13593] dbg: message: found part of type message/rfc822, boundary: AAAAAAAAAAAAAAAAAWU
  [13593] dbg: message: added part, type: message/rfc822
  [13593] dbg: message: parsing normal part
  [13593] dbg: message: parsing normal part
  [13593] dbg: message: no encoding detected
  [13593] dbg: message: main message type: multipart/mixed
  [13593] dbg: message: added part, type: multipart/mixed
  [13593] dbg: message: parsing multipart, got boundary: AAAAAAAAAAAAAAAAAWT
  [13593] dbg: message: found part of type text/plain, boundary: AAAAAAAAAAAAAAAAAWT
  [13593] dbg: message: added part, type: text/plain
  [13593] dbg: message: found part of type message/rfc822, boundary: AAAAAAAAAAAAAAAAAWT
  [13593] dbg: message: added part, type: message/rfc822
  [13593] dbg: message: parsing normal part
  [13593] dbg: message: parsing normal part
  [13593] dbg: message: no encoding detected
  [13593] dbg: message: main message type: multipart/mixed
  [13593] dbg: message: added part, type: multipart/mixed
  [13593] dbg: message: parsing normal part
  [13593] dbg: message: ---- MIME PARSER END ----
  [13593] dbg: message: decoding other encoding type (7bit), ignoring
  [13593] dbg: message: decoding other encoding type (7bit), ignoring
  [13593] dbg: message: decoding other encoding type (7bit), ignoring
  [13593] dbg: message: decoding other encoding type (7bit), ignoring
  [13593] dbg: message: decoding other encoding type (7bit), ignoring
  [13593] dbg: message: decoding other encoding type (7bit), ignoring
  [13593] dbg: message: decoding other encoding type (7bit), ignoring
  [13593] dbg: message: decoding other encoding type (7bit), ignoring
  [13593] dbg: message: decoding other encoding type (7bit), ignoring
  [13593] dbg: message: decoding other encoding type (7bit), ignoring
  [13593] dbg: plugin: Mail::SpamAssassin::Plugin::URIDNSBL=HASH(0x8c56824) implements 'parsed_metadata', priority 0
  [13593] dbg: dns: is_dns_available() last checked 1206609633.0 seconds ago; re-checking
  [13593] dbg: dns: is DNS available? 0
  [13593] dbg: rules: local tests only, ignoring RBL eval
  [13593] dbg: check: running tests for priority: -1000
  [13593] dbg: rules: running head tests; score so far=0
  [13593] dbg: rules: compiled head tests
  [13593] dbg: rules: running head_eval tests; score so far=0
  [13593] dbg: eval: all '*From' addrs: foo
  [13593] dbg: eval: all '*To' addrs:
  [13593] dbg: rules: running body tests; score so far=0
  [13593] dbg: rules: compiled body tests
  [13593] dbg: rules: running uri tests; score so far=0
  [13593] dbg: rules: compiled uri tests
  [13593] dbg: rules: running rawbody tests; score so far=0
  [13593] dbg: rules: compiled rawbody tests
  [13593] dbg: rules: running full tests; score so far=0
  [13593] dbg: rules: compiled full tests
  [13593] dbg: rules: running meta tests; score so far=0
  [13593] dbg: rules: compiled meta tests
  [13593] dbg: check: running tests for priority: -950
  [13593] dbg: rules: running head tests; score so far=0
  [13593] dbg: rules: compiled head tests
  [13593] dbg: rules: running head_eval tests; score so far=0
  [13593] dbg: rules: running body tests; score so far=0
  [13593] dbg: rules: compiled body tests
  [13593] dbg: rules: running uri tests; score so far=0
  [13593] dbg: rules: compiled uri tests
  [13593] dbg: rules: running rawbody tests; score so far=0
  [13593] dbg: rules: compiled rawbody tests
  [13593] dbg: rules: running full tests; score so far=0
  [13593] dbg: rules: compiled full tests
  [13593] dbg: rules: running meta tests; score so far=0
  [13593] dbg: rules: compiled meta tests
  [13593] dbg: check: running tests for priority: -900
  [13593] dbg: rules: running head tests; score so far=0
  [13593] dbg: rules: compiled head tests
  [13593] dbg: rules: running head_eval tests; score so far=0
  [13593] dbg: rules: running body tests; score so far=0
  [13593] dbg: rules: compiled body tests
  [13593] dbg: rules: running uri tests; score so far=0
  [13593] dbg: rules: compiled uri tests
  [13593] dbg: rules: running rawbody tests; score so far=0
  [13593] dbg: rules: compiled rawbody tests
  [13593] dbg: rules: running full tests; score so far=0
  [13593] dbg: rules: compiled full tests
  [13593] dbg: rules: running meta tests; score so far=0
  [13593] dbg: rules: compiled meta tests
  [13593] dbg: check: running tests for priority: -400
  [13593] dbg: rules: running head tests; score so far=0
  [13593] dbg: rules: compiled head tests
  [13593] dbg: rules: running body tests; score so far=0
  [13593] dbg: rules: compiled body tests
  [13593] dbg: rules: running uri tests; score so far=0
  [13593] dbg: rules: compiled uri tests
  [13593] dbg: rules: running body_eval tests; score so far=0
  [13593] dbg: rules: running rawbody tests; score so far=0
  [13593] dbg: rules: compiled rawbody tests
  [13593] dbg: rules: running full tests; score so far=0
  [13593] dbg: rules: compiled full tests
  [13593] dbg: rules: running meta tests; score so far=0
  [13593] dbg: rules: compiled meta tests
  [13593] dbg: check: running tests for priority: 0
  [13593] dbg: rules: running head tests; score so far=0
  [13593] dbg: rules: compiled head tests
  [13593] dbg: rules: ran header rule __MISSING_THREAD ======> got hit: "UNSET"
  [13593] dbg: rules: ran header rule __TVD_MIME_CT_MM ======> got hit: "multipart/mixed"
  [13593] dbg: rules: ran header rule __CTYPE_HAS_BOUNDARY ======> got hit: "boundary"
  [13593] dbg: rules: ran header rule __CT ======> got hit: "m"
  [13593] dbg: rules: ran header rule __MISSING_REF ======> got hit: "UNSET"
  [13593] dbg: rules: ran header rule __MISSING_REPLY ======> got hit: "UNSET"
  [13593] dbg: rules: ran header rule TO_MALFORMED ======> got hit: "negative match"
  [13593] dbg: rules: ran header rule __TOCC_EXISTS ======> got hit: "b"
  [13593] dbg: rules: ran header rule __MSOE_MID_WRONG_CASE ======> got hit: "
  [13593] dbg: rules: Message-Id: "
  [13593] dbg: rules: ran header rule FH_FROMEML_NOTLD ======> got hit: "negative match"
  [13593] dbg: rules: ran header rule MISSING_DATE ======> got hit: "UNSET"
  [13593] dbg: rules: ran header rule __HAS_MSGID ======> got hit: "<"
  [13593] dbg: rules: ran header rule MSGID_SHORT ======> got hit: "<bar>"
  [13593] dbg: rules: ran header rule __HAS_SUBJECT ======> got hit: "t"
  [13593] dbg: rules: running head_eval tests; score so far=2.901
  [13593] dbg: rules: ran eval rule NO_RELAYS ======> got hit (1)
  [13593] dbg: rules: ran eval rule __GATED_THROUGH_RCVD_REMOVER ======> got hit (1)
  [13593] dbg: spf: cannot get Envelope-From, cannot use SPF
  [13593] dbg: spf: def_spf_whitelist_from: could not find useable envelope sender
  [13593] dbg: spf: spf_whitelist_from: could not find useable envelope sender
  [13593] dbg: rules: running body tests; score so far=2.9
  [13593] dbg: rules: compiled body tests
  [13593] dbg: rules: ran body rule __NONEMPTY_BODY ======> got hit: "t"
  [13593] dbg: rules: running uri tests; score so far=2.9
  [13593] dbg: rules: compiled uri tests
  [13593] dbg: rules: running body_eval tests; score so far=2.9
  [13593] dbg: eval: stock info total: 0
  [13593] dbg: rules: ran eval rule __TVD_MIME_ATT_TP ======> got hit (1)
  [13593] dbg: rules: running rawbody tests; score so far=2.9
  [13593] dbg: rules: compiled rawbody tests
  [13593] dbg: rules: running rawbody_eval tests; score so far=2.9
  [13593] dbg: rules: running full tests; score so far=2.9
  [13593] dbg: rules: compiled full tests
  [13593] dbg: rules: running full_eval tests; score so far=2.9
  [13593] dbg: rules: running meta tests; score so far=2.9
  [13593] dbg: rules: compiled meta tests
  [13593] dbg: check: running tests for priority: 500
  [13593] dbg: dns: harvest_dnsbl_queries
  [13593] dbg: rules: running head tests; score so far=2.9
  [13593] dbg: rules: compiled head tests
  [13593] dbg: rules: running body tests; score so far=2.9
  [13593] dbg: rules: compiled body tests
  [13593] dbg: rules: running uri tests; score so far=2.9
  [13593] dbg: rules: compiled uri tests
  [13593] dbg: rules: running rawbody tests; score so far=2.9
  [13593] dbg: rules: compiled rawbody tests
  [13593] dbg: rules: running full tests; score so far=2.9
  [13593] dbg: rules: compiled full tests
  [13593] dbg: rules: running meta tests; score so far=2.9
  [13593] dbg: rules: meta test DIGEST_MULTIPLE has undefined dependency 'DCC_CHECK'
  [13593] dbg: rules: meta test T_FAKE_REPLY_SURE_B has undefined dependency 'FAKE_REPLY_A'
  [13593] dbg: rules: meta test T_FAKE_REPLY_SURE_B has undefined dependency 'FAKE_REPLY_A2'
  [13593] dbg: rules: meta test T_FAKE_REPLY_SURE_A has undefined dependency 'FAKE_REPLY_A'
  [13593] dbg: rules: meta test T_FAKE_REPLY_SURE_A has undefined dependency 'FAKE_REPLY_A2'
  [13593] info: rules: meta test T_TVD_PH_BODY_META_ALL has dependency 'TVD_PH_BODY_ACCOUNTS_PRE' with a zero score
  [13593] dbg: rules: compiled meta tests
  [13593] dbg: check: running tests for priority: 1000
  [13593] dbg: rules: running head tests; score so far=6.937
  [13593] dbg: rules: compiled head tests
  [13593] dbg: rules: running head_eval tests; score so far=6.937
  [13593] dbg: locker: safe_lock: created ./log/user_state/auto-whitelist.lock.hudson.zones.apache.org.13593
  [13593] dbg: locker: safe_lock: trying to get lock on ./log/user_state/auto-whitelist with 0 retries
  [13593] dbg: locker: safe_lock: link to ./log/user_state/auto-whitelist.lock: link ok
  [13593] dbg: auto-whitelist: tie-ing to DB file of type SDBM_File R/W in ./log/user_state/auto-whitelist
  [13593] dbg: auto-whitelist: db-based foo|ip=none scores 1/6.947
  [13593] dbg: auto-whitelist: AWL active, pre-score: 6.937, autolearn score: 6.937, mean: 6.947, IP: undef
  [13593] dbg: auto-whitelist: add_score: new count: 2, new totscore: 13.884
  [13593] dbg: auto-whitelist: DB addr list: untie-ing and unlocking
  [13593] dbg: auto-whitelist: DB addr list: file locked, breaking lock
  [13593] dbg: locker: safe_unlock: unlink ./log/user_state/auto-whitelist.lock
  [13593] dbg: auto-whitelist: post auto-whitelist score: 6.942
  [13593] dbg: rules: running body tests; score so far=6.942
  [13593] dbg: rules: compiled body tests
  [13593] dbg: rules: running uri tests; score so far=6.942
  [13593] dbg: rules: compiled uri tests
  [13593] dbg: rules: running rawbody tests; score so far=6.942
  [13593] dbg: rules: compiled rawbody tests
  [13593] dbg: rules: running full tests; score so far=6.942
  [13593] dbg: rules: compiled full tests
  [13593] dbg: rules: running meta tests; score so far=6.942
  [13593] dbg: rules: compiled meta tests
  [13593] dbg: plugin: Mail::SpamAssassin::Plugin::AutoLearnThreshold=HASH(0x8c5d9b0) implements 'autolearn_discriminator', priority 0
  [13593] dbg: learn: auto-learn: currently using scoreset 0
  [13593] dbg: learn: auto-learn: message score: 6.942, computed score for autolearn: 6.939
  [13593] dbg: learn: auto-learn? ham=0.1, spam=12, body-points=6.939, head-points=6.939, learned-points=0
  [13593] dbg: learn: auto-learn? no: inside auto-learn thresholds, not considered ham or spam
  [13593] dbg: check: is spam? score=6.942 required=5
  [13593] dbg: check: tests=AWL,FH_FROMEML_NOTLD,INVALID_MSGID,MIME_HEADER_CTYPE_ONLY,MISSING_DATE,MSGID_SHORT,NO_RECEIVED,NO_RELAYS,TO_MALFORMED
  [13593] dbg: check: subtests=__CT,__CTYPE_HAS_BOUNDARY,__GATED_THROUGH_RCVD_REMOVER,__HAS_MSGID,__HAS_SUBJECT,__MISSING_REF,__MISSING_REPLY,__MISSING_THREAD,__MSOE_MID_WRONG_CASE,__NONEMPTY_BODY,__TOCC_EXISTS,__TVD_MIME_ATT_TP,__TVD_MIME_CT_MM,__UNUSABLE_MSGID
  [13593] dbg: timing: total 2704 ms - init: 893 (33.0%), parse: 62 (2.3%), extract_message_metadata: 1131 (41.8%), get_uri_detail_list: 0.15 (0.0%), tests_pri_-1000: 4 (0.1%), tests_pri_-950: 1.53 (0.1%), tests_pri_-900: 1.86 (0.1%), tests_pri_-400: 1.35 (0.0%), tests_pri_0: 546 (20.2%), tests_pri_500: 52 (1.9%), tests_pri_1000: 8 (0.3%), check_awl: 6 (0.2%)
  [13593] dbg: plugin: Mail::SpamAssassin::Plugin::MIMEHeader=HASH(0x8c5f03c) implements 'finish_tests', priority 0
  [13593] dbg: plugin: Mail::SpamAssassin::Plugin::Check=HASH(0x8fea500) implements 'finish_tests', priority 0

  ok 5
  	Checking headerfound
  ok 6
  ok 7
  	/export/home/jm/tools/perl586/bin/perl -T -w ../spamassassin.raw -C log/test_rules_copy  --siteconfigpath log/localrules.tmp -p log/test_default.cf  -D -L -t < log/recurse.eml
  # [13597] dbg: logger: adding facilities: all
  [13597] dbg: logger: logging level is DBG
  [13597] dbg: generic: SpamAssassin version 3.3.0-r613124
  [13597] dbg: config: timing enabled
  [13597] dbg: config: score set 0 chosen.
  [13597] dbg: util: running in taint mode? yes
  [13597] dbg: util: taint mode: deleting unsafe environment variables, resetting PATH
  [13597] dbg: util: PATH included '/export/home/jm/tools/perl586/bin', keeping
  [13597] dbg: util: PATH included '/usr/ccs/bin', keeping
  [13597] dbg: util: PATH included '/sbin', keeping
  [13597] dbg: util: PATH included '/usr/sbin', keeping
  [13597] dbg: util: PATH included '/etc', keeping
  [13597] dbg: util: PATH included '/usr/etc', which doesn't exist, dropping
  [13597] dbg: util: PATH included '/usr/local/bin', which doesn't exist, dropping
  [13597] dbg: util: PATH included '/usr/bin/mh', which doesn't exist, dropping
  [13597] dbg: util: PATH included '/export/home/jm/bin', keeping
  [13597] dbg: util: PATH included '/sbin', keeping
  [13597] dbg: util: PATH included '/usr/sbin', keeping
  [13597] dbg: util: PATH included '/etc', keeping
  [13597] dbg: util: PATH included '/usr/etc', which doesn't exist, dropping
  [13597] dbg: util: PATH included '/usr/local/bin', which doesn't exist, dropping
  [13597] dbg: util: PATH included '/usr/bin/mh', which doesn't exist, dropping
  [13597] dbg: util: PATH included '/export/home/jm/bin', keeping
  [13597] dbg: util: PATH included '/sbin', keeping
  [13597] dbg: util: PATH included '/usr/sbin', keeping
  [13597] dbg: util: PATH included '/etc', keeping
  [13597] dbg: util: PATH included '/usr/etc', which doesn't exist, dropping
  [13597] dbg: util: PATH included '/usr/local/bin', which doesn't exist, dropping
  [13597] dbg: util: PATH included '/usr/bin/mh', which doesn't exist, dropping
  [13597] dbg: util: PATH included '/usr/bin', keeping
  [13597] dbg: util: PATH included '/opt/sfw/bin', keeping
  [13597] dbg: util: final PATH set to: /export/home/jm/tools/perl586/bin:/usr/ccs/bin:/sbin:/usr/sbin:/etc:/export/home/jm/bin:/sbin:/usr/sbin:/etc:/export/home/jm/bin:/sbin:/usr/sbin:/etc:/usr/bin:/opt/sfw/bin
  [13597] dbg: dns: no ipv6
  [13597] dbg: dns: is Net::DNS::Resolver available? yes
  [13597] dbg: dns: Net::DNS version: 0.49
  [13597] dbg: config: using "log/localrules.tmp" for site rules pre files
  [13597] dbg: config: read file log/localrules.tmp/init.pre
  [13597] dbg: config: read file log/localrules.tmp/svn_only.pre
  [13597] dbg: config: read file log/localrules.tmp/v310.pre
  [13597] dbg: config: read file log/localrules.tmp/v312.pre
  [13597] dbg: config: read file log/localrules.tmp/v320.pre
  [13597] dbg: config: using "log/test_rules_copy" for sys rules pre files
  [13597] dbg: config: read file log/test_rules_copy/init.pre
  [13597] dbg: config: read file log/test_rules_copy/svn_only.pre
  [13597] dbg: config: read file log/test_rules_copy/v310.pre
  [13597] dbg: config: read file log/test_rules_copy/v312.pre
  [13597] dbg: config: read file log/test_rules_copy/v320.pre
  [13597] dbg: config: using "log/test_rules_copy" for default rules dir
  [13597] dbg: config: read file log/test_rules_copy/01_test_rules.cf
  [13597] dbg: config: read file log/test_rules_copy/10_default_prefs.cf
  [13597] dbg: config: read file log/test_rules_copy/20_advance_fee.cf
  [13597] dbg: config: read file log/test_rules_copy/20_body_tests.cf
  [13597] dbg: config: read file log/test_rules_copy/20_compensate.cf
  [13597] dbg: config: read file log/test_rules_copy/20_dnsbl_tests.cf
  [13597] dbg: config: read file log/test_rules_copy/20_drugs.cf
  [13597] dbg: config: read file log/test_rules_copy/20_dynrdns.cf
  [13597] dbg: config: read file log/test_rules_copy/20_fake_helo_tests.cf
  [13597] dbg: config: read file log/test_rules_copy/20_head_tests.cf
  [13597] dbg: config: read file log/test_rules_copy/20_html_tests.cf
  [13597] dbg: config: read file log/test_rules_copy/20_imageinfo.cf
  [13597] dbg: config: read file log/test_rules_copy/20_meta_tests.cf
  [13597] dbg: config: read file log/test_rules_copy/20_net_tests.cf
  [13597] dbg: config: read file log/test_rules_copy/20_phrases.cf
  [13597] dbg: config: read file log/test_rules_copy/20_porn.cf
  [13597] dbg: config: read file log/test_rules_copy/20_ratware.cf
  [13597] dbg: config: read file log/test_rules_copy/20_uri_tests.cf
  [13597] dbg: config: read file log/test_rules_copy/20_vbounce.cf
  [13597] dbg: config: read file log/test_rules_copy/23_bayes.cf
  [13597] dbg: config: read file log/test_rules_copy/25_accessdb.cf
  [13597] dbg: config: read file log/test_rules_copy/25_antivirus.cf
  [13597] dbg: config: read file log/test_rules_copy/25_asn.cf
  [13597] dbg: config: read file log/test_rules_copy/25_dcc.cf
  [13597] dbg: config: read file log/test_rules_copy/25_dkim.cf
  [13597] dbg: config: read file log/test_rules_copy/25_domainkeys.cf
  [13597] dbg: config: read file log/test_rules_copy/25_hashcash.cf
  [13597] dbg: config: read file log/test_rules_copy/25_pyzor.cf
  [13597] dbg: config: read file log/test_rules_copy/25_razor2.cf
  [13597] dbg: config: read file log/test_rules_copy/25_replace.cf
  [13597] dbg: config: read file log/test_rules_copy/25_spf.cf
  [13597] dbg: config: read file log/test_rules_copy/25_textcat.cf
  [13597] dbg: config: read file log/test_rules_copy/25_uribl.cf
  [13597] dbg: config: read file log/test_rules_copy/30_text_de.cf
  [13597] dbg: config: read file log/test_rules_copy/30_text_fr.cf
  [13597] dbg: config: read file log/test_rules_copy/30_text_it.cf
  [13597] dbg: config: read file log/test_rules_copy/30_text_nl.cf
  [13597] dbg: config: read file log/test_rules_copy/30_text_pl.cf
  [13597] dbg: config: read file log/test_rules_copy/30_text_pt_br.cf
  [13597] dbg: config: read file log/test_rules_copy/50_scores.cf
  [13597] dbg: config: read file log/test_rules_copy/60_awl.cf
  [13597] dbg: config: read file log/test_rules_copy/60_shortcircuit.cf
  [13597] dbg: config: read file log/test_rules_copy/60_whitelist.cf
  [13597] dbg: config: read file log/test_rules_copy/60_whitelist_dk.cf
  [13597] dbg: config: read file log/test_rules_copy/60_whitelist_dkim.cf
  [13597] dbg: config: read file log/test_rules_copy/60_whitelist_spf.cf
  [13597] dbg: config: read file log/test_rules_copy/60_whitelist_subject.cf
  [13597] dbg: config: read file log/test_rules_copy/70_sandbox.cf
  [13597] dbg: config: read file log/test_rules_copy/72_active.cf
  [13597] dbg: config: read file log/test_rules_copy/99_test_default.cf
  [13597] dbg: config: read file log/test_rules_copy/local.cf
  [13597] dbg: config: read file log/test_rules_copy/regression_tests.cf
  [13597] dbg: config: using "log/localrules.tmp" for site rules dir
  [13597] dbg: config: using "/export/home/hudson/.spamassassin" for user state dir
  [13597] dbg: config: using "log/test_default.cf" for user prefs file
  [13597] dbg: plugin: loading Mail::SpamAssassin::Plugin::URIDNSBL from @INC
  [13597] dbg: plugin: loading Mail::SpamAssassin::Plugin::Hashcash from @INC
  [13597] dbg: plugin: loading Mail::SpamAssassin::Plugin::SPF from @INC
  [13597] dbg: plugin: loading Mail::SpamAssassin::Plugin::Pyzor from @INC
  [13597] dbg: pyzor: local tests only, disabling Pyzor
  [13597] dbg: plugin: loading Mail::SpamAssassin::Plugin::Razor2 from @INC
  [13597] dbg: razor2: local tests only, skipping Razor
  [13597] dbg: plugin: loading Mail::SpamAssassin::Plugin::SpamCop from @INC
  [13597] dbg: reporter: local tests only, disabling SpamCop
  [13597] dbg: plugin: loading Mail::SpamAssassin::Plugin::AWL from @INC
  [13597] dbg: plugin: loading Mail::SpamAssassin::Plugin::AutoLearnThreshold from @INC
  [13597] dbg: plugin: loading Mail::SpamAssassin::Plugin::WhiteListSubject from @INC
  [13597] dbg: plugin: loading Mail::SpamAssassin::Plugin::MIMEHeader from @INC
  [13597] dbg: plugin: loading Mail::SpamAssassin::Plugin::ReplaceTags from @INC
  [13597] dbg: plugin: loading Mail::SpamAssassin::Plugin::Check from @INC
  [13597] dbg: plugin: loading Mail::SpamAssassin::Plugin::HTTPSMismatch from @INC
  [13597] dbg: plugin: loading Mail::SpamAssassin::Plugin::URIDetail from @INC
  [13597] dbg: plugin: loading Mail::SpamAssassin::Plugin::Bayes from @INC
  [13597] dbg: plugin: loading Mail::SpamAssassin::Plugin::BodyEval from @INC
  [13597] dbg: plugin: loading Mail::SpamAssassin::Plugin::DNSEval from @INC
  [13597] dbg: plugin: loading Mail::SpamAssassin::Plugin::HTMLEval from @INC
  [13597] dbg: plugin: loading Mail::SpamAssassin::Plugin::HeaderEval from @INC
  [13597] dbg: plugin: loading Mail::SpamAssassin::Plugin::MIMEEval from @INC
  [13597] dbg: plugin: loading Mail::SpamAssassin::Plugin::RelayEval from @INC
  [13597] dbg: plugin: loading Mail::SpamAssassin::Plugin::URIEval from @INC
  [13597] dbg: plugin: loading Mail::SpamAssassin::Plugin::WLBLEval from @INC
  [13597] dbg: plugin: loading Mail::SpamAssassin::Plugin::VBounce from @INC
  [13597] dbg: plugin: loading Mail::SpamAssassin::Plugin::ImageInfo from @INC
  [13597] dbg: plugin: did not register Mail::SpamAssassin::Plugin::URIDNSBL, already registered
  [13597] dbg: plugin: did not register Mail::SpamAssassin::Plugin::Hashcash, already registered
  [13597] dbg: plugin: did not register Mail::SpamAssassin::Plugin::SPF, already registered
  [13597] dbg: plugin: did not register Mail::SpamAssassin::Plugin::Pyzor, already registered
  [13597] dbg: plugin: did not register Mail::SpamAssassin::Plugin::Razor2, already registered
  [13597] dbg: plugin: did not register Mail::SpamAssassin::Plugin::SpamCop, already registered
  [13597] dbg: plugin: did not register Mail::SpamAssassin::Plugin::AWL, already registered
  [13597] dbg: plugin: did not register Mail::SpamAssassin::Plugin::AutoLearnThreshold, already registered
  [13597] dbg: plugin: did not register Mail::SpamAssassin::Plugin::WhiteListSubject, already registered
  [13597] dbg: plugin: did not register Mail::SpamAssassin::Plugin::MIMEHeader, already registered
  [13597] dbg: plugin: did not register Mail::SpamAssassin::Plugin::ReplaceTags, already registered
  [13597] dbg: plugin: did not register Mail::SpamAssassin::Plugin::Check, already registered
  [13597] dbg: plugin: did not register Mail::SpamAssassin::Plugin::HTTPSMismatch, already registered
  [13597] dbg: plugin: did not register Mail::SpamAssassin::Plugin::URIDetail, already registered
  [13597] dbg: plugin: did not register Mail::SpamAssassin::Plugin::Bayes, already registered
  [13597] dbg: plugin: did not register Mail::SpamAssassin::Plugin::BodyEval, already registered
  [13597] dbg: plugin: did not register Mail::SpamAssassin::Plugin::DNSEval, already registered
  [13597] dbg: plugin: did not register Mail::SpamAssassin::Plugin::HTMLEval, already registered
  [13597] dbg: plugin: did not register Mail::SpamAssassin::Plugin::HeaderEval, already registered
  [13597] dbg: plugin: did not register Mail::SpamAssassin::Plugin::MIMEEval, already registered
  [13597] dbg: plugin: did not register Mail::SpamAssassin::Plugin::RelayEval, already registered
  [13597] dbg: plugin: did not register Mail::SpamAssassin::Plugin::URIEval, already registered
  [13597] dbg: plugin: did not register Mail::SpamAssassin::Plugin::WLBLEval, already registered
  [13597] dbg: plugin: did not register Mail::SpamAssassin::Plugin::VBounce, already registered
  [13597] dbg: plugin: did not register Mail::SpamAssassin::Plugin::ImageInfo, already registered
  [13597] dbg: config: fixed relative path: log/test_rules_copy/sandbox-hstern.pm
  [13597] dbg: plugin: loading Mail::SpamAssassin::Plugin::Sandbox::hstern from /zonestorage/hudson/home/hudson/hudson/jobs/SpamAssassin-trunk/workspace/sa_trunk/t/log/test_rules_copy/sandbox-hstern.pm
  [13597] dbg: config: fixed relative path: log/test_rules_copy/sandbox-felicity.pm
  [13597] dbg: plugin: loading Mail::SpamAssassin::Plugin::Sandbox::felicity from /zonestorage/hudson/home/hudson/hudson/jobs/SpamAssassin-trunk/workspace/sa_trunk/t/log/test_rules_copy/sandbox-felicity.pm
  [13597] dbg: rules: __MO_OL_9B90B merged duplicates: __MO_OL_C65FA
  [13597] dbg: rules: FORGED_YAHOO_RCVD merged duplicates: TEST_FORGED_YAHOO_RCVD
  [13597] dbg: rules: __XM_OL_22B61 merged duplicates: __XM_OL_A842E
  [13597] dbg: rules: __MO_OL_07794 merged duplicates: __MO_OL_8627E __MO_OL_F3B05
  [13597] dbg: rules: HS_INDEX_PARAM merged duplicates: T_HS_INDEX_PARAM_5
  [13597] dbg: rules: __XM_OL_07794 merged duplicates: __XM_OL_25340 __XM_OL_3857F __XM_OL_4F240 __XM_OL_58CB5 __XM_OL_6554A __XM_OL_812FF __XM_OL_C65FA __XM_OL_CF0C0 __XM_OL_F475E __XM_OL_F6D01
  [13597] dbg: rules: FH_MSGID_01C67 merged duplicates: __MSGID_VGA
  [13597] dbg: rules: FS_NEW_SOFT_UPLOAD merged duplicates: HS_SUBJ_NEW_SOFTWARE
  [13597] dbg: rules: __FH_HAS_XMSMAIL merged duplicates: __HAS_MSMAIL_PRI
  [13597] dbg: rules: __MO_OL_91287 merged duplicates: __MO_OL_B30D1 __MO_OL_CF0C0
  [13597] dbg: rules: KAM_STOCKOTC merged duplicates: KAM_STOCKTIP15 KAM_STOCKTIP20 KAM_STOCKTIP21 KAM_STOCKTIP4 KAM_STOCKTIP6
  [13597] dbg: rules: __XM_OL_015D5 merged duplicates: __XM_OL_4BF4C __XM_OL_4EEDB __XM_OL_5B79A __XM_OL_9B90B __XM_OL_ADFF7 __XM_OL_B30D1 __XM_OL_B4B40 __XM_OL_BC7E6 __XM_OL_F3B05 __XM_OL_FF5C8
  [13597] dbg: rules: __MO_OL_015D5 merged duplicates: __MO_OL_6554A
  [13597] dbg: rules: __MO_OL_22B61 merged duplicates: __MO_OL_4F240 __MO_OL_ADFF7
  [13597] dbg: rules: __MO_OL_812FF merged duplicates: __MO_OL_BC7E6
  [13597] dbg: rules: EXCUSE_4 merged duplicates: TEST_EXCUSE_4
  [13597] dbg: rules: __MO_OL_25340 merged duplicates: __MO_OL_4EEDB __MO_OL_7533E
  [13597] dbg: rules: __MO_OL_58CB5 merged duplicates: __MO_OL_B4B40
  [13597] dbg: rules: __DOS_HAS_ANY_URI merged duplicates: __HAS_ANY_URI
  [13597] dbg: rules: TEST_ENDSNUMS merged duplicates: __FROM_ENDS_IN_NUMS
  [13597] dbg: rules: NORMAL_HTTP_TO_IP merged duplicates: TEST_NORMAL_HTTP_TO_IP
  [13597] dbg: rules: __THEBAT_MUA merged duplicates: __XM_THEBAT
  [13597] dbg: rules: __MO_OL_72641 merged duplicates: __MO_OL_A842E
  [13597] dbg: rules: __MO_OL_4BF4C merged duplicates: __MO_OL_F6D01
  [13597] dbg: rules: __MO_OL_F475E merged duplicates: __MO_OL_FF5C8
  [13597] dbg: conf: finish parsing
  [13597] dbg: plugin: Mail::SpamAssassin::Plugin::ReplaceTags=HASH(0x8b7c854) implements 'finish_parsing_end', priority 0
  [13597] dbg: replacetags: replacing tags
  [13597] dbg: replacetags: done replacing tags
  [13597] dbg: plugin: Mail::SpamAssassin::Plugin::Bayes=HASH(0x8ebfc30) implements 'learner_new', priority 0
  [13597] dbg: plugin: Mail::SpamAssassin::Plugin::Bayes=HASH(0x8ebfc30) implements 'learner_is_scan_available', priority 0
  [13597] dbg: bayes: DB_File module not installed, cannot use bayes
  [13597] dbg: config: score set 0 chosen.
  [13597] dbg: message: main message type: multipart/mixed
  [13597] dbg: plugin: Mail::SpamAssassin::Plugin::DNSEval=HASH(0x916be98) implements 'check_start', priority 0
  [13597] dbg: bayes: DB_File module not installed, cannot use bayes
  [13597] dbg: plugin: Mail::SpamAssassin::Plugin::Check=HASH(0x8eb631c) implements 'check_main', priority 0
  [13597] dbg: conf: trusted_networks are not configured; it is recommended that you configure trusted_networks manually
  [13597] dbg: metadata: X-Spam-Relays-Trusted:
  [13597] dbg: metadata: X-Spam-Relays-Untrusted:
  [13597] dbg: metadata: X-Spam-Relays-Internal:
  [13597] dbg: metadata: X-Spam-Relays-External:
  [13597] dbg: message: ---- MIME PARSER START ----
  [13597] dbg: message: parsing multipart, got boundary: AAAAAAAAAAAAAAAAAAB
  [13597] dbg: message: found part of type multipart/mixed, boundary: AAAAAAAAAAAAAAAAAAC
  [13597] dbg: message: added part, type: multipart/mixed
  [13597] dbg: message: parsing multipart, got boundary: AAAAAAAAAAAAAAAAAAC
  [13597] dbg: message: found part of type multipart/mixed, boundary: AAAAAAAAAAAAAAAAAAD
  [13597] dbg: message: added part, type: multipart/mixed
  [13597] dbg: message: parsing multipart, got boundary: AAAAAAAAAAAAAAAAAAD
  [13597] dbg: message: found part of type multipart/mixed, boundary: AAAAAAAAAAAAAAAAAAE
  [13597] dbg: message: added part, type: multipart/mixed
  [13597] dbg: message: parsing multipart, got boundary: AAAAAAAAAAAAAAAAAAE
  [13597] dbg: message: found part of type multipart/mixed, boundary: AAAAAAAAAAAAAAAAAAF
  [13597] dbg: message: added part, type: multipart/mixed
  [13597] dbg: message: parsing multipart, got boundary: AAAAAAAAAAAAAAAAAAF
  [13597] dbg: message: found part of type multipart/mixed, boundary: AAAAAAAAAAAAAAAAAAG
  [13597] dbg: message: added part, type: multipart/mixed
  [13597] dbg: message: parsing multipart, got boundary: AAAAAAAAAAAAAAAAAAG
  [13597] dbg: message: found part of type multipart/mixed, boundary: AAAAAAAAAAAAAAAAAAH
  [13597] dbg: message: added part, type: multipart/mixed
  [13597] dbg: message: parsing multipart, got boundary: AAAAAAAAAAAAAAAAAAH
  [13597] dbg: message: found part of type multipart/mixed, boundary: AAAAAAAAAAAAAAAAAAI
  [13597] dbg: message: added part, type: multipart/mixed
  [13597] dbg: message: parsing multipart, got boundary: AAAAAAAAAAAAAAAAAAI
  [13597] dbg: message: found part of type multipart/mixed, boundary: AAAAAAAAAAAAAAAAAAJ
  [13597] dbg: message: added part, type: multipart/mixed
  [13597] dbg: message: parsing multipart, got boundary: AAAAAAAAAAAAAAAAAAJ
  [13597] dbg: message: found part of type multipart/mixed, boundary: AAAAAAAAAAAAAAAAAAK
  [13597] dbg: message: added part, type: multipart/mixed
  [13597] dbg: message: parsing multipart, got boundary: AAAAAAAAAAAAAAAAAAK
  [13597] dbg: message: found part of type multipart/mixed, boundary: AAAAAAAAAAAAAAAAAAL
  [13597] dbg: message: added part, type: multipart/mixed
  [13597] dbg: message: parsing multipart, got boundary: AAAAAAAAAAAAAAAAAAL
  [13597] dbg: message: found part of type multipart/mixed, boundary: AAAAAAAAAAAAAAAAAAM
  [13597] dbg: message: added part, type: multipart/mixed
  [13597] dbg: message: parsing multipart, got boundary: AAAAAAAAAAAAAAAAAAM
  [13597] dbg: message: found part of type multipart/mixed, boundary: AAAAAAAAAAAAAAAAAAN
  [13597] dbg: message: added part, type: multipart/mixed
  [13597] dbg: message: parsing multipart, got boundary: AAAAAAAAAAAAAAAAAAN
  [13597] dbg: message: found part of type multipart/mixed, boundary: AAAAAAAAAAAAAAAAAAO
  [13597] dbg: message: added part, type: multipart/mixed
  [13597] dbg: message: parsing multipart, got boundary: AAAAAAAAAAAAAAAAAAO
  [13597] dbg: message: found part of type multipart/mixed, boundary: AAAAAAAAAAAAAAAAAAP
  [13597] dbg: message: added part, type: multipart/mixed
  [13597] dbg: message: parsing multipart, got boundary: AAAAAAAAAAAAAAAAAAP
  [13597] dbg: message: found part of type multipart/mixed, boundary: AAAAAAAAAAAAAAAAAAQ
  [13597] dbg: message: added part, type: multipart/mixed
  [13597] dbg: message: parsing multipart, got boundary: AAAAAAAAAAAAAAAAAAQ
  [13597] dbg: message: found part of type multipart/mixed, boundary: AAAAAAAAAAAAAAAAAAR
  [13597] dbg: message: added part, type: multipart/mixed
  [13597] dbg: message: parsing multipart, got boundary: AAAAAAAAAAAAAAAAAAR
  [13597] dbg: message: found part of type multipart/mixed, boundary: AAAAAAAAAAAAAAAAAAS
  [13597] dbg: message: added part, type: multipart/mixed
  [13597] dbg: message: parsing multipart, got boundary: AAAAAAAAAAAAAAAAAAS
  [13597] dbg: message: found part of type multipart/mixed, boundary: AAAAAAAAAAAAAAAAAAT
  [13597] dbg: message: added part, type: multipart/mixed
  [13597] dbg: message: parsing multipart, got boundary: AAAAAAAAAAAAAAAAAAT
  [13597] dbg: message: found part of type multipart/mixed, boundary: AAAAAAAAAAAAAAAAAAU
  [13597] dbg: message: added part, type: multipart/mixed
  [13597] dbg: message: parsing multipart, got boundary: AAAAAAAAAAAAAAAAAAU
  [13597] dbg: message: found part of type multipart/mixed, boundary: AAAAAAAAAAAAAAAAAAV
  [13597] dbg: message: added part, type: multipart/mixed
  [13597] dbg: message: parsing normal part
  [13597] dbg: message: ---- MIME PARSER END ----
  [13597] dbg: plugin: Mail::SpamAssassin::Plugin::URIDNSBL=HASH(0x8b23170) implements 'parsed_metadata', priority 0
  [13597] dbg: dns: is_dns_available() last checked 1206609635.0 seconds ago; re-checking
  [13597] dbg: dns: is DNS available? 0
  [13597] dbg: rules: local tests only, ignoring RBL eval
  [13597] dbg: check: running tests for priority: -1000
  [13597] dbg: rules: running head tests; score so far=0
  [13597] dbg: rules: compiled head tests
  [13597] dbg: rules: running head_eval tests; score so far=0
  [13597] dbg: eval: all '*From' addrs: foo
  [13597] dbg: eval: all '*To' addrs:
  [13597] dbg: rules: running body tests; score so far=0
  [13597] dbg: rules: compiled body tests
  [13597] dbg: rules: running uri tests; score so far=0
  [13597] dbg: rules: compiled uri tests
  [13597] dbg: rules: running rawbody tests; score so far=0
  [13597] dbg: rules: compiled rawbody tests
  [13597] dbg: rules: running full tests; score so far=0
  [13597] dbg: rules: compiled full tests
  [13597] dbg: rules: running meta tests; score so far=0
  [13597] dbg: rules: compiled meta tests
  [13597] dbg: check: running tests for priority: -950
  [13597] dbg: rules: running head tests; score so far=0
  [13597] dbg: rules: compiled head tests
  [13597] dbg: rules: running head_eval tests; score so far=0
  [13597] dbg: rules: running body tests; score so far=0
  [13597] dbg: rules: compiled body tests
  [13597] dbg: rules: running uri tests; score so far=0
  [13597] dbg: rules: compiled uri tests
  [13597] dbg: rules: running rawbody tests; score so far=0
  [13597] dbg: rules: compiled rawbody tests
  [13597] dbg: rules: running full tests; score so far=0
  [13597] dbg: rules: compiled full tests
  [13597] dbg: rules: running meta tests; score so far=0
  [13597] dbg: rules: compiled meta tests
  [13597] dbg: check: running tests for priority: -900
  [13597] dbg: rules: running head tests; score so far=0
  [13597] dbg: rules: compiled head tests
  [13597] dbg: rules: running head_eval tests; score so far=0
  [13597] dbg: rules: running body tests; score so far=0
  [13597] dbg: rules: compiled body tests
  [13597] dbg: rules: running uri tests; score so far=0
  [13597] dbg: rules: compiled uri tests
  [13597] dbg: rules: running rawbody tests; score so far=0
  [13597] dbg: rules: compiled rawbody tests
  [13597] dbg: rules: running full tests; score so far=0
  [13597] dbg: rules: compiled full tests
  [13597] dbg: rules: running meta tests; score so far=0
  [13597] dbg: rules: compiled meta tests
  [13597] dbg: check: running tests for priority: -400
  [13597] dbg: rules: running head tests; score so far=0
  [13597] dbg: rules: compiled head tests
  [13597] dbg: rules: running body tests; score so far=0
  [13597] dbg: rules: compiled body tests
  [13597] dbg: rules: running uri tests; score so far=0
  [13597] dbg: rules: compiled uri tests
  [13597] dbg: rules: running body_eval tests; score so far=0
  [13597] dbg: rules: running rawbody tests; score so far=0
  [13597] dbg: rules: compiled rawbody tests
  [13597] dbg: rules: running full tests; score so far=0
  [13597] dbg: rules: compiled full tests
  [13597] dbg: rules: running meta tests; score so far=0
  [13597] dbg: rules: compiled meta tests
  [13597] dbg: check: running tests for priority: 0
  [13597] dbg: rules: running head tests; score so far=0
  [13597] dbg: rules: compiled head tests
  [13597] dbg: rules: ran header rule __MISSING_THREAD ======> got hit: "UNSET"
  [13597] dbg: rules: ran header rule __TVD_MIME_CT_MM ======> got hit: "multipart/mixed"
  [13597] dbg: rules: ran header rule __CTYPE_HAS_BOUNDARY ======> got hit: "boundary"
  [13597] dbg: rules: ran header rule __CT ======> got hit: "m"
  [13597] dbg: rules: ran header rule __MISSING_REF ======> got hit: "UNSET"
  [13597] dbg: rules: ran header rule __MISSING_REPLY ======> got hit: "UNSET"
  [13597] dbg: rules: ran header rule TO_MALFORMED ======> got hit: "negative match"
  [13597] dbg: rules: ran header rule __TOCC_EXISTS ======> got hit: "b"
  [13597] dbg: rules: ran header rule __MSOE_MID_WRONG_CASE ======> got hit: "
  [13597] dbg: rules: Message-Id: "
  [13597] dbg: rules: ran header rule FH_FROMEML_NOTLD ======> got hit: "negative match"
  [13597] dbg: rules: ran header rule MISSING_DATE ======> got hit: "UNSET"
  [13597] dbg: rules: ran header rule __HAS_MSGID ======> got hit: "<"
  [13597] dbg: rules: ran header rule MSGID_SHORT ======> got hit: "<bar>"
  [13597] dbg: rules: ran header rule __HAS_SUBJECT ======> got hit: "t"
  [13597] dbg: rules: running head_eval tests; score so far=2.901
  [13597] dbg: rules: ran eval rule NO_RELAYS ======> got hit (1)
  [13597] dbg: rules: ran eval rule __GATED_THROUGH_RCVD_REMOVER ======> got hit (1)
  [13597] dbg: spf: cannot get Envelope-From, cannot use SPF
  [13597] dbg: spf: def_spf_whitelist_from: could not find useable envelope sender
  [13597] dbg: spf: spf_whitelist_from: could not find useable envelope sender
  [13597] dbg: rules: running body tests; score so far=2.9
  [13597] dbg: rules: compiled body tests
  [13597] dbg: rules: ran body rule __NONEMPTY_BODY ======> got hit: "t"
  [13597] dbg: rules: running uri tests; score so far=2.9
  [13597] dbg: rules: compiled uri tests
  [13597] dbg: rules: running body_eval tests; score so far=2.9
  [13597] dbg: rules: running rawbody tests; score so far=2.9
  [13597] dbg: rules: compiled rawbody tests
  [13597] dbg: rules: running rawbody_eval tests; score so far=2.9
  [13597] dbg: rules: running full tests; score so far=2.9
  [13597] dbg: rules: compiled full tests
  [13597] dbg: rules: running full_eval tests; score so far=2.9
  [13597] dbg: rules: running meta tests; score so far=2.9
  [13597] dbg: rules: compiled meta tests
  [13597] dbg: check: running tests for priority: 500
  [13597] dbg: dns: harvest_dnsbl_queries
  [13597] dbg: rules: running head tests; score so far=2.9
  [13597] dbg: rules: compiled head tests
  [13597] dbg: rules: running body tests; score so far=2.9
  [13597] dbg: rules: compiled body tests
  [13597] dbg: rules: running uri tests; score so far=2.9
  [13597] dbg: rules: compiled uri tests
  [13597] dbg: rules: running rawbody tests; score so far=2.9
  [13597] dbg: rules: compiled rawbody tests
  [13597] dbg: rules: running full tests; score so far=2.9
  [13597] dbg: rules: compiled full tests
  [13597] dbg: rules: running meta tests; score so far=2.9
  [13597] dbg: rules: meta test DIGEST_MULTIPLE has undefined dependency 'DCC_CHECK'
  [13597] dbg: rules: meta test T_FAKE_REPLY_SURE_B has undefined dependency 'FAKE_REPLY_A'
  [13597] dbg: rules: meta test T_FAKE_REPLY_SURE_B has undefined dependency 'FAKE_REPLY_A2'
  [13597] dbg: rules: meta test T_FAKE_REPLY_SURE_A has undefined dependency 'FAKE_REPLY_A'
  [13597] dbg: rules: meta test T_FAKE_REPLY_SURE_A has undefined dependency 'FAKE_REPLY_A2'
  [13597] info: rules: meta test T_TVD_PH_BODY_META_ALL has dependency 'TVD_PH_BODY_ACCOUNTS_PRE' with a zero score
  [13597] dbg: rules: compiled meta tests
  [13597] dbg: check: running tests for priority: 1000
  [13597] dbg: rules: running head tests; score so far=6.937
  [13597] dbg: rules: compiled head tests
  [13597] dbg: rules: running head_eval tests; score so far=6.937
  [13597] dbg: locker: safe_lock: created ./log/user_state/auto-whitelist.lock.hudson.zones.apache.org.13597
  [13597] dbg: locker: safe_lock: trying to get lock on ./log/user_state/auto-whitelist with 0 retries
  [13597] dbg: locker: safe_lock: link to ./log/user_state/auto-whitelist.lock: link ok
  [13597] dbg: auto-whitelist: tie-ing to DB file of type SDBM_File R/W in ./log/user_state/auto-whitelist
  [13597] dbg: auto-whitelist: db-based foo|ip=none scores 2/13.884
  [13597] dbg: auto-whitelist: AWL active, pre-score: 6.937, autolearn score: 6.937, mean: 6.942, IP: undef
  [13597] dbg: auto-whitelist: add_score: new count: 3, new totscore: 20.821
  [13597] dbg: auto-whitelist: DB addr list: untie-ing and unlocking
  [13597] dbg: auto-whitelist: DB addr list: file locked, breaking lock
  [13597] dbg: locker: safe_unlock: unlink ./log/user_state/auto-whitelist.lock
  [13597] dbg: auto-whitelist: post auto-whitelist score: 6.9395
  [13597] dbg: rules: running body tests; score so far=6.9395
  [13597] dbg: rules: compiled body tests
  [13597] dbg: rules: running uri tests; score so far=6.9395
  [13597] dbg: rules: compiled uri tests
  [13597] dbg: rules: running rawbody tests; score so far=6.9395
  [13597] dbg: rules: compiled rawbody tests
  [13597] dbg: rules: running full tests; score so far=6.9395
  [13597] dbg: rules: compiled full tests
  [13597] dbg: rules: running meta tests; score so far=6.9395
  [13597] dbg: rules: compiled meta tests
  [13597] dbg: plugin: Mail::SpamAssassin::Plugin::AutoLearnThreshold=HASH(0x8b7a04c) implements 'autolearn_discriminator', priority 0
  [13597] dbg: learn: auto-learn: currently using scoreset 0
  [13597] dbg: learn: auto-learn: message score: 6.9395, computed score for autolearn: 6.939
  [13597] dbg: learn: auto-learn? ham=0.1, spam=12, body-points=6.939, head-points=6.939, learned-points=0
  [13597] dbg: learn: auto-learn? no: inside auto-learn thresholds, not considered ham or spam
  [13597] dbg: check: is spam? score=6.94 required=5
  [13597] dbg: check: tests=AWL,FH_FROMEML_NOTLD,INVALID_MSGID,MIME_HEADER_CTYPE_ONLY,MISSING_DATE,MSGID_SHORT,NO_RECEIVED,NO_RELAYS,TO_MALFORMED
  [13597] dbg: check: subtests=__CT,__CTYPE_HAS_BOUNDARY,__GATED_THROUGH_RCVD_REMOVER,__HAS_MSGID,__HAS_SUBJECT,__MISSING_REF,__MISSING_REPLY,__MISSING_THREAD,__MSOE_MID_WRONG_CASE,__NONEMPTY_BODY,__TOCC_EXISTS,__TVD_MIME_CT_MM,__UNUSABLE_MSGID
  [13597] dbg: timing: total 1566 ms - init: 891 (56.9%), parse: 9 (0.6%), extract_message_metadata: 141 (9.0%), get_uri_detail_list: 0.14 (0.0%), tests_pri_-1000: 4 (0.3%), tests_pri_-950: 1.55 (0.1%), tests_pri_-900: 1.85 (0.1%), tests_pri_-400: 1.32 (0.1%), tests_pri_0: 453 (28.9%), tests_pri_500: 53 (3.4%), tests_pri_1000: 8 (0.5%), check_awl: 6 (0.4%)
  [13597] dbg: plugin: Mail::SpamAssassin::Plugin::MIMEHeader=HASH(0x8b7b6d8) implements 'finish_tests', priority 0
  [13597] dbg: plugin: Mail::SpamAssassin::Plugin::Check=HASH(0x8eb631c) implements 'finish_tests', priority 0

  ok 8
  	Checking headerfound
  ok 9
  ok 10
  ]]>
  </system-out><system-err />
  </testsuite>
  <testsuite failures="0"
             errors="0"
             tests="24"
             time="0"
             name="make_test.t_regexp_valid_t"
             id="48">
    <testcase time="0"
              name="test      1"
              classname="make_test.t_regexp_valid_t" />

    <testcase time="0"
              name="test      2"
              classname="make_test.t_regexp_valid_t" />
    <testcase time="0"
              name="test      3"
              classname="make_test.t_regexp_valid_t" />
    <testcase time="0"
              name="test      4"
              classname="make_test.t_regexp_valid_t" />
    <testcase time="0"
              name="test      5"
              classname="make_test.t_regexp_valid_t" />
    <testcase time="0"
              name="test      6"
              classname="make_test.t_regexp_valid_t" />
    <testcase time="0"
              name="test      7"
              classname="make_test.t_regexp_valid_t" />
    <testcase time="0"
              name="test      8"
              classname="make_test.t_regexp_valid_t" />
    <testcase time="0"
              name="test      9"
              classname="make_test.t_regexp_valid_t" />
    <testcase time="0"
              name="test     10"
              classname="make_test.t_regexp_valid_t" />

    <testcase time="0"
              name="test     11"
              classname="make_test.t_regexp_valid_t" />
    <testcase time="0"
              name="test     12"
              classname="make_test.t_regexp_valid_t" />
    <testcase time="0"
              name="test     13"
              classname="make_test.t_regexp_valid_t" />
    <testcase time="0"
              name="test     14"
              classname="make_test.t_regexp_valid_t" />
    <testcase time="0"
              name="test     15"
              classname="make_test.t_regexp_valid_t" />
    <testcase time="0"
              name="test     16"
              classname="make_test.t_regexp_valid_t" />
    <testcase time="0"
              name="test     17"
              classname="make_test.t_regexp_valid_t" />
    <testcase time="0"
              name="test     18"
              classname="make_test.t_regexp_valid_t" />
    <testcase time="0"
              name="test     19"
              classname="make_test.t_regexp_valid_t" />

    <testcase time="0"
              name="test     20"
              classname="make_test.t_regexp_valid_t" />
    <testcase time="0"
              name="test     21"
              classname="make_test.t_regexp_valid_t" />
    <testcase time="0"
              name="test     22"
              classname="make_test.t_regexp_valid_t" />
    <testcase time="0"
              name="test     23"
              classname="make_test.t_regexp_valid_t" />
    <testcase time="0"
              name="test     24"
              classname="make_test.t_regexp_valid_t" /><system-out>
  <![CDATA[1..24
  # Running under perl version 5.008006 for solaris
  # Current time local: Thu Mar 27 09:20:35 2008
  # Current time GMT:   Thu Mar 27 09:20:35 2008
  # Using Test.pm version 1.25
  ok 1
  ok 2
  ok 3
  ok 4
  ok 5
  ok 6
  ok 7
  ok 8
  ok 9
  ok 10
  ok 11
  ok 12
  ok 13
  ok 14
  ok 15
  ok 16
  ok 17
  ok 18
  ok 19
  ok 20
  ok 21
  ok 22
  ok 23
  ok 24
  ]]>
  </system-out><system-err />
  </testsuite>
  <testsuite failures="0"
             errors="0"
             tests="4"
             time="0"
             name="make_test.t_relative_scores_t"
             id="49">

    <testcase time="0"
              name="test      1"
              classname="make_test.t_relative_scores_t" />
    <testcase time="0"
              name="test      2"
              classname="make_test.t_relative_scores_t" />
    <testcase time="0"
              name="test      3"
              classname="make_test.t_relative_scores_t" />
    <testcase time="0"
              name="test      4"
              classname="make_test.t_relative_scores_t" /><system-out>
  <![CDATA[1..4
  # Running under perl version 5.008006 for solaris
  # Current time local: Thu Mar 27 09:20:37 2008
  # Current time GMT:   Thu Mar 27 09:20:37 2008
  # Using Test.pm version 1.25
  ok 1
  ok 2
  ok 3
  ok 4
  ]]>
  </system-out><system-err />
  </testsuite>
  <testsuite failures="0"
             errors="0"
             tests="8"
             time="0"
             name="make_test.t_report_safe_t"
             id="50">
    <testcase time="0"
              name="test      1"
              classname="make_test.t_report_safe_t" />

    <testcase time="0"
              name="test      2"
              classname="make_test.t_report_safe_t" />
    <testcase time="0"
              name="test      3"
              classname="make_test.t_report_safe_t" />
    <testcase time="0"
              name="test      4"
              classname="make_test.t_report_safe_t" />
    <testcase time="0"
              name="test      5"
              classname="make_test.t_report_safe_t" />
    <testcase time="0"
              name="test      6"
              classname="make_test.t_report_safe_t" />
    <testcase time="0"
              name="test      7"
              classname="make_test.t_report_safe_t" />
    <testcase time="0"
              name="test      8"
              classname="make_test.t_report_safe_t" /><system-out>
  <![CDATA[1..8
  # Running under perl version 5.008006 for solaris
  # Current time local: Thu Mar 27 09:20:37 2008
  # Current time GMT:   Thu Mar 27 09:20:37 2008
  # Using Test.pm version 1.25
  	/export/home/jm/tools/perl586/bin/perl -T -w ../spamassassin.raw -C log/test_rules_copy  --siteconfigpath log/localrules.tmp -p log/tst.cf  -L < log/report_safe.eml
  	Checking XSS_Prev_Subject
  ok 1
  	Checking XSS_Yes
  ok 2
  	Checking for anti-pattern P_1
  ok 3
  	Checking for anti-pattern XSS_No
  ok 4
  	/export/home/jm/tools/perl586/bin/perl -T -w ../spamassassin.raw -C log/test_rules_copy  --siteconfigpath log/localrules.tmp -p log/tst.cf  -L < log/report_safe.eml
  	Checking P_2
  ok 5
  	Checking XSS_Yes
  ok 6
  	/export/home/jm/tools/perl586/bin/perl -T -w ../spamassassin.raw -C log/test_rules_copy  --siteconfigpath log/localrules.tmp -p log/tst.cf  -L < log/report_safe.eml
  	Checking P_3
  ok 7
  	Checking XSS_Yes
  ok 8
  ]]>
  </system-out><system-err />

  </testsuite>
  <testsuite failures="0"
             errors="0"
             tests="11"
             time="0"
             name="make_test.t_reportheader_t"
             id="51">
    <testcase time="0"
              name="test      1"
              classname="make_test.t_reportheader_t" />
    <testcase time="0"
              name="test      2"
              classname="make_test.t_reportheader_t" />
    <testcase time="0"
              name="test      3"
              classname="make_test.t_reportheader_t" />
    <testcase time="0"
              name="test      4"
              classname="make_test.t_reportheader_t" />
    <testcase time="0"
              name="test      5"
              classname="make_test.t_reportheader_t" />
    <testcase time="0"
              name="test      6"
              classname="make_test.t_reportheader_t" />
    <testcase time="0"
              name="test      7"
              classname="make_test.t_reportheader_t" />

    <testcase time="0"
              name="test      8"
              classname="make_test.t_reportheader_t" />
    <testcase time="0"
              name="test      9"
              classname="make_test.t_reportheader_t" />
    <testcase time="0"
              name="test     10"
              classname="make_test.t_reportheader_t" />
    <testcase time="0"
              name="test     11"
              classname="make_test.t_reportheader_t" /><system-out>
  <![CDATA[1..11
  # Running under perl version 5.008006 for solaris
  # Current time local: Thu Mar 27 09:20:42 2008
  # Current time GMT:   Thu Mar 27 09:20:42 2008
  # Using Test.pm version 1.25
  	/export/home/jm/tools/perl586/bin/perl -T -w ../spamassassin.raw -C log/test_rules_copy  --siteconfigpath log/localrules.tmp -p log/tst.cf  -L -t < data/spam/001
  	Checking fromyahoo
  ok 1
  	Checking remove
  ok 2
  	Checking noreal
  ok 3
  	Checking endsinnums
  ok 4
  	Checking invdate
  ok 5
  	Checking msgidnotvalid
  ok 6
  	Checking spam-report-body
  ok 7
  	Checking subj
  ok 8
  	Checking dotteddec
  ok 9
  	Checking flag
  ok 10
  	Checking status
  ok 11
  ]]>
  </system-out><system-err />
  </testsuite>
  <testsuite failures="0"
             errors="0"
             tests="2"
             time="0"
             name="make_test.t_reportheader_8bit_t"
             id="52">
    <testcase time="0"
              name="test      1"
              classname="make_test.t_reportheader_8bit_t" />

    <testcase time="0"
              name="test      2"
              classname="make_test.t_reportheader_8bit_t" /><system-out>
  <![CDATA[1..2
  # Running under perl version 5.008006 for solaris
  # Current time local: Thu Mar 27 09:20:44 2008
  # Current time GMT:   Thu Mar 27 09:20:44 2008
  # Using Test.pm version 1.25
  	/export/home/jm/tools/perl586/bin/perl -T -w ../spamassassin.raw -C log/test_rules_copy  --siteconfigpath log/localrules.tmp -p log/tst.cf  -L -t < data/spam/001
  	Checking qp-encoded-desc
  ok 1
  	Checking qp-encoded-hdr
  ok 2
  ]]>
  </system-out><system-err />
  </testsuite>
  <testsuite failures="0"
             errors="0"
             tests="10"
             time="0"
             name="make_test.t_rule_multiple_t"
             id="53">
    <testcase time="0"
              name="test      1"
              classname="make_test.t_rule_multiple_t" />
    <testcase time="0"
              name="test      2"
              classname="make_test.t_rule_multiple_t" />
    <testcase time="0"
              name="test      3"
              classname="make_test.t_rule_multiple_t" />
    <testcase time="0"
              name="test      4"
              classname="make_test.t_rule_multiple_t" />

    <testcase time="0"
              name="test      5"
              classname="make_test.t_rule_multiple_t" />
    <testcase time="0"
              name="test      6"
              classname="make_test.t_rule_multiple_t" />
    <testcase time="0"
              name="test      7"
              classname="make_test.t_rule_multiple_t" />
    <testcase time="0"
              name="test      8"
              classname="make_test.t_rule_multiple_t" />
    <testcase time="0"
              name="test      9"
              classname="make_test.t_rule_multiple_t" />
    <testcase time="0"
              name="test     10"
              classname="make_test.t_rule_multiple_t" /><system-out>
  <![CDATA[1..0
  # Running under perl version 5.008006 for solaris
  # Current time local: Thu Mar 27 09:20:46 2008
  # Current time GMT:   Thu Mar 27 09:20:46 2008
  # Using Test.pm version 1.25
  skipped: (no reason given)
  t/root_spamd_tell.................
  1..0
  # Running under perl version 5.008006 for solaris
  # Current time local: Thu Mar 27 09:20:46 2008
  # Current time GMT:   Thu Mar 27 09:20:46 2008
  # Using Test.pm version 1.25
  skipped: (no reason given)
  t/root_spamd_tell_paranoid........
  1..0
  # Running under perl version 5.008006 for solaris
  # Current time local: Thu Mar 27 09:20:46 2008
  # Current time GMT:   Thu Mar 27 09:20:46 2008
  # Using Test.pm version 1.25
  skipped: (no reason given)
  t/root_spamd_tell_x...............
  1..0
  # Running under perl version 5.008006 for solaris
  # Current time local: Thu Mar 27 09:20:46 2008
  # Current time GMT:   Thu Mar 27 09:20:46 2008
  # Using Test.pm version 1.25
  skipped: (no reason given)
  t/root_spamd_tell_x_paranoid......
  1..0
  # Running under perl version 5.008006 for solaris
  # Current time local: Thu Mar 27 09:20:46 2008
  # Current time GMT:   Thu Mar 27 09:20:46 2008
  # Using Test.pm version 1.25
  skipped: (no reason given)
  t/root_spamd_u....................
  1..0
  # Running under perl version 5.008006 for solaris
  # Current time local: Thu Mar 27 09:20:46 2008
  # Current time GMT:   Thu Mar 27 09:20:46 2008
  # Using Test.pm version 1.25
  skipped: (no reason given)
  t/root_spamd_u_dcc................
  1..0
  # Running under perl version 5.008006 for solaris
  # Current time local: Thu Mar 27 09:20:46 2008
  # Current time GMT:   Thu Mar 27 09:20:46 2008
  # Using Test.pm version 1.25
  skipped: (no reason given)
  t/root_spamd_virtual..............
  1..0
  # Running under perl version 5.008006 for solaris
  # Current time local: Thu Mar 27 09:20:47 2008
  # Current time GMT:   Thu Mar 27 09:20:47 2008
  # Using Test.pm version 1.25
  skipped: (no reason given)
  t/root_spamd_x....................
  1..0
  # Running under perl version 5.008006 for solaris
  # Current time local: Thu Mar 27 09:20:47 2008
  # Current time GMT:   Thu Mar 27 09:20:47 2008
  # Using Test.pm version 1.25
  skipped: (no reason given)
  t/root_spamd_x_paranoid...........
  1..0
  # Running under perl version 5.008006 for solaris
  # Current time local: Thu Mar 27 09:20:47 2008
  # Current time GMT:   Thu Mar 27 09:20:47 2008
  # Using Test.pm version 1.25
  skipped: (no reason given)
  t/root_spamd_x_u..................
  1..0
  # Running under perl version 5.008006 for solaris
  # Current time local: Thu Mar 27 09:20:47 2008
  # Current time GMT:   Thu Mar 27 09:20:47 2008
  # Using Test.pm version 1.25
  skipped: (no reason given)
  t/rule_multiple...................
  1..10
  # Running under perl version 5.008006 for solaris
  # Current time local: Thu Mar 27 09:20:47 2008
  # Current time GMT:   Thu Mar 27 09:20:47 2008
  # Using Test.pm version 1.25
  	/export/home/jm/tools/perl586/bin/perl -T -w ../spamassassin.raw -C log/test_rules_copy  --siteconfigpath log/localrules.tmp -p log/test_default.cf  -L -t < data/spam/002
  	Checking body
  ok 1
  	Checking eval
  ok 2
  	Checking full
  ok 3
  	Checking header
  ok 4
  	Checking meta
  ok 5
  	Checking rawbody
  ok 6
  	Checking uri
  ok 7
  	Checking for anti-pattern body_2
  ok 8
  	Checking for anti-pattern full_2
  ok 9
  	Checking for anti-pattern header_2
  ok 10
  ]]>
  </system-out><system-err />
  </testsuite>

  <testsuite failures="0"
             errors="0"
             tests="1"
             time="0"
             name="make_test.t_rule_tests_t"
             id="54">
    <testcase time="0"
              name="test      1"
              classname="make_test.t_rule_tests_t" /><system-out>
  <![CDATA[1..0
  # Running under perl version 5.008006 for solaris
  # Current time local: Thu Mar 27 09:20:49 2008
  # Current time GMT:   Thu Mar 27 09:20:49 2008
  # Using Test.pm version 1.25
  NOTE: this test requires 'run_rule_name_tests' set to 'y'.
  skipped: (no reason given)
  t/rule_tests......................
  1..1
  # Running under perl version 5.008006 for solaris
  # Current time local: Thu Mar 27 09:20:50 2008
  # Current time GMT:   Thu Mar 27 09:20:50 2008
  # Using Test.pm version 1.25
  ok 1
  ]]>
  </system-out><system-err />
  </testsuite>
  <testsuite failures="0"
             errors="0"
             tests="9"
             time="0"
             name="make_test.t_rule_types_t"
             id="55">
    <testcase time="0"
              name="test      1"
              classname="make_test.t_rule_types_t" />
    <testcase time="0"
              name="test      2"
              classname="make_test.t_rule_types_t" />
    <testcase time="0"
              name="test      3"
              classname="make_test.t_rule_types_t" />

    <testcase time="0"
              name="test      4"
              classname="make_test.t_rule_types_t" />
    <testcase time="0"
              name="test      5"
              classname="make_test.t_rule_types_t" />
    <testcase time="0"
              name="test      6"
              classname="make_test.t_rule_types_t" />
    <testcase time="0"
              name="test      7"
              classname="make_test.t_rule_types_t" />
    <testcase time="0"
              name="test      8"
              classname="make_test.t_rule_types_t" />
    <testcase time="0"
              name="test      9"
              classname="make_test.t_rule_types_t" /><system-out>
  <![CDATA[1..9
  # Running under perl version 5.008006 for solaris
  # Current time local: Thu Mar 27 09:20:50 2008
  # Current time GMT:   Thu Mar 27 09:20:50 2008
  # Using Test.pm version 1.25
  	/export/home/jm/tools/perl586/bin/perl -T -w ../spamassassin.raw -C log/test_rules_copy  --siteconfigpath log/localrules.tmp -p log/tst.cf  -L -t < data/spam/002
  	Checking BODY_LINE_WRAP
  ok 1
  	Checking ENV_FROM
  ok 2
  	Checking LAST_RCVD_LINE
  ok 3
  	Checking MESSAGEID_MATCH
  ok 4
  	Checking RELAYS
  ok 5
  	Checking SUBJ_IN_BODY
  ok 6
  	Checking bodyspotted
  ok 7
  	Checking invdate
  ok 8
  	Checking URI_RULE
  ok 9
  ]]>
  </system-out><system-err />
  </testsuite>

  <testsuite failures="0"
             errors="0"
             tests="15"
             time="0"
             name="make_test.t_sha1_t"
             id="56">
    <testcase time="0"
              name="test      1"
              classname="make_test.t_sha1_t" />
    <testcase time="0"
              name="test      2"
              classname="make_test.t_sha1_t" />
    <testcase time="0"
              name="test      3"
              classname="make_test.t_sha1_t" />
    <testcase time="0"
              name="test      4"
              classname="make_test.t_sha1_t" />
    <testcase time="0"
              name="test      5"
              classname="make_test.t_sha1_t" />
    <testcase time="0"
              name="test      6"
              classname="make_test.t_sha1_t" />
    <testcase time="0"
              name="test      7"
              classname="make_test.t_sha1_t" />
    <testcase time="0"
              name="test      8"
              classname="make_test.t_sha1_t" />

    <testcase time="0"
              name="test      9"
              classname="make_test.t_sha1_t" />
    <testcase time="0"
              name="test     10"
              classname="make_test.t_sha1_t" />
    <testcase time="0"
              name="test     11"
              classname="make_test.t_sha1_t" />
    <testcase time="0"
              name="test     12"
              classname="make_test.t_sha1_t" />
    <testcase time="0"
              name="test     13"
              classname="make_test.t_sha1_t" />
    <testcase time="0"
              name="test     14"
              classname="make_test.t_sha1_t" />
    <testcase time="0"
              name="test     15"
              classname="make_test.t_sha1_t" /><system-out>
  <![CDATA[1..0
  # Running under perl version 5.008006 for solaris
  # Current time local: Thu Mar 27 09:20:52 2008
  # Current time GMT:   Thu Mar 27 09:20:52 2008
  # Using Test.pm version 1.25
  NOTE: this test requires 'run_saw_ampersand_test' set to 'y'.
  skipped: (no reason given)
  t/sha1............................
  1..15
  # Running under perl version 5.008006 for solaris
  # Current time local: Thu Mar 27 09:20:52 2008
  # Current time GMT:   Thu Mar 27 09:20:52 2008
  # Using Test.pm version 1.25
  ok 1
  ok 2
  ok 3
  ok 4
  ok 5
  ok 6
  ok 7
  ok 8
  ok 9
  ok 10
  ok 11
  ok 12
  ok 13
  ok 14
  Digest::SHA1 mismatch
  ok 15
  ]]>
  </system-out><system-err />

  </testsuite>
  <testsuite failures="0"
             errors="0"
             tests="8"
             time="0"
             name="make_test.t_shortcircuit_t"
             id="57">
    <testcase time="0"
              name="test      1"
              classname="make_test.t_shortcircuit_t" />
    <testcase time="0"
              name="test      2"
              classname="make_test.t_shortcircuit_t" />
    <testcase time="0"
              name="test      3"
              classname="make_test.t_shortcircuit_t" />
    <testcase time="0"
              name="test      4"
              classname="make_test.t_shortcircuit_t" />
    <testcase time="0"
              name="test      5"
              classname="make_test.t_shortcircuit_t" />
    <testcase time="0"
              name="test      6"
              classname="make_test.t_shortcircuit_t" />
    <testcase time="0"
              name="test      7"
              classname="make_test.t_shortcircuit_t" />

    <testcase time="0"
              name="test      8"
              classname="make_test.t_shortcircuit_t" /><system-out>
  <![CDATA[1..8
  # Running under perl version 5.008006 for solaris
  # Current time local: Thu Mar 27 09:20:53 2008
  # Current time GMT:   Thu Mar 27 09:20:53 2008
  # Using Test.pm version 1.25
  	/export/home/jm/tools/perl586/bin/perl -T -w ../spamassassin.raw -C log/test_rules_copy  --siteconfigpath log/localrules.tmp -p log/test_default.cf  -L -t < data/spam/001
  ok 1
  	Checking hit
  ok 2
  	Checking sc
  ok 3
  	Checking for anti-pattern autolearned as ham
  ok 4
  	/export/home/jm/tools/perl586/bin/perl -T -w ../spamassassin.raw -C log/test_rules_copy  --siteconfigpath log/localrules.tmp -p log/test_default.cf  -L -t < data/spam/002
  ok 5
  	Checking hit
  ok 6
  	Checking sc
  ok 7
  	Checking for anti-pattern autolearned as ham
  ok 8
  ]]>
  </system-out><system-err />
  </testsuite>
  <testsuite failures="0"
             errors="0"
             tests="7"
             time="0"
             name="make_test.t_spam_t"
             id="58">
    <testcase time="0"
              name="test      1"
              classname="make_test.t_spam_t" />
    <testcase time="0"
              name="test      2"
              classname="make_test.t_spam_t" />
    <testcase time="0"
              name="test      3"
              classname="make_test.t_spam_t" />
    <testcase time="0"
              name="test      4"
              classname="make_test.t_spam_t" />

    <testcase time="0"
              name="test      5"
              classname="make_test.t_spam_t" />
    <testcase time="0"
              name="test      6"
              classname="make_test.t_spam_t" />
    <testcase time="0"
              name="test      7"
              classname="make_test.t_spam_t" /><system-out>
  <![CDATA[1..7
  # Running under perl version 5.008006 for solaris
  # Current time local: Thu Mar 27 09:20:55 2008
  # Current time GMT:   Thu Mar 27 09:20:55 2008
  # Using Test.pm version 1.25
  	/export/home/jm/tools/perl586/bin/perl -T -w ../spamassassin.raw -C log/test_rules_copy  --siteconfigpath log/localrules.tmp -p log/test_default.cf  -L -t < data/spam/001
  ok 1
  	Checking subj
  ok 2
  	Checking endsinnums
  ok 3
  	Checking noreal
  ok 4
  	Checking flag
  ok 5
  	Checking stars
  ok 6
  	Checking status
  ok 7
  ]]>
  </system-out><system-err />
  </testsuite>
  <testsuite failures="0"
             errors="0"
             tests="2"
             time="0"
             name="make_test.t_spamc_t"
             id="59">
    <testcase time="0"
              name="test      1"
              classname="make_test.t_spamc_t" />
    <testcase time="0"
              name="test      2"
              classname="make_test.t_spamc_t" /><system-out>

  <![CDATA[1..2
  # Running under perl version 5.008006 for solaris
  # Current time local: Thu Mar 27 09:20:57 2008
  # Current time GMT:   Thu Mar 27 09:20:57 2008
  # Using Test.pm version 1.25
  	../spamc/spamc -F data/spamc_blank.cf -d 127.0.0.1 -p 46475 -p 9 < data/etc/hello.txt
  ok 1
  	Checking spamc
  ok 2
  ]]>
  </system-out><system-err />
  </testsuite>
  <testsuite failures="0"
             errors="0"
             tests="9"
             time="0"
             name="make_test.t_spamc_B_t"
             id="60">
    <testcase time="0"
              name="test      1"
              classname="make_test.t_spamc_B_t" />
    <testcase time="0"
              name="test      2"
              classname="make_test.t_spamc_B_t" />
    <testcase time="0"
              name="test      3"
              classname="make_test.t_spamc_B_t" />
    <testcase time="0"
              name="test      4"
              classname="make_test.t_spamc_B_t" />
    <testcase time="0"
              name="test      5"
              classname="make_test.t_spamc_B_t" />

    <testcase time="0"
              name="test      6"
              classname="make_test.t_spamc_B_t" />
    <testcase time="0"
              name="test      7"
              classname="make_test.t_spamc_B_t" />
    <testcase time="0"
              name="test      8"
              classname="make_test.t_spamc_B_t" />
    <testcase time="0"
              name="test      9"
              classname="make_test.t_spamc_B_t" /><system-out>
  <![CDATA[1..9
  # Running under perl version 5.008006 for solaris
  # Current time local: Thu Mar 27 09:21:00 2008
  # Current time GMT:   Thu Mar 27 09:21:00 2008
  # Using Test.pm version 1.25
  	/export/home/jm/tools/perl586/bin/perl SATest.pl -Mredirect -Olog/d.spamc_B/spamd.err.1 -olog/d.spamc_B/spamd.out.1 -- /export/home/jm/tools/perl586/bin/perl -T -w ../spamd/spamd.raw -D -x -s stderr -C log/test_rules_copy  --siteconfigpath log/localrules.tmp -p 46480 -A 127.0.0.1 -i 127.0.0.1 -L -s log/d.spamc_B/spamd.err.1.timestamped &
  	../spamc/spamc -F data/spamc_blank.cf -d 127.0.0.1 -p 46480 -B < data/spam/bsmtpnull
  ok 1
  	../spamc/spamc -F data/spamc_blank.cf -d 127.0.0.1 -p 46480 -B < data/spam/bsmtp
  ok 2
  	Checking data
  ok 3
  	Checking helo
  ok 4
  	Checking status
  ok 5
  	Checking mailfrom
  ok 6
  	Checking quit
  ok 7
  	Checking rcptto
  ok 8
  	Checking spamflag
  ok 9
  Killed 1 spamd instances
  Waiting for spamd at pid 13716 to exit...
  ]]>
  </system-out><system-err />
  </testsuite>
  <testsuite failures="0"
             errors="0"
             tests="2"
             time="0"
             name="make_test.t_spamc_c_t"
             id="61">
    <testcase time="0"
              name="test      1"
              classname="make_test.t_spamc_c_t" />

    <testcase time="0"
              name="test      2"
              classname="make_test.t_spamc_c_t" /><system-out>
  <![CDATA[1..2
  # Running under perl version 5.008006 for solaris
  # Current time local: Thu Mar 27 09:21:04 2008
  # Current time GMT:   Thu Mar 27 09:21:04 2008
  # Using Test.pm version 1.25
  	/export/home/jm/tools/perl586/bin/perl SATest.pl -Mredirect -Olog/d.spamc_c/spamd.err.1 -olog/d.spamc_c/spamd.out.1 -- /export/home/jm/tools/perl586/bin/perl -T -w ../spamd/spamd.raw -D -x -s stderr -C log/test_rules_copy  --siteconfigpath log/localrules.tmp -p 46494 -A 127.0.0.1 -i 127.0.0.1 -L -s log/d.spamc_c/spamd.err.1.timestamped &
  	../spamc/spamc -F data/spamc_blank.cf -d 127.0.0.1 -p 46494 -c < data/spam/001
  Killed 1 spamd instances
  Waiting for spamd at pid 13730 to exit...
  ok 1
  	../spamc/spamc -F data/spamc_blank.cf -d 127.0.0.1 -p 46494 -c < data/nice/001
  ok 2
  ]]>
  </system-out><system-err />
  </testsuite>
  <testsuite failures="0"
             errors="0"
             tests="2"
             time="0"
             name="make_test.t_spamc_c_stdout_closed_t"
             id="62">
    <testcase time="0"
              name="test      1"
              classname="make_test.t_spamc_c_stdout_closed_t" />
    <testcase time="0"
              name="test      2"
              classname="make_test.t_spamc_c_stdout_closed_t" /><system-out>
  <![CDATA[1..2
  # Running under perl version 5.008006 for solaris
  # Current time local: Thu Mar 27 09:21:10 2008
  # Current time GMT:   Thu Mar 27 09:21:10 2008
  # Using Test.pm version 1.25
  	/export/home/jm/tools/perl586/bin/perl SATest.pl -Mredirect -Olog/d.spamc_c_stdout_closed/spamd.err.1 -olog/d.spamc_c_stdout_closed/spamd.out.1 -- /export/home/jm/tools/perl586/bin/perl -T -w ../spamd/spamd.raw -D -x -s stderr -C log/test_rules_copy  --siteconfigpath log/localrules.tmp -p 46508 -A 127.0.0.1 -i 127.0.0.1 -L -s log/d.spamc_c_stdout_closed/spamd.err.1.timestamped &
  print() on closed filehandle STDOUT at t/SATest.pm line 351.
  print() on closed filehandle STDOUT at t/SATest.pm line 549.
  print() on closed filehandle STDOUT at t/SATest.pm line 555.
  ok 1
  print() on closed filehandle STDOUT at t/SATest.pm line 351.
  Filehandle STDOUT reopened as IN only for input at t/SATest.pm line 609.
  ok 2
  ]]>
  </system-out><system-err />

  </testsuite>
  <testsuite failures="0"
             errors="0"
             tests="4"
             time="0"
             name="make_test.t_spamc_cf_t"
             id="63">
    <testcase time="0"
              name="test      1"
              classname="make_test.t_spamc_cf_t" />
    <testcase time="0"
              name="test      2"
              classname="make_test.t_spamc_cf_t" />
    <testcase time="0"
              name="test      3"
              classname="make_test.t_spamc_cf_t" />
    <testcase time="0"
              name="test      4"
              classname="make_test.t_spamc_cf_t" /><system-out>
  <![CDATA[1..4
  # Running under perl version 5.008006 for solaris
  # Current time local: Thu Mar 27 09:21:17 2008
  # Current time GMT:   Thu Mar 27 09:21:17 2008
  # Using Test.pm version 1.25
  	/export/home/jm/tools/perl586/bin/perl SATest.pl -Mredirect -Olog/d.spamc_cf/spamd.err.1 -olog/d.spamc_cf/spamd.out.1 -- /export/home/jm/tools/perl586/bin/perl -T -w ../spamd/spamd.raw -D -x -s stderr -C log/test_rules_copy  --siteconfigpath log/localrules.tmp -D -L --socketpath=/tmp/satest.13754.84687.4114821297/spamd.sock -s log/d.spamc_cf/spamd.err.1.timestamped &
  	../spamc/spamc -d 127.0.0.1 -p 46522 -F log/spamc_cf.cf < data/spam/001
  ok 1
  	Checking subj
  ok 2
  	Checking flag
  ok 3
  	Checking status
  ok 4
  Killed 1 spamd instances
  Waiting for spamd at pid 13758 to exit...
  ]]>
  </system-out><system-err />
  </testsuite>

  <testsuite failures="0"
             errors="0"
             tests="2"
             time="0"
             name="make_test.t_spamc_E_t"
             id="64">
    <testcase time="0"
              name="test      1"
              classname="make_test.t_spamc_E_t" />
    <testcase time="0"
              name="test      2"
              classname="make_test.t_spamc_E_t" /><system-out>
  <![CDATA[1..2
  # Running under perl version 5.008006 for solaris
  # Current time local: Thu Mar 27 09:21:20 2008
  # Current time GMT:   Thu Mar 27 09:21:20 2008
  # Using Test.pm version 1.25
  	/export/home/jm/tools/perl586/bin/perl SATest.pl -Mredirect -Olog/d.spamc_E/spamd.err.1 -olog/d.spamc_E/spamd.out.1 -- /export/home/jm/tools/perl586/bin/perl -T -w ../spamd/spamd.raw -D -x -s stderr -C log/test_rules_copy  --siteconfigpath log/localrules.tmp -p 46534 -A 127.0.0.1 -i 127.0.0.1 -L -s log/d.spamc_E/spamd.err.1.timestamped &
  	../spamc/spamc -F data/spamc_blank.cf -d 127.0.0.1 -p 46534 -E < data/nice/001
  ok 1
  	../spamc/spamc -F data/spamc_blank.cf -d 127.0.0.1 -p 46534 -E < data/spam/001
  Killed 1 spamd instances
  Waiting for spamd at pid 13770 to exit...
  ok 2
  ]]>
  </system-out><system-err />
  </testsuite>
  <testsuite failures="0"
             errors="0"
             tests="5"
             time="0"
             name="make_test.t_spamc_headers_t"
             id="65">
    <testcase time="0"
              name="test      1"
              classname="make_test.t_spamc_headers_t" />
    <testcase time="0"
              name="test      2"
              classname="make_test.t_spamc_headers_t" />

    <testcase time="0"
              name="test      3"
              classname="make_test.t_spamc_headers_t" />
    <testcase time="0"
              name="test      4"
              classname="make_test.t_spamc_headers_t" />
    <testcase time="0"
              name="test      5"
              classname="make_test.t_spamc_headers_t" /><system-out>
  <![CDATA[1..0
  # Running under perl version 5.008006 for solaris
  # Current time local: Thu Mar 27 09:21:24 2008
  # Current time GMT:   Thu Mar 27 09:21:24 2008
  # Using Test.pm version 1.25
  skipped: (no reason given)
  t/spamc_headers...................
  1..5
  # Running under perl version 5.008006 for solaris
  # Current time local: Thu Mar 27 09:21:24 2008
  # Current time GMT:   Thu Mar 27 09:21:24 2008
  # Using Test.pm version 1.25
  	/export/home/jm/tools/perl586/bin/perl SATest.pl -Mredirect -Olog/d.spamc_headers/spamd.err.1 -olog/d.spamc_headers/spamd.out.1 -- /export/home/jm/tools/perl586/bin/perl -T -w ../spamd/spamd.raw -D -x -s stderr -C log/test_rules_copy  --siteconfigpath log/localrules.tmp -p 46551 -A 127.0.0.1 -i 127.0.0.1 -L --cf='report_safe 0' -s log/d.spamc_headers/spamd.err.1.timestamped &
  	../spamc/spamc -F data/spamc_blank.cf -d 127.0.0.1 -p 46551 --headers < data/spam/009
  ok 1
  	Checking msgid
  ok 2
  	Checking noreal
  ok 3
  	Checking xss
  ok 4
  	Checking body
  ok 5
  Killed 1 spamd instances
  Waiting for spamd at pid 13787 to exit...
  ]]>
  </system-out><system-err />
  </testsuite>
  <testsuite failures="0"
             errors="0"
             tests="4"
             time="0"
             name="make_test.t_spamc_l_t"
             id="66">
    <testcase time="0"
              name="test      1"
              classname="make_test.t_spamc_l_t" />
    <testcase time="0"
              name="test      2"
              classname="make_test.t_spamc_l_t" />

    <testcase time="0"
              name="test      3"
              classname="make_test.t_spamc_l_t" />
    <testcase time="0"
              name="test      4"
              classname="make_test.t_spamc_l_t" /><system-out>
  <![CDATA[1..4
  # Running under perl version 5.008006 for solaris
  # Current time local: Thu Mar 27 09:21:28 2008
  # Current time GMT:   Thu Mar 27 09:21:28 2008
  # Using Test.pm version 1.25
  	../spamc/spamc -F data/spamc_blank.cf -d 127.0.0.1 -p 46563 -l -p 8 < data/etc/hello.txt
  ok 1
  	Checking connfailed_b
  ok 2
  	Checking spamc_l
  ok 3
  	Checking connfailed_a
  ok 4
  ]]>
  </system-out><system-err />
  </testsuite>
  <testsuite failures="0"
             errors="0"
             tests="9"
             time="0"
             name="make_test.t_spamc_optC_t"
             id="67">
    <testcase time="0"
              name="test      1"
              classname="make_test.t_spamc_optC_t" />
    <testcase time="0"
              name="test      2"
              classname="make_test.t_spamc_optC_t" />
    <testcase time="0"
              name="test      3"
              classname="make_test.t_spamc_optC_t" />

    <testcase time="0"
              name="test      4"
              classname="make_test.t_spamc_optC_t" />
    <testcase time="0"
              name="test      5"
              classname="make_test.t_spamc_optC_t" />
    <testcase time="0"
              name="test      6"
              classname="make_test.t_spamc_optC_t" />
    <testcase time="0"
              name="test      7"
              classname="make_test.t_spamc_optC_t" />
    <testcase time="0"
              name="test      8"
              classname="make_test.t_spamc_optC_t" />
    <testcase time="0"
              name="test      9"
              classname="make_test.t_spamc_optC_t" /><system-out>
  <![CDATA[1..9
  # Running under perl version 5.008006 for solaris
  # Current time local: Thu Mar 27 09:21:32 2008
  # Current time GMT:   Thu Mar 27 09:21:32 2008
  # Using Test.pm version 1.25
  	/export/home/jm/tools/perl586/bin/perl SATest.pl -Mredirect -Olog/d.spamc_optC/spamd.err.1 -olog/d.spamc_optC/spamd.out.1 -- /export/home/jm/tools/perl586/bin/perl -T -w ../spamd/spamd.raw -D -x -s stderr -C log/test_rules_copy  --siteconfigpath log/localrules.tmp -p 46568 -A 127.0.0.1 -i 127.0.0.1 -L --allow-tell -s log/d.spamc_optC/spamd.err.1.timestamped &
  	../spamc/spamc -F data/spamc_blank.cf -d 127.0.0.1 -p 46568 -C report < data/spam/001
  ok 1
  	Checking reported spam
  ok 2
  	../spamc/spamc -F data/spamc_blank.cf -d 127.0.0.1 -p 46568 -C revoke < data/nice/001
  ok 3
  	Checking revoked ham
  ok 4
  	../spamc/spamc -F data/spamc_blank.cf -d 127.0.0.1 -p 46568 -C report < data/spam/001
  ok 5
  	Checking failed to report spam
  ok 6
  	../spamc/spamc -F data/spamc_blank.cf -d 127.0.0.1 -p 46568 -C revoke < data/nice/001
  ok 7
  	Checking failed to revoke ham
  ok 8
  Killed 1 spamd instances
  Waiting for spamd at pid 13804 to exit...
  ok 9
  ]]>
  </system-out><system-err />
  </testsuite>

  <testsuite failures="0"
             errors="0"
             tests="16"
             time="0"
             name="make_test.t_spamc_optL_t"
             id="68">
    <testcase time="0"
              name="test      1"
              classname="make_test.t_spamc_optL_t" />
    <testcase time="0"
              name="test      2"
              classname="make_test.t_spamc_optL_t" />
    <testcase time="0"
              name="test      3"
              classname="make_test.t_spamc_optL_t" />
    <testcase time="0"
              name="test      4"
              classname="make_test.t_spamc_optL_t" />
    <testcase time="0"
              name="test      5"
              classname="make_test.t_spamc_optL_t" />
    <testcase time="0"
              name="test      6"
              classname="make_test.t_spamc_optL_t" />
    <testcase time="0"
              name="test      7"
              classname="make_test.t_spamc_optL_t" />
    <testcase time="0"
              name="test      8"
              classname="make_test.t_spamc_optL_t" />

    <testcase time="0"
              name="test      9"
              classname="make_test.t_spamc_optL_t" />
    <testcase time="0"
              name="test     10"
              classname="make_test.t_spamc_optL_t" />
    <testcase time="0"
              name="test     11"
              classname="make_test.t_spamc_optL_t" />
    <testcase time="0"
              name="test     12"
              classname="make_test.t_spamc_optL_t" />
    <testcase time="0"
              name="test     13"
              classname="make_test.t_spamc_optL_t" />
    <testcase time="0"
              name="test     14"
              classname="make_test.t_spamc_optL_t" />
    <testcase time="0"
              name="test     15"
              classname="make_test.t_spamc_optL_t" />
    <testcase time="0"
              name="test     16"
              classname="make_test.t_spamc_optL_t" /><system-out>
  <![CDATA[1..16
  # Running under perl version 5.008006 for solaris
  # Current time local: Thu Mar 27 09:21:35 2008
  # Current time GMT:   Thu Mar 27 09:21:35 2008
  # Using Test.pm version 1.25
  	/export/home/jm/tools/perl586/bin/perl SATest.pl -Mredirect -Olog/d.spamc_optL/spamd.err.1 -olog/d.spamc_optL/spamd.out.1 -- /export/home/jm/tools/perl586/bin/perl -T -w ../spamd/spamd.raw -D -x -s stderr -C log/test_rules_copy  --siteconfigpath log/localrules.tmp -p 46587 -A 127.0.0.1 -i 127.0.0.1 -L --allow-tell -s log/d.spamc_optL/spamd.err.1.timestamped &
  	../spamc/spamc -F data/spamc_blank.cf -d 127.0.0.1 -p 46587 -L spam < data/spam/001
  ok 1
  	Checking learned spam
  ok 2
  	../spamc/spamc -F data/spamc_blank.cf -d 127.0.0.1 -p 46587 -L spam < data/spam/001
  ok 3
  	Checking already learned spam
  ok 4
  	/export/home/jm/tools/perl586/bin/perl -T -w ../sa-learn.raw -C log/test_rules_copy  --siteconfigpath log/localrules.tmp -p log/test_default.cf  --dump magic
  ok 5
  	Checking spam in database
  ok 6
  	../spamc/spamc -F data/spamc_blank.cf -d 127.0.0.1 -p 46587 -L forget < data/spam/001
  ok 7
  	Checking forget spam
  ok 8
  	../spamc/spamc -F data/spamc_blank.cf -d 127.0.0.1 -p 46587 -L ham < data/nice/001
  ok 9
  	Checking learned ham
  ok 10
  	../spamc/spamc -F data/spamc_blank.cf -d 127.0.0.1 -p 46587 -L ham < data/nice/001
  ok 11
  	Checking already learned ham
  ok 12
  	/export/home/jm/tools/perl586/bin/perl -T -w ../sa-learn.raw -C log/test_rules_copy  --siteconfigpath log/localrules.tmp -p log/test_default.cf  --dump magic
  ok 13
  	Checking ham in database
  ok 14
  	../spamc/spamc -F data/spamc_blank.cf -d 127.0.0.1 -p 46587 -L forget < data/nice/001
  ok 15
  	Checking learned ham
  ok 16
  Killed 1 spamd instances
  Waiting for spamd at pid 13823 to exit...
  ]]>

  </system-out><system-err />
  </testsuite>
  <testsuite failures="0"
             errors="0"
             tests="7"
             time="0"
             name="make_test.t_spamc_x_e_t"
             id="69">
    <testcase time="0"
              name="test      1"
              classname="make_test.t_spamc_x_e_t" />
    <testcase time="0"
              name="test      2"
              classname="make_test.t_spamc_x_e_t" />
    <testcase time="0"
              name="test      3"
              classname="make_test.t_spamc_x_e_t" />
    <testcase time="0"
              name="test      4"
              classname="make_test.t_spamc_x_e_t" />
    <testcase time="0"
              name="test      5"
              classname="make_test.t_spamc_x_e_t" />
    <testcase time="0"
              name="test      6"
              classname="make_test.t_spamc_x_e_t" />

    <testcase time="0"
              name="test      7"
              classname="make_test.t_spamc_x_e_t" /><system-out>
  <![CDATA[1..7
  # Running under perl version 5.008006 for solaris
  # Current time local: Thu Mar 27 09:21:41 2008
  # Current time GMT:   Thu Mar 27 09:21:41 2008
  # Using Test.pm version 1.25
  	/export/home/jm/tools/perl586/bin/perl SATest.pl -Mredirect -Olog/d.spamc_x_e/spamd.err.1 -olog/d.spamc_x_e/spamd.out.1 -- /export/home/jm/tools/perl586/bin/perl -T -w ../spamd/spamd.raw -D -x -s stderr -C log/test_rules_copy  --siteconfigpath log/localrules.tmp -p 46629 -A 127.0.0.1 -i 127.0.0.1 -L -s log/d.spamc_x_e/spamd.err.1.timestamped &
  ok 1
  	../spamc/spamc -F data/spamc_blank.cf -d 127.0.0.1 -p 46629 -x -e /bin/echo Fine < data/nice/001
  ok 2
  	Checking Fine
  ok 3
  ok 4
  Killed 1 spamd instances
  Waiting for spamd at pid 13865 to exit...
  	../spamc/spamc -F data/spamc_blank.cf -d 255.255.255.255 -p 46629 -x -e /bin/echo Fine < data/nice/001
  ok 5
  	Checking for anti-pattern Fine
  ok 6
  ok 7
  ]]>
  </system-out><system-err />
  </testsuite>
  <testsuite failures="0"
             errors="0"
             tests="49"
             time="0"
             name="make_test.t_spamc_x_E_R_t"
             id="70">
    <testcase time="0"
              name="test      1"
              classname="make_test.t_spamc_x_E_R_t" />
    <testcase time="0"
              name="test      2"
              classname="make_test.t_spamc_x_E_R_t" />
    <testcase time="0"
              name="test      3"
              classname="make_test.t_spamc_x_E_R_t" />
    <testcase time="0"
              name="test      4"
              classname="make_test.t_spamc_x_E_R_t" />

    <testcase time="0"
              name="test      5"
              classname="make_test.t_spamc_x_E_R_t" />
    <testcase time="0"
              name="test      6"
              classname="make_test.t_spamc_x_E_R_t" />
    <testcase time="0"
              name="test      7"
              classname="make_test.t_spamc_x_E_R_t" />
    <testcase time="0"
              name="test      8"
              classname="make_test.t_spamc_x_E_R_t" />
    <testcase time="0"
              name="test      9"
              classname="make_test.t_spamc_x_E_R_t" />
    <testcase time="0"
              name="test     10"
              classname="make_test.t_spamc_x_E_R_t" />
    <testcase time="0"
              name="test     11"
              classname="make_test.t_spamc_x_E_R_t" />
    <testcase time="0"
              name="test     12"
              classname="make_test.t_spamc_x_E_R_t" />
    <testcase time="0"
              name="test     13"
              classname="make_test.t_spamc_x_E_R_t" />

    <testcase time="0"
              name="test     14"
              classname="make_test.t_spamc_x_E_R_t" />
    <testcase time="0"
              name="test     15"
              classname="make_test.t_spamc_x_E_R_t" />
    <testcase time="0"
              name="test     16"
              classname="make_test.t_spamc_x_E_R_t" />
    <testcase time="0"
              name="test     17"
              classname="make_test.t_spamc_x_E_R_t" />
    <testcase time="0"
              name="test     18"
              classname="make_test.t_spamc_x_E_R_t" />
    <testcase time="0"
              name="test     19"
              classname="make_test.t_spamc_x_E_R_t" />
    <testcase time="0"
              name="test     20"
              classname="make_test.t_spamc_x_E_R_t" />
    <testcase time="0"
              name="test     21"
              classname="make_test.t_spamc_x_E_R_t" />
    <testcase time="0"
              name="test     22"
              classname="make_test.t_spamc_x_E_R_t" />

    <testcase time="0"
              name="test     23"
              classname="make_test.t_spamc_x_E_R_t" />
    <testcase time="0"
              name="test     24"
              classname="make_test.t_spamc_x_E_R_t" />
    <testcase time="0"
              name="test     25"
              classname="make_test.t_spamc_x_E_R_t" />
    <testcase time="0"
              name="test     26"
              classname="make_test.t_spamc_x_E_R_t" />
    <testcase time="0"
              name="test     27"
              classname="make_test.t_spamc_x_E_R_t" />
    <testcase time="0"
              name="test     28"
              classname="make_test.t_spamc_x_E_R_t" />
    <testcase time="0"
              name="test     29"
              classname="make_test.t_spamc_x_E_R_t" />
    <testcase time="0"
              name="test     30"
              classname="make_test.t_spamc_x_E_R_t" />
    <testcase time="0"
              name="test     31"
              classname="make_test.t_spamc_x_E_R_t" />

    <testcase time="0"
              name="test     32"
              classname="make_test.t_spamc_x_E_R_t" />
    <testcase time="0"
              name="test     33"
              classname="make_test.t_spamc_x_E_R_t" />
    <testcase time="0"
              name="test     34"
              classname="make_test.t_spamc_x_E_R_t" />
    <testcase time="0"
              name="test     35"
              classname="make_test.t_spamc_x_E_R_t" />
    <testcase time="0"
              name="test     36"
              classname="make_test.t_spamc_x_E_R_t" />
    <testcase time="0"
              name="test     37"
              classname="make_test.t_spamc_x_E_R_t" />
    <testcase time="0"
              name="test     38"
              classname="make_test.t_spamc_x_E_R_t" />
    <testcase time="0"
              name="test     39"
              classname="make_test.t_spamc_x_E_R_t" />
    <testcase time="0"
              name="test     40"
              classname="make_test.t_spamc_x_E_R_t" />

    <testcase time="0"
              name="test     41"
              classname="make_test.t_spamc_x_E_R_t" />
    <testcase time="0"
              name="test     42"
              classname="make_test.t_spamc_x_E_R_t" />
    <testcase time="0"
              name="test     43"
              classname="make_test.t_spamc_x_E_R_t" />
    <testcase time="0"
              name="test     44"
              classname="make_test.t_spamc_x_E_R_t" />
    <testcase time="0"
              name="test     45"
              classname="make_test.t_spamc_x_E_R_t" />
    <testcase time="0"
              name="test     46"
              classname="make_test.t_spamc_x_E_R_t" />
    <testcase time="0"
              name="test     47"
              classname="make_test.t_spamc_x_E_R_t" />
    <testcase time="0"
              name="test     48"
              classname="make_test.t_spamc_x_E_R_t" />
    <testcase time="0"
              name="test     49"
              classname="make_test.t_spamc_x_E_R_t" /><system-out>

  <![CDATA[1..49
  # Running under perl version 5.008006 for solaris
  # Current time local: Thu Mar 27 09:21:44 2008
  # Current time GMT:   Thu Mar 27 09:21:44 2008
  # Using Test.pm version 1.25
  	/export/home/jm/tools/perl586/bin/perl SATest.pl -Mredirect -Olog/d.spamc_x_E_R/spamd.err.1 -olog/d.spamc_x_E_R/spamd.out.1 -- /export/home/jm/tools/perl586/bin/perl -T -w ../spamd/spamd.raw -D -x -s stderr -C log/test_rules_copy  --siteconfigpath log/localrules.tmp -p 46644 -A 127.0.0.1 -i 127.0.0.1 -L -s log/d.spamc_x_E_R/spamd.err.1.timestamped &
  ok 1
  	../spamc/spamc -F data/spamc_blank.cf -d 127.0.0.1 -p 46644 -E < data/nice/001
  ok 2
  	../spamc/spamc -F data/spamc_blank.cf -d 127.0.0.1 -p 46644 -R < data/nice/001
  ok 3
  	../spamc/spamc -F data/spamc_blank.cf -d 127.0.0.1 -p 46644 -x -E < data/nice/001
  ok 4
  	../spamc/spamc -F data/spamc_blank.cf -d 127.0.0.1 -p 46644 -x -R < data/nice/001
  ok 5
  	../spamc/spamc -F data/spamc_blank.cf -d 127.0.0.1 -p 46644 -x -R -E < data/nice/001
  ok 6
  	../spamc/spamc -F data/spamc_blank.cf -d 127.0.0.1 -p 46644 -R < data/spam/001
  ok 7
  	../spamc/spamc -F data/spamc_blank.cf -d 127.0.0.1 -p 46644 -x -R < data/spam/001
  ok 8
  	../spamc/spamc -F data/spamc_blank.cf -d 127.0.0.1 -p 46644 -x -E < data/spam/001
  ok 9
  Killed 1 spamd instances
  Waiting for spamd at pid 13880 to exit...
  	/export/home/jm/tools/perl586/bin/perl SATest.pl -Mredirect -Olog/d.spamc_x_E_R/spamd.err.10 -olog/d.spamc_x_E_R/spamd.out.10 -- /export/home/jm/tools/perl586/bin/perl -T -w ../spamd/spamd.raw -D -x -s stderr -C log/test_rules_copy  --siteconfigpath log/localrules.tmp -p 46644 -A 127.0.0.1 -i 127.0.0.1 -L -s log/d.spamc_x_E_R/spamd.err.10.timestamped &
  ok 10
  	../spamc/spamc -F data/spamc_blank.cf -d 127.0.0.1 -p 46644 -E < data/spam/001
  ok 11
  Killed 1 spamd instances
  Waiting for spamd at pid 13905 to exit...
  	/export/home/jm/tools/perl586/bin/perl SATest.pl -Mredirect -Olog/d.spamc_x_E_R/spamd.err.12 -olog/d.spamc_x_E_R/spamd.out.12 -- /export/home/jm/tools/perl586/bin/perl -T -w ../spamd/spamd.raw -D -x -s stderr -C log/test_rules_copy  --siteconfigpath log/localrules.tmp -p 46644 -A 127.0.0.1 -i 127.0.0.1 -L -s log/d.spamc_x_E_R/spamd.err.12.timestamped &
  ok 12
  	../spamc/spamc -F data/spamc_blank.cf -d 127.0.0.1 -p 46644 -x -R -E < data/spam/001
  ok 13
  Killed 1 spamd instances
  Waiting for spamd at pid 13914 to exit...
  	../spamc/spamc -F data/spamc_blank.cf -d 127.0.0.1 -p 46644 -s 512 -x < data/spam/001
  ok 14
  	Checking subj
  ok 15
  	Checking for anti-pattern flag
  ok 16
  ok 17
  	../spamc/spamc -F data/spamc_blank.cf -d 127.0.0.1 -p 46644 -s 512 -x -E < data/spam/001
  ok 18
  	Checking subj
  ok 19
  	Checking for anti-pattern flag
  ok 20
  ok 21
  	../spamc/spamc -F data/spamc_blank.cf -d 127.0.0.1 -p 46644 -s 512 -x -R < data/spam/001
  ok 22
  	Checking 0/0
  ok 23
  	Checking for anti-pattern subj
  ok 24
  	Checking for anti-pattern flag
  ok 25
  ok 26
  	../spamc/spamc -F data/spamc_blank.cf -d 127.0.0.1 -p 46644 -s 512 -x -E -R < data/spam/001
  ok 27
  	Checking 0/0
  ok 28
  	Checking for anti-pattern subj
  ok 29
  	Checking for anti-pattern flag
  ok 30
  ok 31
  	../spamc/spamc -F data/spamc_blank.cf -d 255.255.255.255 -p 46644 --connect-retries 1 -E < data/spam/001
  ok 32
  	../spamc/spamc -F data/spamc_blank.cf -d 255.255.255.255 -p 46644 --connect-retries 1 -R < data/spam/001
  ok 33
  	../spamc/spamc -F data/spamc_blank.cf -d 255.255.255.255 -p 46644 --connect-retries 1 -x < data/spam/001
  ok 34
  	Checking for anti-pattern subj
  ok 35
  	Checking for anti-pattern flag
  ok 36
  ok 37
  	../spamc/spamc -F data/spamc_blank.cf -d 255.255.255.255 -p 46644 --connect-retries 1 -x -R < data/spam/001
  ok 38
  	Checking for anti-pattern subj
  ok 39
  	Checking for anti-pattern flag
  ok 40
  ok 41
  	../spamc/spamc -F data/spamc_blank.cf -d 255.255.255.255 -p 46644 --connect-retries 1 -x -E -R < data/spam/001
  ok 42
  	Checking for anti-pattern subj
  ok 43
  	Checking for anti-pattern flag
  ok 44
  ok 45
  	../spamc/spamc -F data/spamc_blank.cf -d 255.255.255.255 -p 46644 --connect-retries 1 -x -E < data/spam/001
  ok 46
  	Checking for anti-pattern subj
  ok 47
  	Checking for anti-pattern flag
  ok 48
  ok 49
  ]]>
  </system-out><system-err />
  </testsuite>
  <testsuite failures="0"
             errors="0"
             tests="2"
             time="0"
             name="make_test.t_spamc_y_t"
             id="71">
    <testcase time="0"
              name="test      1"
              classname="make_test.t_spamc_y_t" />
    <testcase time="0"
              name="test      2"
              classname="make_test.t_spamc_y_t" /><system-out>
  <![CDATA[1..2
  # Running under perl version 5.008006 for solaris
  # Current time local: Thu Mar 27 09:21:55 2008
  # Current time GMT:   Thu Mar 27 09:21:55 2008
  # Using Test.pm version 1.25
  	../spamc/spamc -F data/spamc_blank.cf -d 127.0.0.1 -p 46710 -y -p 8 < data/etc/hello.txt
  ok 1
  	Checking for anti-pattern spamc_y
  ok 2
  ]]>
  </system-out><system-err />
  </testsuite>

  <testsuite failures="0"
             errors="0"
             tests="9"
             time="0"
             name="make_test.t_spamc_z_t"
             id="72">
    <testcase time="0"
              name="test      1"
              classname="make_test.t_spamc_z_t" />
    <testcase time="0"
              name="test      2"
              classname="make_test.t_spamc_z_t" />
    <testcase time="0"
              name="test      3"
              classname="make_test.t_spamc_z_t" />
    <testcase time="0"
              name="test      4"
              classname="make_test.t_spamc_z_t" />
    <testcase time="0"
              name="test      5"
              classname="make_test.t_spamc_z_t" />
    <testcase time="0"
              name="test      6"
              classname="make_test.t_spamc_z_t" />
    <testcase time="0"
              name="test      7"
              classname="make_test.t_spamc_z_t" />
    <testcase time="0"
              name="test      8"
              classname="make_test.t_spamc_z_t" />

    <testcase time="0"
              name="test      9"
              classname="make_test.t_spamc_z_t" /><system-out>
  <![CDATA[1..9
  # Running under perl version 5.008006 for solaris
  # Current time local: Thu Mar 27 09:21:58 2008
  # Current time GMT:   Thu Mar 27 09:21:58 2008
  # Using Test.pm version 1.25
  	/export/home/jm/tools/perl586/bin/perl SATest.pl -Mredirect -Olog/d.spamc_z/spamd.err.1 -olog/d.spamc_z/spamd.out.1 -- /export/home/jm/tools/perl586/bin/perl -T -w ../spamd/spamd.raw -D -x -s stderr -C log/test_rules_copy  --siteconfigpath log/localrules.tmp -p 46715 -A 127.0.0.1 -i 127.0.0.1 -L -s log/d.spamc_z/spamd.err.1.timestamped &
  	../spamc/spamc -F data/spamc_blank.cf -d 127.0.0.1 -p 46715 -z < data/spam/001
  Killed 1 spamd instances
  Waiting for spamd at pid 13953 to exit...
  ok 1
  	Checking firstline
  ok 2
  	Checking subj
  ok 3
  	Checking endsinnums
  ok 4
  	Checking noreal
  ok 5
  	Checking lastline
  ok 6
  	Checking flag
  ok 7
  	Checking stars
  ok 8
  	Checking status
  ok 9
  ]]>
  </system-out><system-err />
  </testsuite>
  <testsuite failures="0"
             errors="0"
             tests="14"
             time="0"
             name="make_test.t_spamd_t"
             id="73">
    <testcase time="0"
              name="test      1"
              classname="make_test.t_spamd_t" />
    <testcase time="0"
              name="test      2"
              classname="make_test.t_spamd_t" />
    <testcase time="0"
              name="test      3"
              classname="make_test.t_spamd_t" />
    <testcase time="0"
              name="test      4"
              classname="make_test.t_spamd_t" />

    <testcase time="0"
              name="test      5"
              classname="make_test.t_spamd_t" />
    <testcase time="0"
              name="test      6"
              classname="make_test.t_spamd_t" />
    <testcase time="0"
              name="test      7"
              classname="make_test.t_spamd_t" />
    <testcase time="0"
              name="test      8"
              classname="make_test.t_spamd_t" />
    <testcase time="0"
              name="test      9"
              classname="make_test.t_spamd_t" />
    <testcase time="0"
              name="test     10"
              classname="make_test.t_spamd_t" />
    <testcase time="0"
              name="test     11"
              classname="make_test.t_spamd_t" />
    <testcase time="0"
              name="test     12"
              classname="make_test.t_spamd_t" />
    <testcase time="0"
              name="test     13"
              classname="make_test.t_spamd_t" />

    <testcase time="0"
              name="test     14"
              classname="make_test.t_spamd_t" /><system-out>
  <![CDATA[1..14
  # Running under perl version 5.008006 for solaris
  # Current time local: Thu Mar 27 09:22:02 2008
  # Current time GMT:   Thu Mar 27 09:22:02 2008
  # Using Test.pm version 1.25
  	/export/home/jm/tools/perl586/bin/perl SATest.pl -Mredirect -Olog/d.spamd/spamd.err.1 -olog/d.spamd/spamd.out.1 -- /export/home/jm/tools/perl586/bin/perl -T -w ../spamd/spamd.raw -D -x -s stderr -C log/test_rules_copy  --siteconfigpath log/localrules.tmp -p 46729 -A 127.0.0.1 -i 127.0.0.1 -L -s log/d.spamd/spamd.err.1.timestamped &
  ok 1
  	../spamc/spamc -F data/spamc_blank.cf -d 127.0.0.1 -p 46729 < data/spam/001
  ok 2
  	Checking firstline
  ok 3
  	Checking subj
  ok 4
  	Checking endsinnums
  ok 5
  	Checking noreal
  ok 6
  	Checking lastline
  ok 7
  	Checking flag
  ok 8
  	Checking stars
  ok 9
  	Checking status
  ok 10
  	../spamc/spamc -F data/spamc_blank.cf -d 127.0.0.1 -p 46729 < data/spam/018
  ok 11
  	Checking flag
  ok 12
  	Checking status
  ok 13
  Killed 1 spamd instances
  Waiting for spamd at pid 13965 to exit...
  ok 14
  ]]>
  </system-out><system-err />
  </testsuite>
  <testsuite failures="0"
             errors="0"
             tests="5"
             time="0"
             name="make_test.t_spamd_allow_user_rules_t"
             id="74">
    <testcase time="0"
              name="test      1"
              classname="make_test.t_spamd_allow_user_rules_t" />
    <testcase time="0"
              name="test      2"
              classname="make_test.t_spamd_allow_user_rules_t" />
    <testcase time="0"
              name="test      3"
              classname="make_test.t_spamd_allow_user_rules_t" />
    <testcase time="0"
              name="test      4"
              classname="make_test.t_spamd_allow_user_rules_t" />

    <testcase time="0"
              name="test      5"
              classname="make_test.t_spamd_allow_user_rules_t" /><system-out>
  <![CDATA[1..5
  # Running under perl version 5.008006 for solaris
  # Current time local: Thu Mar 27 09:22:05 2008
  # Current time GMT:   Thu Mar 27 09:22:05 2008
  # Using Test.pm version 1.25
  	/export/home/jm/tools/perl586/bin/perl SATest.pl -Mredirect -Olog/d.spamd_allow_user_rules/spamd.err.1 -olog/d.spamd_allow_user_rules/spamd.out.1 -- /export/home/jm/tools/perl586/bin/perl -T -w ../spamd/spamd.raw -D -x -s stderr -C log/test_rules_copy  --siteconfigpath log/localrules.tmp -p 46743 -A 127.0.0.1 -i 127.0.0.1 --virtual-config-dir=log/virtualconfig/%u -L -u hudson -s log/d.spamd_allow_user_rules/spamd.err.1.timestamped &
  ok 1
  	../spamc/spamc -F data/spamc_blank.cf -d 127.0.0.1 -p 46743 -u testuser < data/spam/009
  ok 2
  Killed 1 spamd instances
  Waiting for spamd at pid 13979 to exit...
  ok 3
  	Checking myfoo
  ok 4
  	Checking for anti-pattern redefined_errors_in_spamd_log
  ok 5
  ]]>
  </system-out><system-err />
  </testsuite>
  <testsuite failures="0"
             errors="0"
             tests="52"
             time="0"
             name="make_test.t_spamd_client_t"
             id="75">
    <testcase time="0"
              name="test      1"
              classname="make_test.t_spamd_client_t" />
    <testcase time="0"
              name="test      2"
              classname="make_test.t_spamd_client_t" />
    <testcase time="0"
              name="test      3"
              classname="make_test.t_spamd_client_t" />
    <testcase time="0"
              name="test      4"
              classname="make_test.t_spamd_client_t" />

    <testcase time="0"
              name="test      5"
              classname="make_test.t_spamd_client_t" />
    <testcase time="0"
              name="test      6"
              classname="make_test.t_spamd_client_t" />
    <testcase time="0"
              name="test      7"
              classname="make_test.t_spamd_client_t" />
    <testcase time="0"
              name="test      8"
              classname="make_test.t_spamd_client_t" />
    <testcase time="0"
              name="test      9"
              classname="make_test.t_spamd_client_t" />
    <testcase time="0"
              name="test     10"
              classname="make_test.t_spamd_client_t" />
    <testcase time="0"
              name="test     11"
              classname="make_test.t_spamd_client_t" />
    <testcase time="0"
              name="test     12"
              classname="make_test.t_spamd_client_t" />
    <testcase time="0"
              name="test     13"
              classname="make_test.t_spamd_client_t" />

    <testcase time="0"
              name="test     14"
              classname="make_test.t_spamd_client_t" />
    <testcase time="0"
              name="test     15"
              classname="make_test.t_spamd_client_t" />
    <testcase time="0"
              name="test     16"
              classname="make_test.t_spamd_client_t" />
    <testcase time="0"
              name="test     17"
              classname="make_test.t_spamd_client_t" />
    <testcase time="0"
              name="test     18"
              classname="make_test.t_spamd_client_t" />
    <testcase time="0"
              name="test     19"
              classname="make_test.t_spamd_client_t" />
    <testcase time="0"
              name="test     20"
              classname="make_test.t_spamd_client_t" />
    <testcase time="0"
              name="test     21"
              classname="make_test.t_spamd_client_t" />
    <testcase time="0"
              name="test     22"
              classname="make_test.t_spamd_client_t" />

    <testcase time="0"
              name="test     23"
              classname="make_test.t_spamd_client_t" />
    <testcase time="0"
              name="test     24"
              classname="make_test.t_spamd_client_t" />
    <testcase time="0"
              name="test     25"
              classname="make_test.t_spamd_client_t" />
    <testcase time="0"
              name="test     26"
              classname="make_test.t_spamd_client_t" />
    <testcase time="0"
              name="test     27"
              classname="make_test.t_spamd_client_t" />
    <testcase time="0"
              name="test     28"
              classname="make_test.t_spamd_client_t" />
    <testcase time="0"
              name="test     29"
              classname="make_test.t_spamd_client_t" />
    <testcase time="0"
              name="test     30"
              classname="make_test.t_spamd_client_t" />
    <testcase time="0"
              name="test     31"
              classname="make_test.t_spamd_client_t" />

    <testcase time="0"
              name="test     32"
              classname="make_test.t_spamd_client_t" />
    <testcase time="0"
              name="test     33"
              classname="make_test.t_spamd_client_t" />
    <testcase time="0"
              name="test     34"
              classname="make_test.t_spamd_client_t" />
    <testcase time="0"
              name="test     35"
              classname="make_test.t_spamd_client_t" />
    <testcase time="0"
              name="test     36"
              classname="make_test.t_spamd_client_t" />
    <testcase time="0"
              name="test     37"
              classname="make_test.t_spamd_client_t" />
    <testcase time="0"
              name="test     38"
              classname="make_test.t_spamd_client_t" />
    <testcase time="0"
              name="test     39"
              classname="make_test.t_spamd_client_t" />
    <testcase time="0"
              name="test     40"
              classname="make_test.t_spamd_client_t" />

    <testcase time="0"
              name="test     41"
              classname="make_test.t_spamd_client_t" />
    <testcase time="0"
              name="test     42"
              classname="make_test.t_spamd_client_t" />
    <testcase time="0"
              name="test     43"
              classname="make_test.t_spamd_client_t" />
    <testcase time="0"
              name="test     44"
              classname="make_test.t_spamd_client_t" />
    <testcase time="0"
              name="test     45"
              classname="make_test.t_spamd_client_t" />
    <testcase time="0"
              name="test     46"
              classname="make_test.t_spamd_client_t" />
    <testcase time="0"
              name="test     47"
              classname="make_test.t_spamd_client_t" />
    <testcase time="0"
              name="test     48"
              classname="make_test.t_spamd_client_t" />
    <testcase time="0"
              name="test     49"
              classname="make_test.t_spamd_client_t" />

    <testcase time="0"
              name="test     50"
              classname="make_test.t_spamd_client_t" />
    <testcase time="0"
              name="test     51"
              classname="make_test.t_spamd_client_t" />
    <testcase time="0"
              name="test     52"
              classname="make_test.t_spamd_client_t" /><system-out>
  <![CDATA[1..52
  # Running under perl version 5.008006 for solaris
  # Current time local: Thu Mar 27 09:22:10 2008
  # Current time GMT:   Thu Mar 27 09:22:10 2008
  # Using Test.pm version 1.25
  ok 1
  	/export/home/jm/tools/perl586/bin/perl SATest.pl -Mredirect -Olog/d.spamd_client/spamd.err.2 -olog/d.spamd_client/spamd.out.2 -- /export/home/jm/tools/perl586/bin/perl -T -w ../spamd/spamd.raw -D -x -s stderr -C log/test_rules_copy  --siteconfigpath log/localrules.tmp -p 46755 -A 127.0.0.1 -i 127.0.0.1 -L -s log/d.spamd_client/spamd.err.2.timestamped &
  ok 2
  ok 3
  ok 4
  ok 5
  ok 6
  ok 7
  ok 8
  ok 9
  ok 10
  	Checking gtube
  ok 11
  	Checking flag
  ok 12
  	Checking gtube string
  ok 13
  ok 14
  ok 15
  	Checking flag
  ok 16
  	Checking for anti-pattern gtube string
  ok 17
  Killed 1 spamd instances
  Waiting for spamd at pid 13991 to exit...
  ok 18
  	/export/home/jm/tools/perl586/bin/perl SATest.pl -Mredirect -Olog/d.spamd_client/spamd.err.19 -olog/d.spamd_client/spamd.out.19 -- /export/home/jm/tools/perl586/bin/perl -T -w ../spamd/spamd.raw -D -x -s stderr -C log/test_rules_copy  --siteconfigpath log/localrules.tmp -L --socketpath=/tmp/satest.13987.29930.0306788082/spamd.sock -s log/d.spamd_client/spamd.err.19.timestamped &
  ok 19
  ok 20
  ok 21
  ok 22
  ok 23
  ok 24
  ok 25
  ok 26
  ok 27
  	Checking gtube
  ok 28
  	Checking flag
  ok 29
  	Checking gtube string
  ok 30
  Killed 1 spamd instances
  Waiting for spamd at pid 13998 to exit...
  ok 31
  	/export/home/jm/tools/perl586/bin/perl SATest.pl -Mredirect -Olog/d.spamd_client/spamd.err.32 -olog/d.spamd_client/spamd.out.32 -- /export/home/jm/tools/perl586/bin/perl -T -w ../spamd/spamd.raw -D -x -s stderr -C log/test_rules_copy  --siteconfigpath log/localrules.tmp -p 46755 -A 127.0.0.1 -i 127.0.0.1 -L --allow-tell -s log/d.spamd_client/spamd.err.32.timestamped &
  ok 32
  ok 33
  ok 34
  ok 35
  ok 36
  	/export/home/jm/tools/perl586/bin/perl -T -w ../sa-learn.raw -C log/test_rules_copy  --siteconfigpath log/localrules.tmp -p log/test_default.cf  --dump magic
  ok 37
  	Checking spam in database
  ok 38
  ok 39
  	/export/home/jm/tools/perl586/bin/perl -T -w ../sa-learn.raw -C log/test_rules_copy  --siteconfigpath log/localrules.tmp -p log/test_default.cf  --dump magic
  ok 40
  	Checking ham in database
  ok 41
  	Checking spam in database
  ok 42
  ok 43
  ok 44
  ok 45
  	/export/home/jm/tools/perl586/bin/perl -T -w ../sa-learn.raw -C log/test_rules_copy  --siteconfigpath log/localrules.tmp -p log/test_default.cf  --dump magic
  ok 46
  	Checking ham in database
  ok 47
  ok 48
  	/export/home/jm/tools/perl586/bin/perl -T -w ../sa-learn.raw -C log/test_rules_copy  --siteconfigpath log/localrules.tmp -p log/test_default.cf  --dump magic
  ok 49
  	Checking ham in database
  ok 50
  	Checking spam in database
  ok 51
  Killed 1 spamd instances
  Waiting for spamd at pid 14005 to exit...
  ok 52
  ]]>
  </system-out><system-err />
  </testsuite>
  <testsuite failures="0"
             errors="0"
             tests="110"
             time="0"
             name="make_test.t_spamd_hup_t"
             id="76">
    <testcase time="0"
              name="test      1"
              classname="make_test.t_spamd_hup_t" />
    <testcase time="0"
              name="test      2"
              classname="make_test.t_spamd_hup_t" />

    <testcase time="0"
              name="test      3"
              classname="make_test.t_spamd_hup_t" />
    <testcase time="0"
              name="test      4"
              classname="make_test.t_spamd_hup_t" />
    <testcase time="0"
              name="test      5"
              classname="make_test.t_spamd_hup_t" />
    <testcase time="0"
              name="test      6"
              classname="make_test.t_spamd_hup_t" />
    <testcase time="0"
              name="test      7"
              classname="make_test.t_spamd_hup_t" />
    <testcase time="0"
              name="test      8"
              classname="make_test.t_spamd_hup_t" />
    <testcase time="0"
              name="test      9"
              classname="make_test.t_spamd_hup_t" />
    <testcase time="0"
              name="test     10"
              classname="make_test.t_spamd_hup_t" />
    <testcase time="0"
              name="test     11"
              classname="make_test.t_spamd_hup_t" />

    <testcase time="0"
              name="test     12"
              classname="make_test.t_spamd_hup_t" />
    <testcase time="0"
              name="test     13"
              classname="make_test.t_spamd_hup_t" />
    <testcase time="0"
              name="test     14"
              classname="make_test.t_spamd_hup_t" />
    <testcase time="0"
              name="test     15"
              classname="make_test.t_spamd_hup_t" />
    <testcase time="0"
              name="test     16"
              classname="make_test.t_spamd_hup_t" />
    <testcase time="0"
              name="test     17"
              classname="make_test.t_spamd_hup_t" />
    <testcase time="0"
              name="test     18"
              classname="make_test.t_spamd_hup_t" />
    <testcase time="0"
              name="test     19"
              classname="make_test.t_spamd_hup_t" />
    <testcase time="0"
              name="test     20"
              classname="make_test.t_spamd_hup_t" />

    <testcase time="0"
              name="test     21"
              classname="make_test.t_spamd_hup_t" />
    <testcase time="0"
              name="test     22"
              classname="make_test.t_spamd_hup_t" />
    <testcase time="0"
              name="test     23"
              classname="make_test.t_spamd_hup_t" />
    <testcase time="0"
              name="test     24"
              classname="make_test.t_spamd_hup_t" />
    <testcase time="0"
              name="test     25"
              classname="make_test.t_spamd_hup_t" />
    <testcase time="0"
              name="test     26"
              classname="make_test.t_spamd_hup_t" />
    <testcase time="0"
              name="test     27"
              classname="make_test.t_spamd_hup_t" />
    <testcase time="0"
              name="test     28"
              classname="make_test.t_spamd_hup_t" />
    <testcase time="0"
              name="test     29"
              classname="make_test.t_spamd_hup_t" />

    <testcase time="0"
              name="test     30"
              classname="make_test.t_spamd_hup_t" />
    <testcase time="0"
              name="test     31"
              classname="make_test.t_spamd_hup_t" />
    <testcase time="0"
              name="test     32"
              classname="make_test.t_spamd_hup_t" />
    <testcase time="0"
              name="test     33"
              classname="make_test.t_spamd_hup_t" />
    <testcase time="0"
              name="test     34"
              classname="make_test.t_spamd_hup_t" />
    <testcase time="0"
              name="test     35"
              classname="make_test.t_spamd_hup_t" />
    <testcase time="0"
              name="test     36"
              classname="make_test.t_spamd_hup_t" />
    <testcase time="0"
              name="test     37"
              classname="make_test.t_spamd_hup_t" />
    <testcase time="0"
              name="test     38"
              classname="make_test.t_spamd_hup_t" />

    <testcase time="0"
              name="test     39"
              classname="make_test.t_spamd_hup_t" />
    <testcase time="0"
              name="test     40"
              classname="make_test.t_spamd_hup_t" />
    <testcase time="0"
              name="test     41"
              classname="make_test.t_spamd_hup_t" />
    <testcase time="0"
              name="test     42"
              classname="make_test.t_spamd_hup_t" />
    <testcase time="0"
              name="test     43"
              classname="make_test.t_spamd_hup_t" />
    <testcase time="0"
              name="test     44"
              classname="make_test.t_spamd_hup_t" />
    <testcase time="0"
              name="test     45"
              classname="make_test.t_spamd_hup_t" />
    <testcase time="0"
              name="test     46"
              classname="make_test.t_spamd_hup_t" />
    <testcase time="0"
              name="test     47"
              classname="make_test.t_spamd_hup_t" />

    <testcase time="0"
              name="test     48"
              classname="make_test.t_spamd_hup_t" />
    <testcase time="0"
              name="test     49"
              classname="make_test.t_spamd_hup_t" />
    <testcase time="0"
              name="test     50"
              classname="make_test.t_spamd_hup_t" />
    <testcase time="0"
              name="test     51"
              classname="make_test.t_spamd_hup_t" />
    <testcase time="0"
              name="test     52"
              classname="make_test.t_spamd_hup_t" />
    <testcase time="0"
              name="test     53"
              classname="make_test.t_spamd_hup_t" />
    <testcase time="0"
              name="test     54"
              classname="make_test.t_spamd_hup_t" />
    <testcase time="0"
              name="test     55"
              classname="make_test.t_spamd_hup_t" />
    <testcase time="0"
              name="test     56"
              classname="make_test.t_spamd_hup_t" />

    <testcase time="0"
              name="test     57"
              classname="make_test.t_spamd_hup_t" />
    <testcase time="0"
              name="test     58"
              classname="make_test.t_spamd_hup_t" />
    <testcase time="0"
              name="test     59"
              classname="make_test.t_spamd_hup_t" />
    <testcase time="0"
              name="test     60"
              classname="make_test.t_spamd_hup_t" />
    <testcase time="0"
              name="test     61"
              classname="make_test.t_spamd_hup_t" />
    <testcase time="0"
              name="test     62"
              classname="make_test.t_spamd_hup_t" />
    <testcase time="0"
              name="test     63"
              classname="make_test.t_spamd_hup_t" />
    <testcase time="0"
              name="test     64"
              classname="make_test.t_spamd_hup_t" />
    <testcase time="0"
              name="test     65"
              classname="make_test.t_spamd_hup_t" />

    <testcase time="0"
              name="test     66"
              classname="make_test.t_spamd_hup_t" />
    <testcase time="0"
              name="test     67"
              classname="make_test.t_spamd_hup_t" />
    <testcase time="0"
              name="test     68"
              classname="make_test.t_spamd_hup_t" />
    <testcase time="0"
              name="test     69"
              classname="make_test.t_spamd_hup_t" />
    <testcase time="0"
              name="test     70"
              classname="make_test.t_spamd_hup_t" />
    <testcase time="0"
              name="test     71"
              classname="make_test.t_spamd_hup_t" />
    <testcase time="0"
              name="test     72"
              classname="make_test.t_spamd_hup_t" />
    <testcase time="0"
              name="test     73"
              classname="make_test.t_spamd_hup_t" />
    <testcase time="0"
              name="test     74"
              classname="make_test.t_spamd_hup_t" />

    <testcase time="0"
              name="test     75"
              classname="make_test.t_spamd_hup_t" />
    <testcase time="0"
              name="test     76"
              classname="make_test.t_spamd_hup_t" />
    <testcase time="0"
              name="test     77"
              classname="make_test.t_spamd_hup_t" />
    <testcase time="0"
              name="test     78"
              classname="make_test.t_spamd_hup_t" />
    <testcase time="0"
              name="test     79"
              classname="make_test.t_spamd_hup_t" />
    <testcase time="0"
              name="test     80"
              classname="make_test.t_spamd_hup_t" />
    <testcase time="0"
              name="test     81"
              classname="make_test.t_spamd_hup_t" />
    <testcase time="0"
              name="test     82"
              classname="make_test.t_spamd_hup_t" />
    <testcase time="0"
              name="test     83"
              classname="make_test.t_spamd_hup_t" />

    <testcase time="0"
              name="test     84"
              classname="make_test.t_spamd_hup_t" />
    <testcase time="0"
              name="test     85"
              classname="make_test.t_spamd_hup_t" />
    <testcase time="0"
              name="test     86"
              classname="make_test.t_spamd_hup_t" />
    <testcase time="0"
              name="test     87"
              classname="make_test.t_spamd_hup_t" />
    <testcase time="0"
              name="test     88"
              classname="make_test.t_spamd_hup_t" />
    <testcase time="0"
              name="test     89"
              classname="make_test.t_spamd_hup_t" />
    <testcase time="0"
              name="test     90"
              classname="make_test.t_spamd_hup_t" />
    <testcase time="0"
              name="test     91"
              classname="make_test.t_spamd_hup_t" />
    <testcase time="0"
              name="test     92"
              classname="make_test.t_spamd_hup_t" />

    <testcase time="0"
              name="test     93"
              classname="make_test.t_spamd_hup_t" />
    <testcase time="0"
              name="test     94"
              classname="make_test.t_spamd_hup_t" />
    <testcase time="0"
              name="test     95"
              classname="make_test.t_spamd_hup_t" />
    <testcase time="0"
              name="test     96"
              classname="make_test.t_spamd_hup_t" />
    <testcase time="0"
              name="test     97"
              classname="make_test.t_spamd_hup_t" />
    <testcase time="0"
              name="test     98"
              classname="make_test.t_spamd_hup_t" />
    <testcase time="0"
              name="test     99"
              classname="make_test.t_spamd_hup_t" />
    <testcase time="0"
              name="test    100"
              classname="make_test.t_spamd_hup_t" />
    <testcase time="0"
              name="test    101"
              classname="make_test.t_spamd_hup_t" />

    <testcase time="0"
              name="test    102"
              classname="make_test.t_spamd_hup_t" />
    <testcase time="0"
              name="test    103"
              classname="make_test.t_spamd_hup_t" />
    <testcase time="0"
              name="test    104"
              classname="make_test.t_spamd_hup_t" />
    <testcase time="0"
              name="test    105"
              classname="make_test.t_spamd_hup_t" />
    <testcase time="0"
              name="test    106"
              classname="make_test.t_spamd_hup_t" />
    <testcase time="0"
              name="test    107"
              classname="make_test.t_spamd_hup_t" />
    <testcase time="0"
              name="test    108"
              classname="make_test.t_spamd_hup_t" />
    <testcase time="0"
              name="test    109"
              classname="make_test.t_spamd_hup_t" />
    <testcase time="0"
              name="test    110"
              classname="make_test.t_spamd_hup_t" /><system-out>

  <![CDATA[1..110
  # Running under perl version 5.008006 for solaris
  # Current time local: Thu Mar 27 09:22:24 2008
  # Current time GMT:   Thu Mar 27 09:22:24 2008
  # Using Test.pm version 1.25
  [1206609744] Starting spamd...
  	/export/home/jm/tools/perl586/bin/perl SATest.pl -Mredirect -Olog/d.spamd_hup/spamd.err.1 -olog/d.spamd_hup/spamd.out.1 -- /export/home/jm/tools/perl586/bin/perl -T -w ../spamd/spamd.raw -D -x -s stderr -C log/test_rules_copy  --siteconfigpath log/localrules.tmp -p 46795 -A 127.0.0.1 -i 127.0.0.1 -L -r log/spamd.pid -s log/d.spamd_hup/spamd.err.1.timestamped &
  ok 1
  ok 2
  ok 3
  ok 4
  [1206609748] HUPing spamd at pid 14031, loop try 0...
  [1206609748] Waiting for PID file to change...
  [1206609749] Waiting for spamd at pid 14031 to restart...
  ok 5
  ok 6
  ok 7
  [1206609750] Looking for new spamd at pid 14031...
  ok 8
  [1206609750] A little time to settle...
  [1206609752] Checking GTUBE...
  	../spamc/spamc -F data/spamc_blank.cf -d 127.0.0.1 -p 46795 < data/spam/gtube.eml
  ok 9
  	Checking gtube
  ok 10
  	Checking flag
  ok 11
  ok 12
  ok 13
  ok 14
  ok 15
  [1206609752] HUPing spamd at pid 14031, loop try 1...
  [1206609752] Waiting for PID file to change...
  [1206609753] Waiting for spamd at pid 14031 to restart...
  ok 16
  ok 17
  ok 18
  [1206609754] Looking for new spamd at pid 14031...
  ok 19
  [1206609754] A little time to settle...
  [1206609756] Checking GTUBE...
  	../spamc/spamc -F data/spamc_blank.cf -d 127.0.0.1 -p 46795 < data/spam/gtube.eml
  ok 20
  	Checking gtube
  ok 21
  	Checking flag
  ok 22
  ok 23
  ok 24
  ok 25
  ok 26
  [1206609756] HUPing spamd at pid 14031, loop try 2...
  [1206609756] Waiting for PID file to change...
  [1206609757] Waiting for spamd at pid 14031 to restart...
  ok 27
  ok 28
  ok 29
  [1206609758] Looking for new spamd at pid 14031...
  ok 30
  [1206609758] A little time to settle...
  [1206609760] Checking GTUBE...
  	../spamc/spamc -F data/spamc_blank.cf -d 127.0.0.1 -p 46795 < data/spam/gtube.eml
  ok 31
  	Checking gtube
  ok 32
  	Checking flag
  ok 33
  ok 34
  ok 35
  ok 36
  ok 37
  [1206609760] HUPing spamd at pid 14031, loop try 3...
  [1206609760] Waiting for PID file to change...
  [1206609761] Waiting for spamd at pid 14031 to restart...
  ok 38
  ok 39
  ok 40
  [1206609762] Looking for new spamd at pid 14031...
  ok 41
  [1206609762] A little time to settle...
  [1206609764] Checking GTUBE...
  	../spamc/spamc -F data/spamc_blank.cf -d 127.0.0.1 -p 46795 < data/spam/gtube.eml
  ok 42
  	Checking gtube
  ok 43
  	Checking flag
  ok 44
  ok 45
  ok 46
  ok 47
  ok 48
  [1206609764] HUPing spamd at pid 14031, loop try 4...
  [1206609764] Waiting for PID file to change...
  [1206609765] Waiting for spamd at pid 14031 to restart...
  ok 49
  ok 50
  ok 51
  [1206609766] Looking for new spamd at pid 14031...
  ok 52
  [1206609766] A little time to settle...
  [1206609768] Checking GTUBE...
  	../spamc/spamc -F data/spamc_blank.cf -d 127.0.0.1 -p 46795 < data/spam/gtube.eml
  ok 53
  	Checking gtube
  ok 54
  	Checking flag
  ok 55
  ok 56
  ok 57
  ok 58
  ok 59
  [1206609768] HUPing spamd at pid 14031, loop try 5...
  [1206609768] Waiting for PID file to change...
  [1206609769] Waiting for spamd at pid 14031 to restart...
  ok 60
  ok 61
  ok 62
  [1206609770] Looking for new spamd at pid 14031...
  ok 63
  [1206609770] A little time to settle...
  [1206609772] Checking GTUBE...
  	../spamc/spamc -F data/spamc_blank.cf -d 127.0.0.1 -p 46795 < data/spam/gtube.eml
  ok 64
  	Checking gtube
  ok 65
  	Checking flag
  ok 66
  ok 67
  ok 68
  ok 69
  ok 70
  [1206609772] HUPing spamd at pid 14031, loop try 6...
  [1206609772] Waiting for PID file to change...
  [1206609773] Waiting for spamd at pid 14031 to restart...
  ok 71
  ok 72
  ok 73
  [1206609774] Looking for new spamd at pid 14031...
  ok 74
  [1206609774] A little time to settle...
  [1206609776] Checking GTUBE...
  	../spamc/spamc -F data/spamc_blank.cf -d 127.0.0.1 -p 46795 < data/spam/gtube.eml
  ok 75
  	Checking gtube
  ok 76
  	Checking flag
  ok 77
  ok 78
  ok 79
  ok 80
  ok 81
  [1206609777] HUPing spamd at pid 14031, loop try 7...
  [1206609777] Waiting for PID file to change...
  [1206609778] Waiting for spamd at pid 14031 to restart...
  ok 82
  ok 83
  ok 84
  [1206609779] Looking for new spamd at pid 14031...
  ok 85
  [1206609779] A little time to settle...
  [1206609781] Checking GTUBE...
  	../spamc/spamc -F data/spamc_blank.cf -d 127.0.0.1 -p 46795 < data/spam/gtube.eml
  ok 86
  	Checking gtube
  ok 87
  	Checking flag
  ok 88
  ok 89
  ok 90
  ok 91
  ok 92
  [1206609781] HUPing spamd at pid 14031, loop try 8...
  [1206609781] Waiting for PID file to change...
  [1206609782] Waiting for spamd at pid 14031 to restart...
  ok 93
  ok 94
  ok 95
  [1206609783] Looking for new spamd at pid 14031...
  ok 96
  [1206609783] A little time to settle...
  [1206609785] Checking GTUBE...
  	../spamc/spamc -F data/spamc_blank.cf -d 127.0.0.1 -p 46795 < data/spam/gtube.eml
  ok 97
  	Checking gtube
  ok 98
  	Checking flag
  ok 99
  ok 100
  ok 101
  ok 102
  ok 103
  [1206609785] HUPing spamd at pid 14031, loop try 9...
  [1206609785] Waiting for PID file to change...
  [1206609786] Waiting for spamd at pid 14031 to restart...
  ok 104
  ok 105
  ok 106
  [1206609787] Looking for new spamd at pid 14031...
  ok 107
  [1206609787] A little time to settle...
  [1206609789] Checking GTUBE...
  	../spamc/spamc -F data/spamc_blank.cf -d 127.0.0.1 -p 46795 < data/spam/gtube.eml
  ok 108
  	Checking gtube
  ok 109
  	Checking flag
  ok 110
  [1206609789] Stopping spamd...
  Killed 1 spamd instances
  Waiting for spamd at pid 14031 to exit...
  ]]>
  </system-out><system-err />
  </testsuite>
  <testsuite failures="0"
             errors="0"
             tests="93"
             time="0"
             name="make_test.t_spamd_kill_restart_t"
             id="77">
    <testcase time="0"
              name="test      1"
              classname="make_test.t_spamd_kill_restart_t" />
    <testcase time="0"
              name="test      2"
              classname="make_test.t_spamd_kill_restart_t" />
    <testcase time="0"
              name="test      3"
              classname="make_test.t_spamd_kill_restart_t" />
    <testcase time="0"
              name="test      4"
              classname="make_test.t_spamd_kill_restart_t" />
    <testcase time="0"
              name="test      5"
              classname="make_test.t_spamd_kill_restart_t" />

    <testcase time="0"
              name="test      6"
              classname="make_test.t_spamd_kill_restart_t" />
    <testcase time="0"
              name="test      7"
              classname="make_test.t_spamd_kill_restart_t" />
    <testcase time="0"
              name="test      8"
              classname="make_test.t_spamd_kill_restart_t" />
    <testcase time="0"
              name="test      9"
              classname="make_test.t_spamd_kill_restart_t" />
    <testcase time="0"
              name="test     10"
              classname="make_test.t_spamd_kill_restart_t" />
    <testcase time="0"
              name="test     11"
              classname="make_test.t_spamd_kill_restart_t" />
    <testcase time="0"
              name="test     12"
              classname="make_test.t_spamd_kill_restart_t" />
    <testcase time="0"
              name="test     13"
              classname="make_test.t_spamd_kill_restart_t" />
    <testcase time="0"
              name="test     14"
              classname="make_test.t_spamd_kill_restart_t" />

    <testcase time="0"
              name="test     15"
              classname="make_test.t_spamd_kill_restart_t" />
    <testcase time="0"
              name="test     16"
              classname="make_test.t_spamd_kill_restart_t" />
    <testcase time="0"
              name="test     17"
              classname="make_test.t_spamd_kill_restart_t" />
    <testcase time="0"
              name="test     18"
              classname="make_test.t_spamd_kill_restart_t" />
    <testcase time="0"
              name="test     19"
              classname="make_test.t_spamd_kill_restart_t" />
    <testcase time="0"
              name="test     20"
              classname="make_test.t_spamd_kill_restart_t" />
    <testcase time="0"
              name="test     21"
              classname="make_test.t_spamd_kill_restart_t" />
    <testcase time="0"
              name="test     22"
              classname="make_test.t_spamd_kill_restart_t" />
    <testcase time="0"
              name="test     23"
              classname="make_test.t_spamd_kill_restart_t" />

    <testcase time="0"
              name="test     24"
              classname="make_test.t_spamd_kill_restart_t" />
    <testcase time="0"
              name="test     25"
              classname="make_test.t_spamd_kill_restart_t" />
    <testcase time="0"
              name="test     26"
              classname="make_test.t_spamd_kill_restart_t" />
    <testcase time="0"
              name="test     27"
              classname="make_test.t_spamd_kill_restart_t" />
    <testcase time="0"
              name="test     28"
              classname="make_test.t_spamd_kill_restart_t" />
    <testcase time="0"
              name="test     29"
              classname="make_test.t_spamd_kill_restart_t" />
    <testcase time="0"
              name="test     30"
              classname="make_test.t_spamd_kill_restart_t" />
    <testcase time="0"
              name="test     31"
              classname="make_test.t_spamd_kill_restart_t" />
    <testcase time="0"
              name="test     32"
              classname="make_test.t_spamd_kill_restart_t" />

    <testcase time="0"
              name="test     33"
              classname="make_test.t_spamd_kill_restart_t" />
    <testcase time="0"
              name="test     34"
              classname="make_test.t_spamd_kill_restart_t" />
    <testcase time="0"
              name="test     35"
              classname="make_test.t_spamd_kill_restart_t" />
    <testcase time="0"
              name="test     36"
              classname="make_test.t_spamd_kill_restart_t" />
    <testcase time="0"
              name="test     37"
              classname="make_test.t_spamd_kill_restart_t" />
    <testcase time="0"
              name="test     38"
              classname="make_test.t_spamd_kill_restart_t" />
    <testcase time="0"
              name="test     39"
              classname="make_test.t_spamd_kill_restart_t" />
    <testcase time="0"
              name="test     40"
              classname="make_test.t_spamd_kill_restart_t" />
    <testcase time="0"
              name="test     41"
              classname="make_test.t_spamd_kill_restart_t" />

    <testcase time="0"
              name="test     42"
              classname="make_test.t_spamd_kill_restart_t" />
    <testcase time="0"
              name="test     43"
              classname="make_test.t_spamd_kill_restart_t" />
    <testcase time="0"
              name="test     44"
              classname="make_test.t_spamd_kill_restart_t" />
    <testcase time="0"
              name="test     45"
              classname="make_test.t_spamd_kill_restart_t" />
    <testcase time="0"
              name="test     46"
              classname="make_test.t_spamd_kill_restart_t" />
    <testcase time="0"
              name="test     47"
              classname="make_test.t_spamd_kill_restart_t" />
    <testcase time="0"
              name="test     48"
              classname="make_test.t_spamd_kill_restart_t" />
    <testcase time="0"
              name="test     49"
              classname="make_test.t_spamd_kill_restart_t" />
    <testcase time="0"
              name="test     50"
              classname="make_test.t_spamd_kill_restart_t" />

    <testcase time="0"
              name="test     51"
              classname="make_test.t_spamd_kill_restart_t" />
    <testcase time="0"
              name="test     52"
              classname="make_test.t_spamd_kill_restart_t" />
    <testcase time="0"
              name="test     53"
              classname="make_test.t_spamd_kill_restart_t" />
    <testcase time="0"
              name="test     54"
              classname="make_test.t_spamd_kill_restart_t" />
    <testcase time="0"
              name="test     55"
              classname="make_test.t_spamd_kill_restart_t" />
    <testcase time="0"
              name="test     56"
              classname="make_test.t_spamd_kill_restart_t" />
    <testcase time="0"
              name="test     57"
              classname="make_test.t_spamd_kill_restart_t" />
    <testcase time="0"
              name="test     58"
              classname="make_test.t_spamd_kill_restart_t" />
    <testcase time="0"
              name="test     59"
              classname="make_test.t_spamd_kill_restart_t" />

    <testcase time="0"
              name="test     60"
              classname="make_test.t_spamd_kill_restart_t" />
    <testcase time="0"
              name="test     61"
              classname="make_test.t_spamd_kill_restart_t" />
    <testcase time="0"
              name="test     62"
              classname="make_test.t_spamd_kill_restart_t" />
    <testcase time="0"
              name="test     63"
              classname="make_test.t_spamd_kill_restart_t" />
    <testcase time="0"
              name="test     64"
              classname="make_test.t_spamd_kill_restart_t" />
    <testcase time="0"
              name="test     65"
              classname="make_test.t_spamd_kill_restart_t" />
    <testcase time="0"
              name="test     66"
              classname="make_test.t_spamd_kill_restart_t" />
    <testcase time="0"
              name="test     67"
              classname="make_test.t_spamd_kill_restart_t" />
    <testcase time="0"
              name="test     68"
              classname="make_test.t_spamd_kill_restart_t" />

    <testcase time="0"
              name="test     69"
              classname="make_test.t_spamd_kill_restart_t" />
    <testcase time="0"
              name="test     70"
              classname="make_test.t_spamd_kill_restart_t" />
    <testcase time="0"
              name="test     71"
              classname="make_test.t_spamd_kill_restart_t" />
    <testcase time="0"
              name="test     72"
              classname="make_test.t_spamd_kill_restart_t" />
    <testcase time="0"
              name="test     73"
              classname="make_test.t_spamd_kill_restart_t" />
    <testcase time="0"
              name="test     74"
              classname="make_test.t_spamd_kill_restart_t" />
    <testcase time="0"
              name="test     75"
              classname="make_test.t_spamd_kill_restart_t" />
    <testcase time="0"
              name="test     76"
              classname="make_test.t_spamd_kill_restart_t" />
    <testcase time="0"
              name="test     77"
              classname="make_test.t_spamd_kill_restart_t" />

    <testcase time="0"
              name="test     78"
              classname="make_test.t_spamd_kill_restart_t" />
    <testcase time="0"
              name="test     79"
              classname="make_test.t_spamd_kill_restart_t" />
    <testcase time="0"
              name="test     80"
              classname="make_test.t_spamd_kill_restart_t" />
    <testcase time="0"
              name="test     81"
              classname="make_test.t_spamd_kill_restart_t" />
    <testcase time="0"
              name="test     82"
              classname="make_test.t_spamd_kill_restart_t" />
    <testcase time="0"
              name="test     83"
              classname="make_test.t_spamd_kill_restart_t" />
    <testcase time="0"
              name="test     84"
              classname="make_test.t_spamd_kill_restart_t" />
    <testcase time="0"
              name="test     85"
              classname="make_test.t_spamd_kill_restart_t" />
    <testcase time="0"
              name="test     86"
              classname="make_test.t_spamd_kill_restart_t" />

    <testcase time="0"
              name="test     87"
              classname="make_test.t_spamd_kill_restart_t" />
    <testcase time="0"
              name="test     88"
              classname="make_test.t_spamd_kill_restart_t" />
    <testcase time="0"
              name="test     89"
              classname="make_test.t_spamd_kill_restart_t" />
    <testcase time="0"
              name="test     90"
              classname="make_test.t_spamd_kill_restart_t" />
    <testcase time="0"
              name="test     91"
              classname="make_test.t_spamd_kill_restart_t" />
    <testcase time="0"
              name="test     92"
              classname="make_test.t_spamd_kill_restart_t" />
    <testcase time="0"
              name="test     93"
              classname="make_test.t_spamd_kill_restart_t" /><system-out>
  <![CDATA[1..93
  # Running under perl version 5.008006 for solaris
  # Current time local: Thu Mar 27 09:23:10 2008
  # Current time GMT:   Thu Mar 27 09:23:10 2008
  # Using Test.pm version 1.25
  [1206609790] Starting spamd...
  	/export/home/jm/tools/perl586/bin/perl SATest.pl -Mredirect -Olog/d.spamd_kill_restart/spamd.err.1 -olog/d.spamd_kill_restart/spamd.out.1 -- /export/home/jm/tools/perl586/bin/perl -T -w ../spamd/spamd.raw -D -x -s stderr -C log/test_rules_copy  --siteconfigpath log/localrules.tmp -p 46886 -A 127.0.0.1 -i 127.0.0.1 -L -r log/spamd.pid -s log/d.spamd_kill_restart/spamd.err.1.timestamped &
  ok 1
  ok 2
  ok 3
  ok 4
  [1206609793] killing spamd at pid 14122, loop try 0...
  [1206609793] Waiting for PID file to change...
  ok 5
  [1206609794] starting new spamd, loop try 0...
  	/export/home/jm/tools/perl586/bin/perl SATest.pl -Mredirect -Olog/d.spamd_kill_restart/spamd.err.6 -olog/d.spamd_kill_restart/spamd.out.6 -- /export/home/jm/tools/perl586/bin/perl -T -w ../spamd/spamd.raw -D -x -s stderr -C log/test_rules_copy  --siteconfigpath log/localrules.tmp -p 46886 -A 127.0.0.1 -i 127.0.0.1 -D -L -r log/spamd.pid -s log/d.spamd_kill_restart/spamd.err.6.timestamped &
  [1206609796] Waiting for spamd at pid 14122 to restart...
  ok 6
  ok 7
  ok 8
  [1206609797] Looking for new spamd at pid 14130...
  ok 9
  ok 10
  ok 11
  ok 12
  ok 13
  [1206609797] killing spamd at pid 14130, loop try 1...
  [1206609797] Waiting for PID file to change...
  ok 14
  [1206609798] starting new spamd, loop try 1...
  	/export/home/jm/tools/perl586/bin/perl SATest.pl -Mredirect -Olog/d.spamd_kill_restart/spamd.err.15 -olog/d.spamd_kill_restart/spamd.out.15 -- /export/home/jm/tools/perl586/bin/perl -T -w ../spamd/spamd.raw -D -x -s stderr -C log/test_rules_copy  --siteconfigpath log/localrules.tmp -p 46886 -A 127.0.0.1 -i 127.0.0.1 -D -L -r log/spamd.pid -s log/d.spamd_kill_restart/spamd.err.15.timestamped &
  [1206609800] Waiting for spamd at pid 14130 to restart...
  ok 15
  ok 16
  ok 17
  [1206609801] Looking for new spamd at pid 14138...
  ok 18
  ok 19
  ok 20
  ok 21
  ok 22
  [1206609801] killing spamd at pid 14138, loop try 2...
  [1206609801] Waiting for PID file to change...
  ok 23
  [1206609802] starting new spamd, loop try 2...
  	/export/home/jm/tools/perl586/bin/perl SATest.pl -Mredirect -Olog/d.spamd_kill_restart/spamd.err.24 -olog/d.spamd_kill_restart/spamd.out.24 -- /export/home/jm/tools/perl586/bin/perl -T -w ../spamd/spamd.raw -D -x -s stderr -C log/test_rules_copy  --siteconfigpath log/localrules.tmp -p 46886 -A 127.0.0.1 -i 127.0.0.1 -D -L -r log/spamd.pid -s log/d.spamd_kill_restart/spamd.err.24.timestamped &
  [1206609804] Waiting for spamd at pid 14138 to restart...
  ok 24
  ok 25
  ok 26
  [1206609805] Looking for new spamd at pid 14146...
  ok 27
  ok 28
  ok 29
  ok 30
  ok 31
  [1206609805] killing spamd at pid 14146, loop try 3...
  [1206609805] Waiting for PID file to change...
  ok 32
  [1206609806] starting new spamd, loop try 3...
  	/export/home/jm/tools/perl586/bin/perl SATest.pl -Mredirect -Olog/d.spamd_kill_restart/spamd.err.33 -olog/d.spamd_kill_restart/spamd.out.33 -- /export/home/jm/tools/perl586/bin/perl -T -w ../spamd/spamd.raw -D -x -s stderr -C log/test_rules_copy  --siteconfigpath log/localrules.tmp -p 46886 -A 127.0.0.1 -i 127.0.0.1 -D -L -r log/spamd.pid -s log/d.spamd_kill_restart/spamd.err.33.timestamped &
  [1206609808] Waiting for spamd at pid 14146 to restart...
  ok 33
  ok 34
  ok 35
  [1206609809] Looking for new spamd at pid 14154...
  ok 36
  ok 37
  ok 38
  ok 39
  ok 40
  [1206609809] killing spamd at pid 14154, loop try 4...
  [1206609809] Waiting for PID file to change...
  ok 41
  [1206609810] starting new spamd, loop try 4...
  	/export/home/jm/tools/perl586/bin/perl SATest.pl -Mredirect -Olog/d.spamd_kill_restart/spamd.err.42 -olog/d.spamd_kill_restart/spamd.out.42 -- /export/home/jm/tools/perl586/bin/perl -T -w ../spamd/spamd.raw -D -x -s stderr -C log/test_rules_copy  --siteconfigpath log/localrules.tmp -p 46886 -A 127.0.0.1 -i 127.0.0.1 -D -L -r log/spamd.pid -s log/d.spamd_kill_restart/spamd.err.42.timestamped &
  [1206609812] Waiting for spamd at pid 14154 to restart...
  ok 42
  ok 43
  ok 44
  [1206609813] Looking for new spamd at pid 14162...
  ok 45
  ok 46
  ok 47
  ok 48
  ok 49
  [1206609813] killing spamd at pid 14162, loop try 5...
  [1206609813] Waiting for PID file to change...
  ok 50
  [1206609814] starting new spamd, loop try 5...
  	/export/home/jm/tools/perl586/bin/perl SATest.pl -Mredirect -Olog/d.spamd_kill_restart/spamd.err.51 -olog/d.spamd_kill_restart/spamd.out.51 -- /export/home/jm/tools/perl586/bin/perl -T -w ../spamd/spamd.raw -D -x -s stderr -C log/test_rules_copy  --siteconfigpath log/localrules.tmp -p 46886 -A 127.0.0.1 -i 127.0.0.1 -D -L -r log/spamd.pid -s log/d.spamd_kill_restart/spamd.err.51.timestamped &
  [1206609816] Waiting for spamd at pid 14162 to restart...
  ok 51
  ok 52
  ok 53
  [1206609817] Looking for new spamd at pid 14170...
  ok 54
  ok 55
  ok 56
  ok 57
  ok 58
  [1206609817] killing spamd at pid 14170, loop try 6...
  [1206609817] Waiting for PID file to change...
  ok 59
  [1206609818] starting new spamd, loop try 6...
  	/export/home/jm/tools/perl586/bin/perl SATest.pl -Mredirect -Olog/d.spamd_kill_restart/spamd.err.60 -olog/d.spamd_kill_restart/spamd.out.60 -- /export/home/jm/tools/perl586/bin/perl -T -w ../spamd/spamd.raw -D -x -s stderr -C log/test_rules_copy  --siteconfigpath log/localrules.tmp -p 46886 -A 127.0.0.1 -i 127.0.0.1 -D -L -r log/spamd.pid -s log/d.spamd_kill_restart/spamd.err.60.timestamped &
  [1206609820] Waiting for spamd at pid 14170 to restart...
  ok 60
  ok 61
  ok 62
  [1206609821] Looking for new spamd at pid 14178...
  ok 63
  ok 64
  ok 65
  ok 66
  ok 67
  [1206609821] killing spamd at pid 14178, loop try 7...
  [1206609821] Waiting for PID file to change...
  ok 68
  [1206609822] starting new spamd, loop try 7...
  	/export/home/jm/tools/perl586/bin/perl SATest.pl -Mredirect -Olog/d.spamd_kill_restart/spamd.err.69 -olog/d.spamd_kill_restart/spamd.out.69 -- /export/home/jm/tools/perl586/bin/perl -T -w ../spamd/spamd.raw -D -x -s stderr -C log/test_rules_copy  --siteconfigpath log/localrules.tmp -p 46886 -A 127.0.0.1 -i 127.0.0.1 -D -L -r log/spamd.pid -s log/d.spamd_kill_restart/spamd.err.69.timestamped &
  [1206609824] Waiting for spamd at pid 14178 to restart...
  ok 69
  ok 70
  ok 71
  [1206609825] Looking for new spamd at pid 14186...
  ok 72
  ok 73
  ok 74
  ok 75
  ok 76
  [1206609825] killing spamd at pid 14186, loop try 8...
  [1206609825] Waiting for PID file to change...
  ok 77
  [1206609826] starting new spamd, loop try 8...
  	/export/home/jm/tools/perl586/bin/perl SATest.pl -Mredirect -Olog/d.spamd_kill_restart/spamd.err.78 -olog/d.spamd_kill_restart/spamd.out.78 -- /export/home/jm/tools/perl586/bin/perl -T -w ../spamd/spamd.raw -D -x -s stderr -C log/test_rules_copy  --siteconfigpath log/localrules.tmp -p 46886 -A 127.0.0.1 -i 127.0.0.1 -D -L -r log/spamd.pid -s log/d.spamd_kill_restart/spamd.err.78.timestamped &
  [1206609828] Waiting for spamd at pid 14186 to restart...
  ok 78
  ok 79
  ok 80
  [1206609829] Looking for new spamd at pid 14194...
  ok 81
  ok 82
  ok 83
  ok 84
  ok 85
  [1206609829] killing spamd at pid 14194, loop try 9...
  [1206609829] Waiting for PID file to change...
  ok 86
  [1206609830] starting new spamd, loop try 9...
  	/export/home/jm/tools/perl586/bin/perl SATest.pl -Mredirect -Olog/d.spamd_kill_restart/spamd.err.87 -olog/d.spamd_kill_restart/spamd.out.87 -- /export/home/jm/tools/perl586/bin/perl -T -w ../spamd/spamd.raw -D -x -s stderr -C log/test_rules_copy  --siteconfigpath log/localrules.tmp -p 46886 -A 127.0.0.1 -i 127.0.0.1 -D -L -r log/spamd.pid -s log/d.spamd_kill_restart/spamd.err.87.timestamped &
  [1206609832] Waiting for spamd at pid 14194 to restart...
  ok 87
  ok 88
  ok 89
  [1206609833] Looking for new spamd at pid 14202...
  ok 90
  [1206609833] A little time to settle...
  [1206609835] Checking GTUBE...
  	../spamc/spamc -F data/spamc_blank.cf -d 127.0.0.1 -p 46886 < data/spam/gtube.eml
  ok 91
  	Checking gtube
  ok 92
  	Checking flag
  ok 93
  [1206609836] Stopping spamd...
  Killed 1 spamd instances
  Waiting for spamd at pid 14202 to exit...
  ]]>
  </system-out><system-err />

  </testsuite>
  <testsuite failures="0"
             errors="0"
             tests="93"
             time="0"
             name="make_test.t_spamd_kill_restart_rr_t"
             id="78">
    <testcase time="0"
              name="test      1"
              classname="make_test.t_spamd_kill_restart_rr_t" />
    <testcase time="0"
              name="test      2"
              classname="make_test.t_spamd_kill_restart_rr_t" />
    <testcase time="0"
              name="test      3"
              classname="make_test.t_spamd_kill_restart_rr_t" />
    <testcase time="0"
              name="test      4"
              classname="make_test.t_spamd_kill_restart_rr_t" />
    <testcase time="0"
              name="test      5"
              classname="make_test.t_spamd_kill_restart_rr_t" />
    <testcase time="0"
              name="test      6"
              classname="make_test.t_spamd_kill_restart_rr_t" />
    <testcase time="0"
              name="test      7"
              classname="make_test.t_spamd_kill_restart_rr_t" />

    <testcase time="0"
              name="test      8"
              classname="make_test.t_spamd_kill_restart_rr_t" />
    <testcase time="0"
              name="test      9"
              classname="make_test.t_spamd_kill_restart_rr_t" />
    <testcase time="0"
              name="test     10"
              classname="make_test.t_spamd_kill_restart_rr_t" />
    <testcase time="0"
              name="test     11"
              classname="make_test.t_spamd_kill_restart_rr_t" />
    <testcase time="0"
              name="test     12"
              classname="make_test.t_spamd_kill_restart_rr_t" />
    <testcase time="0"
              name="test     13"
              classname="make_test.t_spamd_kill_restart_rr_t" />
    <testcase time="0"
              name="test     14"
              classname="make_test.t_spamd_kill_restart_rr_t" />
    <testcase time="0"
              name="test     15"
              classname="make_test.t_spamd_kill_restart_rr_t" />
    <testcase time="0"
              name="test     16"
              classname="make_test.t_spamd_kill_restart_rr_t" />

    <testcase time="0"
              name="test     17"
              classname="make_test.t_spamd_kill_restart_rr_t" />
    <testcase time="0"
              name="test     18"
              classname="make_test.t_spamd_kill_restart_rr_t" />
    <testcase time="0"
              name="test     19"
              classname="make_test.t_spamd_kill_restart_rr_t" />
    <testcase time="0"
              name="test     20"
              classname="make_test.t_spamd_kill_restart_rr_t" />
    <testcase time="0"
              name="test     21"
              classname="make_test.t_spamd_kill_restart_rr_t" />
    <testcase time="0"
              name="test     22"
              classname="make_test.t_spamd_kill_restart_rr_t" />
    <testcase time="0"
              name="test     23"
              classname="make_test.t_spamd_kill_restart_rr_t" />
    <testcase time="0"
              name="test     24"
              classname="make_test.t_spamd_kill_restart_rr_t" />
    <testcase time="0"
              name="test     25"
              classname="make_test.t_spamd_kill_restart_rr_t" />

    <testcase time="0"
              name="test     26"
              classname="make_test.t_spamd_kill_restart_rr_t" />
    <testcase time="0"
              name="test     27"
              classname="make_test.t_spamd_kill_restart_rr_t" />
    <testcase time="0"
              name="test     28"
              classname="make_test.t_spamd_kill_restart_rr_t" />
    <testcase time="0"
              name="test     29"
              classname="make_test.t_spamd_kill_restart_rr_t" />
    <testcase time="0"
              name="test     30"
              classname="make_test.t_spamd_kill_restart_rr_t" />
    <testcase time="0"
              name="test     31"
              classname="make_test.t_spamd_kill_restart_rr_t" />
    <testcase time="0"
              name="test     32"
              classname="make_test.t_spamd_kill_restart_rr_t" />
    <testcase time="0"
              name="test     33"
              classname="make_test.t_spamd_kill_restart_rr_t" />
    <testcase time="0"
              name="test     34"
              classname="make_test.t_spamd_kill_restart_rr_t" />

    <testcase time="0"
              name="test     35"
              classname="make_test.t_spamd_kill_restart_rr_t" />
    <testcase time="0"
              name="test     36"
              classname="make_test.t_spamd_kill_restart_rr_t" />
    <testcase time="0"
              name="test     37"
              classname="make_test.t_spamd_kill_restart_rr_t" />
    <testcase time="0"
              name="test     38"
              classname="make_test.t_spamd_kill_restart_rr_t" />
    <testcase time="0"
              name="test     39"
              classname="make_test.t_spamd_kill_restart_rr_t" />
    <testcase time="0"
              name="test     40"
              classname="make_test.t_spamd_kill_restart_rr_t" />
    <testcase time="0"
              name="test     41"
              classname="make_test.t_spamd_kill_restart_rr_t" />
    <testcase time="0"
              name="test     42"
              classname="make_test.t_spamd_kill_restart_rr_t" />
    <testcase time="0"
              name="test     43"
              classname="make_test.t_spamd_kill_restart_rr_t" />

    <testcase time="0"
              name="test     44"
              classname="make_test.t_spamd_kill_restart_rr_t" />
    <testcase time="0"
              name="test     45"
              classname="make_test.t_spamd_kill_restart_rr_t" />
    <testcase time="0"
              name="test     46"
              classname="make_test.t_spamd_kill_restart_rr_t" />
    <testcase time="0"
              name="test     47"
              classname="make_test.t_spamd_kill_restart_rr_t" />
    <testcase time="0"
              name="test     48"
              classname="make_test.t_spamd_kill_restart_rr_t" />
    <testcase time="0"
              name="test     49"
              classname="make_test.t_spamd_kill_restart_rr_t" />
    <testcase time="0"
              name="test     50"
              classname="make_test.t_spamd_kill_restart_rr_t" />
    <testcase time="0"
              name="test     51"
              classname="make_test.t_spamd_kill_restart_rr_t" />
    <testcase time="0"
              name="test     52"
              classname="make_test.t_spamd_kill_restart_rr_t" />

    <testcase time="0"
              name="test     53"
              classname="make_test.t_spamd_kill_restart_rr_t" />
    <testcase time="0"
              name="test     54"
              classname="make_test.t_spamd_kill_restart_rr_t" />
    <testcase time="0"
              name="test     55"
              classname="make_test.t_spamd_kill_restart_rr_t" />
    <testcase time="0"
              name="test     56"
              classname="make_test.t_spamd_kill_restart_rr_t" />
    <testcase time="0"
              name="test     57"
              classname="make_test.t_spamd_kill_restart_rr_t" />
    <testcase time="0"
              name="test     58"
              classname="make_test.t_spamd_kill_restart_rr_t" />
    <testcase time="0"
              name="test     59"
              classname="make_test.t_spamd_kill_restart_rr_t" />
    <testcase time="0"
              name="test     60"
              classname="make_test.t_spamd_kill_restart_rr_t" />
    <testcase time="0"
              name="test     61"
              classname="make_test.t_spamd_kill_restart_rr_t" />

    <testcase time="0"
              name="test     62"
              classname="make_test.t_spamd_kill_restart_rr_t" />
    <testcase time="0"
              name="test     63"
              classname="make_test.t_spamd_kill_restart_rr_t" />
    <testcase time="0"
              name="test     64"
              classname="make_test.t_spamd_kill_restart_rr_t" />
    <testcase time="0"
              name="test     65"
              classname="make_test.t_spamd_kill_restart_rr_t" />
    <testcase time="0"
              name="test     66"
              classname="make_test.t_spamd_kill_restart_rr_t" />
    <testcase time="0"
              name="test     67"
              classname="make_test.t_spamd_kill_restart_rr_t" />
    <testcase time="0"
              name="test     68"
              classname="make_test.t_spamd_kill_restart_rr_t" />
    <testcase time="0"
              name="test     69"
              classname="make_test.t_spamd_kill_restart_rr_t" />
    <testcase time="0"
              name="test     70"
              classname="make_test.t_spamd_kill_restart_rr_t" />

    <testcase time="0"
              name="test     71"
              classname="make_test.t_spamd_kill_restart_rr_t" />
    <testcase time="0"
              name="test     72"
              classname="make_test.t_spamd_kill_restart_rr_t" />
    <testcase time="0"
              name="test     73"
              classname="make_test.t_spamd_kill_restart_rr_t" />
    <testcase time="0"
              name="test     74"
              classname="make_test.t_spamd_kill_restart_rr_t" />
    <testcase time="0"
              name="test     75"
              classname="make_test.t_spamd_kill_restart_rr_t" />
    <testcase time="0"
              name="test     76"
              classname="make_test.t_spamd_kill_restart_rr_t" />
    <testcase time="0"
              name="test     77"
              classname="make_test.t_spamd_kill_restart_rr_t" />
    <testcase time="0"
              name="test     78"
              classname="make_test.t_spamd_kill_restart_rr_t" />
    <testcase time="0"
              name="test     79"
              classname="make_test.t_spamd_kill_restart_rr_t" />

    <testcase time="0"
              name="test     80"
              classname="make_test.t_spamd_kill_restart_rr_t" />
    <testcase time="0"
              name="test     81"
              classname="make_test.t_spamd_kill_restart_rr_t" />
    <testcase time="0"
              name="test     82"
              classname="make_test.t_spamd_kill_restart_rr_t" />
    <testcase time="0"
              name="test     83"
              classname="make_test.t_spamd_kill_restart_rr_t" />
    <testcase time="0"
              name="test     84"
              classname="make_test.t_spamd_kill_restart_rr_t" />
    <testcase time="0"
              name="test     85"
              classname="make_test.t_spamd_kill_restart_rr_t" />
    <testcase time="0"
              name="test     86"
              classname="make_test.t_spamd_kill_restart_rr_t" />
    <testcase time="0"
              name="test     87"
              classname="make_test.t_spamd_kill_restart_rr_t" />
    <testcase time="0"
              name="test     88"
              classname="make_test.t_spamd_kill_restart_rr_t" />

    <testcase time="0"
              name="test     89"
              classname="make_test.t_spamd_kill_restart_rr_t" />
    <testcase time="0"
              name="test     90"
              classname="make_test.t_spamd_kill_restart_rr_t" />
    <testcase time="0"
              name="test     91"
              classname="make_test.t_spamd_kill_restart_rr_t" />
    <testcase time="0"
              name="test     92"
              classname="make_test.t_spamd_kill_restart_rr_t" />
    <testcase time="0"
              name="test     93"
              classname="make_test.t_spamd_kill_restart_rr_t" /><system-out>
  <![CDATA[1..93
  # Running under perl version 5.008006 for solaris
  # Current time local: Thu Mar 27 09:23:57 2008
  # Current time GMT:   Thu Mar 27 09:23:57 2008
  # Using Test.pm version 1.25
  [1206609837] Starting spamd...
  	/export/home/jm/tools/perl586/bin/perl SATest.pl -Mredirect -Olog/d.spamd_kill_restart_rr/spamd.err.1 -olog/d.spamd_kill_restart_rr/spamd.out.1 -- /export/home/jm/tools/perl586/bin/perl -T -w ../spamd/spamd.raw -D -x -s stderr -C log/test_rules_copy  --siteconfigpath log/localrules.tmp -p 46979 -A 127.0.0.1 -i 127.0.0.1 -L --round-robin -r log/spamd.pid -s log/d.spamd_kill_restart_rr/spamd.err.1.timestamped &
  ok 1
  ok 2
  ok 3
  ok 4
  [1206609840] killing spamd at pid 14215, loop try 0...
  [1206609840] Waiting for PID file to change...
  ok 5
  [1206609841] starting new spamd, loop try 0...
  	/export/home/jm/tools/perl586/bin/perl SATest.pl -Mredirect -Olog/d.spamd_kill_restart_rr/spamd.err.6 -olog/d.spamd_kill_restart_rr/spamd.out.6 -- /export/home/jm/tools/perl586/bin/perl -T -w ../spamd/spamd.raw -D -x -s stderr -C log/test_rules_copy  --siteconfigpath log/localrules.tmp -p 46979 -A 127.0.0.1 -i 127.0.0.1 -D -L --round-robin -r log/spamd.pid -s log/d.spamd_kill_restart_rr/spamd.err.6.timestamped &
  [1206609843] Waiting for spamd at pid 14215 to restart...
  ok 6
  ok 7
  ok 8
  [1206609844] Looking for new spamd at pid 14226...
  ok 9
  ok 10
  ok 11
  ok 12
  ok 13
  [1206609844] killing spamd at pid 14226, loop try 1...
  [1206609844] Waiting for PID file to change...
  ok 14
  [1206609845] starting new spamd, loop try 1...
  	/export/home/jm/tools/perl586/bin/perl SATest.pl -Mredirect -Olog/d.spamd_kill_restart_rr/spamd.err.15 -olog/d.spamd_kill_restart_rr/spamd.out.15 -- /export/home/jm/tools/perl586/bin/perl -T -w ../spamd/spamd.raw -D -x -s stderr -C log/test_rules_copy  --siteconfigpath log/localrules.tmp -p 46979 -A 127.0.0.1 -i 127.0.0.1 -D -L --round-robin -r log/spamd.pid -s log/d.spamd_kill_restart_rr/spamd.err.15.timestamped &
  [1206609847] Waiting for spamd at pid 14226 to restart...
  ok 15
  ok 16
  ok 17
  [1206609848] Looking for new spamd at pid 14237...
  ok 18
  ok 19
  ok 20
  ok 21
  ok 22
  [1206609848] killing spamd at pid 14237, loop try 2...
  [1206609848] Waiting for PID file to change...
  ok 23
  [1206609849] starting new spamd, loop try 2...
  	/export/home/jm/tools/perl586/bin/perl SATest.pl -Mredirect -Olog/d.spamd_kill_restart_rr/spamd.err.24 -olog/d.spamd_kill_restart_rr/spamd.out.24 -- /export/home/jm/tools/perl586/bin/perl -T -w ../spamd/spamd.raw -D -x -s stderr -C log/test_rules_copy  --siteconfigpath log/localrules.tmp -p 46979 -A 127.0.0.1 -i 127.0.0.1 -D -L --round-robin -r log/spamd.pid -s log/d.spamd_kill_restart_rr/spamd.err.24.timestamped &
  [1206609851] Waiting for spamd at pid 14237 to restart...
  ok 24
  ok 25
  ok 26
  [1206609852] Looking for new spamd at pid 14248...
  ok 27
  ok 28
  ok 29
  ok 30
  ok 31
  [1206609852] killing spamd at pid 14248, loop try 3...
  [1206609852] Waiting for PID file to change...
  ok 32
  [1206609853] starting new spamd, loop try 3...
  	/export/home/jm/tools/perl586/bin/perl SATest.pl -Mredirect -Olog/d.spamd_kill_restart_rr/spamd.err.33 -olog/d.spamd_kill_restart_rr/spamd.out.33 -- /export/home/jm/tools/perl586/bin/perl -T -w ../spamd/spamd.raw -D -x -s stderr -C log/test_rules_copy  --siteconfigpath log/localrules.tmp -p 46979 -A 127.0.0.1 -i 127.0.0.1 -D -L --round-robin -r log/spamd.pid -s log/d.spamd_kill_restart_rr/spamd.err.33.timestamped &
  [1206609855] Waiting for spamd at pid 14248 to restart...
  ok 33
  ok 34
  ok 35
  [1206609856] Looking for new spamd at pid 14259...
  ok 36
  ok 37
  ok 38
  ok 39
  ok 40
  [1206609856] killing spamd at pid 14259, loop try 4...
  [1206609856] Waiting for PID file to change...
  ok 41
  [1206609857] starting new spamd, loop try 4...
  	/export/home/jm/tools/perl586/bin/perl SATest.pl -Mredirect -Olog/d.spamd_kill_restart_rr/spamd.err.42 -olog/d.spamd_kill_restart_rr/spamd.out.42 -- /export/home/jm/tools/perl586/bin/perl -T -w ../spamd/spamd.raw -D -x -s stderr -C log/test_rules_copy  --siteconfigpath log/localrules.tmp -p 46979 -A 127.0.0.1 -i 127.0.0.1 -D -L --round-robin -r log/spamd.pid -s log/d.spamd_kill_restart_rr/spamd.err.42.timestamped &
  [1206609859] Waiting for spamd at pid 14259 to restart...
  ok 42
  ok 43
  ok 44
  [1206609860] Looking for new spamd at pid 14270...
  ok 45
  ok 46
  ok 47
  ok 48
  ok 49
  [1206609860] killing spamd at pid 14270, loop try 5...
  [1206609860] Waiting for PID file to change...
  ok 50
  [1206609861] starting new spamd, loop try 5...
  	/export/home/jm/tools/perl586/bin/perl SATest.pl -Mredirect -Olog/d.spamd_kill_restart_rr/spamd.err.51 -olog/d.spamd_kill_restart_rr/spamd.out.51 -- /export/home/jm/tools/perl586/bin/perl -T -w ../spamd/spamd.raw -D -x -s stderr -C log/test_rules_copy  --siteconfigpath log/localrules.tmp -p 46979 -A 127.0.0.1 -i 127.0.0.1 -D -L --round-robin -r log/spamd.pid -s log/d.spamd_kill_restart_rr/spamd.err.51.timestamped &
  [1206609863] Waiting for spamd at pid 14270 to restart...
  ok 51
  ok 52
  ok 53
  [1206609864] Looking for new spamd at pid 14281...
  ok 54
  ok 55
  ok 56
  ok 57
  ok 58
  [1206609864] killing spamd at pid 14281, loop try 6...
  [1206609864] Waiting for PID file to change...
  ok 59
  [1206609865] starting new spamd, loop try 6...
  	/export/home/jm/tools/perl586/bin/perl SATest.pl -Mredirect -Olog/d.spamd_kill_restart_rr/spamd.err.60 -olog/d.spamd_kill_restart_rr/spamd.out.60 -- /export/home/jm/tools/perl586/bin/perl -T -w ../spamd/spamd.raw -D -x -s stderr -C log/test_rules_copy  --siteconfigpath log/localrules.tmp -p 46979 -A 127.0.0.1 -i 127.0.0.1 -D -L --round-robin -r log/spamd.pid -s log/d.spamd_kill_restart_rr/spamd.err.60.timestamped &
  [1206609867] Waiting for spamd at pid 14281 to restart...
  ok 60
  ok 61
  ok 62
  [1206609868] Looking for new spamd at pid 14292...
  ok 63
  ok 64
  ok 65
  ok 66
  ok 67
  [1206609868] killing spamd at pid 14292, loop try 7...
  [1206609868] Waiting for PID file to change...
  ok 68
  [1206609869] starting new spamd, loop try 7...
  	/export/home/jm/tools/perl586/bin/perl SATest.pl -Mredirect -Olog/d.spamd_kill_restart_rr/spamd.err.69 -olog/d.spamd_kill_restart_rr/spamd.out.69 -- /export/home/jm/tools/perl586/bin/perl -T -w ../spamd/spamd.raw -D -x -s stderr -C log/test_rules_copy  --siteconfigpath log/localrules.tmp -p 46979 -A 127.0.0.1 -i 127.0.0.1 -D -L --round-robin -r log/spamd.pid -s log/d.spamd_kill_restart_rr/spamd.err.69.timestamped &
  [1206609871] Waiting for spamd at pid 14292 to restart...
  ok 69
  ok 70
  ok 71
  [1206609872] Looking for new spamd at pid 14303...
  ok 72
  ok 73
  ok 74
  ok 75
  ok 76
  [1206609872] killing spamd at pid 14303, loop try 8...
  [1206609872] Waiting for PID file to change...
  ok 77
  [1206609873] starting new spamd, loop try 8...
  	/export/home/jm/tools/perl586/bin/perl SATest.pl -Mredirect -Olog/d.spamd_kill_restart_rr/spamd.err.78 -olog/d.spamd_kill_restart_rr/spamd.out.78 -- /export/home/jm/tools/perl586/bin/perl -T -w ../spamd/spamd.raw -D -x -s stderr -C log/test_rules_copy  --siteconfigpath log/localrules.tmp -p 46979 -A 127.0.0.1 -i 127.0.0.1 -D -L --round-robin -r log/spamd.pid -s log/d.spamd_kill_restart_rr/spamd.err.78.timestamped &
  [1206609875] Waiting for spamd at pid 14303 to restart...
  ok 78
  ok 79
  ok 80
  [1206609876] Looking for new spamd at pid 14314...
  ok 81
  ok 82
  ok 83
  ok 84
  ok 85
  [1206609876] killing spamd at pid 14314, loop try 9...
  [1206609876] Waiting for PID file to change...
  ok 86
  [1206609877] starting new spamd, loop try 9...
  	/export/home/jm/tools/perl586/bin/perl SATest.pl -Mredirect -Olog/d.spamd_kill_restart_rr/spamd.err.87 -olog/d.spamd_kill_restart_rr/spamd.out.87 -- /export/home/jm/tools/perl586/bin/perl -T -w ../spamd/spamd.raw -D -x -s stderr -C log/test_rules_copy  --siteconfigpath log/localrules.tmp -p 46979 -A 127.0.0.1 -i 127.0.0.1 -D -L --round-robin -r log/spamd.pid -s log/d.spamd_kill_restart_rr/spamd.err.87.timestamped &
  [1206609879] Waiting for spamd at pid 14314 to restart...
  ok 87
  ok 88
  ok 89
  [1206609880] Looking for new spamd at pid 14325...
  ok 90
  [1206609880] A little time to settle...
  [1206609882] Checking GTUBE...
  	../spamc/spamc -F data/spamc_blank.cf -d 127.0.0.1 -p 46979 < data/spam/gtube.eml
  ok 91
  	Checking gtube
  ok 92
  	Checking flag
  ok 93
  [1206609882] Stopping spamd...
  Killed 1 spamd instances
  ]]>
  </system-out><system-err />
  </testsuite>
  <testsuite failures="0"
             errors="0"
             tests="22"
             time="0"
             name="make_test.t_spamd_maxchildren_t"
             id="79">

    <testcase time="0"
              name="test      1"
              classname="make_test.t_spamd_maxchildren_t" />
    <testcase time="0"
              name="test      2"
              classname="make_test.t_spamd_maxchildren_t" />
    <testcase time="0"
              name="test      3"
              classname="make_test.t_spamd_maxchildren_t" />
    <testcase time="0"
              name="test      4"
              classname="make_test.t_spamd_maxchildren_t" />
    <testcase time="0"
              name="test      5"
              classname="make_test.t_spamd_maxchildren_t" />
    <testcase time="0"
              name="test      6"
              classname="make_test.t_spamd_maxchildren_t" />
    <testcase time="0"
              name="test      7"
              classname="make_test.t_spamd_maxchildren_t" />
    <testcase time="0"
              name="test      8"
              classname="make_test.t_spamd_maxchildren_t" />
    <testcase time="0"
              name="test      9"
              classname="make_test.t_spamd_maxchildren_t" />

    <testcase time="0"
              name="test     10"
              classname="make_test.t_spamd_maxchildren_t" />
    <testcase time="0"
              name="test     11"
              classname="make_test.t_spamd_maxchildren_t" />
    <testcase time="0"
              name="test     12"
              classname="make_test.t_spamd_maxchildren_t" />
    <testcase time="0"
              name="test     13"
              classname="make_test.t_spamd_maxchildren_t" />
    <testcase time="0"
              name="test     14"
              classname="make_test.t_spamd_maxchildren_t" />
    <testcase time="0"
              name="test     15"
              classname="make_test.t_spamd_maxchildren_t" />
    <testcase time="0"
              name="test     16"
              classname="make_test.t_spamd_maxchildren_t" />
    <testcase time="0"
              name="test     17"
              classname="make_test.t_spamd_maxchildren_t" />
    <testcase time="0"
              name="test     18"
              classname="make_test.t_spamd_maxchildren_t" />

    <testcase time="0"
              name="test     19"
              classname="make_test.t_spamd_maxchildren_t" />
    <testcase time="0"
              name="test     20"
              classname="make_test.t_spamd_maxchildren_t" />
    <testcase time="0"
              name="test     21"
              classname="make_test.t_spamd_maxchildren_t" />
    <testcase time="0"
              name="test     22"
              classname="make_test.t_spamd_maxchildren_t" /><system-out>
  <![CDATA[1..0
  # Running under perl version 5.008006 for solaris
  # Current time local: Thu Mar 27 09:24:43 2008
  # Current time GMT:   Thu Mar 27 09:24:43 2008
  # Using Test.pm version 1.25
  skipped: (no reason given)
  t/spamd_maxchildren...............
  1..22
  # Running under perl version 5.008006 for solaris
  # Current time local: Thu Mar 27 09:24:43 2008
  # Current time GMT:   Thu Mar 27 09:24:43 2008
  # Using Test.pm version 1.25
  	/export/home/jm/tools/perl586/bin/perl SATest.pl -Mredirect -Olog/d.spamd_maxchildren/spamd.err.1 -olog/d.spamd_maxchildren/spamd.out.1 -- /export/home/jm/tools/perl586/bin/perl -T -w ../spamd/spamd.raw -D -x -s stderr -C log/test_rules_copy  --siteconfigpath log/localrules.tmp -p 47111 -A 127.0.0.1 -i 127.0.0.1 -L -m1 -s log/d.spamd_maxchildren/spamd.err.1.timestamped &
  ok 1
  	../spamc/spamc -F data/spamc_blank.cf -d 127.0.0.1 -p 47111 < data/spam/001
  ok 2
  	Checking endsinnums
  ok 3
  	Checking noreal
  ok 4
  	Checking flag
  ok 5
  	Checking stars
  ok 6
  	Checking status
  ok 7
  	../spamc/spamc -p 47111 < data/spam/006 &
  ok 8
  	../spamc/spamc -p 47111 < data/spam/006 &
  ok 9
  	../spamc/spamc -p 47111 < data/spam/001 &
  ok 10
  	../spamc/spamc -p 47111 < data/spam/002 &
  ok 11
  	../spamc/spamc -p 47111 < data/spam/003 &
  ok 12
  	../spamc/spamc -p 47111 < data/spam/004 &
  ok 13
  	../spamc/spamc -p 47111 < data/spam/005 &
  ok 14
  	../spamc/spamc -p 47111 < data/spam/006 &
  ok 15
  	../spamc/spamc -F data/spamc_blank.cf -d 127.0.0.1 -p 47111 < data/spam/001
  ok 16
  	Checking endsinnums
  ok 17
  	Checking noreal
  ok 18
  	Checking flag
  ok 19
  	Checking stars
  ok 20
  	Checking status
  ok 21
  Killed 1 spamd instances
  Waiting for spamd at pid 14347 to exit...
  ok 22
  ]]>
  </system-out><system-err />
  </testsuite>
  <testsuite failures="0"
             errors="0"
             tests="20"
             time="0"
             name="make_test.t_spamd_parallel_t"
             id="80">
    <testcase time="0"
              name="test      1"
              classname="make_test.t_spamd_parallel_t" />

    <testcase time="0"
              name="test      2"
              classname="make_test.t_spamd_parallel_t" />
    <testcase time="0"
              name="test      3"
              classname="make_test.t_spamd_parallel_t" />
    <testcase time="0"
              name="test      4"
              classname="make_test.t_spamd_parallel_t" />
    <testcase time="0"
              name="test      5"
              classname="make_test.t_spamd_parallel_t" />
    <testcase time="0"
              name="test      6"
              classname="make_test.t_spamd_parallel_t" />
    <testcase time="0"
              name="test      7"
              classname="make_test.t_spamd_parallel_t" />
    <testcase time="0"
              name="test      8"
              classname="make_test.t_spamd_parallel_t" />
    <testcase time="0"
              name="test      9"
              classname="make_test.t_spamd_parallel_t" />
    <testcase time="0"
              name="test     10"
              classname="make_test.t_spamd_parallel_t" />

    <testcase time="0"
              name="test     11"
              classname="make_test.t_spamd_parallel_t" />
    <testcase time="0"
              name="test     12"
              classname="make_test.t_spamd_parallel_t" />
    <testcase time="0"
              name="test     13"
              classname="make_test.t_spamd_parallel_t" />
    <testcase time="0"
              name="test     14"
              classname="make_test.t_spamd_parallel_t" />
    <testcase time="0"
              name="test     15"
              classname="make_test.t_spamd_parallel_t" />
    <testcase time="0"
              name="test     16"
              classname="make_test.t_spamd_parallel_t" />
    <testcase time="0"
              name="test     17"
              classname="make_test.t_spamd_parallel_t" />
    <testcase time="0"
              name="test     18"
              classname="make_test.t_spamd_parallel_t" />
    <testcase time="0"
              name="test     19"
              classname="make_test.t_spamd_parallel_t" />

    <testcase time="0"
              name="test     20"
              classname="make_test.t_spamd_parallel_t" /><system-out>
  <![CDATA[1..0
  # Running under perl version 5.008006 for solaris
  # Current time local: Thu Mar 27 09:24:48 2008
  # Current time GMT:   Thu Mar 27 09:24:48 2008
  # Using Test.pm version 1.25
  skipped: (no reason given)
  t/spamd_parallel..................
  1..20
  # Running under perl version 5.008006 for solaris
  # Current time local: Thu Mar 27 09:24:48 2008
  # Current time GMT:   Thu Mar 27 09:24:48 2008
  # Using Test.pm version 1.25
  	/export/home/jm/tools/perl586/bin/perl SATest.pl -Mredirect -Olog/d.spamd_parallel/spamd.err.1 -olog/d.spamd_parallel/spamd.out.1 -- /export/home/jm/tools/perl586/bin/perl -T -w ../spamd/spamd.raw -D -x -s stderr -C log/test_rules_copy  --siteconfigpath log/localrules.tmp -p 47143 -A 127.0.0.1 -i 127.0.0.1 -L -s log/d.spamd_parallel/spamd.err.1.timestamped &
  	../spamc/spamc -F data/spamc_blank.cf -d 127.0.0.1 -p 47143 < data/spam/001
  ok 1
  	Checking endsinnums
  ok 2
  	Checking noreal
  ok 3
  	Checking flag
  ok 4
  	Checking stars
  ok 5
  	Checking status
  ok 6
  	../spamc/spamc -p 47143 < data/spam/005 &
  ok 7
  	../spamc/spamc -p 47143 < data/spam/006 &
  ok 8
  	../spamc/spamc -p 47143 < data/spam/001 &
  ok 9
  	../spamc/spamc -p 47143 < data/spam/002 &
  ok 10
  	../spamc/spamc -p 47143 < data/spam/003 &
  ok 11
  	../spamc/spamc -p 47143 < data/spam/004 &
  ok 12
  	../spamc/spamc -p 47143 < data/spam/005 &
  ok 13
  	../spamc/spamc -p 47143 < data/spam/006 &
  ok 14
  	../spamc/spamc -F data/spamc_blank.cf -d 127.0.0.1 -p 47143 < data/spam/001
  ok 15
  	Checking endsinnums
  ok 16
  	Checking noreal
  ok 17
  	Checking flag
  ok 18
  	Checking stars
  ok 19
  	Checking status
  ok 20
  Killed 1 spamd instances
  Waiting for spamd at pid 14379 to exit...
  ]]>
  </system-out><system-err />
  </testsuite>
  <testsuite failures="0"
             errors="0"
             tests="6"
             time="0"
             name="make_test.t_spamd_plugin_t"
             id="81">
    <testcase time="0"
              name="test      1"
              classname="make_test.t_spamd_plugin_t" />
    <testcase time="0"
              name="test      2"
              classname="make_test.t_spamd_plugin_t" />
    <testcase time="0"
              name="test      3"
              classname="make_test.t_spamd_plugin_t" />
    <testcase time="0"
              name="test      4"
              classname="make_test.t_spamd_plugin_t" />

    <testcase time="0"
              name="test      5"
              classname="make_test.t_spamd_plugin_t" />
    <testcase time="0"
              name="test      6"
              classname="make_test.t_spamd_plugin_t" /><system-out>
  <![CDATA[1..6
  # Running under perl version 5.008006 for solaris
  # Current time local: Thu Mar 27 09:24:52 2008
  # Current time GMT:   Thu Mar 27 09:24:52 2008
  # Using Test.pm version 1.25
  	/export/home/jm/tools/perl586/bin/perl SATest.pl -Mredirect -Olog/d.spamd_plugin/spamd.err.1 -olog/d.spamd_plugin/spamd.out.1 -- /export/home/jm/tools/perl586/bin/perl -T -w ../spamd/spamd.raw -D -x -s stderr -C log/test_rules_copy  --siteconfigpath log/localrules.tmp -D -L --socketpath=/tmp/satest.14408.2545.70210666299/spamd.sock -s log/d.spamd_plugin/spamd.err.1.timestamped &
  	../spamc/spamc -F data/spamc_blank.cf -d 127.0.0.1 -p 47176 -U /tmp/satest.14408.2545.70210666299/spamd.sock < data/spam/001
  ok 1
  	Checking called1
  ok 2
  	../spamc/spamc -F data/spamc_blank.cf -d 127.0.0.1 -p 47176 -U /tmp/satest.14408.2545.70210666299/spamd.sock < data/nice/001
  ok 3
  	Checking called2
  ok 4
  	../spamc/spamc -F data/spamc_blank.cf -d 127.0.0.1 -p 47176 -U /tmp/satest.14408.2545.70210666299/spamd.sock < data/nice/001
  ok 5
  	Checking called3
  ok 6
  Killed 1 spamd instances
  Waiting for spamd at pid 14412 to exit...
  ]]>
  </system-out><system-err />
  </testsuite>
  <testsuite failures="0"
             errors="0"
             tests="4"
             time="0"
             name="make_test.t_spamd_port_t"
             id="82">
    <testcase time="0"
              name="test      1"
              classname="make_test.t_spamd_port_t" />
    <testcase time="0"
              name="test      2"
              classname="make_test.t_spamd_port_t" />
    <testcase time="0"
              name="test      3"
              classname="make_test.t_spamd_port_t" />

    <testcase time="0"
              name="test      4"
              classname="make_test.t_spamd_port_t" /><system-out>
  <![CDATA[1..4
  # Running under perl version 5.008006 for solaris
  # Current time local: Thu Mar 27 09:24:55 2008
  # Current time GMT:   Thu Mar 27 09:24:55 2008
  # Using Test.pm version 1.25
  	/export/home/jm/tools/perl586/bin/perl SATest.pl -Mredirect -Olog/d.spamd_port/spamd.err.1 -olog/d.spamd_port/spamd.out.1 -- /export/home/jm/tools/perl586/bin/perl -T -w ../spamd/spamd.raw -D -x -s stderr -C log/test_rules_copy  --siteconfigpath log/localrules.tmp -A 127.0.0.1 -i 127.0.0.1 -L -p 47192 -s log/d.spamd_port/spamd.err.1.timestamped &
  	../spamc/spamc -F data/spamc_blank.cf -d 127.0.0.1 -p 47192 -p 47192 < data/spam/001
  Killed 1 spamd instances
  Waiting for spamd at pid 14429 to exit...
  ok 1
  	Checking subj
  ok 2
  	Checking flag
  ok 3
  	Checking status
  ok 4
  ]]>
  </system-out><system-err />
  </testsuite>
  <testsuite failures="0"
             errors="0"
             tests="10"
             time="0"
             name="make_test.t_spamd_protocol_10_t"
             id="83">
    <testcase time="0"
              name="test      1"
              classname="make_test.t_spamd_protocol_10_t" />
    <testcase time="0"
              name="test      2"
              classname="make_test.t_spamd_protocol_10_t" />
    <testcase time="0"
              name="test      3"
              classname="make_test.t_spamd_protocol_10_t" />
    <testcase time="0"
              name="test      4"
              classname="make_test.t_spamd_protocol_10_t" />

    <testcase time="0"
              name="test      5"
              classname="make_test.t_spamd_protocol_10_t" />
    <testcase time="0"
              name="test      6"
              classname="make_test.t_spamd_protocol_10_t" />
    <testcase time="0"
              name="test      7"
              classname="make_test.t_spamd_protocol_10_t" />
    <testcase time="0"
              name="test      8"
              classname="make_test.t_spamd_protocol_10_t" />
    <testcase time="0"
              name="test      9"
              classname="make_test.t_spamd_protocol_10_t" />
    <testcase time="0"
              name="test     10"
              classname="make_test.t_spamd_protocol_10_t" /><system-out>
  <![CDATA[1..0
  # Running under perl version 5.008006 for solaris
  # Current time local: Thu Mar 27 09:24:59 2008
  # Current time GMT:   Thu Mar 27 09:24:59 2008
  # Using Test.pm version 1.25
  NOTE: this test requires /usr/bin/pkill, /usr/bin/pgrep, and
  'run_spamd_prefork_stress_test' set to 'y'.
  skipped: (no reason given)
  t/spamd_prefork_stress_2..........
  1..0
  # Running under perl version 5.008006 for solaris
  # Current time local: Thu Mar 27 09:24:59 2008
  # Current time GMT:   Thu Mar 27 09:24:59 2008
  # Using Test.pm version 1.25
  NOTE: this test requires /usr/bin/pkill, /usr/bin/pgrep, and
  'run_spamd_prefork_stress_test' set to 'y'.
  skipped: (no reason given)
  t/spamd_prefork_stress_3..........
  1..0
  # Running under perl version 5.008006 for solaris
  # Current time local: Thu Mar 27 09:24:59 2008
  # Current time GMT:   Thu Mar 27 09:24:59 2008
  # Using Test.pm version 1.25
  NOTE: this test requires 'run_spamd_prefork_stress_test' set to 'y'.
  skipped: (no reason given)
  t/spamd_prefork_stress_4..........
  1..0
  # Running under perl version 5.008006 for solaris
  # Current time local: Thu Mar 27 09:24:59 2008
  # Current time GMT:   Thu Mar 27 09:24:59 2008
  # Using Test.pm version 1.25
  NOTE: this test requires 'run_spamd_prefork_stress_test' set to 'y'.
  skipped: (no reason given)
  t/spamd_protocol_10...............
  1..10
  # Running under perl version 5.008006 for solaris
  # Current time local: Thu Mar 27 09:24:59 2008
  # Current time GMT:   Thu Mar 27 09:24:59 2008
  # Using Test.pm version 1.25
  	/export/home/jm/tools/perl586/bin/perl SATest.pl -Mredirect -Olog/d.spamd_protocol_10/spamd.err.1 -olog/d.spamd_protocol_10/spamd.out.1 -- /export/home/jm/tools/perl586/bin/perl -T -w ../spamd/spamd.raw -D -x -s stderr -C log/test_rules_copy  --siteconfigpath log/localrules.tmp -p 47217 -A 127.0.0.1 -i 127.0.0.1 -L -s log/d.spamd_protocol_10/spamd.err.1.timestamped &
  GTUBE: Message-ID: <GTUBE1.1010101@example.com>
  GTUBE: Date: Mon, 07 Oct 2002 09:00:00 +0000
  GTUBE: From: Sender <sender@example.com>
  GTUBE: MIME-Version: 1.0
  GTUBE: To: Recipient <recipient@example.com>
  GTUBE: Subject: GTUBE
  GTUBE: Content-Type: text/plain; charset=us-ascii; format=flowed
  GTUBE: Content-Transfer-Encoding: 7bit
  GTUBE:
  GTUBE: XJS*C4JDBQADN1.NSBN3*2IDNEN*GTUBE-STANDARD-ANTI-UBE-TEST-EMAIL*C.34X
  GTUBE:
  GTUBE: Generic
  GTUBE: Test for
  GTUBE: Unsolicited
  GTUBE: Bulk
  GTUBE: Email
  GTUBE:
  WRITE: SYMBOLS SPAMC/1.2
  WRITE: Content-Length: 386
  WRITE:
  WRITE: Message-ID: <GTUBE1.1010101@example.com>
  WRITE: Date: Mon, 07 Oct 2002 09:00:00 +0000
  WRITE: From: Sender <sender@example.com>
  WRITE: MIME-Version: 1.0
  WRITE: To: Recipient <recipient@example.com>
  WRITE: Subject: GTUBE
  WRITE: Content-Type: text/plain; charset=us-ascii; format=flowed
  WRITE: Content-Transfer-Encoding: 7bit
  WRITE:
  WRITE: XJS*C4JDBQADN1.NSBN3*2IDNEN*GTUBE-STANDARD-ANTI-UBE-TEST-EMAIL*C.34X
  WRITE:
  WRITE: Generic
  WRITE: Test for
  WRITE: Unsolicited
  WRITE: Bulk
  WRITE: Email
  WRITE:
  READ:  SPAMD/1.1 0 EX_OK
  READ:  Spam: True ; 1000.0 / 5.0
  READ:
  READ:  GTUBE,NO_RECEIVED,NO_RELAYS,T_TVD_SUBJ_FINGER_04
  ok 1
  ok 2
  	Checking gtube
  ok 3
  	Checking response-11
  ok 4
  	Checking spamheader
  ok 5
  WRITE: SYMBOLS SPAMC/1.0
  WRITE: Message-ID: <GTUBE1.1010101@example.com>
  WRITE: Date: Mon, 07 Oct 2002 09:00:00 +0000
  WRITE: From: Sender <sender@example.com>
  WRITE: MIME-Version: 1.0
  WRITE: To: Recipient <recipient@example.com>
  WRITE: Subject: GTUBE
  WRITE: Content-Type: text/plain; charset=us-ascii; format=flowed
  WRITE: Content-Transfer-Encoding: 7bit
  WRITE:
  WRITE: XJS*C4JDBQADN1.NSBN3*2IDNEN*GTUBE-STANDARD-ANTI-UBE-TEST-EMAIL*C.34X
  WRITE:
  WRITE: Generic
  WRITE: Test for
  WRITE: Unsolicited
  WRITE: Bulk
  WRITE: Email
  WRITE:
  READ:  SPAMD/1.1 0 EX_OK
  READ:  Spam: True ; 1000.0 / 5.0
  READ:
  READ:  GTUBE,NO_RECEIVED,NO_RELAYS,T_TVD_SUBJ_FINGER_04
  ok 6
  ok 7
  	Checking gtube
  ok 8
  	Checking response-11
  ok 9
  	Checking spamheader
  ok 10
  Killed 1 spamd instances
  Waiting for spamd at pid 14453 to exit...
  ]]>
  </system-out><system-err />
  </testsuite>

  <testsuite failures="0"
             errors="0"
             tests="6"
             time="0"
             name="make_test.t_spamd_report_t"
             id="84">
    <testcase time="0"
              name="test      1"
              classname="make_test.t_spamd_report_t" />
    <testcase time="0"
              name="test      2"
              classname="make_test.t_spamd_report_t" />
    <testcase time="0"
              name="test      3"
              classname="make_test.t_spamd_report_t" />
    <testcase time="0"
              name="test      4"
              classname="make_test.t_spamd_report_t" />
    <testcase time="0"
              name="test      5"
              classname="make_test.t_spamd_report_t" />
    <testcase time="0"
              name="test      6"
              classname="make_test.t_spamd_report_t" /><system-out>
  <![CDATA[1..6
  # Running under perl version 5.008006 for solaris
  # Current time local: Thu Mar 27 09:25:02 2008
  # Current time GMT:   Thu Mar 27 09:25:02 2008
  # Using Test.pm version 1.25
  	/export/home/jm/tools/perl586/bin/perl SATest.pl -Mredirect -Olog/d.spamd_report/spamd.err.1 -olog/d.spamd_report/spamd.out.1 -- /export/home/jm/tools/perl586/bin/perl -T -w ../spamd/spamd.raw -D -x -s stderr -C log/test_rules_copy  --siteconfigpath log/localrules.tmp -p 47227 -A 127.0.0.1 -i 127.0.0.1 -L -s log/d.spamd_report/spamd.err.1.timestamped &
  ok 1
  	../spamc/spamc -F data/spamc_blank.cf -d 127.0.0.1 -p 47227 -R < data/spam/001
  ok 2
  	Checking endsinnums
  ok 3
  	Checking date
  ok 4
  	Checking noreal
  ok 5
  Killed 1 spamd instances
  Waiting for spamd at pid 14463 to exit...
  ok 6
  ]]>
  </system-out><system-err />

  </testsuite>
  <testsuite failures="0"
             errors="0"
             tests="10"
             time="0"
             name="make_test.t_spamd_report_ifspam_t"
             id="85">
    <testcase time="0"
              name="test      1"
              classname="make_test.t_spamd_report_ifspam_t" />
    <testcase time="0"
              name="test      2"
              classname="make_test.t_spamd_report_ifspam_t" />
    <testcase time="0"
              name="test      3"
              classname="make_test.t_spamd_report_ifspam_t" />
    <testcase time="0"
              name="test      4"
              classname="make_test.t_spamd_report_ifspam_t" />
    <testcase time="0"
              name="test      5"
              classname="make_test.t_spamd_report_ifspam_t" />
    <testcase time="0"
              name="test      6"
              classname="make_test.t_spamd_report_ifspam_t" />
    <testcase time="0"
              name="test      7"
              classname="make_test.t_spamd_report_ifspam_t" />

    <testcase time="0"
              name="test      8"
              classname="make_test.t_spamd_report_ifspam_t" />
    <testcase time="0"
              name="test      9"
              classname="make_test.t_spamd_report_ifspam_t" />
    <testcase time="0"
              name="test     10"
              classname="make_test.t_spamd_report_ifspam_t" /><system-out>
  <![CDATA[1..10
  # Running under perl version 5.008006 for solaris
  # Current time local: Thu Mar 27 09:25:06 2008
  # Current time GMT:   Thu Mar 27 09:25:06 2008
  # Using Test.pm version 1.25
  	/export/home/jm/tools/perl586/bin/perl SATest.pl -Mredirect -Olog/d.spamd_report_ifspam/spamd.err.1 -olog/d.spamd_report_ifspam/spamd.out.1 -- /export/home/jm/tools/perl586/bin/perl -T -w ../spamd/spamd.raw -D -x -s stderr -C log/test_rules_copy  --siteconfigpath log/localrules.tmp -p 47239 -A 127.0.0.1 -i 127.0.0.1 -L -s log/d.spamd_report_ifspam/spamd.err.1.timestamped &
  ok 1
  	../spamc/spamc -F data/spamc_blank.cf -d 127.0.0.1 -p 47239 -r < data/spam/001
  ok 2
  	Checking endsinnums
  ok 3
  	Checking date
  ok 4
  	Checking noreal
  ok 5
  	../spamc/spamc -F data/spamc_blank.cf -d 127.0.0.1 -p 47239 -r < data/nice/001
  ok 6
  	Checking for anti-pattern endsinnums
  ok 7
  	Checking for anti-pattern date
  ok 8
  	Checking for anti-pattern noreal
  ok 9
  Killed 1 spamd instances
  Waiting for spamd at pid 14475 to exit...
  ok 10
  ]]>
  </system-out><system-err />
  </testsuite>
  <testsuite failures="0"
             errors="0"
             tests="2"
             time="0"
             name="make_test.t_spamd_stop_t"
             id="86">
    <testcase time="0"
              name="test      1"
              classname="make_test.t_spamd_stop_t" />
    <testcase time="0"
              name="test      2"
              classname="make_test.t_spamd_stop_t" /><system-out>

  <![CDATA[1..0
  # Running under perl version 5.008006 for solaris
  # Current time local: Thu Mar 27 09:25:09 2008
  # Current time GMT:   Thu Mar 27 09:25:09 2008
  # Using Test.pm version 1.25
  skipped: (no reason given)
  t/spamd_ssl.......................
  1..0
  # Running under perl version 5.008006 for solaris
  # Current time local: Thu Mar 27 09:25:09 2008
  # Current time GMT:   Thu Mar 27 09:25:09 2008
  # Using Test.pm version 1.25
  skipped: (no reason given)
  t/spamd_ssl_accept_fail...........
  1..0
  # Running under perl version 5.008006 for solaris
  # Current time local: Thu Mar 27 09:25:09 2008
  # Current time GMT:   Thu Mar 27 09:25:09 2008
  # Using Test.pm version 1.25
  skipped: (no reason given)
  t/spamd_ssl_tls...................
  1..0
  # Running under perl version 5.008006 for solaris
  # Current time local: Thu Mar 27 09:25:09 2008
  # Current time GMT:   Thu Mar 27 09:25:09 2008
  # Using Test.pm version 1.25
  skipped: (no reason given)
  t/spamd_ssl_v2....................
  1..0
  # Running under perl version 5.008006 for solaris
  # Current time local: Thu Mar 27 09:25:09 2008
  # Current time GMT:   Thu Mar 27 09:25:09 2008
  # Using Test.pm version 1.25
  skipped: (no reason given)
  t/spamd_ssl_v23...................
  1..0
  # Running under perl version 5.008006 for solaris
  # Current time local: Thu Mar 27 09:25:09 2008
  # Current time GMT:   Thu Mar 27 09:25:09 2008
  # Using Test.pm version 1.25
  skipped: (no reason given)
  t/spamd_ssl_v3....................
  1..0
  # Running under perl version 5.008006 for solaris
  # Current time local: Thu Mar 27 09:25:09 2008
  # Current time GMT:   Thu Mar 27 09:25:09 2008
  # Using Test.pm version 1.25
  skipped: (no reason given)
  t/spamd_stop......................
  1..2
  # Running under perl version 5.008006 for solaris
  # Current time local: Thu Mar 27 09:25:09 2008
  # Current time GMT:   Thu Mar 27 09:25:09 2008
  # Using Test.pm version 1.25
  	/export/home/jm/tools/perl586/bin/perl SATest.pl -Mredirect -Olog/d.spamd_stop/spamd.err.1 -olog/d.spamd_stop/spamd.out.1 -- /export/home/jm/tools/perl586/bin/perl -T -w ../spamd/spamd.raw -D -x -s stderr -C log/test_rules_copy  --siteconfigpath log/localrules.tmp -p 47274 -A 127.0.0.1 -i 127.0.0.1 -L -s log/d.spamd_stop/spamd.err.1.timestamped &
  	../spamc/spamc -F data/spamc_blank.cf -d 127.0.0.1 -p 47274 < data/spam/001
  Killed 1 spamd instances
  Waiting for spamd at pid 14510 to exit...
  ok 1
  	Checking status
  ok 2
  ]]>
  </system-out><system-err />
  </testsuite>
  <testsuite failures="0"
             errors="0"
             tests="3"
             time="0"
             name="make_test.t_spamd_symbols_t"
             id="87">
    <testcase time="0"
              name="test      1"
              classname="make_test.t_spamd_symbols_t" />
    <testcase time="0"
              name="test      2"
              classname="make_test.t_spamd_symbols_t" />
    <testcase time="0"
              name="test      3"
              classname="make_test.t_spamd_symbols_t" /><system-out>
  <![CDATA[1..3
  # Running under perl version 5.008006 for solaris
  # Current time local: Thu Mar 27 09:25:13 2008
  # Current time GMT:   Thu Mar 27 09:25:13 2008
  # Using Test.pm version 1.25
  	/export/home/jm/tools/perl586/bin/perl SATest.pl -Mredirect -Olog/d.spamd_symbols/spamd.err.1 -olog/d.spamd_symbols/spamd.out.1 -- /export/home/jm/tools/perl586/bin/perl -T -w ../spamd/spamd.raw -D -x -s stderr -C log/test_rules_copy  --siteconfigpath log/localrules.tmp -p 47286 -A 127.0.0.1 -i 127.0.0.1 -L -s log/d.spamd_symbols/spamd.err.1.timestamped &
  	../spamc/spamc -F data/spamc_blank.cf -d 127.0.0.1 -p 47286 -y < data/spam/001
  Killed 1 spamd instances
  Waiting for spamd at pid 14522 to exit...
  ok 1
  	Checking endsinnums
  ok 2
  	Checking noreal
  ok 3
  ]]>
  </system-out><system-err />

  </testsuite>
  <testsuite failures="0"
             errors="0"
             tests="7"
             time="0"
             name="make_test.t_spamd_syslog_t"
             id="88">
    <testcase time="0"
              name="test      1"
              classname="make_test.t_spamd_syslog_t" />
    <testcase time="0"
              name="test      2"
              classname="make_test.t_spamd_syslog_t" />
    <testcase time="0"
              name="test      3"
              classname="make_test.t_spamd_syslog_t" />
    <testcase time="0"
              name="test      4"
              classname="make_test.t_spamd_syslog_t" />
    <testcase time="0"
              name="test      5"
              classname="make_test.t_spamd_syslog_t" />
    <testcase time="0"
              name="test      6"
              classname="make_test.t_spamd_syslog_t" />
    <testcase time="0"
              name="test      7"
              classname="make_test.t_spamd_syslog_t" /><system-out>

  <![CDATA[1..7
  # Running under perl version 5.008006 for solaris
  # Current time local: Thu Mar 27 09:25:16 2008
  # Current time GMT:   Thu Mar 27 09:25:16 2008
  # Using Test.pm version 1.25
  	/export/home/jm/tools/perl586/bin/perl SATest.pl -Mredirect -Olog/d.spamd_syslog/spamd.err.1 -olog/d.spamd_syslog/spamd.out.1 -- /export/home/jm/tools/perl586/bin/perl -T -w ../spamd/spamd.raw -D -x -C log/test_rules_copy  --siteconfigpath log/localrules.tmp -p 47298 -A 127.0.0.1 -i 127.0.0.1 -L -s log/d.spamd_syslog/spamd.err.1.timestamped &
  	../spamc/spamc -F data/spamc_blank.cf -d 127.0.0.1 -p 47298 < data/spam/001
  Killed 1 spamd instances
  Waiting for spamd at pid 14534 to exit...
  ok 1
  	Checking subj
  ok 2
  	Checking endsinnums
  ok 3
  	Checking noreal
  ok 4
  	Checking flag
  ok 5
  	Checking stars
  ok 6
  	Checking status
  ok 7
  ]]>
  </system-out><system-err />
  </testsuite>
  <testsuite failures="0"
             errors="0"
             tests="4"
             time="0"
             name="make_test.t_spamd_unix_t"
             id="89">
    <testcase time="0"
              name="test      1"
              classname="make_test.t_spamd_unix_t" />
    <testcase time="0"
              name="test      2"
              classname="make_test.t_spamd_unix_t" />
    <testcase time="0"
              name="test      3"
              classname="make_test.t_spamd_unix_t" />
    <testcase time="0"
              name="test      4"
              classname="make_test.t_spamd_unix_t" /><system-out>
  <![CDATA[1..4
  # Running under perl version 5.008006 for solaris
  # Current time local: Thu Mar 27 09:25:19 2008
  # Current time GMT:   Thu Mar 27 09:25:19 2008
  # Using Test.pm version 1.25
  	/export/home/jm/tools/perl586/bin/perl SATest.pl -Mredirect -Olog/d.spamd_unix/spamd.err.1 -olog/d.spamd_unix/spamd.out.1 -- /export/home/jm/tools/perl586/bin/perl -T -w ../spamd/spamd.raw -D -x -s stderr -C log/test_rules_copy  --siteconfigpath log/localrules.tmp -D -L --socketpath=/tmp/satest.14542.47036.1794631264/spamd.sock -s log/d.spamd_unix/spamd.err.1.timestamped &
  	../spamc/spamc -F data/spamc_blank.cf -d 127.0.0.1 -p 47310 -U /tmp/satest.14542.47036.1794631264/spamd.sock < data/spam/001
  ok 1
  	Checking subj
  ok 2
  	Checking flag
  ok 3
  	Checking status
  ok 4
  Killed 1 spamd instances
  Waiting for spamd at pid 14546 to exit...
  ]]>

  </system-out><system-err />
  </testsuite>
  <testsuite failures="0"
             errors="0"
             tests="10"
             time="0"
             name="make_test.t_spamd_unix_and_tcp_t"
             id="90">
    <testcase time="0"
              name="test      1"
              classname="make_test.t_spamd_unix_and_tcp_t" />
    <testcase time="0"
              name="test      2"
              classname="make_test.t_spamd_unix_and_tcp_t" />
    <testcase time="0"
              name="test      3"
              classname="make_test.t_spamd_unix_and_tcp_t" />
    <testcase time="0"
              name="test      4"
              classname="make_test.t_spamd_unix_and_tcp_t" />
    <testcase time="0"
              name="test      5"
              classname="make_test.t_spamd_unix_and_tcp_t" />
    <testcase time="0"
              name="test      6"
              classname="make_test.t_spamd_unix_and_tcp_t" />

    <testcase time="0"
              name="test      7"
              classname="make_test.t_spamd_unix_and_tcp_t" />
    <testcase time="0"
              name="test      8"
              classname="make_test.t_spamd_unix_and_tcp_t" />
    <testcase time="0"
              name="test      9"
              classname="make_test.t_spamd_unix_and_tcp_t" />
    <testcase time="0"
              name="test     10"
              classname="make_test.t_spamd_unix_and_tcp_t" /><system-out>
  <![CDATA[1..10
  # Running under perl version 5.008006 for solaris
  # Current time local: Thu Mar 27 09:25:23 2008
  # Current time GMT:   Thu Mar 27 09:25:23 2008
  # Using Test.pm version 1.25
  	/export/home/jm/tools/perl586/bin/perl SATest.pl -Mredirect -Olog/d.spamd_unix_and_tcp/spamd.err.1 -olog/d.spamd_unix_and_tcp/spamd.out.1 -- /export/home/jm/tools/perl586/bin/perl -T -w ../spamd/spamd.raw -D -x -s stderr -C log/test_rules_copy  --siteconfigpath log/localrules.tmp -D -L --socketpath=/tmp/satest.14554.6732.79956849544/spamd.sock --port 47322 -s log/d.spamd_unix_and_tcp/spamd.err.1.timestamped &
  	../spamc/spamc -F data/spamc_blank.cf -d 127.0.0.1 -p 47322 -U /tmp/satest.14554.6732.79956849544/spamd.sock < data/spam/001
  ok 1
  	Checking subj
  ok 2
  	Checking flag
  ok 3
  	../spamc/spamc -F data/spamc_blank.cf -d 127.0.0.1 -p 47322 < data/spam/gtube.eml
  ok 4
  	Checking gtube
  ok 5
  	../spamc/spamc -F data/spamc_blank.cf -d 127.0.0.1 -p 47322 -U /tmp/satest.14554.6732.79956849544/spamd.sock < data/spam/001
  ok 6
  	Checking subj
  ok 7
  	Checking flag
  ok 8
  	../spamc/spamc -F data/spamc_blank.cf -d 127.0.0.1 -p 47322 < data/spam/gtube.eml
  ok 9
  	Checking gtube
  ok 10
  Killed 1 spamd instances
  Waiting for spamd at pid 14558 to exit...
  ]]>
  </system-out><system-err />
  </testsuite>
  <testsuite failures="0"
             errors="0"
             tests="28"
             time="0"
             name="make_test.t_spamd_user_rules_leak_t"
             id="91">
    <testcase time="0"
              name="test      1"
              classname="make_test.t_spamd_user_rules_leak_t" />

    <testcase time="0"
              name="test      2"
              classname="make_test.t_spamd_user_rules_leak_t" />
    <testcase time="0"
              name="test      3"
              classname="make_test.t_spamd_user_rules_leak_t" />
    <testcase time="0"
              name="test      4"
              classname="make_test.t_spamd_user_rules_leak_t" />
    <testcase time="0"
              name="test      5"
              classname="make_test.t_spamd_user_rules_leak_t" />
    <testcase time="0"
              name="test      6"
              classname="make_test.t_spamd_user_rules_leak_t" />
    <testcase time="0"
              name="test      7"
              classname="make_test.t_spamd_user_rules_leak_t" />
    <testcase time="0"
              name="test      8"
              classname="make_test.t_spamd_user_rules_leak_t" />
    <testcase time="0"
              name="test      9"
              classname="make_test.t_spamd_user_rules_leak_t" />
    <testcase time="0"
              name="test     10"
              classname="make_test.t_spamd_user_rules_leak_t" />

    <testcase time="0"
              name="test     11"
              classname="make_test.t_spamd_user_rules_leak_t" />
    <testcase time="0"
              name="test     12"
              classname="make_test.t_spamd_user_rules_leak_t" />
    <testcase time="0"
              name="test     13"
              classname="make_test.t_spamd_user_rules_leak_t" />
    <testcase time="0"
              name="test     14"
              classname="make_test.t_spamd_user_rules_leak_t" />
    <testcase time="0"
              name="test     15"
              classname="make_test.t_spamd_user_rules_leak_t" />
    <testcase time="0"
              name="test     16"
              classname="make_test.t_spamd_user_rules_leak_t" />
    <testcase time="0"
              name="test     17"
              classname="make_test.t_spamd_user_rules_leak_t" />
    <testcase time="0"
              name="test     18"
              classname="make_test.t_spamd_user_rules_leak_t" />
    <testcase time="0"
              name="test     19"
              classname="make_test.t_spamd_user_rules_leak_t" />

    <testcase time="0"
              name="test     20"
              classname="make_test.t_spamd_user_rules_leak_t" />
    <testcase time="0"
              name="test     21"
              classname="make_test.t_spamd_user_rules_leak_t" />
    <testcase time="0"
              name="test     22"
              classname="make_test.t_spamd_user_rules_leak_t" />
    <testcase time="0"
              name="test     23"
              classname="make_test.t_spamd_user_rules_leak_t" />
    <testcase time="0"
              name="test     24"
              classname="make_test.t_spamd_user_rules_leak_t" />
    <testcase time="0"
              name="test     25"
              classname="make_test.t_spamd_user_rules_leak_t" />
    <testcase time="0"
              name="test     26"
              classname="make_test.t_spamd_user_rules_leak_t" />
    <testcase time="0"
              name="test     27"
              classname="make_test.t_spamd_user_rules_leak_t" />
    <testcase time="0"
              name="test     28"
              classname="make_test.t_spamd_user_rules_leak_t" /><system-out>

  <![CDATA[1..28
  # Running under perl version 5.008006 for solaris
  # Current time local: Thu Mar 27 09:25:26 2008
  # Current time GMT:   Thu Mar 27 09:25:26 2008
  # Using Test.pm version 1.25
  	/export/home/jm/tools/perl586/bin/perl SATest.pl -Mredirect -Olog/d.spamd_user_rules_leak/spamd.err.1 -olog/d.spamd_user_rules_leak/spamd.out.1 -- /export/home/jm/tools/perl586/bin/perl -T -w ../spamd/spamd.raw -D -x -s stderr -C log/test_rules_copy  --siteconfigpath log/localrules.tmp -p 47340 -A 127.0.0.1 -i 127.0.0.1 --virtual-config-dir=log/virtualconfig/%u -L -u hudson -m1 -s log/d.spamd_user_rules_leak/spamd.err.1.timestamped &
  ok 1
  	../spamc/spamc -F data/spamc_blank.cf -d 127.0.0.1 -p 47340 -u testuser1 < data/spam/009
  ok 2
  	Checking MYBODY
  ok 3
  	Checking MYFOO
  ok 4
  	Checking MYFULL
  ok 5
  	Checking MYRAWBODY
  ok 6
  	Checking for anti-pattern redefined_errors_in_spamd_log
  ok 7
  	../spamc/spamc -F data/spamc_blank.cf -d 127.0.0.1 -p 47340 -u testuser2 < data/spam/009
  ok 8
  	Checking TEST_NOREALNAME
  ok 9
  	Checking for anti-pattern MYBODY
  ok 10
  	Checking for anti-pattern MYFOO
  ok 11
  	Checking for anti-pattern MYFULL
  ok 12
  	Checking for anti-pattern MYRAWBODY
  ok 13
  	Checking for anti-pattern MYBODY
  ok 14
  	Checking for anti-pattern MYFOO
  ok 15
  	Checking for anti-pattern MYFULL
  ok 16
  	Checking for anti-pattern MYRAWBODY
  ok 17
  	../spamc/spamc -F data/spamc_blank.cf -d 127.0.0.1 -p 47340 -u testuser3 < data/spam/009
  ok 18
  Killed 1 spamd instances
  Waiting for spamd at pid 14576 to exit...
  ok 19
  	Checking TEST_NOREALNAME
  ok 20
  	Checking for anti-pattern MYBODY
  ok 21
  	Checking for anti-pattern MYFOO
  ok 22
  	Checking for anti-pattern MYFULL
  ok 23
  	Checking for anti-pattern MYRAWBODY
  ok 24
  	Checking for anti-pattern MYBODY
  ok 25
  	Checking for anti-pattern MYFOO
  ok 26
  	Checking for anti-pattern MYFULL
  ok 27
  	Checking for anti-pattern MYRAWBODY
  ok 28
  ]]>
  </system-out><system-err />
  </testsuite>
  <testsuite failures="0"
             errors="0"
             tests="98"
             time="0"
             name="make_test.t_strip2_t"
             id="92">
    <testcase time="0"
              name="test      1"
              classname="make_test.t_strip2_t" />
    <testcase time="0"
              name="test      2"
              classname="make_test.t_strip2_t" />
    <testcase time="0"
              name="test      3"
              classname="make_test.t_strip2_t" />
    <testcase time="0"
              name="test      4"
              classname="make_test.t_strip2_t" />
    <testcase time="0"
              name="test      5"
              classname="make_test.t_strip2_t" />

    <testcase time="0"
              name="test      6"
              classname="make_test.t_strip2_t" />
    <testcase time="0"
              name="test      7"
              classname="make_test.t_strip2_t" />
    <testcase time="0"
              name="test      8"
              classname="make_test.t_strip2_t" />
    <testcase time="0"
              name="test      9"
              classname="make_test.t_strip2_t" />
    <testcase time="0"
              name="test     10"
              classname="make_test.t_strip2_t" />
    <testcase time="0"
              name="test     11"
              classname="make_test.t_strip2_t" />
    <testcase time="0"
              name="test     12"
              classname="make_test.t_strip2_t" />
    <testcase time="0"
              name="test     13"
              classname="make_test.t_strip2_t" />
    <testcase time="0"
              name="test     14"
              classname="make_test.t_strip2_t" />

    <testcase time="0"
              name="test     15"
              classname="make_test.t_strip2_t" />
    <testcase time="0"
              name="test     16"
              classname="make_test.t_strip2_t" />
    <testcase time="0"
              name="test     17"
              classname="make_test.t_strip2_t" />
    <testcase time="0"
              name="test     18"
              classname="make_test.t_strip2_t" />
    <testcase time="0"
              name="test     19"
              classname="make_test.t_strip2_t" />
    <testcase time="0"
              name="test     20"
              classname="make_test.t_strip2_t" />
    <testcase time="0"
              name="test     21"
              classname="make_test.t_strip2_t" />
    <testcase time="0"
              name="test     22"
              classname="make_test.t_strip2_t" />
    <testcase time="0"
              name="test     23"
              classname="make_test.t_strip2_t" />

    <testcase time="0"
              name="test     24"
              classname="make_test.t_strip2_t" />
    <testcase time="0"
              name="test     25"
              classname="make_test.t_strip2_t" />
    <testcase time="0"
              name="test     26"
              classname="make_test.t_strip2_t" />
    <testcase time="0"
              name="test     27"
              classname="make_test.t_strip2_t" />
    <testcase time="0"
              name="test     28"
              classname="make_test.t_strip2_t" />
    <testcase time="0"
              name="test     29"
              classname="make_test.t_strip2_t" />
    <testcase time="0"
              name="test     30"
              classname="make_test.t_strip2_t" />
    <testcase time="0"
              name="test     31"
              classname="make_test.t_strip2_t" />
    <testcase time="0"
              name="test     32"
              classname="make_test.t_strip2_t" />

    <testcase time="0"
              name="test     33"
              classname="make_test.t_strip2_t" />
    <testcase time="0"
              name="test     34"
              classname="make_test.t_strip2_t" />
    <testcase time="0"
              name="test     35"
              classname="make_test.t_strip2_t" />
    <testcase time="0"
              name="test     36"
              classname="make_test.t_strip2_t" />
    <testcase time="0"
              name="test     37"
              classname="make_test.t_strip2_t" />
    <testcase time="0"
              name="test     38"
              classname="make_test.t_strip2_t" />
    <testcase time="0"
              name="test     39"
              classname="make_test.t_strip2_t" />
    <testcase time="0"
              name="test     40"
              classname="make_test.t_strip2_t" />
    <testcase time="0"
              name="test     41"
              classname="make_test.t_strip2_t" />

    <testcase time="0"
              name="test     42"
              classname="make_test.t_strip2_t" />
    <testcase time="0"
              name="test     43"
              classname="make_test.t_strip2_t" />
    <testcase time="0"
              name="test     44"
              classname="make_test.t_strip2_t" />
    <testcase time="0"
              name="test     45"
              classname="make_test.t_strip2_t" />
    <testcase time="0"
              name="test     46"
              classname="make_test.t_strip2_t" />
    <testcase time="0"
              name="test     47"
              classname="make_test.t_strip2_t" />
    <testcase time="0"
              name="test     48"
              classname="make_test.t_strip2_t" />
    <testcase time="0"
              name="test     49"
              classname="make_test.t_strip2_t" />
    <testcase time="0"
              name="test     50"
              classname="make_test.t_strip2_t" />

    <testcase time="0"
              name="test     51"
              classname="make_test.t_strip2_t" />
    <testcase time="0"
              name="test     52"
              classname="make_test.t_strip2_t" />
    <testcase time="0"
              name="test     53"
              classname="make_test.t_strip2_t" />
    <testcase time="0"
              name="test     54"
              classname="make_test.t_strip2_t" />
    <testcase time="0"
              name="test     55"
              classname="make_test.t_strip2_t" />
    <testcase time="0"
              name="test     56"
              classname="make_test.t_strip2_t" />
    <testcase time="0"
              name="test     57"
              classname="make_test.t_strip2_t" />
    <testcase time="0"
              name="test     58"
              classname="make_test.t_strip2_t" />
    <testcase time="0"
              name="test     59"
              classname="make_test.t_strip2_t" />

    <testcase time="0"
              name="test     60"
              classname="make_test.t_strip2_t" />
    <testcase time="0"
              name="test     61"
              classname="make_test.t_strip2_t" />
    <testcase time="0"
              name="test     62"
              classname="make_test.t_strip2_t" />
    <testcase time="0"
              name="test     63"
              classname="make_test.t_strip2_t" />
    <testcase time="0"
              name="test     64"
              classname="make_test.t_strip2_t" />
    <testcase time="0"
              name="test     65"
              classname="make_test.t_strip2_t" />
    <testcase time="0"
              name="test     66"
              classname="make_test.t_strip2_t" />
    <testcase time="0"
              name="test     67"
              classname="make_test.t_strip2_t" />
    <testcase time="0"
              name="test     68"
              classname="make_test.t_strip2_t" />

    <testcase time="0"
              name="test     69"
              classname="make_test.t_strip2_t" />
    <testcase time="0"
              name="test     70"
              classname="make_test.t_strip2_t" />
    <testcase time="0"
              name="test     71"
              classname="make_test.t_strip2_t" />
    <testcase time="0"
              name="test     72"
              classname="make_test.t_strip2_t" />
    <testcase time="0"
              name="test     73"
              classname="make_test.t_strip2_t" />
    <testcase time="0"
              name="test     74"
              classname="make_test.t_strip2_t" />
    <testcase time="0"
              name="test     75"
              classname="make_test.t_strip2_t" />
    <testcase time="0"
              name="test     76"
              classname="make_test.t_strip2_t" />
    <testcase time="0"
              name="test     77"
              classname="make_test.t_strip2_t" />

    <testcase time="0"
              name="test     78"
              classname="make_test.t_strip2_t" />
    <testcase time="0"
              name="test     79"
              classname="make_test.t_strip2_t" />
    <testcase time="0"
              name="test     80"
              classname="make_test.t_strip2_t" />
    <testcase time="0"
              name="test     81"
              classname="make_test.t_strip2_t" />
    <testcase time="0"
              name="test     82"
              classname="make_test.t_strip2_t" />
    <testcase time="0"
              name="test     83"
              classname="make_test.t_strip2_t" />
    <testcase time="0"
              name="test     84"
              classname="make_test.t_strip2_t" />
    <testcase time="0"
              name="test     85"
              classname="make_test.t_strip2_t" />
    <testcase time="0"
              name="test     86"
              classname="make_test.t_strip2_t" />

    <testcase time="0"
              name="test     87"
              classname="make_test.t_strip2_t" />
    <testcase time="0"
              name="test     88"
              classname="make_test.t_strip2_t" />
    <testcase time="0"
              name="test     89"
              classname="make_test.t_strip2_t" />
    <testcase time="0"
              name="test     90"
              classname="make_test.t_strip2_t" />
    <testcase time="0"
              name="test     91"
              classname="make_test.t_strip2_t" />
    <testcase time="0"
              name="test     92"
              classname="make_test.t_strip2_t" />
    <testcase time="0"
              name="test     93"
              classname="make_test.t_strip2_t" />
    <testcase time="0"
              name="test     94"
              classname="make_test.t_strip2_t" />
    <testcase time="0"
              name="test     95"
              classname="make_test.t_strip2_t" />

    <testcase time="0"
              name="test     96"
              classname="make_test.t_strip2_t" />
    <testcase time="0"
              name="test     97"
              classname="make_test.t_strip2_t" />
    <testcase time="0"
              name="test     98"
              classname="make_test.t_strip2_t" /><system-out>
  <![CDATA[1..0
  # Running under perl version 5.008006 for solaris
  # Current time local: Thu Mar 27 09:25:34 2008
  # Current time GMT:   Thu Mar 27 09:25:34 2008
  # Using Test.pm version 1.25
  skipped: (no reason given)
  t/spf.............................
  1..0
  # Running under perl version 5.008006 for solaris
  # Current time local: Thu Mar 27 09:25:34 2008
  # Current time GMT:   Thu Mar 27 09:25:34 2008
  # Using Test.pm version 1.25
  skipped: (no reason given)
  t/sql_based_whitelist.............
  1..0
  # Running under perl version 5.008006 for solaris
  # Current time local: Thu Mar 27 09:25:34 2008
  # Current time GMT:   Thu Mar 27 09:25:34 2008
  # Using Test.pm version 1.25
  skipped: (no reason given)
  t/strip2..........................
  1..98
  # Running under perl version 5.008006 for solaris
  # Current time local: Thu Mar 27 09:25:34 2008
  # Current time GMT:   Thu Mar 27 09:25:34 2008
  # Using Test.pm version 1.25
  	/export/home/jm/tools/perl586/bin/perl -T -w ../spamassassin.raw -C log/test_rules_copy  --siteconfigpath log/localrules.tmp -p log/tst.cf  -L < data/nice/crlf-endings
  ok 1
  ok 2
  output: log/d.strip2/1
  	/export/home/jm/tools/perl586/bin/perl -T -w ../spamassassin.raw -C log/test_rules_copy  --siteconfigpath log/localrules.tmp -p log/tst.cf  -d < log/d.strip2/1
  ok 3
  ok 4
  ok 5
  	/export/home/jm/tools/perl586/bin/perl -T -w ../spamassassin.raw -C log/test_rules_copy  --siteconfigpath log/localrules.tmp -p log/tst.cf  -L -t < data/nice/crlf-endings
  ok 6
  ok 7
  output: log/d.strip2/6
  	/export/home/jm/tools/perl586/bin/perl -T -w ../spamassassin.raw -C log/test_rules_copy  --siteconfigpath log/localrules.tmp -p log/tst.cf  -d < log/d.strip2/6
  ok 8
  ok 9
  ok 10
  	/export/home/jm/tools/perl586/bin/perl -T -w ../spamassassin.raw -C log/test_rules_copy  --siteconfigpath log/localrules.tmp -p log/tst.cf  -L < data/nice/no_body
  ok 11
  ok 12
  output: log/d.strip2/11
  	/export/home/jm/tools/perl586/bin/perl -T -w ../spamassassin.raw -C log/test_rules_copy  --siteconfigpath log/localrules.tmp -p log/tst.cf  -d < log/d.strip2/11
  ok 13
  ok 14
  ok 15
  	/export/home/jm/tools/perl586/bin/perl -T -w ../spamassassin.raw -C log/test_rules_copy  --siteconfigpath log/localrules.tmp -p log/tst.cf  -L -t < data/nice/no_body
  ok 16
  ok 17
  output: log/d.strip2/16
  	/export/home/jm/tools/perl586/bin/perl -T -w ../spamassassin.raw -C log/test_rules_copy  --siteconfigpath log/localrules.tmp -p log/tst.cf  -d < log/d.strip2/16
  ok 18
  ok 19
  ok 20
  	/export/home/jm/tools/perl586/bin/perl -T -w ../spamassassin.raw -C log/test_rules_copy  --siteconfigpath log/localrules.tmp -p log/tst.cf  -L < data/spam/002
  ok 21
  ok 22
  output: log/d.strip2/21
  	/export/home/jm/tools/perl586/bin/perl -T -w ../spamassassin.raw -C log/test_rules_copy  --siteconfigpath log/localrules.tmp -p log/tst.cf  -d < log/d.strip2/21
  ok 23
  ok 24
  ok 25
  	/export/home/jm/tools/perl586/bin/perl -T -w ../spamassassin.raw -C log/test_rules_copy  --siteconfigpath log/localrules.tmp -p log/tst.cf  -L -t < data/spam/002
  ok 26
  ok 27
  output: log/d.strip2/26
  	/export/home/jm/tools/perl586/bin/perl -T -w ../spamassassin.raw -C log/test_rules_copy  --siteconfigpath log/localrules.tmp -p log/tst.cf  -d < log/d.strip2/26
  ok 28
  ok 29
  ok 30
  	/export/home/jm/tools/perl586/bin/perl -T -w ../spamassassin.raw -C log/test_rules_copy  --siteconfigpath log/localrules.tmp -p log/tst.cf  -L < data/spam/004
  ok 31
  ok 32
  output: log/d.strip2/31
  	/export/home/jm/tools/perl586/bin/perl -T -w ../spamassassin.raw -C log/test_rules_copy  --siteconfigpath log/localrules.tmp -p log/tst.cf  -d < log/d.strip2/31
  ok 33
  ok 34
  ok 35
  	/export/home/jm/tools/perl586/bin/perl -T -w ../spamassassin.raw -C log/test_rules_copy  --siteconfigpath log/localrules.tmp -p log/tst.cf  -L -t < data/spam/004
  ok 36
  ok 37
  output: log/d.strip2/36
  	/export/home/jm/tools/perl586/bin/perl -T -w ../spamassassin.raw -C log/test_rules_copy  --siteconfigpath log/localrules.tmp -p log/tst.cf  -d < log/d.strip2/36
  ok 38
  ok 39
  ok 40
  	/export/home/jm/tools/perl586/bin/perl -T -w ../spamassassin.raw -C log/test_rules_copy  --siteconfigpath log/localrules.tmp -p log/tst.cf  -L < data/spam/011
  ok 41
  ok 42
  output: log/d.strip2/41
  	/export/home/jm/tools/perl586/bin/perl -T -w ../spamassassin.raw -C log/test_rules_copy  --siteconfigpath log/localrules.tmp -p log/tst.cf  -d < log/d.strip2/41
  ok 43
  ok 44
  ok 45
  	/export/home/jm/tools/perl586/bin/perl -T -w ../spamassassin.raw -C log/test_rules_copy  --siteconfigpath log/localrules.tmp -p log/tst.cf  -L -t < data/spam/011
  ok 46
  ok 47
  output: log/d.strip2/46
  	/export/home/jm/tools/perl586/bin/perl -T -w ../spamassassin.raw -C log/test_rules_copy  --siteconfigpath log/localrules.tmp -p log/tst.cf  -d < log/d.strip2/46
  ok 48
  ok 49
  ok 50
  	/export/home/jm/tools/perl586/bin/perl -T -w ../spamassassin.raw -C log/test_rules_copy  --siteconfigpath log/localrules.tmp -p log/tst.cf  -L < data/spam/badmime2.txt
  ok 51
  ok 52
  output: log/d.strip2/51
  	/export/home/jm/tools/perl586/bin/perl -T -w ../spamassassin.raw -C log/test_rules_copy  --siteconfigpath log/localrules.tmp -p log/tst.cf  -d < log/d.strip2/51
  ok 53
  ok 54
  ok 55
  	/export/home/jm/tools/perl586/bin/perl -T -w ../spamassassin.raw -C log/test_rules_copy  --siteconfigpath log/localrules.tmp -p log/tst.cf  -L -t < data/spam/badmime2.txt
  ok 56
  ok 57
  output: log/d.strip2/56
  	/export/home/jm/tools/perl586/bin/perl -T -w ../spamassassin.raw -C log/test_rules_copy  --siteconfigpath log/localrules.tmp -p log/tst.cf  -d < log/d.strip2/56
  ok 58
  ok 59
  ok 60
  	/export/home/jm/tools/perl586/bin/perl -T -w ../spamassassin.raw -C log/test_rules_copy  --siteconfigpath log/localrules.tmp -p log/tst.cf  -L < data/spam/015
  ok 61
  ok 62
  output: log/d.strip2/61
  	/export/home/jm/tools/perl586/bin/perl -T -w ../spamassassin.raw -C log/test_rules_copy  --siteconfigpath log/localrules.tmp -p log/tst.cf  -d < log/d.strip2/61
  ok 63
  ok 64
  ok 65
  	/export/home/jm/tools/perl586/bin/perl -T -w ../spamassassin.raw -C log/test_rules_copy  --siteconfigpath log/localrules.tmp -p log/tst.cf  -L -t < data/spam/015
  ok 66
  ok 67
  output: log/d.strip2/66
  	/export/home/jm/tools/perl586/bin/perl -T -w ../spamassassin.raw -C log/test_rules_copy  --siteconfigpath log/localrules.tmp -p log/tst.cf  -d < log/d.strip2/66
  ok 68
  ok 69
  ok 70
  	/export/home/jm/tools/perl586/bin/perl -T -w ../spamassassin.raw -C log/test_rules_copy  --siteconfigpath log/localrules.tmp -p log/tst.cf  -L < data/spam/016
  ok 71
  ok 72
  output: log/d.strip2/71
  	/export/home/jm/tools/perl586/bin/perl -T -w ../spamassassin.raw -C log/test_rules_copy  --siteconfigpath log/localrules.tmp -p log/tst.cf  -d < log/d.strip2/71
  ok 73
  ok 74
  ok 75
  	/export/home/jm/tools/perl586/bin/perl -T -w ../spamassassin.raw -C log/test_rules_copy  --siteconfigpath log/localrules.tmp -p log/tst.cf  -L -t < data/spam/016
  ok 76
  ok 77
  output: log/d.strip2/76
  	/export/home/jm/tools/perl586/bin/perl -T -w ../spamassassin.raw -C log/test_rules_copy  --siteconfigpath log/localrules.tmp -p log/tst.cf  -d < log/d.strip2/76
  ok 78
  ok 79
  ok 80
  	/export/home/jm/tools/perl586/bin/perl -T -w ../spamassassin.raw -C log/test_rules_copy  --siteconfigpath log/localrules.tmp -p log/tst.cf  -L < data/spam/017
  ok 81
  ok 82
  output: log/d.strip2/81
  	/export/home/jm/tools/perl586/bin/perl -T -w ../spamassassin.raw -C log/test_rules_copy  --siteconfigpath log/localrules.tmp -p log/tst.cf  -d < log/d.strip2/81
  ok 83
  ok 84
  ok 85
  	/export/home/jm/tools/perl586/bin/perl -T -w ../spamassassin.raw -C log/test_rules_copy  --siteconfigpath log/localrules.tmp -p log/tst.cf  -L -t < data/spam/017
  ok 86
  ok 87
  output: log/d.strip2/86
  	/export/home/jm/tools/perl586/bin/perl -T -w ../spamassassin.raw -C log/test_rules_copy  --siteconfigpath log/localrules.tmp -p log/tst.cf  -d < log/d.strip2/86
  ok 88
  ok 89
  ok 90
  	/export/home/jm/tools/perl586/bin/perl -T -w ../spamassassin.raw -C log/test_rules_copy  --siteconfigpath log/localrules.tmp -p log/tst.cf  -L < data/nice/crlf-endings
  ok 91
  ok 92
  output: log/d.strip2/91
  	/export/home/jm/tools/perl586/bin/perl -T -w ../spamassassin.raw -C log/test_rules_copy  --siteconfigpath log/localrules.tmp -p log/tst.cf  -d < log/d.strip2/91
  ok 93
  ok 94
  ok 95
  	/export/home/jm/tools/perl586/bin/perl -T -w ../spamassassin.raw -C log/test_rules_copy  --siteconfigpath log/localrules.tmp -p log/tst.cf  -d < data/nice/crlf-endings
  ok 96
  ok 97
  ok 98
  ]]>
  </system-out><system-err />
  </testsuite>
  <testsuite failures="0"
             errors="0"
             tests="4"
             time="0"
             name="make_test.t_strip_no_subject_t"
             id="93">
    <testcase time="0"
              name="test      1"
              classname="make_test.t_strip_no_subject_t" />
    <testcase time="0"
              name="test      2"
              classname="make_test.t_strip_no_subject_t" />

    <testcase time="0"
              name="test      3"
              classname="make_test.t_strip_no_subject_t" />
    <testcase time="0"
              name="test      4"
              classname="make_test.t_strip_no_subject_t" /><system-out>
  <![CDATA[1..4
  # Running under perl version 5.008006 for solaris
  # Current time local: Thu Mar 27 09:26:28 2008
  # Current time GMT:   Thu Mar 27 09:26:28 2008
  # Using Test.pm version 1.25
  	/export/home/jm/tools/perl586/bin/perl -T -w ../spamassassin.raw -C log/test_rules_copy  --siteconfigpath log/localrules.tmp -p log/tst.cf  -L -t < data/spam/014
  	/export/home/jm/tools/perl586/bin/perl -T -w ../spamassassin.raw -C log/test_rules_copy  --siteconfigpath log/localrules.tmp -p log/tst.cf  -d < log/strip_no_subject.munged
  ok 1
  	/export/home/jm/tools/perl586/bin/perl -T -w ../spamassassin.raw -C log/test_rules_copy  --siteconfigpath log/localrules.tmp -p log/tst.cf  -L < data/spam/014
  	/export/home/jm/tools/perl586/bin/perl -T -w ../spamassassin.raw -C log/test_rules_copy  --siteconfigpath log/localrules.tmp -p log/tst.cf  -d < log/strip_no_subject.munged
  ok 2
  	/export/home/jm/tools/perl586/bin/perl -T -w ../spamassassin.raw -C log/test_rules_copy  --siteconfigpath log/localrules.tmp -p log/tst.cf  -L < data/spam/014
  	/export/home/jm/tools/perl586/bin/perl -T -w ../spamassassin.raw -C log/test_rules_copy  --siteconfigpath log/localrules.tmp -p log/tst.cf  -d < log/strip_no_subject.munged
  ok 3
  	/export/home/jm/tools/perl586/bin/perl -T -w ../spamassassin.raw -C log/test_rules_copy  --siteconfigpath log/localrules.tmp -p log/tst.cf  -d < data/spam/014
  ok 4
  ]]>
  </system-out><system-err />
  </testsuite>
  <testsuite failures="0"
             errors="0"
             tests="4"
             time="0"
             name="make_test.t_stripmarkup_t"
             id="94">
    <testcase time="0"
              name="test      1"
              classname="make_test.t_stripmarkup_t" />
    <testcase time="0"
              name="test      2"
              classname="make_test.t_stripmarkup_t" />
    <testcase time="0"
              name="test      3"
              classname="make_test.t_stripmarkup_t" />

    <testcase time="0"
              name="test      4"
              classname="make_test.t_stripmarkup_t" /><system-out>
  <![CDATA[1..4
  # Running under perl version 5.008006 for solaris
  # Current time local: Thu Mar 27 09:26:37 2008
  # Current time GMT:   Thu Mar 27 09:26:37 2008
  # Using Test.pm version 1.25
  	/export/home/jm/tools/perl586/bin/perl -T -w ../spamassassin.raw -C log/test_rules_copy  --siteconfigpath log/localrules.tmp -p log/tst.cf  -d < data/spam/003
  ok 1
  	Checking startofbody
  ok 2
  	Checking contenttype
  ok 3
  	Checking subj
  ok 4
  ]]>
  </system-out><system-err />
  </testsuite>
  <testsuite failures="0"
             errors="0"
             tests="9"
             time="0"
             name="make_test.t_tainted_msg_t"
             id="95">
    <testcase time="0"
              name="test      1"
              classname="make_test.t_tainted_msg_t" />
    <testcase time="0"
              name="test      2"
              classname="make_test.t_tainted_msg_t" />
    <testcase time="0"
              name="test      3"
              classname="make_test.t_tainted_msg_t" />
    <testcase time="0"
              name="test      4"
              classname="make_test.t_tainted_msg_t" />

    <testcase time="0"
              name="test      5"
              classname="make_test.t_tainted_msg_t" />
    <testcase time="0"
              name="test      6"
              classname="make_test.t_tainted_msg_t" />
    <testcase time="0"
              name="test      7"
              classname="make_test.t_tainted_msg_t" />
    <testcase time="0"
              name="test      8"
              classname="make_test.t_tainted_msg_t" />
    <testcase time="0"
              name="test      9"
              classname="make_test.t_tainted_msg_t" /><system-out>
  <![CDATA[1..9
  # Running under perl version 5.008006 for solaris
  # Current time local: Thu Mar 27 09:26:38 2008
  # Current time GMT:   Thu Mar 27 09:26:38 2008
  # Using Test.pm version 1.25
  	/export/home/jm/tools/perl586/bin/perl -T -w ../spamassassin.raw -C log/test_rules_copy  --siteconfigpath log/localrules.tmp -p log/test_default.cf  -L -t < data/spam/gtube.eml
  ok 1
  	Checking  tainted get_body found
  ok 2
  	Checking  tainted get_decoded_body_text_array found
  ok 3
  	Checking  tainted get_header found
  ok 4
  	Checking  tainted get_pristine found
  ok 5
  	Checking  tainted get_pristine_body found
  ok 6
  	Checking  tainted get_pristine_header found
  ok 7
  	Checking  tainted get_rendered_body_text_array found
  ok 8
  	Checking  tainted get_visible_rendered_body_text_array found
  ok 9
  ]]>
  </system-out><system-err />
  </testsuite>
  <testsuite failures="0"
             errors="0"
             tests="2"
             time="0"
             name="make_test.t_text_bad_ctype_t"
             id="96">

    <testcase time="0"
              name="test      1"
              classname="make_test.t_text_bad_ctype_t" />
    <testcase time="0"
              name="test      2"
              classname="make_test.t_text_bad_ctype_t" /><system-out>
  <![CDATA[1..2
  # Running under perl version 5.008006 for solaris
  # Current time local: Thu Mar 27 09:26:41 2008
  # Current time GMT:   Thu Mar 27 09:26:41 2008
  # Using Test.pm version 1.25
  	/export/home/jm/tools/perl586/bin/perl -T -w ../spamassassin.raw -C log/test_rules_copy  --siteconfigpath log/localrules.tmp -p log/test_default.cf  -L -t < data/spam/badctype1
  	Checking NATURAL
  ok 1
  	/export/home/jm/tools/perl586/bin/perl -T -w ../spamassassin.raw -C log/test_rules_copy  --siteconfigpath log/localrules.tmp -p log/test_default.cf  -L -t < data/spam/badctype2
  	Checking for anti-pattern NATURAL
  ok 2
  ]]>
  </system-out><system-err />
  </testsuite>
  <testsuite failures="0"
             errors="0"
             tests="96"
             time="0"
             name="make_test.t_trust_path_t"
             id="97">
    <testcase time="0"
              name="test      1"
              classname="make_test.t_trust_path_t" />
    <testcase time="0"
              name="test      2"
              classname="make_test.t_trust_path_t" />
    <testcase time="0"
              name="test      3"
              classname="make_test.t_trust_path_t" />

    <testcase time="0"
              name="test      4"
              classname="make_test.t_trust_path_t" />
    <testcase time="0"
              name="test      5"
              classname="make_test.t_trust_path_t" />
    <testcase time="0"
              name="test      6"
              classname="make_test.t_trust_path_t" />
    <testcase time="0"
              name="test      7"
              classname="make_test.t_trust_path_t" />
    <testcase time="0"
              name="test      8"
              classname="make_test.t_trust_path_t" />
    <testcase time="0"
              name="test      9"
              classname="make_test.t_trust_path_t" />
    <testcase time="0"
              name="test     10"
              classname="make_test.t_trust_path_t" />
    <testcase time="0"
              name="test     11"
              classname="make_test.t_trust_path_t" />
    <testcase time="0"
              name="test     12"
              classname="make_test.t_trust_path_t" />

    <testcase time="0"
              name="test     13"
              classname="make_test.t_trust_path_t" />
    <testcase time="0"
              name="test     14"
              classname="make_test.t_trust_path_t" />
    <testcase time="0"
              name="test     15"
              classname="make_test.t_trust_path_t" />
    <testcase time="0"
              name="test     16"
              classname="make_test.t_trust_path_t" />
    <testcase time="0"
              name="test     17"
              classname="make_test.t_trust_path_t" />
    <testcase time="0"
              name="test     18"
              classname="make_test.t_trust_path_t" />
    <testcase time="0"
              name="test     19"
              classname="make_test.t_trust_path_t" />
    <testcase time="0"
              name="test     20"
              classname="make_test.t_trust_path_t" />
    <testcase time="0"
              name="test     21"
              classname="make_test.t_trust_path_t" />

    <testcase time="0"
              name="test     22"
              classname="make_test.t_trust_path_t" />
    <testcase time="0"
              name="test     23"
              classname="make_test.t_trust_path_t" />
    <testcase time="0"
              name="test     24"
              classname="make_test.t_trust_path_t" />
    <testcase time="0"
              name="test     25"
              classname="make_test.t_trust_path_t" />
    <testcase time="0"
              name="test     26"
              classname="make_test.t_trust_path_t" />
    <testcase time="0"
              name="test     27"
              classname="make_test.t_trust_path_t" />
    <testcase time="0"
              name="test     28"
              classname="make_test.t_trust_path_t" />
    <testcase time="0"
              name="test     29"
              classname="make_test.t_trust_path_t" />
    <testcase time="0"
              name="test     30"
              classname="make_test.t_trust_path_t" />

    <testcase time="0"
              name="test     31"
              classname="make_test.t_trust_path_t" />
    <testcase time="0"
              name="test     32"
              classname="make_test.t_trust_path_t" />
    <testcase time="0"
              name="test     33"
              classname="make_test.t_trust_path_t" />
    <testcase time="0"
              name="test     34"
              classname="make_test.t_trust_path_t" />
    <testcase time="0"
              name="test     35"
              classname="make_test.t_trust_path_t" />
    <testcase time="0"
              name="test     36"
              classname="make_test.t_trust_path_t" />
    <testcase time="0"
              name="test     37"
              classname="make_test.t_trust_path_t" />
    <testcase time="0"
              name="test     38"
              classname="make_test.t_trust_path_t" />
    <testcase time="0"
              name="test     39"
              classname="make_test.t_trust_path_t" />

    <testcase time="0"
              name="test     40"
              classname="make_test.t_trust_path_t" />
    <testcase time="0"
              name="test     41"
              classname="make_test.t_trust_path_t" />
    <testcase time="0"
              name="test     42"
              classname="make_test.t_trust_path_t" />
    <testcase time="0"
              name="test     43"
              classname="make_test.t_trust_path_t" />
    <testcase time="0"
              name="test     44"
              classname="make_test.t_trust_path_t" />
    <testcase time="0"
              name="test     45"
              classname="make_test.t_trust_path_t" />
    <testcase time="0"
              name="test     46"
              classname="make_test.t_trust_path_t" />
    <testcase time="0"
              name="test     47"
              classname="make_test.t_trust_path_t" />
    <testcase time="0"
              name="test     48"
              classname="make_test.t_trust_path_t" />

    <testcase time="0"
              name="test     49"
              classname="make_test.t_trust_path_t" />
    <testcase time="0"
              name="test     50"
              classname="make_test.t_trust_path_t" />
    <testcase time="0"
              name="test     51"
              classname="make_test.t_trust_path_t" />
    <testcase time="0"
              name="test     52"
              classname="make_test.t_trust_path_t" />
    <testcase time="0"
              name="test     53"
              classname="make_test.t_trust_path_t" />
    <testcase time="0"
              name="test     54"
              classname="make_test.t_trust_path_t" />
    <testcase time="0"
              name="test     55"
              classname="make_test.t_trust_path_t" />
    <testcase time="0"
              name="test     56"
              classname="make_test.t_trust_path_t" />
    <testcase time="0"
              name="test     57"
              classname="make_test.t_trust_path_t" />

    <testcase time="0"
              name="test     58"
              classname="make_test.t_trust_path_t" />
    <testcase time="0"
              name="test     59"
              classname="make_test.t_trust_path_t" />
    <testcase time="0"
              name="test     60"
              classname="make_test.t_trust_path_t" />
    <testcase time="0"
              name="test     61"
              classname="make_test.t_trust_path_t" />
    <testcase time="0"
              name="test     62"
              classname="make_test.t_trust_path_t" />
    <testcase time="0"
              name="test     63"
              classname="make_test.t_trust_path_t" />
    <testcase time="0"
              name="test     64"
              classname="make_test.t_trust_path_t" />
    <testcase time="0"
              name="test     65"
              classname="make_test.t_trust_path_t" />
    <testcase time="0"
              name="test     66"
              classname="make_test.t_trust_path_t" />

    <testcase time="0"
              name="test     67"
              classname="make_test.t_trust_path_t" />
    <testcase time="0"
              name="test     68"
              classname="make_test.t_trust_path_t" />
    <testcase time="0"
              name="test     69"
              classname="make_test.t_trust_path_t" />
    <testcase time="0"
              name="test     70"
              classname="make_test.t_trust_path_t" />
    <testcase time="0"
              name="test     71"
              classname="make_test.t_trust_path_t" />
    <testcase time="0"
              name="test     72"
              classname="make_test.t_trust_path_t" />
    <testcase time="0"
              name="test     73"
              classname="make_test.t_trust_path_t" />
    <testcase time="0"
              name="test     74"
              classname="make_test.t_trust_path_t" />
    <testcase time="0"
              name="test     75"
              classname="make_test.t_trust_path_t" />

    <testcase time="0"
              name="test     76"
              classname="make_test.t_trust_path_t" />
    <testcase time="0"
              name="test     77"
              classname="make_test.t_trust_path_t" />
    <testcase time="0"
              name="test     78"
              classname="make_test.t_trust_path_t" />
    <testcase time="0"
              name="test     79"
              classname="make_test.t_trust_path_t" />
    <testcase time="0"
              name="test     80"
              classname="make_test.t_trust_path_t" />
    <testcase time="0"
              name="test     81"
              classname="make_test.t_trust_path_t" />
    <testcase time="0"
              name="test     82"
              classname="make_test.t_trust_path_t" />
    <testcase time="0"
              name="test     83"
              classname="make_test.t_trust_path_t" />
    <testcase time="0"
              name="test     84"
              classname="make_test.t_trust_path_t" />

    <testcase time="0"
              name="test     85"
              classname="make_test.t_trust_path_t" />
    <testcase time="0"
              name="test     86"
              classname="make_test.t_trust_path_t" />
    <testcase time="0"
              name="test     87"
              classname="make_test.t_trust_path_t" />
    <testcase time="0"
              name="test     88"
              classname="make_test.t_trust_path_t" />
    <testcase time="0"
              name="test     89"
              classname="make_test.t_trust_path_t" />
    <testcase time="0"
              name="test     90"
              classname="make_test.t_trust_path_t" />
    <testcase time="0"
              name="test     91"
              classname="make_test.t_trust_path_t" />
    <testcase time="0"
              name="test     92"
              classname="make_test.t_trust_path_t" />
    <testcase time="0"
              name="test     93"
              classname="make_test.t_trust_path_t" />

    <testcase time="0"
              name="test     94"
              classname="make_test.t_trust_path_t" />
    <testcase time="0"
              name="test     95"
              classname="make_test.t_trust_path_t" />
    <testcase time="0"
              name="test     96"
              classname="make_test.t_trust_path_t" /><system-out>
  <![CDATA[1..96
  # Running under perl version 5.008006 for solaris
  # Current time local: Thu Mar 27 09:26:44 2008
  # Current time GMT:   Thu Mar 27 09:26:44 2008
  # Using Test.pm version 1.25
  ok 1
  ok 2
  ok 3
  [netset warning expected here...]
  ok 4
  ok 5
  netset warn: netset: cannot include 127.0.0.0/8 as it has already been included
  ok 6
  [netset warning expected here...]
  ok 7
  ok 8
  netset warn: netset: cannot include 127.0.0.0/8 as it has already been included
  ok 9
  [netset warning expected here...]
  ok 10
  ok 11
  netset warn: netset: cannot exclude 127.0.0.0/8 as it has already been included
  netset warn: netset: cannot exclude 127.0.0.0/8 as it has already been included
  ok 12
  ok 13
  ok 14
  ok 15
  ok 16
  ok 17
  ok 18
  [netset warning expected here...]
  ok 19
  ok 20
  netset warn: netset: cannot exclude 1.2.0.0/16 as it has already been included
  ok 21
  ok 22
  ok 23
  ok 24
  ok 25
  ok 26
  ok 27
  ok 28
  ok 29
  ok 30
  ok 31
  ok 32
  ok 33
  ok 34
  ok 35
  ok 36
  ok 37
  [lint error expected here...]
  lint error: trusted_networks doesn't contain internal_networks entry '1.2.8/24'
  ok 38
  ok 39
  ok 40
  [lint error expected here...]
  lint error: trusted_networks doesn't contain internal_networks entry '1.1/16'
  ok 41
  ok 42
  ok 43
  [lint error expected here...]
  lint error: trusted_networks doesn't contain internal_networks entry '1.1.1.1'
  ok 44
  ok 45
  [netset warning expected here...]
  ok 46
  ok 47
  netset warn: netset: cannot exclude 1.1.1.2/32 as it has already been included
  ok 48
  ok 49
  ok 50
  ok 51
  ok 52
  ok 53
  ok 54
  ok 55
  ok 56
  ok 57
  ok 58
  ok 59
  ok 60
  ok 61
  [lint error expected here...]
  lint error: trusted_networks doesn't contain msa_networks entry '5.5.5.5'
  ok 62
  ok 63
  [netset warning expected here...]
  ok 64
  ok 65
  netset warn: netset: cannot exclude 1.0.0.0/8 as it has already been included
  ok 66
  ok 67
  ok 68
  ok 69
  ok 70
  ok 71
  ok 72
  ok 73
  ok 74
  ok 75
  ok 76
  ok 77
  ok 78
  [netset warning expected here...]
  ok 79
  ok 80
  netset warn: netset: cannot include 1.0.0.0/8 as it has already been excluded
  ok 81
  ok 82
  ok 83
  ok 84
  ok 85
  ok 86
  ok 87
  ok 88
  ok 89
  ok 90
  ok 91
  ok 92
  ok 93
  ok 94
  ok 95
  ok 96
  ]]>
  </system-out><system-err />
  </testsuite>
  <testsuite failures="0"
             errors="0"
             tests="91"
             time="0"
             name="make_test.t_uri_t"
             id="98">
    <testcase time="0"
              name="test      1"
              classname="make_test.t_uri_t" />
    <testcase time="0"
              name="test      2"
              classname="make_test.t_uri_t" />

    <testcase time="0"
              name="test      3"
              classname="make_test.t_uri_t" />
    <testcase time="0"
              name="test      4"
              classname="make_test.t_uri_t" />
    <testcase time="0"
              name="test      5"
              classname="make_test.t_uri_t" />
    <testcase time="0"
              name="test      6"
              classname="make_test.t_uri_t" />
    <testcase time="0"
              name="test      7"
              classname="make_test.t_uri_t" />
    <testcase time="0"
              name="test      8"
              classname="make_test.t_uri_t" />
    <testcase time="0"
              name="test      9"
              classname="make_test.t_uri_t" />
    <testcase time="0"
              name="test     10"
              classname="make_test.t_uri_t" />
    <testcase time="0"
              name="test     11"
              classname="make_test.t_uri_t" />

    <testcase time="0"
              name="test     12"
              classname="make_test.t_uri_t" />
    <testcase time="0"
              name="test     13"
              classname="make_test.t_uri_t" />
    <testcase time="0"
              name="test     14"
              classname="make_test.t_uri_t" />
    <testcase time="0"
              name="test     15"
              classname="make_test.t_uri_t" />
    <testcase time="0"
              name="test     16"
              classname="make_test.t_uri_t" />
    <testcase time="0"
              name="test     17"
              classname="make_test.t_uri_t" />
    <testcase time="0"
              name="test     18"
              classname="make_test.t_uri_t" />
    <testcase time="0"
              name="test     19"
              classname="make_test.t_uri_t" />
    <testcase time="0"
              name="test     20"
              classname="make_test.t_uri_t" />

    <testcase time="0"
              name="test     21"
              classname="make_test.t_uri_t" />
    <testcase time="0"
              name="test     22"
              classname="make_test.t_uri_t" />
    <testcase time="0"
              name="test     23"
              classname="make_test.t_uri_t" />
    <testcase time="0"
              name="test     24"
              classname="make_test.t_uri_t" />
    <testcase time="0"
              name="test     25"
              classname="make_test.t_uri_t" />
    <testcase time="0"
              name="test     26"
              classname="make_test.t_uri_t" />
    <testcase time="0"
              name="test     27"
              classname="make_test.t_uri_t" />
    <testcase time="0"
              name="test     28"
              classname="make_test.t_uri_t" />
    <testcase time="0"
              name="test     29"
              classname="make_test.t_uri_t" />

    <testcase time="0"
              name="test     30"
              classname="make_test.t_uri_t" />
    <testcase time="0"
              name="test     31"
              classname="make_test.t_uri_t" />
    <testcase time="0"
              name="test     32"
              classname="make_test.t_uri_t" />
    <testcase time="0"
              name="test     33"
              classname="make_test.t_uri_t" />
    <testcase time="0"
              name="test     34"
              classname="make_test.t_uri_t" />
    <testcase time="0"
              name="test     35"
              classname="make_test.t_uri_t" />
    <testcase time="0"
              name="test     36"
              classname="make_test.t_uri_t" />
    <testcase time="0"
              name="test     37"
              classname="make_test.t_uri_t" />
    <testcase time="0"
              name="test     38"
              classname="make_test.t_uri_t" />

    <testcase time="0"
              name="test     39"
              classname="make_test.t_uri_t" />
    <testcase time="0"
              name="test     40"
              classname="make_test.t_uri_t" />
    <testcase time="0"
              name="test     41"
              classname="make_test.t_uri_t" />
    <testcase time="0"
              name="test     42"
              classname="make_test.t_uri_t" />
    <testcase time="0"
              name="test     43"
              classname="make_test.t_uri_t" />
    <testcase time="0"
              name="test     44"
              classname="make_test.t_uri_t" />
    <testcase time="0"
              name="test     45"
              classname="make_test.t_uri_t" />
    <testcase time="0"
              name="test     46"
              classname="make_test.t_uri_t" />
    <testcase time="0"
              name="test     47"
              classname="make_test.t_uri_t" />

    <testcase time="0"
              name="test     48"
              classname="make_test.t_uri_t" />
    <testcase time="0"
              name="test     49"
              classname="make_test.t_uri_t" />
    <testcase time="0"
              name="test     50"
              classname="make_test.t_uri_t" />
    <testcase time="0"
              name="test     51"
              classname="make_test.t_uri_t" />
    <testcase time="0"
              name="test     52"
              classname="make_test.t_uri_t" />
    <testcase time="0"
              name="test     53"
              classname="make_test.t_uri_t" />
    <testcase time="0"
              name="test     54"
              classname="make_test.t_uri_t" />
    <testcase time="0"
              name="test     55"
              classname="make_test.t_uri_t" />
    <testcase time="0"
              name="test     56"
              classname="make_test.t_uri_t" />

    <testcase time="0"
              name="test     57"
              classname="make_test.t_uri_t" />
    <testcase time="0"
              name="test     58"
              classname="make_test.t_uri_t" />
    <testcase time="0"
              name="test     59"
              classname="make_test.t_uri_t" />
    <testcase time="0"
              name="test     60"
              classname="make_test.t_uri_t" />
    <testcase time="0"
              name="test     61"
              classname="make_test.t_uri_t" />
    <testcase time="0"
              name="test     62"
              classname="make_test.t_uri_t" />
    <testcase time="0"
              name="test     63"
              classname="make_test.t_uri_t" />
    <testcase time="0"
              name="test     64"
              classname="make_test.t_uri_t" />
    <testcase time="0"
              name="test     65"
              classname="make_test.t_uri_t" />

    <testcase time="0"
              name="test     66"
              classname="make_test.t_uri_t" />
    <testcase time="0"
              name="test     67"
              classname="make_test.t_uri_t" />
    <testcase time="0"
              name="test     68"
              classname="make_test.t_uri_t" />
    <testcase time="0"
              name="test     69"
              classname="make_test.t_uri_t" />
    <testcase time="0"
              name="test     70"
              classname="make_test.t_uri_t" />
    <testcase time="0"
              name="test     71"
              classname="make_test.t_uri_t" />
    <testcase time="0"
              name="test     72"
              classname="make_test.t_uri_t" />
    <testcase time="0"
              name="test     73"
              classname="make_test.t_uri_t" />
    <testcase time="0"
              name="test     74"
              classname="make_test.t_uri_t" />

    <testcase time="0"
              name="test     75"
              classname="make_test.t_uri_t" />
    <testcase time="0"
              name="test     76"
              classname="make_test.t_uri_t" />
    <testcase time="0"
              name="test     77"
              classname="make_test.t_uri_t" />
    <testcase time="0"
              name="test     78"
              classname="make_test.t_uri_t" />
    <testcase time="0"
              name="test     79"
              classname="make_test.t_uri_t" />
    <testcase time="0"
              name="test     80"
              classname="make_test.t_uri_t" />
    <testcase time="0"
              name="test     81"
              classname="make_test.t_uri_t" />
    <testcase time="0"
              name="test     82"
              classname="make_test.t_uri_t" />
    <testcase time="0"
              name="test     83"
              classname="make_test.t_uri_t" />

    <testcase time="0"
              name="test     84"
              classname="make_test.t_uri_t" />
    <testcase time="0"
              name="test     85"
              classname="make_test.t_uri_t" />
    <testcase time="0"
              name="test     86"
              classname="make_test.t_uri_t" />
    <testcase time="0"
              name="test     87"
              classname="make_test.t_uri_t" />
    <testcase time="0"
              name="test     88"
              classname="make_test.t_uri_t" />
    <testcase time="0"
              name="test     89"
              classname="make_test.t_uri_t" />
    <testcase time="0"
              name="test     90"
              classname="make_test.t_uri_t" />
    <testcase time="0"
              name="test     91"
              classname="make_test.t_uri_t" /><system-out>
  <![CDATA[1..91
  # Running under perl version 5.008006 for solaris
  # Current time local: Thu Mar 27 09:27:09 2008
  # Current time GMT:   Thu Mar 27 09:27:09 2008
  # Using Test.pm version 1.25
  got URIs: address@foo.net, twema2001@yahoo.com, http://163.125.6.199/ATV, http://2742879943/ATV, mailto:address@foo.net, http://66.92.69.222/, http://0x425c45de/, http://1113343455/, http://66.92.69.223/, http://66.92.0x45.221/, http://66.92.69.221/, http://slashdot.org@1113343456/, http://1113343456/, http://66.92.69.224/, http://62.16.101.59/livesex.htm, http://spamassassin.org, mailto:twema2001@yahoo.com
  ok 1
  ok 2
  ok 3
  ok 4
  ok 5
  ok 6
  ok 7
  ok 8
  ok 9
  ok 10
  ok 11
  ok 12
  ok 13
  ok 14
  ok 15
  ok 16
  ok 17
  ok 18
  ok 19
  ok 20
  ok 21
  ok 22
  ok 23
  ok 24
  ok 25
  ok 26
  ok 27
  ok 28
  ok 29
  ok 30
  ok 31
  ok 32
  ok 33
  ok 34
  ok 35
  ok 36
  ok 37
  ok 38
  ok 39
  ok 40
  ok 41
  ok 42
  ok 43
  ok 44
  ok 45
  ok 46
  ok 47
  ok 48
  ok 49
  ok 50
  ok 51
  ok 52
  ok 53
  ok 54
  ok 55
  ok 56
  ok 57
  ok 58
  ok 59
  ok 60
  ok 61
  ok 62
  ok 63
  ok 64
  ok 65
  ok 66
  ok 67
  ok 68
  ok 69
  ok 70
  ok 71
  ok 72
  ok 73
  ok 74
  ok 75
  ok 76
  ok 77
  ok 78
  ok 79
  ok 80
  ok 81
  ok 82
  ok 83
  ok 84
  ok 85
  ok 86
  ok 87
  ok 88
  ok 89
  ok 90
  ok 91
  ]]>

  </system-out><system-err />
  </testsuite>
  <testsuite failures="0"
             errors="0"
             tests="2"
             time="0"
             name="make_test.t_uri_html_t"
             id="99">
    <testcase time="0"
              name="test      1"
              classname="make_test.t_uri_html_t" />
    <testcase time="0"
              name="test      2"
              classname="make_test.t_uri_html_t" /><system-out>
  <![CDATA[1..2
  # Running under perl version 5.008006 for solaris
  # Current time local: Thu Mar 27 09:27:10 2008
  # Current time GMT:   Thu Mar 27 09:27:10 2008
  # Using Test.pm version 1.25
  ok 1
  ok 2
  ]]>
  </system-out><system-err />
  </testsuite>
  <testsuite failures="0"
             errors="0"
             tests="678"
             time="0"
             name="make_test.t_uri_text_t"
             id="100">

    <testcase time="0"
              name="test      1"
              classname="make_test.t_uri_text_t" />
    <testcase time="0"
              name="test      2"
              classname="make_test.t_uri_text_t" />
    <testcase time="0"
              name="test      3"
              classname="make_test.t_uri_text_t" />
    <testcase time="0"
              name="test      4"
              classname="make_test.t_uri_text_t" />
    <testcase time="0"
              name="test      5"
              classname="make_test.t_uri_text_t" />
    <testcase time="0"
              name="test      6"
              classname="make_test.t_uri_text_t" />
    <testcase time="0"
              name="test      7"
              classname="make_test.t_uri_text_t" />
    <testcase time="0"
              name="test      8"
              classname="make_test.t_uri_text_t" />
    <testcase time="0"
              name="test      9"
              classname="make_test.t_uri_text_t" />

    <testcase time="0"
              name="test     10"
              classname="make_test.t_uri_text_t" />
    <testcase time="0"
              name="test     11"
              classname="make_test.t_uri_text_t" />
    <testcase time="0"
              name="test     12"
              classname="make_test.t_uri_text_t" />
    <testcase time="0"
              name="test     13"
              classname="make_test.t_uri_text_t" />
    <testcase time="0"
              name="test     14"
              classname="make_test.t_uri_text_t" />
    <testcase time="0"
              name="test     15"
              classname="make_test.t_uri_text_t" />
    <testcase time="0"
              name="test     16"
              classname="make_test.t_uri_text_t" />
    <testcase time="0"
              name="test     17"
              classname="make_test.t_uri_text_t" />
    <testcase time="0"
              name="test     18"
              classname="make_test.t_uri_text_t" />

    <testcase time="0"
              name="test     19"
              classname="make_test.t_uri_text_t" />
    <testcase time="0"
              name="test     20"
              classname="make_test.t_uri_text_t" />
    <testcase time="0"
              name="test     21"
              classname="make_test.t_uri_text_t" />
    <testcase time="0"
              name="test     22"
              classname="make_test.t_uri_text_t" />
    <testcase time="0"
              name="test     23"
              classname="make_test.t_uri_text_t" />
    <testcase time="0"
              name="test     24"
              classname="make_test.t_uri_text_t" />
    <testcase time="0"
              name="test     25"
              classname="make_test.t_uri_text_t" />
    <testcase time="0"
              name="test     26"
              classname="make_test.t_uri_text_t" />
    <testcase time="0"
              name="test     27"
              classname="make_test.t_uri_text_t" />

    <testcase time="0"
              name="test     28"
              classname="make_test.t_uri_text_t" />
    <testcase time="0"
              name="test     29"
              classname="make_test.t_uri_text_t" />
    <testcase time="0"
              name="test     30"
              classname="make_test.t_uri_text_t" />
    <testcase time="0"
              name="test     31"
              classname="make_test.t_uri_text_t" />
    <testcase time="0"
              name="test     32"
              classname="make_test.t_uri_text_t" />
    <testcase time="0"
              name="test     33"
              classname="make_test.t_uri_text_t" />
    <testcase time="0"
              name="test     34"
              classname="make_test.t_uri_text_t" />
    <testcase time="0"
              name="test     35"
              classname="make_test.t_uri_text_t" />
    <testcase time="0"
              name="test     36"
              classname="make_test.t_uri_text_t" />

    <testcase time="0"
              name="test     37"
              classname="make_test.t_uri_text_t" />
    <testcase time="0"
              name="test     38"
              classname="make_test.t_uri_text_t" />
    <testcase time="0"
              name="test     39"
              classname="make_test.t_uri_text_t" />
    <testcase time="0"
              name="test     40"
              classname="make_test.t_uri_text_t" />
    <testcase time="0"
              name="test     41"
              classname="make_test.t_uri_text_t" />
    <testcase time="0"
              name="test     42"
              classname="make_test.t_uri_text_t" />
    <testcase time="0"
              name="test     43"
              classname="make_test.t_uri_text_t" />
    <testcase time="0"
              name="test     44"
              classname="make_test.t_uri_text_t" />
    <testcase time="0"
              name="test     45"
              classname="make_test.t_uri_text_t" />

    <testcase time="0"
              name="test     46"
              classname="make_test.t_uri_text_t" />
    <testcase time="0"
              name="test     47"
              classname="make_test.t_uri_text_t" />
    <testcase time="0"
              name="test     48"
              classname="make_test.t_uri_text_t" />
    <testcase time="0"
              name="test     49"
              classname="make_test.t_uri_text_t" />
    <testcase time="0"
              name="test     50"
              classname="make_test.t_uri_text_t" />
    <testcase time="0"
              name="test     51"
              classname="make_test.t_uri_text_t" />
    <testcase time="0"
              name="test     52"
              classname="make_test.t_uri_text_t" />
    <testcase time="0"
              name="test     53"
              classname="make_test.t_uri_text_t" />
    <testcase time="0"
              name="test     54"
              classname="make_test.t_uri_text_t" />

    <testcase time="0"
              name="test     55"
              classname="make_test.t_uri_text_t" />
    <testcase time="0"
              name="test     56"
              classname="make_test.t_uri_text_t" />
    <testcase time="0"
              name="test     57"
              classname="make_test.t_uri_text_t" />
    <testcase time="0"
              name="test     58"
              classname="make_test.t_uri_text_t" />
    <testcase time="0"
              name="test     59"
              classname="make_test.t_uri_text_t" />
    <testcase time="0"
              name="test     60"
              classname="make_test.t_uri_text_t" />
    <testcase time="0"
              name="test     61"
              classname="make_test.t_uri_text_t" />
    <testcase time="0"
              name="test     62"
              classname="make_test.t_uri_text_t" />
    <testcase time="0"
              name="test     63"
              classname="make_test.t_uri_text_t" />

    <testcase time="0"
              name="test     64"
              classname="make_test.t_uri_text_t" />
    <testcase time="0"
              name="test     65"
              classname="make_test.t_uri_text_t" />
    <testcase time="0"
              name="test     66"
              classname="make_test.t_uri_text_t" />
    <testcase time="0"
              name="test     67"
              classname="make_test.t_uri_text_t" />
    <testcase time="0"
              name="test     68"
              classname="make_test.t_uri_text_t" />
    <testcase time="0"
              name="test     69"
              classname="make_test.t_uri_text_t" />
    <testcase time="0"
              name="test     70"
              classname="make_test.t_uri_text_t" />
    <testcase time="0"
              name="test     71"
              classname="make_test.t_uri_text_t" />
    <testcase time="0"
              name="test     72"
              classname="make_test.t_uri_text_t" />

    <testcase time="0"
              name="test     73"
              classname="make_test.t_uri_text_t" />
    <testcase time="0"
              name="test     74"
              classname="make_test.t_uri_text_t" />
    <testcase time="0"
              name="test     75"
              classname="make_test.t_uri_text_t" />
    <testcase time="0"
              name="test     76"
              classname="make_test.t_uri_text_t" />
    <testcase time="0"
              name="test     77"
              classname="make_test.t_uri_text_t" />
    <testcase time="0"
              name="test     78"
              classname="make_test.t_uri_text_t" />
    <testcase time="0"
              name="test     79"
              classname="make_test.t_uri_text_t" />
    <testcase time="0"
              name="test     80"
              classname="make_test.t_uri_text_t" />
    <testcase time="0"
              name="test     81"
              classname="make_test.t_uri_text_t" />

    <testcase time="0"
              name="test     82"
              classname="make_test.t_uri_text_t" />
    <testcase time="0"
              name="test     83"
              classname="make_test.t_uri_text_t" />
    <testcase time="0"
              name="test     84"
              classname="make_test.t_uri_text_t" />
    <testcase time="0"
              name="test     85"
              classname="make_test.t_uri_text_t" />
    <testcase time="0"
              name="test     86"
              classname="make_test.t_uri_text_t" />
    <testcase time="0"
              name="test     87"
              classname="make_test.t_uri_text_t" />
    <testcase time="0"
              name="test     88"
              classname="make_test.t_uri_text_t" />
    <testcase time="0"
              name="test     89"
              classname="make_test.t_uri_text_t" />
    <testcase time="0"
              name="test     90"
              classname="make_test.t_uri_text_t" />

    <testcase time="0"
              name="test     91"
              classname="make_test.t_uri_text_t" />
    <testcase time="0"
              name="test     92"
              classname="make_test.t_uri_text_t" />
    <testcase time="0"
              name="test     93"
              classname="make_test.t_uri_text_t" />
    <testcase time="0"
              name="test     94"
              classname="make_test.t_uri_text_t" />
    <testcase time="0"
              name="test     95"
              classname="make_test.t_uri_text_t" />
    <testcase time="0"
              name="test     96"
              classname="make_test.t_uri_text_t" />
    <testcase time="0"
              name="test     97"
              classname="make_test.t_uri_text_t" />
    <testcase time="0"
              name="test     98"
              classname="make_test.t_uri_text_t" />
    <testcase time="0"
              name="test     99"
              classname="make_test.t_uri_text_t" />

    <testcase time="0"
              name="test    100"
              classname="make_test.t_uri_text_t" />
    <testcase time="0"
              name="test    101"
              classname="make_test.t_uri_text_t" />
    <testcase time="0"
              name="test    102"
              classname="make_test.t_uri_text_t" />
    <testcase time="0"
              name="test    103"
              classname="make_test.t_uri_text_t" />
    <testcase time="0"
              name="test    104"
              classname="make_test.t_uri_text_t" />
    <testcase time="0"
              name="test    105"
              classname="make_test.t_uri_text_t" />
    <testcase time="0"
              name="test    106"
              classname="make_test.t_uri_text_t" />
    <testcase time="0"
              name="test    107"
              classname="make_test.t_uri_text_t" />
    <testcase time="0"
              name="test    108"
              classname="make_test.t_uri_text_t" />

    <testcase time="0"
              name="test    109"
              classname="make_test.t_uri_text_t" />
    <testcase time="0"
              name="test    110"
              classname="make_test.t_uri_text_t" />
    <testcase time="0"
              name="test    111"
              classname="make_test.t_uri_text_t" />
    <testcase time="0"
              name="test    112"
              classname="make_test.t_uri_text_t" />
    <testcase time="0"
              name="test    113"
              classname="make_test.t_uri_text_t" />
    <testcase time="0"
              name="test    114"
              classname="make_test.t_uri_text_t" />
    <testcase time="0"
              name="test    115"
              classname="make_test.t_uri_text_t" />
    <testcase time="0"
              name="test    116"
              classname="make_test.t_uri_text_t" />
    <testcase time="0"
              name="test    117"
              classname="make_test.t_uri_text_t" />

    <testcase time="0"
              name="test    118"
              classname="make_test.t_uri_text_t" />
    <testcase time="0"
              name="test    119"
              classname="make_test.t_uri_text_t" />
    <testcase time="0"
              name="test    120"
              classname="make_test.t_uri_text_t" />
    <testcase time="0"
              name="test    121"
              classname="make_test.t_uri_text_t" />
    <testcase time="0"
              name="test    122"
              classname="make_test.t_uri_text_t" />
    <testcase time="0"
              name="test    123"
              classname="make_test.t_uri_text_t" />
    <testcase time="0"
              name="test    124"
              classname="make_test.t_uri_text_t" />
    <testcase time="0"
              name="test    125"
              classname="make_test.t_uri_text_t" />
    <testcase time="0"
              name="test    126"
              classname="make_test.t_uri_text_t" />

    <testcase time="0"
              name="test    127"
              classname="make_test.t_uri_text_t" />
    <testcase time="0"
              name="test    128"
              classname="make_test.t_uri_text_t" />
    <testcase time="0"
              name="test    129"
              classname="make_test.t_uri_text_t" />
    <testcase time="0"
              name="test    130"
              classname="make_test.t_uri_text_t" />
    <testcase time="0"
              name="test    131"
              classname="make_test.t_uri_text_t" />
    <testcase time="0"
              name="test    132"
              classname="make_test.t_uri_text_t" />
    <testcase time="0"
              name="test    133"
              classname="make_test.t_uri_text_t" />
    <testcase time="0"
              name="test    134"
              classname="make_test.t_uri_text_t" />
    <testcase time="0"
              name="test    135"
              classname="make_test.t_uri_text_t" />

    <testcase time="0"
              name="test    136"
              classname="make_test.t_uri_text_t" />
    <testcase time="0"
              name="test    137"
              classname="make_test.t_uri_text_t" />
    <testcase time="0"
              name="test    138"
              classname="make_test.t_uri_text_t" />
    <testcase time="0"
              name="test    139"
              classname="make_test.t_uri_text_t" />
    <testcase time="0"
              name="test    140"
              classname="make_test.t_uri_text_t" />
    <testcase time="0"
              name="test    141"
              classname="make_test.t_uri_text_t" />
    <testcase time="0"
              name="test    142"
              classname="make_test.t_uri_text_t" />
    <testcase time="0"
              name="test    143"
              classname="make_test.t_uri_text_t" />
    <testcase time="0"
              name="test    144"
              classname="make_test.t_uri_text_t" />

    <testcase time="0"
              name="test    145"
              classname="make_test.t_uri_text_t" />
    <testcase time="0"
              name="test    146"
              classname="make_test.t_uri_text_t" />
    <testcase time="0"
              name="test    147"
              classname="make_test.t_uri_text_t" />
    <testcase time="0"
              name="test    148"
              classname="make_test.t_uri_text_t" />
    <testcase time="0"
              name="test    149"
              classname="make_test.t_uri_text_t" />
    <testcase time="0"
              name="test    150"
              classname="make_test.t_uri_text_t" />
    <testcase time="0"
              name="test    151"
              classname="make_test.t_uri_text_t" />
    <testcase time="0"
              name="test    152"
              classname="make_test.t_uri_text_t" />
    <testcase time="0"
              name="test    153"
              classname="make_test.t_uri_text_t" />

    <testcase time="0"
              name="test    154"
              classname="make_test.t_uri_text_t" />
    <testcase time="0"
              name="test    155"
              classname="make_test.t_uri_text_t" />
    <testcase time="0"
              name="test    156"
              classname="make_test.t_uri_text_t" />
    <testcase time="0"
              name="test    157"
              classname="make_test.t_uri_text_t" />
    <testcase time="0"
              name="test    158"
              classname="make_test.t_uri_text_t" />
    <testcase time="0"
              name="test    159"
              classname="make_test.t_uri_text_t" />
    <testcase time="0"
              name="test    160"
              classname="make_test.t_uri_text_t" />
    <testcase time="0"
              name="test    161"
              classname="make_test.t_uri_text_t" />
    <testcase time="0"
              name="test    162"
              classname="make_test.t_uri_text_t" />

    <testcase time="0"
              name="test    163"
              classname="make_test.t_uri_text_t" />
    <testcase time="0"
              name="test    164"
              classname="make_test.t_uri_text_t" />
    <testcase time="0"
              name="test    165"
              classname="make_test.t_uri_text_t" />
    <testcase time="0"
              name="test    166"
              classname="make_test.t_uri_text_t" />
    <testcase time="0"
              name="test    167"
              classname="make_test.t_uri_text_t" />
    <testcase time="0"
              name="test    168"
              classname="make_test.t_uri_text_t" />
    <testcase time="0"
              name="test    169"
              classname="make_test.t_uri_text_t" />
    <testcase time="0"
              name="test    170"
              classname="make_test.t_uri_text_t" />
    <testcase time="0"
              name="test    171"
              classname="make_test.t_uri_text_t" />

    <testcase time="0"
              name="test    172"
              classname="make_test.t_uri_text_t" />
    <testcase time="0"
              name="test    173"
              classname="make_test.t_uri_text_t" />
    <testcase time="0"
              name="test    174"
              classname="make_test.t_uri_text_t" />
    <testcase time="0"
              name="test    175"
              classname="make_test.t_uri_text_t" />
    <testcase time="0"
              name="test    176"
              classname="make_test.t_uri_text_t" />
    <testcase time="0"
              name="test    177"
              classname="make_test.t_uri_text_t" />
    <testcase time="0"
              name="test    178"
              classname="make_test.t_uri_text_t" />
    <testcase time="0"
              name="test    179"
              classname="make_test.t_uri_text_t" />
    <testcase time="0"
              name="test    180"
              classname="make_test.t_uri_text_t" />

    <testcase time="0"
              name="test    181"
              classname="make_test.t_uri_text_t" />
    <testcase time="0"
              name="test    182"
              classname="make_test.t_uri_text_t" />
    <testcase time="0"
              name="test    183"
              classname="make_test.t_uri_text_t" />
    <testcase time="0"
              name="test    184"
              classname="make_test.t_uri_text_t" />
    <testcase time="0"
              name="test    185"
              classname="make_test.t_uri_text_t" />
    <testcase time="0"
              name="test    186"
              classname="make_test.t_uri_text_t" />
    <testcase time="0"
              name="test    187"
              classname="make_test.t_uri_text_t" />
    <testcase time="0"
              name="test    188"
              classname="make_test.t_uri_text_t" />
    <testcase time="0"
              name="test    189"
              classname="make_test.t_uri_text_t" />

    <testcase time="0"
              name="test    190"
              classname="make_test.t_uri_text_t" />
    <testcase time="0"
              name="test    191"
              classname="make_test.t_uri_text_t" />
    <testcase time="0"
              name="test    192"
              classname="make_test.t_uri_text_t" />
    <testcase time="0"
              name="test    193"
              classname="make_test.t_uri_text_t" />
    <testcase time="0"
              name="test    194"
              classname="make_test.t_uri_text_t" />
    <testcase time="0"
              name="test    195"
              classname="make_test.t_uri_text_t" />
    <testcase time="0"
              name="test    196"
              classname="make_test.t_uri_text_t" />
    <testcase time="0"
              name="test    197"
              classname="make_test.t_uri_text_t" />
    <testcase time="0"
              name="test    198"
              classname="make_test.t_uri_text_t" />

    <testcase time="0"
              name="test    199"
              classname="make_test.t_uri_text_t" />
    <testcase time="0"
              name="test    200"
              classname="make_test.t_uri_text_t" />
    <testcase time="0"
              name="test    201"
              classname="make_test.t_uri_text_t" />
    <testcase time="0"
              name="test    202"
              classname="make_test.t_uri_text_t" />
    <testcase time="0"
              name="test    203"
              classname="make_test.t_uri_text_t" />
    <testcase time="0"
              name="test    204"
              classname="make_test.t_uri_text_t" />
    <testcase time="0"
              name="test    205"
              classname="make_test.t_uri_text_t" />
    <testcase time="0"
              name="test    206"
              classname="make_test.t_uri_text_t" />
    <testcase time="0"
              name="test    207"
              classname="make_test.t_uri_text_t" />

    <testcase time="0"
              name="test    208"
              classname="make_test.t_uri_text_t" />
    <testcase time="0"
              name="test    209"
              classname="make_test.t_uri_text_t" />
    <testcase time="0"
              name="test    210"
              classname="make_test.t_uri_text_t" />
    <testcase time="0"
              name="test    211"
              classname="make_test.t_uri_text_t" />
    <testcase time="0"
              name="test    212"
              classname="make_test.t_uri_text_t" />
    <testcase time="0"
              name="test    213"
              classname="make_test.t_uri_text_t" />
    <testcase time="0"
              name="test    214"
              classname="make_test.t_uri_text_t" />
    <testcase time="0"
              name="test    215"
              classname="make_test.t_uri_text_t" />
    <testcase time="0"
              name="test    216"
              classname="make_test.t_uri_text_t" />

    <testcase time="0"
              name="test    217"
              classname="make_test.t_uri_text_t" />
    <testcase time="0"
              name="test    218"
              classname="make_test.t_uri_text_t" />
    <testcase time="0"
              name="test    219"
              classname="make_test.t_uri_text_t" />
    <testcase time="0"
              name="test    220"
              classname="make_test.t_uri_text_t" />
    <testcase time="0"
              name="test    221"
              classname="make_test.t_uri_text_t" />
    <testcase time="0"
              name="test    222"
              classname="make_test.t_uri_text_t" />
    <testcase time="0"
              name="test    223"
              classname="make_test.t_uri_text_t" />
    <testcase time="0"
              name="test    224"
              classname="make_test.t_uri_text_t" />
    <testcase time="0"
              name="test    225"
              classname="make_test.t_uri_text_t" />

    <testcase time="0"
              name="test    226"
              classname="make_test.t_uri_text_t" />
    <testcase time="0"
              name="test    227"
              classname="make_test.t_uri_text_t" />
    <testcase time="0"
              name="test    228"
              classname="make_test.t_uri_text_t" />
    <testcase time="0"
              name="test    229"
              classname="make_test.t_uri_text_t" />
    <testcase time="0"
              name="test    230"
              classname="make_test.t_uri_text_t" />
    <testcase time="0"
              name="test    231"
              classname="make_test.t_uri_text_t" />
    <testcase time="0"
              name="test    232"
              classname="make_test.t_uri_text_t" />
    <testcase time="0"
              name="test    233"
              classname="make_test.t_uri_text_t" />
    <testcase time="0"
              name="test    234"
              classname="make_test.t_uri_text_t" />

    <testcase time="0"
              name="test    235"
              classname="make_test.t_uri_text_t" />
    <testcase time="0"
              name="test    236"
              classname="make_test.t_uri_text_t" />
    <testcase time="0"
              name="test    237"
              classname="make_test.t_uri_text_t" />
    <testcase time="0"
              name="test    238"
              classname="make_test.t_uri_text_t" />
    <testcase time="0"
              name="test    239"
              classname="make_test.t_uri_text_t" />
    <testcase time="0"
              name="test    240"
              classname="make_test.t_uri_text_t" />
    <testcase time="0"
              name="test    241"
              classname="make_test.t_uri_text_t" />
    <testcase time="0"
              name="test    242"
              classname="make_test.t_uri_text_t" />
    <testcase time="0"
              name="test    243"
              classname="make_test.t_uri_text_t" />

    <testcase time="0"
              name="test    244"
              classname="make_test.t_uri_text_t" />
    <testcase time="0"
              name="test    245"
              classname="make_test.t_uri_text_t" />
    <testcase time="0"
              name="test    246"
              classname="make_test.t_uri_text_t" />
    <testcase time="0"
              name="test    247"
              classname="make_test.t_uri_text_t" />
    <testcase time="0"
              name="test    248"
              classname="make_test.t_uri_text_t" />
    <testcase time="0"
              name="test    249"
              classname="make_test.t_uri_text_t" />
    <testcase time="0"
              name="test    250"
              classname="make_test.t_uri_text_t" />
    <testcase time="0"
              name="test    251"
              classname="make_test.t_uri_text_t" />
    <testcase time="0"
              name="test    252"
              classname="make_test.t_uri_text_t" />

    <testcase time="0"
              name="test    253"
              classname="make_test.t_uri_text_t" />
    <testcase time="0"
              name="test    254"
              classname="make_test.t_uri_text_t" />
    <testcase time="0"
              name="test    255"
              classname="make_test.t_uri_text_t" />
    <testcase time="0"
              name="test    256"
              classname="make_test.t_uri_text_t" />
    <testcase time="0"
              name="test    257"
              classname="make_test.t_uri_text_t" />
    <testcase time="0"
              name="test    258"
              classname="make_test.t_uri_text_t" />
    <testcase time="0"
              name="test    259"
              classname="make_test.t_uri_text_t" />
    <testcase time="0"
              name="test    260"
              classname="make_test.t_uri_text_t" />
    <testcase time="0"
              name="test    261"
              classname="make_test.t_uri_text_t" />

    <testcase time="0"
              name="test    262"
              classname="make_test.t_uri_text_t" />
    <testcase time="0"
              name="test    263"
              classname="make_test.t_uri_text_t" />
    <testcase time="0"
              name="test    264"
              classname="make_test.t_uri_text_t" />
    <testcase time="0"
              name="test    265"
              classname="make_test.t_uri_text_t" />
    <testcase time="0"
              name="test    266"
              classname="make_test.t_uri_text_t" />
    <testcase time="0"
              name="test    267"
              classname="make_test.t_uri_text_t" />
    <testcase time="0"
              name="test    268"
              classname="make_test.t_uri_text_t" />
    <testcase time="0"
              name="test    269"
              classname="make_test.t_uri_text_t" />
    <testcase time="0"
              name="test    270"
              classname="make_test.t_uri_text_t" />

    <testcase time="0"
              name="test    271"
              classname="make_test.t_uri_text_t" />
    <testcase time="0"
              name="test    272"
              classname="make_test.t_uri_text_t" />
    <testcase time="0"
              name="test    273"
              classname="make_test.t_uri_text_t" />
    <testcase time="0"
              name="test    274"
              classname="make_test.t_uri_text_t" />
    <testcase time="0"
              name="test    275"
              classname="make_test.t_uri_text_t" />
    <testcase time="0"
              name="test    276"
              classname="make_test.t_uri_text_t" />
    <testcase time="0"
              name="test    277"
              classname="make_test.t_uri_text_t" />
    <testcase time="0"
              name="test    278"
              classname="make_test.t_uri_text_t" />
    <testcase time="0"
              name="test    279"
              classname="make_test.t_uri_text_t" />

    <testcase time="0"
              name="test    280"
              classname="make_test.t_uri_text_t" />
    <testcase time="0"
              name="test    281"
              classname="make_test.t_uri_text_t" />
    <testcase time="0"
              name="test    282"
              classname="make_test.t_uri_text_t" />
    <testcase time="0"
              name="test    283"
              classname="make_test.t_uri_text_t" />
    <testcase time="0"
              name="test    284"
              classname="make_test.t_uri_text_t" />
    <testcase time="0"
              name="test    285"
              classname="make_test.t_uri_text_t" />
    <testcase time="0"
              name="test    286"
              classname="make_test.t_uri_text_t" />
    <testcase time="0"
              name="test    287"
              classname="make_test.t_uri_text_t" />
    <testcase time="0"
              name="test    288"
              classname="make_test.t_uri_text_t" />

    <testcase time="0"
              name="test    289"
              classname="make_test.t_uri_text_t" />
    <testcase time="0"
              name="test    290"
              classname="make_test.t_uri_text_t" />
    <testcase time="0"
              name="test    291"
              classname="make_test.t_uri_text_t" />
    <testcase time="0"
              name="test    292"
              classname="make_test.t_uri_text_t" />
    <testcase time="0"
              name="test    293"
              classname="make_test.t_uri_text_t" />
    <testcase time="0"
              name="test    294"
              classname="make_test.t_uri_text_t" />
    <testcase time="0"
              name="test    295"
              classname="make_test.t_uri_text_t" />
    <testcase time="0"
              name="test    296"
              classname="make_test.t_uri_text_t" />
    <testcase time="0"
              name="test    297"
              classname="make_test.t_uri_text_t" />

    <testcase time="0"
              name="test    298"
              classname="make_test.t_uri_text_t" />
    <testcase time="0"
              name="test    299"
              classname="make_test.t_uri_text_t" />
    <testcase time="0"
              name="test    300"
              classname="make_test.t_uri_text_t" />
    <testcase time="0"
              name="test    301"
              classname="make_test.t_uri_text_t" />
    <testcase time="0"
              name="test    302"
              classname="make_test.t_uri_text_t" />
    <testcase time="0"
              name="test    303"
              classname="make_test.t_uri_text_t" />
    <testcase time="0"
              name="test    304"
              classname="make_test.t_uri_text_t" />
    <testcase time="0"
              name="test    305"
              classname="make_test.t_uri_text_t" />
    <testcase time="0"
              name="test    306"
              classname="make_test.t_uri_text_t" />

    <testcase time="0"
              name="test    307"
              classname="make_test.t_uri_text_t" />
    <testcase time="0"
              name="test    308"
              classname="make_test.t_uri_text_t" />
    <testcase time="0"
              name="test    309"
              classname="make_test.t_uri_text_t" />
    <testcase time="0"
              name="test    310"
              classname="make_test.t_uri_text_t" />
    <testcase time="0"
              name="test    311"
              classname="make_test.t_uri_text_t" />
    <testcase time="0"
              name="test    312"
              classname="make_test.t_uri_text_t" />
    <testcase time="0"
              name="test    313"
              classname="make_test.t_uri_text_t" />
    <testcase time="0"
              name="test    314"
              classname="make_test.t_uri_text_t" />
    <testcase time="0"
              name="test    315"
              classname="make_test.t_uri_text_t" />

    <testcase time="0"
              name="test    316"
              classname="make_test.t_uri_text_t" />
    <testcase time="0"
              name="test    317"
              classname="make_test.t_uri_text_t" />
    <testcase time="0"
              name="test    318"
              classname="make_test.t_uri_text_t" />
    <testcase time="0"
              name="test    319"
              classname="make_test.t_uri_text_t" />
    <testcase time="0"
              name="test    320"
              classname="make_test.t_uri_text_t" />
    <testcase time="0"
              name="test    321"
              classname="make_test.t_uri_text_t" />
    <testcase time="0"
              name="test    322"
              classname="make_test.t_uri_text_t" />
    <testcase time="0"
              name="test    323"
              classname="make_test.t_uri_text_t" />
    <testcase time="0"
              name="test    324"
              classname="make_test.t_uri_text_t" />

    <testcase time="0"
              name="test    325"
              classname="make_test.t_uri_text_t" />
    <testcase time="0"
              name="test    326"
              classname="make_test.t_uri_text_t" />
    <testcase time="0"
              name="test    327"
              classname="make_test.t_uri_text_t" />
    <testcase time="0"
              name="test    328"
              classname="make_test.t_uri_text_t" />
    <testcase time="0"
              name="test    329"
              classname="make_test.t_uri_text_t" />
    <testcase time="0"
              name="test    330"
              classname="make_test.t_uri_text_t" />
    <testcase time="0"
              name="test    331"
              classname="make_test.t_uri_text_t" />
    <testcase time="0"
              name="test    332"
              classname="make_test.t_uri_text_t" />
    <testcase time="0"
              name="test    333"
              classname="make_test.t_uri_text_t" />

    <testcase time="0"
              name="test    334"
              classname="make_test.t_uri_text_t" />
    <testcase time="0"
              name="test    335"
              classname="make_test.t_uri_text_t" />
    <testcase time="0"
              name="test    336"
              classname="make_test.t_uri_text_t" />
    <testcase time="0"
              name="test    337"
              classname="make_test.t_uri_text_t" />
    <testcase time="0"
              name="test    338"
              classname="make_test.t_uri_text_t" />
    <testcase time="0"
              name="test    339"
              classname="make_test.t_uri_text_t" />
    <testcase time="0"
              name="test    340"
              classname="make_test.t_uri_text_t" />
    <testcase time="0"
              name="test    341"
              classname="make_test.t_uri_text_t" />
    <testcase time="0"
              name="test    342"
              classname="make_test.t_uri_text_t" />

    <testcase time="0"
              name="test    343"
              classname="make_test.t_uri_text_t" />
    <testcase time="0"
              name="test    344"
              classname="make_test.t_uri_text_t" />
    <testcase time="0"
              name="test    345"
              classname="make_test.t_uri_text_t" />
    <testcase time="0"
              name="test    346"
              classname="make_test.t_uri_text_t" />
    <testcase time="0"
              name="test    347"
              classname="make_test.t_uri_text_t" />
    <testcase time="0"
              name="test    348"
              classname="make_test.t_uri_text_t" />
    <testcase time="0"
              name="test    349"
              classname="make_test.t_uri_text_t" />
    <testcase time="0"
              name="test    350"
              classname="make_test.t_uri_text_t" />
    <testcase time="0"
              name="test    351"
              classname="make_test.t_uri_text_t" />

    <testcase time="0"
              name="test    352"
              classname="make_test.t_uri_text_t" />
    <testcase time="0"
              name="test    353"
              classname="make_test.t_uri_text_t" />
    <testcase time="0"
              name="test    354"
              classname="make_test.t_uri_text_t" />
    <testcase time="0"
              name="test    355"
              classname="make_test.t_uri_text_t" />
    <testcase time="0"
              name="test    356"
              classname="make_test.t_uri_text_t" />
    <testcase time="0"
              name="test    357"
              classname="make_test.t_uri_text_t" />
    <testcase time="0"
              name="test    358"
              classname="make_test.t_uri_text_t" />
    <testcase time="0"
              name="test    359"
              classname="make_test.t_uri_text_t" />
    <testcase time="0"
              name="test    360"
              classname="make_test.t_uri_text_t" />

    <testcase time="0"
              name="test    361"
              classname="make_test.t_uri_text_t" />
    <testcase time="0"
              name="test    362"
              classname="make_test.t_uri_text_t" />
    <testcase time="0"
              name="test    363"
              classname="make_test.t_uri_text_t" />
    <testcase time="0"
              name="test    364"
              classname="make_test.t_uri_text_t" />
    <testcase time="0"
              name="test    365"
              classname="make_test.t_uri_text_t" />
    <testcase time="0"
              name="test    366"
              classname="make_test.t_uri_text_t" />
    <testcase time="0"
              name="test    367"
              classname="make_test.t_uri_text_t" />
    <testcase time="0"
              name="test    368"
              classname="make_test.t_uri_text_t" />
    <testcase time="0"
              name="test    369"
              classname="make_test.t_uri_text_t" />

    <testcase time="0"
              name="test    370"
              classname="make_test.t_uri_text_t" />
    <testcase time="0"
              name="test    371"
              classname="make_test.t_uri_text_t" />
    <testcase time="0"
              name="test    372"
              classname="make_test.t_uri_text_t" />
    <testcase time="0"
              name="test    373"
              classname="make_test.t_uri_text_t" />
    <testcase time="0"
              name="test    374"
              classname="make_test.t_uri_text_t" />
    <testcase time="0"
              name="test    375"
              classname="make_test.t_uri_text_t" />
    <testcase time="0"
              name="test    376"
              classname="make_test.t_uri_text_t" />
    <testcase time="0"
              name="test    377"
              classname="make_test.t_uri_text_t" />
    <testcase time="0"
              name="test    378"
              classname="make_test.t_uri_text_t" />

    <testcase time="0"
              name="test    379"
              classname="make_test.t_uri_text_t" />
    <testcase time="0"
              name="test    380"
              classname="make_test.t_uri_text_t" />
    <testcase time="0"
              name="test    381"
              classname="make_test.t_uri_text_t" />
    <testcase time="0"
              name="test    382"
              classname="make_test.t_uri_text_t" />
    <testcase time="0"
              name="test    383"
              classname="make_test.t_uri_text_t" />
    <testcase time="0"
              name="test    384"
              classname="make_test.t_uri_text_t" />
    <testcase time="0"
              name="test    385"
              classname="make_test.t_uri_text_t" />
    <testcase time="0"
              name="test    386"
              classname="make_test.t_uri_text_t" />
    <testcase time="0"
              name="test    387"
              classname="make_test.t_uri_text_t" />

    <testcase time="0"
              name="test    388"
              classname="make_test.t_uri_text_t" />
    <testcase time="0"
              name="test    389"
              classname="make_test.t_uri_text_t" />
    <testcase time="0"
              name="test    390"
              classname="make_test.t_uri_text_t" />
    <testcase time="0"
              name="test    391"
              classname="make_test.t_uri_text_t" />
    <testcase time="0"
              name="test    392"
              classname="make_test.t_uri_text_t" />
    <testcase time="0"
              name="test    393"
              classname="make_test.t_uri_text_t" />
    <testcase time="0"
              name="test    394"
              classname="make_test.t_uri_text_t" />
    <testcase time="0"
              name="test    395"
              classname="make_test.t_uri_text_t" />
    <testcase time="0"
              name="test    396"
              classname="make_test.t_uri_text_t" />

    <testcase time="0"
              name="test    397"
              classname="make_test.t_uri_text_t" />
    <testcase time="0"
              name="test    398"
              classname="make_test.t_uri_text_t" />
    <testcase time="0"
              name="test    399"
              classname="make_test.t_uri_text_t" />
    <testcase time="0"
              name="test    400"
              classname="make_test.t_uri_text_t" />
    <testcase time="0"
              name="test    401"
              classname="make_test.t_uri_text_t" />
    <testcase time="0"
              name="test    402"
              classname="make_test.t_uri_text_t" />
    <testcase time="0"
              name="test    403"
              classname="make_test.t_uri_text_t" />
    <testcase time="0"
              name="test    404"
              classname="make_test.t_uri_text_t" />
    <testcase time="0"
              name="test    405"
              classname="make_test.t_uri_text_t" />

    <testcase time="0"
              name="test    406"
              classname="make_test.t_uri_text_t" />
    <testcase time="0"
              name="test    407"
              classname="make_test.t_uri_text_t" />
    <testcase time="0"
              name="test    408"
              classname="make_test.t_uri_text_t" />
    <testcase time="0"
              name="test    409"
              classname="make_test.t_uri_text_t" />
    <testcase time="0"
              name="test    410"
              classname="make_test.t_uri_text_t" />
    <testcase time="0"
              name="test    411"
              classname="make_test.t_uri_text_t" />
    <testcase time="0"
              name="test    412"
              classname="make_test.t_uri_text_t" />
    <testcase time="0"
              name="test    413"
              classname="make_test.t_uri_text_t" />
    <testcase time="0"
              name="test    414"
              classname="make_test.t_uri_text_t" />

    <testcase time="0"
              name="test    415"
              classname="make_test.t_uri_text_t" />
    <testcase time="0"
              name="test    416"
              classname="make_test.t_uri_text_t" />
    <testcase time="0"
              name="test    417"
              classname="make_test.t_uri_text_t" />
    <testcase time="0"
              name="test    418"
              classname="make_test.t_uri_text_t" />
    <testcase time="0"
              name="test    419"
              classname="make_test.t_uri_text_t" />
    <testcase time="0"
              name="test    420"
              classname="make_test.t_uri_text_t" />
    <testcase time="0"
              name="test    421"
              classname="make_test.t_uri_text_t" />
    <testcase time="0"
              name="test    422"
              classname="make_test.t_uri_text_t" />
    <testcase time="0"
              name="test    423"
              classname="make_test.t_uri_text_t" />

    <testcase time="0"
              name="test    424"
              classname="make_test.t_uri_text_t" />
    <testcase time="0"
              name="test    425"
              classname="make_test.t_uri_text_t" />
    <testcase time="0"
              name="test    426"
              classname="make_test.t_uri_text_t" />
    <testcase time="0"
              name="test    427"
              classname="make_test.t_uri_text_t" />
    <testcase time="0"
              name="test    428"
              classname="make_test.t_uri_text_t" />
    <testcase time="0"
              name="test    429"
              classname="make_test.t_uri_text_t" />
    <testcase time="0"
              name="test    430"
              classname="make_test.t_uri_text_t" />
    <testcase time="0"
              name="test    431"
              classname="make_test.t_uri_text_t" />
    <testcase time="0"
              name="test    432"
              classname="make_test.t_uri_text_t" />

    <testcase time="0"
              name="test    433"
              classname="make_test.t_uri_text_t" />
    <testcase time="0"
              name="test    434"
              classname="make_test.t_uri_text_t" />
    <testcase time="0"
              name="test    435"
              classname="make_test.t_uri_text_t" />
    <testcase time="0"
              name="test    436"
              classname="make_test.t_uri_text_t" />
    <testcase time="0"
              name="test    437"
              classname="make_test.t_uri_text_t" />
    <testcase time="0"
              name="test    438"
              classname="make_test.t_uri_text_t" />
    <testcase time="0"
              name="test    439"
              classname="make_test.t_uri_text_t" />
    <testcase time="0"
              name="test    440"
              classname="make_test.t_uri_text_t" />
    <testcase time="0"
              name="test    441"
              classname="make_test.t_uri_text_t" />

    <testcase time="0"
              name="test    442"
              classname="make_test.t_uri_text_t" />
    <testcase time="0"
              name="test    443"
              classname="make_test.t_uri_text_t" />
    <testcase time="0"
              name="test    444"
              classname="make_test.t_uri_text_t" />
    <testcase time="0"
              name="test    445"
              classname="make_test.t_uri_text_t" />
    <testcase time="0"
              name="test    446"
              classname="make_test.t_uri_text_t" />
    <testcase time="0"
              name="test    447"
              classname="make_test.t_uri_text_t" />
    <testcase time="0"
              name="test    448"
              classname="make_test.t_uri_text_t" />
    <testcase time="0"
              name="test    449"
              classname="make_test.t_uri_text_t" />
    <testcase time="0"
              name="test    450"
              classname="make_test.t_uri_text_t" />

    <testcase time="0"
              name="test    451"
              classname="make_test.t_uri_text_t" />
    <testcase time="0"
              name="test    452"
              classname="make_test.t_uri_text_t" />
    <testcase time="0"
              name="test    453"
              classname="make_test.t_uri_text_t" />
    <testcase time="0"
              name="test    454"
              classname="make_test.t_uri_text_t" />
    <testcase time="0"
              name="test    455"
              classname="make_test.t_uri_text_t" />
    <testcase time="0"
              name="test    456"
              classname="make_test.t_uri_text_t" />
    <testcase time="0"
              name="test    457"
              classname="make_test.t_uri_text_t" />
    <testcase time="0"
              name="test    458"
              classname="make_test.t_uri_text_t" />
    <testcase time="0"
              name="test    459"
              classname="make_test.t_uri_text_t" />

    <testcase time="0"
              name="test    460"
              classname="make_test.t_uri_text_t" />
    <testcase time="0"
              name="test    461"
              classname="make_test.t_uri_text_t" />
    <testcase time="0"
              name="test    462"
              classname="make_test.t_uri_text_t" />
    <testcase time="0"
              name="test    463"
              classname="make_test.t_uri_text_t" />
    <testcase time="0"
              name="test    464"
              classname="make_test.t_uri_text_t" />
    <testcase time="0"
              name="test    465"
              classname="make_test.t_uri_text_t" />
    <testcase time="0"
              name="test    466"
              classname="make_test.t_uri_text_t" />
    <testcase time="0"
              name="test    467"
              classname="make_test.t_uri_text_t" />
    <testcase time="0"
              name="test    468"
              classname="make_test.t_uri_text_t" />

    <testcase time="0"
              name="test    469"
              classname="make_test.t_uri_text_t" />
    <testcase time="0"
              name="test    470"
              classname="make_test.t_uri_text_t" />
    <testcase time="0"
              name="test    471"
              classname="make_test.t_uri_text_t" />
    <testcase time="0"
              name="test    472"
              classname="make_test.t_uri_text_t" />
    <testcase time="0"
              name="test    473"
              classname="make_test.t_uri_text_t" />
    <testcase time="0"
              name="test    474"
              classname="make_test.t_uri_text_t" />
    <testcase time="0"
              name="test    475"
              classname="make_test.t_uri_text_t" />
    <testcase time="0"
              name="test    476"
              classname="make_test.t_uri_text_t" />
    <testcase time="0"
              name="test    477"
              classname="make_test.t_uri_text_t" />

    <testcase time="0"
              name="test    478"
              classname="make_test.t_uri_text_t" />
    <testcase time="0"
              name="test    479"
              classname="make_test.t_uri_text_t" />
    <testcase time="0"
              name="test    480"
              classname="make_test.t_uri_text_t" />
    <testcase time="0"
              name="test    481"
              classname="make_test.t_uri_text_t" />
    <testcase time="0"
              name="test    482"
              classname="make_test.t_uri_text_t" />
    <testcase time="0"
              name="test    483"
              classname="make_test.t_uri_text_t" />
    <testcase time="0"
              name="test    484"
              classname="make_test.t_uri_text_t" />
    <testcase time="0"
              name="test    485"
              classname="make_test.t_uri_text_t" />
    <testcase time="0"
              name="test    486"
              classname="make_test.t_uri_text_t" />

    <testcase time="0"
              name="test    487"
              classname="make_test.t_uri_text_t" />
    <testcase time="0"
              name="test    488"
              classname="make_test.t_uri_text_t" />
    <testcase time="0"
              name="test    489"
              classname="make_test.t_uri_text_t" />
    <testcase time="0"
              name="test    490"
              classname="make_test.t_uri_text_t" />
    <testcase time="0"
              name="test    491"
              classname="make_test.t_uri_text_t" />
    <testcase time="0"
              name="test    492"
              classname="make_test.t_uri_text_t" />
    <testcase time="0"
              name="test    493"
              classname="make_test.t_uri_text_t" />
    <testcase time="0"
              name="test    494"
              classname="make_test.t_uri_text_t" />
    <testcase time="0"
              name="test    495"
              classname="make_test.t_uri_text_t" />

    <testcase time="0"
              name="test    496"
              classname="make_test.t_uri_text_t" />
    <testcase time="0"
              name="test    497"
              classname="make_test.t_uri_text_t" />
    <testcase time="0"
              name="test    498"
              classname="make_test.t_uri_text_t" />
    <testcase time="0"
              name="test    499"
              classname="make_test.t_uri_text_t" />
    <testcase time="0"
              name="test    500"
              classname="make_test.t_uri_text_t" />
    <testcase time="0"
              name="test    501"
              classname="make_test.t_uri_text_t" />
    <testcase time="0"
              name="test    502"
              classname="make_test.t_uri_text_t" />
    <testcase time="0"
              name="test    503"
              classname="make_test.t_uri_text_t" />
    <testcase time="0"
              name="test    504"
              classname="make_test.t_uri_text_t" />

    <testcase time="0"
              name="test    505"
              classname="make_test.t_uri_text_t" />
    <testcase time="0"
              name="test    506"
              classname="make_test.t_uri_text_t" />
    <testcase time="0"
              name="test    507"
              classname="make_test.t_uri_text_t" />
    <testcase time="0"
              name="test    508"
              classname="make_test.t_uri_text_t" />
    <testcase time="0"
              name="test    509"
              classname="make_test.t_uri_text_t" />
    <testcase time="0"
              name="test    510"
              classname="make_test.t_uri_text_t" />
    <testcase time="0"
              name="test    511"
              classname="make_test.t_uri_text_t" />
    <testcase time="0"
              name="test    512"
              classname="make_test.t_uri_text_t" />
    <testcase time="0"
              name="test    513"
              classname="make_test.t_uri_text_t" />

    <testcase time="0"
              name="test    514"
              classname="make_test.t_uri_text_t" />
    <testcase time="0"
              name="test    515"
              classname="make_test.t_uri_text_t" />
    <testcase time="0"
              name="test    516"
              classname="make_test.t_uri_text_t" />
    <testcase time="0"
              name="test    517"
              classname="make_test.t_uri_text_t" />
    <testcase time="0"
              name="test    518"
              classname="make_test.t_uri_text_t" />
    <testcase time="0"
              name="test    519"
              classname="make_test.t_uri_text_t" />
    <testcase time="0"
              name="test    520"
              classname="make_test.t_uri_text_t" />
    <testcase time="0"
              name="test    521"
              classname="make_test.t_uri_text_t" />
    <testcase time="0"
              name="test    522"
              classname="make_test.t_uri_text_t" />

    <testcase time="0"
              name="test    523"
              classname="make_test.t_uri_text_t" />
    <testcase time="0"
              name="test    524"
              classname="make_test.t_uri_text_t" />
    <testcase time="0"
              name="test    525"
              classname="make_test.t_uri_text_t" />
    <testcase time="0"
              name="test    526"
              classname="make_test.t_uri_text_t" />
    <testcase time="0"
              name="test    527"
              classname="make_test.t_uri_text_t" />
    <testcase time="0"
              name="test    528"
              classname="make_test.t_uri_text_t" />
    <testcase time="0"
              name="test    529"
              classname="make_test.t_uri_text_t" />
    <testcase time="0"
              name="test    530"
              classname="make_test.t_uri_text_t" />
    <testcase time="0"
              name="test    531"
              classname="make_test.t_uri_text_t" />

    <testcase time="0"
              name="test    532"
              classname="make_test.t_uri_text_t" />
    <testcase time="0"
              name="test    533"
              classname="make_test.t_uri_text_t" />
    <testcase time="0"
              name="test    534"
              classname="make_test.t_uri_text_t" />
    <testcase time="0"
              name="test    535"
              classname="make_test.t_uri_text_t" />
    <testcase time="0"
              name="test    536"
              classname="make_test.t_uri_text_t" />
    <testcase time="0"
              name="test    537"
              classname="make_test.t_uri_text_t" />
    <testcase time="0"
              name="test    538"
              classname="make_test.t_uri_text_t" />
    <testcase time="0"
              name="test    539"
              classname="make_test.t_uri_text_t" />
    <testcase time="0"
              name="test    540"
              classname="make_test.t_uri_text_t" />

    <testcase time="0"
              name="test    541"
              classname="make_test.t_uri_text_t" />
    <testcase time="0"
              name="test    542"
              classname="make_test.t_uri_text_t" />
    <testcase time="0"
              name="test    543"
              classname="make_test.t_uri_text_t" />
    <testcase time="0"
              name="test    544"
              classname="make_test.t_uri_text_t" />
    <testcase time="0"
              name="test    545"
              classname="make_test.t_uri_text_t" />
    <testcase time="0"
              name="test    546"
              classname="make_test.t_uri_text_t" />
    <testcase time="0"
              name="test    547"
              classname="make_test.t_uri_text_t" />
    <testcase time="0"
              name="test    548"
              classname="make_test.t_uri_text_t" />
    <testcase time="0"
              name="test    549"
              classname="make_test.t_uri_text_t" />

    <testcase time="0"
              name="test    550"
              classname="make_test.t_uri_text_t" />
    <testcase time="0"
              name="test    551"
              classname="make_test.t_uri_text_t" />
    <testcase time="0"
              name="test    552"
              classname="make_test.t_uri_text_t" />
    <testcase time="0"
              name="test    553"
              classname="make_test.t_uri_text_t" />
    <testcase time="0"
              name="test    554"
              classname="make_test.t_uri_text_t" />
    <testcase time="0"
              name="test    555"
              classname="make_test.t_uri_text_t" />
    <testcase time="0"
              name="test    556"
              classname="make_test.t_uri_text_t" />
    <testcase time="0"
              name="test    557"
              classname="make_test.t_uri_text_t" />
    <testcase time="0"
              name="test    558"
              classname="make_test.t_uri_text_t" />

    <testcase time="0"
              name="test    559"
              classname="make_test.t_uri_text_t" />
    <testcase time="0"
              name="test    560"
              classname="make_test.t_uri_text_t" />
    <testcase time="0"
              name="test    561"
              classname="make_test.t_uri_text_t" />
    <testcase time="0"
              name="test    562"
              classname="make_test.t_uri_text_t" />
    <testcase time="0"
              name="test    563"
              classname="make_test.t_uri_text_t" />
    <testcase time="0"
              name="test    564"
              classname="make_test.t_uri_text_t" />
    <testcase time="0"
              name="test    565"
              classname="make_test.t_uri_text_t" />
    <testcase time="0"
              name="test    566"
              classname="make_test.t_uri_text_t" />
    <testcase time="0"
              name="test    567"
              classname="make_test.t_uri_text_t" />

    <testcase time="0"
              name="test    568"
              classname="make_test.t_uri_text_t" />
    <testcase time="0"
              name="test    569"
              classname="make_test.t_uri_text_t" />
    <testcase time="0"
              name="test    570"
              classname="make_test.t_uri_text_t" />
    <testcase time="0"
              name="test    571"
              classname="make_test.t_uri_text_t" />
    <testcase time="0"
              name="test    572"
              classname="make_test.t_uri_text_t" />
    <testcase time="0"
              name="test    573"
              classname="make_test.t_uri_text_t" />
    <testcase time="0"
              name="test    574"
              classname="make_test.t_uri_text_t" />
    <testcase time="0"
              name="test    575"
              classname="make_test.t_uri_text_t" />
    <testcase time="0"
              name="test    576"
              classname="make_test.t_uri_text_t" />

    <testcase time="0"
              name="test    577"
              classname="make_test.t_uri_text_t" />
    <testcase time="0"
              name="test    578"
              classname="make_test.t_uri_text_t" />
    <testcase time="0"
              name="test    579"
              classname="make_test.t_uri_text_t" />
    <testcase time="0"
              name="test    580"
              classname="make_test.t_uri_text_t" />
    <testcase time="0"
              name="test    581"
              classname="make_test.t_uri_text_t" />
    <testcase time="0"
              name="test    582"
              classname="make_test.t_uri_text_t" />
    <testcase time="0"
              name="test    583"
              classname="make_test.t_uri_text_t" />
    <testcase time="0"
              name="test    584"
              classname="make_test.t_uri_text_t" />
    <testcase time="0"
              name="test    585"
              classname="make_test.t_uri_text_t" />

    <testcase time="0"
              name="test    586"
              classname="make_test.t_uri_text_t" />
    <testcase time="0"
              name="test    587"
              classname="make_test.t_uri_text_t" />
    <testcase time="0"
              name="test    588"
              classname="make_test.t_uri_text_t" />
    <testcase time="0"
              name="test    589"
              classname="make_test.t_uri_text_t" />
    <testcase time="0"
              name="test    590"
              classname="make_test.t_uri_text_t" />
    <testcase time="0"
              name="test    591"
              classname="make_test.t_uri_text_t" />
    <testcase time="0"
              name="test    592"
              classname="make_test.t_uri_text_t" />
    <testcase time="0"
              name="test    593"
              classname="make_test.t_uri_text_t" />
    <testcase time="0"
              name="test    594"
              classname="make_test.t_uri_text_t" />

    <testcase time="0"
              name="test    595"
              classname="make_test.t_uri_text_t" />
    <testcase time="0"
              name="test    596"
              classname="make_test.t_uri_text_t" />
    <testcase time="0"
              name="test    597"
              classname="make_test.t_uri_text_t" />
    <testcase time="0"
              name="test    598"
              classname="make_test.t_uri_text_t" />
    <testcase time="0"
              name="test    599"
              classname="make_test.t_uri_text_t" />
    <testcase time="0"
              name="test    600"
              classname="make_test.t_uri_text_t" />
    <testcase time="0"
              name="test    601"
              classname="make_test.t_uri_text_t" />
    <testcase time="0"
              name="test    602"
              classname="make_test.t_uri_text_t" />
    <testcase time="0"
              name="test    603"
              classname="make_test.t_uri_text_t" />

    <testcase time="0"
              name="test    604"
              classname="make_test.t_uri_text_t" />
    <testcase time="0"
              name="test    605"
              classname="make_test.t_uri_text_t" />
    <testcase time="0"
              name="test    606"
              classname="make_test.t_uri_text_t" />
    <testcase time="0"
              name="test    607"
              classname="make_test.t_uri_text_t" />
    <testcase time="0"
              name="test    608"
              classname="make_test.t_uri_text_t" />
    <testcase time="0"
              name="test    609"
              classname="make_test.t_uri_text_t" />
    <testcase time="0"
              name="test    610"
              classname="make_test.t_uri_text_t" />
    <testcase time="0"
              name="test    611"
              classname="make_test.t_uri_text_t" />
    <testcase time="0"
              name="test    612"
              classname="make_test.t_uri_text_t" />

    <testcase time="0"
              name="test    613"
              classname="make_test.t_uri_text_t" />
    <testcase time="0"
              name="test    614"
              classname="make_test.t_uri_text_t" />
    <testcase time="0"
              name="test    615"
              classname="make_test.t_uri_text_t" />
    <testcase time="0"
              name="test    616"
              classname="make_test.t_uri_text_t" />
    <testcase time="0"
              name="test    617"
              classname="make_test.t_uri_text_t" />
    <testcase time="0"
              name="test    618"
              classname="make_test.t_uri_text_t" />
    <testcase time="0"
              name="test    619"
              classname="make_test.t_uri_text_t" />
    <testcase time="0"
              name="test    620"
              classname="make_test.t_uri_text_t" />
    <testcase time="0"
              name="test    621"
              classname="make_test.t_uri_text_t" />

    <testcase time="0"
              name="test    622"
              classname="make_test.t_uri_text_t" />
    <testcase time="0"
              name="test    623"
              classname="make_test.t_uri_text_t" />
    <testcase time="0"
              name="test    624"
              classname="make_test.t_uri_text_t" />
    <testcase time="0"
              name="test    625"
              classname="make_test.t_uri_text_t" />
    <testcase time="0"
              name="test    626"
              classname="make_test.t_uri_text_t" />
    <testcase time="0"
              name="test    627"
              classname="make_test.t_uri_text_t" />
    <testcase time="0"
              name="test    628"
              classname="make_test.t_uri_text_t" />
    <testcase time="0"
              name="test    629"
              classname="make_test.t_uri_text_t" />
    <testcase time="0"
              name="test    630"
              classname="make_test.t_uri_text_t" />

    <testcase time="0"
              name="test    631"
              classname="make_test.t_uri_text_t" />
    <testcase time="0"
              name="test    632"
              classname="make_test.t_uri_text_t" />
    <testcase time="0"
              name="test    633"
              classname="make_test.t_uri_text_t" />
    <testcase time="0"
              name="test    634"
              classname="make_test.t_uri_text_t" />
    <testcase time="0"
              name="test    635"
              classname="make_test.t_uri_text_t" />
    <testcase time="0"
              name="test    636"
              classname="make_test.t_uri_text_t" />
    <testcase time="0"
              name="test    637"
              classname="make_test.t_uri_text_t" />
    <testcase time="0"
              name="test    638"
              classname="make_test.t_uri_text_t" />
    <testcase time="0"
              name="test    639"
              classname="make_test.t_uri_text_t" />

    <testcase time="0"
              name="test    640"
              classname="make_test.t_uri_text_t" />
    <testcase time="0"
              name="test    641"
              classname="make_test.t_uri_text_t" />
    <testcase time="0"
              name="test    642"
              classname="make_test.t_uri_text_t" />
    <testcase time="0"
              name="test    643"
              classname="make_test.t_uri_text_t" />
    <testcase time="0"
              name="test    644"
              classname="make_test.t_uri_text_t" />
    <testcase time="0"
              name="test    645"
              classname="make_test.t_uri_text_t" />
    <testcase time="0"
              name="test    646"
              classname="make_test.t_uri_text_t" />
    <testcase time="0"
              name="test    647"
              classname="make_test.t_uri_text_t" />
    <testcase time="0"
              name="test    648"
              classname="make_test.t_uri_text_t" />

    <testcase time="0"
              name="test    649"
              classname="make_test.t_uri_text_t" />
    <testcase time="0"
              name="test    650"
              classname="make_test.t_uri_text_t" />
    <testcase time="0"
              name="test    651"
              classname="make_test.t_uri_text_t" />
    <testcase time="0"
              name="test    652"
              classname="make_test.t_uri_text_t" />
    <testcase time="0"
              name="test    653"
              classname="make_test.t_uri_text_t" />
    <testcase time="0"
              name="test    654"
              classname="make_test.t_uri_text_t" />
    <testcase time="0"
              name="test    655"
              classname="make_test.t_uri_text_t" />
    <testcase time="0"
              name="test    656"
              classname="make_test.t_uri_text_t" />
    <testcase time="0"
              name="test    657"
              classname="make_test.t_uri_text_t" />

    <testcase time="0"
              name="test    658"
              classname="make_test.t_uri_text_t" />
    <testcase time="0"
              name="test    659"
              classname="make_test.t_uri_text_t" />
    <testcase time="0"
              name="test    660"
              classname="make_test.t_uri_text_t" />
    <testcase time="0"
              name="test    661"
              classname="make_test.t_uri_text_t" />
    <testcase time="0"
              name="test    662"
              classname="make_test.t_uri_text_t" />
    <testcase time="0"
              name="test    663"
              classname="make_test.t_uri_text_t" />
    <testcase time="0"
              name="test    664"
              classname="make_test.t_uri_text_t" />
    <testcase time="0"
              name="test    665"
              classname="make_test.t_uri_text_t" />
    <testcase time="0"
              name="test    666"
              classname="make_test.t_uri_text_t" />

    <testcase time="0"
              name="test    667"
              classname="make_test.t_uri_text_t" />
    <testcase time="0"
              name="test    668"
              classname="make_test.t_uri_text_t" />
    <testcase time="0"
              name="test    669"
              classname="make_test.t_uri_text_t" />
    <testcase time="0"
              name="test    670"
              classname="make_test.t_uri_text_t" />
    <testcase time="0"
              name="test    671"
              classname="make_test.t_uri_text_t" />
    <testcase time="0"
              name="test    672"
              classname="make_test.t_uri_text_t" />
    <testcase time="0"
              name="test    673"
              classname="make_test.t_uri_text_t" />
    <testcase time="0"
              name="test    674"
              classname="make_test.t_uri_text_t" />
    <testcase time="0"
              name="test    675"
              classname="make_test.t_uri_text_t" />

    <testcase time="0"
              name="test    676"
              classname="make_test.t_uri_text_t" />
    <testcase time="0"
              name="test    677"
              classname="make_test.t_uri_text_t" />
    <testcase time="0"
              name="test    678"
              classname="make_test.t_uri_text_t" /><system-out>
  <![CDATA[1..678
  # Running under perl version 5.008006 for solaris
  # Current time local: Thu Mar 27 09:27:11 2008
  # Current time GMT:   Thu Mar 27 09:27:11 2008
  # Using Test.pm version 1.25
  ok 1
  ok 2
  ok 3
  ok 4
  ok 5
  ok 6
  ok 7
  ok 8
  ok 9
  ok 10
  ok 11
  ok 12
  ok 13
  ok 14
  ok 15
  ok 16
  ok 17
  ok 18
  ok 19
  ok 20
  ok 21
  ok 22
  ok 23
  ok 24
  ok 25
  ok 26
  ok 27
  ok 28
  ok 29
  ok 30
  ok 31
  ok 32
  ok 33
  ok 34
  ok 35
  ok 36
  ok 37
  ok 38
  ok 39
  ok 40
  ok 41
  ok 42
  ok 43
  ok 44
  ok 45
  ok 46
  ok 47
  ok 48
  ok 49
  ok 50
  ok 51
  ok 52
  ok 53
  ok 54
  ok 55
  ok 56
  ok 57
  ok 58
  ok 59
  ok 60
  ok 61
  ok 62
  ok 63
  ok 64
  ok 65
  ok 66
  ok 67
  ok 68
  ok 69
  ok 70
  ok 71
  ok 72
  ok 73
  ok 74
  ok 75
  ok 76
  ok 77
  ok 78
  ok 79
  ok 80
  ok 81
  ok 82
  ok 83
  ok 84
  ok 85
  ok 86
  ok 87
  ok 88
  ok 89
  ok 90
  ok 91
  ok 92
  ok 93
  ok 94
  ok 95
  ok 96
  ok 97
  ok 98
  ok 99
  ok 100
  ok 101
  ok 102
  ok 103
  ok 104
  ok 105
  ok 106
  ok 107
  ok 108
  ok 109
  ok 110
  ok 111
  ok 112
  ok 113
  ok 114
  ok 115
  ok 116
  ok 117
  ok 118
  ok 119
  ok 120
  ok 121
  ok 122
  ok 123
  ok 124
  ok 125
  ok 126
  ok 127
  ok 128
  ok 129
  ok 130
  ok 131
  ok 132
  ok 133
  ok 134
  ok 135
  ok 136
  ok 137
  ok 138
  ok 139
  ok 140
  ok 141
  ok 142
  ok 143
  ok 144
  ok 145
  ok 146
  ok 147
  ok 148
  ok 149
  ok 150
  ok 151
  ok 152
  ok 153
  ok 154
  ok 155
  ok 156
  ok 157
  ok 158
  ok 159
  ok 160
  ok 161
  ok 162
  ok 163
  ok 164
  ok 165
  ok 166
  ok 167
  ok 168
  ok 169
  ok 170
  ok 171
  ok 172
  ok 173
  ok 174
  ok 175
  ok 176
  ok 177
  ok 178
  ok 179
  ok 180
  ok 181
  ok 182
  ok 183
  ok 184
  ok 185
  ok 186
  ok 187
  ok 188
  ok 189
  ok 190
  ok 191
  ok 192
  ok 193
  ok 194
  ok 195
  ok 196
  ok 197
  ok 198
  ok 199
  ok 200
  ok 201
  ok 202
  ok 203
  ok 204
  ok 205
  ok 206
  ok 207
  ok 208
  ok 209
  ok 210
  ok 211
  ok 212
  ok 213
  ok 214
  ok 215
  ok 216
  ok 217
  ok 218
  ok 219
  ok 220
  ok 221
  ok 222
  ok 223
  ok 224
  ok 225
  ok 226
  ok 227
  ok 228
  ok 229
  ok 230
  ok 231
  ok 232
  ok 233
  ok 234
  ok 235
  ok 236
  ok 237
  ok 238
  ok 239
  ok 240
  ok 241
  ok 242
  ok 243
  ok 244
  ok 245
  ok 246
  ok 247
  ok 248
  ok 249
  ok 250
  ok 251
  ok 252
  ok 253
  ok 254
  ok 255
  ok 256
  ok 257
  ok 258
  ok 259
  ok 260
  ok 261
  ok 262
  ok 263
  ok 264
  ok 265
  ok 266
  ok 267
  ok 268
  ok 269
  ok 270
  ok 271
  ok 272
  ok 273
  ok 274
  ok 275
  ok 276
  ok 277
  ok 278
  ok 279
  ok 280
  ok 281
  ok 282
  ok 283
  ok 284
  ok 285
  ok 286
  ok 287
  ok 288
  ok 289
  ok 290
  ok 291
  ok 292
  ok 293
  ok 294
  ok 295
  ok 296
  ok 297
  ok 298
  ok 299
  ok 300
  ok 301
  ok 302
  ok 303
  ok 304
  ok 305
  ok 306
  ok 307
  ok 308
  ok 309
  ok 310
  ok 311
  ok 312
  ok 313
  ok 314
  ok 315
  ok 316
  ok 317
  ok 318
  ok 319
  ok 320
  ok 321
  ok 322
  ok 323
  ok 324
  ok 325
  ok 326
  ok 327
  ok 328
  ok 329
  ok 330
  ok 331
  ok 332
  ok 333
  ok 334
  ok 335
  ok 336
  ok 337
  ok 338
  ok 339
  ok 340
  ok 341
  ok 342
  ok 343
  ok 344
  ok 345
  ok 346
  ok 347
  ok 348
  ok 349
  ok 350
  ok 351
  ok 352
  ok 353
  ok 354
  ok 355
  ok 356
  ok 357
  ok 358
  ok 359
  ok 360
  ok 361
  ok 362
  ok 363
  ok 364
  ok 365
  ok 366
  ok 367
  ok 368
  ok 369
  ok 370
  ok 371
  ok 372
  ok 373
  ok 374
  ok 375
  ok 376
  ok 377
  ok 378
  ok 379
  ok 380
  ok 381
  ok 382
  ok 383
  ok 384
  ok 385
  ok 386
  ok 387
  ok 388
  ok 389
  ok 390
  ok 391
  ok 392
  ok 393
  ok 394
  ok 395
  ok 396
  ok 397
  ok 398
  ok 399
  ok 400
  ok 401
  ok 402
  ok 403
  ok 404
  ok 405
  ok 406
  ok 407
  ok 408
  ok 409
  ok 410
  ok 411
  ok 412
  ok 413
  ok 414
  ok 415
  ok 416
  ok 417
  ok 418
  ok 419
  ok 420
  ok 421
  ok 422
  ok 423
  ok 424
  ok 425
  ok 426
  ok 427
  ok 428
  ok 429
  ok 430
  ok 431
  ok 432
  ok 433
  ok 434
  ok 435
  ok 436
  ok 437
  ok 438
  ok 439
  ok 440
  ok 441
  ok 442
  ok 443
  ok 444
  ok 445
  ok 446
  ok 447
  ok 448
  ok 449
  ok 450
  ok 451
  ok 452
  ok 453
  ok 454
  ok 455
  ok 456
  ok 457
  ok 458
  ok 459
  ok 460
  ok 461
  ok 462
  ok 463
  ok 464
  ok 465
  ok 466
  ok 467
  ok 468
  ok 469
  ok 470
  ok 471
  ok 472
  ok 473
  ok 474
  ok 475
  ok 476
  ok 477
  ok 478
  ok 479
  ok 480
  ok 481
  ok 482
  ok 483
  ok 484
  ok 485
  ok 486
  ok 487
  ok 488
  ok 489
  ok 490
  ok 491
  ok 492
  ok 493
  ok 494
  ok 495
  ok 496
  ok 497
  ok 498
  ok 499
  ok 500
  ok 501
  ok 502
  ok 503
  ok 504
  ok 505
  ok 506
  ok 507
  ok 508
  ok 509
  ok 510
  ok 511
  ok 512
  ok 513
  ok 514
  ok 515
  ok 516
  ok 517
  ok 518
  ok 519
  ok 520
  ok 521
  ok 522
  ok 523
  ok 524
  ok 525
  ok 526
  ok 527
  ok 528
  ok 529
  ok 530
  ok 531
  ok 532
  ok 533
  ok 534
  ok 535
  ok 536
  ok 537
  ok 538
  ok 539
  ok 540
  ok 541
  ok 542
  ok 543
  ok 544
  ok 545
  ok 546
  ok 547
  ok 548
  ok 549
  ok 550
  ok 551
  ok 552
  ok 553
  ok 554
  ok 555
  ok 556
  ok 557
  ok 558
  ok 559
  ok 560
  ok 561
  ok 562
  ok 563
  ok 564
  ok 565
  ok 566
  ok 567
  ok 568
  ok 569
  ok 570
  ok 571
  ok 572
  ok 573
  ok 574
  ok 575
  ok 576
  ok 577
  ok 578
  ok 579
  ok 580
  ok 581
  ok 582
  ok 583
  ok 584
  ok 585
  ok 586
  ok 587
  ok 588
  ok 589
  ok 590
  ok 591
  ok 592
  ok 593
  ok 594
  ok 595
  ok 596
  ok 597
  ok 598
  ok 599
  ok 600
  ok 601
  ok 602
  ok 603
  ok 604
  ok 605
  ok 606
  ok 607
  ok 608
  ok 609
  ok 610
  ok 611
  ok 612
  ok 613
  ok 614
  ok 615
  ok 616
  ok 617
  ok 618
  ok 619
  ok 620
  ok 621
  ok 622
  ok 623
  ok 624
  ok 625
  ok 626
  ok 627
  ok 628
  ok 629
  ok 630
  ok 631
  ok 632
  ok 633
  ok 634
  ok 635
  ok 636
  ok 637
  ok 638
  ok 639
  ok 640
  ok 641
  ok 642
  ok 643
  ok 644
  ok 645
  ok 646
  ok 647
  ok 648
  ok 649
  ok 650
  ok 651
  ok 652
  ok 653
  ok 654
  ok 655
  ok 656
  ok 657
  ok 658
  ok 659
  ok 660
  ok 661
  ok 662
  ok 663
  ok 664
  ok 665
  ok 666
  ok 667
  ok 668
  ok 669
  ok 670
  ok 671
  ok 672
  ok 673
  ok 674
  ok 675
  ok 676
  ok 677
  ok 678
  ]]>
  </system-out><system-err />
  </testsuite>
  <testsuite failures="0"
             errors="0"
             tests="4"
             time="0"
             name="make_test.t_utf8_t"
             id="101">
    <testcase time="0"
              name="test      1"
              classname="make_test.t_utf8_t" />
    <testcase time="0"
              name="test      2"
              classname="make_test.t_utf8_t" />

    <testcase time="0"
              name="test      3"
              classname="make_test.t_utf8_t" />
    <testcase time="0"
              name="test      4"
              classname="make_test.t_utf8_t" /><system-out>
  <![CDATA[1..0
  # Running under perl version 5.008006 for solaris
  # Current time local: Thu Mar 27 09:27:12 2008
  # Current time GMT:   Thu Mar 27 09:27:12 2008
  # Using Test.pm version 1.25
  skipped: (no reason given)
  t/utf8............................
  1..4
  # Running under perl version 5.008006 for solaris
  # Current time local: Thu Mar 27 09:27:12 2008
  # Current time GMT:   Thu Mar 27 09:27:12 2008
  # Using Test.pm version 1.25
  	/export/home/jm/tools/perl586/bin/perl -T -w ../spamassassin.raw -C log/test_rules_copy  --siteconfigpath log/localrules.tmp -p log/test_default.cf  -L -t < data/spam/009
  ok 1
  	Checking flag
  ok 2
  	Checking stars
  ok 3
  	Checking status
  ok 4
  ]]>
  </system-out><system-err />
  </testsuite>
  <testsuite failures="0"
             errors="0"
             tests="5"
             time="0"
             name="make_test.t_util_wrap_t"
             id="102">
    <testcase time="0"
              name="test      1"
              classname="make_test.t_util_wrap_t" />
    <testcase time="0"
              name="test      2"
              classname="make_test.t_util_wrap_t" />
    <testcase time="0"
              name="test      3"
              classname="make_test.t_util_wrap_t" />

    <testcase time="0"
              name="test      4"
              classname="make_test.t_util_wrap_t" />
    <testcase time="0"
              name="test      5"
              classname="make_test.t_util_wrap_t" /><system-out>
  <![CDATA[1..5
  # Running under perl version 5.008006 for solaris
  # Current time local: Thu Mar 27 09:27:14 2008
  # Current time GMT:   Thu Mar 27 09:27:14 2008
  # Using Test.pm version 1.25
  ok 1
  ok 2
  ok 3
  ok 4
  ok 5
  ]]>
  </system-out><system-err />
  </testsuite>
  <testsuite failures="0"
             errors="0"
             tests="5"
             time="0"
             name="make_test.t_whitelist_addrs_t"
             id="103">
    <testcase time="0"
              name="test      1"
              classname="make_test.t_whitelist_addrs_t" />
    <testcase time="0"
              name="test      2"
              classname="make_test.t_whitelist_addrs_t" />
    <testcase time="0"
              name="test      3"
              classname="make_test.t_whitelist_addrs_t" />

    <testcase time="0"
              name="test      4"
              classname="make_test.t_whitelist_addrs_t" />
    <testcase time="0"
              name="test      5"
              classname="make_test.t_whitelist_addrs_t" /><system-out>
  <![CDATA[1..5
  # Running under perl version 5.008006 for solaris
  # Current time local: Thu Mar 27 09:27:14 2008
  # Current time GMT:   Thu Mar 27 09:27:14 2008
  # Using Test.pm version 1.25
  	/export/home/jm/tools/perl586/bin/perl -T -w ../spamassassin.raw -C log/test_rules_copy  --siteconfigpath log/localrules.tmp -p log/test_default.cf  --add-addr-to-whitelist whitelist_test@whitelist.spamassassin.taint.org
  	/export/home/jm/tools/perl586/bin/perl -T -w ../spamassassin.raw -C log/test_rules_copy  --siteconfigpath log/localrules.tmp -p log/test_default.cf  -L < data/nice/002
  ok 1
  	Checking spamno
  ok 2
  	/export/home/jm/tools/perl586/bin/perl -T -w ../spamassassin.raw -C log/test_rules_copy  --siteconfigpath log/localrules.tmp -p log/test_default.cf  -L < data/spam/004
  	Checking spamno
  ok 3
  	/export/home/jm/tools/perl586/bin/perl -T -w ../spamassassin.raw -C log/test_rules_copy  --siteconfigpath log/localrules.tmp -p log/test_default.cf  --remove-addr-from-whitelist whitelist_test@whitelist.spamassassin.taint.org
  	/export/home/jm/tools/perl586/bin/perl -T -w ../spamassassin.raw -C log/test_rules_copy  --siteconfigpath log/localrules.tmp -p log/test_default.cf  -L < data/spam/004
  	Checking spamyes
  ok 4
  	/export/home/jm/tools/perl586/bin/perl -T -w ../spamassassin.raw -C log/test_rules_copy  --siteconfigpath log/localrules.tmp -p log/test_default.cf  --add-addr-to-blacklist whitelist_test@whitelist.spamassassin.taint.org
  	/export/home/jm/tools/perl586/bin/perl -T -w ../spamassassin.raw -C log/test_rules_copy  --siteconfigpath log/localrules.tmp -p log/test_default.cf  -L < data/nice/002
  	Checking spamyes
  ok 5
  ]]>
  </system-out><system-err />
  </testsuite>
  <testsuite failures="0"
             errors="0"
             tests="32"
             time="0"
             name="make_test.t_whitelist_from_t"
             id="104">
    <testcase time="0"
              name="test      1"
              classname="make_test.t_whitelist_from_t" />
    <testcase time="0"
              name="test      2"
              classname="make_test.t_whitelist_from_t" />
    <testcase time="0"
              name="test      3"
              classname="make_test.t_whitelist_from_t" />

    <testcase time="0"
              name="test      4"
              classname="make_test.t_whitelist_from_t" />
    <testcase time="0"
              name="test      5"
              classname="make_test.t_whitelist_from_t" />
    <testcase time="0"
              name="test      6"
              classname="make_test.t_whitelist_from_t" />
    <testcase time="0"
              name="test      7"
              classname="make_test.t_whitelist_from_t" />
    <testcase time="0"
              name="test      8"
              classname="make_test.t_whitelist_from_t" />
    <testcase time="0"
              name="test      9"
              classname="make_test.t_whitelist_from_t" />
    <testcase time="0"
              name="test     10"
              classname="make_test.t_whitelist_from_t" />
    <testcase time="0"
              name="test     11"
              classname="make_test.t_whitelist_from_t" />
    <testcase time="0"
              name="test     12"
              classname="make_test.t_whitelist_from_t" />

    <testcase time="0"
              name="test     13"
              classname="make_test.t_whitelist_from_t" />
    <testcase time="0"
              name="test     14"
              classname="make_test.t_whitelist_from_t" />
    <testcase time="0"
              name="test     15"
              classname="make_test.t_whitelist_from_t" />
    <testcase time="0"
              name="test     16"
              classname="make_test.t_whitelist_from_t" />
    <testcase time="0"
              name="test     17"
              classname="make_test.t_whitelist_from_t" />
    <testcase time="0"
              name="test     18"
              classname="make_test.t_whitelist_from_t" />
    <testcase time="0"
              name="test     19"
              classname="make_test.t_whitelist_from_t" />
    <testcase time="0"
              name="test     20"
              classname="make_test.t_whitelist_from_t" />
    <testcase time="0"
              name="test     21"
              classname="make_test.t_whitelist_from_t" />

    <testcase time="0"
              name="test     22"
              classname="make_test.t_whitelist_from_t" />
    <testcase time="0"
              name="test     23"
              classname="make_test.t_whitelist_from_t" />
    <testcase time="0"
              name="test     24"
              classname="make_test.t_whitelist_from_t" />
    <testcase time="0"
              name="test     25"
              classname="make_test.t_whitelist_from_t" />
    <testcase time="0"
              name="test     26"
              classname="make_test.t_whitelist_from_t" />
    <testcase time="0"
              name="test     27"
              classname="make_test.t_whitelist_from_t" />
    <testcase time="0"
              name="test     28"
              classname="make_test.t_whitelist_from_t" />
    <testcase time="0"
              name="test     29"
              classname="make_test.t_whitelist_from_t" />
    <testcase time="0"
              name="test     30"
              classname="make_test.t_whitelist_from_t" />

    <testcase time="0"
              name="test     31"
              classname="make_test.t_whitelist_from_t" />
    <testcase time="0"
              name="test     32"
              classname="make_test.t_whitelist_from_t" /><system-out>
  <![CDATA[1..32
  # Running under perl version 5.008006 for solaris
  # Current time local: Thu Mar 27 09:27:24 2008
  # Current time GMT:   Thu Mar 27 09:27:24 2008
  # Using Test.pm version 1.25
  	/export/home/jm/tools/perl586/bin/perl -T -w ../spamassassin.raw -C log/test_rules_copy  --siteconfigpath log/localrules.tmp -p log/tst.cf  -L -t < data/nice/008
  	Checking w1
  ok 1
  	Checking for anti-pattern a4
  ok 2
  	Checking for anti-pattern a2
  ok 3
  	Checking for anti-pattern a3
  ok 4
  	/export/home/jm/tools/perl586/bin/perl -T -w ../spamassassin.raw -C log/test_rules_copy  --siteconfigpath log/localrules.tmp -p log/tst.cf  -L -t < data/nice/009
  	Checking w1
  ok 5
  	Checking for anti-pattern a4
  ok 6
  	Checking for anti-pattern a2
  ok 7
  	Checking for anti-pattern a3
  ok 8
  	/export/home/jm/tools/perl586/bin/perl -T -w ../spamassassin.raw -C log/test_rules_copy  --siteconfigpath log/localrules.tmp -p log/tst.cf  -L -t < data/nice/010
  	Checking w1
  ok 9
  	Checking for anti-pattern a4
  ok 10
  	Checking for anti-pattern a2
  ok 11
  	Checking for anti-pattern a3
  ok 12
  	/export/home/jm/tools/perl586/bin/perl -T -w ../spamassassin.raw -C log/test_rules_copy  --siteconfigpath log/localrules.tmp -p log/tst.cf  -L -t < data/nice/011
  	Checking w5
  ok 13
  	Checking for anti-pattern a8
  ok 14
  	Checking for anti-pattern a7
  ok 15
  	Checking for anti-pattern a6
  ok 16
  	/export/home/jm/tools/perl586/bin/perl -T -w ../spamassassin.raw -C log/test_rules_copy  --siteconfigpath log/localrules.tmp -p log/tst.cf  -L -t < data/nice/012
  	Checking w5
  ok 17
  	Checking for anti-pattern a8
  ok 18
  	Checking for anti-pattern a7
  ok 19
  	Checking for anti-pattern a6
  ok 20
  	/export/home/jm/tools/perl586/bin/perl -T -w ../spamassassin.raw -C log/test_rules_copy  --siteconfigpath log/localrules.tmp -p log/tst.cf  -L -t < data/nice/013
  	Checking for anti-pattern a12
  ok 21
  	Checking for anti-pattern a10
  ok 22
  	Checking for anti-pattern a11
  ok 23
  	Checking for anti-pattern a9
  ok 24
  	/export/home/jm/tools/perl586/bin/perl -T -w ../spamassassin.raw -C log/test_rules_copy  --siteconfigpath log/localrules.tmp -p log/tst.cf  -L -t < data/nice/014
  	Checking for anti-pattern a12
  ok 25
  	Checking for anti-pattern a10
  ok 26
  	Checking for anti-pattern a11
  ok 27
  	Checking for anti-pattern a9
  ok 28
  	/export/home/jm/tools/perl586/bin/perl -T -w ../spamassassin.raw -C log/test_rules_copy  --siteconfigpath log/localrules.tmp -p log/tst.cf  -L -t < data/nice/015
  	Checking for anti-pattern a12
  ok 29
  	Checking for anti-pattern a10
  ok 30
  	Checking for anti-pattern a11
  ok 31
  	Checking for anti-pattern a9
  ok 32
  ]]>
  </system-out><system-err />
  </testsuite>
  <testsuite failures="0"
             errors="0"
             tests="4"
             time="0"
             name="make_test.t_whitelist_subject_t"
             id="105">
    <testcase time="0"
              name="test      1"
              classname="make_test.t_whitelist_subject_t" />
    <testcase time="0"
              name="test      2"
              classname="make_test.t_whitelist_subject_t" />
    <testcase time="0"
              name="test      3"
              classname="make_test.t_whitelist_subject_t" />

    <testcase time="0"
              name="test      4"
              classname="make_test.t_whitelist_subject_t" /><system-out>
  <![CDATA[1..4
  # Running under perl version 5.008006 for solaris
  # Current time local: Thu Mar 27 09:27:37 2008
  # Current time GMT:   Thu Mar 27 09:27:37 2008
  # Using Test.pm version 1.25
  	/export/home/jm/tools/perl586/bin/perl -T -w ../spamassassin.raw -C log/test_rules_copy  --siteconfigpath log/localrules.tmp -p log/tst.cf  -L -t < data/nice/016
  ok 1
  	Checking whitelist-subject
  ok 2
  	/export/home/jm/tools/perl586/bin/perl -T -w ../spamassassin.raw -C log/test_rules_copy  --siteconfigpath log/localrules.tmp -p log/tst.cf  -L -t < data/nice/015
  ok 3
  	Checking blacklist-subject
  ok 4
  ]]>
  </system-out><system-err />
  </testsuite>
  <testsuite failures="0"
             errors="0"
             tests="1"
             time="0"
             name="make_test.t_whitelist_to_t"
             id="106">
    <testcase time="0"
              name="test      1"
              classname="make_test.t_whitelist_to_t" /><system-out>
  <![CDATA[1..1
  # Running under perl version 5.008006 for solaris
  # Current time local: Thu Mar 27 09:27:40 2008
  # Current time GMT:   Thu Mar 27 09:27:40 2008
  # Using Test.pm version 1.25
  	/export/home/jm/tools/perl586/bin/perl -T -w ../spamassassin.raw -C log/test_rules_copy  --siteconfigpath log/localrules.tmp -p log/tst.cf  -L -t < data/nice/016
  	Checking hit-wl
  ok 1
  ]]>
  </system-out><system-err />
  </testsuite>

  <testsuite failures="0"
             errors="0"
             tests="1"
             time="0"
             name="make_test.Test_Summary_Report"
             id="107">
    <testcase time="0"
              name="test      1"
              classname="make_test.t_zz_cleanup_t" /><system-out>
  <![CDATA[1..1
  # Running under perl version 5.008006 for solaris
  # Current time local: Thu Mar 27 09:27:42 2008
  # Current time GMT:   Thu Mar 27 09:27:42 2008
  # Using Test.pm version 1.25
  ok 1
  ]]>
  </system-out><system-err />
  </testsuite>
  <testsuite failures="1"
             errors="0"
             tests="1"
             time="0"
             name="make_test.Test_Summary_Report"
             id="108"><system-out>
  <![CDATA[Test Summary Report
  -------------------
  t/basic_obj_api.t (Wstat: 0 Tests: 4 Failed: 1)
    Failed test:  4
  Files=149, Tests=2653, 572 wallclock secs ( 0.86 usr  0.48 sys + 396.08 cusr 36.01 csys = 433.43 CPU)
  Result: FAIL
  ]]>
  </system-out><system-err /></testsuite>
</testsuites>