<?xml version='1.0' encoding='UTF-8'?>
<result>
  <suites>
    <suite>
      <file>./TEST-TestSuite.xml</file>
      <name>TestSuite</name>
      <duration>0.128</duration>
      <cases>
        <case>
          <duration>0.128</duration>
          <className>service.EchoServletIT</className>
          <testName>sayHello</testName>
          <skipped>true</skipped>
          <failedSince>0</failedSince>
        </case>
      </cases>
    </suite>
    <suite>
      <file>./failsafe-summary.xml</file>
      <name>(failsafe-summary.xml)</name>
      <duration>0.0</duration>
      <cases/>
    </suite>
    <suite>
      <file>./testng-results.xml</file>
      <name>(testng-results.xml)</name>
      <duration>0.0</duration>
      <cases/>
    </suite>
    <suite>
      <file>./TEST-TestSuite.xml</file>
      <name>TestSuite</name>
      <duration>0.293</duration>
      <cases>
        <case>
          <duration>0.293</duration>
          <className>service.EchoServletTest</className>
          <testName>sayHello</testName>
          <skipped>false</skipped>
          <failedSince>0</failedSince>
        </case>
      </cases>
    </suite>
    <suite>
      <file>./testng-results.xml</file>
      <name>(testng-results.xml)</name>
      <duration>0.0</duration>
      <cases/>
    </suite>
    <suite>
      <file>./TEST-TestSuite.xml</file>
      <name>broken</name>
      <duration>0.155</duration>
      <cases>
        <case>
          <duration>0.0020</duration>
          <className>breakable.misc.StupidTest</className>
          <testName>doSomething</testName>
          <skipped>false</skipped>
          <failedSince>0</failedSince>
        </case>
        <case>
          <duration>0.0</duration>
          <className>breakable.misc.StupidTest</className>
          <testName>jumparound</testName>
          <skipped>false</skipped>
          <failedSince>0</failedSince>
        </case>
        <case>
          <duration>0.0</duration>
          <className>breakable.misc.UglyTest</className>
          <testName>jumpAroundYouUglyPerson</testName>
          <skipped>false</skipped>
          <failedSince>0</failedSince>
        </case>
        <case>
          <duration>0.0</duration>
          <className>breakable.misc.UglyTest</className>
          <testName>doSomethingUgly</testName>
          <skipped>false</skipped>
          <failedSince>0</failedSince>
        </case>
        <case>
          <duration>0.0010</duration>
          <className>breakable.misc.UglyTest</className>
          <testName>becomeUglier</testName>
          <skipped>false</skipped>
          <errorStackTrace>java.lang.AssertionError: Yeah, ugly and broken.
	at org.testng.Assert.fail(Assert.java:84)
	at breakable.misc.UglyTest.becomeUglier(UglyTest.java:25)
</errorStackTrace>
          <errorDetails>Yeah, ugly and broken.</errorDetails>
          <failedSince>5</failedSince>
        </case>
        <case>
          <duration>0.15</duration>
          <className>breakable.service.EchoServletTest</className>
          <testName>sayHello</testName>
          <skipped>false</skipped>
          <failedSince>0</failedSince>
        </case>
        <case>
          <duration>0.0020</duration>
          <className>service.EchoServletTest</className>
          <testName>sayHello</testName>
          <skipped>false</skipped>
          <failedSince>0</failedSince>
        </case>
      </cases>
    </suite>
  </suites>
  <duration>0.576</duration>
</result>