<?xml version="1.0" encoding="UTF-8" ?>
<testsuite errors="1" failures="0" hostname="whatever" name="gda.device.detector.XHDetectorTest" tests="1" time="0.0" timestamp="2011-07-22T13:12:19">
  <properties>
    <property name="sun.arch.data.model" value="32" />
     Etc etc
  </properties>
  <error message="gda/device/detector/DAServer" type="java.lang.NoClassDefFoundError">java.lang.NoClassDefFoundError: gda/device/detector/DAServer
    at java.lang.Class.forName0(Native Method)
    at java.lang.Class.forName(Class.java:169)
Caused by: java.lang.ClassNotFoundException: gda.device.detector.DAServer
    at java.net.URLClassLoader$1.run(URLClassLoader.java:202)
    at java.security.AccessController.doPrivileged(Native Method)
    at java.net.URLClassLoader.findClass(URLClassLoader.java:190)
    at java.lang.ClassLoader.loadClass(ClassLoader.java:307)
    at sun.misc.Launcher$AppClassLoader.loadClass(Launcher.java:301)
    at java.lang.ClassLoader.loadClass(ClassLoader.java:248)
</error>
  <system-out><![CDATA[]]></system-out>
  <system-err><![CDATA[]]></system-err>
</testsuite>