<?xml version="1.0" encoding="UTF-8"?>
<testsuites name="Automation Tests" tests="2" errors="0" failures="0" ignored="0">
    <testsuite name="test.fs.FileSystemTests">
      <testcase name="testPrefix1" classname="test.fs.FileSystemTest1" time="10"/>
      <testcase name="testPrefix1A" classname="test.fs.FileSystemTest1" time="10"/>
    </testsuite>
    <testsuite name="test.fs.FileSystemTests">
      <testcase name="testPrefix2" classname="test.fs.FileSystemTest1" time="10"/>
    </testsuite>
</testsuites>