<?xml version="1.0" encoding="UTF-8"?>
<testsuite xmlns:xsi="http://www.w3.org/2001/XMLSchema-instance" xsi:noNamespaceSchemaLocation="https://maven.apache.org/surefire/maven-surefire-plugin/xsd/surefire-test-report-3.0.xsd" version="3.0" name="test.TestJUnit5FailingInBeforeAll" time="0.016" tests="1" errors="0" skipped="0" failures="1">
  <properties>
    <property name="sun.desktop" value="windows"/>
    <property name="awt.toolkit" value="sun.awt.windows.WToolkit"/>
    <property name="file.encoding.pkg" value="sun.io"/>
    <property name="java.specification.version" value="1.8"/>
    <property name="sun.cpu.isalist" value="pentium_pro+mmx pentium_pro pentium+mmx pentium i486 i386 i86"/>
    <property name="sun.jnu.encoding" value="Cp1252"/>
    <property name="java.class.path" value="C:\dev\workspace\test-surefire-reports-parent\with-junit5\target\test-classes;C:\dev\workspace\test-surefire-reports-parent\with-junit5\target\classes;C:\Users\magu\.m2\repository\org\junit\jupiter\junit-jupiter-api\5.6.2\junit-jupiter-api-5.6.2.jar;C:\Users\magu\.m2\repository\org\apiguardian\apiguardian-api\1.1.0\apiguardian-api-1.1.0.jar;C:\Users\magu\.m2\repository\org\opentest4j\opentest4j\1.2.0\opentest4j-1.2.0.jar;C:\Users\magu\.m2\repository\org\junit\platform\junit-platform-commons\1.6.2\junit-platform-commons-1.6.2.jar;C:\Users\magu\.m2\repository\org\junit\jupiter\junit-jupiter-engine\5.6.2\junit-jupiter-engine-5.6.2.jar;C:\Users\magu\.m2\repository\org\junit\platform\junit-platform-engine\1.6.2\junit-platform-engine-1.6.2.jar;"/>
    <property name="java.vm.vendor" value="Oracle Corporation"/>
    <property name="sun.arch.data.model" value="32"/>
    <property name="user.variant" value=""/>
    <property name="java.vendor.url" value="http://java.oracle.com/"/>
    <property name="user.timezone" value="Europe/Berlin"/>
    <property name="java.vm.specification.version" value="1.8"/>
    <property name="os.name" value="Windows 10"/>
    <property name="user.country" value="DE"/>
    <property name="sun.java.launcher" value="SUN_STANDARD"/>
    <property name="sun.boot.library.path" value="C:\Programme\Java\jdk1.8.0_202-x86\jre\bin"/>
    <property name="sun.java.command" value="C:\Users\magu\AppData\Local\Temp\surefire3969554117968190124\surefirebooter1480860534096912961.jar C:\Users\magu\AppData\Local\Temp\surefire3969554117968190124 2020-07-16T09-11-12_060-jvmRun1 surefire4857892063238645028tmp surefire_02254713666124373087tmp"/>
    <property name="surefire.test.class.path" value="C:\dev\workspace\test-surefire-reports-parent\with-junit5\target\test-classes;C:\dev\workspace\test-surefire-reports-parent\with-junit5\target\classes;C:\Users\magu\.m2\repository\org\junit\jupiter\junit-jupiter-api\5.6.2\junit-jupiter-api-5.6.2.jar;C:\Users\magu\.m2\repository\org\apiguardian\apiguardian-api\1.1.0\apiguardian-api-1.1.0.jar;C:\Users\magu\.m2\repository\org\opentest4j\opentest4j\1.2.0\opentest4j-1.2.0.jar;C:\Users\magu\.m2\repository\org\junit\platform\junit-platform-commons\1.6.2\junit-platform-commons-1.6.2.jar;C:\Users\magu\.m2\repository\org\junit\jupiter\junit-jupiter-engine\5.6.2\junit-jupiter-engine-5.6.2.jar;C:\Users\magu\.m2\repository\org\junit\platform\junit-platform-engine\1.6.2\junit-platform-engine-1.6.2.jar;"/>
    <property name="sun.cpu.endian" value="little"/>
    <property name="user.home" value="C:\Users\magu"/>
    <property name="user.language" value="de"/>
    <property name="java.specification.vendor" value="Oracle Corporation"/>
    <property name="java.home" value="C:\Programme\Java\jdk1.8.0_202-x86\jre"/>
    <property name="basedir" value="C:\dev\workspace\test-surefire-reports-parent\with-junit5"/>
    <property name="file.separator" value="\"/>
    <property name="line.separator" value="&#10;"/>
    <property name="java.vm.specification.vendor" value="Oracle Corporation"/>
    <property name="java.specification.name" value="Java Platform API Specification"/>
    <property name="java.awt.graphicsenv" value="sun.awt.Win32GraphicsEnvironment"/>
    <property name="surefire.real.class.path" value="C:\Users\magu\AppData\Local\Temp\surefire3969554117968190124\surefirebooter1480860534096912961.jar"/>
    <property name="sun.boot.class.path" value="C:\Programme\Java\jdk1.8.0_202-x86\jre\lib\resources.jar;C:\Programme\Java\jdk1.8.0_202-x86\jre\lib\rt.jar;C:\Programme\Java\jdk1.8.0_202-x86\jre\lib\sunrsasign.jar;C:\Programme\Java\jdk1.8.0_202-x86\jre\lib\jsse.jar;C:\Programme\Java\jdk1.8.0_202-x86\jre\lib\jce.jar;C:\Programme\Java\jdk1.8.0_202-x86\jre\lib\charsets.jar;C:\Programme\Java\jdk1.8.0_202-x86\jre\lib\jfr.jar;C:\Programme\Java\jdk1.8.0_202-x86\jre\classes"/>
    <property name="user.script" value=""/>
    <property name="sun.management.compiler" value="HotSpot Client Compiler"/>
    <property name="java.runtime.version" value="1.8.0_202-b08"/>
    <property name="user.name" value="magu"/>
    <property name="path.separator" value=";"/>
    <property name="os.version" value="10.0"/>
    <property name="java.endorsed.dirs" value="C:\Programme\Java\jdk1.8.0_202-x86\jre\lib\endorsed"/>
    <property name="java.runtime.name" value="Java(TM) SE Runtime Environment"/>
    <property name="file.encoding" value="Cp1252"/>
    <property name="java.vm.name" value="Java HotSpot(TM) Client VM"/>
    <property name="localRepository" value="C:\Users\magu\.m2\repository"/>
    <property name="java.vendor.url.bug" value="http://bugreport.sun.com/bugreport/"/>
    <property name="java.io.tmpdir" value="C:\Users\magu\AppData\Local\Temp\"/>
    <property name="java.version" value="1.8.0_202"/>
    <property name="user.dir" value="C:\dev\workspace\test-surefire-reports-parent\with-junit5"/>
    <property name="os.arch" value="x86"/>
    <property name="java.vm.specification.name" value="Java Virtual Machine Specification"/>
    <property name="java.awt.printerjob" value="sun.awt.windows.WPrinterJob"/>
    <property name="sun.os.patch.level" value=""/>
    <property name="java.library.path" value="C:\Programme\Java\jdk1.8.0_202-x86\jre\bin;C:\Windows\Sun\Java\bin;C:\Windows\system32;C:\Windows;C:\dev\misc\groovy-2.5.8\bin;C:\Users\magu\bin;C:\Program Files\Git\mingw64\bin;C:\Program Files\Git\usr\local\bin;C:\Program Files\Git\usr\bin;C:\Program Files\Git\usr\bin;C:\Program Files\Git\mingw64\bin;C:\Program Files\Git\usr\bin;C:\Users\magu\bin;C:\Program Files (x86)\Common Files\Oracle\Java\javapath;C:\Windows\system32;C:\Windows;C:\Windows\System32\Wbem;C:\Windows\System32\WindowsPowerShell\v1.0;C:\Windows\System32\OpenSSH;C:\Program Files\Intel\WiFi\bin;C:\Program Files\Common Files\Intel\WirelessCommon;C:\PRD012~1\DBMS\IBM\SQLLIB\BIN;C:\PRD012~1\DBMS\IBM\SQLLIB\FUNCTION;C:\PRD012~1\DBMS\IBM\SQLLIB\SAMPLES\REPL;C:\Programme\DBMS\Sybase\SQL Anywhere 8\win32;C:\Programme\DBMS\Sybase\Shared\win32;C:\Programme\DBMS\Sybase\SQL Anywhere 8\drivers;C:\Programme\DBMS\Sybase\Shared\Sybase Central 4.1;C:\dev\jdk8u212-b03\bin;C:\dev\apache-maven-3.6.1\bin;C:\Program Files\Git\cmd;C:\Program Files\Git\mingw64\bin;C:\Program Files\Git\usr\bin;C:\Program Files\PuTTY;C:\Programme\maven\apache-maven-3.6.3\bin;C:\Users\magu\AppData\Local\Microsoft\WindowsApps;C:\Users\magu\bin;C:\dev\misc\apache-ant-1.10.7\bin;C:\Program Files\Git\usr\bin\vendor_perl;C:\Program Files\Git\usr\bin\core_perl;;."/>
    <property name="java.vm.info" value="mixed mode"/>
    <property name="java.vendor" value="Oracle Corporation"/>
    <property name="java.vm.version" value="25.202-b08"/>
    <property name="java.ext.dirs" value="C:\Programme\Java\jdk1.8.0_202-x86\jre\lib\ext;C:\Windows\Sun\Java\lib\ext"/>
    <property name="sun.io.unicode.encoding" value="UnicodeLittle"/>
    <property name="java.class.version" value="52.0"/>
  </properties>
  <testcase name="" classname="test.TestJUnit5FailingInBeforeAll" time="0.016">
    <failure type="org.opentest4j.AssertionFailedError"><![CDATA[org.opentest4j.AssertionFailedError: Failure in @BeforeAll method
	at test.TestJUnit5FailingInBeforeAll.setup(TestJUnit5FailingInBeforeAll.java:14)
]]></failure>
    <system-out><![CDATA[In setup...
]]></system-out>
  </testcase>
</testsuite>