<?xml version="1.0" encoding="UTF-8" standalone="yes"?>
<testsuites>
  <testsuite name="io.jenkins.example.AnExampleTestClass" time="2.000" tests="2" errors="0" skipped="0" failures="1">
    <testcase name="testCaseA" classname="io.jenkins.example.AnExampleTestClass" time="1.000">
      <failure message="expected: [a] but was: [b]" type="org.junit.ComparisonFailure">
        org.junit.ComparisonFailure: expected: [a] but was: [b]
      </failure>
    </testcase>
    <testcase name="testCaseZ" classname="io.jenkins.example.AnExampleTestClass" time="1.000" />
  </testsuite>
</testsuites>
