<testsuite>
              <properties>
              <property name="prop1" value="value1" />
              <property name="multiline">
                  Config line 1
                  Config line 2
                  Config line 3
              </property>
            </properties>
            <testcase time="-4416.244657678726" classname="p2.S0.SomeLongLongLongLongLongTestName_0" name="Run 0" assertions="3 total, 0 failed, 3 succeeded">
                          <properties>
                          <property name="prop1" value="value1" />
                          <property name="multiline">
                              Config line 1
                              Config line 2
                              Config line 3
                          </property>
                        </properties>
                        <failure message="failure message 0" type="Failure"/><system-out>This is stdout
[[ATTACHMENT|attachment.txt]]
</system-out><system-err>This is stderr
[[ATTACHMENT|attachment.txt]]
</system-err></testcase><testcase time="-4610.451654133638" classname="p2.S0.SomeLongLongLongLongLongTestName_1" name="Run 0" assertions="3 total, 0 failed, 3 succeeded"/><testcase time="-9914.724436494967" classname="p2.S0.SomeLongLongLongLongLongTestName_2" name="Run 0" assertions="3 total, 0 failed, 3 succeeded"/><testcase time="-8906.323121354924" classname="p2.S0.SomeLongLongLongLongLongTestName_3" name="Run 0" assertions="3 total, 0 failed, 3 succeeded"/><testcase time="-5606.810458255058" classname="p2.S0.SomeLongLongLongLongLongTestName_4" name="Run 0" assertions="3 total, 0 failed, 3 succeeded"/><testcase time="-5223.627918512489" classname="p2.S0.SomeLongLongLongLongLongTestName_5" name="Run 0" assertions="3 total, 0 failed, 3 succeeded"/><testcase time="-5109.454060970156" classname="p2.S0.SomeLongLongLongLongLongTestName_6" name="Run 0" assertions="3 total, 0 failed, 3 succeeded"/><testcase time="-6051.669683793327" classname="p2.S0.SomeLongLongLongLongLongTestName_7" name="Run 0" assertions="3 total, 0 failed, 3 succeeded"/><testcase time="-2407.708253132947" classname="p2.S0.SomeLongLongLongLongLongTestName_8" name="Run 0" assertions="3 total, 0 failed, 3 succeeded"/><testcase time="-7091.294877615651" classname="p2.S0.SomeLongLongLongLongLongTestName_9" name="Run 0" assertions="3 total, 0 failed, 3 succeeded"/><testcase time="-2511.1677318473153" classname="p2.S0.SomeLongLongLongLongLongTestName_10" name="Run 0" assertions="3 total, 0 failed, 3 succeeded"/><testcase time="-8215.48494672076" classname="p2.S0.SomeLongLongLongLongLongTestName_11" name="Run 0" assertions="3 total, 0 failed, 3 succeeded"/><testcase time="-5064.0789874795655" classname="p2.S0.SomeLongLongLongLongLongTestName_12" name="Run 0" assertions="3 total, 0 failed, 3 succeeded"/><testcase time="-5280.3154914992965" classname="p2.S0.SomeLongLongLongLongLongTestName_13" name="Run 0" assertions="3 total, 0 failed, 3 succeeded"/><testcase time="-6088.213688340035" classname="p2.S0.SomeLongLongLongLongLongTestName_14" name="Run 0" assertions="3 total, 0 failed, 3 succeeded"/><testcase time="-9674.282011818208" classname="p2.S0.SomeLongLongLongLongLongTestName_15" name="Run 0" assertions="3 total, 0 failed, 3 succeeded"/><testcase time="-8693.218614668278" classname="p2.S0.SomeLongLongLongLongLongTestName_16" name="Run 0" assertions="3 total, 0 failed, 3 succeeded"/><testcase time="-3784.8631431499557" classname="p2.S0.SomeLongLongLongLongLongTestName_17" name="Run 0" assertions="3 total, 0 failed, 3 succeeded"/><testcase time="-7946.019814433756" classname="p2.S0.SomeLongLongLongLongLongTestName_18" name="Run 0" assertions="3 total, 0 failed, 3 succeeded"/><testcase time="-3366.5287317386515" classname="p2.S0.SomeLongLongLongLongLongTestName_19" name="Run 0" assertions="3 total, 0 failed, 3 succeeded"/><testcase time="-9896.040905189599" classname="p2.S0.SomeLongLongLongLongLongTestName_20" name="Run 0" assertions="3 total, 0 failed, 3 succeeded"/><testcase time="-3640.736984728624" classname="p2.S0.SomeLongLongLongLongLongTestName_21" name="Run 0" assertions="3 total, 0 failed, 3 succeeded"/><testcase time="1.7998941010858047" classname="p2.S0.SomeLongLongLongLongLongTestName_22" name="Run 0" assertions="3 total, 0 failed, 3 succeeded"/><testcase time="-4761.446780797079" classname="p2.S0.SomeLongLongLongLongLongTestName_23" name="Run 0" assertions="3 total, 0 failed, 3 succeeded"/><testcase time="-8935.365305648396" classname="p2.S0.SomeLongLongLongLongLongTestName_24" name="Run 0" assertions="3 total, 0 failed, 3 succeeded"/><testcase time="-1264.6278321265834" classname="p2.S0.SomeLongLongLongLongLongTestName_25" name="Run 0" assertions="3 total, 0 failed, 3 succeeded"/><testcase time="-548.9905136071745" classname="p2.S0.SomeLongLongLongLongLongTestName_26" name="Run 0" assertions="3 total, 0 failed, 3 succeeded"/><testcase time="-2062.2337131658646" classname="p2.S0.SomeLongLongLongLongLongTestName_27" name="Run 0" assertions="3 total, 0 failed, 3 succeeded"/><testcase time="-2417.2709134667616" classname="p2.S0.SomeLongLongLongLongLongTestName_28" name="Run 0" assertions="3 total, 0 failed, 3 succeeded"/><testcase time="-20.878851943815576" classname="p2.S0.SomeLongLongLongLongLongTestName_29" name="Run 0" assertions="3 total, 0 failed, 3 succeeded"/><testcase time="-707.2787549745153" classname="p2.S0.SomeLongLongLongLongLongTestName_30" name="Run 0" assertions="3 total, 0 failed, 3 succeeded"/><testcase time="-9576.942234069707" classname="p2.S0.SomeLongLongLongLongLongTestName_31" name="Run 0" assertions="3 total, 0 failed, 3 succeeded"/><testcase time="-6782.707763943856" classname="p2.S0.SomeLongLongLongLongLongTestName_32" name="Run 0" assertions="3 total, 0 failed, 3 succeeded"/><testcase time="-5059.4803226410895" classname="p2.S0.SomeLongLongLongLongLongTestName_33" name="Run 0" assertions="3 total, 0 failed, 3 succeeded"/><testcase time="-3807.76682854974" classname="p2.S0.SomeLongLongLongLongLongTestName_34" name="Run 0" assertions="3 total, 0 failed, 3 succeeded"/><testcase time="-4320.8168541704545" classname="p2.S0.SomeLongLongLongLongLongTestName_35" name="Run 0" assertions="3 total, 0 failed, 3 succeeded"/><testcase time="-1628.6823220473646" classname="p2.S0.SomeLongLongLongLongLongTestName_36" name="Run 0" assertions="3 total, 0 failed, 3 succeeded"/><testcase time="-17.3126001997043" classname="p2.S0.SomeLongLongLongLongLongTestName_37" name="Run 0" assertions="3 total, 0 failed, 3 succeeded"/><testcase time="-895.025216544519" classname="p2.S0.SomeLongLongLongLongLongTestName_38" name="Run 0" assertions="3 total, 0 failed, 3 succeeded"/><testcase time="-470.7480949359366" classname="p2.S0.SomeLongLongLongLongLongTestName_39" name="Run 0" assertions="3 total, 0 failed, 3 succeeded"/><testcase time="-5515.176726653566" classname="p2.S0.SomeLongLongLongLongLongTestName_40" name="Run 0" assertions="3 total, 0 failed, 3 succeeded"/><testcase time="-8257.812784526819" classname="p2.S0.SomeLongLongLongLongLongTestName_41" name="Run 0" assertions="3 total, 0 failed, 3 succeeded"/><testcase time="-7594.02374059068" classname="p2.S0.SomeLongLongLongLongLongTestName_42" name="Run 0" assertions="3 total, 0 failed, 3 succeeded"/><testcase time="-904.2972873245538" classname="p2.S0.SomeLongLongLongLongLongTestName_43" name="Run 0" assertions="3 total, 0 failed, 3 succeeded"/><testcase time="-4466.5751822990105" classname="p2.S0.SomeLongLongLongLongLongTestName_44" name="Run 0" assertions="3 total, 0 failed, 3 succeeded"/><testcase time="-9766.189089348112" classname="p2.S0.SomeLongLongLongLongLongTestName_45" name="Run 0" assertions="3 total, 0 failed, 3 succeeded"/><testcase time="-4318.106636228245" classname="p2.S0.SomeLongLongLongLongLongTestName_46" name="Run 0" assertions="3 total, 0 failed, 3 succeeded"/><testcase time="-30.430164395851968" classname="p2.S0.SomeLongLongLongLongLongTestName_47" name="Run 0" assertions="3 total, 0 failed, 3 succeeded"/><testcase time="-5503.173940729418" classname="p2.S0.SomeLongLongLongLongLongTestName_48" name="Run 0" assertions="3 total, 0 failed, 3 succeeded"/><testcase time="-4128.609420742006" classname="p2.S0.SomeLongLongLongLongLongTestName_49" name="Run 0" assertions="3 total, 0 failed, 3 succeeded"/><testcase time="-7139.208888893187" classname="p2.S0.SomeLongLongLongLongLongTestName_50" name="Run 0" assertions="3 total, 0 failed, 3 succeeded"/><testcase time="-2964.139778131584" classname="p2.S0.SomeLongLongLongLongLongTestName_51" name="Run 0" assertions="3 total, 0 failed, 3 succeeded"/><testcase time="-1243.3060466751242" classname="p2.S0.SomeLongLongLongLongLongTestName_52" name="Run 0" assertions="3 total, 0 failed, 3 succeeded"/><testcase time="-8296.061956388734" classname="p2.S0.SomeLongLongLongLongLongTestName_53" name="Run 0" assertions="3 total, 0 failed, 3 succeeded"/><testcase time="-9592.04610114397" classname="p2.S0.SomeLongLongLongLongLongTestName_54" name="Run 0" assertions="3 total, 0 failed, 3 succeeded"/><testcase time="-3087.90130406018" classname="p2.S0.SomeLongLongLongLongLongTestName_55" name="Run 0" assertions="3 total, 0 failed, 3 succeeded"/><testcase time="-5331.102307729762" classname="p2.S0.SomeLongLongLongLongLongTestName_56" name="Run 0" assertions="3 total, 0 failed, 3 succeeded"/><testcase time="-7166.84326476067" classname="p2.S0.SomeLongLongLongLongLongTestName_57" name="Run 0" assertions="3 total, 0 failed, 3 succeeded"/><testcase time="-2466.160768915103" classname="p2.S0.SomeLongLongLongLongLongTestName_58" name="Run 0" assertions="3 total, 0 failed, 3 succeeded"/><testcase time="-4473.84910318117" classname="p2.S0.SomeLongLongLongLongLongTestName_59" name="Run 0" assertions="3 total, 0 failed, 3 succeeded"/><testcase time="-8531.027456010566" classname="p2.S0.SomeLongLongLongLongLongTestName_60" name="Run 0" assertions="3 total, 0 failed, 3 succeeded"/><testcase time="-4748.284799146451" classname="p2.S0.SomeLongLongLongLongLongTestName_61" name="Run 0" assertions="3 total, 0 failed, 3 succeeded"/><testcase time="-3093.638567343498" classname="p2.S0.SomeLongLongLongLongLongTestName_62" name="Run 0" assertions="3 total, 0 failed, 3 succeeded"/><testcase time="-6281.54216197913" classname="p2.S0.SomeLongLongLongLongLongTestName_63" name="Run 0" assertions="3 total, 0 failed, 3 succeeded"/><testcase time="-5713.695799823816" classname="p2.S0.SomeLongLongLongLongLongTestName_64" name="Run 0" assertions="3 total, 0 failed, 3 succeeded"/><testcase time="-9596.346617421252" classname="p2.S0.SomeLongLongLongLongLongTestName_65" name="Run 0" assertions="3 total, 0 failed, 3 succeeded"/><testcase time="-4857.553512124841" classname="p2.S0.SomeLongLongLongLongLongTestName_66" name="Run 0" assertions="3 total, 0 failed, 3 succeeded"/><testcase time="-1031.3399403450685" classname="p2.S0.SomeLongLongLongLongLongTestName_67" name="Run 0" assertions="3 total, 0 failed, 3 succeeded"/><testcase time="-1314.5042386729726" classname="p2.S0.SomeLongLongLongLongLongTestName_68" name="Run 0" assertions="3 total, 0 failed, 3 succeeded"/><testcase time="-2983.584717694802" classname="p2.S0.SomeLongLongLongLongLongTestName_69" name="Run 0" assertions="3 total, 0 failed, 3 succeeded"/><testcase time="-9967.469771930037" classname="p2.S0.SomeLongLongLongLongLongTestName_70" name="Run 0" assertions="3 total, 0 failed, 3 succeeded"/><testcase time="-3646.4803134640047" classname="p2.S0.SomeLongLongLongLongLongTestName_71" name="Run 0" assertions="3 total, 0 failed, 3 succeeded"/><testcase time="-974.169950902389" classname="p2.S0.SomeLongLongLongLongLongTestName_72" name="Run 0" assertions="3 total, 0 failed, 3 succeeded"/><testcase time="-2655.9740978443724" classname="p2.S0.SomeLongLongLongLongLongTestName_73" name="Run 0" assertions="3 total, 0 failed, 3 succeeded"/><testcase time="-718.5140743861107" classname="p2.S0.SomeLongLongLongLongLongTestName_74" name="Run 0" assertions="3 total, 0 failed, 3 succeeded"/><testcase time="-8421.49789499563" classname="p2.S0.SomeLongLongLongLongLongTestName_75" name="Run 0" assertions="3 total, 0 failed, 3 succeeded"/><testcase time="-1523.3884831947664" classname="p2.S0.SomeLongLongLongLongLongTestName_76" name="Run 0" assertions="3 total, 0 failed, 3 succeeded"/><testcase time="-5989.687453064474" classname="p2.S0.SomeLongLongLongLongLongTestName_77" name="Run 0" assertions="3 total, 0 failed, 3 succeeded"/><testcase time="-6767.482532105942" classname="p2.S0.SomeLongLongLongLongLongTestName_78" name="Run 0" assertions="3 total, 0 failed, 3 succeeded"/><testcase time="-5088.612923857446" classname="p2.S0.SomeLongLongLongLongLongTestName_79" name="Run 0" assertions="3 total, 0 failed, 3 succeeded"/><testcase time="-2481.6385212515497" classname="p2.S0.SomeLongLongLongLongLongTestName_80" name="Run 0" assertions="3 total, 0 failed, 3 succeeded"/><testcase time="-9910.274205236505" classname="p2.S0.SomeLongLongLongLongLongTestName_81" name="Run 0" assertions="3 total, 0 failed, 3 succeeded"/><testcase time="-7420.33379225229" classname="p2.S0.SomeLongLongLongLongLongTestName_82" name="Run 0" assertions="3 total, 0 failed, 3 succeeded"/><testcase time="-7264.558864175619" classname="p2.S0.SomeLongLongLongLongLongTestName_83" name="Run 0" assertions="3 total, 0 failed, 3 succeeded"/><testcase time="-5799.435802244275" classname="p2.S0.SomeLongLongLongLongLongTestName_84" name="Run 0" assertions="3 total, 0 failed, 3 succeeded"/><testcase time="-6658.67352729733" classname="p2.S0.SomeLongLongLongLongLongTestName_85" name="Run 0" assertions="3 total, 0 failed, 3 succeeded"/><testcase time="-3084.4806356528798" classname="p2.S0.SomeLongLongLongLongLongTestName_86" name="Run 0" assertions="3 total, 0 failed, 3 succeeded"/><testcase time="-8559.617124452328" classname="p2.S0.SomeLongLongLongLongLongTestName_87" name="Run 0" assertions="3 total, 0 failed, 3 succeeded"/><testcase time="-2240.4324530810527" classname="p2.S0.SomeLongLongLongLongLongTestName_88" name="Run 0" assertions="3 total, 0 failed, 3 succeeded"/><testcase time="-7257.2378289633525" classname="p2.S0.SomeLongLongLongLongLongTestName_89" name="Run 0" assertions="3 total, 0 failed, 3 succeeded"/><testcase time="5.71343776295274" classname="p2.S0.SomeLongLongLongLongLongTestName_90" name="Run 0" assertions="3 total, 0 failed, 3 succeeded"/><testcase time="-4816.767110971783" classname="p2.S0.SomeLongLongLongLongLongTestName_91" name="Run 0" assertions="3 total, 0 failed, 3 succeeded"/><testcase time="-6076.074472406928" classname="p2.S0.SomeLongLongLongLongLongTestName_92" name="Run 0" assertions="3 total, 0 failed, 3 succeeded"/><testcase time="-7590.72754634954" classname="p2.S0.SomeLongLongLongLongLongTestName_93" name="Run 0" assertions="3 total, 0 failed, 3 succeeded"/><testcase time="-5399.591441579588" classname="p2.S0.SomeLongLongLongLongLongTestName_94" name="Run 0" assertions="3 total, 0 failed, 3 succeeded"/><testcase time="-2845.3935807463236" classname="p2.S0.SomeLongLongLongLongLongTestName_95" name="Run 0" assertions="3 total, 0 failed, 3 succeeded"/><testcase time="-1676.926387834735" classname="p2.S0.SomeLongLongLongLongLongTestName_96" name="Run 0" assertions="3 total, 0 failed, 3 succeeded"/><testcase time="-3250.448487858886" classname="p2.S0.SomeLongLongLongLongLongTestName_97" name="Run 0" assertions="3 total, 0 failed, 3 succeeded"/><testcase time="-4696.557217263727" classname="p2.S0.SomeLongLongLongLongLongTestName_98" name="Run 0" assertions="3 total, 0 failed, 3 succeeded"/><testcase time="-9094.604194266556" classname="p2.S0.SomeLongLongLongLongLongTestName_99" name="Run 0" assertions="3 total, 0 failed, 3 succeeded"/><testcase time="-7977.497494697288" classname="p2.S0.SomeLongLongLongLongLongTestName_100" name="Run 0" assertions="3 total, 0 failed, 3 succeeded"/><testcase time="-3521.4944808253167" classname="p2.S0.SomeLongLongLongLongLongTestName_101" name="Run 0" assertions="3 total, 0 failed, 3 succeeded"/><testcase time="-956.5641936608641" classname="p2.S0.SomeLongLongLongLongLongTestName_102" name="Run 0" assertions="3 total, 0 failed, 3 succeeded"/><testcase time="-4057.847990866397" classname="p2.S0.SomeLongLongLongLongLongTestName_103" name="Run 0" assertions="3 total, 0 failed, 3 succeeded"/><testcase time="-751.3834826649254" classname="p2.S0.SomeLongLongLongLongLongTestName_104" name="Run 0" assertions="3 total, 0 failed, 3 succeeded"/><testcase time="-5306.332976722955" classname="p2.S0.SomeLongLongLongLongLongTestName_105" name="Run 0" assertions="3 total, 0 failed, 3 succeeded"/><testcase time="-3966.5178343031575" classname="p2.S0.SomeLongLongLongLongLongTestName_106" name="Run 0" assertions="3 total, 0 failed, 3 succeeded"/><testcase time="-9801.380035526136" classname="p2.S0.SomeLongLongLongLongLongTestName_107" name="Run 0" assertions="3 total, 0 failed, 3 succeeded"/><testcase time="-1906.9960427493384" classname="p2.S0.SomeLongLongLongLongLongTestName_108" name="Run 0" assertions="3 total, 0 failed, 3 succeeded"/><testcase time="-2539.5870262913763" classname="p2.S0.SomeLongLongLongLongLongTestName_109" name="Run 0" assertions="3 total, 0 failed, 3 succeeded"/><testcase time="-4973.043992796323" classname="p2.S0.SomeLongLongLongLongLongTestName_110" name="Run 0" assertions="3 total, 0 failed, 3 succeeded"/><testcase time="-2389.7131175573436" classname="p2.S0.SomeLongLongLongLongLongTestName_111" name="Run 0" assertions="3 total, 0 failed, 3 succeeded"/><testcase time="-2169.9864536150494" classname="p2.S0.SomeLongLongLongLongLongTestName_112" name="Run 0" assertions="3 total, 0 failed, 3 succeeded"/><testcase time="-6932.988530477067" classname="p2.S0.SomeLongLongLongLongLongTestName_113" name="Run 0" assertions="3 total, 0 failed, 3 succeeded"/><testcase time="-7527.470367821633" classname="p2.S0.SomeLongLongLongLongLongTestName_114" name="Run 0" assertions="3 total, 0 failed, 3 succeeded"/><testcase time="-1414.215386665732" classname="p2.S0.SomeLongLongLongLongLongTestName_115" name="Run 0" assertions="3 total, 0 failed, 3 succeeded"/><testcase time="-1301.3442379071375" classname="p2.S0.SomeLongLongLongLongLongTestName_116" name="Run 0" assertions="3 total, 0 failed, 3 succeeded"/><testcase time="-471.23316235929894" classname="p2.S0.SomeLongLongLongLongLongTestName_117" name="Run 0" assertions="3 total, 0 failed, 3 succeeded"/><testcase time="-7206.959369258323" classname="p2.S0.SomeLongLongLongLongLongTestName_118" name="Run 0" assertions="3 total, 0 failed, 3 succeeded"/><testcase time="-2846.6381369897176" classname="p2.S0.SomeLongLongLongLongLongTestName_119" name="Run 0" assertions="3 total, 0 failed, 3 succeeded"/><testcase time="-5784.899319195111" classname="p2.S0.SomeLongLongLongLongLongTestName_120" name="Run 0" assertions="3 total, 0 failed, 3 succeeded"/><testcase time="-595.5475058587895" classname="p2.S0.SomeLongLongLongLongLongTestName_121" name="Run 0" assertions="3 total, 0 failed, 3 succeeded"/><testcase time="-5139.343106529321" classname="p2.S0.SomeLongLongLongLongLongTestName_122" name="Run 0" assertions="3 total, 0 failed, 3 succeeded"/><testcase time="-3267.700650420402" classname="p2.S0.SomeLongLongLongLongLongTestName_123" name="Run 0" assertions="3 total, 0 failed, 3 succeeded"/><testcase time="-4742.44914690837" classname="p2.S0.SomeLongLongLongLongLongTestName_124" name="Run 0" assertions="3 total, 0 failed, 3 succeeded"/><testcase time="-3573.0077465308727" classname="p2.S0.SomeLongLongLongLongLongTestName_125" name="Run 0" assertions="3 total, 0 failed, 3 succeeded"/><testcase time="-2466.0552344677953" classname="p2.S0.SomeLongLongLongLongLongTestName_126" name="Run 0" assertions="3 total, 0 failed, 3 succeeded"/><testcase time="-5959.315156476964" classname="p2.S0.SomeLongLongLongLongLongTestName_127" name="Run 0" assertions="3 total, 0 failed, 3 succeeded"/><testcase time="-8261.285468448052" classname="p2.S0.SomeLongLongLongLongLongTestName_128" name="Run 0" assertions="3 total, 0 failed, 3 succeeded"/><testcase time="-1595.9098842198214" classname="p2.S0.SomeLongLongLongLongLongTestName_129" name="Run 0" assertions="3 total, 0 failed, 3 succeeded"/><testcase time="-6143.866740111521" classname="p2.S0.SomeLongLongLongLongLongTestName_130" name="Run 0" assertions="3 total, 0 failed, 3 succeeded"/><testcase time="-2046.8960506750213" classname="p2.S0.SomeLongLongLongLongLongTestName_131" name="Run 0" assertions="3 total, 0 failed, 3 succeeded"/><testcase time="-4339.431812809063" classname="p2.S0.SomeLongLongLongLongLongTestName_132" name="Run 0" assertions="3 total, 0 failed, 3 succeeded"/><testcase time="-4532.799315277053" classname="p2.S0.SomeLongLongLongLongLongTestName_133" name="Run 0" assertions="3 total, 0 failed, 3 succeeded"/><testcase time="-9359.328518312866" classname="p2.S0.SomeLongLongLongLongLongTestName_134" name="Run 0" assertions="3 total, 0 failed, 3 succeeded"/><testcase time="-2873.998510143423" classname="p2.S0.SomeLongLongLongLongLongTestName_135" name="Run 0" assertions="3 total, 0 failed, 3 succeeded"/><testcase time="-2799.9317185651043" classname="p2.S0.SomeLongLongLongLongLongTestName_136" name="Run 0" assertions="3 total, 0 failed, 3 succeeded"/><testcase time="-7206.401169436701" classname="p2.S0.SomeLongLongLongLongLongTestName_137" name="Run 0" assertions="3 total, 0 failed, 3 succeeded"/><testcase time="-9659.898686820037" classname="p2.S0.SomeLongLongLongLongLongTestName_138" name="Run 0" assertions="3 total, 0 failed, 3 succeeded"/><testcase time="-792.8624506324077" classname="p2.S0.SomeLongLongLongLongLongTestName_139" name="Run 0" assertions="3 total, 0 failed, 3 succeeded"/><testcase time="-8033.754321429532" classname="p2.S0.SomeLongLongLongLongLongTestName_140" name="Run 0" assertions="3 total, 0 failed, 3 succeeded"/><testcase time="-6835.692116076908" classname="p2.S0.SomeLongLongLongLongLongTestName_141" name="Run 0" assertions="3 total, 0 failed, 3 succeeded"/><testcase time="-4295.74262557619" classname="p2.S0.SomeLongLongLongLongLongTestName_142" name="Run 0" assertions="3 total, 0 failed, 3 succeeded"/><testcase time="-163.88155197356969" classname="p2.S0.SomeLongLongLongLongLongTestName_143" name="Run 0" assertions="3 total, 0 failed, 3 succeeded"/><testcase time="-4227.142703826747" classname="p2.S0.SomeLongLongLongLongLongTestName_144" name="Run 0" assertions="3 total, 0 failed, 3 succeeded"/><testcase time="-7714.918116108142" classname="p2.S0.SomeLongLongLongLongLongTestName_145" name="Run 0" assertions="3 total, 0 failed, 3 succeeded"/><testcase time="-1855.7523757618128" classname="p2.S0.SomeLongLongLongLongLongTestName_146" name="Run 0" assertions="3 total, 0 failed, 3 succeeded"/><testcase time="-468.24351208999525" classname="p2.S0.SomeLongLongLongLongLongTestName_147" name="Run 0" assertions="3 total, 0 failed, 3 succeeded"/><testcase time="-8792.00427726312" classname="p2.S0.SomeLongLongLongLongLongTestName_148" name="Run 0" assertions="3 total, 0 failed, 3 succeeded"/><testcase time="-2430.8136720997054" classname="p2.S0.SomeLongLongLongLongLongTestName_149" name="Run 0" assertions="3 total, 0 failed, 3 succeeded"/><testcase time="-2941.9934606716847" classname="p2.S0.SomeLongLongLongLongLongTestName_150" name="Run 0" assertions="3 total, 0 failed, 3 succeeded"/><testcase time="-8805.263778605078" classname="p2.S0.SomeLongLongLongLongLongTestName_151" name="Run 0" assertions="3 total, 0 failed, 3 succeeded"/><testcase time="-4087.723574706118" classname="p2.S0.SomeLongLongLongLongLongTestName_152" name="Run 0" assertions="3 total, 0 failed, 3 succeeded"/><testcase time="-1967.846237276328" classname="p2.S0.SomeLongLongLongLongLongTestName_153" name="Run 0" assertions="3 total, 0 failed, 3 succeeded"/><testcase time="-4599.920808167023" classname="p2.S0.SomeLongLongLongLongLongTestName_154" name="Run 0" assertions="3 total, 0 failed, 3 succeeded"/><testcase time="-8102.32274030237" classname="p2.S0.SomeLongLongLongLongLongTestName_155" name="Run 0" assertions="3 total, 0 failed, 3 succeeded"/><testcase time="-6858.454857344649" classname="p2.S0.SomeLongLongLongLongLongTestName_156" name="Run 0" assertions="3 total, 0 failed, 3 succeeded"/><testcase time="-7855.484791363127" classname="p2.S0.SomeLongLongLongLongLongTestName_157" name="Run 0" assertions="3 total, 0 failed, 3 succeeded"/><testcase time="-6799.768108392331" classname="p2.S0.SomeLongLongLongLongLongTestName_158" name="Run 0" assertions="3 total, 0 failed, 3 succeeded"/><testcase time="-3424.5208987189085" classname="p2.S0.SomeLongLongLongLongLongTestName_159" name="Run 0" assertions="3 total, 0 failed, 3 succeeded"/><testcase time="-1220.337525627922" classname="p2.S0.SomeLongLongLongLongLongTestName_160" name="Run 0" assertions="3 total, 0 failed, 3 succeeded"/><testcase time="-4906.535105121945" classname="p2.S0.SomeLongLongLongLongLongTestName_161" name="Run 0" assertions="3 total, 0 failed, 3 succeeded"/><testcase time="-195.31091453846045" classname="p2.S0.SomeLongLongLongLongLongTestName_162" name="Run 0" assertions="3 total, 0 failed, 3 succeeded"/><testcase time="-7889.473404030619" classname="p2.S0.SomeLongLongLongLongLongTestName_163" name="Run 0" assertions="3 total, 0 failed, 3 succeeded"/><testcase time="-9626.305907874157" classname="p2.S0.SomeLongLongLongLongLongTestName_164" name="Run 0" assertions="3 total, 0 failed, 3 succeeded"/><testcase time="-3108.3666839399366" classname="p2.S0.SomeLongLongLongLongLongTestName_165" name="Run 0" assertions="3 total, 0 failed, 3 succeeded"/><testcase time="-8175.372189290492" classname="p2.S0.SomeLongLongLongLongLongTestName_166" name="Run 0" assertions="3 total, 0 failed, 3 succeeded"/><testcase time="-5478.853581290006" classname="p2.S0.SomeLongLongLongLongLongTestName_167" name="Run 0" assertions="3 total, 0 failed, 3 succeeded"/><testcase time="-2188.584623953178" classname="p2.S0.SomeLongLongLongLongLongTestName_168" name="Run 0" assertions="3 total, 0 failed, 3 succeeded"/><testcase time="-130.51702148438" classname="p2.S0.SomeLongLongLongLongLongTestName_169" name="Run 0" assertions="3 total, 0 failed, 3 succeeded"/><testcase time="-8061.958158551078" classname="p2.S0.SomeLongLongLongLongLongTestName_170" name="Run 0" assertions="3 total, 0 failed, 3 succeeded"/><testcase time="-7973.319684434675" classname="p2.S0.SomeLongLongLongLongLongTestName_171" name="Run 0" assertions="3 total, 0 failed, 3 succeeded"/><testcase time="-4274.052498339273" classname="p2.S0.SomeLongLongLongLongLongTestName_172" name="Run 0" assertions="3 total, 0 failed, 3 succeeded"/><testcase time="-9894.69073396704" classname="p2.S0.SomeLongLongLongLongLongTestName_173" name="Run 0" assertions="3 total, 0 failed, 3 succeeded"/><testcase time="-9103.296346071804" classname="p2.S0.SomeLongLongLongLongLongTestName_174" name="Run 0" assertions="3 total, 0 failed, 3 succeeded"/><testcase time="-6382.920021185014" classname="p2.S0.SomeLongLongLongLongLongTestName_175" name="Run 0" assertions="3 total, 0 failed, 3 succeeded"/><testcase time="-7201.25460306445" classname="p2.S0.SomeLongLongLongLongLongTestName_176" name="Run 0" assertions="3 total, 0 failed, 3 succeeded"/><testcase time="-3589.08261945917" classname="p2.S0.SomeLongLongLongLongLongTestName_177" name="Run 0" assertions="3 total, 0 failed, 3 succeeded"/><testcase time="-7335.482268309918" classname="p2.S0.SomeLongLongLongLongLongTestName_178" name="Run 0" assertions="3 total, 0 failed, 3 succeeded"/><testcase time="-904.3006822029339" classname="p2.S0.SomeLongLongLongLongLongTestName_179" name="Run 0" assertions="3 total, 0 failed, 3 succeeded"/><testcase time="-7864.614043995131" classname="p2.S0.SomeLongLongLongLongLongTestName_180" name="Run 0" assertions="3 total, 0 failed, 3 succeeded"/><testcase time="-2164.9899828565303" classname="p2.S0.SomeLongLongLongLongLongTestName_181" name="Run 0" assertions="3 total, 0 failed, 3 succeeded"/><testcase time="-9474.725889695299" classname="p2.S0.SomeLongLongLongLongLongTestName_182" name="Run 0" assertions="3 total, 0 failed, 3 succeeded"/><testcase time="-4736.672457257225" classname="p2.S0.SomeLongLongLongLongLongTestName_183" name="Run 0" assertions="3 total, 0 failed, 3 succeeded"/><testcase time="-5942.99689393261" classname="p2.S0.SomeLongLongLongLongLongTestName_184" name="Run 0" assertions="3 total, 0 failed, 3 succeeded"/><testcase time="-3157.6976772920775" classname="p2.S0.SomeLongLongLongLongLongTestName_185" name="Run 0" assertions="3 total, 0 failed, 3 succeeded"/><testcase time="-1512.409673650651" classname="p2.S0.SomeLongLongLongLongLongTestName_186" name="Run 0" assertions="3 total, 0 failed, 3 succeeded"/><testcase time="-9698.76575016498" classname="p2.S0.SomeLongLongLongLongLongTestName_187" name="Run 0" assertions="3 total, 0 failed, 3 succeeded"/><testcase time="-476.28320536161044" classname="p2.S0.SomeLongLongLongLongLongTestName_188" name="Run 0" assertions="3 total, 0 failed, 3 succeeded"/><testcase time="-5410.604161098004" classname="p2.S0.SomeLongLongLongLongLongTestName_189" name="Run 0" assertions="3 total, 0 failed, 3 succeeded"/><testcase time="-8845.339261239802" classname="p2.S0.SomeLongLongLongLongLongTestName_190" name="Run 0" assertions="3 total, 0 failed, 3 succeeded"/><testcase time="-4071.4167899297067" classname="p2.S0.SomeLongLongLongLongLongTestName_191" name="Run 0" assertions="3 total, 0 failed, 3 succeeded"/><testcase time="-8922.73062245586" classname="p2.S0.SomeLongLongLongLongLongTestName_192" name="Run 0" assertions="3 total, 0 failed, 3 succeeded"/><testcase time="-8912.596888335105" classname="p2.S0.SomeLongLongLongLongLongTestName_193" name="Run 0" assertions="3 total, 0 failed, 3 succeeded"/><testcase time="-8783.738348775625" classname="p2.S0.SomeLongLongLongLongLongTestName_194" name="Run 0" assertions="3 total, 0 failed, 3 succeeded"/><testcase time="-7076.340820241785" classname="p2.S0.SomeLongLongLongLongLongTestName_195" name="Run 0" assertions="3 total, 0 failed, 3 succeeded"/><testcase time="-5742.7784514069535" classname="p2.S0.SomeLongLongLongLongLongTestName_196" name="Run 0" assertions="3 total, 0 failed, 3 succeeded"/><testcase time="-9444.252163716701" classname="p2.S0.SomeLongLongLongLongLongTestName_197" name="Run 0" assertions="3 total, 0 failed, 3 succeeded"/><testcase time="-7254.952072651125" classname="p2.S0.SomeLongLongLongLongLongTestName_198" name="Run 0" assertions="3 total, 0 failed, 3 succeeded"/><testcase time="-3951.590944828304" classname="p2.S0.SomeLongLongLongLongLongTestName_199" name="Run 0" assertions="3 total, 0 failed, 3 succeeded"/><testcase time="-8687.874826767898" classname="p2.S0.SomeLongLongLongLongLongTestName_200" name="Run 0" assertions="3 total, 0 failed, 3 succeeded"/><testcase time="-9218.872126690298" classname="p2.S0.SomeLongLongLongLongLongTestName_201" name="Run 0" assertions="3 total, 0 failed, 3 succeeded"/><testcase time="-4803.090158240205" classname="p2.S0.SomeLongLongLongLongLongTestName_202" name="Run 0" assertions="3 total, 0 failed, 3 succeeded"/><testcase time="-1110.936459858877" classname="p2.S0.SomeLongLongLongLongLongTestName_203" name="Run 0" assertions="3 total, 0 failed, 3 succeeded"/><testcase time="-4289.8795839345985" classname="p2.S0.SomeLongLongLongLongLongTestName_204" name="Run 0" assertions="3 total, 0 failed, 3 succeeded"/><testcase time="-9080.187364431571" classname="p2.S0.SomeLongLongLongLongLongTestName_205" name="Run 0" assertions="3 total, 0 failed, 3 succeeded"/><testcase time="-166.65319649476416" classname="p2.S0.SomeLongLongLongLongLongTestName_206" name="Run 0" assertions="3 total, 0 failed, 3 succeeded"/><testcase time="-1495.5681382993437" classname="p2.S0.SomeLongLongLongLongLongTestName_207" name="Run 0" assertions="3 total, 0 failed, 3 succeeded"/><testcase time="-6468.182694048292" classname="p2.S0.SomeLongLongLongLongLongTestName_208" name="Run 0" assertions="3 total, 0 failed, 3 succeeded"/><testcase time="-7691.878033436424" classname="p2.S0.SomeLongLongLongLongLongTestName_209" name="Run 0" assertions="3 total, 0 failed, 3 succeeded"/><testcase time="-659.8407807106238" classname="p2.S0.SomeLongLongLongLongLongTestName_210" name="Run 0" assertions="3 total, 0 failed, 3 succeeded"/><testcase time="-3221.6035661850965" classname="p2.S0.SomeLongLongLongLongLongTestName_211" name="Run 0" assertions="3 total, 0 failed, 3 succeeded"/><testcase time="-4555.630194693587" classname="p2.S0.SomeLongLongLongLongLongTestName_212" name="Run 0" assertions="3 total, 0 failed, 3 succeeded"/><testcase time="-8587.781328004148" classname="p2.S0.SomeLongLongLongLongLongTestName_213" name="Run 0" assertions="3 total, 0 failed, 3 succeeded"/><testcase time="-2118.813861375075" classname="p2.S0.SomeLongLongLongLongLongTestName_214" name="Run 0" assertions="3 total, 0 failed, 3 succeeded"/><testcase time="-7331.214238100827" classname="p2.S0.SomeLongLongLongLongLongTestName_215" name="Run 0" assertions="3 total, 0 failed, 3 succeeded"/><testcase time="-9032.58852093466" classname="p2.S0.SomeLongLongLongLongLongTestName_216" name="Run 0" assertions="3 total, 0 failed, 3 succeeded"/><testcase time="-6016.376276890176" classname="p2.S0.SomeLongLongLongLongLongTestName_217" name="Run 0" assertions="3 total, 0 failed, 3 succeeded"/><testcase time="-3528.122051118795" classname="p2.S0.SomeLongLongLongLongLongTestName_218" name="Run 0" assertions="3 total, 0 failed, 3 succeeded"/><testcase time="-3039.569891760423" classname="p2.S0.SomeLongLongLongLongLongTestName_219" name="Run 0" assertions="3 total, 0 failed, 3 succeeded"/><testcase time="-6943.12119085274" classname="p2.S0.SomeLongLongLongLongLongTestName_220" name="Run 0" assertions="3 total, 0 failed, 3 succeeded"/><testcase time="-4132.067816888745" classname="p2.S0.SomeLongLongLongLongLongTestName_221" name="Run 0" assertions="3 total, 0 failed, 3 succeeded"/><testcase time="-4313.279137285462" classname="p2.S0.SomeLongLongLongLongLongTestName_222" name="Run 0" assertions="3 total, 0 failed, 3 succeeded"/><testcase time="-713.9238173917669" classname="p2.S0.SomeLongLongLongLongLongTestName_223" name="Run 0" assertions="3 total, 0 failed, 3 succeeded"/><testcase time="-509.2273802750218" classname="p2.S0.SomeLongLongLongLongLongTestName_224" name="Run 0" assertions="3 total, 0 failed, 3 succeeded"/><testcase time="-7366.375939592291" classname="p2.S0.SomeLongLongLongLongLongTestName_225" name="Run 0" assertions="3 total, 0 failed, 3 succeeded"/><testcase time="-3032.6948966868645" classname="p2.S0.SomeLongLongLongLongLongTestName_226" name="Run 0" assertions="3 total, 0 failed, 3 succeeded"/><testcase time="-5855.385927520788" classname="p2.S0.SomeLongLongLongLongLongTestName_227" name="Run 0" assertions="3 total, 0 failed, 3 succeeded"/><testcase time="-4873.896900237299" classname="p2.S0.SomeLongLongLongLongLongTestName_228" name="Run 0" assertions="3 total, 0 failed, 3 succeeded"/><testcase time="-9617.852578959893" classname="p2.S0.SomeLongLongLongLongLongTestName_229" name="Run 0" assertions="3 total, 0 failed, 3 succeeded"/><testcase time="-1570.8799027087143" classname="p2.S0.SomeLongLongLongLongLongTestName_230" name="Run 0" assertions="3 total, 0 failed, 3 succeeded"/><testcase time="-9929.764581132762" classname="p2.S0.SomeLongLongLongLongLongTestName_231" name="Run 0" assertions="3 total, 0 failed, 3 succeeded"/><testcase time="-4570.879629626519" classname="p2.S0.SomeLongLongLongLongLongTestName_232" name="Run 0" assertions="3 total, 0 failed, 3 succeeded"/><testcase time="-6117.090084213978" classname="p2.S0.SomeLongLongLongLongLongTestName_233" name="Run 0" assertions="3 total, 0 failed, 3 succeeded"/><testcase time="-9057.480697913961" classname="p2.S0.SomeLongLongLongLongLongTestName_234" name="Run 0" assertions="3 total, 0 failed, 3 succeeded"/><testcase time="-6273.736010930902" classname="p2.S0.SomeLongLongLongLongLongTestName_235" name="Run 0" assertions="3 total, 0 failed, 3 succeeded"/><testcase time="-9021.028170442856" classname="p2.S0.SomeLongLongLongLongLongTestName_236" name="Run 0" assertions="3 total, 0 failed, 3 succeeded"/><testcase time="-883.1710998453159" classname="p2.S0.SomeLongLongLongLongLongTestName_237" name="Run 0" assertions="3 total, 0 failed, 3 succeeded"/><testcase time="-2693.188614352519" classname="p2.S0.SomeLongLongLongLongLongTestName_238" name="Run 0" assertions="3 total, 0 failed, 3 succeeded"/><testcase time="-1354.5552812839592" classname="p2.S0.SomeLongLongLongLongLongTestName_239" name="Run 0" assertions="3 total, 0 failed, 3 succeeded"/><testcase time="-1863.1101461350909" classname="p2.S0.SomeLongLongLongLongLongTestName_240" name="Run 0" assertions="3 total, 0 failed, 3 succeeded"/><testcase time="-7718.206905752984" classname="p2.S0.SomeLongLongLongLongLongTestName_241" name="Run 0" assertions="3 total, 0 failed, 3 succeeded"/><testcase time="-6464.167339332862" classname="p2.S0.SomeLongLongLongLongLongTestName_242" name="Run 0" assertions="3 total, 0 failed, 3 succeeded"/><testcase time="-4794.163122037088" classname="p2.S0.SomeLongLongLongLongLongTestName_243" name="Run 0" assertions="3 total, 0 failed, 3 succeeded"/><testcase time="-9236.50859275403" classname="p2.S0.SomeLongLongLongLongLongTestName_244" name="Run 0" assertions="3 total, 0 failed, 3 succeeded"/><testcase time="-3275.84752071469" classname="p2.S0.SomeLongLongLongLongLongTestName_245" name="Run 0" assertions="3 total, 0 failed, 3 succeeded"/><testcase time="-9765.197424936161" classname="p2.S0.SomeLongLongLongLongLongTestName_246" name="Run 0" assertions="3 total, 0 failed, 3 succeeded"/><testcase time="-3980.656073579608" classname="p2.S0.SomeLongLongLongLongLongTestName_247" name="Run 0" assertions="3 total, 0 failed, 3 succeeded"/><testcase time="-7401.791201571324" classname="p2.S0.SomeLongLongLongLongLongTestName_248" name="Run 0" assertions="3 total, 0 failed, 3 succeeded"/><testcase time="-4999.345064111293" classname="p2.S0.SomeLongLongLongLongLongTestName_249" name="Run 0" assertions="3 total, 0 failed, 3 succeeded"/><testcase time="-781.4027724876698" classname="p2.S0.SomeLongLongLongLongLongTestName_250" name="Run 0" assertions="3 total, 0 failed, 3 succeeded"/><testcase time="-932.0229916763674" classname="p2.S0.SomeLongLongLongLongLongTestName_251" name="Run 0" assertions="3 total, 0 failed, 3 succeeded"/><testcase time="-8943.716377083074" classname="p2.S0.SomeLongLongLongLongLongTestName_252" name="Run 0" assertions="3 total, 0 failed, 3 succeeded"/><testcase time="-7543.610517116484" classname="p2.S0.SomeLongLongLongLongLongTestName_253" name="Run 0" assertions="3 total, 0 failed, 3 succeeded"/><testcase time="-2241.7168401807107" classname="p2.S0.SomeLongLongLongLongLongTestName_254" name="Run 0" assertions="3 total, 0 failed, 3 succeeded"/><testcase time="-2820.232638393062" classname="p2.S0.SomeLongLongLongLongLongTestName_255" name="Run 0" assertions="3 total, 0 failed, 3 succeeded"/><testcase time="-3492.2567166908652" classname="p2.S0.SomeLongLongLongLongLongTestName_256" name="Run 0" assertions="3 total, 0 failed, 3 succeeded"/><testcase time="-5003.677174883303" classname="p2.S0.SomeLongLongLongLongLongTestName_257" name="Run 0" assertions="3 total, 0 failed, 3 succeeded"/><testcase time="-509.6127667748881" classname="p2.S0.SomeLongLongLongLongLongTestName_258" name="Run 0" assertions="3 total, 0 failed, 3 succeeded"/><testcase time="-8564.13443987024" classname="p2.S0.SomeLongLongLongLongLongTestName_259" name="Run 0" assertions="3 total, 0 failed, 3 succeeded"/><testcase time="-7463.704983386717" classname="p2.S0.SomeLongLongLongLongLongTestName_260" name="Run 0" assertions="3 total, 0 failed, 3 succeeded"/><testcase time="-8712.185843632662" classname="p2.S0.SomeLongLongLongLongLongTestName_261" name="Run 0" assertions="3 total, 0 failed, 3 succeeded"/><testcase time="-8779.972609945631" classname="p2.S0.SomeLongLongLongLongLongTestName_262" name="Run 0" assertions="3 total, 0 failed, 3 succeeded"/><testcase time="-7546.560533192404" classname="p2.S0.SomeLongLongLongLongLongTestName_263" name="Run 0" assertions="3 total, 0 failed, 3 succeeded"/><testcase time="-2652.1140383726643" classname="p2.S0.SomeLongLongLongLongLongTestName_264" name="Run 0" assertions="3 total, 0 failed, 3 succeeded"/><testcase time="-1491.5815989439775" classname="p2.S0.SomeLongLongLongLongLongTestName_265" name="Run 0" assertions="3 total, 0 failed, 3 succeeded"/><testcase time="-1116.3457594512306" classname="p2.S0.SomeLongLongLongLongLongTestName_266" name="Run 0" assertions="3 total, 0 failed, 3 succeeded"/><testcase time="-8544.216140696457" classname="p2.S0.SomeLongLongLongLongLongTestName_267" name="Run 0" assertions="3 total, 0 failed, 3 succeeded"/><testcase time="-4797.296778338803" classname="p2.S0.SomeLongLongLongLongLongTestName_268" name="Run 0" assertions="3 total, 0 failed, 3 succeeded"/><testcase time="-3902.379854685837" classname="p2.S0.SomeLongLongLongLongLongTestName_269" name="Run 0" assertions="3 total, 0 failed, 3 succeeded"/><testcase time="-3919.7270118259694" classname="p2.S0.SomeLongLongLongLongLongTestName_270" name="Run 0" assertions="3 total, 0 failed, 3 succeeded"/><testcase time="-9773.4592539732" classname="p2.S0.SomeLongLongLongLongLongTestName_271" name="Run 0" assertions="3 total, 0 failed, 3 succeeded"/><testcase time="-5471.1443169792265" classname="p2.S0.SomeLongLongLongLongLongTestName_272" name="Run 0" assertions="3 total, 0 failed, 3 succeeded"/><testcase time="-8658.971611408635" classname="p2.S0.SomeLongLongLongLongLongTestName_273" name="Run 0" assertions="3 total, 0 failed, 3 succeeded"/><testcase time="-5002.019162577256" classname="p2.S0.SomeLongLongLongLongLongTestName_274" name="Run 0" assertions="3 total, 0 failed, 3 succeeded"/><testcase time="-2784.160894303491" classname="p2.S0.SomeLongLongLongLongLongTestName_275" name="Run 0" assertions="3 total, 0 failed, 3 succeeded"/><testcase time="-4271.927313061488" classname="p2.S0.SomeLongLongLongLongLongTestName_276" name="Run 0" assertions="3 total, 0 failed, 3 succeeded"/><testcase time="-2917.2107766201857" classname="p2.S0.SomeLongLongLongLongLongTestName_277" name="Run 0" assertions="3 total, 0 failed, 3 succeeded"/><testcase time="-3210.519283246033" classname="p2.S0.SomeLongLongLongLongLongTestName_278" name="Run 0" assertions="3 total, 0 failed, 3 succeeded"/><testcase time="-5997.584479121075" classname="p2.S0.SomeLongLongLongLongLongTestName_279" name="Run 0" assertions="3 total, 0 failed, 3 succeeded"/><testcase time="-9327.106267390041" classname="p2.S0.SomeLongLongLongLongLongTestName_280" name="Run 0" assertions="3 total, 0 failed, 3 succeeded"/><testcase time="-383.80845390868285" classname="p2.S0.SomeLongLongLongLongLongTestName_281" name="Run 0" assertions="3 total, 0 failed, 3 succeeded"/><testcase time="-3139.5258555624305" classname="p2.S0.SomeLongLongLongLongLongTestName_282" name="Run 0" assertions="3 total, 0 failed, 3 succeeded"/><testcase time="-6395.742724253467" classname="p2.S0.SomeLongLongLongLongLongTestName_283" name="Run 0" assertions="3 total, 0 failed, 3 succeeded"/><testcase time="-8067.496350969958" classname="p2.S0.SomeLongLongLongLongLongTestName_284" name="Run 0" assertions="3 total, 0 failed, 3 succeeded"/><testcase time="-7358.3460314584345" classname="p2.S0.SomeLongLongLongLongLongTestName_285" name="Run 0" assertions="3 total, 0 failed, 3 succeeded"/><testcase time="0" classname="p2.S0.SomeLongLongLongLongLongTestName_286" name="Run 0" assertions="3 total, 0 failed, 3 succeeded"><skipped type="Skipped" message="This test was disabled."/></testcase><testcase time="0" classname="p2.S0.SomeLongLongLongLongLongTestName_287" name="Run 0" assertions="3 total, 0 failed, 3 succeeded"><skipped type="Skipped" message="This test was disabled."/></testcase><testcase time="0" classname="p2.S0.SomeLongLongLongLongLongTestName_288" name="Run 0" assertions="3 total, 0 failed, 3 succeeded"><skipped type="Skipped" message="This test was disabled."/></testcase><testcase time="0" classname="p2.S0.SomeLongLongLongLongLongTestName_289" name="Run 0" assertions="3 total, 0 failed, 3 succeeded"><skipped type="Skipped" message="This test was disabled."/></testcase><testcase time="0" classname="p2.S0.SomeLongLongLongLongLongTestName_290" name="Run 0" assertions="3 total, 0 failed, 3 succeeded"><skipped type="Skipped" message="This test was disabled."/></testcase><testcase time="0" classname="p2.S0.SomeLongLongLongLongLongTestName_291" name="Run 0" assertions="3 total, 0 failed, 3 succeeded"><skipped type="Skipped" message="This test was disabled."/></testcase><testcase time="0" classname="p2.S0.SomeLongLongLongLongLongTestName_292" name="Run 0" assertions="3 total, 0 failed, 3 succeeded"><skipped type="Skipped" message="This test was disabled."/></testcase><testcase time="0" classname="p2.S0.SomeLongLongLongLongLongTestName_293" name="Run 0" assertions="3 total, 0 failed, 3 succeeded"><skipped type="Skipped" message="This test was disabled."/></testcase><testcase time="0" classname="p2.S0.SomeLongLongLongLongLongTestName_294" name="Run 0" assertions="3 total, 0 failed, 3 succeeded"><skipped type="Skipped" message="This test was disabled."/></testcase><testcase time="0" classname="p2.S0.SomeLongLongLongLongLongTestName_295" name="Run 0" assertions="3 total, 0 failed, 3 succeeded"><skipped type="Skipped" message="This test was disabled."/></testcase><testcase time="0" classname="p2.S0.SomeLongLongLongLongLongTestName_296" name="Run 0" assertions="3 total, 0 failed, 3 succeeded"><skipped type="Skipped" message="This test was disabled."/></testcase><testcase time="0" classname="p2.S0.SomeLongLongLongLongLongTestName_297" name="Run 0" assertions="3 total, 0 failed, 3 succeeded"><skipped type="Skipped" message="This test was disabled."/></testcase><testcase time="0" classname="p2.S0.SomeLongLongLongLongLongTestName_298" name="Run 0" assertions="3 total, 0 failed, 3 succeeded"><skipped type="Skipped" message="This test was disabled."/></testcase><testcase time="0" classname="p2.S0.SomeLongLongLongLongLongTestName_299" name="Run 0" assertions="3 total, 0 failed, 3 succeeded"><skipped type="Skipped" message="This test was disabled."/></testcase><testcase time="0" classname="p2.S0.SomeLongLongLongLongLongTestName_300" name="Run 0" assertions="3 total, 0 failed, 3 succeeded"><skipped type="Skipped" message="This test was disabled."/></testcase><testcase time="0" classname="p2.S0.SomeLongLongLongLongLongTestName_301" name="Run 0" assertions="3 total, 0 failed, 3 succeeded"><skipped type="Skipped" message="This test was disabled."/></testcase><testcase time="0" classname="p2.S0.SomeLongLongLongLongLongTestName_302" name="Run 0" assertions="3 total, 0 failed, 3 succeeded"><skipped type="Skipped" message="This test was disabled."/></testcase><testcase time="0" classname="p2.S0.SomeLongLongLongLongLongTestName_303" name="Run 0" assertions="3 total, 0 failed, 3 succeeded"><skipped type="Skipped" message="This test was disabled."/></testcase><testcase time="0" classname="p2.S0.SomeLongLongLongLongLongTestName_304" name="Run 0" assertions="3 total, 0 failed, 3 succeeded"><skipped type="Skipped" message="This test was disabled."/></testcase><testcase time="0" classname="p2.S0.SomeLongLongLongLongLongTestName_305" name="Run 0" assertions="3 total, 0 failed, 3 succeeded"><skipped type="Skipped" message="This test was disabled."/></testcase><testcase time="0" classname="p2.S0.SomeLongLongLongLongLongTestName_306" name="Run 0" assertions="3 total, 0 failed, 3 succeeded"><skipped type="Skipped" message="This test was disabled."/></testcase><testcase time="0" classname="p2.S0.SomeLongLongLongLongLongTestName_307" name="Run 0" assertions="3 total, 0 failed, 3 succeeded"><skipped type="Skipped" message="This test was disabled."/></testcase><testcase time="0" classname="p2.S0.SomeLongLongLongLongLongTestName_308" name="Run 0" assertions="3 total, 0 failed, 3 succeeded"><skipped type="Skipped" message="This test was disabled."/></testcase><testcase time="0" classname="p2.S0.SomeLongLongLongLongLongTestName_309" name="Run 0" assertions="3 total, 0 failed, 3 succeeded"><skipped type="Skipped" message="This test was disabled."/></testcase><testcase time="0" classname="p2.S0.SomeLongLongLongLongLongTestName_310" name="Run 0" assertions="3 total, 0 failed, 3 succeeded"><skipped type="Skipped" message="This test was disabled."/></testcase><testcase time="0" classname="p2.S0.SomeLongLongLongLongLongTestName_311" name="Run 0" assertions="3 total, 0 failed, 3 succeeded"><skipped type="Skipped" message="This test was disabled."/></testcase><testcase time="0" classname="p2.S0.SomeLongLongLongLongLongTestName_312" name="Run 0" assertions="3 total, 0 failed, 3 succeeded"><skipped type="Skipped" message="This test was disabled."/></testcase><testcase time="0" classname="p2.S0.SomeLongLongLongLongLongTestName_313" name="Run 0" assertions="3 total, 0 failed, 3 succeeded"><skipped type="Skipped" message="This test was disabled."/></testcase><testcase time="0" classname="p2.S0.SomeLongLongLongLongLongTestName_314" name="Run 0" assertions="3 total, 0 failed, 3 succeeded"><skipped type="Skipped" message="This test was disabled."/></testcase><testcase time="0" classname="p2.S0.SomeLongLongLongLongLongTestName_315" name="Run 0" assertions="3 total, 0 failed, 3 succeeded"><skipped type="Skipped" message="This test was disabled."/></testcase><testcase time="0" classname="p2.S0.SomeLongLongLongLongLongTestName_316" name="Run 0" assertions="3 total, 0 failed, 3 succeeded"><skipped type="Skipped" message="This test was disabled."/></testcase><testcase time="0" classname="p2.S0.SomeLongLongLongLongLongTestName_317" name="Run 0" assertions="3 total, 0 failed, 3 succeeded"><skipped type="Skipped" message="This test was disabled."/></testcase><testcase time="0" classname="p2.S0.SomeLongLongLongLongLongTestName_318" name="Run 0" assertions="3 total, 0 failed, 3 succeeded"><skipped type="Skipped" message="This test was disabled."/></testcase><testcase time="0" classname="p2.S0.SomeLongLongLongLongLongTestName_319" name="Run 0" assertions="3 total, 0 failed, 3 succeeded"><skipped type="Skipped" message="This test was disabled."/></testcase><testcase time="0" classname="p2.S0.SomeLongLongLongLongLongTestName_320" name="Run 0" assertions="3 total, 0 failed, 3 succeeded"><skipped type="Skipped" message="This test was disabled."/></testcase><testcase time="0" classname="p2.S0.SomeLongLongLongLongLongTestName_321" name="Run 0" assertions="3 total, 0 failed, 3 succeeded"><skipped type="Skipped" message="This test was disabled."/></testcase><testcase time="0" classname="p2.S0.SomeLongLongLongLongLongTestName_322" name="Run 0" assertions="3 total, 0 failed, 3 succeeded"><skipped type="Skipped" message="This test was disabled."/></testcase><testcase time="0" classname="p2.S0.SomeLongLongLongLongLongTestName_323" name="Run 0" assertions="3 total, 0 failed, 3 succeeded"><skipped type="Skipped" message="This test was disabled."/></testcase><testcase time="0" classname="p2.S0.SomeLongLongLongLongLongTestName_324" name="Run 0" assertions="3 total, 0 failed, 3 succeeded"><skipped type="Skipped" message="This test was disabled."/></testcase><testcase time="0" classname="p2.S0.SomeLongLongLongLongLongTestName_325" name="Run 0" assertions="3 total, 0 failed, 3 succeeded"><skipped type="Skipped" message="This test was disabled."/></testcase><testcase time="0" classname="p2.S0.SomeLongLongLongLongLongTestName_326" name="Run 0" assertions="3 total, 0 failed, 3 succeeded"><skipped type="Skipped" message="This test was disabled."/></testcase><testcase time="0" classname="p2.S0.SomeLongLongLongLongLongTestName_327" name="Run 0" assertions="3 total, 0 failed, 3 succeeded"><skipped type="Skipped" message="This test was disabled."/></testcase><testcase time="0" classname="p2.S0.SomeLongLongLongLongLongTestName_328" name="Run 0" assertions="3 total, 0 failed, 3 succeeded"><skipped type="Skipped" message="This test was disabled."/></testcase><testcase time="0" classname="p2.S0.SomeLongLongLongLongLongTestName_329" name="Run 0" assertions="3 total, 0 failed, 3 succeeded"><skipped type="Skipped" message="This test was disabled."/></testcase><testcase time="0" classname="p2.S0.SomeLongLongLongLongLongTestName_330" name="Run 0" assertions="3 total, 0 failed, 3 succeeded"><skipped type="Skipped" message="This test was disabled."/></testcase><testcase time="0" classname="p2.S0.SomeLongLongLongLongLongTestName_331" name="Run 0" assertions="3 total, 0 failed, 3 succeeded"><skipped type="Skipped" message="This test was disabled."/></testcase><testcase time="0" classname="p2.S0.SomeLongLongLongLongLongTestName_332" name="Run 0" assertions="3 total, 0 failed, 3 succeeded"><skipped type="Skipped" message="This test was disabled."/></testcase><testcase time="0" classname="p2.S0.SomeLongLongLongLongLongTestName_333" name="Run 0" assertions="3 total, 0 failed, 3 succeeded"><skipped type="Skipped" message="This test was disabled."/></testcase><testcase time="0" classname="p2.S0.SomeLongLongLongLongLongTestName_334" name="Run 0" assertions="3 total, 0 failed, 3 succeeded"><skipped type="Skipped" message="This test was disabled."/></testcase><testcase time="0" classname="p2.S0.SomeLongLongLongLongLongTestName_335" name="Run 0" assertions="3 total, 0 failed, 3 succeeded"><skipped type="Skipped" message="This test was disabled."/></testcase><testcase time="0" classname="p2.S0.SomeLongLongLongLongLongTestName_336" name="Run 0" assertions="3 total, 0 failed, 3 succeeded"><skipped type="Skipped" message="This test was disabled."/></testcase><testcase time="0" classname="p2.S0.SomeLongLongLongLongLongTestName_337" name="Run 0" assertions="3 total, 0 failed, 3 succeeded"><skipped type="Skipped" message="This test was disabled."/></testcase><testcase time="0" classname="p2.S0.SomeLongLongLongLongLongTestName_338" name="Run 0" assertions="3 total, 0 failed, 3 succeeded"><skipped type="Skipped" message="This test was disabled."/></testcase><testcase time="0" classname="p2.S0.SomeLongLongLongLongLongTestName_339" name="Run 0" assertions="3 total, 0 failed, 3 succeeded"><skipped type="Skipped" message="This test was disabled."/></testcase><testcase time="0" classname="p2.S0.SomeLongLongLongLongLongTestName_340" name="Run 0" assertions="3 total, 0 failed, 3 succeeded"><skipped type="Skipped" message="This test was disabled."/></testcase><testcase time="0" classname="p2.S0.SomeLongLongLongLongLongTestName_341" name="Run 0" assertions="3 total, 0 failed, 3 succeeded"><skipped type="Skipped" message="This test was disabled."/></testcase><testcase time="0" classname="p2.S0.SomeLongLongLongLongLongTestName_342" name="Run 0" assertions="3 total, 0 failed, 3 succeeded"><skipped type="Skipped" message="This test was disabled."/></testcase><testcase time="0" classname="p2.S0.SomeLongLongLongLongLongTestName_343" name="Run 0" assertions="3 total, 0 failed, 3 succeeded"><skipped type="Skipped" message="This test was disabled."/></testcase><testcase time="0" classname="p2.S0.SomeLongLongLongLongLongTestName_344" name="Run 0" assertions="3 total, 0 failed, 3 succeeded"><skipped type="Skipped" message="This test was disabled."/></testcase><testcase time="0" classname="p2.S0.SomeLongLongLongLongLongTestName_345" name="Run 0" assertions="3 total, 0 failed, 3 succeeded"><skipped type="Skipped" message="This test was disabled."/></testcase><testcase time="0" classname="p2.S0.SomeLongLongLongLongLongTestName_346" name="Run 0" assertions="3 total, 0 failed, 3 succeeded"><skipped type="Skipped" message="This test was disabled."/></testcase><testcase time="0" classname="p2.S0.SomeLongLongLongLongLongTestName_347" name="Run 0" assertions="3 total, 0 failed, 3 succeeded"><skipped type="Skipped" message="This test was disabled."/></testcase><testcase time="0" classname="p2.S0.SomeLongLongLongLongLongTestName_348" name="Run 0" assertions="3 total, 0 failed, 3 succeeded"><skipped type="Skipped" message="This test was disabled."/></testcase><testcase time="0" classname="p2.S0.SomeLongLongLongLongLongTestName_349" name="Run 0" assertions="3 total, 0 failed, 3 succeeded"><skipped type="Skipped" message="This test was disabled."/></testcase><testcase time="0" classname="p2.S0.SomeLongLongLongLongLongTestName_350" name="Run 0" assertions="3 total, 0 failed, 3 succeeded"><skipped type="Skipped" message="This test was disabled."/></testcase><testcase time="0" classname="p2.S0.SomeLongLongLongLongLongTestName_351" name="Run 0" assertions="3 total, 0 failed, 3 succeeded"><skipped type="Skipped" message="This test was disabled."/></testcase><testcase time="0" classname="p2.S0.SomeLongLongLongLongLongTestName_352" name="Run 0" assertions="3 total, 0 failed, 3 succeeded"><skipped type="Skipped" message="This test was disabled."/></testcase><testcase time="0" classname="p2.S0.SomeLongLongLongLongLongTestName_353" name="Run 0" assertions="3 total, 0 failed, 3 succeeded"><skipped type="Skipped" message="This test was disabled."/></testcase><testcase time="0" classname="p2.S0.SomeLongLongLongLongLongTestName_354" name="Run 0" assertions="3 total, 0 failed, 3 succeeded"><skipped type="Skipped" message="This test was disabled."/></testcase><testcase time="0" classname="p2.S0.SomeLongLongLongLongLongTestName_355" name="Run 0" assertions="3 total, 0 failed, 3 succeeded"><skipped type="Skipped" message="This test was disabled."/></testcase><testcase time="0" classname="p2.S0.SomeLongLongLongLongLongTestName_356" name="Run 0" assertions="3 total, 0 failed, 3 succeeded"><skipped type="Skipped" message="This test was disabled."/></testcase><testcase time="0" classname="p2.S0.SomeLongLongLongLongLongTestName_357" name="Run 0" assertions="3 total, 0 failed, 3 succeeded"><skipped type="Skipped" message="This test was disabled."/></testcase><testcase time="0" classname="p2.S0.SomeLongLongLongLongLongTestName_358" name="Run 0" assertions="3 total, 0 failed, 3 succeeded"><skipped type="Skipped" message="This test was disabled."/></testcase><testcase time="0" classname="p2.S0.SomeLongLongLongLongLongTestName_359" name="Run 0" assertions="3 total, 0 failed, 3 succeeded"><skipped type="Skipped" message="This test was disabled."/></testcase><testcase time="0" classname="p2.S0.SomeLongLongLongLongLongTestName_360" name="Run 0" assertions="3 total, 0 failed, 3 succeeded"><skipped type="Skipped" message="This test was disabled."/></testcase><testcase time="0" classname="p2.S0.SomeLongLongLongLongLongTestName_361" name="Run 0" assertions="3 total, 0 failed, 3 succeeded"><skipped type="Skipped" message="This test was disabled."/></testcase><testcase time="0" classname="p2.S0.SomeLongLongLongLongLongTestName_362" name="Run 0" assertions="3 total, 0 failed, 3 succeeded"><skipped type="Skipped" message="This test was disabled."/></testcase><testcase time="0" classname="p2.S0.SomeLongLongLongLongLongTestName_363" name="Run 0" assertions="3 total, 0 failed, 3 succeeded"><skipped type="Skipped" message="This test was disabled."/></testcase><testcase time="0" classname="p2.S0.SomeLongLongLongLongLongTestName_364" name="Run 0" assertions="3 total, 0 failed, 3 succeeded"><skipped type="Skipped" message="This test was disabled."/></testcase><testcase time="0" classname="p2.S0.SomeLongLongLongLongLongTestName_365" name="Run 0" assertions="3 total, 0 failed, 3 succeeded"><skipped type="Skipped" message="This test was disabled."/></testcase><testcase time="0" classname="p2.S0.SomeLongLongLongLongLongTestName_366" name="Run 0" assertions="3 total, 0 failed, 3 succeeded"><skipped type="Skipped" message="This test was disabled."/></testcase><testcase time="0" classname="p2.S0.SomeLongLongLongLongLongTestName_367" name="Run 0" assertions="3 total, 0 failed, 3 succeeded"><skipped type="Skipped" message="This test was disabled."/></testcase><testcase time="0" classname="p2.S0.SomeLongLongLongLongLongTestName_368" name="Run 0" assertions="3 total, 0 failed, 3 succeeded"><skipped type="Skipped" message="This test was disabled."/></testcase><testcase time="0" classname="p2.S0.SomeLongLongLongLongLongTestName_369" name="Run 0" assertions="3 total, 0 failed, 3 succeeded"><skipped type="Skipped" message="This test was disabled."/></testcase><testcase time="0" classname="p2.S0.SomeLongLongLongLongLongTestName_370" name="Run 0" assertions="3 total, 0 failed, 3 succeeded"><skipped type="Skipped" message="This test was disabled."/></testcase><testcase time="0" classname="p2.S0.SomeLongLongLongLongLongTestName_371" name="Run 0" assertions="3 total, 0 failed, 3 succeeded"><skipped type="Skipped" message="This test was disabled."/></testcase><testcase time="0" classname="p2.S0.SomeLongLongLongLongLongTestName_372" name="Run 0" assertions="3 total, 0 failed, 3 succeeded"><skipped type="Skipped" message="This test was disabled."/></testcase><testcase time="0" classname="p2.S0.SomeLongLongLongLongLongTestName_373" name="Run 0" assertions="3 total, 0 failed, 3 succeeded"><skipped type="Skipped" message="This test was disabled."/></testcase><testcase time="0" classname="p2.S0.SomeLongLongLongLongLongTestName_374" name="Run 0" assertions="3 total, 0 failed, 3 succeeded"><skipped type="Skipped" message="This test was disabled."/></testcase><testcase time="0" classname="p2.S0.SomeLongLongLongLongLongTestName_375" name="Run 0" assertions="3 total, 0 failed, 3 succeeded"><skipped type="Skipped" message="This test was disabled."/></testcase><testcase time="0" classname="p2.S0.SomeLongLongLongLongLongTestName_376" name="Run 0" assertions="3 total, 0 failed, 3 succeeded"><skipped type="Skipped" message="This test was disabled."/></testcase><testcase time="0" classname="p2.S0.SomeLongLongLongLongLongTestName_377" name="Run 0" assertions="3 total, 0 failed, 3 succeeded"><skipped type="Skipped" message="This test was disabled."/></testcase><testcase time="0" classname="p2.S0.SomeLongLongLongLongLongTestName_378" name="Run 0" assertions="3 total, 0 failed, 3 succeeded"><skipped type="Skipped" message="This test was disabled."/></testcase><testcase time="0" classname="p2.S0.SomeLongLongLongLongLongTestName_379" name="Run 0" assertions="3 total, 0 failed, 3 succeeded"><skipped type="Skipped" message="This test was disabled."/></testcase><testcase time="0" classname="p2.S0.SomeLongLongLongLongLongTestName_380" name="Run 0" assertions="3 total, 0 failed, 3 succeeded"><skipped type="Skipped" message="This test was disabled."/></testcase><testcase time="0" classname="p2.S0.SomeLongLongLongLongLongTestName_381" name="Run 0" assertions="3 total, 0 failed, 3 succeeded"><skipped type="Skipped" message="This test was disabled."/></testcase><testcase time="0" classname="p2.S0.SomeLongLongLongLongLongTestName_382" name="Run 0" assertions="3 total, 0 failed, 3 succeeded"><skipped type="Skipped" message="This test was disabled."/></testcase><testcase time="0" classname="p2.S0.SomeLongLongLongLongLongTestName_383" name="Run 0" assertions="3 total, 0 failed, 3 succeeded"><skipped type="Skipped" message="This test was disabled."/></testcase><testcase time="0" classname="p2.S0.SomeLongLongLongLongLongTestName_384" name="Run 0" assertions="3 total, 0 failed, 3 succeeded"><skipped type="Skipped" message="This test was disabled."/></testcase><testcase time="0" classname="p2.S0.SomeLongLongLongLongLongTestName_385" name="Run 0" assertions="3 total, 0 failed, 3 succeeded"><skipped type="Skipped" message="This test was disabled."/></testcase><testcase time="0" classname="p2.S0.SomeLongLongLongLongLongTestName_386" name="Run 0" assertions="3 total, 0 failed, 3 succeeded"><skipped type="Skipped" message="This test was disabled."/></testcase><testcase time="0" classname="p2.S0.SomeLongLongLongLongLongTestName_387" name="Run 0" assertions="3 total, 0 failed, 3 succeeded"><skipped type="Skipped" message="This test was disabled."/></testcase><testcase time="0" classname="p2.S0.SomeLongLongLongLongLongTestName_388" name="Run 0" assertions="3 total, 0 failed, 3 succeeded"><skipped type="Skipped" message="This test was disabled."/></testcase><testcase time="0" classname="p2.S0.SomeLongLongLongLongLongTestName_389" name="Run 0" assertions="3 total, 0 failed, 3 succeeded"><skipped type="Skipped" message="This test was disabled."/></testcase><testcase time="0" classname="p2.S0.SomeLongLongLongLongLongTestName_390" name="Run 0" assertions="3 total, 0 failed, 3 succeeded"><skipped type="Skipped" message="This test was disabled."/></testcase><testcase time="0" classname="p2.S0.SomeLongLongLongLongLongTestName_391" name="Run 0" assertions="3 total, 0 failed, 3 succeeded"><skipped type="Skipped" message="This test was disabled."/></testcase><testcase time="0" classname="p2.S0.SomeLongLongLongLongLongTestName_392" name="Run 0" assertions="3 total, 0 failed, 3 succeeded"><skipped type="Skipped" message="This test was disabled."/></testcase><testcase time="0" classname="p2.S0.SomeLongLongLongLongLongTestName_393" name="Run 0" assertions="3 total, 0 failed, 3 succeeded"><skipped type="Skipped" message="This test was disabled."/></testcase><testcase time="0" classname="p2.S0.SomeLongLongLongLongLongTestName_394" name="Run 0" assertions="3 total, 0 failed, 3 succeeded"><skipped type="Skipped" message="This test was disabled."/></testcase><testcase time="0" classname="p2.S0.SomeLongLongLongLongLongTestName_395" name="Run 0" assertions="3 total, 0 failed, 3 succeeded"><skipped type="Skipped" message="This test was disabled."/></testcase><testcase time="0" classname="p2.S0.SomeLongLongLongLongLongTestName_396" name="Run 0" assertions="3 total, 0 failed, 3 succeeded"><skipped type="Skipped" message="This test was disabled."/></testcase><testcase time="0" classname="p2.S0.SomeLongLongLongLongLongTestName_397" name="Run 0" assertions="3 total, 0 failed, 3 succeeded"><skipped type="Skipped" message="This test was disabled."/></testcase><testcase time="0" classname="p2.S0.SomeLongLongLongLongLongTestName_398" name="Run 0" assertions="3 total, 0 failed, 3 succeeded"><skipped type="Skipped" message="This test was disabled."/></testcase><testcase time="0" classname="p2.S0.SomeLongLongLongLongLongTestName_399" name="Run 0" assertions="3 total, 0 failed, 3 succeeded"><skipped type="Skipped" message="This test was disabled."/></testcase><testcase time="0" classname="p2.S0.SomeLongLongLongLongLongTestName_400" name="Run 0" assertions="3 total, 0 failed, 3 succeeded"><skipped type="Skipped" message="This test was disabled."/></testcase><testcase time="0" classname="p2.S0.SomeLongLongLongLongLongTestName_401" name="Run 0" assertions="3 total, 0 failed, 3 succeeded"><skipped type="Skipped" message="This test was disabled."/></testcase><testcase time="0" classname="p2.S0.SomeLongLongLongLongLongTestName_402" name="Run 0" assertions="3 total, 0 failed, 3 succeeded"><skipped type="Skipped" message="This test was disabled."/></testcase><testcase time="0" classname="p2.S0.SomeLongLongLongLongLongTestName_403" name="Run 0" assertions="3 total, 0 failed, 3 succeeded"><skipped type="Skipped" message="This test was disabled."/></testcase><testcase time="0" classname="p2.S0.SomeLongLongLongLongLongTestName_404" name="Run 0" assertions="3 total, 0 failed, 3 succeeded"><skipped type="Skipped" message="This test was disabled."/></testcase><testcase time="0" classname="p2.S0.SomeLongLongLongLongLongTestName_405" name="Run 0" assertions="3 total, 0 failed, 3 succeeded"><skipped type="Skipped" message="This test was disabled."/></testcase><testcase time="0" classname="p2.S0.SomeLongLongLongLongLongTestName_406" name="Run 0" assertions="3 total, 0 failed, 3 succeeded"><skipped type="Skipped" message="This test was disabled."/></testcase><testcase time="0" classname="p2.S0.SomeLongLongLongLongLongTestName_407" name="Run 0" assertions="3 total, 0 failed, 3 succeeded"><skipped type="Skipped" message="This test was disabled."/></testcase><testcase time="0" classname="p2.S0.SomeLongLongLongLongLongTestName_408" name="Run 0" assertions="3 total, 0 failed, 3 succeeded"><skipped type="Skipped" message="This test was disabled."/></testcase><testcase time="0" classname="p2.S0.SomeLongLongLongLongLongTestName_409" name="Run 0" assertions="3 total, 0 failed, 3 succeeded"><skipped type="Skipped" message="This test was disabled."/></testcase><testcase time="0" classname="p2.S0.SomeLongLongLongLongLongTestName_410" name="Run 0" assertions="3 total, 0 failed, 3 succeeded"><skipped type="Skipped" message="This test was disabled."/></testcase><testcase time="0" classname="p2.S0.SomeLongLongLongLongLongTestName_411" name="Run 0" assertions="3 total, 0 failed, 3 succeeded"><skipped type="Skipped" message="This test was disabled."/></testcase><testcase time="0" classname="p2.S0.SomeLongLongLongLongLongTestName_412" name="Run 0" assertions="3 total, 0 failed, 3 succeeded"><skipped type="Skipped" message="This test was disabled."/></testcase><testcase time="0" classname="p2.S0.SomeLongLongLongLongLongTestName_413" name="Run 0" assertions="3 total, 0 failed, 3 succeeded"><skipped type="Skipped" message="This test was disabled."/></testcase><testcase time="0" classname="p2.S0.SomeLongLongLongLongLongTestName_414" name="Run 0" assertions="3 total, 0 failed, 3 succeeded"><skipped type="Skipped" message="This test was disabled."/></testcase><testcase time="0" classname="p2.S0.SomeLongLongLongLongLongTestName_415" name="Run 0" assertions="3 total, 0 failed, 3 succeeded"><skipped type="Skipped" message="This test was disabled."/></testcase><testcase time="0" classname="p2.S0.SomeLongLongLongLongLongTestName_416" name="Run 0" assertions="3 total, 0 failed, 3 succeeded"><skipped type="Skipped" message="This test was disabled."/></testcase><testcase time="0" classname="p2.S0.SomeLongLongLongLongLongTestName_417" name="Run 0" assertions="3 total, 0 failed, 3 succeeded"><skipped type="Skipped" message="This test was disabled."/></testcase><testcase time="0" classname="p2.S0.SomeLongLongLongLongLongTestName_418" name="Run 0" assertions="3 total, 0 failed, 3 succeeded"><skipped type="Skipped" message="This test was disabled."/></testcase><testcase time="0" classname="p2.S0.SomeLongLongLongLongLongTestName_419" name="Run 0" assertions="3 total, 0 failed, 3 succeeded"><skipped type="Skipped" message="This test was disabled."/></testcase><testcase time="0" classname="p2.S0.SomeLongLongLongLongLongTestName_420" name="Run 0" assertions="3 total, 0 failed, 3 succeeded"><skipped type="Skipped" message="This test was disabled."/></testcase><testcase time="-3213.2850217111863" classname="p2.S1.SomeLongLongLongLongLongTestName_0" name="Run 0" assertions="3 total, 0 failed, 3 succeeded">
                          <properties>
                          <property name="prop1" value="value1" />
                          <property name="multiline">
                              Config line 1
                              Config line 2
                              Config line 3
                          </property>
                        </properties>
                        <failure message="failure message 0" type="Failure"/><system-out>This is stdout
[[ATTACHMENT|attachment.txt]]
</system-out><system-err>This is stderr
[[ATTACHMENT|attachment.txt]]
</system-err></testcase><testcase time="-3096.363084959407" classname="p2.S1.SomeLongLongLongLongLongTestName_1" name="Run 0" assertions="3 total, 0 failed, 3 succeeded"/><testcase time="-9269.510084207302" classname="p2.S1.SomeLongLongLongLongLongTestName_2" name="Run 0" assertions="3 total, 0 failed, 3 succeeded"/><testcase time="-6175.895190423421" classname="p2.S1.SomeLongLongLongLongLongTestName_3" name="Run 0" assertions="3 total, 0 failed, 3 succeeded"/><testcase time="-7186.477177822144" classname="p2.S1.SomeLongLongLongLongLongTestName_4" name="Run 0" assertions="3 total, 0 failed, 3 succeeded"/><testcase time="-4365.317718494414" classname="p2.S1.SomeLongLongLongLongLongTestName_5" name="Run 0" assertions="3 total, 0 failed, 3 succeeded"/><testcase time="-6449.6107245307785" classname="p2.S1.SomeLongLongLongLongLongTestName_6" name="Run 0" assertions="3 total, 0 failed, 3 succeeded"/><testcase time="-5434.9399485680915" classname="p2.S1.SomeLongLongLongLongLongTestName_7" name="Run 0" assertions="3 total, 0 failed, 3 succeeded"/><testcase time="-6990.724054397495" classname="p2.S1.SomeLongLongLongLongLongTestName_8" name="Run 0" assertions="3 total, 0 failed, 3 succeeded"/><testcase time="-3012.0540267304086" classname="p2.S1.SomeLongLongLongLongLongTestName_9" name="Run 0" assertions="3 total, 0 failed, 3 succeeded"/><testcase time="-1196.6962080069845" classname="p2.S1.SomeLongLongLongLongLongTestName_10" name="Run 0" assertions="3 total, 0 failed, 3 succeeded"/><testcase time="-9563.708217542433" classname="p2.S1.SomeLongLongLongLongLongTestName_11" name="Run 0" assertions="3 total, 0 failed, 3 succeeded"/><testcase time="-8464.551956333" classname="p2.S1.SomeLongLongLongLongLongTestName_12" name="Run 0" assertions="3 total, 0 failed, 3 succeeded"/><testcase time="-3220.268255855584" classname="p2.S1.SomeLongLongLongLongLongTestName_13" name="Run 0" assertions="3 total, 0 failed, 3 succeeded"/><testcase time="-8840.986604452193" classname="p2.S1.SomeLongLongLongLongLongTestName_14" name="Run 0" assertions="3 total, 0 failed, 3 succeeded"/><testcase time="-9245.349464504408" classname="p2.S1.SomeLongLongLongLongLongTestName_15" name="Run 0" assertions="3 total, 0 failed, 3 succeeded"/><testcase time="-687.68410583327" classname="p2.S1.SomeLongLongLongLongLongTestName_16" name="Run 0" assertions="3 total, 0 failed, 3 succeeded"/><testcase time="-8249.434696302922" classname="p2.S1.SomeLongLongLongLongLongTestName_17" name="Run 0" assertions="3 total, 0 failed, 3 succeeded"/><testcase time="-9934.783751928488" classname="p2.S1.SomeLongLongLongLongLongTestName_18" name="Run 0" assertions="3 total, 0 failed, 3 succeeded"/><testcase time="-966.9535449981037" classname="p2.S1.SomeLongLongLongLongLongTestName_19" name="Run 0" assertions="3 total, 0 failed, 3 succeeded"/><testcase time="-7389.289669309217" classname="p2.S1.SomeLongLongLongLongLongTestName_20" name="Run 0" assertions="3 total, 0 failed, 3 succeeded"/><testcase time="-7717.349241557464" classname="p2.S1.SomeLongLongLongLongLongTestName_21" name="Run 0" assertions="3 total, 0 failed, 3 succeeded"/><testcase time="-9113.635164570884" classname="p2.S1.SomeLongLongLongLongLongTestName_22" name="Run 0" assertions="3 total, 0 failed, 3 succeeded"/><testcase time="-816.8987643736049" classname="p2.S1.SomeLongLongLongLongLongTestName_23" name="Run 0" assertions="3 total, 0 failed, 3 succeeded"/><testcase time="-492.9458963364079" classname="p2.S1.SomeLongLongLongLongLongTestName_24" name="Run 0" assertions="3 total, 0 failed, 3 succeeded"/><testcase time="-1031.5319332536824" classname="p2.S1.SomeLongLongLongLongLongTestName_25" name="Run 0" assertions="3 total, 0 failed, 3 succeeded"/><testcase time="-388.3173401754752" classname="p2.S1.SomeLongLongLongLongLongTestName_26" name="Run 0" assertions="3 total, 0 failed, 3 succeeded"/><testcase time="-2637.521586026368" classname="p2.S1.SomeLongLongLongLongLongTestName_27" name="Run 0" assertions="3 total, 0 failed, 3 succeeded"/><testcase time="-5295.366396078117" classname="p2.S1.SomeLongLongLongLongLongTestName_28" name="Run 0" assertions="3 total, 0 failed, 3 succeeded"/><testcase time="-7262.915785750864" classname="p2.S1.SomeLongLongLongLongLongTestName_29" name="Run 0" assertions="3 total, 0 failed, 3 succeeded"/><testcase time="-9332.796617971264" classname="p2.S1.SomeLongLongLongLongLongTestName_30" name="Run 0" assertions="3 total, 0 failed, 3 succeeded"/><testcase time="-4626.583011100439" classname="p2.S1.SomeLongLongLongLongLongTestName_31" name="Run 0" assertions="3 total, 0 failed, 3 succeeded"/><testcase time="-3646.7018945859672" classname="p2.S1.SomeLongLongLongLongLongTestName_32" name="Run 0" assertions="3 total, 0 failed, 3 succeeded"/><testcase time="-8511.924056802816" classname="p2.S1.SomeLongLongLongLongLongTestName_33" name="Run 0" assertions="3 total, 0 failed, 3 succeeded"/><testcase time="-5724.710018709809" classname="p2.S1.SomeLongLongLongLongLongTestName_34" name="Run 0" assertions="3 total, 0 failed, 3 succeeded"/><testcase time="-8645.812326530648" classname="p2.S1.SomeLongLongLongLongLongTestName_35" name="Run 0" assertions="3 total, 0 failed, 3 succeeded"/><testcase time="-8298.194107134494" classname="p2.S1.SomeLongLongLongLongLongTestName_36" name="Run 0" assertions="3 total, 0 failed, 3 succeeded"/><testcase time="-8960.755365692738" classname="p2.S1.SomeLongLongLongLongLongTestName_37" name="Run 0" assertions="3 total, 0 failed, 3 succeeded"/><testcase time="-1136.8548486544828" classname="p2.S1.SomeLongLongLongLongLongTestName_38" name="Run 0" assertions="3 total, 0 failed, 3 succeeded"/><testcase time="-9299.436048467216" classname="p2.S1.SomeLongLongLongLongLongTestName_39" name="Run 0" assertions="3 total, 0 failed, 3 succeeded"/><testcase time="-8833.050421027017" classname="p2.S1.SomeLongLongLongLongLongTestName_40" name="Run 0" assertions="3 total, 0 failed, 3 succeeded"/><testcase time="-434.6805368592939" classname="p2.S1.SomeLongLongLongLongLongTestName_41" name="Run 0" assertions="3 total, 0 failed, 3 succeeded"/><testcase time="-7397.903563429894" classname="p2.S1.SomeLongLongLongLongLongTestName_42" name="Run 0" assertions="3 total, 0 failed, 3 succeeded"/><testcase time="-8909.939202690997" classname="p2.S1.SomeLongLongLongLongLongTestName_43" name="Run 0" assertions="3 total, 0 failed, 3 succeeded"/><testcase time="-9914.915154688928" classname="p2.S1.SomeLongLongLongLongLongTestName_44" name="Run 0" assertions="3 total, 0 failed, 3 succeeded"/><testcase time="-4061.3112746685865" classname="p2.S1.SomeLongLongLongLongLongTestName_45" name="Run 0" assertions="3 total, 0 failed, 3 succeeded"/><testcase time="-3895.290493692929" classname="p2.S1.SomeLongLongLongLongLongTestName_46" name="Run 0" assertions="3 total, 0 failed, 3 succeeded"/><testcase time="-525.7298536931468" classname="p2.S1.SomeLongLongLongLongLongTestName_47" name="Run 0" assertions="3 total, 0 failed, 3 succeeded"/><testcase time="-5055.174854409919" classname="p2.S1.SomeLongLongLongLongLongTestName_48" name="Run 0" assertions="3 total, 0 failed, 3 succeeded"/><testcase time="-75.45736187575005" classname="p2.S1.SomeLongLongLongLongLongTestName_49" name="Run 0" assertions="3 total, 0 failed, 3 succeeded"/><testcase time="-8863.578103572148" classname="p2.S1.SomeLongLongLongLongLongTestName_50" name="Run 0" assertions="3 total, 0 failed, 3 succeeded"/><testcase time="-6300.821887653995" classname="p2.S1.SomeLongLongLongLongLongTestName_51" name="Run 0" assertions="3 total, 0 failed, 3 succeeded"/><testcase time="-2029.2780832872077" classname="p2.S1.SomeLongLongLongLongLongTestName_52" name="Run 0" assertions="3 total, 0 failed, 3 succeeded"/><testcase time="-9227.408024873734" classname="p2.S1.SomeLongLongLongLongLongTestName_53" name="Run 0" assertions="3 total, 0 failed, 3 succeeded"/><testcase time="-5862.9962299062845" classname="p2.S1.SomeLongLongLongLongLongTestName_54" name="Run 0" assertions="3 total, 0 failed, 3 succeeded"/><testcase time="-401.74167703807535" classname="p2.S1.SomeLongLongLongLongLongTestName_55" name="Run 0" assertions="3 total, 0 failed, 3 succeeded"/><testcase time="-4780.305384213715" classname="p2.S1.SomeLongLongLongLongLongTestName_56" name="Run 0" assertions="3 total, 0 failed, 3 succeeded"/><testcase time="-3416.416878587879" classname="p2.S1.SomeLongLongLongLongLongTestName_57" name="Run 0" assertions="3 total, 0 failed, 3 succeeded"/><testcase time="-8157.648929596991" classname="p2.S1.SomeLongLongLongLongLongTestName_58" name="Run 0" assertions="3 total, 0 failed, 3 succeeded"/><testcase time="-2366.410315689613" classname="p2.S1.SomeLongLongLongLongLongTestName_59" name="Run 0" assertions="3 total, 0 failed, 3 succeeded"/><testcase time="-3188.0359577540394" classname="p2.S1.SomeLongLongLongLongLongTestName_60" name="Run 0" assertions="3 total, 0 failed, 3 succeeded"/><testcase time="-2976.1176238582334" classname="p2.S1.SomeLongLongLongLongLongTestName_61" name="Run 0" assertions="3 total, 0 failed, 3 succeeded"/><testcase time="-5646.141893701229" classname="p2.S1.SomeLongLongLongLongLongTestName_62" name="Run 0" assertions="3 total, 0 failed, 3 succeeded"/><testcase time="-3203.2820356935686" classname="p2.S1.SomeLongLongLongLongLongTestName_63" name="Run 0" assertions="3 total, 0 failed, 3 succeeded"/><testcase time="-708.9395868466189" classname="p2.S1.SomeLongLongLongLongLongTestName_64" name="Run 0" assertions="3 total, 0 failed, 3 succeeded"/><testcase time="-6556.618114241531" classname="p2.S1.SomeLongLongLongLongLongTestName_65" name="Run 0" assertions="3 total, 0 failed, 3 succeeded"/><testcase time="-1330.5045516756395" classname="p2.S1.SomeLongLongLongLongLongTestName_66" name="Run 0" assertions="3 total, 0 failed, 3 succeeded"/><testcase time="-2593.366057997056" classname="p2.S1.SomeLongLongLongLongLongTestName_67" name="Run 0" assertions="3 total, 0 failed, 3 succeeded"/><testcase time="-1413.902470558561" classname="p2.S1.SomeLongLongLongLongLongTestName_68" name="Run 0" assertions="3 total, 0 failed, 3 succeeded"/><testcase time="-7443.028906266251" classname="p2.S1.SomeLongLongLongLongLongTestName_69" name="Run 0" assertions="3 total, 0 failed, 3 succeeded"/><testcase time="-3947.459183738037" classname="p2.S1.SomeLongLongLongLongLongTestName_70" name="Run 0" assertions="3 total, 0 failed, 3 succeeded"/><testcase time="-6240.899140874355" classname="p2.S1.SomeLongLongLongLongLongTestName_71" name="Run 0" assertions="3 total, 0 failed, 3 succeeded"/><testcase time="-7928.481362281186" classname="p2.S1.SomeLongLongLongLongLongTestName_72" name="Run 0" assertions="3 total, 0 failed, 3 succeeded"/><testcase time="-2726.354022796169" classname="p2.S1.SomeLongLongLongLongLongTestName_73" name="Run 0" assertions="3 total, 0 failed, 3 succeeded"/><testcase time="-6161.391580716401" classname="p2.S1.SomeLongLongLongLongLongTestName_74" name="Run 0" assertions="3 total, 0 failed, 3 succeeded"/><testcase time="-6108.6359941536575" classname="p2.S1.SomeLongLongLongLongLongTestName_75" name="Run 0" assertions="3 total, 0 failed, 3 succeeded"/><testcase time="-7808.22569495487" classname="p2.S1.SomeLongLongLongLongLongTestName_76" name="Run 0" assertions="3 total, 0 failed, 3 succeeded"/><testcase time="-3727.3732769350913" classname="p2.S1.SomeLongLongLongLongLongTestName_77" name="Run 0" assertions="3 total, 0 failed, 3 succeeded"/><testcase time="-314.4237524586717" classname="p2.S1.SomeLongLongLongLongLongTestName_78" name="Run 0" assertions="3 total, 0 failed, 3 succeeded"/><testcase time="-9154.014270184596" classname="p2.S1.SomeLongLongLongLongLongTestName_79" name="Run 0" assertions="3 total, 0 failed, 3 succeeded"/><testcase time="-4930.631150791665" classname="p2.S1.SomeLongLongLongLongLongTestName_80" name="Run 0" assertions="3 total, 0 failed, 3 succeeded"/><testcase time="-9475.000602011063" classname="p2.S1.SomeLongLongLongLongLongTestName_81" name="Run 0" assertions="3 total, 0 failed, 3 succeeded"/><testcase time="-6021.962373392224" classname="p2.S1.SomeLongLongLongLongLongTestName_82" name="Run 0" assertions="3 total, 0 failed, 3 succeeded"/><testcase time="-1468.2278367115623" classname="p2.S1.SomeLongLongLongLongLongTestName_83" name="Run 0" assertions="3 total, 0 failed, 3 succeeded"/><testcase time="-7835.501209462937" classname="p2.S1.SomeLongLongLongLongLongTestName_84" name="Run 0" assertions="3 total, 0 failed, 3 succeeded"/><testcase time="-6931.466432624385" classname="p2.S1.SomeLongLongLongLongLongTestName_85" name="Run 0" assertions="3 total, 0 failed, 3 succeeded"/><testcase time="-7196.652220958388" classname="p2.S1.SomeLongLongLongLongLongTestName_86" name="Run 0" assertions="3 total, 0 failed, 3 succeeded"/><testcase time="-8450.198030983316" classname="p2.S1.SomeLongLongLongLongLongTestName_87" name="Run 0" assertions="3 total, 0 failed, 3 succeeded"/><testcase time="-7010.658585685716" classname="p2.S1.SomeLongLongLongLongLongTestName_88" name="Run 0" assertions="3 total, 0 failed, 3 succeeded"/><testcase time="-3674.3990080317826" classname="p2.S1.SomeLongLongLongLongLongTestName_89" name="Run 0" assertions="3 total, 0 failed, 3 succeeded"/><testcase time="-6552.987151461772" classname="p2.S1.SomeLongLongLongLongLongTestName_90" name="Run 0" assertions="3 total, 0 failed, 3 succeeded"/><testcase time="-2359.9119789824404" classname="p2.S1.SomeLongLongLongLongLongTestName_91" name="Run 0" assertions="3 total, 0 failed, 3 succeeded"/><testcase time="-7727.038372526895" classname="p2.S1.SomeLongLongLongLongLongTestName_92" name="Run 0" assertions="3 total, 0 failed, 3 succeeded"/><testcase time="-2544.935380907473" classname="p2.S1.SomeLongLongLongLongLongTestName_93" name="Run 0" assertions="3 total, 0 failed, 3 succeeded"/><testcase time="-998.5214648156357" classname="p2.S1.SomeLongLongLongLongLongTestName_94" name="Run 0" assertions="3 total, 0 failed, 3 succeeded"/><testcase time="-4484.145952896002" classname="p2.S1.SomeLongLongLongLongLongTestName_95" name="Run 0" assertions="3 total, 0 failed, 3 succeeded"/><testcase time="-6187.682047306994" classname="p2.S1.SomeLongLongLongLongLongTestName_96" name="Run 0" assertions="3 total, 0 failed, 3 succeeded"/><testcase time="-9330.636844629837" classname="p2.S1.SomeLongLongLongLongLongTestName_97" name="Run 0" assertions="3 total, 0 failed, 3 succeeded"/><testcase time="-1223.0970101655782" classname="p2.S1.SomeLongLongLongLongLongTestName_98" name="Run 0" assertions="3 total, 0 failed, 3 succeeded"/><testcase time="-6572.089237698379" classname="p2.S1.SomeLongLongLongLongLongTestName_99" name="Run 0" assertions="3 total, 0 failed, 3 succeeded"/><testcase time="-9749.788677118311" classname="p2.S1.SomeLongLongLongLongLongTestName_100" name="Run 0" assertions="3 total, 0 failed, 3 succeeded"/><testcase time="-7046.633843960662" classname="p2.S1.SomeLongLongLongLongLongTestName_101" name="Run 0" assertions="3 total, 0 failed, 3 succeeded"/><testcase time="-3086.479636781122" classname="p2.S1.SomeLongLongLongLongLongTestName_102" name="Run 0" assertions="3 total, 0 failed, 3 succeeded"/><testcase time="-4331.807086339974" classname="p2.S1.SomeLongLongLongLongLongTestName_103" name="Run 0" assertions="3 total, 0 failed, 3 succeeded"/><testcase time="-3874.7478631178446" classname="p2.S1.SomeLongLongLongLongLongTestName_104" name="Run 0" assertions="3 total, 0 failed, 3 succeeded"/><testcase time="-3100.4077375095403" classname="p2.S1.SomeLongLongLongLongLongTestName_105" name="Run 0" assertions="3 total, 0 failed, 3 succeeded"/><testcase time="-9757.47935275674" classname="p2.S1.SomeLongLongLongLongLongTestName_106" name="Run 0" assertions="3 total, 0 failed, 3 succeeded"/><testcase time="-3947.826788806508" classname="p2.S1.SomeLongLongLongLongLongTestName_107" name="Run 0" assertions="3 total, 0 failed, 3 succeeded"/><testcase time="-2678.5352067751646" classname="p2.S1.SomeLongLongLongLongLongTestName_108" name="Run 0" assertions="3 total, 0 failed, 3 succeeded"/><testcase time="-8979.046312548568" classname="p2.S1.SomeLongLongLongLongLongTestName_109" name="Run 0" assertions="3 total, 0 failed, 3 succeeded"/><testcase time="-6916.920917136394" classname="p2.S1.SomeLongLongLongLongLongTestName_110" name="Run 0" assertions="3 total, 0 failed, 3 succeeded"/><testcase time="-6322.98344130932" classname="p2.S1.SomeLongLongLongLongLongTestName_111" name="Run 0" assertions="3 total, 0 failed, 3 succeeded"/><testcase time="-9898.899353283683" classname="p2.S1.SomeLongLongLongLongLongTestName_112" name="Run 0" assertions="3 total, 0 failed, 3 succeeded"/><testcase time="-2097.3569208352083" classname="p2.S1.SomeLongLongLongLongLongTestName_113" name="Run 0" assertions="3 total, 0 failed, 3 succeeded"/><testcase time="-5085.304544972207" classname="p2.S1.SomeLongLongLongLongLongTestName_114" name="Run 0" assertions="3 total, 0 failed, 3 succeeded"/><testcase time="-8743.44312856056" classname="p2.S1.SomeLongLongLongLongLongTestName_115" name="Run 0" assertions="3 total, 0 failed, 3 succeeded"/><testcase time="-1671.9175230903836" classname="p2.S1.SomeLongLongLongLongLongTestName_116" name="Run 0" assertions="3 total, 0 failed, 3 succeeded"/><testcase time="-5465.549459996195" classname="p2.S1.SomeLongLongLongLongLongTestName_117" name="Run 0" assertions="3 total, 0 failed, 3 succeeded"/><testcase time="-6229.951573585417" classname="p2.S1.SomeLongLongLongLongLongTestName_118" name="Run 0" assertions="3 total, 0 failed, 3 succeeded"/><testcase time="-887.2690086005159" classname="p2.S1.SomeLongLongLongLongLongTestName_119" name="Run 0" assertions="3 total, 0 failed, 3 succeeded"/><testcase time="-4293.329085585725" classname="p2.S1.SomeLongLongLongLongLongTestName_120" name="Run 0" assertions="3 total, 0 failed, 3 succeeded"/><testcase time="10.656572958103176" classname="p2.S1.SomeLongLongLongLongLongTestName_121" name="Run 0" assertions="3 total, 0 failed, 3 succeeded"/><testcase time="-3791.607580684402" classname="p2.S1.SomeLongLongLongLongLongTestName_122" name="Run 0" assertions="3 total, 0 failed, 3 succeeded"/><testcase time="-579.4907130248916" classname="p2.S1.SomeLongLongLongLongLongTestName_123" name="Run 0" assertions="3 total, 0 failed, 3 succeeded"/><testcase time="-2252.748708004522" classname="p2.S1.SomeLongLongLongLongLongTestName_124" name="Run 0" assertions="3 total, 0 failed, 3 succeeded"/><testcase time="-8864.549812538737" classname="p2.S1.SomeLongLongLongLongLongTestName_125" name="Run 0" assertions="3 total, 0 failed, 3 succeeded"/><testcase time="-8593.877344929584" classname="p2.S1.SomeLongLongLongLongLongTestName_126" name="Run 0" assertions="3 total, 0 failed, 3 succeeded"/><testcase time="-2847.44717188694" classname="p2.S1.SomeLongLongLongLongLongTestName_127" name="Run 0" assertions="3 total, 0 failed, 3 succeeded"/><testcase time="-5449.219402941861" classname="p2.S1.SomeLongLongLongLongLongTestName_128" name="Run 0" assertions="3 total, 0 failed, 3 succeeded"/><testcase time="-5397.387781601917" classname="p2.S1.SomeLongLongLongLongLongTestName_129" name="Run 0" assertions="3 total, 0 failed, 3 succeeded"/><testcase time="-4346.0983546661155" classname="p2.S1.SomeLongLongLongLongLongTestName_130" name="Run 0" assertions="3 total, 0 failed, 3 succeeded"/><testcase time="-9383.35160055891" classname="p2.S1.SomeLongLongLongLongLongTestName_131" name="Run 0" assertions="3 total, 0 failed, 3 succeeded"/><testcase time="-4701.993033142066" classname="p2.S1.SomeLongLongLongLongLongTestName_132" name="Run 0" assertions="3 total, 0 failed, 3 succeeded"/><testcase time="-7985.803383143891" classname="p2.S1.SomeLongLongLongLongLongTestName_133" name="Run 0" assertions="3 total, 0 failed, 3 succeeded"/><testcase time="-187.24097260288315" classname="p2.S1.SomeLongLongLongLongLongTestName_134" name="Run 0" assertions="3 total, 0 failed, 3 succeeded"/><testcase time="-428.6129686943023" classname="p2.S1.SomeLongLongLongLongLongTestName_135" name="Run 0" assertions="3 total, 0 failed, 3 succeeded"/><testcase time="-1021.4820522082028" classname="p2.S1.SomeLongLongLongLongLongTestName_136" name="Run 0" assertions="3 total, 0 failed, 3 succeeded"/><testcase time="-8026.654536220997" classname="p2.S1.SomeLongLongLongLongLongTestName_137" name="Run 0" assertions="3 total, 0 failed, 3 succeeded"/><testcase time="-9294.518052481199" classname="p2.S1.SomeLongLongLongLongLongTestName_138" name="Run 0" assertions="3 total, 0 failed, 3 succeeded"/><testcase time="-9066.831966540927" classname="p2.S1.SomeLongLongLongLongLongTestName_139" name="Run 0" assertions="3 total, 0 failed, 3 succeeded"/><testcase time="-2132.9932948314804" classname="p2.S1.SomeLongLongLongLongLongTestName_140" name="Run 0" assertions="3 total, 0 failed, 3 succeeded"/><testcase time="-543.7741745195153" classname="p2.S1.SomeLongLongLongLongLongTestName_141" name="Run 0" assertions="3 total, 0 failed, 3 succeeded"/><testcase time="-5984.275281301321" classname="p2.S1.SomeLongLongLongLongLongTestName_142" name="Run 0" assertions="3 total, 0 failed, 3 succeeded"/><testcase time="-5329.231217447299" classname="p2.S1.SomeLongLongLongLongLongTestName_143" name="Run 0" assertions="3 total, 0 failed, 3 succeeded"/><testcase time="-5537.779959142008" classname="p2.S1.SomeLongLongLongLongLongTestName_144" name="Run 0" assertions="3 total, 0 failed, 3 succeeded"/><testcase time="-7727.918689412011" classname="p2.S1.SomeLongLongLongLongLongTestName_145" name="Run 0" assertions="3 total, 0 failed, 3 succeeded"/><testcase time="-5207.9587152790655" classname="p2.S1.SomeLongLongLongLongLongTestName_146" name="Run 0" assertions="3 total, 0 failed, 3 succeeded"/><testcase time="-5738.624767884688" classname="p2.S1.SomeLongLongLongLongLongTestName_147" name="Run 0" assertions="3 total, 0 failed, 3 succeeded"/><testcase time="-8850.975205884715" classname="p2.S1.SomeLongLongLongLongLongTestName_148" name="Run 0" assertions="3 total, 0 failed, 3 succeeded"/><testcase time="-99.02951896831159" classname="p2.S1.SomeLongLongLongLongLongTestName_149" name="Run 0" assertions="3 total, 0 failed, 3 succeeded"/><testcase time="-1339.492103677818" classname="p2.S1.SomeLongLongLongLongLongTestName_150" name="Run 0" assertions="3 total, 0 failed, 3 succeeded"/><testcase time="-9631.132717148808" classname="p2.S1.SomeLongLongLongLongLongTestName_151" name="Run 0" assertions="3 total, 0 failed, 3 succeeded"/><testcase time="-9866.822949405989" classname="p2.S1.SomeLongLongLongLongLongTestName_152" name="Run 0" assertions="3 total, 0 failed, 3 succeeded"/><testcase time="-880.9961947339997" classname="p2.S1.SomeLongLongLongLongLongTestName_153" name="Run 0" assertions="3 total, 0 failed, 3 succeeded"/><testcase time="-6407.2244146991525" classname="p2.S1.SomeLongLongLongLongLongTestName_154" name="Run 0" assertions="3 total, 0 failed, 3 succeeded"/><testcase time="-4209.7655045544325" classname="p2.S1.SomeLongLongLongLongLongTestName_155" name="Run 0" assertions="3 total, 0 failed, 3 succeeded"/><testcase time="-2859.243301837899" classname="p2.S1.SomeLongLongLongLongLongTestName_156" name="Run 0" assertions="3 total, 0 failed, 3 succeeded"/><testcase time="-3164.8404575766544" classname="p2.S1.SomeLongLongLongLongLongTestName_157" name="Run 0" assertions="3 total, 0 failed, 3 succeeded"/><testcase time="-8716.896471096517" classname="p2.S1.SomeLongLongLongLongLongTestName_158" name="Run 0" assertions="3 total, 0 failed, 3 succeeded"/><testcase time="-3594.9837719685693" classname="p2.S1.SomeLongLongLongLongLongTestName_159" name="Run 0" assertions="3 total, 0 failed, 3 succeeded"/><testcase time="-8353.737617376699" classname="p2.S1.SomeLongLongLongLongLongTestName_160" name="Run 0" assertions="3 total, 0 failed, 3 succeeded"/><testcase time="-9885.927324362607" classname="p2.S1.SomeLongLongLongLongLongTestName_161" name="Run 0" assertions="3 total, 0 failed, 3 succeeded"/><testcase time="-6842.487186315905" classname="p2.S1.SomeLongLongLongLongLongTestName_162" name="Run 0" assertions="3 total, 0 failed, 3 succeeded"/><testcase time="-9015.707802563253" classname="p2.S1.SomeLongLongLongLongLongTestName_163" name="Run 0" assertions="3 total, 0 failed, 3 succeeded"/><testcase time="-8118.622624571223" classname="p2.S1.SomeLongLongLongLongLongTestName_164" name="Run 0" assertions="3 total, 0 failed, 3 succeeded"/><testcase time="-2022.696648220903" classname="p2.S1.SomeLongLongLongLongLongTestName_165" name="Run 0" assertions="3 total, 0 failed, 3 succeeded"/><testcase time="-5800.0043469584" classname="p2.S1.SomeLongLongLongLongLongTestName_166" name="Run 0" assertions="3 total, 0 failed, 3 succeeded"/><testcase time="-629.5438403985603" classname="p2.S1.SomeLongLongLongLongLongTestName_167" name="Run 0" assertions="3 total, 0 failed, 3 succeeded"/><testcase time="-7390.232564568878" classname="p2.S1.SomeLongLongLongLongLongTestName_168" name="Run 0" assertions="3 total, 0 failed, 3 succeeded"/><testcase time="-9883.222737103992" classname="p2.S1.SomeLongLongLongLongLongTestName_169" name="Run 0" assertions="3 total, 0 failed, 3 succeeded"/><testcase time="-4986.290891714772" classname="p2.S1.SomeLongLongLongLongLongTestName_170" name="Run 0" assertions="3 total, 0 failed, 3 succeeded"/><testcase time="-3680.8287717552735" classname="p2.S1.SomeLongLongLongLongLongTestName_171" name="Run 0" assertions="3 total, 0 failed, 3 succeeded"/><testcase time="-1232.7792086502245" classname="p2.S1.SomeLongLongLongLongLongTestName_172" name="Run 0" assertions="3 total, 0 failed, 3 succeeded"/><testcase time="-7256.65210333338" classname="p2.S1.SomeLongLongLongLongLongTestName_173" name="Run 0" assertions="3 total, 0 failed, 3 succeeded"/><testcase time="-9052.719443377935" classname="p2.S1.SomeLongLongLongLongLongTestName_174" name="Run 0" assertions="3 total, 0 failed, 3 succeeded"/><testcase time="-3068.144777180401" classname="p2.S1.SomeLongLongLongLongLongTestName_175" name="Run 0" assertions="3 total, 0 failed, 3 succeeded"/><testcase time="-1709.7553267178703" classname="p2.S1.SomeLongLongLongLongLongTestName_176" name="Run 0" assertions="3 total, 0 failed, 3 succeeded"/><testcase time="-8850.842628879958" classname="p2.S1.SomeLongLongLongLongLongTestName_177" name="Run 0" assertions="3 total, 0 failed, 3 succeeded"/><testcase time="-7536.491777583792" classname="p2.S1.SomeLongLongLongLongLongTestName_178" name="Run 0" assertions="3 total, 0 failed, 3 succeeded"/><testcase time="-4907.8714035627645" classname="p2.S1.SomeLongLongLongLongLongTestName_179" name="Run 0" assertions="3 total, 0 failed, 3 succeeded"/><testcase time="-8085.171175914149" classname="p2.S1.SomeLongLongLongLongLongTestName_180" name="Run 0" assertions="3 total, 0 failed, 3 succeeded"/><testcase time="-5704.498274279596" classname="p2.S1.SomeLongLongLongLongLongTestName_181" name="Run 0" assertions="3 total, 0 failed, 3 succeeded"/><testcase time="-8427.305027996896" classname="p2.S1.SomeLongLongLongLongLongTestName_182" name="Run 0" assertions="3 total, 0 failed, 3 succeeded"/><testcase time="-4759.35574319519" classname="p2.S1.SomeLongLongLongLongLongTestName_183" name="Run 0" assertions="3 total, 0 failed, 3 succeeded"/><testcase time="-2072.4865440973845" classname="p2.S1.SomeLongLongLongLongLongTestName_184" name="Run 0" assertions="3 total, 0 failed, 3 succeeded"/><testcase time="-4496.0395765235535" classname="p2.S1.SomeLongLongLongLongLongTestName_185" name="Run 0" assertions="3 total, 0 failed, 3 succeeded"/><testcase time="-6374.802945046912" classname="p2.S1.SomeLongLongLongLongLongTestName_186" name="Run 0" assertions="3 total, 0 failed, 3 succeeded"/><testcase time="-4681.276514446392" classname="p2.S1.SomeLongLongLongLongLongTestName_187" name="Run 0" assertions="3 total, 0 failed, 3 succeeded"/><testcase time="-4358.181610684792" classname="p2.S1.SomeLongLongLongLongLongTestName_188" name="Run 0" assertions="3 total, 0 failed, 3 succeeded"/><testcase time="-8624.687361883774" classname="p2.S1.SomeLongLongLongLongLongTestName_189" name="Run 0" assertions="3 total, 0 failed, 3 succeeded"/><testcase time="-7388.519442537492" classname="p2.S1.SomeLongLongLongLongLongTestName_190" name="Run 0" assertions="3 total, 0 failed, 3 succeeded"/><testcase time="-4887.959154322459" classname="p2.S1.SomeLongLongLongLongLongTestName_191" name="Run 0" assertions="3 total, 0 failed, 3 succeeded"/><testcase time="-382.6103153139992" classname="p2.S1.SomeLongLongLongLongLongTestName_192" name="Run 0" assertions="3 total, 0 failed, 3 succeeded"/><testcase time="-4544.564207589105" classname="p2.S1.SomeLongLongLongLongLongTestName_193" name="Run 0" assertions="3 total, 0 failed, 3 succeeded"/><testcase time="-3300.0311361465397" classname="p2.S1.SomeLongLongLongLongLongTestName_194" name="Run 0" assertions="3 total, 0 failed, 3 succeeded"/><testcase time="-6914.6427218954595" classname="p2.S1.SomeLongLongLongLongLongTestName_195" name="Run 0" assertions="3 total, 0 failed, 3 succeeded"/><testcase time="-6200.603891601582" classname="p2.S1.SomeLongLongLongLongLongTestName_196" name="Run 0" assertions="3 total, 0 failed, 3 succeeded"/><testcase time="-4623.116630168361" classname="p2.S1.SomeLongLongLongLongLongTestName_197" name="Run 0" assertions="3 total, 0 failed, 3 succeeded"/><testcase time="-4468.631902471778" classname="p2.S1.SomeLongLongLongLongLongTestName_198" name="Run 0" assertions="3 total, 0 failed, 3 succeeded"/><testcase time="-8490.098759727842" classname="p2.S1.SomeLongLongLongLongLongTestName_199" name="Run 0" assertions="3 total, 0 failed, 3 succeeded"/><testcase time="-7152.157139561504" classname="p2.S1.SomeLongLongLongLongLongTestName_200" name="Run 0" assertions="3 total, 0 failed, 3 succeeded"/><testcase time="-4652.003028380047" classname="p2.S1.SomeLongLongLongLongLongTestName_201" name="Run 0" assertions="3 total, 0 failed, 3 succeeded"/><testcase time="-8768.871293143808" classname="p2.S1.SomeLongLongLongLongLongTestName_202" name="Run 0" assertions="3 total, 0 failed, 3 succeeded"/><testcase time="-3026.5911947399004" classname="p2.S1.SomeLongLongLongLongLongTestName_203" name="Run 0" assertions="3 total, 0 failed, 3 succeeded"/><testcase time="-5462.7965835214745" classname="p2.S1.SomeLongLongLongLongLongTestName_204" name="Run 0" assertions="3 total, 0 failed, 3 succeeded"/><testcase time="-3722.603369845324" classname="p2.S1.SomeLongLongLongLongLongTestName_205" name="Run 0" assertions="3 total, 0 failed, 3 succeeded"/><testcase time="-9904.555676551796" classname="p2.S1.SomeLongLongLongLongLongTestName_206" name="Run 0" assertions="3 total, 0 failed, 3 succeeded"/><testcase time="-8190.358086167198" classname="p2.S1.SomeLongLongLongLongLongTestName_207" name="Run 0" assertions="3 total, 0 failed, 3 succeeded"/><testcase time="-5252.893193911976" classname="p2.S1.SomeLongLongLongLongLongTestName_208" name="Run 0" assertions="3 total, 0 failed, 3 succeeded"/><testcase time="-8575.714169386187" classname="p2.S1.SomeLongLongLongLongLongTestName_209" name="Run 0" assertions="3 total, 0 failed, 3 succeeded"/><testcase time="-8510.051859417896" classname="p2.S1.SomeLongLongLongLongLongTestName_210" name="Run 0" assertions="3 total, 0 failed, 3 succeeded"/><testcase time="-1411.3898628484264" classname="p2.S1.SomeLongLongLongLongLongTestName_211" name="Run 0" assertions="3 total, 0 failed, 3 succeeded"/><testcase time="-4147.423652681559" classname="p2.S1.SomeLongLongLongLongLongTestName_212" name="Run 0" assertions="3 total, 0 failed, 3 succeeded"/><testcase time="-5524.09756448406" classname="p2.S1.SomeLongLongLongLongLongTestName_213" name="Run 0" assertions="3 total, 0 failed, 3 succeeded"/><testcase time="-3721.4156290027026" classname="p2.S1.SomeLongLongLongLongLongTestName_214" name="Run 0" assertions="3 total, 0 failed, 3 succeeded"/><testcase time="-2469.2241386681007" classname="p2.S1.SomeLongLongLongLongLongTestName_215" name="Run 0" assertions="3 total, 0 failed, 3 succeeded"/><testcase time="-6647.992314934831" classname="p2.S1.SomeLongLongLongLongLongTestName_216" name="Run 0" assertions="3 total, 0 failed, 3 succeeded"/><testcase time="-6461.11995215719" classname="p2.S1.SomeLongLongLongLongLongTestName_217" name="Run 0" assertions="3 total, 0 failed, 3 succeeded"/><testcase time="-3908.4044327849256" classname="p2.S1.SomeLongLongLongLongLongTestName_218" name="Run 0" assertions="3 total, 0 failed, 3 succeeded"/><testcase time="-5437.836559477303" classname="p2.S1.SomeLongLongLongLongLongTestName_219" name="Run 0" assertions="3 total, 0 failed, 3 succeeded"/><testcase time="-3466.5509109854193" classname="p2.S1.SomeLongLongLongLongLongTestName_220" name="Run 0" assertions="3 total, 0 failed, 3 succeeded"/><testcase time="-7620.492484174636" classname="p2.S1.SomeLongLongLongLongLongTestName_221" name="Run 0" assertions="3 total, 0 failed, 3 succeeded"/><testcase time="-7664.564371215143" classname="p2.S1.SomeLongLongLongLongLongTestName_222" name="Run 0" assertions="3 total, 0 failed, 3 succeeded"/><testcase time="-6194.166816291112" classname="p2.S1.SomeLongLongLongLongLongTestName_223" name="Run 0" assertions="3 total, 0 failed, 3 succeeded"/><testcase time="-2177.9860843494903" classname="p2.S1.SomeLongLongLongLongLongTestName_224" name="Run 0" assertions="3 total, 0 failed, 3 succeeded"/><testcase time="-7413.574167395832" classname="p2.S1.SomeLongLongLongLongLongTestName_225" name="Run 0" assertions="3 total, 0 failed, 3 succeeded"/><testcase time="-3800.8542094906893" classname="p2.S1.SomeLongLongLongLongLongTestName_226" name="Run 0" assertions="3 total, 0 failed, 3 succeeded"/><testcase time="-5370.125562386431" classname="p2.S1.SomeLongLongLongLongLongTestName_227" name="Run 0" assertions="3 total, 0 failed, 3 succeeded"/><testcase time="-4409.918550890251" classname="p2.S1.SomeLongLongLongLongLongTestName_228" name="Run 0" assertions="3 total, 0 failed, 3 succeeded"/><testcase time="-4642.264908321804" classname="p2.S1.SomeLongLongLongLongLongTestName_229" name="Run 0" assertions="3 total, 0 failed, 3 succeeded"/><testcase time="-2517.1204952685707" classname="p2.S1.SomeLongLongLongLongLongTestName_230" name="Run 0" assertions="3 total, 0 failed, 3 succeeded"/><testcase time="-739.0382921652853" classname="p2.S1.SomeLongLongLongLongLongTestName_231" name="Run 0" assertions="3 total, 0 failed, 3 succeeded"/><testcase time="-897.8810441126328" classname="p2.S1.SomeLongLongLongLongLongTestName_232" name="Run 0" assertions="3 total, 0 failed, 3 succeeded"/><testcase time="-541.793254383752" classname="p2.S1.SomeLongLongLongLongLongTestName_233" name="Run 0" assertions="3 total, 0 failed, 3 succeeded"/><testcase time="-2934.3691553738277" classname="p2.S1.SomeLongLongLongLongLongTestName_234" name="Run 0" assertions="3 total, 0 failed, 3 succeeded"/><testcase time="-8051.7667314543005" classname="p2.S1.SomeLongLongLongLongLongTestName_235" name="Run 0" assertions="3 total, 0 failed, 3 succeeded"/><testcase time="-910.7074283572138" classname="p2.S1.SomeLongLongLongLongLongTestName_236" name="Run 0" assertions="3 total, 0 failed, 3 succeeded"/><testcase time="-6701.310162624412" classname="p2.S1.SomeLongLongLongLongLongTestName_237" name="Run 0" assertions="3 total, 0 failed, 3 succeeded"/><testcase time="-1888.3104972297715" classname="p2.S1.SomeLongLongLongLongLongTestName_238" name="Run 0" assertions="3 total, 0 failed, 3 succeeded"/><testcase time="-2243.111806649134" classname="p2.S1.SomeLongLongLongLongLongTestName_239" name="Run 0" assertions="3 total, 0 failed, 3 succeeded"/><testcase time="-5154.822641933247" classname="p2.S1.SomeLongLongLongLongLongTestName_240" name="Run 0" assertions="3 total, 0 failed, 3 succeeded"/><testcase time="-7460.781622498528" classname="p2.S1.SomeLongLongLongLongLongTestName_241" name="Run 0" assertions="3 total, 0 failed, 3 succeeded"/><testcase time="-3657.302012838335" classname="p2.S1.SomeLongLongLongLongLongTestName_242" name="Run 0" assertions="3 total, 0 failed, 3 succeeded"/><testcase time="-1805.2378378994053" classname="p2.S1.SomeLongLongLongLongLongTestName_243" name="Run 0" assertions="3 total, 0 failed, 3 succeeded"/><testcase time="-9780.49609226089" classname="p2.S1.SomeLongLongLongLongLongTestName_244" name="Run 0" assertions="3 total, 0 failed, 3 succeeded"/><testcase time="-624.8774725899027" classname="p2.S1.SomeLongLongLongLongLongTestName_245" name="Run 0" assertions="3 total, 0 failed, 3 succeeded"/><testcase time="-945.285566805259" classname="p2.S1.SomeLongLongLongLongLongTestName_246" name="Run 0" assertions="3 total, 0 failed, 3 succeeded"/><testcase time="-9159.327002697346" classname="p2.S1.SomeLongLongLongLongLongTestName_247" name="Run 0" assertions="3 total, 0 failed, 3 succeeded"/><testcase time="-6742.542354515386" classname="p2.S1.SomeLongLongLongLongLongTestName_248" name="Run 0" assertions="3 total, 0 failed, 3 succeeded"/><testcase time="-4926.467254964225" classname="p2.S1.SomeLongLongLongLongLongTestName_249" name="Run 0" assertions="3 total, 0 failed, 3 succeeded"/><testcase time="-1027.6401195919875" classname="p2.S1.SomeLongLongLongLongLongTestName_250" name="Run 0" assertions="3 total, 0 failed, 3 succeeded"/><testcase time="-2364.2775042886947" classname="p2.S1.SomeLongLongLongLongLongTestName_251" name="Run 0" assertions="3 total, 0 failed, 3 succeeded"/><testcase time="-6471.043075501458" classname="p2.S1.SomeLongLongLongLongLongTestName_252" name="Run 0" assertions="3 total, 0 failed, 3 succeeded"/><testcase time="-8019.377364960278" classname="p2.S1.SomeLongLongLongLongLongTestName_253" name="Run 0" assertions="3 total, 0 failed, 3 succeeded"/><testcase time="-6303.481792143388" classname="p2.S1.SomeLongLongLongLongLongTestName_254" name="Run 0" assertions="3 total, 0 failed, 3 succeeded"/><testcase time="-9917.231946319476" classname="p2.S1.SomeLongLongLongLongLongTestName_255" name="Run 0" assertions="3 total, 0 failed, 3 succeeded"/><testcase time="-7620.957653920957" classname="p2.S1.SomeLongLongLongLongLongTestName_256" name="Run 0" assertions="3 total, 0 failed, 3 succeeded"/><testcase time="-2622.5425134648444" classname="p2.S1.SomeLongLongLongLongLongTestName_257" name="Run 0" assertions="3 total, 0 failed, 3 succeeded"/><testcase time="-892.9476437658578" classname="p2.S1.SomeLongLongLongLongLongTestName_258" name="Run 0" assertions="3 total, 0 failed, 3 succeeded"/><testcase time="-1300.011443701918" classname="p2.S1.SomeLongLongLongLongLongTestName_259" name="Run 0" assertions="3 total, 0 failed, 3 succeeded"/><testcase time="-3871.54167269667" classname="p2.S1.SomeLongLongLongLongLongTestName_260" name="Run 0" assertions="3 total, 0 failed, 3 succeeded"/><testcase time="-8419.275093089784" classname="p2.S1.SomeLongLongLongLongLongTestName_261" name="Run 0" assertions="3 total, 0 failed, 3 succeeded"/><testcase time="-6526.347832975374" classname="p2.S1.SomeLongLongLongLongLongTestName_262" name="Run 0" assertions="3 total, 0 failed, 3 succeeded"/><testcase time="-3637.850822566365" classname="p2.S1.SomeLongLongLongLongLongTestName_263" name="Run 0" assertions="3 total, 0 failed, 3 succeeded"/><testcase time="-9586.668303545146" classname="p2.S1.SomeLongLongLongLongLongTestName_264" name="Run 0" assertions="3 total, 0 failed, 3 succeeded"/><testcase time="-2784.729827145359" classname="p2.S1.SomeLongLongLongLongLongTestName_265" name="Run 0" assertions="3 total, 0 failed, 3 succeeded"/><testcase time="-5101.092207544636" classname="p2.S1.SomeLongLongLongLongLongTestName_266" name="Run 0" assertions="3 total, 0 failed, 3 succeeded"/><testcase time="-7889.271100461398" classname="p2.S1.SomeLongLongLongLongLongTestName_267" name="Run 0" assertions="3 total, 0 failed, 3 succeeded"/><testcase time="-8928.186546063522" classname="p2.S1.SomeLongLongLongLongLongTestName_268" name="Run 0" assertions="3 total, 0 failed, 3 succeeded"/><testcase time="-9605.873212720468" classname="p2.S1.SomeLongLongLongLongLongTestName_269" name="Run 0" assertions="3 total, 0 failed, 3 succeeded"/><testcase time="-5823.365062397848" classname="p2.S1.SomeLongLongLongLongLongTestName_270" name="Run 0" assertions="3 total, 0 failed, 3 succeeded"/><testcase time="-1950.2719392007168" classname="p2.S1.SomeLongLongLongLongLongTestName_271" name="Run 0" assertions="3 total, 0 failed, 3 succeeded"/><testcase time="-314.75346555620706" classname="p2.S1.SomeLongLongLongLongLongTestName_272" name="Run 0" assertions="3 total, 0 failed, 3 succeeded"/><testcase time="-4526.415003862337" classname="p2.S1.SomeLongLongLongLongLongTestName_273" name="Run 0" assertions="3 total, 0 failed, 3 succeeded"/><testcase time="-2988.394121926394" classname="p2.S1.SomeLongLongLongLongLongTestName_274" name="Run 0" assertions="3 total, 0 failed, 3 succeeded"/><testcase time="-8400.902613167513" classname="p2.S1.SomeLongLongLongLongLongTestName_275" name="Run 0" assertions="3 total, 0 failed, 3 succeeded"/><testcase time="-8286.06172742876" classname="p2.S1.SomeLongLongLongLongLongTestName_276" name="Run 0" assertions="3 total, 0 failed, 3 succeeded"/><testcase time="-3912.391622006585" classname="p2.S1.SomeLongLongLongLongLongTestName_277" name="Run 0" assertions="3 total, 0 failed, 3 succeeded"/><testcase time="-5961.814000635029" classname="p2.S1.SomeLongLongLongLongLongTestName_278" name="Run 0" assertions="3 total, 0 failed, 3 succeeded"/><testcase time="-746.1251850564848" classname="p2.S1.SomeLongLongLongLongLongTestName_279" name="Run 0" assertions="3 total, 0 failed, 3 succeeded"/><testcase time="-4226.977941069508" classname="p2.S1.SomeLongLongLongLongLongTestName_280" name="Run 0" assertions="3 total, 0 failed, 3 succeeded"/><testcase time="-3155.902088049783" classname="p2.S1.SomeLongLongLongLongLongTestName_281" name="Run 0" assertions="3 total, 0 failed, 3 succeeded"/><testcase time="-338.3423848303361" classname="p2.S1.SomeLongLongLongLongLongTestName_282" name="Run 0" assertions="3 total, 0 failed, 3 succeeded"/><testcase time="-2974.3705246035406" classname="p2.S1.SomeLongLongLongLongLongTestName_283" name="Run 0" assertions="3 total, 0 failed, 3 succeeded"/><testcase time="-6870.5899493405595" classname="p2.S1.SomeLongLongLongLongLongTestName_284" name="Run 0" assertions="3 total, 0 failed, 3 succeeded"/><testcase time="-573.7572563847459" classname="p2.S1.SomeLongLongLongLongLongTestName_285" name="Run 0" assertions="3 total, 0 failed, 3 succeeded"/><testcase time="0" classname="p2.S1.SomeLongLongLongLongLongTestName_286" name="Run 0" assertions="3 total, 0 failed, 3 succeeded"><skipped type="Skipped" message="This test was disabled."/></testcase><testcase time="0" classname="p2.S1.SomeLongLongLongLongLongTestName_287" name="Run 0" assertions="3 total, 0 failed, 3 succeeded"><skipped type="Skipped" message="This test was disabled."/></testcase><testcase time="0" classname="p2.S1.SomeLongLongLongLongLongTestName_288" name="Run 0" assertions="3 total, 0 failed, 3 succeeded"><skipped type="Skipped" message="This test was disabled."/></testcase><testcase time="0" classname="p2.S1.SomeLongLongLongLongLongTestName_289" name="Run 0" assertions="3 total, 0 failed, 3 succeeded"><skipped type="Skipped" message="This test was disabled."/></testcase><testcase time="0" classname="p2.S1.SomeLongLongLongLongLongTestName_290" name="Run 0" assertions="3 total, 0 failed, 3 succeeded"><skipped type="Skipped" message="This test was disabled."/></testcase><testcase time="0" classname="p2.S1.SomeLongLongLongLongLongTestName_291" name="Run 0" assertions="3 total, 0 failed, 3 succeeded"><skipped type="Skipped" message="This test was disabled."/></testcase><testcase time="0" classname="p2.S1.SomeLongLongLongLongLongTestName_292" name="Run 0" assertions="3 total, 0 failed, 3 succeeded"><skipped type="Skipped" message="This test was disabled."/></testcase><testcase time="0" classname="p2.S1.SomeLongLongLongLongLongTestName_293" name="Run 0" assertions="3 total, 0 failed, 3 succeeded"><skipped type="Skipped" message="This test was disabled."/></testcase><testcase time="0" classname="p2.S1.SomeLongLongLongLongLongTestName_294" name="Run 0" assertions="3 total, 0 failed, 3 succeeded"><skipped type="Skipped" message="This test was disabled."/></testcase><testcase time="0" classname="p2.S1.SomeLongLongLongLongLongTestName_295" name="Run 0" assertions="3 total, 0 failed, 3 succeeded"><skipped type="Skipped" message="This test was disabled."/></testcase><testcase time="0" classname="p2.S1.SomeLongLongLongLongLongTestName_296" name="Run 0" assertions="3 total, 0 failed, 3 succeeded"><skipped type="Skipped" message="This test was disabled."/></testcase><testcase time="0" classname="p2.S1.SomeLongLongLongLongLongTestName_297" name="Run 0" assertions="3 total, 0 failed, 3 succeeded"><skipped type="Skipped" message="This test was disabled."/></testcase><testcase time="0" classname="p2.S1.SomeLongLongLongLongLongTestName_298" name="Run 0" assertions="3 total, 0 failed, 3 succeeded"><skipped type="Skipped" message="This test was disabled."/></testcase><testcase time="0" classname="p2.S1.SomeLongLongLongLongLongTestName_299" name="Run 0" assertions="3 total, 0 failed, 3 succeeded"><skipped type="Skipped" message="This test was disabled."/></testcase><testcase time="0" classname="p2.S1.SomeLongLongLongLongLongTestName_300" name="Run 0" assertions="3 total, 0 failed, 3 succeeded"><skipped type="Skipped" message="This test was disabled."/></testcase><testcase time="0" classname="p2.S1.SomeLongLongLongLongLongTestName_301" name="Run 0" assertions="3 total, 0 failed, 3 succeeded"><skipped type="Skipped" message="This test was disabled."/></testcase><testcase time="0" classname="p2.S1.SomeLongLongLongLongLongTestName_302" name="Run 0" assertions="3 total, 0 failed, 3 succeeded"><skipped type="Skipped" message="This test was disabled."/></testcase><testcase time="0" classname="p2.S1.SomeLongLongLongLongLongTestName_303" name="Run 0" assertions="3 total, 0 failed, 3 succeeded"><skipped type="Skipped" message="This test was disabled."/></testcase><testcase time="0" classname="p2.S1.SomeLongLongLongLongLongTestName_304" name="Run 0" assertions="3 total, 0 failed, 3 succeeded"><skipped type="Skipped" message="This test was disabled."/></testcase><testcase time="0" classname="p2.S1.SomeLongLongLongLongLongTestName_305" name="Run 0" assertions="3 total, 0 failed, 3 succeeded"><skipped type="Skipped" message="This test was disabled."/></testcase><testcase time="0" classname="p2.S1.SomeLongLongLongLongLongTestName_306" name="Run 0" assertions="3 total, 0 failed, 3 succeeded"><skipped type="Skipped" message="This test was disabled."/></testcase><testcase time="0" classname="p2.S1.SomeLongLongLongLongLongTestName_307" name="Run 0" assertions="3 total, 0 failed, 3 succeeded"><skipped type="Skipped" message="This test was disabled."/></testcase><testcase time="0" classname="p2.S1.SomeLongLongLongLongLongTestName_308" name="Run 0" assertions="3 total, 0 failed, 3 succeeded"><skipped type="Skipped" message="This test was disabled."/></testcase><testcase time="0" classname="p2.S1.SomeLongLongLongLongLongTestName_309" name="Run 0" assertions="3 total, 0 failed, 3 succeeded"><skipped type="Skipped" message="This test was disabled."/></testcase><testcase time="0" classname="p2.S1.SomeLongLongLongLongLongTestName_310" name="Run 0" assertions="3 total, 0 failed, 3 succeeded"><skipped type="Skipped" message="This test was disabled."/></testcase><testcase time="0" classname="p2.S1.SomeLongLongLongLongLongTestName_311" name="Run 0" assertions="3 total, 0 failed, 3 succeeded"><skipped type="Skipped" message="This test was disabled."/></testcase><testcase time="0" classname="p2.S1.SomeLongLongLongLongLongTestName_312" name="Run 0" assertions="3 total, 0 failed, 3 succeeded"><skipped type="Skipped" message="This test was disabled."/></testcase><testcase time="0" classname="p2.S1.SomeLongLongLongLongLongTestName_313" name="Run 0" assertions="3 total, 0 failed, 3 succeeded"><skipped type="Skipped" message="This test was disabled."/></testcase><testcase time="0" classname="p2.S1.SomeLongLongLongLongLongTestName_314" name="Run 0" assertions="3 total, 0 failed, 3 succeeded"><skipped type="Skipped" message="This test was disabled."/></testcase><testcase time="0" classname="p2.S1.SomeLongLongLongLongLongTestName_315" name="Run 0" assertions="3 total, 0 failed, 3 succeeded"><skipped type="Skipped" message="This test was disabled."/></testcase><testcase time="0" classname="p2.S1.SomeLongLongLongLongLongTestName_316" name="Run 0" assertions="3 total, 0 failed, 3 succeeded"><skipped type="Skipped" message="This test was disabled."/></testcase><testcase time="0" classname="p2.S1.SomeLongLongLongLongLongTestName_317" name="Run 0" assertions="3 total, 0 failed, 3 succeeded"><skipped type="Skipped" message="This test was disabled."/></testcase><testcase time="0" classname="p2.S1.SomeLongLongLongLongLongTestName_318" name="Run 0" assertions="3 total, 0 failed, 3 succeeded"><skipped type="Skipped" message="This test was disabled."/></testcase><testcase time="0" classname="p2.S1.SomeLongLongLongLongLongTestName_319" name="Run 0" assertions="3 total, 0 failed, 3 succeeded"><skipped type="Skipped" message="This test was disabled."/></testcase><testcase time="0" classname="p2.S1.SomeLongLongLongLongLongTestName_320" name="Run 0" assertions="3 total, 0 failed, 3 succeeded"><skipped type="Skipped" message="This test was disabled."/></testcase><testcase time="0" classname="p2.S1.SomeLongLongLongLongLongTestName_321" name="Run 0" assertions="3 total, 0 failed, 3 succeeded"><skipped type="Skipped" message="This test was disabled."/></testcase><testcase time="0" classname="p2.S1.SomeLongLongLongLongLongTestName_322" name="Run 0" assertions="3 total, 0 failed, 3 succeeded"><skipped type="Skipped" message="This test was disabled."/></testcase><testcase time="0" classname="p2.S1.SomeLongLongLongLongLongTestName_323" name="Run 0" assertions="3 total, 0 failed, 3 succeeded"><skipped type="Skipped" message="This test was disabled."/></testcase><testcase time="0" classname="p2.S1.SomeLongLongLongLongLongTestName_324" name="Run 0" assertions="3 total, 0 failed, 3 succeeded"><skipped type="Skipped" message="This test was disabled."/></testcase><testcase time="0" classname="p2.S1.SomeLongLongLongLongLongTestName_325" name="Run 0" assertions="3 total, 0 failed, 3 succeeded"><skipped type="Skipped" message="This test was disabled."/></testcase><testcase time="0" classname="p2.S1.SomeLongLongLongLongLongTestName_326" name="Run 0" assertions="3 total, 0 failed, 3 succeeded"><skipped type="Skipped" message="This test was disabled."/></testcase><testcase time="0" classname="p2.S1.SomeLongLongLongLongLongTestName_327" name="Run 0" assertions="3 total, 0 failed, 3 succeeded"><skipped type="Skipped" message="This test was disabled."/></testcase><testcase time="0" classname="p2.S1.SomeLongLongLongLongLongTestName_328" name="Run 0" assertions="3 total, 0 failed, 3 succeeded"><skipped type="Skipped" message="This test was disabled."/></testcase><testcase time="0" classname="p2.S1.SomeLongLongLongLongLongTestName_329" name="Run 0" assertions="3 total, 0 failed, 3 succeeded"><skipped type="Skipped" message="This test was disabled."/></testcase><testcase time="0" classname="p2.S1.SomeLongLongLongLongLongTestName_330" name="Run 0" assertions="3 total, 0 failed, 3 succeeded"><skipped type="Skipped" message="This test was disabled."/></testcase><testcase time="0" classname="p2.S1.SomeLongLongLongLongLongTestName_331" name="Run 0" assertions="3 total, 0 failed, 3 succeeded"><skipped type="Skipped" message="This test was disabled."/></testcase><testcase time="0" classname="p2.S1.SomeLongLongLongLongLongTestName_332" name="Run 0" assertions="3 total, 0 failed, 3 succeeded"><skipped type="Skipped" message="This test was disabled."/></testcase><testcase time="0" classname="p2.S1.SomeLongLongLongLongLongTestName_333" name="Run 0" assertions="3 total, 0 failed, 3 succeeded"><skipped type="Skipped" message="This test was disabled."/></testcase><testcase time="0" classname="p2.S1.SomeLongLongLongLongLongTestName_334" name="Run 0" assertions="3 total, 0 failed, 3 succeeded"><skipped type="Skipped" message="This test was disabled."/></testcase><testcase time="0" classname="p2.S1.SomeLongLongLongLongLongTestName_335" name="Run 0" assertions="3 total, 0 failed, 3 succeeded"><skipped type="Skipped" message="This test was disabled."/></testcase><testcase time="0" classname="p2.S1.SomeLongLongLongLongLongTestName_336" name="Run 0" assertions="3 total, 0 failed, 3 succeeded"><skipped type="Skipped" message="This test was disabled."/></testcase><testcase time="0" classname="p2.S1.SomeLongLongLongLongLongTestName_337" name="Run 0" assertions="3 total, 0 failed, 3 succeeded"><skipped type="Skipped" message="This test was disabled."/></testcase><testcase time="0" classname="p2.S1.SomeLongLongLongLongLongTestName_338" name="Run 0" assertions="3 total, 0 failed, 3 succeeded"><skipped type="Skipped" message="This test was disabled."/></testcase><testcase time="0" classname="p2.S1.SomeLongLongLongLongLongTestName_339" name="Run 0" assertions="3 total, 0 failed, 3 succeeded"><skipped type="Skipped" message="This test was disabled."/></testcase><testcase time="0" classname="p2.S1.SomeLongLongLongLongLongTestName_340" name="Run 0" assertions="3 total, 0 failed, 3 succeeded"><skipped type="Skipped" message="This test was disabled."/></testcase><testcase time="0" classname="p2.S1.SomeLongLongLongLongLongTestName_341" name="Run 0" assertions="3 total, 0 failed, 3 succeeded"><skipped type="Skipped" message="This test was disabled."/></testcase><testcase time="0" classname="p2.S1.SomeLongLongLongLongLongTestName_342" name="Run 0" assertions="3 total, 0 failed, 3 succeeded"><skipped type="Skipped" message="This test was disabled."/></testcase><testcase time="0" classname="p2.S1.SomeLongLongLongLongLongTestName_343" name="Run 0" assertions="3 total, 0 failed, 3 succeeded"><skipped type="Skipped" message="This test was disabled."/></testcase><testcase time="0" classname="p2.S1.SomeLongLongLongLongLongTestName_344" name="Run 0" assertions="3 total, 0 failed, 3 succeeded"><skipped type="Skipped" message="This test was disabled."/></testcase><testcase time="0" classname="p2.S1.SomeLongLongLongLongLongTestName_345" name="Run 0" assertions="3 total, 0 failed, 3 succeeded"><skipped type="Skipped" message="This test was disabled."/></testcase><testcase time="0" classname="p2.S1.SomeLongLongLongLongLongTestName_346" name="Run 0" assertions="3 total, 0 failed, 3 succeeded"><skipped type="Skipped" message="This test was disabled."/></testcase><testcase time="0" classname="p2.S1.SomeLongLongLongLongLongTestName_347" name="Run 0" assertions="3 total, 0 failed, 3 succeeded"><skipped type="Skipped" message="This test was disabled."/></testcase><testcase time="0" classname="p2.S1.SomeLongLongLongLongLongTestName_348" name="Run 0" assertions="3 total, 0 failed, 3 succeeded"><skipped type="Skipped" message="This test was disabled."/></testcase><testcase time="0" classname="p2.S1.SomeLongLongLongLongLongTestName_349" name="Run 0" assertions="3 total, 0 failed, 3 succeeded"><skipped type="Skipped" message="This test was disabled."/></testcase><testcase time="0" classname="p2.S1.SomeLongLongLongLongLongTestName_350" name="Run 0" assertions="3 total, 0 failed, 3 succeeded"><skipped type="Skipped" message="This test was disabled."/></testcase><testcase time="0" classname="p2.S1.SomeLongLongLongLongLongTestName_351" name="Run 0" assertions="3 total, 0 failed, 3 succeeded"><skipped type="Skipped" message="This test was disabled."/></testcase><testcase time="0" classname="p2.S1.SomeLongLongLongLongLongTestName_352" name="Run 0" assertions="3 total, 0 failed, 3 succeeded"><skipped type="Skipped" message="This test was disabled."/></testcase><testcase time="0" classname="p2.S1.SomeLongLongLongLongLongTestName_353" name="Run 0" assertions="3 total, 0 failed, 3 succeeded"><skipped type="Skipped" message="This test was disabled."/></testcase><testcase time="0" classname="p2.S1.SomeLongLongLongLongLongTestName_354" name="Run 0" assertions="3 total, 0 failed, 3 succeeded"><skipped type="Skipped" message="This test was disabled."/></testcase><testcase time="0" classname="p2.S1.SomeLongLongLongLongLongTestName_355" name="Run 0" assertions="3 total, 0 failed, 3 succeeded"><skipped type="Skipped" message="This test was disabled."/></testcase><testcase time="0" classname="p2.S1.SomeLongLongLongLongLongTestName_356" name="Run 0" assertions="3 total, 0 failed, 3 succeeded"><skipped type="Skipped" message="This test was disabled."/></testcase><testcase time="0" classname="p2.S1.SomeLongLongLongLongLongTestName_357" name="Run 0" assertions="3 total, 0 failed, 3 succeeded"><skipped type="Skipped" message="This test was disabled."/></testcase><testcase time="0" classname="p2.S1.SomeLongLongLongLongLongTestName_358" name="Run 0" assertions="3 total, 0 failed, 3 succeeded"><skipped type="Skipped" message="This test was disabled."/></testcase><testcase time="0" classname="p2.S1.SomeLongLongLongLongLongTestName_359" name="Run 0" assertions="3 total, 0 failed, 3 succeeded"><skipped type="Skipped" message="This test was disabled."/></testcase><testcase time="0" classname="p2.S1.SomeLongLongLongLongLongTestName_360" name="Run 0" assertions="3 total, 0 failed, 3 succeeded"><skipped type="Skipped" message="This test was disabled."/></testcase><testcase time="0" classname="p2.S1.SomeLongLongLongLongLongTestName_361" name="Run 0" assertions="3 total, 0 failed, 3 succeeded"><skipped type="Skipped" message="This test was disabled."/></testcase><testcase time="0" classname="p2.S1.SomeLongLongLongLongLongTestName_362" name="Run 0" assertions="3 total, 0 failed, 3 succeeded"><skipped type="Skipped" message="This test was disabled."/></testcase><testcase time="0" classname="p2.S1.SomeLongLongLongLongLongTestName_363" name="Run 0" assertions="3 total, 0 failed, 3 succeeded"><skipped type="Skipped" message="This test was disabled."/></testcase><testcase time="0" classname="p2.S1.SomeLongLongLongLongLongTestName_364" name="Run 0" assertions="3 total, 0 failed, 3 succeeded"><skipped type="Skipped" message="This test was disabled."/></testcase><testcase time="0" classname="p2.S1.SomeLongLongLongLongLongTestName_365" name="Run 0" assertions="3 total, 0 failed, 3 succeeded"><skipped type="Skipped" message="This test was disabled."/></testcase><testcase time="0" classname="p2.S1.SomeLongLongLongLongLongTestName_366" name="Run 0" assertions="3 total, 0 failed, 3 succeeded"><skipped type="Skipped" message="This test was disabled."/></testcase><testcase time="0" classname="p2.S1.SomeLongLongLongLongLongTestName_367" name="Run 0" assertions="3 total, 0 failed, 3 succeeded"><skipped type="Skipped" message="This test was disabled."/></testcase><testcase time="0" classname="p2.S1.SomeLongLongLongLongLongTestName_368" name="Run 0" assertions="3 total, 0 failed, 3 succeeded"><skipped type="Skipped" message="This test was disabled."/></testcase><testcase time="0" classname="p2.S1.SomeLongLongLongLongLongTestName_369" name="Run 0" assertions="3 total, 0 failed, 3 succeeded"><skipped type="Skipped" message="This test was disabled."/></testcase><testcase time="0" classname="p2.S1.SomeLongLongLongLongLongTestName_370" name="Run 0" assertions="3 total, 0 failed, 3 succeeded"><skipped type="Skipped" message="This test was disabled."/></testcase><testcase time="0" classname="p2.S1.SomeLongLongLongLongLongTestName_371" name="Run 0" assertions="3 total, 0 failed, 3 succeeded"><skipped type="Skipped" message="This test was disabled."/></testcase><testcase time="0" classname="p2.S1.SomeLongLongLongLongLongTestName_372" name="Run 0" assertions="3 total, 0 failed, 3 succeeded"><skipped type="Skipped" message="This test was disabled."/></testcase><testcase time="0" classname="p2.S1.SomeLongLongLongLongLongTestName_373" name="Run 0" assertions="3 total, 0 failed, 3 succeeded"><skipped type="Skipped" message="This test was disabled."/></testcase><testcase time="0" classname="p2.S1.SomeLongLongLongLongLongTestName_374" name="Run 0" assertions="3 total, 0 failed, 3 succeeded"><skipped type="Skipped" message="This test was disabled."/></testcase><testcase time="0" classname="p2.S1.SomeLongLongLongLongLongTestName_375" name="Run 0" assertions="3 total, 0 failed, 3 succeeded"><skipped type="Skipped" message="This test was disabled."/></testcase><testcase time="0" classname="p2.S1.SomeLongLongLongLongLongTestName_376" name="Run 0" assertions="3 total, 0 failed, 3 succeeded"><skipped type="Skipped" message="This test was disabled."/></testcase><testcase time="0" classname="p2.S1.SomeLongLongLongLongLongTestName_377" name="Run 0" assertions="3 total, 0 failed, 3 succeeded"><skipped type="Skipped" message="This test was disabled."/></testcase><testcase time="0" classname="p2.S1.SomeLongLongLongLongLongTestName_378" name="Run 0" assertions="3 total, 0 failed, 3 succeeded"><skipped type="Skipped" message="This test was disabled."/></testcase><testcase time="0" classname="p2.S1.SomeLongLongLongLongLongTestName_379" name="Run 0" assertions="3 total, 0 failed, 3 succeeded"><skipped type="Skipped" message="This test was disabled."/></testcase><testcase time="0" classname="p2.S1.SomeLongLongLongLongLongTestName_380" name="Run 0" assertions="3 total, 0 failed, 3 succeeded"><skipped type="Skipped" message="This test was disabled."/></testcase><testcase time="0" classname="p2.S1.SomeLongLongLongLongLongTestName_381" name="Run 0" assertions="3 total, 0 failed, 3 succeeded"><skipped type="Skipped" message="This test was disabled."/></testcase><testcase time="0" classname="p2.S1.SomeLongLongLongLongLongTestName_382" name="Run 0" assertions="3 total, 0 failed, 3 succeeded"><skipped type="Skipped" message="This test was disabled."/></testcase><testcase time="0" classname="p2.S1.SomeLongLongLongLongLongTestName_383" name="Run 0" assertions="3 total, 0 failed, 3 succeeded"><skipped type="Skipped" message="This test was disabled."/></testcase><testcase time="0" classname="p2.S1.SomeLongLongLongLongLongTestName_384" name="Run 0" assertions="3 total, 0 failed, 3 succeeded"><skipped type="Skipped" message="This test was disabled."/></testcase><testcase time="0" classname="p2.S1.SomeLongLongLongLongLongTestName_385" name="Run 0" assertions="3 total, 0 failed, 3 succeeded"><skipped type="Skipped" message="This test was disabled."/></testcase><testcase time="0" classname="p2.S1.SomeLongLongLongLongLongTestName_386" name="Run 0" assertions="3 total, 0 failed, 3 succeeded"><skipped type="Skipped" message="This test was disabled."/></testcase><testcase time="0" classname="p2.S1.SomeLongLongLongLongLongTestName_387" name="Run 0" assertions="3 total, 0 failed, 3 succeeded"><skipped type="Skipped" message="This test was disabled."/></testcase><testcase time="0" classname="p2.S1.SomeLongLongLongLongLongTestName_388" name="Run 0" assertions="3 total, 0 failed, 3 succeeded"><skipped type="Skipped" message="This test was disabled."/></testcase><testcase time="0" classname="p2.S1.SomeLongLongLongLongLongTestName_389" name="Run 0" assertions="3 total, 0 failed, 3 succeeded"><skipped type="Skipped" message="This test was disabled."/></testcase><testcase time="0" classname="p2.S1.SomeLongLongLongLongLongTestName_390" name="Run 0" assertions="3 total, 0 failed, 3 succeeded"><skipped type="Skipped" message="This test was disabled."/></testcase><testcase time="0" classname="p2.S1.SomeLongLongLongLongLongTestName_391" name="Run 0" assertions="3 total, 0 failed, 3 succeeded"><skipped type="Skipped" message="This test was disabled."/></testcase><testcase time="0" classname="p2.S1.SomeLongLongLongLongLongTestName_392" name="Run 0" assertions="3 total, 0 failed, 3 succeeded"><skipped type="Skipped" message="This test was disabled."/></testcase><testcase time="0" classname="p2.S1.SomeLongLongLongLongLongTestName_393" name="Run 0" assertions="3 total, 0 failed, 3 succeeded"><skipped type="Skipped" message="This test was disabled."/></testcase><testcase time="0" classname="p2.S1.SomeLongLongLongLongLongTestName_394" name="Run 0" assertions="3 total, 0 failed, 3 succeeded"><skipped type="Skipped" message="This test was disabled."/></testcase><testcase time="0" classname="p2.S1.SomeLongLongLongLongLongTestName_395" name="Run 0" assertions="3 total, 0 failed, 3 succeeded"><skipped type="Skipped" message="This test was disabled."/></testcase><testcase time="0" classname="p2.S1.SomeLongLongLongLongLongTestName_396" name="Run 0" assertions="3 total, 0 failed, 3 succeeded"><skipped type="Skipped" message="This test was disabled."/></testcase><testcase time="0" classname="p2.S1.SomeLongLongLongLongLongTestName_397" name="Run 0" assertions="3 total, 0 failed, 3 succeeded"><skipped type="Skipped" message="This test was disabled."/></testcase><testcase time="0" classname="p2.S1.SomeLongLongLongLongLongTestName_398" name="Run 0" assertions="3 total, 0 failed, 3 succeeded"><skipped type="Skipped" message="This test was disabled."/></testcase><testcase time="0" classname="p2.S1.SomeLongLongLongLongLongTestName_399" name="Run 0" assertions="3 total, 0 failed, 3 succeeded"><skipped type="Skipped" message="This test was disabled."/></testcase><testcase time="0" classname="p2.S1.SomeLongLongLongLongLongTestName_400" name="Run 0" assertions="3 total, 0 failed, 3 succeeded"><skipped type="Skipped" message="This test was disabled."/></testcase><testcase time="0" classname="p2.S1.SomeLongLongLongLongLongTestName_401" name="Run 0" assertions="3 total, 0 failed, 3 succeeded"><skipped type="Skipped" message="This test was disabled."/></testcase><testcase time="0" classname="p2.S1.SomeLongLongLongLongLongTestName_402" name="Run 0" assertions="3 total, 0 failed, 3 succeeded"><skipped type="Skipped" message="This test was disabled."/></testcase><testcase time="0" classname="p2.S1.SomeLongLongLongLongLongTestName_403" name="Run 0" assertions="3 total, 0 failed, 3 succeeded"><skipped type="Skipped" message="This test was disabled."/></testcase><testcase time="0" classname="p2.S1.SomeLongLongLongLongLongTestName_404" name="Run 0" assertions="3 total, 0 failed, 3 succeeded"><skipped type="Skipped" message="This test was disabled."/></testcase><testcase time="0" classname="p2.S1.SomeLongLongLongLongLongTestName_405" name="Run 0" assertions="3 total, 0 failed, 3 succeeded"><skipped type="Skipped" message="This test was disabled."/></testcase><testcase time="0" classname="p2.S1.SomeLongLongLongLongLongTestName_406" name="Run 0" assertions="3 total, 0 failed, 3 succeeded"><skipped type="Skipped" message="This test was disabled."/></testcase><testcase time="0" classname="p2.S1.SomeLongLongLongLongLongTestName_407" name="Run 0" assertions="3 total, 0 failed, 3 succeeded"><skipped type="Skipped" message="This test was disabled."/></testcase><testcase time="0" classname="p2.S1.SomeLongLongLongLongLongTestName_408" name="Run 0" assertions="3 total, 0 failed, 3 succeeded"><skipped type="Skipped" message="This test was disabled."/></testcase><testcase time="0" classname="p2.S1.SomeLongLongLongLongLongTestName_409" name="Run 0" assertions="3 total, 0 failed, 3 succeeded"><skipped type="Skipped" message="This test was disabled."/></testcase><testcase time="0" classname="p2.S1.SomeLongLongLongLongLongTestName_410" name="Run 0" assertions="3 total, 0 failed, 3 succeeded"><skipped type="Skipped" message="This test was disabled."/></testcase><testcase time="0" classname="p2.S1.SomeLongLongLongLongLongTestName_411" name="Run 0" assertions="3 total, 0 failed, 3 succeeded"><skipped type="Skipped" message="This test was disabled."/></testcase><testcase time="0" classname="p2.S1.SomeLongLongLongLongLongTestName_412" name="Run 0" assertions="3 total, 0 failed, 3 succeeded"><skipped type="Skipped" message="This test was disabled."/></testcase><testcase time="0" classname="p2.S1.SomeLongLongLongLongLongTestName_413" name="Run 0" assertions="3 total, 0 failed, 3 succeeded"><skipped type="Skipped" message="This test was disabled."/></testcase><testcase time="0" classname="p2.S1.SomeLongLongLongLongLongTestName_414" name="Run 0" assertions="3 total, 0 failed, 3 succeeded"><skipped type="Skipped" message="This test was disabled."/></testcase><testcase time="0" classname="p2.S1.SomeLongLongLongLongLongTestName_415" name="Run 0" assertions="3 total, 0 failed, 3 succeeded"><skipped type="Skipped" message="This test was disabled."/></testcase><testcase time="0" classname="p2.S1.SomeLongLongLongLongLongTestName_416" name="Run 0" assertions="3 total, 0 failed, 3 succeeded"><skipped type="Skipped" message="This test was disabled."/></testcase><testcase time="0" classname="p2.S1.SomeLongLongLongLongLongTestName_417" name="Run 0" assertions="3 total, 0 failed, 3 succeeded"><skipped type="Skipped" message="This test was disabled."/></testcase><testcase time="0" classname="p2.S1.SomeLongLongLongLongLongTestName_418" name="Run 0" assertions="3 total, 0 failed, 3 succeeded"><skipped type="Skipped" message="This test was disabled."/></testcase><testcase time="0" classname="p2.S1.SomeLongLongLongLongLongTestName_419" name="Run 0" assertions="3 total, 0 failed, 3 succeeded"><skipped type="Skipped" message="This test was disabled."/></testcase><testcase time="0" classname="p2.S1.SomeLongLongLongLongLongTestName_420" name="Run 0" assertions="3 total, 0 failed, 3 succeeded"><skipped type="Skipped" message="This test was disabled."/></testcase><testcase time="-7926.052733762856" classname="p2.S2.SomeLongLongLongLongLongTestName_0" name="Run 0" assertions="3 total, 0 failed, 3 succeeded">
                          <properties>
                          <property name="prop1" value="value1" />
                          <property name="multiline">
                              Config line 1
                              Config line 2
                              Config line 3
                          </property>
                        </properties>
                        <failure message="failure message 0" type="Failure"/><system-out>This is stdout
[[ATTACHMENT|attachment.txt]]
</system-out><system-err>This is stderr
[[ATTACHMENT|attachment.txt]]
</system-err></testcase><testcase time="-2595.05186621334" classname="p2.S2.SomeLongLongLongLongLongTestName_1" name="Run 0" assertions="3 total, 0 failed, 3 succeeded"/><testcase time="-3544.400111647516" classname="p2.S2.SomeLongLongLongLongLongTestName_2" name="Run 0" assertions="3 total, 0 failed, 3 succeeded"/><testcase time="-1662.9853031178216" classname="p2.S2.SomeLongLongLongLongLongTestName_3" name="Run 0" assertions="3 total, 0 failed, 3 succeeded"/><testcase time="-4933.3393698028285" classname="p2.S2.SomeLongLongLongLongLongTestName_4" name="Run 0" assertions="3 total, 0 failed, 3 succeeded"/><testcase time="-9404.492117817585" classname="p2.S2.SomeLongLongLongLongLongTestName_5" name="Run 0" assertions="3 total, 0 failed, 3 succeeded"/><testcase time="19.215357909845082" classname="p2.S2.SomeLongLongLongLongLongTestName_6" name="Run 0" assertions="3 total, 0 failed, 3 succeeded"/><testcase time="-1544.9251389872152" classname="p2.S2.SomeLongLongLongLongLongTestName_7" name="Run 0" assertions="3 total, 0 failed, 3 succeeded"/><testcase time="-623.9579265090363" classname="p2.S2.SomeLongLongLongLongLongTestName_8" name="Run 0" assertions="3 total, 0 failed, 3 succeeded"/><testcase time="-5400.064581384534" classname="p2.S2.SomeLongLongLongLongLongTestName_9" name="Run 0" assertions="3 total, 0 failed, 3 succeeded"/><testcase time="-114.16482980597284" classname="p2.S2.SomeLongLongLongLongLongTestName_10" name="Run 0" assertions="3 total, 0 failed, 3 succeeded"/><testcase time="-2060.034713976409" classname="p2.S2.SomeLongLongLongLongLongTestName_11" name="Run 0" assertions="3 total, 0 failed, 3 succeeded"/><testcase time="-67.96678215950384" classname="p2.S2.SomeLongLongLongLongLongTestName_12" name="Run 0" assertions="3 total, 0 failed, 3 succeeded"/><testcase time="-6752.1003842839855" classname="p2.S2.SomeLongLongLongLongLongTestName_13" name="Run 0" assertions="3 total, 0 failed, 3 succeeded"/><testcase time="-7946.316524330243" classname="p2.S2.SomeLongLongLongLongLongTestName_14" name="Run 0" assertions="3 total, 0 failed, 3 succeeded"/><testcase time="-5716.549269189114" classname="p2.S2.SomeLongLongLongLongLongTestName_15" name="Run 0" assertions="3 total, 0 failed, 3 succeeded"/><testcase time="-9410.173199325774" classname="p2.S2.SomeLongLongLongLongLongTestName_16" name="Run 0" assertions="3 total, 0 failed, 3 succeeded"/><testcase time="-8429.267991546134" classname="p2.S2.SomeLongLongLongLongLongTestName_17" name="Run 0" assertions="3 total, 0 failed, 3 succeeded"/><testcase time="-8324.824162354062" classname="p2.S2.SomeLongLongLongLongLongTestName_18" name="Run 0" assertions="3 total, 0 failed, 3 succeeded"/><testcase time="-609.248481603009" classname="p2.S2.SomeLongLongLongLongLongTestName_19" name="Run 0" assertions="3 total, 0 failed, 3 succeeded"/><testcase time="-5979.705392461591" classname="p2.S2.SomeLongLongLongLongLongTestName_20" name="Run 0" assertions="3 total, 0 failed, 3 succeeded"/><testcase time="-4735.890654434459" classname="p2.S2.SomeLongLongLongLongLongTestName_21" name="Run 0" assertions="3 total, 0 failed, 3 succeeded"/><testcase time="-1501.3798269885444" classname="p2.S2.SomeLongLongLongLongLongTestName_22" name="Run 0" assertions="3 total, 0 failed, 3 succeeded"/><testcase time="-5489.5888662734" classname="p2.S2.SomeLongLongLongLongLongTestName_23" name="Run 0" assertions="3 total, 0 failed, 3 succeeded"/><testcase time="-1385.5973589546213" classname="p2.S2.SomeLongLongLongLongLongTestName_24" name="Run 0" assertions="3 total, 0 failed, 3 succeeded"/><testcase time="-2361.83961148279" classname="p2.S2.SomeLongLongLongLongLongTestName_25" name="Run 0" assertions="3 total, 0 failed, 3 succeeded"/><testcase time="-9563.061910668119" classname="p2.S2.SomeLongLongLongLongLongTestName_26" name="Run 0" assertions="3 total, 0 failed, 3 succeeded"/><testcase time="-5569.573685517741" classname="p2.S2.SomeLongLongLongLongLongTestName_27" name="Run 0" assertions="3 total, 0 failed, 3 succeeded"/><testcase time="-4722.5008096383435" classname="p2.S2.SomeLongLongLongLongLongTestName_28" name="Run 0" assertions="3 total, 0 failed, 3 succeeded"/><testcase time="-4262.144390703946" classname="p2.S2.SomeLongLongLongLongLongTestName_29" name="Run 0" assertions="3 total, 0 failed, 3 succeeded"/><testcase time="-6378.078275471193" classname="p2.S2.SomeLongLongLongLongLongTestName_30" name="Run 0" assertions="3 total, 0 failed, 3 succeeded"/><testcase time="-5136.446361711058" classname="p2.S2.SomeLongLongLongLongLongTestName_31" name="Run 0" assertions="3 total, 0 failed, 3 succeeded"/><testcase time="-8209.78741563623" classname="p2.S2.SomeLongLongLongLongLongTestName_32" name="Run 0" assertions="3 total, 0 failed, 3 succeeded"/><testcase time="-8385.50154500261" classname="p2.S2.SomeLongLongLongLongLongTestName_33" name="Run 0" assertions="3 total, 0 failed, 3 succeeded"/><testcase time="-1487.0639034798933" classname="p2.S2.SomeLongLongLongLongLongTestName_34" name="Run 0" assertions="3 total, 0 failed, 3 succeeded"/><testcase time="-9239.023468839074" classname="p2.S2.SomeLongLongLongLongLongTestName_35" name="Run 0" assertions="3 total, 0 failed, 3 succeeded"/><testcase time="-1473.9620499211533" classname="p2.S2.SomeLongLongLongLongLongTestName_36" name="Run 0" assertions="3 total, 0 failed, 3 succeeded"/><testcase time="-9085.63861938477" classname="p2.S2.SomeLongLongLongLongLongTestName_37" name="Run 0" assertions="3 total, 0 failed, 3 succeeded"/><testcase time="-7839.55138566513" classname="p2.S2.SomeLongLongLongLongLongTestName_38" name="Run 0" assertions="3 total, 0 failed, 3 succeeded"/><testcase time="-38.694504547413345" classname="p2.S2.SomeLongLongLongLongLongTestName_39" name="Run 0" assertions="3 total, 0 failed, 3 succeeded"/><testcase time="-5658.2801396900795" classname="p2.S2.SomeLongLongLongLongLongTestName_40" name="Run 0" assertions="3 total, 0 failed, 3 succeeded"/><testcase time="-5196.367227780717" classname="p2.S2.SomeLongLongLongLongLongTestName_41" name="Run 0" assertions="3 total, 0 failed, 3 succeeded"/><testcase time="-7651.51041984721" classname="p2.S2.SomeLongLongLongLongLongTestName_42" name="Run 0" assertions="3 total, 0 failed, 3 succeeded"/><testcase time="-9119.575308305362" classname="p2.S2.SomeLongLongLongLongLongTestName_43" name="Run 0" assertions="3 total, 0 failed, 3 succeeded"/><testcase time="-1289.047972496628" classname="p2.S2.SomeLongLongLongLongLongTestName_44" name="Run 0" assertions="3 total, 0 failed, 3 succeeded"/><testcase time="-3886.4922228391943" classname="p2.S2.SomeLongLongLongLongLongTestName_45" name="Run 0" assertions="3 total, 0 failed, 3 succeeded"/><testcase time="-6477.922948682472" classname="p2.S2.SomeLongLongLongLongLongTestName_46" name="Run 0" assertions="3 total, 0 failed, 3 succeeded"/><testcase time="-9646.947141429288" classname="p2.S2.SomeLongLongLongLongLongTestName_47" name="Run 0" assertions="3 total, 0 failed, 3 succeeded"/><testcase time="-5098.93820416614" classname="p2.S2.SomeLongLongLongLongLongTestName_48" name="Run 0" assertions="3 total, 0 failed, 3 succeeded"/><testcase time="-5909.29156010787" classname="p2.S2.SomeLongLongLongLongLongTestName_49" name="Run 0" assertions="3 total, 0 failed, 3 succeeded"/><testcase time="-170.88850040288915" classname="p2.S2.SomeLongLongLongLongLongTestName_50" name="Run 0" assertions="3 total, 0 failed, 3 succeeded"/><testcase time="-7358.627889579204" classname="p2.S2.SomeLongLongLongLongLongTestName_51" name="Run 0" assertions="3 total, 0 failed, 3 succeeded"/><testcase time="-1744.236858954134" classname="p2.S2.SomeLongLongLongLongLongTestName_52" name="Run 0" assertions="3 total, 0 failed, 3 succeeded"/><testcase time="-4109.874192386421" classname="p2.S2.SomeLongLongLongLongLongTestName_53" name="Run 0" assertions="3 total, 0 failed, 3 succeeded"/><testcase time="-9851.541438999577" classname="p2.S2.SomeLongLongLongLongLongTestName_54" name="Run 0" assertions="3 total, 0 failed, 3 succeeded"/><testcase time="-1064.9608715030463" classname="p2.S2.SomeLongLongLongLongLongTestName_55" name="Run 0" assertions="3 total, 0 failed, 3 succeeded"/><testcase time="-106.70385530628484" classname="p2.S2.SomeLongLongLongLongLongTestName_56" name="Run 0" assertions="3 total, 0 failed, 3 succeeded"/><testcase time="-899.9881819446067" classname="p2.S2.SomeLongLongLongLongLongTestName_57" name="Run 0" assertions="3 total, 0 failed, 3 succeeded"/><testcase time="-8991.984406484555" classname="p2.S2.SomeLongLongLongLongLongTestName_58" name="Run 0" assertions="3 total, 0 failed, 3 succeeded"/><testcase time="-2078.564167270198" classname="p2.S2.SomeLongLongLongLongLongTestName_59" name="Run 0" assertions="3 total, 0 failed, 3 succeeded"/><testcase time="-6432.555968072121" classname="p2.S2.SomeLongLongLongLongLongTestName_60" name="Run 0" assertions="3 total, 0 failed, 3 succeeded"/><testcase time="-4923.137046035587" classname="p2.S2.SomeLongLongLongLongLongTestName_61" name="Run 0" assertions="3 total, 0 failed, 3 succeeded"/><testcase time="-356.2395938633209" classname="p2.S2.SomeLongLongLongLongLongTestName_62" name="Run 0" assertions="3 total, 0 failed, 3 succeeded"/><testcase time="-9041.949242100847" classname="p2.S2.SomeLongLongLongLongLongTestName_63" name="Run 0" assertions="3 total, 0 failed, 3 succeeded"/><testcase time="-901.0122337498989" classname="p2.S2.SomeLongLongLongLongLongTestName_64" name="Run 0" assertions="3 total, 0 failed, 3 succeeded"/><testcase time="-7258.915644684702" classname="p2.S2.SomeLongLongLongLongLongTestName_65" name="Run 0" assertions="3 total, 0 failed, 3 succeeded"/><testcase time="-319.6976689407694" classname="p2.S2.SomeLongLongLongLongLongTestName_66" name="Run 0" assertions="3 total, 0 failed, 3 succeeded"/><testcase time="-1857.026373590886" classname="p2.S2.SomeLongLongLongLongLongTestName_67" name="Run 0" assertions="3 total, 0 failed, 3 succeeded"/><testcase time="-2536.631274663955" classname="p2.S2.SomeLongLongLongLongLongTestName_68" name="Run 0" assertions="3 total, 0 failed, 3 succeeded"/><testcase time="-1088.8949088559748" classname="p2.S2.SomeLongLongLongLongLongTestName_69" name="Run 0" assertions="3 total, 0 failed, 3 succeeded"/><testcase time="-8790.467396802867" classname="p2.S2.SomeLongLongLongLongLongTestName_70" name="Run 0" assertions="3 total, 0 failed, 3 succeeded"/><testcase time="-6381.850313932811" classname="p2.S2.SomeLongLongLongLongLongTestName_71" name="Run 0" assertions="3 total, 0 failed, 3 succeeded"/><testcase time="-4876.243613956942" classname="p2.S2.SomeLongLongLongLongLongTestName_72" name="Run 0" assertions="3 total, 0 failed, 3 succeeded"/><testcase time="-3812.5859220159045" classname="p2.S2.SomeLongLongLongLongLongTestName_73" name="Run 0" assertions="3 total, 0 failed, 3 succeeded"/><testcase time="-7449.729192892905" classname="p2.S2.SomeLongLongLongLongLongTestName_74" name="Run 0" assertions="3 total, 0 failed, 3 succeeded"/><testcase time="-1476.112288392383" classname="p2.S2.SomeLongLongLongLongLongTestName_75" name="Run 0" assertions="3 total, 0 failed, 3 succeeded"/><testcase time="-364.611398430161" classname="p2.S2.SomeLongLongLongLongLongTestName_76" name="Run 0" assertions="3 total, 0 failed, 3 succeeded"/><testcase time="-309.7000887586398" classname="p2.S2.SomeLongLongLongLongLongTestName_77" name="Run 0" assertions="3 total, 0 failed, 3 succeeded"/><testcase time="-3742.0991643716616" classname="p2.S2.SomeLongLongLongLongLongTestName_78" name="Run 0" assertions="3 total, 0 failed, 3 succeeded"/><testcase time="-9187.77541183649" classname="p2.S2.SomeLongLongLongLongLongTestName_79" name="Run 0" assertions="3 total, 0 failed, 3 succeeded"/><testcase time="-2820.2729659587826" classname="p2.S2.SomeLongLongLongLongLongTestName_80" name="Run 0" assertions="3 total, 0 failed, 3 succeeded"/><testcase time="-1367.316623358013" classname="p2.S2.SomeLongLongLongLongLongTestName_81" name="Run 0" assertions="3 total, 0 failed, 3 succeeded"/><testcase time="-4480.936239455226" classname="p2.S2.SomeLongLongLongLongLongTestName_82" name="Run 0" assertions="3 total, 0 failed, 3 succeeded"/><testcase time="-1986.271202648707" classname="p2.S2.SomeLongLongLongLongLongTestName_83" name="Run 0" assertions="3 total, 0 failed, 3 succeeded"/><testcase time="-1047.9612483743692" classname="p2.S2.SomeLongLongLongLongLongTestName_84" name="Run 0" assertions="3 total, 0 failed, 3 succeeded"/><testcase time="-5539.485922236948" classname="p2.S2.SomeLongLongLongLongLongTestName_85" name="Run 0" assertions="3 total, 0 failed, 3 succeeded"/><testcase time="-5474.711042965704" classname="p2.S2.SomeLongLongLongLongLongTestName_86" name="Run 0" assertions="3 total, 0 failed, 3 succeeded"/><testcase time="-8056.823455415594" classname="p2.S2.SomeLongLongLongLongLongTestName_87" name="Run 0" assertions="3 total, 0 failed, 3 succeeded"/><testcase time="-6315.56210194265" classname="p2.S2.SomeLongLongLongLongLongTestName_88" name="Run 0" assertions="3 total, 0 failed, 3 succeeded"/><testcase time="-947.8703496236678" classname="p2.S2.SomeLongLongLongLongLongTestName_89" name="Run 0" assertions="3 total, 0 failed, 3 succeeded"/><testcase time="-9759.1849002614" classname="p2.S2.SomeLongLongLongLongLongTestName_90" name="Run 0" assertions="3 total, 0 failed, 3 succeeded"/><testcase time="-5668.845468066196" classname="p2.S2.SomeLongLongLongLongLongTestName_91" name="Run 0" assertions="3 total, 0 failed, 3 succeeded"/><testcase time="-6764.814880246484" classname="p2.S2.SomeLongLongLongLongLongTestName_92" name="Run 0" assertions="3 total, 0 failed, 3 succeeded"/><testcase time="-2419.6931538125796" classname="p2.S2.SomeLongLongLongLongLongTestName_93" name="Run 0" assertions="3 total, 0 failed, 3 succeeded"/><testcase time="-7593.552327353591" classname="p2.S2.SomeLongLongLongLongLongTestName_94" name="Run 0" assertions="3 total, 0 failed, 3 succeeded"/><testcase time="-1554.230707331703" classname="p2.S2.SomeLongLongLongLongLongTestName_95" name="Run 0" assertions="3 total, 0 failed, 3 succeeded"/><testcase time="-5957.381913172217" classname="p2.S2.SomeLongLongLongLongLongTestName_96" name="Run 0" assertions="3 total, 0 failed, 3 succeeded"/><testcase time="-740.2937052010931" classname="p2.S2.SomeLongLongLongLongLongTestName_97" name="Run 0" assertions="3 total, 0 failed, 3 succeeded"/><testcase time="-1296.8939701407194" classname="p2.S2.SomeLongLongLongLongLongTestName_98" name="Run 0" assertions="3 total, 0 failed, 3 succeeded"/><testcase time="-3631.4563675018962" classname="p2.S2.SomeLongLongLongLongLongTestName_99" name="Run 0" assertions="3 total, 0 failed, 3 succeeded"/><testcase time="-7608.073790601023" classname="p2.S2.SomeLongLongLongLongLongTestName_100" name="Run 0" assertions="3 total, 0 failed, 3 succeeded"/><testcase time="-2456.596728366759" classname="p2.S2.SomeLongLongLongLongLongTestName_101" name="Run 0" assertions="3 total, 0 failed, 3 succeeded"/><testcase time="-3537.875416422837" classname="p2.S2.SomeLongLongLongLongLongTestName_102" name="Run 0" assertions="3 total, 0 failed, 3 succeeded"/><testcase time="-6067.114193887021" classname="p2.S2.SomeLongLongLongLongLongTestName_103" name="Run 0" assertions="3 total, 0 failed, 3 succeeded"/><testcase time="-5812.854399376495" classname="p2.S2.SomeLongLongLongLongLongTestName_104" name="Run 0" assertions="3 total, 0 failed, 3 succeeded"/><testcase time="-6004.1333986032605" classname="p2.S2.SomeLongLongLongLongLongTestName_105" name="Run 0" assertions="3 total, 0 failed, 3 succeeded"/><testcase time="-1195.9486535408655" classname="p2.S2.SomeLongLongLongLongLongTestName_106" name="Run 0" assertions="3 total, 0 failed, 3 succeeded"/><testcase time="-8300.712359006275" classname="p2.S2.SomeLongLongLongLongLongTestName_107" name="Run 0" assertions="3 total, 0 failed, 3 succeeded"/><testcase time="-4111.678040523053" classname="p2.S2.SomeLongLongLongLongLongTestName_108" name="Run 0" assertions="3 total, 0 failed, 3 succeeded"/><testcase time="-4230.943505510249" classname="p2.S2.SomeLongLongLongLongLongTestName_109" name="Run 0" assertions="3 total, 0 failed, 3 succeeded"/><testcase time="-6758.38484743228" classname="p2.S2.SomeLongLongLongLongLongTestName_110" name="Run 0" assertions="3 total, 0 failed, 3 succeeded"/><testcase time="-7036.372388025101" classname="p2.S2.SomeLongLongLongLongLongTestName_111" name="Run 0" assertions="3 total, 0 failed, 3 succeeded"/><testcase time="-5564.060791354604" classname="p2.S2.SomeLongLongLongLongLongTestName_112" name="Run 0" assertions="3 total, 0 failed, 3 succeeded"/><testcase time="-362.68118690055377" classname="p2.S2.SomeLongLongLongLongLongTestName_113" name="Run 0" assertions="3 total, 0 failed, 3 succeeded"/><testcase time="-8367.217431223364" classname="p2.S2.SomeLongLongLongLongLongTestName_114" name="Run 0" assertions="3 total, 0 failed, 3 succeeded"/><testcase time="-2909.159258829693" classname="p2.S2.SomeLongLongLongLongLongTestName_115" name="Run 0" assertions="3 total, 0 failed, 3 succeeded"/><testcase time="-6555.351170488451" classname="p2.S2.SomeLongLongLongLongLongTestName_116" name="Run 0" assertions="3 total, 0 failed, 3 succeeded"/><testcase time="-9937.154587998471" classname="p2.S2.SomeLongLongLongLongLongTestName_117" name="Run 0" assertions="3 total, 0 failed, 3 succeeded"/><testcase time="-1000.795929343732" classname="p2.S2.SomeLongLongLongLongLongTestName_118" name="Run 0" assertions="3 total, 0 failed, 3 succeeded"/><testcase time="-7890.6650470691975" classname="p2.S2.SomeLongLongLongLongLongTestName_119" name="Run 0" assertions="3 total, 0 failed, 3 succeeded"/><testcase time="-1980.4944189783173" classname="p2.S2.SomeLongLongLongLongLongTestName_120" name="Run 0" assertions="3 total, 0 failed, 3 succeeded"/><testcase time="-1575.0070139467248" classname="p2.S2.SomeLongLongLongLongLongTestName_121" name="Run 0" assertions="3 total, 0 failed, 3 succeeded"/><testcase time="-2639.616955852389" classname="p2.S2.SomeLongLongLongLongLongTestName_122" name="Run 0" assertions="3 total, 0 failed, 3 succeeded"/><testcase time="-9651.564829818057" classname="p2.S2.SomeLongLongLongLongLongTestName_123" name="Run 0" assertions="3 total, 0 failed, 3 succeeded"/><testcase time="-6849.121999297931" classname="p2.S2.SomeLongLongLongLongLongTestName_124" name="Run 0" assertions="3 total, 0 failed, 3 succeeded"/><testcase time="-9396.961294647544" classname="p2.S2.SomeLongLongLongLongLongTestName_125" name="Run 0" assertions="3 total, 0 failed, 3 succeeded"/><testcase time="-1828.0975019476814" classname="p2.S2.SomeLongLongLongLongLongTestName_126" name="Run 0" assertions="3 total, 0 failed, 3 succeeded"/><testcase time="-73.45789061421834" classname="p2.S2.SomeLongLongLongLongLongTestName_127" name="Run 0" assertions="3 total, 0 failed, 3 succeeded"/><testcase time="-7364.602364176952" classname="p2.S2.SomeLongLongLongLongLongTestName_128" name="Run 0" assertions="3 total, 0 failed, 3 succeeded"/><testcase time="-9844.180526658514" classname="p2.S2.SomeLongLongLongLongLongTestName_129" name="Run 0" assertions="3 total, 0 failed, 3 succeeded"/><testcase time="-7829.213570931394" classname="p2.S2.SomeLongLongLongLongLongTestName_130" name="Run 0" assertions="3 total, 0 failed, 3 succeeded"/><testcase time="-807.0780705869563" classname="p2.S2.SomeLongLongLongLongLongTestName_131" name="Run 0" assertions="3 total, 0 failed, 3 succeeded"/><testcase time="-6675.585836624362" classname="p2.S2.SomeLongLongLongLongLongTestName_132" name="Run 0" assertions="3 total, 0 failed, 3 succeeded"/><testcase time="-5251.046550041384" classname="p2.S2.SomeLongLongLongLongLongTestName_133" name="Run 0" assertions="3 total, 0 failed, 3 succeeded"/><testcase time="-3034.5711257494" classname="p2.S2.SomeLongLongLongLongLongTestName_134" name="Run 0" assertions="3 total, 0 failed, 3 succeeded"/><testcase time="-2557.196082340013" classname="p2.S2.SomeLongLongLongLongLongTestName_135" name="Run 0" assertions="3 total, 0 failed, 3 succeeded"/><testcase time="-7047.472813762969" classname="p2.S2.SomeLongLongLongLongLongTestName_136" name="Run 0" assertions="3 total, 0 failed, 3 succeeded"/><testcase time="-6289.290275704857" classname="p2.S2.SomeLongLongLongLongLongTestName_137" name="Run 0" assertions="3 total, 0 failed, 3 succeeded"/><testcase time="-1295.6684230453905" classname="p2.S2.SomeLongLongLongLongLongTestName_138" name="Run 0" assertions="3 total, 0 failed, 3 succeeded"/><testcase time="-5994.63442263235" classname="p2.S2.SomeLongLongLongLongLongTestName_139" name="Run 0" assertions="3 total, 0 failed, 3 succeeded"/><testcase time="-9688.901857111952" classname="p2.S2.SomeLongLongLongLongLongTestName_140" name="Run 0" assertions="3 total, 0 failed, 3 succeeded"/><testcase time="-8199.21001306035" classname="p2.S2.SomeLongLongLongLongLongTestName_141" name="Run 0" assertions="3 total, 0 failed, 3 succeeded"/><testcase time="-8553.960458492273" classname="p2.S2.SomeLongLongLongLongLongTestName_142" name="Run 0" assertions="3 total, 0 failed, 3 succeeded"/><testcase time="-9637.512806805644" classname="p2.S2.SomeLongLongLongLongLongTestName_143" name="Run 0" assertions="3 total, 0 failed, 3 succeeded"/><testcase time="-1931.2718238764962" classname="p2.S2.SomeLongLongLongLongLongTestName_144" name="Run 0" assertions="3 total, 0 failed, 3 succeeded"/><testcase time="-3808.1203314021855" classname="p2.S2.SomeLongLongLongLongLongTestName_145" name="Run 0" assertions="3 total, 0 failed, 3 succeeded"/><testcase time="-7027.096776596232" classname="p2.S2.SomeLongLongLongLongLongTestName_146" name="Run 0" assertions="3 total, 0 failed, 3 succeeded"/><testcase time="-4322.48983369389" classname="p2.S2.SomeLongLongLongLongLongTestName_147" name="Run 0" assertions="3 total, 0 failed, 3 succeeded"/><testcase time="-704.9987634642689" classname="p2.S2.SomeLongLongLongLongLongTestName_148" name="Run 0" assertions="3 total, 0 failed, 3 succeeded"/><testcase time="-2841.930717322113" classname="p2.S2.SomeLongLongLongLongLongTestName_149" name="Run 0" assertions="3 total, 0 failed, 3 succeeded"/><testcase time="-8903.038265858457" classname="p2.S2.SomeLongLongLongLongLongTestName_150" name="Run 0" assertions="3 total, 0 failed, 3 succeeded"/><testcase time="-4156.047873256363" classname="p2.S2.SomeLongLongLongLongLongTestName_151" name="Run 0" assertions="3 total, 0 failed, 3 succeeded"/><testcase time="-8603.909106691277" classname="p2.S2.SomeLongLongLongLongLongTestName_152" name="Run 0" assertions="3 total, 0 failed, 3 succeeded"/><testcase time="-4921.996889528098" classname="p2.S2.SomeLongLongLongLongLongTestName_153" name="Run 0" assertions="3 total, 0 failed, 3 succeeded"/><testcase time="-8001.96773185562" classname="p2.S2.SomeLongLongLongLongLongTestName_154" name="Run 0" assertions="3 total, 0 failed, 3 succeeded"/><testcase time="-5778.785908791834" classname="p2.S2.SomeLongLongLongLongLongTestName_155" name="Run 0" assertions="3 total, 0 failed, 3 succeeded"/><testcase time="-5336.495295234449" classname="p2.S2.SomeLongLongLongLongLongTestName_156" name="Run 0" assertions="3 total, 0 failed, 3 succeeded"/><testcase time="-462.2122527367956" classname="p2.S2.SomeLongLongLongLongLongTestName_157" name="Run 0" assertions="3 total, 0 failed, 3 succeeded"/><testcase time="-5136.051692378871" classname="p2.S2.SomeLongLongLongLongLongTestName_158" name="Run 0" assertions="3 total, 0 failed, 3 succeeded"/><testcase time="-1198.0399910230376" classname="p2.S2.SomeLongLongLongLongLongTestName_159" name="Run 0" assertions="3 total, 0 failed, 3 succeeded"/><testcase time="-9006.732770603987" classname="p2.S2.SomeLongLongLongLongLongTestName_160" name="Run 0" assertions="3 total, 0 failed, 3 succeeded"/><testcase time="-961.5970849398667" classname="p2.S2.SomeLongLongLongLongLongTestName_161" name="Run 0" assertions="3 total, 0 failed, 3 succeeded"/><testcase time="-7600.436380034658" classname="p2.S2.SomeLongLongLongLongLongTestName_162" name="Run 0" assertions="3 total, 0 failed, 3 succeeded"/><testcase time="-7951.421369690493" classname="p2.S2.SomeLongLongLongLongLongTestName_163" name="Run 0" assertions="3 total, 0 failed, 3 succeeded"/><testcase time="-3215.9134644304218" classname="p2.S2.SomeLongLongLongLongLongTestName_164" name="Run 0" assertions="3 total, 0 failed, 3 succeeded"/><testcase time="-3067.003261549937" classname="p2.S2.SomeLongLongLongLongLongTestName_165" name="Run 0" assertions="3 total, 0 failed, 3 succeeded"/><testcase time="-8369.222281630853" classname="p2.S2.SomeLongLongLongLongLongTestName_166" name="Run 0" assertions="3 total, 0 failed, 3 succeeded"/><testcase time="-3833.579964549173" classname="p2.S2.SomeLongLongLongLongLongTestName_167" name="Run 0" assertions="3 total, 0 failed, 3 succeeded"/><testcase time="-4239.718540061356" classname="p2.S2.SomeLongLongLongLongLongTestName_168" name="Run 0" assertions="3 total, 0 failed, 3 succeeded"/><testcase time="-8784.517541161558" classname="p2.S2.SomeLongLongLongLongLongTestName_169" name="Run 0" assertions="3 total, 0 failed, 3 succeeded"/><testcase time="-7773.032522248415" classname="p2.S2.SomeLongLongLongLongLongTestName_170" name="Run 0" assertions="3 total, 0 failed, 3 succeeded"/><testcase time="-6738.00334203999" classname="p2.S2.SomeLongLongLongLongLongTestName_171" name="Run 0" assertions="3 total, 0 failed, 3 succeeded"/><testcase time="-6592.5483132066365" classname="p2.S2.SomeLongLongLongLongLongTestName_172" name="Run 0" assertions="3 total, 0 failed, 3 succeeded"/><testcase time="-6744.67021990224" classname="p2.S2.SomeLongLongLongLongLongTestName_173" name="Run 0" assertions="3 total, 0 failed, 3 succeeded"/><testcase time="-3192.674030305844" classname="p2.S2.SomeLongLongLongLongLongTestName_174" name="Run 0" assertions="3 total, 0 failed, 3 succeeded"/><testcase time="-6958.052827342326" classname="p2.S2.SomeLongLongLongLongLongTestName_175" name="Run 0" assertions="3 total, 0 failed, 3 succeeded"/><testcase time="-4413.081868008896" classname="p2.S2.SomeLongLongLongLongLongTestName_176" name="Run 0" assertions="3 total, 0 failed, 3 succeeded"/><testcase time="-9659.21211918839" classname="p2.S2.SomeLongLongLongLongLongTestName_177" name="Run 0" assertions="3 total, 0 failed, 3 succeeded"/><testcase time="-4388.0337945367455" classname="p2.S2.SomeLongLongLongLongLongTestName_178" name="Run 0" assertions="3 total, 0 failed, 3 succeeded"/><testcase time="-5710.782949512613" classname="p2.S2.SomeLongLongLongLongLongTestName_179" name="Run 0" assertions="3 total, 0 failed, 3 succeeded"/><testcase time="-1260.6446003145454" classname="p2.S2.SomeLongLongLongLongLongTestName_180" name="Run 0" assertions="3 total, 0 failed, 3 succeeded"/><testcase time="-291.9812646536043" classname="p2.S2.SomeLongLongLongLongLongTestName_181" name="Run 0" assertions="3 total, 0 failed, 3 succeeded"/><testcase time="-5102.197962247097" classname="p2.S2.SomeLongLongLongLongLongTestName_182" name="Run 0" assertions="3 total, 0 failed, 3 succeeded"/><testcase time="-7036.114564458641" classname="p2.S2.SomeLongLongLongLongLongTestName_183" name="Run 0" assertions="3 total, 0 failed, 3 succeeded"/><testcase time="-5207.9833125043915" classname="p2.S2.SomeLongLongLongLongLongTestName_184" name="Run 0" assertions="3 total, 0 failed, 3 succeeded"/><testcase time="-9664.666561702512" classname="p2.S2.SomeLongLongLongLongLongTestName_185" name="Run 0" assertions="3 total, 0 failed, 3 succeeded"/><testcase time="-1419.077007212229" classname="p2.S2.SomeLongLongLongLongLongTestName_186" name="Run 0" assertions="3 total, 0 failed, 3 succeeded"/><testcase time="-3559.4738732083542" classname="p2.S2.SomeLongLongLongLongLongTestName_187" name="Run 0" assertions="3 total, 0 failed, 3 succeeded"/><testcase time="-7806.324757356707" classname="p2.S2.SomeLongLongLongLongLongTestName_188" name="Run 0" assertions="3 total, 0 failed, 3 succeeded"/><testcase time="-3828.7847997094577" classname="p2.S2.SomeLongLongLongLongLongTestName_189" name="Run 0" assertions="3 total, 0 failed, 3 succeeded"/><testcase time="-3230.9167000431444" classname="p2.S2.SomeLongLongLongLongLongTestName_190" name="Run 0" assertions="3 total, 0 failed, 3 succeeded"/><testcase time="-9453.57109301332" classname="p2.S2.SomeLongLongLongLongLongTestName_191" name="Run 0" assertions="3 total, 0 failed, 3 succeeded"/><testcase time="-7013.584002954125" classname="p2.S2.SomeLongLongLongLongLongTestName_192" name="Run 0" assertions="3 total, 0 failed, 3 succeeded"/><testcase time="-8832.789561941168" classname="p2.S2.SomeLongLongLongLongLongTestName_193" name="Run 0" assertions="3 total, 0 failed, 3 succeeded"/><testcase time="-5315.272311423092" classname="p2.S2.SomeLongLongLongLongLongTestName_194" name="Run 0" assertions="3 total, 0 failed, 3 succeeded"/><testcase time="-5111.551212354104" classname="p2.S2.SomeLongLongLongLongLongTestName_195" name="Run 0" assertions="3 total, 0 failed, 3 succeeded"/><testcase time="-8522.446951578422" classname="p2.S2.SomeLongLongLongLongLongTestName_196" name="Run 0" assertions="3 total, 0 failed, 3 succeeded"/><testcase time="-5337.219066476971" classname="p2.S2.SomeLongLongLongLongLongTestName_197" name="Run 0" assertions="3 total, 0 failed, 3 succeeded"/><testcase time="-7409.703214860568" classname="p2.S2.SomeLongLongLongLongLongTestName_198" name="Run 0" assertions="3 total, 0 failed, 3 succeeded"/><testcase time="-2687.4520872259077" classname="p2.S2.SomeLongLongLongLongLongTestName_199" name="Run 0" assertions="3 total, 0 failed, 3 succeeded"/><testcase time="-760.0857290878363" classname="p2.S2.SomeLongLongLongLongLongTestName_200" name="Run 0" assertions="3 total, 0 failed, 3 succeeded"/><testcase time="-6535.174817349619" classname="p2.S2.SomeLongLongLongLongLongTestName_201" name="Run 0" assertions="3 total, 0 failed, 3 succeeded"/><testcase time="-6450.717942183223" classname="p2.S2.SomeLongLongLongLongLongTestName_202" name="Run 0" assertions="3 total, 0 failed, 3 succeeded"/><testcase time="-801.8980322528823" classname="p2.S2.SomeLongLongLongLongLongTestName_203" name="Run 0" assertions="3 total, 0 failed, 3 succeeded"/><testcase time="-2539.020126640684" classname="p2.S2.SomeLongLongLongLongLongTestName_204" name="Run 0" assertions="3 total, 0 failed, 3 succeeded"/><testcase time="-6685.14443547531" classname="p2.S2.SomeLongLongLongLongLongTestName_205" name="Run 0" assertions="3 total, 0 failed, 3 succeeded"/><testcase time="-4917.800813339321" classname="p2.S2.SomeLongLongLongLongLongTestName_206" name="Run 0" assertions="3 total, 0 failed, 3 succeeded"/><testcase time="-3820.529386920495" classname="p2.S2.SomeLongLongLongLongLongTestName_207" name="Run 0" assertions="3 total, 0 failed, 3 succeeded"/><testcase time="-4041.5757012725294" classname="p2.S2.SomeLongLongLongLongLongTestName_208" name="Run 0" assertions="3 total, 0 failed, 3 succeeded"/><testcase time="-8829.504625111498" classname="p2.S2.SomeLongLongLongLongLongTestName_209" name="Run 0" assertions="3 total, 0 failed, 3 succeeded"/><testcase time="-2777.3866576406535" classname="p2.S2.SomeLongLongLongLongLongTestName_210" name="Run 0" assertions="3 total, 0 failed, 3 succeeded"/><testcase time="-8686.519406897522" classname="p2.S2.SomeLongLongLongLongLongTestName_211" name="Run 0" assertions="3 total, 0 failed, 3 succeeded"/><testcase time="-4782.155986244051" classname="p2.S2.SomeLongLongLongLongLongTestName_212" name="Run 0" assertions="3 total, 0 failed, 3 succeeded"/><testcase time="-3363.7851160515083" classname="p2.S2.SomeLongLongLongLongLongTestName_213" name="Run 0" assertions="3 total, 0 failed, 3 succeeded"/><testcase time="-2745.7147346884176" classname="p2.S2.SomeLongLongLongLongLongTestName_214" name="Run 0" assertions="3 total, 0 failed, 3 succeeded"/><testcase time="-8962.025451690502" classname="p2.S2.SomeLongLongLongLongLongTestName_215" name="Run 0" assertions="3 total, 0 failed, 3 succeeded"/><testcase time="-4020.3295248972877" classname="p2.S2.SomeLongLongLongLongLongTestName_216" name="Run 0" assertions="3 total, 0 failed, 3 succeeded"/><testcase time="-2324.0990784946785" classname="p2.S2.SomeLongLongLongLongLongTestName_217" name="Run 0" assertions="3 total, 0 failed, 3 succeeded"/><testcase time="-1115.8799842247304" classname="p2.S2.SomeLongLongLongLongLongTestName_218" name="Run 0" assertions="3 total, 0 failed, 3 succeeded"/><testcase time="-5024.578644593304" classname="p2.S2.SomeLongLongLongLongLongTestName_219" name="Run 0" assertions="3 total, 0 failed, 3 succeeded"/><testcase time="-3470.8313601868304" classname="p2.S2.SomeLongLongLongLongLongTestName_220" name="Run 0" assertions="3 total, 0 failed, 3 succeeded"/><testcase time="-4127.2058415589845" classname="p2.S2.SomeLongLongLongLongLongTestName_221" name="Run 0" assertions="3 total, 0 failed, 3 succeeded"/><testcase time="-8948.460096064136" classname="p2.S2.SomeLongLongLongLongLongTestName_222" name="Run 0" assertions="3 total, 0 failed, 3 succeeded"/><testcase time="-4510.131919406605" classname="p2.S2.SomeLongLongLongLongLongTestName_223" name="Run 0" assertions="3 total, 0 failed, 3 succeeded"/><testcase time="-955.7013024390618" classname="p2.S2.SomeLongLongLongLongLongTestName_224" name="Run 0" assertions="3 total, 0 failed, 3 succeeded"/><testcase time="-318.36153882333144" classname="p2.S2.SomeLongLongLongLongLongTestName_225" name="Run 0" assertions="3 total, 0 failed, 3 succeeded"/><testcase time="-593.0278379000972" classname="p2.S2.SomeLongLongLongLongLongTestName_226" name="Run 0" assertions="3 total, 0 failed, 3 succeeded"/><testcase time="-7344.441141345744" classname="p2.S2.SomeLongLongLongLongLongTestName_227" name="Run 0" assertions="3 total, 0 failed, 3 succeeded"/><testcase time="-2904.5484241641243" classname="p2.S2.SomeLongLongLongLongLongTestName_228" name="Run 0" assertions="3 total, 0 failed, 3 succeeded"/><testcase time="-5270.220547039615" classname="p2.S2.SomeLongLongLongLongLongTestName_229" name="Run 0" assertions="3 total, 0 failed, 3 succeeded"/><testcase time="-2159.7916970250944" classname="p2.S2.SomeLongLongLongLongLongTestName_230" name="Run 0" assertions="3 total, 0 failed, 3 succeeded"/><testcase time="-2587.673861196183" classname="p2.S2.SomeLongLongLongLongLongTestName_231" name="Run 0" assertions="3 total, 0 failed, 3 succeeded"/><testcase time="-1747.8915982687438" classname="p2.S2.SomeLongLongLongLongLongTestName_232" name="Run 0" assertions="3 total, 0 failed, 3 succeeded"/><testcase time="-2302.850351307434" classname="p2.S2.SomeLongLongLongLongLongTestName_233" name="Run 0" assertions="3 total, 0 failed, 3 succeeded"/><testcase time="-5567.443991581091" classname="p2.S2.SomeLongLongLongLongLongTestName_234" name="Run 0" assertions="3 total, 0 failed, 3 succeeded"/><testcase time="-7276.583612896661" classname="p2.S2.SomeLongLongLongLongLongTestName_235" name="Run 0" assertions="3 total, 0 failed, 3 succeeded"/><testcase time="-5694.318860740328" classname="p2.S2.SomeLongLongLongLongLongTestName_236" name="Run 0" assertions="3 total, 0 failed, 3 succeeded"/><testcase time="-6954.082352306145" classname="p2.S2.SomeLongLongLongLongLongTestName_237" name="Run 0" assertions="3 total, 0 failed, 3 succeeded"/><testcase time="-6064.759317794607" classname="p2.S2.SomeLongLongLongLongLongTestName_238" name="Run 0" assertions="3 total, 0 failed, 3 succeeded"/><testcase time="-977.7084324376783" classname="p2.S2.SomeLongLongLongLongLongTestName_239" name="Run 0" assertions="3 total, 0 failed, 3 succeeded"/><testcase time="-2570.3916427780678" classname="p2.S2.SomeLongLongLongLongLongTestName_240" name="Run 0" assertions="3 total, 0 failed, 3 succeeded"/><testcase time="-7844.809688711221" classname="p2.S2.SomeLongLongLongLongLongTestName_241" name="Run 0" assertions="3 total, 0 failed, 3 succeeded"/><testcase time="-627.1808170460955" classname="p2.S2.SomeLongLongLongLongLongTestName_242" name="Run 0" assertions="3 total, 0 failed, 3 succeeded"/><testcase time="-2293.300429136723" classname="p2.S2.SomeLongLongLongLongLongTestName_243" name="Run 0" assertions="3 total, 0 failed, 3 succeeded"/><testcase time="-37.083074383093546" classname="p2.S2.SomeLongLongLongLongLongTestName_244" name="Run 0" assertions="3 total, 0 failed, 3 succeeded"/><testcase time="-3976.4651497337013" classname="p2.S2.SomeLongLongLongLongLongTestName_245" name="Run 0" assertions="3 total, 0 failed, 3 succeeded"/><testcase time="-7135.436966431568" classname="p2.S2.SomeLongLongLongLongLongTestName_246" name="Run 0" assertions="3 total, 0 failed, 3 succeeded"/><testcase time="-7160.150917883803" classname="p2.S2.SomeLongLongLongLongLongTestName_247" name="Run 0" assertions="3 total, 0 failed, 3 succeeded"/><testcase time="-149.36899941489884" classname="p2.S2.SomeLongLongLongLongLongTestName_248" name="Run 0" assertions="3 total, 0 failed, 3 succeeded"/><testcase time="-2351.3849063685434" classname="p2.S2.SomeLongLongLongLongLongTestName_249" name="Run 0" assertions="3 total, 0 failed, 3 succeeded"/><testcase time="-7469.007679605067" classname="p2.S2.SomeLongLongLongLongLongTestName_250" name="Run 0" assertions="3 total, 0 failed, 3 succeeded"/><testcase time="-7136.33808655516" classname="p2.S2.SomeLongLongLongLongLongTestName_251" name="Run 0" assertions="3 total, 0 failed, 3 succeeded"/><testcase time="-7003.716179719622" classname="p2.S2.SomeLongLongLongLongLongTestName_252" name="Run 0" assertions="3 total, 0 failed, 3 succeeded"/><testcase time="-7929.858886399315" classname="p2.S2.SomeLongLongLongLongLongTestName_253" name="Run 0" assertions="3 total, 0 failed, 3 succeeded"/><testcase time="-1796.1145369525277" classname="p2.S2.SomeLongLongLongLongLongTestName_254" name="Run 0" assertions="3 total, 0 failed, 3 succeeded"/><testcase time="-6786.349671650734" classname="p2.S2.SomeLongLongLongLongLongTestName_255" name="Run 0" assertions="3 total, 0 failed, 3 succeeded"/><testcase time="-9284.170143115825" classname="p2.S2.SomeLongLongLongLongLongTestName_256" name="Run 0" assertions="3 total, 0 failed, 3 succeeded"/><testcase time="-4880.890432590289" classname="p2.S2.SomeLongLongLongLongLongTestName_257" name="Run 0" assertions="3 total, 0 failed, 3 succeeded"/><testcase time="-2076.356705833947" classname="p2.S2.SomeLongLongLongLongLongTestName_258" name="Run 0" assertions="3 total, 0 failed, 3 succeeded"/><testcase time="-7527.129070308166" classname="p2.S2.SomeLongLongLongLongLongTestName_259" name="Run 0" assertions="3 total, 0 failed, 3 succeeded"/><testcase time="-9474.22045780631" classname="p2.S2.SomeLongLongLongLongLongTestName_260" name="Run 0" assertions="3 total, 0 failed, 3 succeeded"/><testcase time="-5128.00618351069" classname="p2.S2.SomeLongLongLongLongLongTestName_261" name="Run 0" assertions="3 total, 0 failed, 3 succeeded"/><testcase time="-4277.87991057476" classname="p2.S2.SomeLongLongLongLongLongTestName_262" name="Run 0" assertions="3 total, 0 failed, 3 succeeded"/><testcase time="-2192.439013376248" classname="p2.S2.SomeLongLongLongLongLongTestName_263" name="Run 0" assertions="3 total, 0 failed, 3 succeeded"/><testcase time="-3011.9197974567796" classname="p2.S2.SomeLongLongLongLongLongTestName_264" name="Run 0" assertions="3 total, 0 failed, 3 succeeded"/><testcase time="-2123.5467749009936" classname="p2.S2.SomeLongLongLongLongLongTestName_265" name="Run 0" assertions="3 total, 0 failed, 3 succeeded"/><testcase time="-7233.410064511546" classname="p2.S2.SomeLongLongLongLongLongTestName_266" name="Run 0" assertions="3 total, 0 failed, 3 succeeded"/><testcase time="-5009.464620286403" classname="p2.S2.SomeLongLongLongLongLongTestName_267" name="Run 0" assertions="3 total, 0 failed, 3 succeeded"/><testcase time="-9126.181151445151" classname="p2.S2.SomeLongLongLongLongLongTestName_268" name="Run 0" assertions="3 total, 0 failed, 3 succeeded"/><testcase time="-4472.768477149001" classname="p2.S2.SomeLongLongLongLongLongTestName_269" name="Run 0" assertions="3 total, 0 failed, 3 succeeded"/><testcase time="-2321.6412272741322" classname="p2.S2.SomeLongLongLongLongLongTestName_270" name="Run 0" assertions="3 total, 0 failed, 3 succeeded"/><testcase time="-2828.4042621826397" classname="p2.S2.SomeLongLongLongLongLongTestName_271" name="Run 0" assertions="3 total, 0 failed, 3 succeeded"/><testcase time="-7478.3597789106025" classname="p2.S2.SomeLongLongLongLongLongTestName_272" name="Run 0" assertions="3 total, 0 failed, 3 succeeded"/><testcase time="-9400.361800532028" classname="p2.S2.SomeLongLongLongLongLongTestName_273" name="Run 0" assertions="3 total, 0 failed, 3 succeeded"/><testcase time="-9319.604169204353" classname="p2.S2.SomeLongLongLongLongLongTestName_274" name="Run 0" assertions="3 total, 0 failed, 3 succeeded"/><testcase time="-2315.0617511894675" classname="p2.S2.SomeLongLongLongLongLongTestName_275" name="Run 0" assertions="3 total, 0 failed, 3 succeeded"/><testcase time="-4441.3354614965165" classname="p2.S2.SomeLongLongLongLongLongTestName_276" name="Run 0" assertions="3 total, 0 failed, 3 succeeded"/><testcase time="-1307.6593699311259" classname="p2.S2.SomeLongLongLongLongLongTestName_277" name="Run 0" assertions="3 total, 0 failed, 3 succeeded"/><testcase time="-2927.631500824946" classname="p2.S2.SomeLongLongLongLongLongTestName_278" name="Run 0" assertions="3 total, 0 failed, 3 succeeded"/><testcase time="-3690.261826469997" classname="p2.S2.SomeLongLongLongLongLongTestName_279" name="Run 0" assertions="3 total, 0 failed, 3 succeeded"/><testcase time="-9571.378906520707" classname="p2.S2.SomeLongLongLongLongLongTestName_280" name="Run 0" assertions="3 total, 0 failed, 3 succeeded"/><testcase time="-7364.006480828957" classname="p2.S2.SomeLongLongLongLongLongTestName_281" name="Run 0" assertions="3 total, 0 failed, 3 succeeded"/><testcase time="-7604.616861329611" classname="p2.S2.SomeLongLongLongLongLongTestName_282" name="Run 0" assertions="3 total, 0 failed, 3 succeeded"/><testcase time="-2702.421385348942" classname="p2.S2.SomeLongLongLongLongLongTestName_283" name="Run 0" assertions="3 total, 0 failed, 3 succeeded"/><testcase time="-4985.303440587029" classname="p2.S2.SomeLongLongLongLongLongTestName_284" name="Run 0" assertions="3 total, 0 failed, 3 succeeded"/><testcase time="-1029.8263946686102" classname="p2.S2.SomeLongLongLongLongLongTestName_285" name="Run 0" assertions="3 total, 0 failed, 3 succeeded"/><testcase time="0" classname="p2.S2.SomeLongLongLongLongLongTestName_286" name="Run 0" assertions="3 total, 0 failed, 3 succeeded"><skipped type="Skipped" message="This test was disabled."/></testcase><testcase time="0" classname="p2.S2.SomeLongLongLongLongLongTestName_287" name="Run 0" assertions="3 total, 0 failed, 3 succeeded"><skipped type="Skipped" message="This test was disabled."/></testcase><testcase time="0" classname="p2.S2.SomeLongLongLongLongLongTestName_288" name="Run 0" assertions="3 total, 0 failed, 3 succeeded"><skipped type="Skipped" message="This test was disabled."/></testcase><testcase time="0" classname="p2.S2.SomeLongLongLongLongLongTestName_289" name="Run 0" assertions="3 total, 0 failed, 3 succeeded"><skipped type="Skipped" message="This test was disabled."/></testcase><testcase time="0" classname="p2.S2.SomeLongLongLongLongLongTestName_290" name="Run 0" assertions="3 total, 0 failed, 3 succeeded"><skipped type="Skipped" message="This test was disabled."/></testcase><testcase time="0" classname="p2.S2.SomeLongLongLongLongLongTestName_291" name="Run 0" assertions="3 total, 0 failed, 3 succeeded"><skipped type="Skipped" message="This test was disabled."/></testcase><testcase time="0" classname="p2.S2.SomeLongLongLongLongLongTestName_292" name="Run 0" assertions="3 total, 0 failed, 3 succeeded"><skipped type="Skipped" message="This test was disabled."/></testcase><testcase time="0" classname="p2.S2.SomeLongLongLongLongLongTestName_293" name="Run 0" assertions="3 total, 0 failed, 3 succeeded"><skipped type="Skipped" message="This test was disabled."/></testcase><testcase time="0" classname="p2.S2.SomeLongLongLongLongLongTestName_294" name="Run 0" assertions="3 total, 0 failed, 3 succeeded"><skipped type="Skipped" message="This test was disabled."/></testcase><testcase time="0" classname="p2.S2.SomeLongLongLongLongLongTestName_295" name="Run 0" assertions="3 total, 0 failed, 3 succeeded"><skipped type="Skipped" message="This test was disabled."/></testcase><testcase time="0" classname="p2.S2.SomeLongLongLongLongLongTestName_296" name="Run 0" assertions="3 total, 0 failed, 3 succeeded"><skipped type="Skipped" message="This test was disabled."/></testcase><testcase time="0" classname="p2.S2.SomeLongLongLongLongLongTestName_297" name="Run 0" assertions="3 total, 0 failed, 3 succeeded"><skipped type="Skipped" message="This test was disabled."/></testcase><testcase time="0" classname="p2.S2.SomeLongLongLongLongLongTestName_298" name="Run 0" assertions="3 total, 0 failed, 3 succeeded"><skipped type="Skipped" message="This test was disabled."/></testcase><testcase time="0" classname="p2.S2.SomeLongLongLongLongLongTestName_299" name="Run 0" assertions="3 total, 0 failed, 3 succeeded"><skipped type="Skipped" message="This test was disabled."/></testcase><testcase time="0" classname="p2.S2.SomeLongLongLongLongLongTestName_300" name="Run 0" assertions="3 total, 0 failed, 3 succeeded"><skipped type="Skipped" message="This test was disabled."/></testcase><testcase time="0" classname="p2.S2.SomeLongLongLongLongLongTestName_301" name="Run 0" assertions="3 total, 0 failed, 3 succeeded"><skipped type="Skipped" message="This test was disabled."/></testcase><testcase time="0" classname="p2.S2.SomeLongLongLongLongLongTestName_302" name="Run 0" assertions="3 total, 0 failed, 3 succeeded"><skipped type="Skipped" message="This test was disabled."/></testcase><testcase time="0" classname="p2.S2.SomeLongLongLongLongLongTestName_303" name="Run 0" assertions="3 total, 0 failed, 3 succeeded"><skipped type="Skipped" message="This test was disabled."/></testcase><testcase time="0" classname="p2.S2.SomeLongLongLongLongLongTestName_304" name="Run 0" assertions="3 total, 0 failed, 3 succeeded"><skipped type="Skipped" message="This test was disabled."/></testcase><testcase time="0" classname="p2.S2.SomeLongLongLongLongLongTestName_305" name="Run 0" assertions="3 total, 0 failed, 3 succeeded"><skipped type="Skipped" message="This test was disabled."/></testcase><testcase time="0" classname="p2.S2.SomeLongLongLongLongLongTestName_306" name="Run 0" assertions="3 total, 0 failed, 3 succeeded"><skipped type="Skipped" message="This test was disabled."/></testcase><testcase time="0" classname="p2.S2.SomeLongLongLongLongLongTestName_307" name="Run 0" assertions="3 total, 0 failed, 3 succeeded"><skipped type="Skipped" message="This test was disabled."/></testcase><testcase time="0" classname="p2.S2.SomeLongLongLongLongLongTestName_308" name="Run 0" assertions="3 total, 0 failed, 3 succeeded"><skipped type="Skipped" message="This test was disabled."/></testcase><testcase time="0" classname="p2.S2.SomeLongLongLongLongLongTestName_309" name="Run 0" assertions="3 total, 0 failed, 3 succeeded"><skipped type="Skipped" message="This test was disabled."/></testcase><testcase time="0" classname="p2.S2.SomeLongLongLongLongLongTestName_310" name="Run 0" assertions="3 total, 0 failed, 3 succeeded"><skipped type="Skipped" message="This test was disabled."/></testcase><testcase time="0" classname="p2.S2.SomeLongLongLongLongLongTestName_311" name="Run 0" assertions="3 total, 0 failed, 3 succeeded"><skipped type="Skipped" message="This test was disabled."/></testcase><testcase time="0" classname="p2.S2.SomeLongLongLongLongLongTestName_312" name="Run 0" assertions="3 total, 0 failed, 3 succeeded"><skipped type="Skipped" message="This test was disabled."/></testcase><testcase time="0" classname="p2.S2.SomeLongLongLongLongLongTestName_313" name="Run 0" assertions="3 total, 0 failed, 3 succeeded"><skipped type="Skipped" message="This test was disabled."/></testcase><testcase time="0" classname="p2.S2.SomeLongLongLongLongLongTestName_314" name="Run 0" assertions="3 total, 0 failed, 3 succeeded"><skipped type="Skipped" message="This test was disabled."/></testcase><testcase time="0" classname="p2.S2.SomeLongLongLongLongLongTestName_315" name="Run 0" assertions="3 total, 0 failed, 3 succeeded"><skipped type="Skipped" message="This test was disabled."/></testcase><testcase time="0" classname="p2.S2.SomeLongLongLongLongLongTestName_316" name="Run 0" assertions="3 total, 0 failed, 3 succeeded"><skipped type="Skipped" message="This test was disabled."/></testcase><testcase time="0" classname="p2.S2.SomeLongLongLongLongLongTestName_317" name="Run 0" assertions="3 total, 0 failed, 3 succeeded"><skipped type="Skipped" message="This test was disabled."/></testcase><testcase time="0" classname="p2.S2.SomeLongLongLongLongLongTestName_318" name="Run 0" assertions="3 total, 0 failed, 3 succeeded"><skipped type="Skipped" message="This test was disabled."/></testcase><testcase time="0" classname="p2.S2.SomeLongLongLongLongLongTestName_319" name="Run 0" assertions="3 total, 0 failed, 3 succeeded"><skipped type="Skipped" message="This test was disabled."/></testcase><testcase time="0" classname="p2.S2.SomeLongLongLongLongLongTestName_320" name="Run 0" assertions="3 total, 0 failed, 3 succeeded"><skipped type="Skipped" message="This test was disabled."/></testcase><testcase time="0" classname="p2.S2.SomeLongLongLongLongLongTestName_321" name="Run 0" assertions="3 total, 0 failed, 3 succeeded"><skipped type="Skipped" message="This test was disabled."/></testcase><testcase time="0" classname="p2.S2.SomeLongLongLongLongLongTestName_322" name="Run 0" assertions="3 total, 0 failed, 3 succeeded"><skipped type="Skipped" message="This test was disabled."/></testcase><testcase time="0" classname="p2.S2.SomeLongLongLongLongLongTestName_323" name="Run 0" assertions="3 total, 0 failed, 3 succeeded"><skipped type="Skipped" message="This test was disabled."/></testcase><testcase time="0" classname="p2.S2.SomeLongLongLongLongLongTestName_324" name="Run 0" assertions="3 total, 0 failed, 3 succeeded"><skipped type="Skipped" message="This test was disabled."/></testcase><testcase time="0" classname="p2.S2.SomeLongLongLongLongLongTestName_325" name="Run 0" assertions="3 total, 0 failed, 3 succeeded"><skipped type="Skipped" message="This test was disabled."/></testcase><testcase time="0" classname="p2.S2.SomeLongLongLongLongLongTestName_326" name="Run 0" assertions="3 total, 0 failed, 3 succeeded"><skipped type="Skipped" message="This test was disabled."/></testcase><testcase time="0" classname="p2.S2.SomeLongLongLongLongLongTestName_327" name="Run 0" assertions="3 total, 0 failed, 3 succeeded"><skipped type="Skipped" message="This test was disabled."/></testcase><testcase time="0" classname="p2.S2.SomeLongLongLongLongLongTestName_328" name="Run 0" assertions="3 total, 0 failed, 3 succeeded"><skipped type="Skipped" message="This test was disabled."/></testcase><testcase time="0" classname="p2.S2.SomeLongLongLongLongLongTestName_329" name="Run 0" assertions="3 total, 0 failed, 3 succeeded"><skipped type="Skipped" message="This test was disabled."/></testcase><testcase time="0" classname="p2.S2.SomeLongLongLongLongLongTestName_330" name="Run 0" assertions="3 total, 0 failed, 3 succeeded"><skipped type="Skipped" message="This test was disabled."/></testcase><testcase time="0" classname="p2.S2.SomeLongLongLongLongLongTestName_331" name="Run 0" assertions="3 total, 0 failed, 3 succeeded"><skipped type="Skipped" message="This test was disabled."/></testcase><testcase time="0" classname="p2.S2.SomeLongLongLongLongLongTestName_332" name="Run 0" assertions="3 total, 0 failed, 3 succeeded"><skipped type="Skipped" message="This test was disabled."/></testcase><testcase time="0" classname="p2.S2.SomeLongLongLongLongLongTestName_333" name="Run 0" assertions="3 total, 0 failed, 3 succeeded"><skipped type="Skipped" message="This test was disabled."/></testcase><testcase time="0" classname="p2.S2.SomeLongLongLongLongLongTestName_334" name="Run 0" assertions="3 total, 0 failed, 3 succeeded"><skipped type="Skipped" message="This test was disabled."/></testcase><testcase time="0" classname="p2.S2.SomeLongLongLongLongLongTestName_335" name="Run 0" assertions="3 total, 0 failed, 3 succeeded"><skipped type="Skipped" message="This test was disabled."/></testcase><testcase time="0" classname="p2.S2.SomeLongLongLongLongLongTestName_336" name="Run 0" assertions="3 total, 0 failed, 3 succeeded"><skipped type="Skipped" message="This test was disabled."/></testcase><testcase time="0" classname="p2.S2.SomeLongLongLongLongLongTestName_337" name="Run 0" assertions="3 total, 0 failed, 3 succeeded"><skipped type="Skipped" message="This test was disabled."/></testcase><testcase time="0" classname="p2.S2.SomeLongLongLongLongLongTestName_338" name="Run 0" assertions="3 total, 0 failed, 3 succeeded"><skipped type="Skipped" message="This test was disabled."/></testcase><testcase time="0" classname="p2.S2.SomeLongLongLongLongLongTestName_339" name="Run 0" assertions="3 total, 0 failed, 3 succeeded"><skipped type="Skipped" message="This test was disabled."/></testcase><testcase time="0" classname="p2.S2.SomeLongLongLongLongLongTestName_340" name="Run 0" assertions="3 total, 0 failed, 3 succeeded"><skipped type="Skipped" message="This test was disabled."/></testcase><testcase time="0" classname="p2.S2.SomeLongLongLongLongLongTestName_341" name="Run 0" assertions="3 total, 0 failed, 3 succeeded"><skipped type="Skipped" message="This test was disabled."/></testcase><testcase time="0" classname="p2.S2.SomeLongLongLongLongLongTestName_342" name="Run 0" assertions="3 total, 0 failed, 3 succeeded"><skipped type="Skipped" message="This test was disabled."/></testcase><testcase time="0" classname="p2.S2.SomeLongLongLongLongLongTestName_343" name="Run 0" assertions="3 total, 0 failed, 3 succeeded"><skipped type="Skipped" message="This test was disabled."/></testcase><testcase time="0" classname="p2.S2.SomeLongLongLongLongLongTestName_344" name="Run 0" assertions="3 total, 0 failed, 3 succeeded"><skipped type="Skipped" message="This test was disabled."/></testcase><testcase time="0" classname="p2.S2.SomeLongLongLongLongLongTestName_345" name="Run 0" assertions="3 total, 0 failed, 3 succeeded"><skipped type="Skipped" message="This test was disabled."/></testcase><testcase time="0" classname="p2.S2.SomeLongLongLongLongLongTestName_346" name="Run 0" assertions="3 total, 0 failed, 3 succeeded"><skipped type="Skipped" message="This test was disabled."/></testcase><testcase time="0" classname="p2.S2.SomeLongLongLongLongLongTestName_347" name="Run 0" assertions="3 total, 0 failed, 3 succeeded"><skipped type="Skipped" message="This test was disabled."/></testcase><testcase time="0" classname="p2.S2.SomeLongLongLongLongLongTestName_348" name="Run 0" assertions="3 total, 0 failed, 3 succeeded"><skipped type="Skipped" message="This test was disabled."/></testcase><testcase time="0" classname="p2.S2.SomeLongLongLongLongLongTestName_349" name="Run 0" assertions="3 total, 0 failed, 3 succeeded"><skipped type="Skipped" message="This test was disabled."/></testcase><testcase time="0" classname="p2.S2.SomeLongLongLongLongLongTestName_350" name="Run 0" assertions="3 total, 0 failed, 3 succeeded"><skipped type="Skipped" message="This test was disabled."/></testcase><testcase time="0" classname="p2.S2.SomeLongLongLongLongLongTestName_351" name="Run 0" assertions="3 total, 0 failed, 3 succeeded"><skipped type="Skipped" message="This test was disabled."/></testcase><testcase time="0" classname="p2.S2.SomeLongLongLongLongLongTestName_352" name="Run 0" assertions="3 total, 0 failed, 3 succeeded"><skipped type="Skipped" message="This test was disabled."/></testcase><testcase time="0" classname="p2.S2.SomeLongLongLongLongLongTestName_353" name="Run 0" assertions="3 total, 0 failed, 3 succeeded"><skipped type="Skipped" message="This test was disabled."/></testcase><testcase time="0" classname="p2.S2.SomeLongLongLongLongLongTestName_354" name="Run 0" assertions="3 total, 0 failed, 3 succeeded"><skipped type="Skipped" message="This test was disabled."/></testcase><testcase time="0" classname="p2.S2.SomeLongLongLongLongLongTestName_355" name="Run 0" assertions="3 total, 0 failed, 3 succeeded"><skipped type="Skipped" message="This test was disabled."/></testcase><testcase time="0" classname="p2.S2.SomeLongLongLongLongLongTestName_356" name="Run 0" assertions="3 total, 0 failed, 3 succeeded"><skipped type="Skipped" message="This test was disabled."/></testcase><testcase time="0" classname="p2.S2.SomeLongLongLongLongLongTestName_357" name="Run 0" assertions="3 total, 0 failed, 3 succeeded"><skipped type="Skipped" message="This test was disabled."/></testcase><testcase time="0" classname="p2.S2.SomeLongLongLongLongLongTestName_358" name="Run 0" assertions="3 total, 0 failed, 3 succeeded"><skipped type="Skipped" message="This test was disabled."/></testcase><testcase time="0" classname="p2.S2.SomeLongLongLongLongLongTestName_359" name="Run 0" assertions="3 total, 0 failed, 3 succeeded"><skipped type="Skipped" message="This test was disabled."/></testcase><testcase time="0" classname="p2.S2.SomeLongLongLongLongLongTestName_360" name="Run 0" assertions="3 total, 0 failed, 3 succeeded"><skipped type="Skipped" message="This test was disabled."/></testcase><testcase time="0" classname="p2.S2.SomeLongLongLongLongLongTestName_361" name="Run 0" assertions="3 total, 0 failed, 3 succeeded"><skipped type="Skipped" message="This test was disabled."/></testcase><testcase time="0" classname="p2.S2.SomeLongLongLongLongLongTestName_362" name="Run 0" assertions="3 total, 0 failed, 3 succeeded"><skipped type="Skipped" message="This test was disabled."/></testcase><testcase time="0" classname="p2.S2.SomeLongLongLongLongLongTestName_363" name="Run 0" assertions="3 total, 0 failed, 3 succeeded"><skipped type="Skipped" message="This test was disabled."/></testcase><testcase time="0" classname="p2.S2.SomeLongLongLongLongLongTestName_364" name="Run 0" assertions="3 total, 0 failed, 3 succeeded"><skipped type="Skipped" message="This test was disabled."/></testcase><testcase time="0" classname="p2.S2.SomeLongLongLongLongLongTestName_365" name="Run 0" assertions="3 total, 0 failed, 3 succeeded"><skipped type="Skipped" message="This test was disabled."/></testcase><testcase time="0" classname="p2.S2.SomeLongLongLongLongLongTestName_366" name="Run 0" assertions="3 total, 0 failed, 3 succeeded"><skipped type="Skipped" message="This test was disabled."/></testcase><testcase time="0" classname="p2.S2.SomeLongLongLongLongLongTestName_367" name="Run 0" assertions="3 total, 0 failed, 3 succeeded"><skipped type="Skipped" message="This test was disabled."/></testcase><testcase time="0" classname="p2.S2.SomeLongLongLongLongLongTestName_368" name="Run 0" assertions="3 total, 0 failed, 3 succeeded"><skipped type="Skipped" message="This test was disabled."/></testcase><testcase time="0" classname="p2.S2.SomeLongLongLongLongLongTestName_369" name="Run 0" assertions="3 total, 0 failed, 3 succeeded"><skipped type="Skipped" message="This test was disabled."/></testcase><testcase time="0" classname="p2.S2.SomeLongLongLongLongLongTestName_370" name="Run 0" assertions="3 total, 0 failed, 3 succeeded"><skipped type="Skipped" message="This test was disabled."/></testcase><testcase time="0" classname="p2.S2.SomeLongLongLongLongLongTestName_371" name="Run 0" assertions="3 total, 0 failed, 3 succeeded"><skipped type="Skipped" message="This test was disabled."/></testcase><testcase time="0" classname="p2.S2.SomeLongLongLongLongLongTestName_372" name="Run 0" assertions="3 total, 0 failed, 3 succeeded"><skipped type="Skipped" message="This test was disabled."/></testcase><testcase time="0" classname="p2.S2.SomeLongLongLongLongLongTestName_373" name="Run 0" assertions="3 total, 0 failed, 3 succeeded"><skipped type="Skipped" message="This test was disabled."/></testcase><testcase time="0" classname="p2.S2.SomeLongLongLongLongLongTestName_374" name="Run 0" assertions="3 total, 0 failed, 3 succeeded"><skipped type="Skipped" message="This test was disabled."/></testcase><testcase time="0" classname="p2.S2.SomeLongLongLongLongLongTestName_375" name="Run 0" assertions="3 total, 0 failed, 3 succeeded"><skipped type="Skipped" message="This test was disabled."/></testcase><testcase time="0" classname="p2.S2.SomeLongLongLongLongLongTestName_376" name="Run 0" assertions="3 total, 0 failed, 3 succeeded"><skipped type="Skipped" message="This test was disabled."/></testcase><testcase time="0" classname="p2.S2.SomeLongLongLongLongLongTestName_377" name="Run 0" assertions="3 total, 0 failed, 3 succeeded"><skipped type="Skipped" message="This test was disabled."/></testcase><testcase time="0" classname="p2.S2.SomeLongLongLongLongLongTestName_378" name="Run 0" assertions="3 total, 0 failed, 3 succeeded"><skipped type="Skipped" message="This test was disabled."/></testcase><testcase time="0" classname="p2.S2.SomeLongLongLongLongLongTestName_379" name="Run 0" assertions="3 total, 0 failed, 3 succeeded"><skipped type="Skipped" message="This test was disabled."/></testcase><testcase time="0" classname="p2.S2.SomeLongLongLongLongLongTestName_380" name="Run 0" assertions="3 total, 0 failed, 3 succeeded"><skipped type="Skipped" message="This test was disabled."/></testcase><testcase time="0" classname="p2.S2.SomeLongLongLongLongLongTestName_381" name="Run 0" assertions="3 total, 0 failed, 3 succeeded"><skipped type="Skipped" message="This test was disabled."/></testcase><testcase time="0" classname="p2.S2.SomeLongLongLongLongLongTestName_382" name="Run 0" assertions="3 total, 0 failed, 3 succeeded"><skipped type="Skipped" message="This test was disabled."/></testcase><testcase time="0" classname="p2.S2.SomeLongLongLongLongLongTestName_383" name="Run 0" assertions="3 total, 0 failed, 3 succeeded"><skipped type="Skipped" message="This test was disabled."/></testcase><testcase time="0" classname="p2.S2.SomeLongLongLongLongLongTestName_384" name="Run 0" assertions="3 total, 0 failed, 3 succeeded"><skipped type="Skipped" message="This test was disabled."/></testcase><testcase time="0" classname="p2.S2.SomeLongLongLongLongLongTestName_385" name="Run 0" assertions="3 total, 0 failed, 3 succeeded"><skipped type="Skipped" message="This test was disabled."/></testcase><testcase time="0" classname="p2.S2.SomeLongLongLongLongLongTestName_386" name="Run 0" assertions="3 total, 0 failed, 3 succeeded"><skipped type="Skipped" message="This test was disabled."/></testcase><testcase time="0" classname="p2.S2.SomeLongLongLongLongLongTestName_387" name="Run 0" assertions="3 total, 0 failed, 3 succeeded"><skipped type="Skipped" message="This test was disabled."/></testcase><testcase time="0" classname="p2.S2.SomeLongLongLongLongLongTestName_388" name="Run 0" assertions="3 total, 0 failed, 3 succeeded"><skipped type="Skipped" message="This test was disabled."/></testcase><testcase time="0" classname="p2.S2.SomeLongLongLongLongLongTestName_389" name="Run 0" assertions="3 total, 0 failed, 3 succeeded"><skipped type="Skipped" message="This test was disabled."/></testcase><testcase time="0" classname="p2.S2.SomeLongLongLongLongLongTestName_390" name="Run 0" assertions="3 total, 0 failed, 3 succeeded"><skipped type="Skipped" message="This test was disabled."/></testcase><testcase time="0" classname="p2.S2.SomeLongLongLongLongLongTestName_391" name="Run 0" assertions="3 total, 0 failed, 3 succeeded"><skipped type="Skipped" message="This test was disabled."/></testcase><testcase time="0" classname="p2.S2.SomeLongLongLongLongLongTestName_392" name="Run 0" assertions="3 total, 0 failed, 3 succeeded"><skipped type="Skipped" message="This test was disabled."/></testcase><testcase time="0" classname="p2.S2.SomeLongLongLongLongLongTestName_393" name="Run 0" assertions="3 total, 0 failed, 3 succeeded"><skipped type="Skipped" message="This test was disabled."/></testcase><testcase time="0" classname="p2.S2.SomeLongLongLongLongLongTestName_394" name="Run 0" assertions="3 total, 0 failed, 3 succeeded"><skipped type="Skipped" message="This test was disabled."/></testcase><testcase time="0" classname="p2.S2.SomeLongLongLongLongLongTestName_395" name="Run 0" assertions="3 total, 0 failed, 3 succeeded"><skipped type="Skipped" message="This test was disabled."/></testcase><testcase time="0" classname="p2.S2.SomeLongLongLongLongLongTestName_396" name="Run 0" assertions="3 total, 0 failed, 3 succeeded"><skipped type="Skipped" message="This test was disabled."/></testcase><testcase time="0" classname="p2.S2.SomeLongLongLongLongLongTestName_397" name="Run 0" assertions="3 total, 0 failed, 3 succeeded"><skipped type="Skipped" message="This test was disabled."/></testcase><testcase time="0" classname="p2.S2.SomeLongLongLongLongLongTestName_398" name="Run 0" assertions="3 total, 0 failed, 3 succeeded"><skipped type="Skipped" message="This test was disabled."/></testcase><testcase time="0" classname="p2.S2.SomeLongLongLongLongLongTestName_399" name="Run 0" assertions="3 total, 0 failed, 3 succeeded"><skipped type="Skipped" message="This test was disabled."/></testcase><testcase time="0" classname="p2.S2.SomeLongLongLongLongLongTestName_400" name="Run 0" assertions="3 total, 0 failed, 3 succeeded"><skipped type="Skipped" message="This test was disabled."/></testcase><testcase time="0" classname="p2.S2.SomeLongLongLongLongLongTestName_401" name="Run 0" assertions="3 total, 0 failed, 3 succeeded"><skipped type="Skipped" message="This test was disabled."/></testcase><testcase time="0" classname="p2.S2.SomeLongLongLongLongLongTestName_402" name="Run 0" assertions="3 total, 0 failed, 3 succeeded"><skipped type="Skipped" message="This test was disabled."/></testcase><testcase time="0" classname="p2.S2.SomeLongLongLongLongLongTestName_403" name="Run 0" assertions="3 total, 0 failed, 3 succeeded"><skipped type="Skipped" message="This test was disabled."/></testcase><testcase time="0" classname="p2.S2.SomeLongLongLongLongLongTestName_404" name="Run 0" assertions="3 total, 0 failed, 3 succeeded"><skipped type="Skipped" message="This test was disabled."/></testcase><testcase time="0" classname="p2.S2.SomeLongLongLongLongLongTestName_405" name="Run 0" assertions="3 total, 0 failed, 3 succeeded"><skipped type="Skipped" message="This test was disabled."/></testcase><testcase time="0" classname="p2.S2.SomeLongLongLongLongLongTestName_406" name="Run 0" assertions="3 total, 0 failed, 3 succeeded"><skipped type="Skipped" message="This test was disabled."/></testcase><testcase time="0" classname="p2.S2.SomeLongLongLongLongLongTestName_407" name="Run 0" assertions="3 total, 0 failed, 3 succeeded"><skipped type="Skipped" message="This test was disabled."/></testcase><testcase time="0" classname="p2.S2.SomeLongLongLongLongLongTestName_408" name="Run 0" assertions="3 total, 0 failed, 3 succeeded"><skipped type="Skipped" message="This test was disabled."/></testcase><testcase time="0" classname="p2.S2.SomeLongLongLongLongLongTestName_409" name="Run 0" assertions="3 total, 0 failed, 3 succeeded"><skipped type="Skipped" message="This test was disabled."/></testcase><testcase time="0" classname="p2.S2.SomeLongLongLongLongLongTestName_410" name="Run 0" assertions="3 total, 0 failed, 3 succeeded"><skipped type="Skipped" message="This test was disabled."/></testcase><testcase time="0" classname="p2.S2.SomeLongLongLongLongLongTestName_411" name="Run 0" assertions="3 total, 0 failed, 3 succeeded"><skipped type="Skipped" message="This test was disabled."/></testcase><testcase time="0" classname="p2.S2.SomeLongLongLongLongLongTestName_412" name="Run 0" assertions="3 total, 0 failed, 3 succeeded"><skipped type="Skipped" message="This test was disabled."/></testcase><testcase time="0" classname="p2.S2.SomeLongLongLongLongLongTestName_413" name="Run 0" assertions="3 total, 0 failed, 3 succeeded"><skipped type="Skipped" message="This test was disabled."/></testcase><testcase time="0" classname="p2.S2.SomeLongLongLongLongLongTestName_414" name="Run 0" assertions="3 total, 0 failed, 3 succeeded"><skipped type="Skipped" message="This test was disabled."/></testcase><testcase time="0" classname="p2.S2.SomeLongLongLongLongLongTestName_415" name="Run 0" assertions="3 total, 0 failed, 3 succeeded"><skipped type="Skipped" message="This test was disabled."/></testcase><testcase time="0" classname="p2.S2.SomeLongLongLongLongLongTestName_416" name="Run 0" assertions="3 total, 0 failed, 3 succeeded"><skipped type="Skipped" message="This test was disabled."/></testcase><testcase time="0" classname="p2.S2.SomeLongLongLongLongLongTestName_417" name="Run 0" assertions="3 total, 0 failed, 3 succeeded"><skipped type="Skipped" message="This test was disabled."/></testcase><testcase time="0" classname="p2.S2.SomeLongLongLongLongLongTestName_418" name="Run 0" assertions="3 total, 0 failed, 3 succeeded"><skipped type="Skipped" message="This test was disabled."/></testcase><testcase time="0" classname="p2.S2.SomeLongLongLongLongLongTestName_419" name="Run 0" assertions="3 total, 0 failed, 3 succeeded"><skipped type="Skipped" message="This test was disabled."/></testcase><testcase time="0" classname="p2.S2.SomeLongLongLongLongLongTestName_420" name="Run 0" assertions="3 total, 0 failed, 3 succeeded"><skipped type="Skipped" message="This test was disabled."/></testcase><testcase time="-3787.206469136473" classname="p2.S3.SomeLongLongLongLongLongTestName_0" name="Run 0" assertions="3 total, 0 failed, 3 succeeded">
                          <properties>
                          <property name="prop1" value="value1" />
                          <property name="multiline">
                              Config line 1
                              Config line 2
                              Config line 3
                          </property>
                        </properties>
                        <failure message="failure message 0" type="Failure"/><system-out>This is stdout
[[ATTACHMENT|attachment.txt]]
</system-out><system-err>This is stderr
[[ATTACHMENT|attachment.txt]]
</system-err></testcase><testcase time="-5376.677588789041" classname="p2.S3.SomeLongLongLongLongLongTestName_1" name="Run 0" assertions="3 total, 0 failed, 3 succeeded"/><testcase time="-7150.143119776788" classname="p2.S3.SomeLongLongLongLongLongTestName_2" name="Run 0" assertions="3 total, 0 failed, 3 succeeded"/><testcase time="-378.88641450255204" classname="p2.S3.SomeLongLongLongLongLongTestName_3" name="Run 0" assertions="3 total, 0 failed, 3 succeeded"/><testcase time="-6068.812684303881" classname="p2.S3.SomeLongLongLongLongLongTestName_4" name="Run 0" assertions="3 total, 0 failed, 3 succeeded"/><testcase time="-7886.410710899104" classname="p2.S3.SomeLongLongLongLongLongTestName_5" name="Run 0" assertions="3 total, 0 failed, 3 succeeded"/><testcase time="-1880.4296199005578" classname="p2.S3.SomeLongLongLongLongLongTestName_6" name="Run 0" assertions="3 total, 0 failed, 3 succeeded"/><testcase time="-2928.940417326182" classname="p2.S3.SomeLongLongLongLongLongTestName_7" name="Run 0" assertions="3 total, 0 failed, 3 succeeded"/><testcase time="-1300.038307162425" classname="p2.S3.SomeLongLongLongLongLongTestName_8" name="Run 0" assertions="3 total, 0 failed, 3 succeeded"/><testcase time="-7786.541221750035" classname="p2.S3.SomeLongLongLongLongLongTestName_9" name="Run 0" assertions="3 total, 0 failed, 3 succeeded"/><testcase time="-1687.2711716629028" classname="p2.S3.SomeLongLongLongLongLongTestName_10" name="Run 0" assertions="3 total, 0 failed, 3 succeeded"/><testcase time="-2277.192400321951" classname="p2.S3.SomeLongLongLongLongLongTestName_11" name="Run 0" assertions="3 total, 0 failed, 3 succeeded"/><testcase time="-3276.4023519033713" classname="p2.S3.SomeLongLongLongLongLongTestName_12" name="Run 0" assertions="3 total, 0 failed, 3 succeeded"/><testcase time="-6089.687341318672" classname="p2.S3.SomeLongLongLongLongLongTestName_13" name="Run 0" assertions="3 total, 0 failed, 3 succeeded"/><testcase time="-9023.757150959205" classname="p2.S3.SomeLongLongLongLongLongTestName_14" name="Run 0" assertions="3 total, 0 failed, 3 succeeded"/><testcase time="-8991.343278128925" classname="p2.S3.SomeLongLongLongLongLongTestName_15" name="Run 0" assertions="3 total, 0 failed, 3 succeeded"/><testcase time="-8971.109925542152" classname="p2.S3.SomeLongLongLongLongLongTestName_16" name="Run 0" assertions="3 total, 0 failed, 3 succeeded"/><testcase time="-2980.70607161306" classname="p2.S3.SomeLongLongLongLongLongTestName_17" name="Run 0" assertions="3 total, 0 failed, 3 succeeded"/><testcase time="-269.28798495836895" classname="p2.S3.SomeLongLongLongLongLongTestName_18" name="Run 0" assertions="3 total, 0 failed, 3 succeeded"/><testcase time="-4916.196446034268" classname="p2.S3.SomeLongLongLongLongLongTestName_19" name="Run 0" assertions="3 total, 0 failed, 3 succeeded"/><testcase time="-6152.700102355837" classname="p2.S3.SomeLongLongLongLongLongTestName_20" name="Run 0" assertions="3 total, 0 failed, 3 succeeded"/><testcase time="-248.97861166748226" classname="p2.S3.SomeLongLongLongLongLongTestName_21" name="Run 0" assertions="3 total, 0 failed, 3 succeeded"/><testcase time="-8702.328280182483" classname="p2.S3.SomeLongLongLongLongLongTestName_22" name="Run 0" assertions="3 total, 0 failed, 3 succeeded"/><testcase time="-3696.310683826775" classname="p2.S3.SomeLongLongLongLongLongTestName_23" name="Run 0" assertions="3 total, 0 failed, 3 succeeded"/><testcase time="-4382.570118062026" classname="p2.S3.SomeLongLongLongLongLongTestName_24" name="Run 0" assertions="3 total, 0 failed, 3 succeeded"/><testcase time="-5318.463622894008" classname="p2.S3.SomeLongLongLongLongLongTestName_25" name="Run 0" assertions="3 total, 0 failed, 3 succeeded"/><testcase time="-4763.208101206654" classname="p2.S3.SomeLongLongLongLongLongTestName_26" name="Run 0" assertions="3 total, 0 failed, 3 succeeded"/><testcase time="-9326.293918611493" classname="p2.S3.SomeLongLongLongLongLongTestName_27" name="Run 0" assertions="3 total, 0 failed, 3 succeeded"/><testcase time="-957.2332739380594" classname="p2.S3.SomeLongLongLongLongLongTestName_28" name="Run 0" assertions="3 total, 0 failed, 3 succeeded"/><testcase time="-9230.35006426342" classname="p2.S3.SomeLongLongLongLongLongTestName_29" name="Run 0" assertions="3 total, 0 failed, 3 succeeded"/><testcase time="-826.685396018842" classname="p2.S3.SomeLongLongLongLongLongTestName_30" name="Run 0" assertions="3 total, 0 failed, 3 succeeded"/><testcase time="-302.93324280500326" classname="p2.S3.SomeLongLongLongLongLongTestName_31" name="Run 0" assertions="3 total, 0 failed, 3 succeeded"/><testcase time="-3710.8925362552172" classname="p2.S3.SomeLongLongLongLongLongTestName_32" name="Run 0" assertions="3 total, 0 failed, 3 succeeded"/><testcase time="-6500.94104705716" classname="p2.S3.SomeLongLongLongLongLongTestName_33" name="Run 0" assertions="3 total, 0 failed, 3 succeeded"/><testcase time="-2511.0916002208337" classname="p2.S3.SomeLongLongLongLongLongTestName_34" name="Run 0" assertions="3 total, 0 failed, 3 succeeded"/><testcase time="-9410.784354630683" classname="p2.S3.SomeLongLongLongLongLongTestName_35" name="Run 0" assertions="3 total, 0 failed, 3 succeeded"/><testcase time="-8858.60768790443" classname="p2.S3.SomeLongLongLongLongLongTestName_36" name="Run 0" assertions="3 total, 0 failed, 3 succeeded"/><testcase time="-1870.6090237457634" classname="p2.S3.SomeLongLongLongLongLongTestName_37" name="Run 0" assertions="3 total, 0 failed, 3 succeeded"/><testcase time="-1228.975007291824" classname="p2.S3.SomeLongLongLongLongLongTestName_38" name="Run 0" assertions="3 total, 0 failed, 3 succeeded"/><testcase time="-1893.0001195621512" classname="p2.S3.SomeLongLongLongLongLongTestName_39" name="Run 0" assertions="3 total, 0 failed, 3 succeeded"/><testcase time="-7002.477043358312" classname="p2.S3.SomeLongLongLongLongLongTestName_40" name="Run 0" assertions="3 total, 0 failed, 3 succeeded"/><testcase time="-6714.8913867932215" classname="p2.S3.SomeLongLongLongLongLongTestName_41" name="Run 0" assertions="3 total, 0 failed, 3 succeeded"/><testcase time="-5531.751133835915" classname="p2.S3.SomeLongLongLongLongLongTestName_42" name="Run 0" assertions="3 total, 0 failed, 3 succeeded"/><testcase time="-4388.6426753655" classname="p2.S3.SomeLongLongLongLongLongTestName_43" name="Run 0" assertions="3 total, 0 failed, 3 succeeded"/><testcase time="-1813.9485632700673" classname="p2.S3.SomeLongLongLongLongLongTestName_44" name="Run 0" assertions="3 total, 0 failed, 3 succeeded"/><testcase time="-1127.8202010022621" classname="p2.S3.SomeLongLongLongLongLongTestName_45" name="Run 0" assertions="3 total, 0 failed, 3 succeeded"/><testcase time="-2564.342164660826" classname="p2.S3.SomeLongLongLongLongLongTestName_46" name="Run 0" assertions="3 total, 0 failed, 3 succeeded"/><testcase time="-8501.482233572822" classname="p2.S3.SomeLongLongLongLongLongTestName_47" name="Run 0" assertions="3 total, 0 failed, 3 succeeded"/><testcase time="-4607.739772701002" classname="p2.S3.SomeLongLongLongLongLongTestName_48" name="Run 0" assertions="3 total, 0 failed, 3 succeeded"/><testcase time="-1210.4389597150841" classname="p2.S3.SomeLongLongLongLongLongTestName_49" name="Run 0" assertions="3 total, 0 failed, 3 succeeded"/><testcase time="-7916.716026054398" classname="p2.S3.SomeLongLongLongLongLongTestName_50" name="Run 0" assertions="3 total, 0 failed, 3 succeeded"/><testcase time="-8943.225164006526" classname="p2.S3.SomeLongLongLongLongLongTestName_51" name="Run 0" assertions="3 total, 0 failed, 3 succeeded"/><testcase time="-77.77034530598777" classname="p2.S3.SomeLongLongLongLongLongTestName_52" name="Run 0" assertions="3 total, 0 failed, 3 succeeded"/><testcase time="-4642.486698625766" classname="p2.S3.SomeLongLongLongLongLongTestName_53" name="Run 0" assertions="3 total, 0 failed, 3 succeeded"/><testcase time="-482.48473774118514" classname="p2.S3.SomeLongLongLongLongLongTestName_54" name="Run 0" assertions="3 total, 0 failed, 3 succeeded"/><testcase time="-6136.4471994957285" classname="p2.S3.SomeLongLongLongLongLongTestName_55" name="Run 0" assertions="3 total, 0 failed, 3 succeeded"/><testcase time="-2900.2264790491095" classname="p2.S3.SomeLongLongLongLongLongTestName_56" name="Run 0" assertions="3 total, 0 failed, 3 succeeded"/><testcase time="-4512.957403010319" classname="p2.S3.SomeLongLongLongLongLongTestName_57" name="Run 0" assertions="3 total, 0 failed, 3 succeeded"/><testcase time="-8263.726405037478" classname="p2.S3.SomeLongLongLongLongLongTestName_58" name="Run 0" assertions="3 total, 0 failed, 3 succeeded"/><testcase time="-5341.62246793925" classname="p2.S3.SomeLongLongLongLongLongTestName_59" name="Run 0" assertions="3 total, 0 failed, 3 succeeded"/><testcase time="-3255.961723460512" classname="p2.S3.SomeLongLongLongLongLongTestName_60" name="Run 0" assertions="3 total, 0 failed, 3 succeeded"/><testcase time="-1048.6187220718996" classname="p2.S3.SomeLongLongLongLongLongTestName_61" name="Run 0" assertions="3 total, 0 failed, 3 succeeded"/><testcase time="-6246.5923836189" classname="p2.S3.SomeLongLongLongLongLongTestName_62" name="Run 0" assertions="3 total, 0 failed, 3 succeeded"/><testcase time="-5585.45515573447" classname="p2.S3.SomeLongLongLongLongLongTestName_63" name="Run 0" assertions="3 total, 0 failed, 3 succeeded"/><testcase time="-8697.695035837369" classname="p2.S3.SomeLongLongLongLongLongTestName_64" name="Run 0" assertions="3 total, 0 failed, 3 succeeded"/><testcase time="-1328.3748697066746" classname="p2.S3.SomeLongLongLongLongLongTestName_65" name="Run 0" assertions="3 total, 0 failed, 3 succeeded"/><testcase time="-6546.622897720323" classname="p2.S3.SomeLongLongLongLongLongTestName_66" name="Run 0" assertions="3 total, 0 failed, 3 succeeded"/><testcase time="-3115.0831186666564" classname="p2.S3.SomeLongLongLongLongLongTestName_67" name="Run 0" assertions="3 total, 0 failed, 3 succeeded"/><testcase time="-162.33147501318132" classname="p2.S3.SomeLongLongLongLongLongTestName_68" name="Run 0" assertions="3 total, 0 failed, 3 succeeded"/><testcase time="-5552.434601363307" classname="p2.S3.SomeLongLongLongLongLongTestName_69" name="Run 0" assertions="3 total, 0 failed, 3 succeeded"/><testcase time="-7380.558054467916" classname="p2.S3.SomeLongLongLongLongLongTestName_70" name="Run 0" assertions="3 total, 0 failed, 3 succeeded"/><testcase time="-2512.752552396425" classname="p2.S3.SomeLongLongLongLongLongTestName_71" name="Run 0" assertions="3 total, 0 failed, 3 succeeded"/><testcase time="-6367.332438253587" classname="p2.S3.SomeLongLongLongLongLongTestName_72" name="Run 0" assertions="3 total, 0 failed, 3 succeeded"/><testcase time="-7213.09310169356" classname="p2.S3.SomeLongLongLongLongLongTestName_73" name="Run 0" assertions="3 total, 0 failed, 3 succeeded"/><testcase time="-2884.738016778193" classname="p2.S3.SomeLongLongLongLongLongTestName_74" name="Run 0" assertions="3 total, 0 failed, 3 succeeded"/><testcase time="-317.8194582220533" classname="p2.S3.SomeLongLongLongLongLongTestName_75" name="Run 0" assertions="3 total, 0 failed, 3 succeeded"/><testcase time="-3100.5445414226183" classname="p2.S3.SomeLongLongLongLongLongTestName_76" name="Run 0" assertions="3 total, 0 failed, 3 succeeded"/><testcase time="-8108.142251278425" classname="p2.S3.SomeLongLongLongLongLongTestName_77" name="Run 0" assertions="3 total, 0 failed, 3 succeeded"/><testcase time="-6215.938703039538" classname="p2.S3.SomeLongLongLongLongLongTestName_78" name="Run 0" assertions="3 total, 0 failed, 3 succeeded"/><testcase time="-1536.8512493109354" classname="p2.S3.SomeLongLongLongLongLongTestName_79" name="Run 0" assertions="3 total, 0 failed, 3 succeeded"/><testcase time="-881.1315625283721" classname="p2.S3.SomeLongLongLongLongLongTestName_80" name="Run 0" assertions="3 total, 0 failed, 3 succeeded"/><testcase time="-6530.405645629993" classname="p2.S3.SomeLongLongLongLongLongTestName_81" name="Run 0" assertions="3 total, 0 failed, 3 succeeded"/><testcase time="-2356.9673972734226" classname="p2.S3.SomeLongLongLongLongLongTestName_82" name="Run 0" assertions="3 total, 0 failed, 3 succeeded"/><testcase time="-4698.524670355337" classname="p2.S3.SomeLongLongLongLongLongTestName_83" name="Run 0" assertions="3 total, 0 failed, 3 succeeded"/><testcase time="-401.4098576090664" classname="p2.S3.SomeLongLongLongLongLongTestName_84" name="Run 0" assertions="3 total, 0 failed, 3 succeeded"/><testcase time="-5061.460992972075" classname="p2.S3.SomeLongLongLongLongLongTestName_85" name="Run 0" assertions="3 total, 0 failed, 3 succeeded"/><testcase time="-6889.21394887154" classname="p2.S3.SomeLongLongLongLongLongTestName_86" name="Run 0" assertions="3 total, 0 failed, 3 succeeded"/><testcase time="-4790.733816135141" classname="p2.S3.SomeLongLongLongLongLongTestName_87" name="Run 0" assertions="3 total, 0 failed, 3 succeeded"/><testcase time="-6391.781554096124" classname="p2.S3.SomeLongLongLongLongLongTestName_88" name="Run 0" assertions="3 total, 0 failed, 3 succeeded"/><testcase time="-4912.469511069618" classname="p2.S3.SomeLongLongLongLongLongTestName_89" name="Run 0" assertions="3 total, 0 failed, 3 succeeded"/><testcase time="-2237.680644018856" classname="p2.S3.SomeLongLongLongLongLongTestName_90" name="Run 0" assertions="3 total, 0 failed, 3 succeeded"/><testcase time="-1747.7644071046882" classname="p2.S3.SomeLongLongLongLongLongTestName_91" name="Run 0" assertions="3 total, 0 failed, 3 succeeded"/><testcase time="-7656.437251899685" classname="p2.S3.SomeLongLongLongLongLongTestName_92" name="Run 0" assertions="3 total, 0 failed, 3 succeeded"/><testcase time="-2377.304230241244" classname="p2.S3.SomeLongLongLongLongLongTestName_93" name="Run 0" assertions="3 total, 0 failed, 3 succeeded"/><testcase time="-1857.3145022380736" classname="p2.S3.SomeLongLongLongLongLongTestName_94" name="Run 0" assertions="3 total, 0 failed, 3 succeeded"/><testcase time="-7777.735059948371" classname="p2.S3.SomeLongLongLongLongLongTestName_95" name="Run 0" assertions="3 total, 0 failed, 3 succeeded"/><testcase time="-7670.5310377041815" classname="p2.S3.SomeLongLongLongLongLongTestName_96" name="Run 0" assertions="3 total, 0 failed, 3 succeeded"/><testcase time="-5688.795232226194" classname="p2.S3.SomeLongLongLongLongLongTestName_97" name="Run 0" assertions="3 total, 0 failed, 3 succeeded"/><testcase time="-3425.0775991871556" classname="p2.S3.SomeLongLongLongLongLongTestName_98" name="Run 0" assertions="3 total, 0 failed, 3 succeeded"/><testcase time="-346.2156432663107" classname="p2.S3.SomeLongLongLongLongLongTestName_99" name="Run 0" assertions="3 total, 0 failed, 3 succeeded"/><testcase time="-7028.089377163828" classname="p2.S3.SomeLongLongLongLongLongTestName_100" name="Run 0" assertions="3 total, 0 failed, 3 succeeded"/><testcase time="-6263.794787995298" classname="p2.S3.SomeLongLongLongLongLongTestName_101" name="Run 0" assertions="3 total, 0 failed, 3 succeeded"/><testcase time="-6002.877793662199" classname="p2.S3.SomeLongLongLongLongLongTestName_102" name="Run 0" assertions="3 total, 0 failed, 3 succeeded"/><testcase time="-5493.20749544216" classname="p2.S3.SomeLongLongLongLongLongTestName_103" name="Run 0" assertions="3 total, 0 failed, 3 succeeded"/><testcase time="-4072.310858031286" classname="p2.S3.SomeLongLongLongLongLongTestName_104" name="Run 0" assertions="3 total, 0 failed, 3 succeeded"/><testcase time="-6236.869652870024" classname="p2.S3.SomeLongLongLongLongLongTestName_105" name="Run 0" assertions="3 total, 0 failed, 3 succeeded"/><testcase time="-6.818506936353685" classname="p2.S3.SomeLongLongLongLongLongTestName_106" name="Run 0" assertions="3 total, 0 failed, 3 succeeded"/><testcase time="-8930.328586609712" classname="p2.S3.SomeLongLongLongLongLongTestName_107" name="Run 0" assertions="3 total, 0 failed, 3 succeeded"/><testcase time="-2449.2183947110957" classname="p2.S3.SomeLongLongLongLongLongTestName_108" name="Run 0" assertions="3 total, 0 failed, 3 succeeded"/><testcase time="-9271.807062596412" classname="p2.S3.SomeLongLongLongLongLongTestName_109" name="Run 0" assertions="3 total, 0 failed, 3 succeeded"/><testcase time="-4586.088444601731" classname="p2.S3.SomeLongLongLongLongLongTestName_110" name="Run 0" assertions="3 total, 0 failed, 3 succeeded"/><testcase time="-8528.029791942517" classname="p2.S3.SomeLongLongLongLongLongTestName_111" name="Run 0" assertions="3 total, 0 failed, 3 succeeded"/><testcase time="-2594.9826300867617" classname="p2.S3.SomeLongLongLongLongLongTestName_112" name="Run 0" assertions="3 total, 0 failed, 3 succeeded"/><testcase time="-8433.943456613817" classname="p2.S3.SomeLongLongLongLongLongTestName_113" name="Run 0" assertions="3 total, 0 failed, 3 succeeded"/><testcase time="-8556.076943721864" classname="p2.S3.SomeLongLongLongLongLongTestName_114" name="Run 0" assertions="3 total, 0 failed, 3 succeeded"/><testcase time="-6885.863743556802" classname="p2.S3.SomeLongLongLongLongLongTestName_115" name="Run 0" assertions="3 total, 0 failed, 3 succeeded"/><testcase time="-1218.467527957977" classname="p2.S3.SomeLongLongLongLongLongTestName_116" name="Run 0" assertions="3 total, 0 failed, 3 succeeded"/><testcase time="-1754.3888804058956" classname="p2.S3.SomeLongLongLongLongLongTestName_117" name="Run 0" assertions="3 total, 0 failed, 3 succeeded"/><testcase time="-1574.9659442898756" classname="p2.S3.SomeLongLongLongLongLongTestName_118" name="Run 0" assertions="3 total, 0 failed, 3 succeeded"/><testcase time="-8930.25864578921" classname="p2.S3.SomeLongLongLongLongLongTestName_119" name="Run 0" assertions="3 total, 0 failed, 3 succeeded"/><testcase time="-3371.673216993808" classname="p2.S3.SomeLongLongLongLongLongTestName_120" name="Run 0" assertions="3 total, 0 failed, 3 succeeded"/><testcase time="-35.74337570758" classname="p2.S3.SomeLongLongLongLongLongTestName_121" name="Run 0" assertions="3 total, 0 failed, 3 succeeded"/><testcase time="-872.5109019890169" classname="p2.S3.SomeLongLongLongLongLongTestName_122" name="Run 0" assertions="3 total, 0 failed, 3 succeeded"/><testcase time="-7948.268963494469" classname="p2.S3.SomeLongLongLongLongLongTestName_123" name="Run 0" assertions="3 total, 0 failed, 3 succeeded"/><testcase time="-8888.394949393958" classname="p2.S3.SomeLongLongLongLongLongTestName_124" name="Run 0" assertions="3 total, 0 failed, 3 succeeded"/><testcase time="-4100.214561103254" classname="p2.S3.SomeLongLongLongLongLongTestName_125" name="Run 0" assertions="3 total, 0 failed, 3 succeeded"/><testcase time="-1740.538300124329" classname="p2.S3.SomeLongLongLongLongLongTestName_126" name="Run 0" assertions="3 total, 0 failed, 3 succeeded"/><testcase time="-2284.835435860195" classname="p2.S3.SomeLongLongLongLongLongTestName_127" name="Run 0" assertions="3 total, 0 failed, 3 succeeded"/><testcase time="-4079.8037257766146" classname="p2.S3.SomeLongLongLongLongLongTestName_128" name="Run 0" assertions="3 total, 0 failed, 3 succeeded"/><testcase time="-1612.9856756214263" classname="p2.S3.SomeLongLongLongLongLongTestName_129" name="Run 0" assertions="3 total, 0 failed, 3 succeeded"/><testcase time="-6658.503147545139" classname="p2.S3.SomeLongLongLongLongLongTestName_130" name="Run 0" assertions="3 total, 0 failed, 3 succeeded"/><testcase time="-3276.070300446341" classname="p2.S3.SomeLongLongLongLongLongTestName_131" name="Run 0" assertions="3 total, 0 failed, 3 succeeded"/><testcase time="-3359.1251476353236" classname="p2.S3.SomeLongLongLongLongLongTestName_132" name="Run 0" assertions="3 total, 0 failed, 3 succeeded"/><testcase time="-1525.0434895738597" classname="p2.S3.SomeLongLongLongLongLongTestName_133" name="Run 0" assertions="3 total, 0 failed, 3 succeeded"/><testcase time="-4540.2854034235015" classname="p2.S3.SomeLongLongLongLongLongTestName_134" name="Run 0" assertions="3 total, 0 failed, 3 succeeded"/><testcase time="-2110.3587787178167" classname="p2.S3.SomeLongLongLongLongLongTestName_135" name="Run 0" assertions="3 total, 0 failed, 3 succeeded"/><testcase time="-4857.347947544251" classname="p2.S3.SomeLongLongLongLongLongTestName_136" name="Run 0" assertions="3 total, 0 failed, 3 succeeded"/><testcase time="-5671.90031269124" classname="p2.S3.SomeLongLongLongLongLongTestName_137" name="Run 0" assertions="3 total, 0 failed, 3 succeeded"/><testcase time="-462.9350082261001" classname="p2.S3.SomeLongLongLongLongLongTestName_138" name="Run 0" assertions="3 total, 0 failed, 3 succeeded"/><testcase time="-7446.435846218845" classname="p2.S3.SomeLongLongLongLongLongTestName_139" name="Run 0" assertions="3 total, 0 failed, 3 succeeded"/><testcase time="-7058.5524553153155" classname="p2.S3.SomeLongLongLongLongLongTestName_140" name="Run 0" assertions="3 total, 0 failed, 3 succeeded"/><testcase time="-5219.507932381659" classname="p2.S3.SomeLongLongLongLongLongTestName_141" name="Run 0" assertions="3 total, 0 failed, 3 succeeded"/><testcase time="-6299.3105044404665" classname="p2.S3.SomeLongLongLongLongLongTestName_142" name="Run 0" assertions="3 total, 0 failed, 3 succeeded"/><testcase time="-1071.9717086234084" classname="p2.S3.SomeLongLongLongLongLongTestName_143" name="Run 0" assertions="3 total, 0 failed, 3 succeeded"/><testcase time="-6587.069256787389" classname="p2.S3.SomeLongLongLongLongLongTestName_144" name="Run 0" assertions="3 total, 0 failed, 3 succeeded"/><testcase time="-4879.098395351021" classname="p2.S3.SomeLongLongLongLongLongTestName_145" name="Run 0" assertions="3 total, 0 failed, 3 succeeded"/><testcase time="-1554.8637495222747" classname="p2.S3.SomeLongLongLongLongLongTestName_146" name="Run 0" assertions="3 total, 0 failed, 3 succeeded"/><testcase time="-1469.196918221445" classname="p2.S3.SomeLongLongLongLongLongTestName_147" name="Run 0" assertions="3 total, 0 failed, 3 succeeded"/><testcase time="-6466.61110547831" classname="p2.S3.SomeLongLongLongLongLongTestName_148" name="Run 0" assertions="3 total, 0 failed, 3 succeeded"/><testcase time="-3280.7869138985407" classname="p2.S3.SomeLongLongLongLongLongTestName_149" name="Run 0" assertions="3 total, 0 failed, 3 succeeded"/><testcase time="-9682.569907304329" classname="p2.S3.SomeLongLongLongLongLongTestName_150" name="Run 0" assertions="3 total, 0 failed, 3 succeeded"/><testcase time="-2394.3507186960455" classname="p2.S3.SomeLongLongLongLongLongTestName_151" name="Run 0" assertions="3 total, 0 failed, 3 succeeded"/><testcase time="-3167.5233386540876" classname="p2.S3.SomeLongLongLongLongLongTestName_152" name="Run 0" assertions="3 total, 0 failed, 3 succeeded"/><testcase time="-9707.796883118512" classname="p2.S3.SomeLongLongLongLongLongTestName_153" name="Run 0" assertions="3 total, 0 failed, 3 succeeded"/><testcase time="-8775.607301026364" classname="p2.S3.SomeLongLongLongLongLongTestName_154" name="Run 0" assertions="3 total, 0 failed, 3 succeeded"/><testcase time="-2702.2707205082597" classname="p2.S3.SomeLongLongLongLongLongTestName_155" name="Run 0" assertions="3 total, 0 failed, 3 succeeded"/><testcase time="-2537.902946365995" classname="p2.S3.SomeLongLongLongLongLongTestName_156" name="Run 0" assertions="3 total, 0 failed, 3 succeeded"/><testcase time="-5770.005783700462" classname="p2.S3.SomeLongLongLongLongLongTestName_157" name="Run 0" assertions="3 total, 0 failed, 3 succeeded"/><testcase time="-6153.065953097404" classname="p2.S3.SomeLongLongLongLongLongTestName_158" name="Run 0" assertions="3 total, 0 failed, 3 succeeded"/><testcase time="-5359.266665509773" classname="p2.S3.SomeLongLongLongLongLongTestName_159" name="Run 0" assertions="3 total, 0 failed, 3 succeeded"/><testcase time="-9398.075935419427" classname="p2.S3.SomeLongLongLongLongLongTestName_160" name="Run 0" assertions="3 total, 0 failed, 3 succeeded"/><testcase time="-788.2203660769158" classname="p2.S3.SomeLongLongLongLongLongTestName_161" name="Run 0" assertions="3 total, 0 failed, 3 succeeded"/><testcase time="-5303.381038474348" classname="p2.S3.SomeLongLongLongLongLongTestName_162" name="Run 0" assertions="3 total, 0 failed, 3 succeeded"/><testcase time="-8302.20017984105" classname="p2.S3.SomeLongLongLongLongLongTestName_163" name="Run 0" assertions="3 total, 0 failed, 3 succeeded"/><testcase time="-5760.076053205029" classname="p2.S3.SomeLongLongLongLongLongTestName_164" name="Run 0" assertions="3 total, 0 failed, 3 succeeded"/><testcase time="-5721.383259392835" classname="p2.S3.SomeLongLongLongLongLongTestName_165" name="Run 0" assertions="3 total, 0 failed, 3 succeeded"/><testcase time="-6487.363342325785" classname="p2.S3.SomeLongLongLongLongLongTestName_166" name="Run 0" assertions="3 total, 0 failed, 3 succeeded"/><testcase time="-1285.1339429757597" classname="p2.S3.SomeLongLongLongLongLongTestName_167" name="Run 0" assertions="3 total, 0 failed, 3 succeeded"/><testcase time="-5653.0318795038365" classname="p2.S3.SomeLongLongLongLongLongTestName_168" name="Run 0" assertions="3 total, 0 failed, 3 succeeded"/><testcase time="-5922.763034523583" classname="p2.S3.SomeLongLongLongLongLongTestName_169" name="Run 0" assertions="3 total, 0 failed, 3 succeeded"/><testcase time="-5601.013812292082" classname="p2.S3.SomeLongLongLongLongLongTestName_170" name="Run 0" assertions="3 total, 0 failed, 3 succeeded"/><testcase time="-8522.848239342877" classname="p2.S3.SomeLongLongLongLongLongTestName_171" name="Run 0" assertions="3 total, 0 failed, 3 succeeded"/><testcase time="-1994.587083497034" classname="p2.S3.SomeLongLongLongLongLongTestName_172" name="Run 0" assertions="3 total, 0 failed, 3 succeeded"/><testcase time="-6514.484642808067" classname="p2.S3.SomeLongLongLongLongLongTestName_173" name="Run 0" assertions="3 total, 0 failed, 3 succeeded"/><testcase time="-8478.617692641577" classname="p2.S3.SomeLongLongLongLongLongTestName_174" name="Run 0" assertions="3 total, 0 failed, 3 succeeded"/><testcase time="-7782.376724056667" classname="p2.S3.SomeLongLongLongLongLongTestName_175" name="Run 0" assertions="3 total, 0 failed, 3 succeeded"/><testcase time="-4004.1105896395343" classname="p2.S3.SomeLongLongLongLongLongTestName_176" name="Run 0" assertions="3 total, 0 failed, 3 succeeded"/><testcase time="-910.7796180642124" classname="p2.S3.SomeLongLongLongLongLongTestName_177" name="Run 0" assertions="3 total, 0 failed, 3 succeeded"/><testcase time="-8991.138452988496" classname="p2.S3.SomeLongLongLongLongLongTestName_178" name="Run 0" assertions="3 total, 0 failed, 3 succeeded"/><testcase time="-8117.997326258012" classname="p2.S3.SomeLongLongLongLongLongTestName_179" name="Run 0" assertions="3 total, 0 failed, 3 succeeded"/><testcase time="-2287.1611920442892" classname="p2.S3.SomeLongLongLongLongLongTestName_180" name="Run 0" assertions="3 total, 0 failed, 3 succeeded"/><testcase time="-2139.1960819807955" classname="p2.S3.SomeLongLongLongLongLongTestName_181" name="Run 0" assertions="3 total, 0 failed, 3 succeeded"/><testcase time="-4942.6477817917175" classname="p2.S3.SomeLongLongLongLongLongTestName_182" name="Run 0" assertions="3 total, 0 failed, 3 succeeded"/><testcase time="-2347.1284347504725" classname="p2.S3.SomeLongLongLongLongLongTestName_183" name="Run 0" assertions="3 total, 0 failed, 3 succeeded"/><testcase time="-8341.543018858127" classname="p2.S3.SomeLongLongLongLongLongTestName_184" name="Run 0" assertions="3 total, 0 failed, 3 succeeded"/><testcase time="-7084.7842437474255" classname="p2.S3.SomeLongLongLongLongLongTestName_185" name="Run 0" assertions="3 total, 0 failed, 3 succeeded"/><testcase time="-4066.702821770564" classname="p2.S3.SomeLongLongLongLongLongTestName_186" name="Run 0" assertions="3 total, 0 failed, 3 succeeded"/><testcase time="-8941.213196369128" classname="p2.S3.SomeLongLongLongLongLongTestName_187" name="Run 0" assertions="3 total, 0 failed, 3 succeeded"/><testcase time="-9245.52709372618" classname="p2.S3.SomeLongLongLongLongLongTestName_188" name="Run 0" assertions="3 total, 0 failed, 3 succeeded"/><testcase time="-6907.650755777397" classname="p2.S3.SomeLongLongLongLongLongTestName_189" name="Run 0" assertions="3 total, 0 failed, 3 succeeded"/><testcase time="-7855.958421205572" classname="p2.S3.SomeLongLongLongLongLongTestName_190" name="Run 0" assertions="3 total, 0 failed, 3 succeeded"/><testcase time="-5022.910696061561" classname="p2.S3.SomeLongLongLongLongLongTestName_191" name="Run 0" assertions="3 total, 0 failed, 3 succeeded"/><testcase time="-9652.79808591935" classname="p2.S3.SomeLongLongLongLongLongTestName_192" name="Run 0" assertions="3 total, 0 failed, 3 succeeded"/><testcase time="-9739.425294760267" classname="p2.S3.SomeLongLongLongLongLongTestName_193" name="Run 0" assertions="3 total, 0 failed, 3 succeeded"/><testcase time="-714.1171040541768" classname="p2.S3.SomeLongLongLongLongLongTestName_194" name="Run 0" assertions="3 total, 0 failed, 3 succeeded"/><testcase time="-285.6515647987822" classname="p2.S3.SomeLongLongLongLongLongTestName_195" name="Run 0" assertions="3 total, 0 failed, 3 succeeded"/><testcase time="-6466.283558951202" classname="p2.S3.SomeLongLongLongLongLongTestName_196" name="Run 0" assertions="3 total, 0 failed, 3 succeeded"/><testcase time="-2747.865356509022" classname="p2.S3.SomeLongLongLongLongLongTestName_197" name="Run 0" assertions="3 total, 0 failed, 3 succeeded"/><testcase time="-6663.513409894649" classname="p2.S3.SomeLongLongLongLongLongTestName_198" name="Run 0" assertions="3 total, 0 failed, 3 succeeded"/><testcase time="-8012.290411389316" classname="p2.S3.SomeLongLongLongLongLongTestName_199" name="Run 0" assertions="3 total, 0 failed, 3 succeeded"/><testcase time="-3222.829632988849" classname="p2.S3.SomeLongLongLongLongLongTestName_200" name="Run 0" assertions="3 total, 0 failed, 3 succeeded"/><testcase time="-5624.920418851135" classname="p2.S3.SomeLongLongLongLongLongTestName_201" name="Run 0" assertions="3 total, 0 failed, 3 succeeded"/><testcase time="-6755.429774280898" classname="p2.S3.SomeLongLongLongLongLongTestName_202" name="Run 0" assertions="3 total, 0 failed, 3 succeeded"/><testcase time="-9074.201694705" classname="p2.S3.SomeLongLongLongLongLongTestName_203" name="Run 0" assertions="3 total, 0 failed, 3 succeeded"/><testcase time="-4784.037077328718" classname="p2.S3.SomeLongLongLongLongLongTestName_204" name="Run 0" assertions="3 total, 0 failed, 3 succeeded"/><testcase time="-7763.825903851188" classname="p2.S3.SomeLongLongLongLongLongTestName_205" name="Run 0" assertions="3 total, 0 failed, 3 succeeded"/><testcase time="-4116.612195042643" classname="p2.S3.SomeLongLongLongLongLongTestName_206" name="Run 0" assertions="3 total, 0 failed, 3 succeeded"/><testcase time="-8442.55344399588" classname="p2.S3.SomeLongLongLongLongLongTestName_207" name="Run 0" assertions="3 total, 0 failed, 3 succeeded"/><testcase time="-4632.688994253752" classname="p2.S3.SomeLongLongLongLongLongTestName_208" name="Run 0" assertions="3 total, 0 failed, 3 succeeded"/><testcase time="-4722.547859722039" classname="p2.S3.SomeLongLongLongLongLongTestName_209" name="Run 0" assertions="3 total, 0 failed, 3 succeeded"/><testcase time="-4637.953696738081" classname="p2.S3.SomeLongLongLongLongLongTestName_210" name="Run 0" assertions="3 total, 0 failed, 3 succeeded"/><testcase time="-6616.123493675994" classname="p2.S3.SomeLongLongLongLongLongTestName_211" name="Run 0" assertions="3 total, 0 failed, 3 succeeded"/><testcase time="-9695.27633791713" classname="p2.S3.SomeLongLongLongLongLongTestName_212" name="Run 0" assertions="3 total, 0 failed, 3 succeeded"/><testcase time="-2945.714725944216" classname="p2.S3.SomeLongLongLongLongLongTestName_213" name="Run 0" assertions="3 total, 0 failed, 3 succeeded"/><testcase time="-5208.34468397111" classname="p2.S3.SomeLongLongLongLongLongTestName_214" name="Run 0" assertions="3 total, 0 failed, 3 succeeded"/><testcase time="-9719.484194522887" classname="p2.S3.SomeLongLongLongLongLongTestName_215" name="Run 0" assertions="3 total, 0 failed, 3 succeeded"/><testcase time="-252.22976505805352" classname="p2.S3.SomeLongLongLongLongLongTestName_216" name="Run 0" assertions="3 total, 0 failed, 3 succeeded"/><testcase time="-2195.8175863153037" classname="p2.S3.SomeLongLongLongLongLongTestName_217" name="Run 0" assertions="3 total, 0 failed, 3 succeeded"/><testcase time="-3296.6780802937687" classname="p2.S3.SomeLongLongLongLongLongTestName_218" name="Run 0" assertions="3 total, 0 failed, 3 succeeded"/><testcase time="-5687.220681196197" classname="p2.S3.SomeLongLongLongLongLongTestName_219" name="Run 0" assertions="3 total, 0 failed, 3 succeeded"/><testcase time="-5366.16069148225" classname="p2.S3.SomeLongLongLongLongLongTestName_220" name="Run 0" assertions="3 total, 0 failed, 3 succeeded"/><testcase time="-185.49350042604232" classname="p2.S3.SomeLongLongLongLongLongTestName_221" name="Run 0" assertions="3 total, 0 failed, 3 succeeded"/><testcase time="-3301.1003316401366" classname="p2.S3.SomeLongLongLongLongLongTestName_222" name="Run 0" assertions="3 total, 0 failed, 3 succeeded"/><testcase time="-5919.951749266399" classname="p2.S3.SomeLongLongLongLongLongTestName_223" name="Run 0" assertions="3 total, 0 failed, 3 succeeded"/><testcase time="-5770.3035684401875" classname="p2.S3.SomeLongLongLongLongLongTestName_224" name="Run 0" assertions="3 total, 0 failed, 3 succeeded"/><testcase time="-4122.457604894116" classname="p2.S3.SomeLongLongLongLongLongTestName_225" name="Run 0" assertions="3 total, 0 failed, 3 succeeded"/><testcase time="-26.63527643015304" classname="p2.S3.SomeLongLongLongLongLongTestName_226" name="Run 0" assertions="3 total, 0 failed, 3 succeeded"/><testcase time="-3740.131130577114" classname="p2.S3.SomeLongLongLongLongLongTestName_227" name="Run 0" assertions="3 total, 0 failed, 3 succeeded"/><testcase time="-9949.772841190894" classname="p2.S3.SomeLongLongLongLongLongTestName_228" name="Run 0" assertions="3 total, 0 failed, 3 succeeded"/><testcase time="-1995.1303384329592" classname="p2.S3.SomeLongLongLongLongLongTestName_229" name="Run 0" assertions="3 total, 0 failed, 3 succeeded"/><testcase time="-7702.025157572715" classname="p2.S3.SomeLongLongLongLongLongTestName_230" name="Run 0" assertions="3 total, 0 failed, 3 succeeded"/><testcase time="-4419.262256192838" classname="p2.S3.SomeLongLongLongLongLongTestName_231" name="Run 0" assertions="3 total, 0 failed, 3 succeeded"/><testcase time="-1248.702967083446" classname="p2.S3.SomeLongLongLongLongLongTestName_232" name="Run 0" assertions="3 total, 0 failed, 3 succeeded"/><testcase time="-5416.27414972342" classname="p2.S3.SomeLongLongLongLongLongTestName_233" name="Run 0" assertions="3 total, 0 failed, 3 succeeded"/><testcase time="-4505.0774198253375" classname="p2.S3.SomeLongLongLongLongLongTestName_234" name="Run 0" assertions="3 total, 0 failed, 3 succeeded"/><testcase time="-6689.29064432266" classname="p2.S3.SomeLongLongLongLongLongTestName_235" name="Run 0" assertions="3 total, 0 failed, 3 succeeded"/><testcase time="-1751.025061868574" classname="p2.S3.SomeLongLongLongLongLongTestName_236" name="Run 0" assertions="3 total, 0 failed, 3 succeeded"/><testcase time="-1893.143269067965" classname="p2.S3.SomeLongLongLongLongLongTestName_237" name="Run 0" assertions="3 total, 0 failed, 3 succeeded"/><testcase time="-8966.939556400615" classname="p2.S3.SomeLongLongLongLongLongTestName_238" name="Run 0" assertions="3 total, 0 failed, 3 succeeded"/><testcase time="-1707.6509717274205" classname="p2.S3.SomeLongLongLongLongLongTestName_239" name="Run 0" assertions="3 total, 0 failed, 3 succeeded"/><testcase time="-8227.694239556733" classname="p2.S3.SomeLongLongLongLongLongTestName_240" name="Run 0" assertions="3 total, 0 failed, 3 succeeded"/><testcase time="-5475.546506295972" classname="p2.S3.SomeLongLongLongLongLongTestName_241" name="Run 0" assertions="3 total, 0 failed, 3 succeeded"/><testcase time="-1583.9442402626232" classname="p2.S3.SomeLongLongLongLongLongTestName_242" name="Run 0" assertions="3 total, 0 failed, 3 succeeded"/><testcase time="-3624.3511727517907" classname="p2.S3.SomeLongLongLongLongLongTestName_243" name="Run 0" assertions="3 total, 0 failed, 3 succeeded"/><testcase time="-2590.5986359635453" classname="p2.S3.SomeLongLongLongLongLongTestName_244" name="Run 0" assertions="3 total, 0 failed, 3 succeeded"/><testcase time="-2617.557919021795" classname="p2.S3.SomeLongLongLongLongLongTestName_245" name="Run 0" assertions="3 total, 0 failed, 3 succeeded"/><testcase time="-8059.331788507307" classname="p2.S3.SomeLongLongLongLongLongTestName_246" name="Run 0" assertions="3 total, 0 failed, 3 succeeded"/><testcase time="-8501.061679052866" classname="p2.S3.SomeLongLongLongLongLongTestName_247" name="Run 0" assertions="3 total, 0 failed, 3 succeeded"/><testcase time="-3884.7295048304004" classname="p2.S3.SomeLongLongLongLongLongTestName_248" name="Run 0" assertions="3 total, 0 failed, 3 succeeded"/><testcase time="-9523.703270612717" classname="p2.S3.SomeLongLongLongLongLongTestName_249" name="Run 0" assertions="3 total, 0 failed, 3 succeeded"/><testcase time="-8071.950446625681" classname="p2.S3.SomeLongLongLongLongLongTestName_250" name="Run 0" assertions="3 total, 0 failed, 3 succeeded"/><testcase time="-4330.82254603973" classname="p2.S3.SomeLongLongLongLongLongTestName_251" name="Run 0" assertions="3 total, 0 failed, 3 succeeded"/><testcase time="-3545.017183310682" classname="p2.S3.SomeLongLongLongLongLongTestName_252" name="Run 0" assertions="3 total, 0 failed, 3 succeeded"/><testcase time="-6372.145184053041" classname="p2.S3.SomeLongLongLongLongLongTestName_253" name="Run 0" assertions="3 total, 0 failed, 3 succeeded"/><testcase time="-9158.7845198472" classname="p2.S3.SomeLongLongLongLongLongTestName_254" name="Run 0" assertions="3 total, 0 failed, 3 succeeded"/><testcase time="-595.7585701332637" classname="p2.S3.SomeLongLongLongLongLongTestName_255" name="Run 0" assertions="3 total, 0 failed, 3 succeeded"/><testcase time="-6288.443407555127" classname="p2.S3.SomeLongLongLongLongLongTestName_256" name="Run 0" assertions="3 total, 0 failed, 3 succeeded"/><testcase time="-5695.9031125318415" classname="p2.S3.SomeLongLongLongLongLongTestName_257" name="Run 0" assertions="3 total, 0 failed, 3 succeeded"/><testcase time="3.9515588700942743" classname="p2.S3.SomeLongLongLongLongLongTestName_258" name="Run 0" assertions="3 total, 0 failed, 3 succeeded"/><testcase time="-7484.944671861747" classname="p2.S3.SomeLongLongLongLongLongTestName_259" name="Run 0" assertions="3 total, 0 failed, 3 succeeded"/><testcase time="-8007.844240768165" classname="p2.S3.SomeLongLongLongLongLongTestName_260" name="Run 0" assertions="3 total, 0 failed, 3 succeeded"/><testcase time="-1397.7458646638588" classname="p2.S3.SomeLongLongLongLongLongTestName_261" name="Run 0" assertions="3 total, 0 failed, 3 succeeded"/><testcase time="-5429.786466279624" classname="p2.S3.SomeLongLongLongLongLongTestName_262" name="Run 0" assertions="3 total, 0 failed, 3 succeeded"/><testcase time="-1649.7970614886947" classname="p2.S3.SomeLongLongLongLongLongTestName_263" name="Run 0" assertions="3 total, 0 failed, 3 succeeded"/><testcase time="-81.5712928148706" classname="p2.S3.SomeLongLongLongLongLongTestName_264" name="Run 0" assertions="3 total, 0 failed, 3 succeeded"/><testcase time="-725.3782035777048" classname="p2.S3.SomeLongLongLongLongLongTestName_265" name="Run 0" assertions="3 total, 0 failed, 3 succeeded"/><testcase time="-6764.7685862102935" classname="p2.S3.SomeLongLongLongLongLongTestName_266" name="Run 0" assertions="3 total, 0 failed, 3 succeeded"/><testcase time="-7975.100005274017" classname="p2.S3.SomeLongLongLongLongLongTestName_267" name="Run 0" assertions="3 total, 0 failed, 3 succeeded"/><testcase time="-8119.532924626932" classname="p2.S3.SomeLongLongLongLongLongTestName_268" name="Run 0" assertions="3 total, 0 failed, 3 succeeded"/><testcase time="-8689.078071805128" classname="p2.S3.SomeLongLongLongLongLongTestName_269" name="Run 0" assertions="3 total, 0 failed, 3 succeeded"/><testcase time="-4903.396071300635" classname="p2.S3.SomeLongLongLongLongLongTestName_270" name="Run 0" assertions="3 total, 0 failed, 3 succeeded"/><testcase time="-9581.05390013927" classname="p2.S3.SomeLongLongLongLongLongTestName_271" name="Run 0" assertions="3 total, 0 failed, 3 succeeded"/><testcase time="-1456.2879004399956" classname="p2.S3.SomeLongLongLongLongLongTestName_272" name="Run 0" assertions="3 total, 0 failed, 3 succeeded"/><testcase time="-3259.1978303834903" classname="p2.S3.SomeLongLongLongLongLongTestName_273" name="Run 0" assertions="3 total, 0 failed, 3 succeeded"/><testcase time="-5170.411381015427" classname="p2.S3.SomeLongLongLongLongLongTestName_274" name="Run 0" assertions="3 total, 0 failed, 3 succeeded"/><testcase time="-7972.409388383873" classname="p2.S3.SomeLongLongLongLongLongTestName_275" name="Run 0" assertions="3 total, 0 failed, 3 succeeded"/><testcase time="-8585.678048053289" classname="p2.S3.SomeLongLongLongLongLongTestName_276" name="Run 0" assertions="3 total, 0 failed, 3 succeeded"/><testcase time="-313.78814467258826" classname="p2.S3.SomeLongLongLongLongLongTestName_277" name="Run 0" assertions="3 total, 0 failed, 3 succeeded"/><testcase time="-6980.92678154662" classname="p2.S3.SomeLongLongLongLongLongTestName_278" name="Run 0" assertions="3 total, 0 failed, 3 succeeded"/><testcase time="-9120.046218581787" classname="p2.S3.SomeLongLongLongLongLongTestName_279" name="Run 0" assertions="3 total, 0 failed, 3 succeeded"/><testcase time="-5567.199446800105" classname="p2.S3.SomeLongLongLongLongLongTestName_280" name="Run 0" assertions="3 total, 0 failed, 3 succeeded"/><testcase time="-9558.840275949273" classname="p2.S3.SomeLongLongLongLongLongTestName_281" name="Run 0" assertions="3 total, 0 failed, 3 succeeded"/><testcase time="-6954.849257436496" classname="p2.S3.SomeLongLongLongLongLongTestName_282" name="Run 0" assertions="3 total, 0 failed, 3 succeeded"/><testcase time="-1824.0419818008677" classname="p2.S3.SomeLongLongLongLongLongTestName_283" name="Run 0" assertions="3 total, 0 failed, 3 succeeded"/><testcase time="-7291.363177100442" classname="p2.S3.SomeLongLongLongLongLongTestName_284" name="Run 0" assertions="3 total, 0 failed, 3 succeeded"/><testcase time="-8122.073762368758" classname="p2.S3.SomeLongLongLongLongLongTestName_285" name="Run 0" assertions="3 total, 0 failed, 3 succeeded"/><testcase time="0" classname="p2.S3.SomeLongLongLongLongLongTestName_286" name="Run 0" assertions="3 total, 0 failed, 3 succeeded"><skipped type="Skipped" message="This test was disabled."/></testcase><testcase time="0" classname="p2.S3.SomeLongLongLongLongLongTestName_287" name="Run 0" assertions="3 total, 0 failed, 3 succeeded"><skipped type="Skipped" message="This test was disabled."/></testcase><testcase time="0" classname="p2.S3.SomeLongLongLongLongLongTestName_288" name="Run 0" assertions="3 total, 0 failed, 3 succeeded"><skipped type="Skipped" message="This test was disabled."/></testcase><testcase time="0" classname="p2.S3.SomeLongLongLongLongLongTestName_289" name="Run 0" assertions="3 total, 0 failed, 3 succeeded"><skipped type="Skipped" message="This test was disabled."/></testcase><testcase time="0" classname="p2.S3.SomeLongLongLongLongLongTestName_290" name="Run 0" assertions="3 total, 0 failed, 3 succeeded"><skipped type="Skipped" message="This test was disabled."/></testcase><testcase time="0" classname="p2.S3.SomeLongLongLongLongLongTestName_291" name="Run 0" assertions="3 total, 0 failed, 3 succeeded"><skipped type="Skipped" message="This test was disabled."/></testcase><testcase time="0" classname="p2.S3.SomeLongLongLongLongLongTestName_292" name="Run 0" assertions="3 total, 0 failed, 3 succeeded"><skipped type="Skipped" message="This test was disabled."/></testcase><testcase time="0" classname="p2.S3.SomeLongLongLongLongLongTestName_293" name="Run 0" assertions="3 total, 0 failed, 3 succeeded"><skipped type="Skipped" message="This test was disabled."/></testcase><testcase time="0" classname="p2.S3.SomeLongLongLongLongLongTestName_294" name="Run 0" assertions="3 total, 0 failed, 3 succeeded"><skipped type="Skipped" message="This test was disabled."/></testcase><testcase time="0" classname="p2.S3.SomeLongLongLongLongLongTestName_295" name="Run 0" assertions="3 total, 0 failed, 3 succeeded"><skipped type="Skipped" message="This test was disabled."/></testcase><testcase time="0" classname="p2.S3.SomeLongLongLongLongLongTestName_296" name="Run 0" assertions="3 total, 0 failed, 3 succeeded"><skipped type="Skipped" message="This test was disabled."/></testcase><testcase time="0" classname="p2.S3.SomeLongLongLongLongLongTestName_297" name="Run 0" assertions="3 total, 0 failed, 3 succeeded"><skipped type="Skipped" message="This test was disabled."/></testcase><testcase time="0" classname="p2.S3.SomeLongLongLongLongLongTestName_298" name="Run 0" assertions="3 total, 0 failed, 3 succeeded"><skipped type="Skipped" message="This test was disabled."/></testcase><testcase time="0" classname="p2.S3.SomeLongLongLongLongLongTestName_299" name="Run 0" assertions="3 total, 0 failed, 3 succeeded"><skipped type="Skipped" message="This test was disabled."/></testcase><testcase time="0" classname="p2.S3.SomeLongLongLongLongLongTestName_300" name="Run 0" assertions="3 total, 0 failed, 3 succeeded"><skipped type="Skipped" message="This test was disabled."/></testcase><testcase time="0" classname="p2.S3.SomeLongLongLongLongLongTestName_301" name="Run 0" assertions="3 total, 0 failed, 3 succeeded"><skipped type="Skipped" message="This test was disabled."/></testcase><testcase time="0" classname="p2.S3.SomeLongLongLongLongLongTestName_302" name="Run 0" assertions="3 total, 0 failed, 3 succeeded"><skipped type="Skipped" message="This test was disabled."/></testcase><testcase time="0" classname="p2.S3.SomeLongLongLongLongLongTestName_303" name="Run 0" assertions="3 total, 0 failed, 3 succeeded"><skipped type="Skipped" message="This test was disabled."/></testcase><testcase time="0" classname="p2.S3.SomeLongLongLongLongLongTestName_304" name="Run 0" assertions="3 total, 0 failed, 3 succeeded"><skipped type="Skipped" message="This test was disabled."/></testcase><testcase time="0" classname="p2.S3.SomeLongLongLongLongLongTestName_305" name="Run 0" assertions="3 total, 0 failed, 3 succeeded"><skipped type="Skipped" message="This test was disabled."/></testcase><testcase time="0" classname="p2.S3.SomeLongLongLongLongLongTestName_306" name="Run 0" assertions="3 total, 0 failed, 3 succeeded"><skipped type="Skipped" message="This test was disabled."/></testcase><testcase time="0" classname="p2.S3.SomeLongLongLongLongLongTestName_307" name="Run 0" assertions="3 total, 0 failed, 3 succeeded"><skipped type="Skipped" message="This test was disabled."/></testcase><testcase time="0" classname="p2.S3.SomeLongLongLongLongLongTestName_308" name="Run 0" assertions="3 total, 0 failed, 3 succeeded"><skipped type="Skipped" message="This test was disabled."/></testcase><testcase time="0" classname="p2.S3.SomeLongLongLongLongLongTestName_309" name="Run 0" assertions="3 total, 0 failed, 3 succeeded"><skipped type="Skipped" message="This test was disabled."/></testcase><testcase time="0" classname="p2.S3.SomeLongLongLongLongLongTestName_310" name="Run 0" assertions="3 total, 0 failed, 3 succeeded"><skipped type="Skipped" message="This test was disabled."/></testcase><testcase time="0" classname="p2.S3.SomeLongLongLongLongLongTestName_311" name="Run 0" assertions="3 total, 0 failed, 3 succeeded"><skipped type="Skipped" message="This test was disabled."/></testcase><testcase time="0" classname="p2.S3.SomeLongLongLongLongLongTestName_312" name="Run 0" assertions="3 total, 0 failed, 3 succeeded"><skipped type="Skipped" message="This test was disabled."/></testcase><testcase time="0" classname="p2.S3.SomeLongLongLongLongLongTestName_313" name="Run 0" assertions="3 total, 0 failed, 3 succeeded"><skipped type="Skipped" message="This test was disabled."/></testcase><testcase time="0" classname="p2.S3.SomeLongLongLongLongLongTestName_314" name="Run 0" assertions="3 total, 0 failed, 3 succeeded"><skipped type="Skipped" message="This test was disabled."/></testcase><testcase time="0" classname="p2.S3.SomeLongLongLongLongLongTestName_315" name="Run 0" assertions="3 total, 0 failed, 3 succeeded"><skipped type="Skipped" message="This test was disabled."/></testcase><testcase time="0" classname="p2.S3.SomeLongLongLongLongLongTestName_316" name="Run 0" assertions="3 total, 0 failed, 3 succeeded"><skipped type="Skipped" message="This test was disabled."/></testcase><testcase time="0" classname="p2.S3.SomeLongLongLongLongLongTestName_317" name="Run 0" assertions="3 total, 0 failed, 3 succeeded"><skipped type="Skipped" message="This test was disabled."/></testcase><testcase time="0" classname="p2.S3.SomeLongLongLongLongLongTestName_318" name="Run 0" assertions="3 total, 0 failed, 3 succeeded"><skipped type="Skipped" message="This test was disabled."/></testcase><testcase time="0" classname="p2.S3.SomeLongLongLongLongLongTestName_319" name="Run 0" assertions="3 total, 0 failed, 3 succeeded"><skipped type="Skipped" message="This test was disabled."/></testcase><testcase time="0" classname="p2.S3.SomeLongLongLongLongLongTestName_320" name="Run 0" assertions="3 total, 0 failed, 3 succeeded"><skipped type="Skipped" message="This test was disabled."/></testcase><testcase time="0" classname="p2.S3.SomeLongLongLongLongLongTestName_321" name="Run 0" assertions="3 total, 0 failed, 3 succeeded"><skipped type="Skipped" message="This test was disabled."/></testcase><testcase time="0" classname="p2.S3.SomeLongLongLongLongLongTestName_322" name="Run 0" assertions="3 total, 0 failed, 3 succeeded"><skipped type="Skipped" message="This test was disabled."/></testcase><testcase time="0" classname="p2.S3.SomeLongLongLongLongLongTestName_323" name="Run 0" assertions="3 total, 0 failed, 3 succeeded"><skipped type="Skipped" message="This test was disabled."/></testcase><testcase time="0" classname="p2.S3.SomeLongLongLongLongLongTestName_324" name="Run 0" assertions="3 total, 0 failed, 3 succeeded"><skipped type="Skipped" message="This test was disabled."/></testcase><testcase time="0" classname="p2.S3.SomeLongLongLongLongLongTestName_325" name="Run 0" assertions="3 total, 0 failed, 3 succeeded"><skipped type="Skipped" message="This test was disabled."/></testcase><testcase time="0" classname="p2.S3.SomeLongLongLongLongLongTestName_326" name="Run 0" assertions="3 total, 0 failed, 3 succeeded"><skipped type="Skipped" message="This test was disabled."/></testcase><testcase time="0" classname="p2.S3.SomeLongLongLongLongLongTestName_327" name="Run 0" assertions="3 total, 0 failed, 3 succeeded"><skipped type="Skipped" message="This test was disabled."/></testcase><testcase time="0" classname="p2.S3.SomeLongLongLongLongLongTestName_328" name="Run 0" assertions="3 total, 0 failed, 3 succeeded"><skipped type="Skipped" message="This test was disabled."/></testcase><testcase time="0" classname="p2.S3.SomeLongLongLongLongLongTestName_329" name="Run 0" assertions="3 total, 0 failed, 3 succeeded"><skipped type="Skipped" message="This test was disabled."/></testcase><testcase time="0" classname="p2.S3.SomeLongLongLongLongLongTestName_330" name="Run 0" assertions="3 total, 0 failed, 3 succeeded"><skipped type="Skipped" message="This test was disabled."/></testcase><testcase time="0" classname="p2.S3.SomeLongLongLongLongLongTestName_331" name="Run 0" assertions="3 total, 0 failed, 3 succeeded"><skipped type="Skipped" message="This test was disabled."/></testcase><testcase time="0" classname="p2.S3.SomeLongLongLongLongLongTestName_332" name="Run 0" assertions="3 total, 0 failed, 3 succeeded"><skipped type="Skipped" message="This test was disabled."/></testcase><testcase time="0" classname="p2.S3.SomeLongLongLongLongLongTestName_333" name="Run 0" assertions="3 total, 0 failed, 3 succeeded"><skipped type="Skipped" message="This test was disabled."/></testcase><testcase time="0" classname="p2.S3.SomeLongLongLongLongLongTestName_334" name="Run 0" assertions="3 total, 0 failed, 3 succeeded"><skipped type="Skipped" message="This test was disabled."/></testcase><testcase time="0" classname="p2.S3.SomeLongLongLongLongLongTestName_335" name="Run 0" assertions="3 total, 0 failed, 3 succeeded"><skipped type="Skipped" message="This test was disabled."/></testcase><testcase time="0" classname="p2.S3.SomeLongLongLongLongLongTestName_336" name="Run 0" assertions="3 total, 0 failed, 3 succeeded"><skipped type="Skipped" message="This test was disabled."/></testcase><testcase time="0" classname="p2.S3.SomeLongLongLongLongLongTestName_337" name="Run 0" assertions="3 total, 0 failed, 3 succeeded"><skipped type="Skipped" message="This test was disabled."/></testcase><testcase time="0" classname="p2.S3.SomeLongLongLongLongLongTestName_338" name="Run 0" assertions="3 total, 0 failed, 3 succeeded"><skipped type="Skipped" message="This test was disabled."/></testcase><testcase time="0" classname="p2.S3.SomeLongLongLongLongLongTestName_339" name="Run 0" assertions="3 total, 0 failed, 3 succeeded"><skipped type="Skipped" message="This test was disabled."/></testcase><testcase time="0" classname="p2.S3.SomeLongLongLongLongLongTestName_340" name="Run 0" assertions="3 total, 0 failed, 3 succeeded"><skipped type="Skipped" message="This test was disabled."/></testcase><testcase time="0" classname="p2.S3.SomeLongLongLongLongLongTestName_341" name="Run 0" assertions="3 total, 0 failed, 3 succeeded"><skipped type="Skipped" message="This test was disabled."/></testcase><testcase time="0" classname="p2.S3.SomeLongLongLongLongLongTestName_342" name="Run 0" assertions="3 total, 0 failed, 3 succeeded"><skipped type="Skipped" message="This test was disabled."/></testcase><testcase time="0" classname="p2.S3.SomeLongLongLongLongLongTestName_343" name="Run 0" assertions="3 total, 0 failed, 3 succeeded"><skipped type="Skipped" message="This test was disabled."/></testcase><testcase time="0" classname="p2.S3.SomeLongLongLongLongLongTestName_344" name="Run 0" assertions="3 total, 0 failed, 3 succeeded"><skipped type="Skipped" message="This test was disabled."/></testcase><testcase time="0" classname="p2.S3.SomeLongLongLongLongLongTestName_345" name="Run 0" assertions="3 total, 0 failed, 3 succeeded"><skipped type="Skipped" message="This test was disabled."/></testcase><testcase time="0" classname="p2.S3.SomeLongLongLongLongLongTestName_346" name="Run 0" assertions="3 total, 0 failed, 3 succeeded"><skipped type="Skipped" message="This test was disabled."/></testcase><testcase time="0" classname="p2.S3.SomeLongLongLongLongLongTestName_347" name="Run 0" assertions="3 total, 0 failed, 3 succeeded"><skipped type="Skipped" message="This test was disabled."/></testcase><testcase time="0" classname="p2.S3.SomeLongLongLongLongLongTestName_348" name="Run 0" assertions="3 total, 0 failed, 3 succeeded"><skipped type="Skipped" message="This test was disabled."/></testcase><testcase time="0" classname="p2.S3.SomeLongLongLongLongLongTestName_349" name="Run 0" assertions="3 total, 0 failed, 3 succeeded"><skipped type="Skipped" message="This test was disabled."/></testcase><testcase time="0" classname="p2.S3.SomeLongLongLongLongLongTestName_350" name="Run 0" assertions="3 total, 0 failed, 3 succeeded"><skipped type="Skipped" message="This test was disabled."/></testcase><testcase time="0" classname="p2.S3.SomeLongLongLongLongLongTestName_351" name="Run 0" assertions="3 total, 0 failed, 3 succeeded"><skipped type="Skipped" message="This test was disabled."/></testcase><testcase time="0" classname="p2.S3.SomeLongLongLongLongLongTestName_352" name="Run 0" assertions="3 total, 0 failed, 3 succeeded"><skipped type="Skipped" message="This test was disabled."/></testcase><testcase time="0" classname="p2.S3.SomeLongLongLongLongLongTestName_353" name="Run 0" assertions="3 total, 0 failed, 3 succeeded"><skipped type="Skipped" message="This test was disabled."/></testcase><testcase time="0" classname="p2.S3.SomeLongLongLongLongLongTestName_354" name="Run 0" assertions="3 total, 0 failed, 3 succeeded"><skipped type="Skipped" message="This test was disabled."/></testcase><testcase time="0" classname="p2.S3.SomeLongLongLongLongLongTestName_355" name="Run 0" assertions="3 total, 0 failed, 3 succeeded"><skipped type="Skipped" message="This test was disabled."/></testcase><testcase time="0" classname="p2.S3.SomeLongLongLongLongLongTestName_356" name="Run 0" assertions="3 total, 0 failed, 3 succeeded"><skipped type="Skipped" message="This test was disabled."/></testcase><testcase time="0" classname="p2.S3.SomeLongLongLongLongLongTestName_357" name="Run 0" assertions="3 total, 0 failed, 3 succeeded"><skipped type="Skipped" message="This test was disabled."/></testcase><testcase time="0" classname="p2.S3.SomeLongLongLongLongLongTestName_358" name="Run 0" assertions="3 total, 0 failed, 3 succeeded"><skipped type="Skipped" message="This test was disabled."/></testcase><testcase time="0" classname="p2.S3.SomeLongLongLongLongLongTestName_359" name="Run 0" assertions="3 total, 0 failed, 3 succeeded"><skipped type="Skipped" message="This test was disabled."/></testcase><testcase time="0" classname="p2.S3.SomeLongLongLongLongLongTestName_360" name="Run 0" assertions="3 total, 0 failed, 3 succeeded"><skipped type="Skipped" message="This test was disabled."/></testcase><testcase time="0" classname="p2.S3.SomeLongLongLongLongLongTestName_361" name="Run 0" assertions="3 total, 0 failed, 3 succeeded"><skipped type="Skipped" message="This test was disabled."/></testcase><testcase time="0" classname="p2.S3.SomeLongLongLongLongLongTestName_362" name="Run 0" assertions="3 total, 0 failed, 3 succeeded"><skipped type="Skipped" message="This test was disabled."/></testcase><testcase time="0" classname="p2.S3.SomeLongLongLongLongLongTestName_363" name="Run 0" assertions="3 total, 0 failed, 3 succeeded"><skipped type="Skipped" message="This test was disabled."/></testcase><testcase time="0" classname="p2.S3.SomeLongLongLongLongLongTestName_364" name="Run 0" assertions="3 total, 0 failed, 3 succeeded"><skipped type="Skipped" message="This test was disabled."/></testcase><testcase time="0" classname="p2.S3.SomeLongLongLongLongLongTestName_365" name="Run 0" assertions="3 total, 0 failed, 3 succeeded"><skipped type="Skipped" message="This test was disabled."/></testcase><testcase time="0" classname="p2.S3.SomeLongLongLongLongLongTestName_366" name="Run 0" assertions="3 total, 0 failed, 3 succeeded"><skipped type="Skipped" message="This test was disabled."/></testcase><testcase time="0" classname="p2.S3.SomeLongLongLongLongLongTestName_367" name="Run 0" assertions="3 total, 0 failed, 3 succeeded"><skipped type="Skipped" message="This test was disabled."/></testcase><testcase time="0" classname="p2.S3.SomeLongLongLongLongLongTestName_368" name="Run 0" assertions="3 total, 0 failed, 3 succeeded"><skipped type="Skipped" message="This test was disabled."/></testcase><testcase time="0" classname="p2.S3.SomeLongLongLongLongLongTestName_369" name="Run 0" assertions="3 total, 0 failed, 3 succeeded"><skipped type="Skipped" message="This test was disabled."/></testcase><testcase time="0" classname="p2.S3.SomeLongLongLongLongLongTestName_370" name="Run 0" assertions="3 total, 0 failed, 3 succeeded"><skipped type="Skipped" message="This test was disabled."/></testcase><testcase time="0" classname="p2.S3.SomeLongLongLongLongLongTestName_371" name="Run 0" assertions="3 total, 0 failed, 3 succeeded"><skipped type="Skipped" message="This test was disabled."/></testcase><testcase time="0" classname="p2.S3.SomeLongLongLongLongLongTestName_372" name="Run 0" assertions="3 total, 0 failed, 3 succeeded"><skipped type="Skipped" message="This test was disabled."/></testcase><testcase time="0" classname="p2.S3.SomeLongLongLongLongLongTestName_373" name="Run 0" assertions="3 total, 0 failed, 3 succeeded"><skipped type="Skipped" message="This test was disabled."/></testcase><testcase time="0" classname="p2.S3.SomeLongLongLongLongLongTestName_374" name="Run 0" assertions="3 total, 0 failed, 3 succeeded"><skipped type="Skipped" message="This test was disabled."/></testcase><testcase time="0" classname="p2.S3.SomeLongLongLongLongLongTestName_375" name="Run 0" assertions="3 total, 0 failed, 3 succeeded"><skipped type="Skipped" message="This test was disabled."/></testcase><testcase time="0" classname="p2.S3.SomeLongLongLongLongLongTestName_376" name="Run 0" assertions="3 total, 0 failed, 3 succeeded"><skipped type="Skipped" message="This test was disabled."/></testcase><testcase time="0" classname="p2.S3.SomeLongLongLongLongLongTestName_377" name="Run 0" assertions="3 total, 0 failed, 3 succeeded"><skipped type="Skipped" message="This test was disabled."/></testcase><testcase time="0" classname="p2.S3.SomeLongLongLongLongLongTestName_378" name="Run 0" assertions="3 total, 0 failed, 3 succeeded"><skipped type="Skipped" message="This test was disabled."/></testcase><testcase time="0" classname="p2.S3.SomeLongLongLongLongLongTestName_379" name="Run 0" assertions="3 total, 0 failed, 3 succeeded"><skipped type="Skipped" message="This test was disabled."/></testcase><testcase time="0" classname="p2.S3.SomeLongLongLongLongLongTestName_380" name="Run 0" assertions="3 total, 0 failed, 3 succeeded"><skipped type="Skipped" message="This test was disabled."/></testcase><testcase time="0" classname="p2.S3.SomeLongLongLongLongLongTestName_381" name="Run 0" assertions="3 total, 0 failed, 3 succeeded"><skipped type="Skipped" message="This test was disabled."/></testcase><testcase time="0" classname="p2.S3.SomeLongLongLongLongLongTestName_382" name="Run 0" assertions="3 total, 0 failed, 3 succeeded"><skipped type="Skipped" message="This test was disabled."/></testcase><testcase time="0" classname="p2.S3.SomeLongLongLongLongLongTestName_383" name="Run 0" assertions="3 total, 0 failed, 3 succeeded"><skipped type="Skipped" message="This test was disabled."/></testcase><testcase time="0" classname="p2.S3.SomeLongLongLongLongLongTestName_384" name="Run 0" assertions="3 total, 0 failed, 3 succeeded"><skipped type="Skipped" message="This test was disabled."/></testcase><testcase time="0" classname="p2.S3.SomeLongLongLongLongLongTestName_385" name="Run 0" assertions="3 total, 0 failed, 3 succeeded"><skipped type="Skipped" message="This test was disabled."/></testcase><testcase time="0" classname="p2.S3.SomeLongLongLongLongLongTestName_386" name="Run 0" assertions="3 total, 0 failed, 3 succeeded"><skipped type="Skipped" message="This test was disabled."/></testcase><testcase time="0" classname="p2.S3.SomeLongLongLongLongLongTestName_387" name="Run 0" assertions="3 total, 0 failed, 3 succeeded"><skipped type="Skipped" message="This test was disabled."/></testcase><testcase time="0" classname="p2.S3.SomeLongLongLongLongLongTestName_388" name="Run 0" assertions="3 total, 0 failed, 3 succeeded"><skipped type="Skipped" message="This test was disabled."/></testcase><testcase time="0" classname="p2.S3.SomeLongLongLongLongLongTestName_389" name="Run 0" assertions="3 total, 0 failed, 3 succeeded"><skipped type="Skipped" message="This test was disabled."/></testcase><testcase time="0" classname="p2.S3.SomeLongLongLongLongLongTestName_390" name="Run 0" assertions="3 total, 0 failed, 3 succeeded"><skipped type="Skipped" message="This test was disabled."/></testcase><testcase time="0" classname="p2.S3.SomeLongLongLongLongLongTestName_391" name="Run 0" assertions="3 total, 0 failed, 3 succeeded"><skipped type="Skipped" message="This test was disabled."/></testcase><testcase time="0" classname="p2.S3.SomeLongLongLongLongLongTestName_392" name="Run 0" assertions="3 total, 0 failed, 3 succeeded"><skipped type="Skipped" message="This test was disabled."/></testcase><testcase time="0" classname="p2.S3.SomeLongLongLongLongLongTestName_393" name="Run 0" assertions="3 total, 0 failed, 3 succeeded"><skipped type="Skipped" message="This test was disabled."/></testcase><testcase time="0" classname="p2.S3.SomeLongLongLongLongLongTestName_394" name="Run 0" assertions="3 total, 0 failed, 3 succeeded"><skipped type="Skipped" message="This test was disabled."/></testcase><testcase time="0" classname="p2.S3.SomeLongLongLongLongLongTestName_395" name="Run 0" assertions="3 total, 0 failed, 3 succeeded"><skipped type="Skipped" message="This test was disabled."/></testcase><testcase time="0" classname="p2.S3.SomeLongLongLongLongLongTestName_396" name="Run 0" assertions="3 total, 0 failed, 3 succeeded"><skipped type="Skipped" message="This test was disabled."/></testcase><testcase time="0" classname="p2.S3.SomeLongLongLongLongLongTestName_397" name="Run 0" assertions="3 total, 0 failed, 3 succeeded"><skipped type="Skipped" message="This test was disabled."/></testcase><testcase time="0" classname="p2.S3.SomeLongLongLongLongLongTestName_398" name="Run 0" assertions="3 total, 0 failed, 3 succeeded"><skipped type="Skipped" message="This test was disabled."/></testcase><testcase time="0" classname="p2.S3.SomeLongLongLongLongLongTestName_399" name="Run 0" assertions="3 total, 0 failed, 3 succeeded"><skipped type="Skipped" message="This test was disabled."/></testcase><testcase time="0" classname="p2.S3.SomeLongLongLongLongLongTestName_400" name="Run 0" assertions="3 total, 0 failed, 3 succeeded"><skipped type="Skipped" message="This test was disabled."/></testcase><testcase time="0" classname="p2.S3.SomeLongLongLongLongLongTestName_401" name="Run 0" assertions="3 total, 0 failed, 3 succeeded"><skipped type="Skipped" message="This test was disabled."/></testcase><testcase time="0" classname="p2.S3.SomeLongLongLongLongLongTestName_402" name="Run 0" assertions="3 total, 0 failed, 3 succeeded"><skipped type="Skipped" message="This test was disabled."/></testcase><testcase time="0" classname="p2.S3.SomeLongLongLongLongLongTestName_403" name="Run 0" assertions="3 total, 0 failed, 3 succeeded"><skipped type="Skipped" message="This test was disabled."/></testcase><testcase time="0" classname="p2.S3.SomeLongLongLongLongLongTestName_404" name="Run 0" assertions="3 total, 0 failed, 3 succeeded"><skipped type="Skipped" message="This test was disabled."/></testcase><testcase time="0" classname="p2.S3.SomeLongLongLongLongLongTestName_405" name="Run 0" assertions="3 total, 0 failed, 3 succeeded"><skipped type="Skipped" message="This test was disabled."/></testcase><testcase time="0" classname="p2.S3.SomeLongLongLongLongLongTestName_406" name="Run 0" assertions="3 total, 0 failed, 3 succeeded"><skipped type="Skipped" message="This test was disabled."/></testcase><testcase time="0" classname="p2.S3.SomeLongLongLongLongLongTestName_407" name="Run 0" assertions="3 total, 0 failed, 3 succeeded"><skipped type="Skipped" message="This test was disabled."/></testcase><testcase time="0" classname="p2.S3.SomeLongLongLongLongLongTestName_408" name="Run 0" assertions="3 total, 0 failed, 3 succeeded"><skipped type="Skipped" message="This test was disabled."/></testcase><testcase time="0" classname="p2.S3.SomeLongLongLongLongLongTestName_409" name="Run 0" assertions="3 total, 0 failed, 3 succeeded"><skipped type="Skipped" message="This test was disabled."/></testcase><testcase time="0" classname="p2.S3.SomeLongLongLongLongLongTestName_410" name="Run 0" assertions="3 total, 0 failed, 3 succeeded"><skipped type="Skipped" message="This test was disabled."/></testcase><testcase time="0" classname="p2.S3.SomeLongLongLongLongLongTestName_411" name="Run 0" assertions="3 total, 0 failed, 3 succeeded"><skipped type="Skipped" message="This test was disabled."/></testcase><testcase time="0" classname="p2.S3.SomeLongLongLongLongLongTestName_412" name="Run 0" assertions="3 total, 0 failed, 3 succeeded"><skipped type="Skipped" message="This test was disabled."/></testcase><testcase time="0" classname="p2.S3.SomeLongLongLongLongLongTestName_413" name="Run 0" assertions="3 total, 0 failed, 3 succeeded"><skipped type="Skipped" message="This test was disabled."/></testcase><testcase time="0" classname="p2.S3.SomeLongLongLongLongLongTestName_414" name="Run 0" assertions="3 total, 0 failed, 3 succeeded"><skipped type="Skipped" message="This test was disabled."/></testcase><testcase time="0" classname="p2.S3.SomeLongLongLongLongLongTestName_415" name="Run 0" assertions="3 total, 0 failed, 3 succeeded"><skipped type="Skipped" message="This test was disabled."/></testcase><testcase time="0" classname="p2.S3.SomeLongLongLongLongLongTestName_416" name="Run 0" assertions="3 total, 0 failed, 3 succeeded"><skipped type="Skipped" message="This test was disabled."/></testcase><testcase time="0" classname="p2.S3.SomeLongLongLongLongLongTestName_417" name="Run 0" assertions="3 total, 0 failed, 3 succeeded"><skipped type="Skipped" message="This test was disabled."/></testcase><testcase time="0" classname="p2.S3.SomeLongLongLongLongLongTestName_418" name="Run 0" assertions="3 total, 0 failed, 3 succeeded"><skipped type="Skipped" message="This test was disabled."/></testcase><testcase time="0" classname="p2.S3.SomeLongLongLongLongLongTestName_419" name="Run 0" assertions="3 total, 0 failed, 3 succeeded"><skipped type="Skipped" message="This test was disabled."/></testcase><testcase time="0" classname="p2.S3.SomeLongLongLongLongLongTestName_420" name="Run 0" assertions="3 total, 0 failed, 3 succeeded"><skipped type="Skipped" message="This test was disabled."/></testcase><testcase time="-8135.879148740004" classname="p2.S4.SomeLongLongLongLongLongTestName_0" name="Run 0" assertions="3 total, 0 failed, 3 succeeded">
                          <properties>
                          <property name="prop1" value="value1" />
                          <property name="multiline">
                              Config line 1
                              Config line 2
                              Config line 3
                          </property>
                        </properties>
                        <failure message="failure message 0" type="Failure"/><system-out>This is stdout
[[ATTACHMENT|attachment.txt]]
</system-out><system-err>This is stderr
[[ATTACHMENT|attachment.txt]]
</system-err></testcase><testcase time="-3037.340295815936" classname="p2.S4.SomeLongLongLongLongLongTestName_1" name="Run 0" assertions="3 total, 0 failed, 3 succeeded"/><testcase time="-7473.942905598482" classname="p2.S4.SomeLongLongLongLongLongTestName_2" name="Run 0" assertions="3 total, 0 failed, 3 succeeded"/><testcase time="-151.53834763247067" classname="p2.S4.SomeLongLongLongLongLongTestName_3" name="Run 0" assertions="3 total, 0 failed, 3 succeeded"/><testcase time="-4986.374694122018" classname="p2.S4.SomeLongLongLongLongLongTestName_4" name="Run 0" assertions="3 total, 0 failed, 3 succeeded"/><testcase time="-1469.6509920507597" classname="p2.S4.SomeLongLongLongLongLongTestName_5" name="Run 0" assertions="3 total, 0 failed, 3 succeeded"/><testcase time="-2545.73869411735" classname="p2.S4.SomeLongLongLongLongLongTestName_6" name="Run 0" assertions="3 total, 0 failed, 3 succeeded"/><testcase time="-651.7481519145947" classname="p2.S4.SomeLongLongLongLongLongTestName_7" name="Run 0" assertions="3 total, 0 failed, 3 succeeded"/><testcase time="-1101.9163952278113" classname="p2.S4.SomeLongLongLongLongLongTestName_8" name="Run 0" assertions="3 total, 0 failed, 3 succeeded"/><testcase time="-5127.577440355456" classname="p2.S4.SomeLongLongLongLongLongTestName_9" name="Run 0" assertions="3 total, 0 failed, 3 succeeded"/><testcase time="-859.605158815191" classname="p2.S4.SomeLongLongLongLongLongTestName_10" name="Run 0" assertions="3 total, 0 failed, 3 succeeded"/><testcase time="-2510.5775181775357" classname="p2.S4.SomeLongLongLongLongLongTestName_11" name="Run 0" assertions="3 total, 0 failed, 3 succeeded"/><testcase time="-7432.055338980547" classname="p2.S4.SomeLongLongLongLongLongTestName_12" name="Run 0" assertions="3 total, 0 failed, 3 succeeded"/><testcase time="-258.73165381458057" classname="p2.S4.SomeLongLongLongLongLongTestName_13" name="Run 0" assertions="3 total, 0 failed, 3 succeeded"/><testcase time="-360.2216310655278" classname="p2.S4.SomeLongLongLongLongLongTestName_14" name="Run 0" assertions="3 total, 0 failed, 3 succeeded"/><testcase time="-125.42592388366558" classname="p2.S4.SomeLongLongLongLongLongTestName_15" name="Run 0" assertions="3 total, 0 failed, 3 succeeded"/><testcase time="-7146.1334839835" classname="p2.S4.SomeLongLongLongLongLongTestName_16" name="Run 0" assertions="3 total, 0 failed, 3 succeeded"/><testcase time="-2065.600612044835" classname="p2.S4.SomeLongLongLongLongLongTestName_17" name="Run 0" assertions="3 total, 0 failed, 3 succeeded"/><testcase time="-2101.98828852833" classname="p2.S4.SomeLongLongLongLongLongTestName_18" name="Run 0" assertions="3 total, 0 failed, 3 succeeded"/><testcase time="-1414.9987275271287" classname="p2.S4.SomeLongLongLongLongLongTestName_19" name="Run 0" assertions="3 total, 0 failed, 3 succeeded"/><testcase time="-9818.671325314815" classname="p2.S4.SomeLongLongLongLongLongTestName_20" name="Run 0" assertions="3 total, 0 failed, 3 succeeded"/><testcase time="-3008.7793666727425" classname="p2.S4.SomeLongLongLongLongLongTestName_21" name="Run 0" assertions="3 total, 0 failed, 3 succeeded"/><testcase time="-3700.7673770242122" classname="p2.S4.SomeLongLongLongLongLongTestName_22" name="Run 0" assertions="3 total, 0 failed, 3 succeeded"/><testcase time="-3724.137157720656" classname="p2.S4.SomeLongLongLongLongLongTestName_23" name="Run 0" assertions="3 total, 0 failed, 3 succeeded"/><testcase time="-4428.1816483266375" classname="p2.S4.SomeLongLongLongLongLongTestName_24" name="Run 0" assertions="3 total, 0 failed, 3 succeeded"/><testcase time="-4056.9176287255996" classname="p2.S4.SomeLongLongLongLongLongTestName_25" name="Run 0" assertions="3 total, 0 failed, 3 succeeded"/><testcase time="-4280.783092915376" classname="p2.S4.SomeLongLongLongLongLongTestName_26" name="Run 0" assertions="3 total, 0 failed, 3 succeeded"/><testcase time="-7143.471651758519" classname="p2.S4.SomeLongLongLongLongLongTestName_27" name="Run 0" assertions="3 total, 0 failed, 3 succeeded"/><testcase time="-5581.13661383376" classname="p2.S4.SomeLongLongLongLongLongTestName_28" name="Run 0" assertions="3 total, 0 failed, 3 succeeded"/><testcase time="-7136.2879617724675" classname="p2.S4.SomeLongLongLongLongLongTestName_29" name="Run 0" assertions="3 total, 0 failed, 3 succeeded"/><testcase time="-6127.202651596587" classname="p2.S4.SomeLongLongLongLongLongTestName_30" name="Run 0" assertions="3 total, 0 failed, 3 succeeded"/><testcase time="-9835.935594564658" classname="p2.S4.SomeLongLongLongLongLongTestName_31" name="Run 0" assertions="3 total, 0 failed, 3 succeeded"/><testcase time="-311.82120987563485" classname="p2.S4.SomeLongLongLongLongLongTestName_32" name="Run 0" assertions="3 total, 0 failed, 3 succeeded"/><testcase time="-1953.721612595964" classname="p2.S4.SomeLongLongLongLongLongTestName_33" name="Run 0" assertions="3 total, 0 failed, 3 succeeded"/><testcase time="-3483.4137989571145" classname="p2.S4.SomeLongLongLongLongLongTestName_34" name="Run 0" assertions="3 total, 0 failed, 3 succeeded"/><testcase time="-6097.95064820362" classname="p2.S4.SomeLongLongLongLongLongTestName_35" name="Run 0" assertions="3 total, 0 failed, 3 succeeded"/><testcase time="-5911.273490652219" classname="p2.S4.SomeLongLongLongLongLongTestName_36" name="Run 0" assertions="3 total, 0 failed, 3 succeeded"/><testcase time="-9767.222260346078" classname="p2.S4.SomeLongLongLongLongLongTestName_37" name="Run 0" assertions="3 total, 0 failed, 3 succeeded"/><testcase time="-1053.9092133323486" classname="p2.S4.SomeLongLongLongLongLongTestName_38" name="Run 0" assertions="3 total, 0 failed, 3 succeeded"/><testcase time="-9726.412554661114" classname="p2.S4.SomeLongLongLongLongLongTestName_39" name="Run 0" assertions="3 total, 0 failed, 3 succeeded"/><testcase time="-9146.290851566031" classname="p2.S4.SomeLongLongLongLongLongTestName_40" name="Run 0" assertions="3 total, 0 failed, 3 succeeded"/><testcase time="-6560.212766760513" classname="p2.S4.SomeLongLongLongLongLongTestName_41" name="Run 0" assertions="3 total, 0 failed, 3 succeeded"/><testcase time="-7191.652531727656" classname="p2.S4.SomeLongLongLongLongLongTestName_42" name="Run 0" assertions="3 total, 0 failed, 3 succeeded"/><testcase time="-2148.599407389432" classname="p2.S4.SomeLongLongLongLongLongTestName_43" name="Run 0" assertions="3 total, 0 failed, 3 succeeded"/><testcase time="-4251.068427128429" classname="p2.S4.SomeLongLongLongLongLongTestName_44" name="Run 0" assertions="3 total, 0 failed, 3 succeeded"/><testcase time="-7198.36135175891" classname="p2.S4.SomeLongLongLongLongLongTestName_45" name="Run 0" assertions="3 total, 0 failed, 3 succeeded"/><testcase time="-5912.444471117533" classname="p2.S4.SomeLongLongLongLongLongTestName_46" name="Run 0" assertions="3 total, 0 failed, 3 succeeded"/><testcase time="-9637.194508716466" classname="p2.S4.SomeLongLongLongLongLongTestName_47" name="Run 0" assertions="3 total, 0 failed, 3 succeeded"/><testcase time="-3046.928357433397" classname="p2.S4.SomeLongLongLongLongLongTestName_48" name="Run 0" assertions="3 total, 0 failed, 3 succeeded"/><testcase time="-2561.273857606941" classname="p2.S4.SomeLongLongLongLongLongTestName_49" name="Run 0" assertions="3 total, 0 failed, 3 succeeded"/><testcase time="-7327.123609469849" classname="p2.S4.SomeLongLongLongLongLongTestName_50" name="Run 0" assertions="3 total, 0 failed, 3 succeeded"/><testcase time="-6996.194415643246" classname="p2.S4.SomeLongLongLongLongLongTestName_51" name="Run 0" assertions="3 total, 0 failed, 3 succeeded"/><testcase time="-216.84582336738868" classname="p2.S4.SomeLongLongLongLongLongTestName_52" name="Run 0" assertions="3 total, 0 failed, 3 succeeded"/><testcase time="-7204.753046402585" classname="p2.S4.SomeLongLongLongLongLongTestName_53" name="Run 0" assertions="3 total, 0 failed, 3 succeeded"/><testcase time="-4272.616168074483" classname="p2.S4.SomeLongLongLongLongLongTestName_54" name="Run 0" assertions="3 total, 0 failed, 3 succeeded"/><testcase time="-9418.48195495245" classname="p2.S4.SomeLongLongLongLongLongTestName_55" name="Run 0" assertions="3 total, 0 failed, 3 succeeded"/><testcase time="-1408.260951671614" classname="p2.S4.SomeLongLongLongLongLongTestName_56" name="Run 0" assertions="3 total, 0 failed, 3 succeeded"/><testcase time="-6065.6713768939535" classname="p2.S4.SomeLongLongLongLongLongTestName_57" name="Run 0" assertions="3 total, 0 failed, 3 succeeded"/><testcase time="-4160.344943800846" classname="p2.S4.SomeLongLongLongLongLongTestName_58" name="Run 0" assertions="3 total, 0 failed, 3 succeeded"/><testcase time="-5353.977807518312" classname="p2.S4.SomeLongLongLongLongLongTestName_59" name="Run 0" assertions="3 total, 0 failed, 3 succeeded"/><testcase time="-998.959516380731" classname="p2.S4.SomeLongLongLongLongLongTestName_60" name="Run 0" assertions="3 total, 0 failed, 3 succeeded"/><testcase time="-2323.1562169579756" classname="p2.S4.SomeLongLongLongLongLongTestName_61" name="Run 0" assertions="3 total, 0 failed, 3 succeeded"/><testcase time="-7781.772155366482" classname="p2.S4.SomeLongLongLongLongLongTestName_62" name="Run 0" assertions="3 total, 0 failed, 3 succeeded"/><testcase time="-7805.303742367974" classname="p2.S4.SomeLongLongLongLongLongTestName_63" name="Run 0" assertions="3 total, 0 failed, 3 succeeded"/><testcase time="-1309.9211409262573" classname="p2.S4.SomeLongLongLongLongLongTestName_64" name="Run 0" assertions="3 total, 0 failed, 3 succeeded"/><testcase time="-5580.31072859962" classname="p2.S4.SomeLongLongLongLongLongTestName_65" name="Run 0" assertions="3 total, 0 failed, 3 succeeded"/><testcase time="-2756.3471033461656" classname="p2.S4.SomeLongLongLongLongLongTestName_66" name="Run 0" assertions="3 total, 0 failed, 3 succeeded"/><testcase time="-1344.3312403081638" classname="p2.S4.SomeLongLongLongLongLongTestName_67" name="Run 0" assertions="3 total, 0 failed, 3 succeeded"/><testcase time="-4322.945325134223" classname="p2.S4.SomeLongLongLongLongLongTestName_68" name="Run 0" assertions="3 total, 0 failed, 3 succeeded"/><testcase time="-913.4809253398956" classname="p2.S4.SomeLongLongLongLongLongTestName_69" name="Run 0" assertions="3 total, 0 failed, 3 succeeded"/><testcase time="-1932.8500841694122" classname="p2.S4.SomeLongLongLongLongLongTestName_70" name="Run 0" assertions="3 total, 0 failed, 3 succeeded"/><testcase time="-5214.271548482269" classname="p2.S4.SomeLongLongLongLongLongTestName_71" name="Run 0" assertions="3 total, 0 failed, 3 succeeded"/><testcase time="-444.962757147579" classname="p2.S4.SomeLongLongLongLongLongTestName_72" name="Run 0" assertions="3 total, 0 failed, 3 succeeded"/><testcase time="-7983.205692147292" classname="p2.S4.SomeLongLongLongLongLongTestName_73" name="Run 0" assertions="3 total, 0 failed, 3 succeeded"/><testcase time="-6542.3219275420815" classname="p2.S4.SomeLongLongLongLongLongTestName_74" name="Run 0" assertions="3 total, 0 failed, 3 succeeded"/><testcase time="-6540.5698732979645" classname="p2.S4.SomeLongLongLongLongLongTestName_75" name="Run 0" assertions="3 total, 0 failed, 3 succeeded"/><testcase time="-2104.229603174636" classname="p2.S4.SomeLongLongLongLongLongTestName_76" name="Run 0" assertions="3 total, 0 failed, 3 succeeded"/><testcase time="-9120.511393281811" classname="p2.S4.SomeLongLongLongLongLongTestName_77" name="Run 0" assertions="3 total, 0 failed, 3 succeeded"/><testcase time="-1543.6156501744204" classname="p2.S4.SomeLongLongLongLongLongTestName_78" name="Run 0" assertions="3 total, 0 failed, 3 succeeded"/><testcase time="-4424.410787924256" classname="p2.S4.SomeLongLongLongLongLongTestName_79" name="Run 0" assertions="3 total, 0 failed, 3 succeeded"/><testcase time="-2002.6257869045678" classname="p2.S4.SomeLongLongLongLongLongTestName_80" name="Run 0" assertions="3 total, 0 failed, 3 succeeded"/><testcase time="-5450.686584427295" classname="p2.S4.SomeLongLongLongLongLongTestName_81" name="Run 0" assertions="3 total, 0 failed, 3 succeeded"/><testcase time="-3309.5460973472273" classname="p2.S4.SomeLongLongLongLongLongTestName_82" name="Run 0" assertions="3 total, 0 failed, 3 succeeded"/><testcase time="-5527.452658057724" classname="p2.S4.SomeLongLongLongLongLongTestName_83" name="Run 0" assertions="3 total, 0 failed, 3 succeeded"/><testcase time="-3448.827974582882" classname="p2.S4.SomeLongLongLongLongLongTestName_84" name="Run 0" assertions="3 total, 0 failed, 3 succeeded"/><testcase time="-4664.914995810185" classname="p2.S4.SomeLongLongLongLongLongTestName_85" name="Run 0" assertions="3 total, 0 failed, 3 succeeded"/><testcase time="-9267.826672318532" classname="p2.S4.SomeLongLongLongLongLongTestName_86" name="Run 0" assertions="3 total, 0 failed, 3 succeeded"/><testcase time="-982.1486693342887" classname="p2.S4.SomeLongLongLongLongLongTestName_87" name="Run 0" assertions="3 total, 0 failed, 3 succeeded"/><testcase time="-7601.8148851499855" classname="p2.S4.SomeLongLongLongLongLongTestName_88" name="Run 0" assertions="3 total, 0 failed, 3 succeeded"/><testcase time="-1108.2690418416903" classname="p2.S4.SomeLongLongLongLongLongTestName_89" name="Run 0" assertions="3 total, 0 failed, 3 succeeded"/><testcase time="-4957.065425243341" classname="p2.S4.SomeLongLongLongLongLongTestName_90" name="Run 0" assertions="3 total, 0 failed, 3 succeeded"/><testcase time="-1894.2447594090709" classname="p2.S4.SomeLongLongLongLongLongTestName_91" name="Run 0" assertions="3 total, 0 failed, 3 succeeded"/><testcase time="-374.07964009032503" classname="p2.S4.SomeLongLongLongLongLongTestName_92" name="Run 0" assertions="3 total, 0 failed, 3 succeeded"/><testcase time="-2492.064416885631" classname="p2.S4.SomeLongLongLongLongLongTestName_93" name="Run 0" assertions="3 total, 0 failed, 3 succeeded"/><testcase time="-393.53471513234996" classname="p2.S4.SomeLongLongLongLongLongTestName_94" name="Run 0" assertions="3 total, 0 failed, 3 succeeded"/><testcase time="-1852.1099012091602" classname="p2.S4.SomeLongLongLongLongLongTestName_95" name="Run 0" assertions="3 total, 0 failed, 3 succeeded"/><testcase time="-9694.23683076143" classname="p2.S4.SomeLongLongLongLongLongTestName_96" name="Run 0" assertions="3 total, 0 failed, 3 succeeded"/><testcase time="-1896.2506045546413" classname="p2.S4.SomeLongLongLongLongLongTestName_97" name="Run 0" assertions="3 total, 0 failed, 3 succeeded"/><testcase time="-2580.1320078111034" classname="p2.S4.SomeLongLongLongLongLongTestName_98" name="Run 0" assertions="3 total, 0 failed, 3 succeeded"/><testcase time="-5275.560456001989" classname="p2.S4.SomeLongLongLongLongLongTestName_99" name="Run 0" assertions="3 total, 0 failed, 3 succeeded"/><testcase time="-7536.665327834055" classname="p2.S4.SomeLongLongLongLongLongTestName_100" name="Run 0" assertions="3 total, 0 failed, 3 succeeded"/><testcase time="-3362.7284959812664" classname="p2.S4.SomeLongLongLongLongLongTestName_101" name="Run 0" assertions="3 total, 0 failed, 3 succeeded"/><testcase time="-9535.290458068022" classname="p2.S4.SomeLongLongLongLongLongTestName_102" name="Run 0" assertions="3 total, 0 failed, 3 succeeded"/><testcase time="-8242.863503617355" classname="p2.S4.SomeLongLongLongLongLongTestName_103" name="Run 0" assertions="3 total, 0 failed, 3 succeeded"/><testcase time="-4867.552357207497" classname="p2.S4.SomeLongLongLongLongLongTestName_104" name="Run 0" assertions="3 total, 0 failed, 3 succeeded"/><testcase time="-5666.4149214701265" classname="p2.S4.SomeLongLongLongLongLongTestName_105" name="Run 0" assertions="3 total, 0 failed, 3 succeeded"/><testcase time="-2342.6826862563853" classname="p2.S4.SomeLongLongLongLongLongTestName_106" name="Run 0" assertions="3 total, 0 failed, 3 succeeded"/><testcase time="-8468.340191959218" classname="p2.S4.SomeLongLongLongLongLongTestName_107" name="Run 0" assertions="3 total, 0 failed, 3 succeeded"/><testcase time="-355.4058246027024" classname="p2.S4.SomeLongLongLongLongLongTestName_108" name="Run 0" assertions="3 total, 0 failed, 3 succeeded"/><testcase time="-8119.796049699758" classname="p2.S4.SomeLongLongLongLongLongTestName_109" name="Run 0" assertions="3 total, 0 failed, 3 succeeded"/><testcase time="-1387.9505940415952" classname="p2.S4.SomeLongLongLongLongLongTestName_110" name="Run 0" assertions="3 total, 0 failed, 3 succeeded"/><testcase time="-6034.59184865409" classname="p2.S4.SomeLongLongLongLongLongTestName_111" name="Run 0" assertions="3 total, 0 failed, 3 succeeded"/><testcase time="-2639.1297583381092" classname="p2.S4.SomeLongLongLongLongLongTestName_112" name="Run 0" assertions="3 total, 0 failed, 3 succeeded"/><testcase time="-6786.526957125332" classname="p2.S4.SomeLongLongLongLongLongTestName_113" name="Run 0" assertions="3 total, 0 failed, 3 succeeded"/><testcase time="-7157.2350161331515" classname="p2.S4.SomeLongLongLongLongLongTestName_114" name="Run 0" assertions="3 total, 0 failed, 3 succeeded"/><testcase time="-3015.7441034147205" classname="p2.S4.SomeLongLongLongLongLongTestName_115" name="Run 0" assertions="3 total, 0 failed, 3 succeeded"/><testcase time="-6646.243532100044" classname="p2.S4.SomeLongLongLongLongLongTestName_116" name="Run 0" assertions="3 total, 0 failed, 3 succeeded"/><testcase time="-5725.1392587723685" classname="p2.S4.SomeLongLongLongLongLongTestName_117" name="Run 0" assertions="3 total, 0 failed, 3 succeeded"/><testcase time="-9203.624085334857" classname="p2.S4.SomeLongLongLongLongLongTestName_118" name="Run 0" assertions="3 total, 0 failed, 3 succeeded"/><testcase time="-1716.916153621455" classname="p2.S4.SomeLongLongLongLongLongTestName_119" name="Run 0" assertions="3 total, 0 failed, 3 succeeded"/><testcase time="-5343.83784358226" classname="p2.S4.SomeLongLongLongLongLongTestName_120" name="Run 0" assertions="3 total, 0 failed, 3 succeeded"/><testcase time="-5273.183112366452" classname="p2.S4.SomeLongLongLongLongLongTestName_121" name="Run 0" assertions="3 total, 0 failed, 3 succeeded"/><testcase time="-1615.135696816576" classname="p2.S4.SomeLongLongLongLongLongTestName_122" name="Run 0" assertions="3 total, 0 failed, 3 succeeded"/><testcase time="-8502.919182006177" classname="p2.S4.SomeLongLongLongLongLongTestName_123" name="Run 0" assertions="3 total, 0 failed, 3 succeeded"/><testcase time="-3177.686034071214" classname="p2.S4.SomeLongLongLongLongLongTestName_124" name="Run 0" assertions="3 total, 0 failed, 3 succeeded"/><testcase time="-2544.0036688096625" classname="p2.S4.SomeLongLongLongLongLongTestName_125" name="Run 0" assertions="3 total, 0 failed, 3 succeeded"/><testcase time="-8417.104956676487" classname="p2.S4.SomeLongLongLongLongLongTestName_126" name="Run 0" assertions="3 total, 0 failed, 3 succeeded"/><testcase time="-2830.3546926746885" classname="p2.S4.SomeLongLongLongLongLongTestName_127" name="Run 0" assertions="3 total, 0 failed, 3 succeeded"/><testcase time="-588.3208483248641" classname="p2.S4.SomeLongLongLongLongLongTestName_128" name="Run 0" assertions="3 total, 0 failed, 3 succeeded"/><testcase time="-4430.326628936085" classname="p2.S4.SomeLongLongLongLongLongTestName_129" name="Run 0" assertions="3 total, 0 failed, 3 succeeded"/><testcase time="-5827.3380249472975" classname="p2.S4.SomeLongLongLongLongLongTestName_130" name="Run 0" assertions="3 total, 0 failed, 3 succeeded"/><testcase time="-7081.551118339624" classname="p2.S4.SomeLongLongLongLongLongTestName_131" name="Run 0" assertions="3 total, 0 failed, 3 succeeded"/><testcase time="-6277.199209082877" classname="p2.S4.SomeLongLongLongLongLongTestName_132" name="Run 0" assertions="3 total, 0 failed, 3 succeeded"/><testcase time="-3194.408976699593" classname="p2.S4.SomeLongLongLongLongLongTestName_133" name="Run 0" assertions="3 total, 0 failed, 3 succeeded"/><testcase time="-9607.344311923216" classname="p2.S4.SomeLongLongLongLongLongTestName_134" name="Run 0" assertions="3 total, 0 failed, 3 succeeded"/><testcase time="-8819.667493897352" classname="p2.S4.SomeLongLongLongLongLongTestName_135" name="Run 0" assertions="3 total, 0 failed, 3 succeeded"/><testcase time="-4400.549368713279" classname="p2.S4.SomeLongLongLongLongLongTestName_136" name="Run 0" assertions="3 total, 0 failed, 3 succeeded"/><testcase time="-3915.660856417836" classname="p2.S4.SomeLongLongLongLongLongTestName_137" name="Run 0" assertions="3 total, 0 failed, 3 succeeded"/><testcase time="-7937.319823976433" classname="p2.S4.SomeLongLongLongLongLongTestName_138" name="Run 0" assertions="3 total, 0 failed, 3 succeeded"/><testcase time="-8829.082206652058" classname="p2.S4.SomeLongLongLongLongLongTestName_139" name="Run 0" assertions="3 total, 0 failed, 3 succeeded"/><testcase time="-2154.7368543268835" classname="p2.S4.SomeLongLongLongLongLongTestName_140" name="Run 0" assertions="3 total, 0 failed, 3 succeeded"/><testcase time="-5925.001907459213" classname="p2.S4.SomeLongLongLongLongLongTestName_141" name="Run 0" assertions="3 total, 0 failed, 3 succeeded"/><testcase time="-7720.6409875567715" classname="p2.S4.SomeLongLongLongLongLongTestName_142" name="Run 0" assertions="3 total, 0 failed, 3 succeeded"/><testcase time="-8746.51278828177" classname="p2.S4.SomeLongLongLongLongLongTestName_143" name="Run 0" assertions="3 total, 0 failed, 3 succeeded"/><testcase time="-8184.910762955892" classname="p2.S4.SomeLongLongLongLongLongTestName_144" name="Run 0" assertions="3 total, 0 failed, 3 succeeded"/><testcase time="-7869.514899616078" classname="p2.S4.SomeLongLongLongLongLongTestName_145" name="Run 0" assertions="3 total, 0 failed, 3 succeeded"/><testcase time="-5445.416444429264" classname="p2.S4.SomeLongLongLongLongLongTestName_146" name="Run 0" assertions="3 total, 0 failed, 3 succeeded"/><testcase time="-749.8874156239541" classname="p2.S4.SomeLongLongLongLongLongTestName_147" name="Run 0" assertions="3 total, 0 failed, 3 succeeded"/><testcase time="-4852.423827361633" classname="p2.S4.SomeLongLongLongLongLongTestName_148" name="Run 0" assertions="3 total, 0 failed, 3 succeeded"/><testcase time="-7799.475429798261" classname="p2.S4.SomeLongLongLongLongLongTestName_149" name="Run 0" assertions="3 total, 0 failed, 3 succeeded"/><testcase time="-3295.3042808747955" classname="p2.S4.SomeLongLongLongLongLongTestName_150" name="Run 0" assertions="3 total, 0 failed, 3 succeeded"/><testcase time="-1289.0058481446576" classname="p2.S4.SomeLongLongLongLongLongTestName_151" name="Run 0" assertions="3 total, 0 failed, 3 succeeded"/><testcase time="-6785.0385676875085" classname="p2.S4.SomeLongLongLongLongLongTestName_152" name="Run 0" assertions="3 total, 0 failed, 3 succeeded"/><testcase time="-5404.918948476235" classname="p2.S4.SomeLongLongLongLongLongTestName_153" name="Run 0" assertions="3 total, 0 failed, 3 succeeded"/><testcase time="-4998.913823531903" classname="p2.S4.SomeLongLongLongLongLongTestName_154" name="Run 0" assertions="3 total, 0 failed, 3 succeeded"/><testcase time="-9650.466068471611" classname="p2.S4.SomeLongLongLongLongLongTestName_155" name="Run 0" assertions="3 total, 0 failed, 3 succeeded"/><testcase time="-5289.490264782336" classname="p2.S4.SomeLongLongLongLongLongTestName_156" name="Run 0" assertions="3 total, 0 failed, 3 succeeded"/><testcase time="-1895.10016619589" classname="p2.S4.SomeLongLongLongLongLongTestName_157" name="Run 0" assertions="3 total, 0 failed, 3 succeeded"/><testcase time="-6151.225640573616" classname="p2.S4.SomeLongLongLongLongLongTestName_158" name="Run 0" assertions="3 total, 0 failed, 3 succeeded"/><testcase time="-1922.7755332551105" classname="p2.S4.SomeLongLongLongLongLongTestName_159" name="Run 0" assertions="3 total, 0 failed, 3 succeeded"/><testcase time="-7755.978703945941" classname="p2.S4.SomeLongLongLongLongLongTestName_160" name="Run 0" assertions="3 total, 0 failed, 3 succeeded"/><testcase time="-5539.4402987860785" classname="p2.S4.SomeLongLongLongLongLongTestName_161" name="Run 0" assertions="3 total, 0 failed, 3 succeeded"/><testcase time="-9670.673119254512" classname="p2.S4.SomeLongLongLongLongLongTestName_162" name="Run 0" assertions="3 total, 0 failed, 3 succeeded"/><testcase time="-8812.436151646916" classname="p2.S4.SomeLongLongLongLongLongTestName_163" name="Run 0" assertions="3 total, 0 failed, 3 succeeded"/><testcase time="-5683.739064429794" classname="p2.S4.SomeLongLongLongLongLongTestName_164" name="Run 0" assertions="3 total, 0 failed, 3 succeeded"/><testcase time="-1602.8837138002186" classname="p2.S4.SomeLongLongLongLongLongTestName_165" name="Run 0" assertions="3 total, 0 failed, 3 succeeded"/><testcase time="-8316.583125687031" classname="p2.S4.SomeLongLongLongLongLongTestName_166" name="Run 0" assertions="3 total, 0 failed, 3 succeeded"/><testcase time="-4373.977765519173" classname="p2.S4.SomeLongLongLongLongLongTestName_167" name="Run 0" assertions="3 total, 0 failed, 3 succeeded"/><testcase time="-5531.18101388744" classname="p2.S4.SomeLongLongLongLongLongTestName_168" name="Run 0" assertions="3 total, 0 failed, 3 succeeded"/><testcase time="-8974.006931498863" classname="p2.S4.SomeLongLongLongLongLongTestName_169" name="Run 0" assertions="3 total, 0 failed, 3 succeeded"/><testcase time="-899.1079555721288" classname="p2.S4.SomeLongLongLongLongLongTestName_170" name="Run 0" assertions="3 total, 0 failed, 3 succeeded"/><testcase time="-6321.246072208125" classname="p2.S4.SomeLongLongLongLongLongTestName_171" name="Run 0" assertions="3 total, 0 failed, 3 succeeded"/><testcase time="-4232.833524559405" classname="p2.S4.SomeLongLongLongLongLongTestName_172" name="Run 0" assertions="3 total, 0 failed, 3 succeeded"/><testcase time="-6764.940365988375" classname="p2.S4.SomeLongLongLongLongLongTestName_173" name="Run 0" assertions="3 total, 0 failed, 3 succeeded"/><testcase time="-1993.2114261545148" classname="p2.S4.SomeLongLongLongLongLongTestName_174" name="Run 0" assertions="3 total, 0 failed, 3 succeeded"/><testcase time="-4431.375434624779" classname="p2.S4.SomeLongLongLongLongLongTestName_175" name="Run 0" assertions="3 total, 0 failed, 3 succeeded"/><testcase time="-519.8579319544933" classname="p2.S4.SomeLongLongLongLongLongTestName_176" name="Run 0" assertions="3 total, 0 failed, 3 succeeded"/><testcase time="-6356.570336172157" classname="p2.S4.SomeLongLongLongLongLongTestName_177" name="Run 0" assertions="3 total, 0 failed, 3 succeeded"/><testcase time="-1235.960320530817" classname="p2.S4.SomeLongLongLongLongLongTestName_178" name="Run 0" assertions="3 total, 0 failed, 3 succeeded"/><testcase time="-13.417542204590205" classname="p2.S4.SomeLongLongLongLongLongTestName_179" name="Run 0" assertions="3 total, 0 failed, 3 succeeded"/><testcase time="-7272.565711473754" classname="p2.S4.SomeLongLongLongLongLongTestName_180" name="Run 0" assertions="3 total, 0 failed, 3 succeeded"/><testcase time="-5556.351739608362" classname="p2.S4.SomeLongLongLongLongLongTestName_181" name="Run 0" assertions="3 total, 0 failed, 3 succeeded"/><testcase time="-2432.48327054122" classname="p2.S4.SomeLongLongLongLongLongTestName_182" name="Run 0" assertions="3 total, 0 failed, 3 succeeded"/><testcase time="-8195.514913807154" classname="p2.S4.SomeLongLongLongLongLongTestName_183" name="Run 0" assertions="3 total, 0 failed, 3 succeeded"/><testcase time="-9924.77722424244" classname="p2.S4.SomeLongLongLongLongLongTestName_184" name="Run 0" assertions="3 total, 0 failed, 3 succeeded"/><testcase time="-5666.855388705774" classname="p2.S4.SomeLongLongLongLongLongTestName_185" name="Run 0" assertions="3 total, 0 failed, 3 succeeded"/><testcase time="-3941.0351257390566" classname="p2.S4.SomeLongLongLongLongLongTestName_186" name="Run 0" assertions="3 total, 0 failed, 3 succeeded"/><testcase time="-9170.806539892612" classname="p2.S4.SomeLongLongLongLongLongTestName_187" name="Run 0" assertions="3 total, 0 failed, 3 succeeded"/><testcase time="-842.0912552578118" classname="p2.S4.SomeLongLongLongLongLongTestName_188" name="Run 0" assertions="3 total, 0 failed, 3 succeeded"/><testcase time="-1754.289138109835" classname="p2.S4.SomeLongLongLongLongLongTestName_189" name="Run 0" assertions="3 total, 0 failed, 3 succeeded"/><testcase time="-6833.624233692793" classname="p2.S4.SomeLongLongLongLongLongTestName_190" name="Run 0" assertions="3 total, 0 failed, 3 succeeded"/><testcase time="-6815.798510783985" classname="p2.S4.SomeLongLongLongLongLongTestName_191" name="Run 0" assertions="3 total, 0 failed, 3 succeeded"/><testcase time="-9849.20653046304" classname="p2.S4.SomeLongLongLongLongLongTestName_192" name="Run 0" assertions="3 total, 0 failed, 3 succeeded"/><testcase time="-1707.6679103289264" classname="p2.S4.SomeLongLongLongLongLongTestName_193" name="Run 0" assertions="3 total, 0 failed, 3 succeeded"/><testcase time="-6836.95280565293" classname="p2.S4.SomeLongLongLongLongLongTestName_194" name="Run 0" assertions="3 total, 0 failed, 3 succeeded"/><testcase time="-4572.255255688713" classname="p2.S4.SomeLongLongLongLongLongTestName_195" name="Run 0" assertions="3 total, 0 failed, 3 succeeded"/><testcase time="-5897.195181044427" classname="p2.S4.SomeLongLongLongLongLongTestName_196" name="Run 0" assertions="3 total, 0 failed, 3 succeeded"/><testcase time="-468.43613601525624" classname="p2.S4.SomeLongLongLongLongLongTestName_197" name="Run 0" assertions="3 total, 0 failed, 3 succeeded"/><testcase time="-1601.8456449629466" classname="p2.S4.SomeLongLongLongLongLongTestName_198" name="Run 0" assertions="3 total, 0 failed, 3 succeeded"/><testcase time="-2956.6657340768297" classname="p2.S4.SomeLongLongLongLongLongTestName_199" name="Run 0" assertions="3 total, 0 failed, 3 succeeded"/><testcase time="-4911.6929956479025" classname="p2.S4.SomeLongLongLongLongLongTestName_200" name="Run 0" assertions="3 total, 0 failed, 3 succeeded"/><testcase time="-9130.379971737404" classname="p2.S4.SomeLongLongLongLongLongTestName_201" name="Run 0" assertions="3 total, 0 failed, 3 succeeded"/><testcase time="-4527.0927437830105" classname="p2.S4.SomeLongLongLongLongLongTestName_202" name="Run 0" assertions="3 total, 0 failed, 3 succeeded"/><testcase time="-3058.5917719305803" classname="p2.S4.SomeLongLongLongLongLongTestName_203" name="Run 0" assertions="3 total, 0 failed, 3 succeeded"/><testcase time="-3839.3720011528067" classname="p2.S4.SomeLongLongLongLongLongTestName_204" name="Run 0" assertions="3 total, 0 failed, 3 succeeded"/><testcase time="21.7306999111504" classname="p2.S4.SomeLongLongLongLongLongTestName_205" name="Run 0" assertions="3 total, 0 failed, 3 succeeded"/><testcase time="-1171.33526363809" classname="p2.S4.SomeLongLongLongLongLongTestName_206" name="Run 0" assertions="3 total, 0 failed, 3 succeeded"/><testcase time="-4893.762474554581" classname="p2.S4.SomeLongLongLongLongLongTestName_207" name="Run 0" assertions="3 total, 0 failed, 3 succeeded"/><testcase time="-987.919605980983" classname="p2.S4.SomeLongLongLongLongLongTestName_208" name="Run 0" assertions="3 total, 0 failed, 3 succeeded"/><testcase time="-3723.751728670755" classname="p2.S4.SomeLongLongLongLongLongTestName_209" name="Run 0" assertions="3 total, 0 failed, 3 succeeded"/><testcase time="-5016.961705742402" classname="p2.S4.SomeLongLongLongLongLongTestName_210" name="Run 0" assertions="3 total, 0 failed, 3 succeeded"/><testcase time="-1668.6099453876432" classname="p2.S4.SomeLongLongLongLongLongTestName_211" name="Run 0" assertions="3 total, 0 failed, 3 succeeded"/><testcase time="-7435.29851170927" classname="p2.S4.SomeLongLongLongLongLongTestName_212" name="Run 0" assertions="3 total, 0 failed, 3 succeeded"/><testcase time="-3504.2283241856567" classname="p2.S4.SomeLongLongLongLongLongTestName_213" name="Run 0" assertions="3 total, 0 failed, 3 succeeded"/><testcase time="-3454.0828937107954" classname="p2.S4.SomeLongLongLongLongLongTestName_214" name="Run 0" assertions="3 total, 0 failed, 3 succeeded"/><testcase time="-1980.7006840204947" classname="p2.S4.SomeLongLongLongLongLongTestName_215" name="Run 0" assertions="3 total, 0 failed, 3 succeeded"/><testcase time="-5160.049335123943" classname="p2.S4.SomeLongLongLongLongLongTestName_216" name="Run 0" assertions="3 total, 0 failed, 3 succeeded"/><testcase time="-7075.851470855313" classname="p2.S4.SomeLongLongLongLongLongTestName_217" name="Run 0" assertions="3 total, 0 failed, 3 succeeded"/><testcase time="-5274.427707736889" classname="p2.S4.SomeLongLongLongLongLongTestName_218" name="Run 0" assertions="3 total, 0 failed, 3 succeeded"/><testcase time="-6542.564891545111" classname="p2.S4.SomeLongLongLongLongLongTestName_219" name="Run 0" assertions="3 total, 0 failed, 3 succeeded"/><testcase time="-1276.9693005332217" classname="p2.S4.SomeLongLongLongLongLongTestName_220" name="Run 0" assertions="3 total, 0 failed, 3 succeeded"/><testcase time="-7820.071657341113" classname="p2.S4.SomeLongLongLongLongLongTestName_221" name="Run 0" assertions="3 total, 0 failed, 3 succeeded"/><testcase time="-6457.112501284231" classname="p2.S4.SomeLongLongLongLongLongTestName_222" name="Run 0" assertions="3 total, 0 failed, 3 succeeded"/><testcase time="-7576.688668484629" classname="p2.S4.SomeLongLongLongLongLongTestName_223" name="Run 0" assertions="3 total, 0 failed, 3 succeeded"/><testcase time="-8794.169009222396" classname="p2.S4.SomeLongLongLongLongLongTestName_224" name="Run 0" assertions="3 total, 0 failed, 3 succeeded"/><testcase time="-9456.108162422172" classname="p2.S4.SomeLongLongLongLongLongTestName_225" name="Run 0" assertions="3 total, 0 failed, 3 succeeded"/><testcase time="-159.78508621323502" classname="p2.S4.SomeLongLongLongLongLongTestName_226" name="Run 0" assertions="3 total, 0 failed, 3 succeeded"/><testcase time="-9403.641889151368" classname="p2.S4.SomeLongLongLongLongLongTestName_227" name="Run 0" assertions="3 total, 0 failed, 3 succeeded"/><testcase time="-8629.894603907103" classname="p2.S4.SomeLongLongLongLongLongTestName_228" name="Run 0" assertions="3 total, 0 failed, 3 succeeded"/><testcase time="-8587.149362211776" classname="p2.S4.SomeLongLongLongLongLongTestName_229" name="Run 0" assertions="3 total, 0 failed, 3 succeeded"/><testcase time="-9367.782229633769" classname="p2.S4.SomeLongLongLongLongLongTestName_230" name="Run 0" assertions="3 total, 0 failed, 3 succeeded"/><testcase time="-5777.824653360639" classname="p2.S4.SomeLongLongLongLongLongTestName_231" name="Run 0" assertions="3 total, 0 failed, 3 succeeded"/><testcase time="-3488.88456628618" classname="p2.S4.SomeLongLongLongLongLongTestName_232" name="Run 0" assertions="3 total, 0 failed, 3 succeeded"/><testcase time="-3887.0365253829646" classname="p2.S4.SomeLongLongLongLongLongTestName_233" name="Run 0" assertions="3 total, 0 failed, 3 succeeded"/><testcase time="-8747.357775107439" classname="p2.S4.SomeLongLongLongLongLongTestName_234" name="Run 0" assertions="3 total, 0 failed, 3 succeeded"/><testcase time="-6165.742824136221" classname="p2.S4.SomeLongLongLongLongLongTestName_235" name="Run 0" assertions="3 total, 0 failed, 3 succeeded"/><testcase time="-7104.537653495799" classname="p2.S4.SomeLongLongLongLongLongTestName_236" name="Run 0" assertions="3 total, 0 failed, 3 succeeded"/><testcase time="-4209.76323974804" classname="p2.S4.SomeLongLongLongLongLongTestName_237" name="Run 0" assertions="3 total, 0 failed, 3 succeeded"/><testcase time="-6001.223731888117" classname="p2.S4.SomeLongLongLongLongLongTestName_238" name="Run 0" assertions="3 total, 0 failed, 3 succeeded"/><testcase time="-7890.142735813652" classname="p2.S4.SomeLongLongLongLongLongTestName_239" name="Run 0" assertions="3 total, 0 failed, 3 succeeded"/><testcase time="-7853.140820903885" classname="p2.S4.SomeLongLongLongLongLongTestName_240" name="Run 0" assertions="3 total, 0 failed, 3 succeeded"/><testcase time="-9873.241584837944" classname="p2.S4.SomeLongLongLongLongLongTestName_241" name="Run 0" assertions="3 total, 0 failed, 3 succeeded"/><testcase time="-3541.6472018632903" classname="p2.S4.SomeLongLongLongLongLongTestName_242" name="Run 0" assertions="3 total, 0 failed, 3 succeeded"/><testcase time="-5097.85565059501" classname="p2.S4.SomeLongLongLongLongLongTestName_243" name="Run 0" assertions="3 total, 0 failed, 3 succeeded"/><testcase time="31.28213235864765" classname="p2.S4.SomeLongLongLongLongLongTestName_244" name="Run 0" assertions="3 total, 0 failed, 3 succeeded"/><testcase time="-8920.786019973013" classname="p2.S4.SomeLongLongLongLongLongTestName_245" name="Run 0" assertions="3 total, 0 failed, 3 succeeded"/><testcase time="-7722.901921466659" classname="p2.S4.SomeLongLongLongLongLongTestName_246" name="Run 0" assertions="3 total, 0 failed, 3 succeeded"/><testcase time="-5546.893887836503" classname="p2.S4.SomeLongLongLongLongLongTestName_247" name="Run 0" assertions="3 total, 0 failed, 3 succeeded"/><testcase time="-3990.5352654787616" classname="p2.S4.SomeLongLongLongLongLongTestName_248" name="Run 0" assertions="3 total, 0 failed, 3 succeeded"/><testcase time="-3736.299959070986" classname="p2.S4.SomeLongLongLongLongLongTestName_249" name="Run 0" assertions="3 total, 0 failed, 3 succeeded"/><testcase time="-8775.886377101968" classname="p2.S4.SomeLongLongLongLongLongTestName_250" name="Run 0" assertions="3 total, 0 failed, 3 succeeded"/><testcase time="-1660.1632460883077" classname="p2.S4.SomeLongLongLongLongLongTestName_251" name="Run 0" assertions="3 total, 0 failed, 3 succeeded"/><testcase time="-3583.3557654573465" classname="p2.S4.SomeLongLongLongLongLongTestName_252" name="Run 0" assertions="3 total, 0 failed, 3 succeeded"/><testcase time="-2068.3479300047393" classname="p2.S4.SomeLongLongLongLongLongTestName_253" name="Run 0" assertions="3 total, 0 failed, 3 succeeded"/><testcase time="-3884.599562735411" classname="p2.S4.SomeLongLongLongLongLongTestName_254" name="Run 0" assertions="3 total, 0 failed, 3 succeeded"/><testcase time="-9318.21656042306" classname="p2.S4.SomeLongLongLongLongLongTestName_255" name="Run 0" assertions="3 total, 0 failed, 3 succeeded"/><testcase time="-6155.580063740629" classname="p2.S4.SomeLongLongLongLongLongTestName_256" name="Run 0" assertions="3 total, 0 failed, 3 succeeded"/><testcase time="-6190.316745379753" classname="p2.S4.SomeLongLongLongLongLongTestName_257" name="Run 0" assertions="3 total, 0 failed, 3 succeeded"/><testcase time="-1369.1558338565835" classname="p2.S4.SomeLongLongLongLongLongTestName_258" name="Run 0" assertions="3 total, 0 failed, 3 succeeded"/><testcase time="-8706.313033692562" classname="p2.S4.SomeLongLongLongLongLongTestName_259" name="Run 0" assertions="3 total, 0 failed, 3 succeeded"/><testcase time="-8152.6367221904275" classname="p2.S4.SomeLongLongLongLongLongTestName_260" name="Run 0" assertions="3 total, 0 failed, 3 succeeded"/><testcase time="-3489.405850188093" classname="p2.S4.SomeLongLongLongLongLongTestName_261" name="Run 0" assertions="3 total, 0 failed, 3 succeeded"/><testcase time="-7710.147825714568" classname="p2.S4.SomeLongLongLongLongLongTestName_262" name="Run 0" assertions="3 total, 0 failed, 3 succeeded"/><testcase time="-7947.674854775973" classname="p2.S4.SomeLongLongLongLongLongTestName_263" name="Run 0" assertions="3 total, 0 failed, 3 succeeded"/><testcase time="-6158.033326253475" classname="p2.S4.SomeLongLongLongLongLongTestName_264" name="Run 0" assertions="3 total, 0 failed, 3 succeeded"/><testcase time="-8831.756186887105" classname="p2.S4.SomeLongLongLongLongLongTestName_265" name="Run 0" assertions="3 total, 0 failed, 3 succeeded"/><testcase time="-196.06349372451936" classname="p2.S4.SomeLongLongLongLongLongTestName_266" name="Run 0" assertions="3 total, 0 failed, 3 succeeded"/><testcase time="-9590.276890009407" classname="p2.S4.SomeLongLongLongLongLongTestName_267" name="Run 0" assertions="3 total, 0 failed, 3 succeeded"/><testcase time="-8922.76676123386" classname="p2.S4.SomeLongLongLongLongLongTestName_268" name="Run 0" assertions="3 total, 0 failed, 3 succeeded"/><testcase time="-4212.287657128879" classname="p2.S4.SomeLongLongLongLongLongTestName_269" name="Run 0" assertions="3 total, 0 failed, 3 succeeded"/><testcase time="-8198.84701322909" classname="p2.S4.SomeLongLongLongLongLongTestName_270" name="Run 0" assertions="3 total, 0 failed, 3 succeeded"/><testcase time="-9380.547993908422" classname="p2.S4.SomeLongLongLongLongLongTestName_271" name="Run 0" assertions="3 total, 0 failed, 3 succeeded"/><testcase time="-2710.3316353294395" classname="p2.S4.SomeLongLongLongLongLongTestName_272" name="Run 0" assertions="3 total, 0 failed, 3 succeeded"/><testcase time="-2356.906701363011" classname="p2.S4.SomeLongLongLongLongLongTestName_273" name="Run 0" assertions="3 total, 0 failed, 3 succeeded"/><testcase time="-8642.064139163887" classname="p2.S4.SomeLongLongLongLongLongTestName_274" name="Run 0" assertions="3 total, 0 failed, 3 succeeded"/><testcase time="-1163.4540365174896" classname="p2.S4.SomeLongLongLongLongLongTestName_275" name="Run 0" assertions="3 total, 0 failed, 3 succeeded"/><testcase time="-9729.849897957436" classname="p2.S4.SomeLongLongLongLongLongTestName_276" name="Run 0" assertions="3 total, 0 failed, 3 succeeded"/><testcase time="-7350.143029025665" classname="p2.S4.SomeLongLongLongLongLongTestName_277" name="Run 0" assertions="3 total, 0 failed, 3 succeeded"/><testcase time="-3616.438731863146" classname="p2.S4.SomeLongLongLongLongLongTestName_278" name="Run 0" assertions="3 total, 0 failed, 3 succeeded"/><testcase time="-1434.0332988334744" classname="p2.S4.SomeLongLongLongLongLongTestName_279" name="Run 0" assertions="3 total, 0 failed, 3 succeeded"/><testcase time="-7552.541045073135" classname="p2.S4.SomeLongLongLongLongLongTestName_280" name="Run 0" assertions="3 total, 0 failed, 3 succeeded"/><testcase time="-6781.294849408045" classname="p2.S4.SomeLongLongLongLongLongTestName_281" name="Run 0" assertions="3 total, 0 failed, 3 succeeded"/><testcase time="-2425.2450234580783" classname="p2.S4.SomeLongLongLongLongLongTestName_282" name="Run 0" assertions="3 total, 0 failed, 3 succeeded"/><testcase time="-5161.2092157065135" classname="p2.S4.SomeLongLongLongLongLongTestName_283" name="Run 0" assertions="3 total, 0 failed, 3 succeeded"/><testcase time="-1887.799851886528" classname="p2.S4.SomeLongLongLongLongLongTestName_284" name="Run 0" assertions="3 total, 0 failed, 3 succeeded"/><testcase time="-8190.456286950742" classname="p2.S4.SomeLongLongLongLongLongTestName_285" name="Run 0" assertions="3 total, 0 failed, 3 succeeded"/><testcase time="0" classname="p2.S4.SomeLongLongLongLongLongTestName_286" name="Run 0" assertions="3 total, 0 failed, 3 succeeded"><skipped type="Skipped" message="This test was disabled."/></testcase><testcase time="0" classname="p2.S4.SomeLongLongLongLongLongTestName_287" name="Run 0" assertions="3 total, 0 failed, 3 succeeded"><skipped type="Skipped" message="This test was disabled."/></testcase><testcase time="0" classname="p2.S4.SomeLongLongLongLongLongTestName_288" name="Run 0" assertions="3 total, 0 failed, 3 succeeded"><skipped type="Skipped" message="This test was disabled."/></testcase><testcase time="0" classname="p2.S4.SomeLongLongLongLongLongTestName_289" name="Run 0" assertions="3 total, 0 failed, 3 succeeded"><skipped type="Skipped" message="This test was disabled."/></testcase><testcase time="0" classname="p2.S4.SomeLongLongLongLongLongTestName_290" name="Run 0" assertions="3 total, 0 failed, 3 succeeded"><skipped type="Skipped" message="This test was disabled."/></testcase><testcase time="0" classname="p2.S4.SomeLongLongLongLongLongTestName_291" name="Run 0" assertions="3 total, 0 failed, 3 succeeded"><skipped type="Skipped" message="This test was disabled."/></testcase><testcase time="0" classname="p2.S4.SomeLongLongLongLongLongTestName_292" name="Run 0" assertions="3 total, 0 failed, 3 succeeded"><skipped type="Skipped" message="This test was disabled."/></testcase><testcase time="0" classname="p2.S4.SomeLongLongLongLongLongTestName_293" name="Run 0" assertions="3 total, 0 failed, 3 succeeded"><skipped type="Skipped" message="This test was disabled."/></testcase><testcase time="0" classname="p2.S4.SomeLongLongLongLongLongTestName_294" name="Run 0" assertions="3 total, 0 failed, 3 succeeded"><skipped type="Skipped" message="This test was disabled."/></testcase><testcase time="0" classname="p2.S4.SomeLongLongLongLongLongTestName_295" name="Run 0" assertions="3 total, 0 failed, 3 succeeded"><skipped type="Skipped" message="This test was disabled."/></testcase><testcase time="0" classname="p2.S4.SomeLongLongLongLongLongTestName_296" name="Run 0" assertions="3 total, 0 failed, 3 succeeded"><skipped type="Skipped" message="This test was disabled."/></testcase><testcase time="0" classname="p2.S4.SomeLongLongLongLongLongTestName_297" name="Run 0" assertions="3 total, 0 failed, 3 succeeded"><skipped type="Skipped" message="This test was disabled."/></testcase><testcase time="0" classname="p2.S4.SomeLongLongLongLongLongTestName_298" name="Run 0" assertions="3 total, 0 failed, 3 succeeded"><skipped type="Skipped" message="This test was disabled."/></testcase><testcase time="0" classname="p2.S4.SomeLongLongLongLongLongTestName_299" name="Run 0" assertions="3 total, 0 failed, 3 succeeded"><skipped type="Skipped" message="This test was disabled."/></testcase><testcase time="0" classname="p2.S4.SomeLongLongLongLongLongTestName_300" name="Run 0" assertions="3 total, 0 failed, 3 succeeded"><skipped type="Skipped" message="This test was disabled."/></testcase><testcase time="0" classname="p2.S4.SomeLongLongLongLongLongTestName_301" name="Run 0" assertions="3 total, 0 failed, 3 succeeded"><skipped type="Skipped" message="This test was disabled."/></testcase><testcase time="0" classname="p2.S4.SomeLongLongLongLongLongTestName_302" name="Run 0" assertions="3 total, 0 failed, 3 succeeded"><skipped type="Skipped" message="This test was disabled."/></testcase><testcase time="0" classname="p2.S4.SomeLongLongLongLongLongTestName_303" name="Run 0" assertions="3 total, 0 failed, 3 succeeded"><skipped type="Skipped" message="This test was disabled."/></testcase><testcase time="0" classname="p2.S4.SomeLongLongLongLongLongTestName_304" name="Run 0" assertions="3 total, 0 failed, 3 succeeded"><skipped type="Skipped" message="This test was disabled."/></testcase><testcase time="0" classname="p2.S4.SomeLongLongLongLongLongTestName_305" name="Run 0" assertions="3 total, 0 failed, 3 succeeded"><skipped type="Skipped" message="This test was disabled."/></testcase><testcase time="0" classname="p2.S4.SomeLongLongLongLongLongTestName_306" name="Run 0" assertions="3 total, 0 failed, 3 succeeded"><skipped type="Skipped" message="This test was disabled."/></testcase><testcase time="0" classname="p2.S4.SomeLongLongLongLongLongTestName_307" name="Run 0" assertions="3 total, 0 failed, 3 succeeded"><skipped type="Skipped" message="This test was disabled."/></testcase><testcase time="0" classname="p2.S4.SomeLongLongLongLongLongTestName_308" name="Run 0" assertions="3 total, 0 failed, 3 succeeded"><skipped type="Skipped" message="This test was disabled."/></testcase><testcase time="0" classname="p2.S4.SomeLongLongLongLongLongTestName_309" name="Run 0" assertions="3 total, 0 failed, 3 succeeded"><skipped type="Skipped" message="This test was disabled."/></testcase><testcase time="0" classname="p2.S4.SomeLongLongLongLongLongTestName_310" name="Run 0" assertions="3 total, 0 failed, 3 succeeded"><skipped type="Skipped" message="This test was disabled."/></testcase><testcase time="0" classname="p2.S4.SomeLongLongLongLongLongTestName_311" name="Run 0" assertions="3 total, 0 failed, 3 succeeded"><skipped type="Skipped" message="This test was disabled."/></testcase><testcase time="0" classname="p2.S4.SomeLongLongLongLongLongTestName_312" name="Run 0" assertions="3 total, 0 failed, 3 succeeded"><skipped type="Skipped" message="This test was disabled."/></testcase><testcase time="0" classname="p2.S4.SomeLongLongLongLongLongTestName_313" name="Run 0" assertions="3 total, 0 failed, 3 succeeded"><skipped type="Skipped" message="This test was disabled."/></testcase><testcase time="0" classname="p2.S4.SomeLongLongLongLongLongTestName_314" name="Run 0" assertions="3 total, 0 failed, 3 succeeded"><skipped type="Skipped" message="This test was disabled."/></testcase><testcase time="0" classname="p2.S4.SomeLongLongLongLongLongTestName_315" name="Run 0" assertions="3 total, 0 failed, 3 succeeded"><skipped type="Skipped" message="This test was disabled."/></testcase><testcase time="0" classname="p2.S4.SomeLongLongLongLongLongTestName_316" name="Run 0" assertions="3 total, 0 failed, 3 succeeded"><skipped type="Skipped" message="This test was disabled."/></testcase><testcase time="0" classname="p2.S4.SomeLongLongLongLongLongTestName_317" name="Run 0" assertions="3 total, 0 failed, 3 succeeded"><skipped type="Skipped" message="This test was disabled."/></testcase><testcase time="0" classname="p2.S4.SomeLongLongLongLongLongTestName_318" name="Run 0" assertions="3 total, 0 failed, 3 succeeded"><skipped type="Skipped" message="This test was disabled."/></testcase><testcase time="0" classname="p2.S4.SomeLongLongLongLongLongTestName_319" name="Run 0" assertions="3 total, 0 failed, 3 succeeded"><skipped type="Skipped" message="This test was disabled."/></testcase><testcase time="0" classname="p2.S4.SomeLongLongLongLongLongTestName_320" name="Run 0" assertions="3 total, 0 failed, 3 succeeded"><skipped type="Skipped" message="This test was disabled."/></testcase><testcase time="0" classname="p2.S4.SomeLongLongLongLongLongTestName_321" name="Run 0" assertions="3 total, 0 failed, 3 succeeded"><skipped type="Skipped" message="This test was disabled."/></testcase><testcase time="0" classname="p2.S4.SomeLongLongLongLongLongTestName_322" name="Run 0" assertions="3 total, 0 failed, 3 succeeded"><skipped type="Skipped" message="This test was disabled."/></testcase><testcase time="0" classname="p2.S4.SomeLongLongLongLongLongTestName_323" name="Run 0" assertions="3 total, 0 failed, 3 succeeded"><skipped type="Skipped" message="This test was disabled."/></testcase><testcase time="0" classname="p2.S4.SomeLongLongLongLongLongTestName_324" name="Run 0" assertions="3 total, 0 failed, 3 succeeded"><skipped type="Skipped" message="This test was disabled."/></testcase><testcase time="0" classname="p2.S4.SomeLongLongLongLongLongTestName_325" name="Run 0" assertions="3 total, 0 failed, 3 succeeded"><skipped type="Skipped" message="This test was disabled."/></testcase><testcase time="0" classname="p2.S4.SomeLongLongLongLongLongTestName_326" name="Run 0" assertions="3 total, 0 failed, 3 succeeded"><skipped type="Skipped" message="This test was disabled."/></testcase><testcase time="0" classname="p2.S4.SomeLongLongLongLongLongTestName_327" name="Run 0" assertions="3 total, 0 failed, 3 succeeded"><skipped type="Skipped" message="This test was disabled."/></testcase><testcase time="0" classname="p2.S4.SomeLongLongLongLongLongTestName_328" name="Run 0" assertions="3 total, 0 failed, 3 succeeded"><skipped type="Skipped" message="This test was disabled."/></testcase><testcase time="0" classname="p2.S4.SomeLongLongLongLongLongTestName_329" name="Run 0" assertions="3 total, 0 failed, 3 succeeded"><skipped type="Skipped" message="This test was disabled."/></testcase><testcase time="0" classname="p2.S4.SomeLongLongLongLongLongTestName_330" name="Run 0" assertions="3 total, 0 failed, 3 succeeded"><skipped type="Skipped" message="This test was disabled."/></testcase><testcase time="0" classname="p2.S4.SomeLongLongLongLongLongTestName_331" name="Run 0" assertions="3 total, 0 failed, 3 succeeded"><skipped type="Skipped" message="This test was disabled."/></testcase><testcase time="0" classname="p2.S4.SomeLongLongLongLongLongTestName_332" name="Run 0" assertions="3 total, 0 failed, 3 succeeded"><skipped type="Skipped" message="This test was disabled."/></testcase><testcase time="0" classname="p2.S4.SomeLongLongLongLongLongTestName_333" name="Run 0" assertions="3 total, 0 failed, 3 succeeded"><skipped type="Skipped" message="This test was disabled."/></testcase><testcase time="0" classname="p2.S4.SomeLongLongLongLongLongTestName_334" name="Run 0" assertions="3 total, 0 failed, 3 succeeded"><skipped type="Skipped" message="This test was disabled."/></testcase><testcase time="0" classname="p2.S4.SomeLongLongLongLongLongTestName_335" name="Run 0" assertions="3 total, 0 failed, 3 succeeded"><skipped type="Skipped" message="This test was disabled."/></testcase><testcase time="0" classname="p2.S4.SomeLongLongLongLongLongTestName_336" name="Run 0" assertions="3 total, 0 failed, 3 succeeded"><skipped type="Skipped" message="This test was disabled."/></testcase><testcase time="0" classname="p2.S4.SomeLongLongLongLongLongTestName_337" name="Run 0" assertions="3 total, 0 failed, 3 succeeded"><skipped type="Skipped" message="This test was disabled."/></testcase><testcase time="0" classname="p2.S4.SomeLongLongLongLongLongTestName_338" name="Run 0" assertions="3 total, 0 failed, 3 succeeded"><skipped type="Skipped" message="This test was disabled."/></testcase><testcase time="0" classname="p2.S4.SomeLongLongLongLongLongTestName_339" name="Run 0" assertions="3 total, 0 failed, 3 succeeded"><skipped type="Skipped" message="This test was disabled."/></testcase><testcase time="0" classname="p2.S4.SomeLongLongLongLongLongTestName_340" name="Run 0" assertions="3 total, 0 failed, 3 succeeded"><skipped type="Skipped" message="This test was disabled."/></testcase><testcase time="0" classname="p2.S4.SomeLongLongLongLongLongTestName_341" name="Run 0" assertions="3 total, 0 failed, 3 succeeded"><skipped type="Skipped" message="This test was disabled."/></testcase><testcase time="0" classname="p2.S4.SomeLongLongLongLongLongTestName_342" name="Run 0" assertions="3 total, 0 failed, 3 succeeded"><skipped type="Skipped" message="This test was disabled."/></testcase><testcase time="0" classname="p2.S4.SomeLongLongLongLongLongTestName_343" name="Run 0" assertions="3 total, 0 failed, 3 succeeded"><skipped type="Skipped" message="This test was disabled."/></testcase><testcase time="0" classname="p2.S4.SomeLongLongLongLongLongTestName_344" name="Run 0" assertions="3 total, 0 failed, 3 succeeded"><skipped type="Skipped" message="This test was disabled."/></testcase><testcase time="0" classname="p2.S4.SomeLongLongLongLongLongTestName_345" name="Run 0" assertions="3 total, 0 failed, 3 succeeded"><skipped type="Skipped" message="This test was disabled."/></testcase><testcase time="0" classname="p2.S4.SomeLongLongLongLongLongTestName_346" name="Run 0" assertions="3 total, 0 failed, 3 succeeded"><skipped type="Skipped" message="This test was disabled."/></testcase><testcase time="0" classname="p2.S4.SomeLongLongLongLongLongTestName_347" name="Run 0" assertions="3 total, 0 failed, 3 succeeded"><skipped type="Skipped" message="This test was disabled."/></testcase><testcase time="0" classname="p2.S4.SomeLongLongLongLongLongTestName_348" name="Run 0" assertions="3 total, 0 failed, 3 succeeded"><skipped type="Skipped" message="This test was disabled."/></testcase><testcase time="0" classname="p2.S4.SomeLongLongLongLongLongTestName_349" name="Run 0" assertions="3 total, 0 failed, 3 succeeded"><skipped type="Skipped" message="This test was disabled."/></testcase><testcase time="0" classname="p2.S4.SomeLongLongLongLongLongTestName_350" name="Run 0" assertions="3 total, 0 failed, 3 succeeded"><skipped type="Skipped" message="This test was disabled."/></testcase><testcase time="0" classname="p2.S4.SomeLongLongLongLongLongTestName_351" name="Run 0" assertions="3 total, 0 failed, 3 succeeded"><skipped type="Skipped" message="This test was disabled."/></testcase><testcase time="0" classname="p2.S4.SomeLongLongLongLongLongTestName_352" name="Run 0" assertions="3 total, 0 failed, 3 succeeded"><skipped type="Skipped" message="This test was disabled."/></testcase><testcase time="0" classname="p2.S4.SomeLongLongLongLongLongTestName_353" name="Run 0" assertions="3 total, 0 failed, 3 succeeded"><skipped type="Skipped" message="This test was disabled."/></testcase><testcase time="0" classname="p2.S4.SomeLongLongLongLongLongTestName_354" name="Run 0" assertions="3 total, 0 failed, 3 succeeded"><skipped type="Skipped" message="This test was disabled."/></testcase><testcase time="0" classname="p2.S4.SomeLongLongLongLongLongTestName_355" name="Run 0" assertions="3 total, 0 failed, 3 succeeded"><skipped type="Skipped" message="This test was disabled."/></testcase><testcase time="0" classname="p2.S4.SomeLongLongLongLongLongTestName_356" name="Run 0" assertions="3 total, 0 failed, 3 succeeded"><skipped type="Skipped" message="This test was disabled."/></testcase><testcase time="0" classname="p2.S4.SomeLongLongLongLongLongTestName_357" name="Run 0" assertions="3 total, 0 failed, 3 succeeded"><skipped type="Skipped" message="This test was disabled."/></testcase><testcase time="0" classname="p2.S4.SomeLongLongLongLongLongTestName_358" name="Run 0" assertions="3 total, 0 failed, 3 succeeded"><skipped type="Skipped" message="This test was disabled."/></testcase><testcase time="0" classname="p2.S4.SomeLongLongLongLongLongTestName_359" name="Run 0" assertions="3 total, 0 failed, 3 succeeded"><skipped type="Skipped" message="This test was disabled."/></testcase><testcase time="0" classname="p2.S4.SomeLongLongLongLongLongTestName_360" name="Run 0" assertions="3 total, 0 failed, 3 succeeded"><skipped type="Skipped" message="This test was disabled."/></testcase><testcase time="0" classname="p2.S4.SomeLongLongLongLongLongTestName_361" name="Run 0" assertions="3 total, 0 failed, 3 succeeded"><skipped type="Skipped" message="This test was disabled."/></testcase><testcase time="0" classname="p2.S4.SomeLongLongLongLongLongTestName_362" name="Run 0" assertions="3 total, 0 failed, 3 succeeded"><skipped type="Skipped" message="This test was disabled."/></testcase><testcase time="0" classname="p2.S4.SomeLongLongLongLongLongTestName_363" name="Run 0" assertions="3 total, 0 failed, 3 succeeded"><skipped type="Skipped" message="This test was disabled."/></testcase><testcase time="0" classname="p2.S4.SomeLongLongLongLongLongTestName_364" name="Run 0" assertions="3 total, 0 failed, 3 succeeded"><skipped type="Skipped" message="This test was disabled."/></testcase><testcase time="0" classname="p2.S4.SomeLongLongLongLongLongTestName_365" name="Run 0" assertions="3 total, 0 failed, 3 succeeded"><skipped type="Skipped" message="This test was disabled."/></testcase><testcase time="0" classname="p2.S4.SomeLongLongLongLongLongTestName_366" name="Run 0" assertions="3 total, 0 failed, 3 succeeded"><skipped type="Skipped" message="This test was disabled."/></testcase><testcase time="0" classname="p2.S4.SomeLongLongLongLongLongTestName_367" name="Run 0" assertions="3 total, 0 failed, 3 succeeded"><skipped type="Skipped" message="This test was disabled."/></testcase><testcase time="0" classname="p2.S4.SomeLongLongLongLongLongTestName_368" name="Run 0" assertions="3 total, 0 failed, 3 succeeded"><skipped type="Skipped" message="This test was disabled."/></testcase><testcase time="0" classname="p2.S4.SomeLongLongLongLongLongTestName_369" name="Run 0" assertions="3 total, 0 failed, 3 succeeded"><skipped type="Skipped" message="This test was disabled."/></testcase><testcase time="0" classname="p2.S4.SomeLongLongLongLongLongTestName_370" name="Run 0" assertions="3 total, 0 failed, 3 succeeded"><skipped type="Skipped" message="This test was disabled."/></testcase><testcase time="0" classname="p2.S4.SomeLongLongLongLongLongTestName_371" name="Run 0" assertions="3 total, 0 failed, 3 succeeded"><skipped type="Skipped" message="This test was disabled."/></testcase><testcase time="0" classname="p2.S4.SomeLongLongLongLongLongTestName_372" name="Run 0" assertions="3 total, 0 failed, 3 succeeded"><skipped type="Skipped" message="This test was disabled."/></testcase><testcase time="0" classname="p2.S4.SomeLongLongLongLongLongTestName_373" name="Run 0" assertions="3 total, 0 failed, 3 succeeded"><skipped type="Skipped" message="This test was disabled."/></testcase><testcase time="0" classname="p2.S4.SomeLongLongLongLongLongTestName_374" name="Run 0" assertions="3 total, 0 failed, 3 succeeded"><skipped type="Skipped" message="This test was disabled."/></testcase><testcase time="0" classname="p2.S4.SomeLongLongLongLongLongTestName_375" name="Run 0" assertions="3 total, 0 failed, 3 succeeded"><skipped type="Skipped" message="This test was disabled."/></testcase><testcase time="0" classname="p2.S4.SomeLongLongLongLongLongTestName_376" name="Run 0" assertions="3 total, 0 failed, 3 succeeded"><skipped type="Skipped" message="This test was disabled."/></testcase><testcase time="0" classname="p2.S4.SomeLongLongLongLongLongTestName_377" name="Run 0" assertions="3 total, 0 failed, 3 succeeded"><skipped type="Skipped" message="This test was disabled."/></testcase><testcase time="0" classname="p2.S4.SomeLongLongLongLongLongTestName_378" name="Run 0" assertions="3 total, 0 failed, 3 succeeded"><skipped type="Skipped" message="This test was disabled."/></testcase><testcase time="0" classname="p2.S4.SomeLongLongLongLongLongTestName_379" name="Run 0" assertions="3 total, 0 failed, 3 succeeded"><skipped type="Skipped" message="This test was disabled."/></testcase><testcase time="0" classname="p2.S4.SomeLongLongLongLongLongTestName_380" name="Run 0" assertions="3 total, 0 failed, 3 succeeded"><skipped type="Skipped" message="This test was disabled."/></testcase><testcase time="0" classname="p2.S4.SomeLongLongLongLongLongTestName_381" name="Run 0" assertions="3 total, 0 failed, 3 succeeded"><skipped type="Skipped" message="This test was disabled."/></testcase><testcase time="0" classname="p2.S4.SomeLongLongLongLongLongTestName_382" name="Run 0" assertions="3 total, 0 failed, 3 succeeded"><skipped type="Skipped" message="This test was disabled."/></testcase><testcase time="0" classname="p2.S4.SomeLongLongLongLongLongTestName_383" name="Run 0" assertions="3 total, 0 failed, 3 succeeded"><skipped type="Skipped" message="This test was disabled."/></testcase><testcase time="0" classname="p2.S4.SomeLongLongLongLongLongTestName_384" name="Run 0" assertions="3 total, 0 failed, 3 succeeded"><skipped type="Skipped" message="This test was disabled."/></testcase><testcase time="0" classname="p2.S4.SomeLongLongLongLongLongTestName_385" name="Run 0" assertions="3 total, 0 failed, 3 succeeded"><skipped type="Skipped" message="This test was disabled."/></testcase><testcase time="0" classname="p2.S4.SomeLongLongLongLongLongTestName_386" name="Run 0" assertions="3 total, 0 failed, 3 succeeded"><skipped type="Skipped" message="This test was disabled."/></testcase><testcase time="0" classname="p2.S4.SomeLongLongLongLongLongTestName_387" name="Run 0" assertions="3 total, 0 failed, 3 succeeded"><skipped type="Skipped" message="This test was disabled."/></testcase><testcase time="0" classname="p2.S4.SomeLongLongLongLongLongTestName_388" name="Run 0" assertions="3 total, 0 failed, 3 succeeded"><skipped type="Skipped" message="This test was disabled."/></testcase><testcase time="0" classname="p2.S4.SomeLongLongLongLongLongTestName_389" name="Run 0" assertions="3 total, 0 failed, 3 succeeded"><skipped type="Skipped" message="This test was disabled."/></testcase><testcase time="0" classname="p2.S4.SomeLongLongLongLongLongTestName_390" name="Run 0" assertions="3 total, 0 failed, 3 succeeded"><skipped type="Skipped" message="This test was disabled."/></testcase><testcase time="0" classname="p2.S4.SomeLongLongLongLongLongTestName_391" name="Run 0" assertions="3 total, 0 failed, 3 succeeded"><skipped type="Skipped" message="This test was disabled."/></testcase><testcase time="0" classname="p2.S4.SomeLongLongLongLongLongTestName_392" name="Run 0" assertions="3 total, 0 failed, 3 succeeded"><skipped type="Skipped" message="This test was disabled."/></testcase><testcase time="0" classname="p2.S4.SomeLongLongLongLongLongTestName_393" name="Run 0" assertions="3 total, 0 failed, 3 succeeded"><skipped type="Skipped" message="This test was disabled."/></testcase><testcase time="0" classname="p2.S4.SomeLongLongLongLongLongTestName_394" name="Run 0" assertions="3 total, 0 failed, 3 succeeded"><skipped type="Skipped" message="This test was disabled."/></testcase><testcase time="0" classname="p2.S4.SomeLongLongLongLongLongTestName_395" name="Run 0" assertions="3 total, 0 failed, 3 succeeded"><skipped type="Skipped" message="This test was disabled."/></testcase><testcase time="0" classname="p2.S4.SomeLongLongLongLongLongTestName_396" name="Run 0" assertions="3 total, 0 failed, 3 succeeded"><skipped type="Skipped" message="This test was disabled."/></testcase><testcase time="0" classname="p2.S4.SomeLongLongLongLongLongTestName_397" name="Run 0" assertions="3 total, 0 failed, 3 succeeded"><skipped type="Skipped" message="This test was disabled."/></testcase><testcase time="0" classname="p2.S4.SomeLongLongLongLongLongTestName_398" name="Run 0" assertions="3 total, 0 failed, 3 succeeded"><skipped type="Skipped" message="This test was disabled."/></testcase><testcase time="0" classname="p2.S4.SomeLongLongLongLongLongTestName_399" name="Run 0" assertions="3 total, 0 failed, 3 succeeded"><skipped type="Skipped" message="This test was disabled."/></testcase><testcase time="0" classname="p2.S4.SomeLongLongLongLongLongTestName_400" name="Run 0" assertions="3 total, 0 failed, 3 succeeded"><skipped type="Skipped" message="This test was disabled."/></testcase><testcase time="0" classname="p2.S4.SomeLongLongLongLongLongTestName_401" name="Run 0" assertions="3 total, 0 failed, 3 succeeded"><skipped type="Skipped" message="This test was disabled."/></testcase><testcase time="0" classname="p2.S4.SomeLongLongLongLongLongTestName_402" name="Run 0" assertions="3 total, 0 failed, 3 succeeded"><skipped type="Skipped" message="This test was disabled."/></testcase><testcase time="0" classname="p2.S4.SomeLongLongLongLongLongTestName_403" name="Run 0" assertions="3 total, 0 failed, 3 succeeded"><skipped type="Skipped" message="This test was disabled."/></testcase><testcase time="0" classname="p2.S4.SomeLongLongLongLongLongTestName_404" name="Run 0" assertions="3 total, 0 failed, 3 succeeded"><skipped type="Skipped" message="This test was disabled."/></testcase><testcase time="0" classname="p2.S4.SomeLongLongLongLongLongTestName_405" name="Run 0" assertions="3 total, 0 failed, 3 succeeded"><skipped type="Skipped" message="This test was disabled."/></testcase><testcase time="0" classname="p2.S4.SomeLongLongLongLongLongTestName_406" name="Run 0" assertions="3 total, 0 failed, 3 succeeded"><skipped type="Skipped" message="This test was disabled."/></testcase><testcase time="0" classname="p2.S4.SomeLongLongLongLongLongTestName_407" name="Run 0" assertions="3 total, 0 failed, 3 succeeded"><skipped type="Skipped" message="This test was disabled."/></testcase><testcase time="0" classname="p2.S4.SomeLongLongLongLongLongTestName_408" name="Run 0" assertions="3 total, 0 failed, 3 succeeded"><skipped type="Skipped" message="This test was disabled."/></testcase><testcase time="0" classname="p2.S4.SomeLongLongLongLongLongTestName_409" name="Run 0" assertions="3 total, 0 failed, 3 succeeded"><skipped type="Skipped" message="This test was disabled."/></testcase><testcase time="0" classname="p2.S4.SomeLongLongLongLongLongTestName_410" name="Run 0" assertions="3 total, 0 failed, 3 succeeded"><skipped type="Skipped" message="This test was disabled."/></testcase><testcase time="0" classname="p2.S4.SomeLongLongLongLongLongTestName_411" name="Run 0" assertions="3 total, 0 failed, 3 succeeded"><skipped type="Skipped" message="This test was disabled."/></testcase><testcase time="0" classname="p2.S4.SomeLongLongLongLongLongTestName_412" name="Run 0" assertions="3 total, 0 failed, 3 succeeded"><skipped type="Skipped" message="This test was disabled."/></testcase><testcase time="0" classname="p2.S4.SomeLongLongLongLongLongTestName_413" name="Run 0" assertions="3 total, 0 failed, 3 succeeded"><skipped type="Skipped" message="This test was disabled."/></testcase><testcase time="0" classname="p2.S4.SomeLongLongLongLongLongTestName_414" name="Run 0" assertions="3 total, 0 failed, 3 succeeded"><skipped type="Skipped" message="This test was disabled."/></testcase><testcase time="0" classname="p2.S4.SomeLongLongLongLongLongTestName_415" name="Run 0" assertions="3 total, 0 failed, 3 succeeded"><skipped type="Skipped" message="This test was disabled."/></testcase><testcase time="0" classname="p2.S4.SomeLongLongLongLongLongTestName_416" name="Run 0" assertions="3 total, 0 failed, 3 succeeded"><skipped type="Skipped" message="This test was disabled."/></testcase><testcase time="0" classname="p2.S4.SomeLongLongLongLongLongTestName_417" name="Run 0" assertions="3 total, 0 failed, 3 succeeded"><skipped type="Skipped" message="This test was disabled."/></testcase><testcase time="0" classname="p2.S4.SomeLongLongLongLongLongTestName_418" name="Run 0" assertions="3 total, 0 failed, 3 succeeded"><skipped type="Skipped" message="This test was disabled."/></testcase><testcase time="0" classname="p2.S4.SomeLongLongLongLongLongTestName_419" name="Run 0" assertions="3 total, 0 failed, 3 succeeded"><skipped type="Skipped" message="This test was disabled."/></testcase><testcase time="0" classname="p2.S4.SomeLongLongLongLongLongTestName_420" name="Run 0" assertions="3 total, 0 failed, 3 succeeded"><skipped type="Skipped" message="This test was disabled."/></testcase><testcase time="-3762.082631881135" classname="p2.S5.SomeLongLongLongLongLongTestName_0" name="Run 0" assertions="3 total, 0 failed, 3 succeeded">
                          <properties>
                          <property name="prop1" value="value1" />
                          <property name="multiline">
                              Config line 1
                              Config line 2
                              Config line 3
                          </property>
                        </properties>
                        <failure message="failure message 0" type="Failure"/><system-out>This is stdout
[[ATTACHMENT|attachment.txt]]
</system-out><system-err>This is stderr
[[ATTACHMENT|attachment.txt]]
</system-err></testcase><testcase time="-7074.457130846778" classname="p2.S5.SomeLongLongLongLongLongTestName_1" name="Run 0" assertions="3 total, 0 failed, 3 succeeded"/><testcase time="-2920.6113888399755" classname="p2.S5.SomeLongLongLongLongLongTestName_2" name="Run 0" assertions="3 total, 0 failed, 3 succeeded"/><testcase time="-1646.8852183030917" classname="p2.S5.SomeLongLongLongLongLongTestName_3" name="Run 0" assertions="3 total, 0 failed, 3 succeeded"/><testcase time="-9661.479929641679" classname="p2.S5.SomeLongLongLongLongLongTestName_4" name="Run 0" assertions="3 total, 0 failed, 3 succeeded"/><testcase time="-1456.5626081323028" classname="p2.S5.SomeLongLongLongLongLongTestName_5" name="Run 0" assertions="3 total, 0 failed, 3 succeeded"/><testcase time="-1109.4080504052827" classname="p2.S5.SomeLongLongLongLongLongTestName_6" name="Run 0" assertions="3 total, 0 failed, 3 succeeded"/><testcase time="-5699.403249598773" classname="p2.S5.SomeLongLongLongLongLongTestName_7" name="Run 0" assertions="3 total, 0 failed, 3 succeeded"/><testcase time="-1106.759319542749" classname="p2.S5.SomeLongLongLongLongLongTestName_8" name="Run 0" assertions="3 total, 0 failed, 3 succeeded"/><testcase time="-2680.513808182216" classname="p2.S5.SomeLongLongLongLongLongTestName_9" name="Run 0" assertions="3 total, 0 failed, 3 succeeded"/><testcase time="-1219.470428729123" classname="p2.S5.SomeLongLongLongLongLongTestName_10" name="Run 0" assertions="3 total, 0 failed, 3 succeeded"/><testcase time="-7515.940585759296" classname="p2.S5.SomeLongLongLongLongLongTestName_11" name="Run 0" assertions="3 total, 0 failed, 3 succeeded"/><testcase time="-2734.9841277713726" classname="p2.S5.SomeLongLongLongLongLongTestName_12" name="Run 0" assertions="3 total, 0 failed, 3 succeeded"/><testcase time="-7032.0373538161675" classname="p2.S5.SomeLongLongLongLongLongTestName_13" name="Run 0" assertions="3 total, 0 failed, 3 succeeded"/><testcase time="-1562.3794057364873" classname="p2.S5.SomeLongLongLongLongLongTestName_14" name="Run 0" assertions="3 total, 0 failed, 3 succeeded"/><testcase time="-6900.79152743769" classname="p2.S5.SomeLongLongLongLongLongTestName_15" name="Run 0" assertions="3 total, 0 failed, 3 succeeded"/><testcase time="-8378.793665812213" classname="p2.S5.SomeLongLongLongLongLongTestName_16" name="Run 0" assertions="3 total, 0 failed, 3 succeeded"/><testcase time="-6642.188522752109" classname="p2.S5.SomeLongLongLongLongLongTestName_17" name="Run 0" assertions="3 total, 0 failed, 3 succeeded"/><testcase time="-5513.92035119936" classname="p2.S5.SomeLongLongLongLongLongTestName_18" name="Run 0" assertions="3 total, 0 failed, 3 succeeded"/><testcase time="-1480.898317881965" classname="p2.S5.SomeLongLongLongLongLongTestName_19" name="Run 0" assertions="3 total, 0 failed, 3 succeeded"/><testcase time="-8611.01388297028" classname="p2.S5.SomeLongLongLongLongLongTestName_20" name="Run 0" assertions="3 total, 0 failed, 3 succeeded"/><testcase time="-6403.120338436917" classname="p2.S5.SomeLongLongLongLongLongTestName_21" name="Run 0" assertions="3 total, 0 failed, 3 succeeded"/><testcase time="-143.317247420075" classname="p2.S5.SomeLongLongLongLongLongTestName_22" name="Run 0" assertions="3 total, 0 failed, 3 succeeded"/><testcase time="-2196.863592981922" classname="p2.S5.SomeLongLongLongLongLongTestName_23" name="Run 0" assertions="3 total, 0 failed, 3 succeeded"/><testcase time="-1740.5419568807401" classname="p2.S5.SomeLongLongLongLongLongTestName_24" name="Run 0" assertions="3 total, 0 failed, 3 succeeded"/><testcase time="-8581.340064108355" classname="p2.S5.SomeLongLongLongLongLongTestName_25" name="Run 0" assertions="3 total, 0 failed, 3 succeeded"/><testcase time="-5824.941890608421" classname="p2.S5.SomeLongLongLongLongLongTestName_26" name="Run 0" assertions="3 total, 0 failed, 3 succeeded"/><testcase time="-4329.532499535905" classname="p2.S5.SomeLongLongLongLongLongTestName_27" name="Run 0" assertions="3 total, 0 failed, 3 succeeded"/><testcase time="-9150.749068740284" classname="p2.S5.SomeLongLongLongLongLongTestName_28" name="Run 0" assertions="3 total, 0 failed, 3 succeeded"/><testcase time="-8497.762063675433" classname="p2.S5.SomeLongLongLongLongLongTestName_29" name="Run 0" assertions="3 total, 0 failed, 3 succeeded"/><testcase time="-2020.3323380320676" classname="p2.S5.SomeLongLongLongLongLongTestName_30" name="Run 0" assertions="3 total, 0 failed, 3 succeeded"/><testcase time="-6410.414056943269" classname="p2.S5.SomeLongLongLongLongLongTestName_31" name="Run 0" assertions="3 total, 0 failed, 3 succeeded"/><testcase time="-7597.610759413995" classname="p2.S5.SomeLongLongLongLongLongTestName_32" name="Run 0" assertions="3 total, 0 failed, 3 succeeded"/><testcase time="-571.775811795536" classname="p2.S5.SomeLongLongLongLongLongTestName_33" name="Run 0" assertions="3 total, 0 failed, 3 succeeded"/><testcase time="-1311.7397602197395" classname="p2.S5.SomeLongLongLongLongLongTestName_34" name="Run 0" assertions="3 total, 0 failed, 3 succeeded"/><testcase time="-8461.942347707314" classname="p2.S5.SomeLongLongLongLongLongTestName_35" name="Run 0" assertions="3 total, 0 failed, 3 succeeded"/><testcase time="-5171.1611203901" classname="p2.S5.SomeLongLongLongLongLongTestName_36" name="Run 0" assertions="3 total, 0 failed, 3 succeeded"/><testcase time="-7600.637143606284" classname="p2.S5.SomeLongLongLongLongLongTestName_37" name="Run 0" assertions="3 total, 0 failed, 3 succeeded"/><testcase time="-9780.853240377037" classname="p2.S5.SomeLongLongLongLongLongTestName_38" name="Run 0" assertions="3 total, 0 failed, 3 succeeded"/><testcase time="-1437.678965346757" classname="p2.S5.SomeLongLongLongLongLongTestName_39" name="Run 0" assertions="3 total, 0 failed, 3 succeeded"/><testcase time="-1411.3224512158874" classname="p2.S5.SomeLongLongLongLongLongTestName_40" name="Run 0" assertions="3 total, 0 failed, 3 succeeded"/><testcase time="-6120.924766166008" classname="p2.S5.SomeLongLongLongLongLongTestName_41" name="Run 0" assertions="3 total, 0 failed, 3 succeeded"/><testcase time="-16.009863437780027" classname="p2.S5.SomeLongLongLongLongLongTestName_42" name="Run 0" assertions="3 total, 0 failed, 3 succeeded"/><testcase time="-4437.049289179955" classname="p2.S5.SomeLongLongLongLongLongTestName_43" name="Run 0" assertions="3 total, 0 failed, 3 succeeded"/><testcase time="-7490.630466655119" classname="p2.S5.SomeLongLongLongLongLongTestName_44" name="Run 0" assertions="3 total, 0 failed, 3 succeeded"/><testcase time="-9006.092861733163" classname="p2.S5.SomeLongLongLongLongLongTestName_45" name="Run 0" assertions="3 total, 0 failed, 3 succeeded"/><testcase time="-4518.468395734981" classname="p2.S5.SomeLongLongLongLongLongTestName_46" name="Run 0" assertions="3 total, 0 failed, 3 succeeded"/><testcase time="-6085.436114637238" classname="p2.S5.SomeLongLongLongLongLongTestName_47" name="Run 0" assertions="3 total, 0 failed, 3 succeeded"/><testcase time="-7591.535532507451" classname="p2.S5.SomeLongLongLongLongLongTestName_48" name="Run 0" assertions="3 total, 0 failed, 3 succeeded"/><testcase time="-7224.5691609994365" classname="p2.S5.SomeLongLongLongLongLongTestName_49" name="Run 0" assertions="3 total, 0 failed, 3 succeeded"/><testcase time="-9003.65281001488" classname="p2.S5.SomeLongLongLongLongLongTestName_50" name="Run 0" assertions="3 total, 0 failed, 3 succeeded"/><testcase time="-728.5669753778521" classname="p2.S5.SomeLongLongLongLongLongTestName_51" name="Run 0" assertions="3 total, 0 failed, 3 succeeded"/><testcase time="-7075.67377706741" classname="p2.S5.SomeLongLongLongLongLongTestName_52" name="Run 0" assertions="3 total, 0 failed, 3 succeeded"/><testcase time="-974.61917073629" classname="p2.S5.SomeLongLongLongLongLongTestName_53" name="Run 0" assertions="3 total, 0 failed, 3 succeeded"/><testcase time="-7032.815741370424" classname="p2.S5.SomeLongLongLongLongLongTestName_54" name="Run 0" assertions="3 total, 0 failed, 3 succeeded"/><testcase time="-3296.1385868845323" classname="p2.S5.SomeLongLongLongLongLongTestName_55" name="Run 0" assertions="3 total, 0 failed, 3 succeeded"/><testcase time="-8105.720534842183" classname="p2.S5.SomeLongLongLongLongLongTestName_56" name="Run 0" assertions="3 total, 0 failed, 3 succeeded"/><testcase time="-5423.880016967553" classname="p2.S5.SomeLongLongLongLongLongTestName_57" name="Run 0" assertions="3 total, 0 failed, 3 succeeded"/><testcase time="-3971.04649679264" classname="p2.S5.SomeLongLongLongLongLongTestName_58" name="Run 0" assertions="3 total, 0 failed, 3 succeeded"/><testcase time="-8432.490873240975" classname="p2.S5.SomeLongLongLongLongLongTestName_59" name="Run 0" assertions="3 total, 0 failed, 3 succeeded"/><testcase time="-1879.6088156251474" classname="p2.S5.SomeLongLongLongLongLongTestName_60" name="Run 0" assertions="3 total, 0 failed, 3 succeeded"/><testcase time="-8701.97086102378" classname="p2.S5.SomeLongLongLongLongLongTestName_61" name="Run 0" assertions="3 total, 0 failed, 3 succeeded"/><testcase time="-1256.847238157336" classname="p2.S5.SomeLongLongLongLongLongTestName_62" name="Run 0" assertions="3 total, 0 failed, 3 succeeded"/><testcase time="-3990.9943035561646" classname="p2.S5.SomeLongLongLongLongLongTestName_63" name="Run 0" assertions="3 total, 0 failed, 3 succeeded"/><testcase time="-1589.6612882299398" classname="p2.S5.SomeLongLongLongLongLongTestName_64" name="Run 0" assertions="3 total, 0 failed, 3 succeeded"/><testcase time="-3850.7700422572602" classname="p2.S5.SomeLongLongLongLongLongTestName_65" name="Run 0" assertions="3 total, 0 failed, 3 succeeded"/><testcase time="-6378.81121457986" classname="p2.S5.SomeLongLongLongLongLongTestName_66" name="Run 0" assertions="3 total, 0 failed, 3 succeeded"/><testcase time="-4221.180695079333" classname="p2.S5.SomeLongLongLongLongLongTestName_67" name="Run 0" assertions="3 total, 0 failed, 3 succeeded"/><testcase time="-8743.44848083212" classname="p2.S5.SomeLongLongLongLongLongTestName_68" name="Run 0" assertions="3 total, 0 failed, 3 succeeded"/><testcase time="-6339.765649279517" classname="p2.S5.SomeLongLongLongLongLongTestName_69" name="Run 0" assertions="3 total, 0 failed, 3 succeeded"/><testcase time="-6735.159853434031" classname="p2.S5.SomeLongLongLongLongLongTestName_70" name="Run 0" assertions="3 total, 0 failed, 3 succeeded"/><testcase time="-5140.24008838857" classname="p2.S5.SomeLongLongLongLongLongTestName_71" name="Run 0" assertions="3 total, 0 failed, 3 succeeded"/><testcase time="-5238.713620969567" classname="p2.S5.SomeLongLongLongLongLongTestName_72" name="Run 0" assertions="3 total, 0 failed, 3 succeeded"/><testcase time="-188.1447542930057" classname="p2.S5.SomeLongLongLongLongLongTestName_73" name="Run 0" assertions="3 total, 0 failed, 3 succeeded"/><testcase time="-5307.620076535606" classname="p2.S5.SomeLongLongLongLongLongTestName_74" name="Run 0" assertions="3 total, 0 failed, 3 succeeded"/><testcase time="-4091.59489311983" classname="p2.S5.SomeLongLongLongLongLongTestName_75" name="Run 0" assertions="3 total, 0 failed, 3 succeeded"/><testcase time="-5611.980102655198" classname="p2.S5.SomeLongLongLongLongLongTestName_76" name="Run 0" assertions="3 total, 0 failed, 3 succeeded"/><testcase time="-4227.819409998058" classname="p2.S5.SomeLongLongLongLongLongTestName_77" name="Run 0" assertions="3 total, 0 failed, 3 succeeded"/><testcase time="-3261.3269080792925" classname="p2.S5.SomeLongLongLongLongLongTestName_78" name="Run 0" assertions="3 total, 0 failed, 3 succeeded"/><testcase time="-4273.060671356315" classname="p2.S5.SomeLongLongLongLongLongTestName_79" name="Run 0" assertions="3 total, 0 failed, 3 succeeded"/><testcase time="-3824.341368166439" classname="p2.S5.SomeLongLongLongLongLongTestName_80" name="Run 0" assertions="3 total, 0 failed, 3 succeeded"/><testcase time="-2491.7178387812505" classname="p2.S5.SomeLongLongLongLongLongTestName_81" name="Run 0" assertions="3 total, 0 failed, 3 succeeded"/><testcase time="-1872.6814868791857" classname="p2.S5.SomeLongLongLongLongLongTestName_82" name="Run 0" assertions="3 total, 0 failed, 3 succeeded"/><testcase time="-358.1341206958648" classname="p2.S5.SomeLongLongLongLongLongTestName_83" name="Run 0" assertions="3 total, 0 failed, 3 succeeded"/><testcase time="-374.0129758103011" classname="p2.S5.SomeLongLongLongLongLongTestName_84" name="Run 0" assertions="3 total, 0 failed, 3 succeeded"/><testcase time="-4682.38231782593" classname="p2.S5.SomeLongLongLongLongLongTestName_85" name="Run 0" assertions="3 total, 0 failed, 3 succeeded"/><testcase time="-6230.969058919975" classname="p2.S5.SomeLongLongLongLongLongTestName_86" name="Run 0" assertions="3 total, 0 failed, 3 succeeded"/><testcase time="-4849.7099895689125" classname="p2.S5.SomeLongLongLongLongLongTestName_87" name="Run 0" assertions="3 total, 0 failed, 3 succeeded"/><testcase time="-6548.587849021838" classname="p2.S5.SomeLongLongLongLongLongTestName_88" name="Run 0" assertions="3 total, 0 failed, 3 succeeded"/><testcase time="-7180.067107617281" classname="p2.S5.SomeLongLongLongLongLongTestName_89" name="Run 0" assertions="3 total, 0 failed, 3 succeeded"/><testcase time="-8973.550371575488" classname="p2.S5.SomeLongLongLongLongLongTestName_90" name="Run 0" assertions="3 total, 0 failed, 3 succeeded"/><testcase time="-6850.26898175894" classname="p2.S5.SomeLongLongLongLongLongTestName_91" name="Run 0" assertions="3 total, 0 failed, 3 succeeded"/><testcase time="-7965.668650449378" classname="p2.S5.SomeLongLongLongLongLongTestName_92" name="Run 0" assertions="3 total, 0 failed, 3 succeeded"/><testcase time="-5532.584068675724" classname="p2.S5.SomeLongLongLongLongLongTestName_93" name="Run 0" assertions="3 total, 0 failed, 3 succeeded"/><testcase time="-7128.402742402707" classname="p2.S5.SomeLongLongLongLongLongTestName_94" name="Run 0" assertions="3 total, 0 failed, 3 succeeded"/><testcase time="-7711.7270583762" classname="p2.S5.SomeLongLongLongLongLongTestName_95" name="Run 0" assertions="3 total, 0 failed, 3 succeeded"/><testcase time="-6937.460421047724" classname="p2.S5.SomeLongLongLongLongLongTestName_96" name="Run 0" assertions="3 total, 0 failed, 3 succeeded"/><testcase time="-1358.542293148515" classname="p2.S5.SomeLongLongLongLongLongTestName_97" name="Run 0" assertions="3 total, 0 failed, 3 succeeded"/><testcase time="-9428.569737458964" classname="p2.S5.SomeLongLongLongLongLongTestName_98" name="Run 0" assertions="3 total, 0 failed, 3 succeeded"/><testcase time="-4012.2988999692034" classname="p2.S5.SomeLongLongLongLongLongTestName_99" name="Run 0" assertions="3 total, 0 failed, 3 succeeded"/><testcase time="-8822.710963090398" classname="p2.S5.SomeLongLongLongLongLongTestName_100" name="Run 0" assertions="3 total, 0 failed, 3 succeeded"/><testcase time="-5859.846653649302" classname="p2.S5.SomeLongLongLongLongLongTestName_101" name="Run 0" assertions="3 total, 0 failed, 3 succeeded"/><testcase time="-4258.548121396932" classname="p2.S5.SomeLongLongLongLongLongTestName_102" name="Run 0" assertions="3 total, 0 failed, 3 succeeded"/><testcase time="-2097.851137711156" classname="p2.S5.SomeLongLongLongLongLongTestName_103" name="Run 0" assertions="3 total, 0 failed, 3 succeeded"/><testcase time="-6717.866058982661" classname="p2.S5.SomeLongLongLongLongLongTestName_104" name="Run 0" assertions="3 total, 0 failed, 3 succeeded"/><testcase time="-4720.259794029347" classname="p2.S5.SomeLongLongLongLongLongTestName_105" name="Run 0" assertions="3 total, 0 failed, 3 succeeded"/><testcase time="-8391.2647859217" classname="p2.S5.SomeLongLongLongLongLongTestName_106" name="Run 0" assertions="3 total, 0 failed, 3 succeeded"/><testcase time="-9859.05325863736" classname="p2.S5.SomeLongLongLongLongLongTestName_107" name="Run 0" assertions="3 total, 0 failed, 3 succeeded"/><testcase time="-4518.467966811765" classname="p2.S5.SomeLongLongLongLongLongTestName_108" name="Run 0" assertions="3 total, 0 failed, 3 succeeded"/><testcase time="-5126.20081902265" classname="p2.S5.SomeLongLongLongLongLongTestName_109" name="Run 0" assertions="3 total, 0 failed, 3 succeeded"/><testcase time="-5667.238269617743" classname="p2.S5.SomeLongLongLongLongLongTestName_110" name="Run 0" assertions="3 total, 0 failed, 3 succeeded"/><testcase time="-4852.0771404195575" classname="p2.S5.SomeLongLongLongLongLongTestName_111" name="Run 0" assertions="3 total, 0 failed, 3 succeeded"/><testcase time="-1433.6463801789564" classname="p2.S5.SomeLongLongLongLongLongTestName_112" name="Run 0" assertions="3 total, 0 failed, 3 succeeded"/><testcase time="-9366.133466062704" classname="p2.S5.SomeLongLongLongLongLongTestName_113" name="Run 0" assertions="3 total, 0 failed, 3 succeeded"/><testcase time="-2393.1891527230355" classname="p2.S5.SomeLongLongLongLongLongTestName_114" name="Run 0" assertions="3 total, 0 failed, 3 succeeded"/><testcase time="-5173.205180205925" classname="p2.S5.SomeLongLongLongLongLongTestName_115" name="Run 0" assertions="3 total, 0 failed, 3 succeeded"/><testcase time="-2799.7119636805282" classname="p2.S5.SomeLongLongLongLongLongTestName_116" name="Run 0" assertions="3 total, 0 failed, 3 succeeded"/><testcase time="-4849.7162504034695" classname="p2.S5.SomeLongLongLongLongLongTestName_117" name="Run 0" assertions="3 total, 0 failed, 3 succeeded"/><testcase time="-4463.582691052832" classname="p2.S5.SomeLongLongLongLongLongTestName_118" name="Run 0" assertions="3 total, 0 failed, 3 succeeded"/><testcase time="-9298.82100816098" classname="p2.S5.SomeLongLongLongLongLongTestName_119" name="Run 0" assertions="3 total, 0 failed, 3 succeeded"/><testcase time="-6987.04712594723" classname="p2.S5.SomeLongLongLongLongLongTestName_120" name="Run 0" assertions="3 total, 0 failed, 3 succeeded"/><testcase time="-2756.477069604188" classname="p2.S5.SomeLongLongLongLongLongTestName_121" name="Run 0" assertions="3 total, 0 failed, 3 succeeded"/><testcase time="-9051.43545419059" classname="p2.S5.SomeLongLongLongLongLongTestName_122" name="Run 0" assertions="3 total, 0 failed, 3 succeeded"/><testcase time="-8947.06030691683" classname="p2.S5.SomeLongLongLongLongLongTestName_123" name="Run 0" assertions="3 total, 0 failed, 3 succeeded"/><testcase time="-2139.379776579859" classname="p2.S5.SomeLongLongLongLongLongTestName_124" name="Run 0" assertions="3 total, 0 failed, 3 succeeded"/><testcase time="-8158.111072257717" classname="p2.S5.SomeLongLongLongLongLongTestName_125" name="Run 0" assertions="3 total, 0 failed, 3 succeeded"/><testcase time="-319.7702509160154" classname="p2.S5.SomeLongLongLongLongLongTestName_126" name="Run 0" assertions="3 total, 0 failed, 3 succeeded"/><testcase time="-6125.573054380563" classname="p2.S5.SomeLongLongLongLongLongTestName_127" name="Run 0" assertions="3 total, 0 failed, 3 succeeded"/><testcase time="-6389.889631136228" classname="p2.S5.SomeLongLongLongLongLongTestName_128" name="Run 0" assertions="3 total, 0 failed, 3 succeeded"/><testcase time="-5951.188671919819" classname="p2.S5.SomeLongLongLongLongLongTestName_129" name="Run 0" assertions="3 total, 0 failed, 3 succeeded"/><testcase time="-4385.078552246863" classname="p2.S5.SomeLongLongLongLongLongTestName_130" name="Run 0" assertions="3 total, 0 failed, 3 succeeded"/><testcase time="-6241.066156652873" classname="p2.S5.SomeLongLongLongLongLongTestName_131" name="Run 0" assertions="3 total, 0 failed, 3 succeeded"/><testcase time="-7388.422168048872" classname="p2.S5.SomeLongLongLongLongLongTestName_132" name="Run 0" assertions="3 total, 0 failed, 3 succeeded"/><testcase time="-5398.458427935399" classname="p2.S5.SomeLongLongLongLongLongTestName_133" name="Run 0" assertions="3 total, 0 failed, 3 succeeded"/><testcase time="-5128.021719053971" classname="p2.S5.SomeLongLongLongLongLongTestName_134" name="Run 0" assertions="3 total, 0 failed, 3 succeeded"/><testcase time="-3083.2632858283187" classname="p2.S5.SomeLongLongLongLongLongTestName_135" name="Run 0" assertions="3 total, 0 failed, 3 succeeded"/><testcase time="-3417.2291657799824" classname="p2.S5.SomeLongLongLongLongLongTestName_136" name="Run 0" assertions="3 total, 0 failed, 3 succeeded"/><testcase time="-222.8739761119441" classname="p2.S5.SomeLongLongLongLongLongTestName_137" name="Run 0" assertions="3 total, 0 failed, 3 succeeded"/><testcase time="-5974.8050189905125" classname="p2.S5.SomeLongLongLongLongLongTestName_138" name="Run 0" assertions="3 total, 0 failed, 3 succeeded"/><testcase time="-4144.838043461433" classname="p2.S5.SomeLongLongLongLongLongTestName_139" name="Run 0" assertions="3 total, 0 failed, 3 succeeded"/><testcase time="-6182.852528767023" classname="p2.S5.SomeLongLongLongLongLongTestName_140" name="Run 0" assertions="3 total, 0 failed, 3 succeeded"/><testcase time="-6978.655856638061" classname="p2.S5.SomeLongLongLongLongLongTestName_141" name="Run 0" assertions="3 total, 0 failed, 3 succeeded"/><testcase time="-7705.74928939704" classname="p2.S5.SomeLongLongLongLongLongTestName_142" name="Run 0" assertions="3 total, 0 failed, 3 succeeded"/><testcase time="-4031.422781771304" classname="p2.S5.SomeLongLongLongLongLongTestName_143" name="Run 0" assertions="3 total, 0 failed, 3 succeeded"/><testcase time="-5544.139232533271" classname="p2.S5.SomeLongLongLongLongLongTestName_144" name="Run 0" assertions="3 total, 0 failed, 3 succeeded"/><testcase time="-7769.5648353148645" classname="p2.S5.SomeLongLongLongLongLongTestName_145" name="Run 0" assertions="3 total, 0 failed, 3 succeeded"/><testcase time="-116.98690364429416" classname="p2.S5.SomeLongLongLongLongLongTestName_146" name="Run 0" assertions="3 total, 0 failed, 3 succeeded"/><testcase time="-7882.345446189016" classname="p2.S5.SomeLongLongLongLongLongTestName_147" name="Run 0" assertions="3 total, 0 failed, 3 succeeded"/><testcase time="-2782.739486750413" classname="p2.S5.SomeLongLongLongLongLongTestName_148" name="Run 0" assertions="3 total, 0 failed, 3 succeeded"/><testcase time="-2600.9764068229697" classname="p2.S5.SomeLongLongLongLongLongTestName_149" name="Run 0" assertions="3 total, 0 failed, 3 succeeded"/><testcase time="-9026.192704084795" classname="p2.S5.SomeLongLongLongLongLongTestName_150" name="Run 0" assertions="3 total, 0 failed, 3 succeeded"/><testcase time="-1977.102922986061" classname="p2.S5.SomeLongLongLongLongLongTestName_151" name="Run 0" assertions="3 total, 0 failed, 3 succeeded"/><testcase time="-8556.746688360912" classname="p2.S5.SomeLongLongLongLongLongTestName_152" name="Run 0" assertions="3 total, 0 failed, 3 succeeded"/><testcase time="-436.1414523466603" classname="p2.S5.SomeLongLongLongLongLongTestName_153" name="Run 0" assertions="3 total, 0 failed, 3 succeeded"/><testcase time="-267.75569778274235" classname="p2.S5.SomeLongLongLongLongLongTestName_154" name="Run 0" assertions="3 total, 0 failed, 3 succeeded"/><testcase time="-7777.5591338638515" classname="p2.S5.SomeLongLongLongLongLongTestName_155" name="Run 0" assertions="3 total, 0 failed, 3 succeeded"/><testcase time="-8077.728351510023" classname="p2.S5.SomeLongLongLongLongLongTestName_156" name="Run 0" assertions="3 total, 0 failed, 3 succeeded"/><testcase time="-6854.77783009475" classname="p2.S5.SomeLongLongLongLongLongTestName_157" name="Run 0" assertions="3 total, 0 failed, 3 succeeded"/><testcase time="-8122.554376233608" classname="p2.S5.SomeLongLongLongLongLongTestName_158" name="Run 0" assertions="3 total, 0 failed, 3 succeeded"/><testcase time="23.875006099093582" classname="p2.S5.SomeLongLongLongLongLongTestName_159" name="Run 0" assertions="3 total, 0 failed, 3 succeeded"/><testcase time="-1281.5872826999953" classname="p2.S5.SomeLongLongLongLongLongTestName_160" name="Run 0" assertions="3 total, 0 failed, 3 succeeded"/><testcase time="-3528.2334629902884" classname="p2.S5.SomeLongLongLongLongLongTestName_161" name="Run 0" assertions="3 total, 0 failed, 3 succeeded"/><testcase time="-5900.210020507367" classname="p2.S5.SomeLongLongLongLongLongTestName_162" name="Run 0" assertions="3 total, 0 failed, 3 succeeded"/><testcase time="-7213.755472545334" classname="p2.S5.SomeLongLongLongLongLongTestName_163" name="Run 0" assertions="3 total, 0 failed, 3 succeeded"/><testcase time="-8670.44449813274" classname="p2.S5.SomeLongLongLongLongLongTestName_164" name="Run 0" assertions="3 total, 0 failed, 3 succeeded"/><testcase time="-6528.896503931628" classname="p2.S5.SomeLongLongLongLongLongTestName_165" name="Run 0" assertions="3 total, 0 failed, 3 succeeded"/><testcase time="-6660.939993650672" classname="p2.S5.SomeLongLongLongLongLongTestName_166" name="Run 0" assertions="3 total, 0 failed, 3 succeeded"/><testcase time="-428.64775610171597" classname="p2.S5.SomeLongLongLongLongLongTestName_167" name="Run 0" assertions="3 total, 0 failed, 3 succeeded"/><testcase time="-16.499849381338823" classname="p2.S5.SomeLongLongLongLongLongTestName_168" name="Run 0" assertions="3 total, 0 failed, 3 succeeded"/><testcase time="-6256.107142010787" classname="p2.S5.SomeLongLongLongLongLongTestName_169" name="Run 0" assertions="3 total, 0 failed, 3 succeeded"/><testcase time="-7207.12834223529" classname="p2.S5.SomeLongLongLongLongLongTestName_170" name="Run 0" assertions="3 total, 0 failed, 3 succeeded"/><testcase time="-8850.2161120788" classname="p2.S5.SomeLongLongLongLongLongTestName_171" name="Run 0" assertions="3 total, 0 failed, 3 succeeded"/><testcase time="-2275.3132183958173" classname="p2.S5.SomeLongLongLongLongLongTestName_172" name="Run 0" assertions="3 total, 0 failed, 3 succeeded"/><testcase time="-2336.5276452606813" classname="p2.S5.SomeLongLongLongLongLongTestName_173" name="Run 0" assertions="3 total, 0 failed, 3 succeeded"/><testcase time="-7664.75043721611" classname="p2.S5.SomeLongLongLongLongLongTestName_174" name="Run 0" assertions="3 total, 0 failed, 3 succeeded"/><testcase time="-2123.6794764389524" classname="p2.S5.SomeLongLongLongLongLongTestName_175" name="Run 0" assertions="3 total, 0 failed, 3 succeeded"/><testcase time="-7972.012323219167" classname="p2.S5.SomeLongLongLongLongLongTestName_176" name="Run 0" assertions="3 total, 0 failed, 3 succeeded"/><testcase time="-3513.5805565608503" classname="p2.S5.SomeLongLongLongLongLongTestName_177" name="Run 0" assertions="3 total, 0 failed, 3 succeeded"/><testcase time="-1113.719415093945" classname="p2.S5.SomeLongLongLongLongLongTestName_178" name="Run 0" assertions="3 total, 0 failed, 3 succeeded"/><testcase time="-6809.689036871519" classname="p2.S5.SomeLongLongLongLongLongTestName_179" name="Run 0" assertions="3 total, 0 failed, 3 succeeded"/><testcase time="-425.17957564655035" classname="p2.S5.SomeLongLongLongLongLongTestName_180" name="Run 0" assertions="3 total, 0 failed, 3 succeeded"/><testcase time="-3697.3518009182653" classname="p2.S5.SomeLongLongLongLongLongTestName_181" name="Run 0" assertions="3 total, 0 failed, 3 succeeded"/><testcase time="-7751.247007716263" classname="p2.S5.SomeLongLongLongLongLongTestName_182" name="Run 0" assertions="3 total, 0 failed, 3 succeeded"/><testcase time="-8928.999288818064" classname="p2.S5.SomeLongLongLongLongLongTestName_183" name="Run 0" assertions="3 total, 0 failed, 3 succeeded"/><testcase time="-201.03264483955633" classname="p2.S5.SomeLongLongLongLongLongTestName_184" name="Run 0" assertions="3 total, 0 failed, 3 succeeded"/><testcase time="-1759.3328967504226" classname="p2.S5.SomeLongLongLongLongLongTestName_185" name="Run 0" assertions="3 total, 0 failed, 3 succeeded"/><testcase time="-5858.116537518511" classname="p2.S5.SomeLongLongLongLongLongTestName_186" name="Run 0" assertions="3 total, 0 failed, 3 succeeded"/><testcase time="-6394.76640388398" classname="p2.S5.SomeLongLongLongLongLongTestName_187" name="Run 0" assertions="3 total, 0 failed, 3 succeeded"/><testcase time="-1229.932286161652" classname="p2.S5.SomeLongLongLongLongLongTestName_188" name="Run 0" assertions="3 total, 0 failed, 3 succeeded"/><testcase time="-6387.355905008737" classname="p2.S5.SomeLongLongLongLongLongTestName_189" name="Run 0" assertions="3 total, 0 failed, 3 succeeded"/><testcase time="-2543.7139190958237" classname="p2.S5.SomeLongLongLongLongLongTestName_190" name="Run 0" assertions="3 total, 0 failed, 3 succeeded"/><testcase time="-9342.786099646359" classname="p2.S5.SomeLongLongLongLongLongTestName_191" name="Run 0" assertions="3 total, 0 failed, 3 succeeded"/><testcase time="-5139.073300060045" classname="p2.S5.SomeLongLongLongLongLongTestName_192" name="Run 0" assertions="3 total, 0 failed, 3 succeeded"/><testcase time="-8795.453629994001" classname="p2.S5.SomeLongLongLongLongLongTestName_193" name="Run 0" assertions="3 total, 0 failed, 3 succeeded"/><testcase time="-603.2353367144638" classname="p2.S5.SomeLongLongLongLongLongTestName_194" name="Run 0" assertions="3 total, 0 failed, 3 succeeded"/><testcase time="-6976.529355361741" classname="p2.S5.SomeLongLongLongLongLongTestName_195" name="Run 0" assertions="3 total, 0 failed, 3 succeeded"/><testcase time="-8341.055417568054" classname="p2.S5.SomeLongLongLongLongLongTestName_196" name="Run 0" assertions="3 total, 0 failed, 3 succeeded"/><testcase time="-9273.605772426106" classname="p2.S5.SomeLongLongLongLongLongTestName_197" name="Run 0" assertions="3 total, 0 failed, 3 succeeded"/><testcase time="-1054.6577426723773" classname="p2.S5.SomeLongLongLongLongLongTestName_198" name="Run 0" assertions="3 total, 0 failed, 3 succeeded"/><testcase time="-2861.989206479843" classname="p2.S5.SomeLongLongLongLongLongTestName_199" name="Run 0" assertions="3 total, 0 failed, 3 succeeded"/><testcase time="-4745.248062469463" classname="p2.S5.SomeLongLongLongLongLongTestName_200" name="Run 0" assertions="3 total, 0 failed, 3 succeeded"/><testcase time="-5088.84061985135" classname="p2.S5.SomeLongLongLongLongLongTestName_201" name="Run 0" assertions="3 total, 0 failed, 3 succeeded"/><testcase time="-1545.6506740595046" classname="p2.S5.SomeLongLongLongLongLongTestName_202" name="Run 0" assertions="3 total, 0 failed, 3 succeeded"/><testcase time="-3705.1413350766757" classname="p2.S5.SomeLongLongLongLongLongTestName_203" name="Run 0" assertions="3 total, 0 failed, 3 succeeded"/><testcase time="-3550.0471072110026" classname="p2.S5.SomeLongLongLongLongLongTestName_204" name="Run 0" assertions="3 total, 0 failed, 3 succeeded"/><testcase time="-1376.94518695177" classname="p2.S5.SomeLongLongLongLongLongTestName_205" name="Run 0" assertions="3 total, 0 failed, 3 succeeded"/><testcase time="-5295.339824447002" classname="p2.S5.SomeLongLongLongLongLongTestName_206" name="Run 0" assertions="3 total, 0 failed, 3 succeeded"/><testcase time="-7527.476785535625" classname="p2.S5.SomeLongLongLongLongLongTestName_207" name="Run 0" assertions="3 total, 0 failed, 3 succeeded"/><testcase time="-1010.0294183892403" classname="p2.S5.SomeLongLongLongLongLongTestName_208" name="Run 0" assertions="3 total, 0 failed, 3 succeeded"/><testcase time="-7150.134284296755" classname="p2.S5.SomeLongLongLongLongLongTestName_209" name="Run 0" assertions="3 total, 0 failed, 3 succeeded"/><testcase time="-6315.764548285718" classname="p2.S5.SomeLongLongLongLongLongTestName_210" name="Run 0" assertions="3 total, 0 failed, 3 succeeded"/><testcase time="-1987.299744849412" classname="p2.S5.SomeLongLongLongLongLongTestName_211" name="Run 0" assertions="3 total, 0 failed, 3 succeeded"/><testcase time="-8677.377661754592" classname="p2.S5.SomeLongLongLongLongLongTestName_212" name="Run 0" assertions="3 total, 0 failed, 3 succeeded"/><testcase time="-2967.7223605161853" classname="p2.S5.SomeLongLongLongLongLongTestName_213" name="Run 0" assertions="3 total, 0 failed, 3 succeeded"/><testcase time="-9960.399272874065" classname="p2.S5.SomeLongLongLongLongLongTestName_214" name="Run 0" assertions="3 total, 0 failed, 3 succeeded"/><testcase time="-3022.0774472346047" classname="p2.S5.SomeLongLongLongLongLongTestName_215" name="Run 0" assertions="3 total, 0 failed, 3 succeeded"/><testcase time="-4257.031030889268" classname="p2.S5.SomeLongLongLongLongLongTestName_216" name="Run 0" assertions="3 total, 0 failed, 3 succeeded"/><testcase time="-7904.704616584953" classname="p2.S5.SomeLongLongLongLongLongTestName_217" name="Run 0" assertions="3 total, 0 failed, 3 succeeded"/><testcase time="-249.73482207618218" classname="p2.S5.SomeLongLongLongLongLongTestName_218" name="Run 0" assertions="3 total, 0 failed, 3 succeeded"/><testcase time="-434.07712542134436" classname="p2.S5.SomeLongLongLongLongLongTestName_219" name="Run 0" assertions="3 total, 0 failed, 3 succeeded"/><testcase time="-1081.8799089236677" classname="p2.S5.SomeLongLongLongLongLongTestName_220" name="Run 0" assertions="3 total, 0 failed, 3 succeeded"/><testcase time="-6560.9072230574375" classname="p2.S5.SomeLongLongLongLongLongTestName_221" name="Run 0" assertions="3 total, 0 failed, 3 succeeded"/><testcase time="-7295.190740133328" classname="p2.S5.SomeLongLongLongLongLongTestName_222" name="Run 0" assertions="3 total, 0 failed, 3 succeeded"/><testcase time="-4832.721303206556" classname="p2.S5.SomeLongLongLongLongLongTestName_223" name="Run 0" assertions="3 total, 0 failed, 3 succeeded"/><testcase time="-7576.024688191145" classname="p2.S5.SomeLongLongLongLongLongTestName_224" name="Run 0" assertions="3 total, 0 failed, 3 succeeded"/><testcase time="-9531.050634235036" classname="p2.S5.SomeLongLongLongLongLongTestName_225" name="Run 0" assertions="3 total, 0 failed, 3 succeeded"/><testcase time="-1206.8607044205858" classname="p2.S5.SomeLongLongLongLongLongTestName_226" name="Run 0" assertions="3 total, 0 failed, 3 succeeded"/><testcase time="-7561.227824235595" classname="p2.S5.SomeLongLongLongLongLongTestName_227" name="Run 0" assertions="3 total, 0 failed, 3 succeeded"/><testcase time="-8443.49676467891" classname="p2.S5.SomeLongLongLongLongLongTestName_228" name="Run 0" assertions="3 total, 0 failed, 3 succeeded"/><testcase time="-2424.2258826298525" classname="p2.S5.SomeLongLongLongLongLongTestName_229" name="Run 0" assertions="3 total, 0 failed, 3 succeeded"/><testcase time="-8368.82477888394" classname="p2.S5.SomeLongLongLongLongLongTestName_230" name="Run 0" assertions="3 total, 0 failed, 3 succeeded"/><testcase time="-6574.775245484511" classname="p2.S5.SomeLongLongLongLongLongTestName_231" name="Run 0" assertions="3 total, 0 failed, 3 succeeded"/><testcase time="-1064.3549333979238" classname="p2.S5.SomeLongLongLongLongLongTestName_232" name="Run 0" assertions="3 total, 0 failed, 3 succeeded"/><testcase time="-6290.279788560565" classname="p2.S5.SomeLongLongLongLongLongTestName_233" name="Run 0" assertions="3 total, 0 failed, 3 succeeded"/><testcase time="-6969.893573934004" classname="p2.S5.SomeLongLongLongLongLongTestName_234" name="Run 0" assertions="3 total, 0 failed, 3 succeeded"/><testcase time="-469.17175931812164" classname="p2.S5.SomeLongLongLongLongLongTestName_235" name="Run 0" assertions="3 total, 0 failed, 3 succeeded"/><testcase time="-9819.629641501971" classname="p2.S5.SomeLongLongLongLongLongTestName_236" name="Run 0" assertions="3 total, 0 failed, 3 succeeded"/><testcase time="-5913.659488838308" classname="p2.S5.SomeLongLongLongLongLongTestName_237" name="Run 0" assertions="3 total, 0 failed, 3 succeeded"/><testcase time="-8515.74756670992" classname="p2.S5.SomeLongLongLongLongLongTestName_238" name="Run 0" assertions="3 total, 0 failed, 3 succeeded"/><testcase time="-5289.068105769442" classname="p2.S5.SomeLongLongLongLongLongTestName_239" name="Run 0" assertions="3 total, 0 failed, 3 succeeded"/><testcase time="-8130.4826572599795" classname="p2.S5.SomeLongLongLongLongLongTestName_240" name="Run 0" assertions="3 total, 0 failed, 3 succeeded"/><testcase time="-1601.1381865415337" classname="p2.S5.SomeLongLongLongLongLongTestName_241" name="Run 0" assertions="3 total, 0 failed, 3 succeeded"/><testcase time="-5927.776468987855" classname="p2.S5.SomeLongLongLongLongLongTestName_242" name="Run 0" assertions="3 total, 0 failed, 3 succeeded"/><testcase time="-6749.933215357027" classname="p2.S5.SomeLongLongLongLongLongTestName_243" name="Run 0" assertions="3 total, 0 failed, 3 succeeded"/><testcase time="-841.7298768857299" classname="p2.S5.SomeLongLongLongLongLongTestName_244" name="Run 0" assertions="3 total, 0 failed, 3 succeeded"/><testcase time="-1360.3099008692259" classname="p2.S5.SomeLongLongLongLongLongTestName_245" name="Run 0" assertions="3 total, 0 failed, 3 succeeded"/><testcase time="-4880.912728597876" classname="p2.S5.SomeLongLongLongLongLongTestName_246" name="Run 0" assertions="3 total, 0 failed, 3 succeeded"/><testcase time="-5177.116961093077" classname="p2.S5.SomeLongLongLongLongLongTestName_247" name="Run 0" assertions="3 total, 0 failed, 3 succeeded"/><testcase time="-2490.430706161599" classname="p2.S5.SomeLongLongLongLongLongTestName_248" name="Run 0" assertions="3 total, 0 failed, 3 succeeded"/><testcase time="-8799.75616233495" classname="p2.S5.SomeLongLongLongLongLongTestName_249" name="Run 0" assertions="3 total, 0 failed, 3 succeeded"/><testcase time="-5229.396883564646" classname="p2.S5.SomeLongLongLongLongLongTestName_250" name="Run 0" assertions="3 total, 0 failed, 3 succeeded"/><testcase time="-7648.694657536943" classname="p2.S5.SomeLongLongLongLongLongTestName_251" name="Run 0" assertions="3 total, 0 failed, 3 succeeded"/><testcase time="-5228.42684610832" classname="p2.S5.SomeLongLongLongLongLongTestName_252" name="Run 0" assertions="3 total, 0 failed, 3 succeeded"/><testcase time="-6591.343088164639" classname="p2.S5.SomeLongLongLongLongLongTestName_253" name="Run 0" assertions="3 total, 0 failed, 3 succeeded"/><testcase time="-4334.023812404223" classname="p2.S5.SomeLongLongLongLongLongTestName_254" name="Run 0" assertions="3 total, 0 failed, 3 succeeded"/><testcase time="-7854.037735249766" classname="p2.S5.SomeLongLongLongLongLongTestName_255" name="Run 0" assertions="3 total, 0 failed, 3 succeeded"/><testcase time="-2572.4468966358486" classname="p2.S5.SomeLongLongLongLongLongTestName_256" name="Run 0" assertions="3 total, 0 failed, 3 succeeded"/><testcase time="-6132.127403450311" classname="p2.S5.SomeLongLongLongLongLongTestName_257" name="Run 0" assertions="3 total, 0 failed, 3 succeeded"/><testcase time="-6599.102783211111" classname="p2.S5.SomeLongLongLongLongLongTestName_258" name="Run 0" assertions="3 total, 0 failed, 3 succeeded"/><testcase time="-4206.341579991635" classname="p2.S5.SomeLongLongLongLongLongTestName_259" name="Run 0" assertions="3 total, 0 failed, 3 succeeded"/><testcase time="-8175.798598008204" classname="p2.S5.SomeLongLongLongLongLongTestName_260" name="Run 0" assertions="3 total, 0 failed, 3 succeeded"/><testcase time="-5374.82803897716" classname="p2.S5.SomeLongLongLongLongLongTestName_261" name="Run 0" assertions="3 total, 0 failed, 3 succeeded"/><testcase time="-9585.1551259659" classname="p2.S5.SomeLongLongLongLongLongTestName_262" name="Run 0" assertions="3 total, 0 failed, 3 succeeded"/><testcase time="-1046.5598101651176" classname="p2.S5.SomeLongLongLongLongLongTestName_263" name="Run 0" assertions="3 total, 0 failed, 3 succeeded"/><testcase time="-6385.98743612464" classname="p2.S5.SomeLongLongLongLongLongTestName_264" name="Run 0" assertions="3 total, 0 failed, 3 succeeded"/><testcase time="-8796.21999317196" classname="p2.S5.SomeLongLongLongLongLongTestName_265" name="Run 0" assertions="3 total, 0 failed, 3 succeeded"/><testcase time="-4334.989423191882" classname="p2.S5.SomeLongLongLongLongLongTestName_266" name="Run 0" assertions="3 total, 0 failed, 3 succeeded"/><testcase time="-1367.1703054025659" classname="p2.S5.SomeLongLongLongLongLongTestName_267" name="Run 0" assertions="3 total, 0 failed, 3 succeeded"/><testcase time="-8507.173803201664" classname="p2.S5.SomeLongLongLongLongLongTestName_268" name="Run 0" assertions="3 total, 0 failed, 3 succeeded"/><testcase time="-1254.1106530645304" classname="p2.S5.SomeLongLongLongLongLongTestName_269" name="Run 0" assertions="3 total, 0 failed, 3 succeeded"/><testcase time="-9187.004911293792" classname="p2.S5.SomeLongLongLongLongLongTestName_270" name="Run 0" assertions="3 total, 0 failed, 3 succeeded"/><testcase time="-5724.193025158675" classname="p2.S5.SomeLongLongLongLongLongTestName_271" name="Run 0" assertions="3 total, 0 failed, 3 succeeded"/><testcase time="-1622.9283495743598" classname="p2.S5.SomeLongLongLongLongLongTestName_272" name="Run 0" assertions="3 total, 0 failed, 3 succeeded"/><testcase time="-6295.804915530422" classname="p2.S5.SomeLongLongLongLongLongTestName_273" name="Run 0" assertions="3 total, 0 failed, 3 succeeded"/><testcase time="-2954.7735863048747" classname="p2.S5.SomeLongLongLongLongLongTestName_274" name="Run 0" assertions="3 total, 0 failed, 3 succeeded"/><testcase time="-9306.840186707006" classname="p2.S5.SomeLongLongLongLongLongTestName_275" name="Run 0" assertions="3 total, 0 failed, 3 succeeded"/><testcase time="-3706.7935475323316" classname="p2.S5.SomeLongLongLongLongLongTestName_276" name="Run 0" assertions="3 total, 0 failed, 3 succeeded"/><testcase time="-6702.478699433583" classname="p2.S5.SomeLongLongLongLongLongTestName_277" name="Run 0" assertions="3 total, 0 failed, 3 succeeded"/><testcase time="-5682.693638892756" classname="p2.S5.SomeLongLongLongLongLongTestName_278" name="Run 0" assertions="3 total, 0 failed, 3 succeeded"/><testcase time="-1119.4886826357342" classname="p2.S5.SomeLongLongLongLongLongTestName_279" name="Run 0" assertions="3 total, 0 failed, 3 succeeded"/><testcase time="-455.81642018052" classname="p2.S5.SomeLongLongLongLongLongTestName_280" name="Run 0" assertions="3 total, 0 failed, 3 succeeded"/><testcase time="-6694.9207970360685" classname="p2.S5.SomeLongLongLongLongLongTestName_281" name="Run 0" assertions="3 total, 0 failed, 3 succeeded"/><testcase time="-3635.9167457030194" classname="p2.S5.SomeLongLongLongLongLongTestName_282" name="Run 0" assertions="3 total, 0 failed, 3 succeeded"/><testcase time="-4678.318885141708" classname="p2.S5.SomeLongLongLongLongLongTestName_283" name="Run 0" assertions="3 total, 0 failed, 3 succeeded"/><testcase time="-1608.2227475801888" classname="p2.S5.SomeLongLongLongLongLongTestName_284" name="Run 0" assertions="3 total, 0 failed, 3 succeeded"/><testcase time="-7483.613065150804" classname="p2.S5.SomeLongLongLongLongLongTestName_285" name="Run 0" assertions="3 total, 0 failed, 3 succeeded"/><testcase time="0" classname="p2.S5.SomeLongLongLongLongLongTestName_286" name="Run 0" assertions="3 total, 0 failed, 3 succeeded"><skipped type="Skipped" message="This test was disabled."/></testcase><testcase time="0" classname="p2.S5.SomeLongLongLongLongLongTestName_287" name="Run 0" assertions="3 total, 0 failed, 3 succeeded"><skipped type="Skipped" message="This test was disabled."/></testcase><testcase time="0" classname="p2.S5.SomeLongLongLongLongLongTestName_288" name="Run 0" assertions="3 total, 0 failed, 3 succeeded"><skipped type="Skipped" message="This test was disabled."/></testcase><testcase time="0" classname="p2.S5.SomeLongLongLongLongLongTestName_289" name="Run 0" assertions="3 total, 0 failed, 3 succeeded"><skipped type="Skipped" message="This test was disabled."/></testcase><testcase time="0" classname="p2.S5.SomeLongLongLongLongLongTestName_290" name="Run 0" assertions="3 total, 0 failed, 3 succeeded"><skipped type="Skipped" message="This test was disabled."/></testcase><testcase time="0" classname="p2.S5.SomeLongLongLongLongLongTestName_291" name="Run 0" assertions="3 total, 0 failed, 3 succeeded"><skipped type="Skipped" message="This test was disabled."/></testcase><testcase time="0" classname="p2.S5.SomeLongLongLongLongLongTestName_292" name="Run 0" assertions="3 total, 0 failed, 3 succeeded"><skipped type="Skipped" message="This test was disabled."/></testcase><testcase time="0" classname="p2.S5.SomeLongLongLongLongLongTestName_293" name="Run 0" assertions="3 total, 0 failed, 3 succeeded"><skipped type="Skipped" message="This test was disabled."/></testcase><testcase time="0" classname="p2.S5.SomeLongLongLongLongLongTestName_294" name="Run 0" assertions="3 total, 0 failed, 3 succeeded"><skipped type="Skipped" message="This test was disabled."/></testcase><testcase time="0" classname="p2.S5.SomeLongLongLongLongLongTestName_295" name="Run 0" assertions="3 total, 0 failed, 3 succeeded"><skipped type="Skipped" message="This test was disabled."/></testcase><testcase time="0" classname="p2.S5.SomeLongLongLongLongLongTestName_296" name="Run 0" assertions="3 total, 0 failed, 3 succeeded"><skipped type="Skipped" message="This test was disabled."/></testcase><testcase time="0" classname="p2.S5.SomeLongLongLongLongLongTestName_297" name="Run 0" assertions="3 total, 0 failed, 3 succeeded"><skipped type="Skipped" message="This test was disabled."/></testcase><testcase time="0" classname="p2.S5.SomeLongLongLongLongLongTestName_298" name="Run 0" assertions="3 total, 0 failed, 3 succeeded"><skipped type="Skipped" message="This test was disabled."/></testcase><testcase time="0" classname="p2.S5.SomeLongLongLongLongLongTestName_299" name="Run 0" assertions="3 total, 0 failed, 3 succeeded"><skipped type="Skipped" message="This test was disabled."/></testcase><testcase time="0" classname="p2.S5.SomeLongLongLongLongLongTestName_300" name="Run 0" assertions="3 total, 0 failed, 3 succeeded"><skipped type="Skipped" message="This test was disabled."/></testcase><testcase time="0" classname="p2.S5.SomeLongLongLongLongLongTestName_301" name="Run 0" assertions="3 total, 0 failed, 3 succeeded"><skipped type="Skipped" message="This test was disabled."/></testcase><testcase time="0" classname="p2.S5.SomeLongLongLongLongLongTestName_302" name="Run 0" assertions="3 total, 0 failed, 3 succeeded"><skipped type="Skipped" message="This test was disabled."/></testcase><testcase time="0" classname="p2.S5.SomeLongLongLongLongLongTestName_303" name="Run 0" assertions="3 total, 0 failed, 3 succeeded"><skipped type="Skipped" message="This test was disabled."/></testcase><testcase time="0" classname="p2.S5.SomeLongLongLongLongLongTestName_304" name="Run 0" assertions="3 total, 0 failed, 3 succeeded"><skipped type="Skipped" message="This test was disabled."/></testcase><testcase time="0" classname="p2.S5.SomeLongLongLongLongLongTestName_305" name="Run 0" assertions="3 total, 0 failed, 3 succeeded"><skipped type="Skipped" message="This test was disabled."/></testcase><testcase time="0" classname="p2.S5.SomeLongLongLongLongLongTestName_306" name="Run 0" assertions="3 total, 0 failed, 3 succeeded"><skipped type="Skipped" message="This test was disabled."/></testcase><testcase time="0" classname="p2.S5.SomeLongLongLongLongLongTestName_307" name="Run 0" assertions="3 total, 0 failed, 3 succeeded"><skipped type="Skipped" message="This test was disabled."/></testcase><testcase time="0" classname="p2.S5.SomeLongLongLongLongLongTestName_308" name="Run 0" assertions="3 total, 0 failed, 3 succeeded"><skipped type="Skipped" message="This test was disabled."/></testcase><testcase time="0" classname="p2.S5.SomeLongLongLongLongLongTestName_309" name="Run 0" assertions="3 total, 0 failed, 3 succeeded"><skipped type="Skipped" message="This test was disabled."/></testcase><testcase time="0" classname="p2.S5.SomeLongLongLongLongLongTestName_310" name="Run 0" assertions="3 total, 0 failed, 3 succeeded"><skipped type="Skipped" message="This test was disabled."/></testcase><testcase time="0" classname="p2.S5.SomeLongLongLongLongLongTestName_311" name="Run 0" assertions="3 total, 0 failed, 3 succeeded"><skipped type="Skipped" message="This test was disabled."/></testcase><testcase time="0" classname="p2.S5.SomeLongLongLongLongLongTestName_312" name="Run 0" assertions="3 total, 0 failed, 3 succeeded"><skipped type="Skipped" message="This test was disabled."/></testcase><testcase time="0" classname="p2.S5.SomeLongLongLongLongLongTestName_313" name="Run 0" assertions="3 total, 0 failed, 3 succeeded"><skipped type="Skipped" message="This test was disabled."/></testcase><testcase time="0" classname="p2.S5.SomeLongLongLongLongLongTestName_314" name="Run 0" assertions="3 total, 0 failed, 3 succeeded"><skipped type="Skipped" message="This test was disabled."/></testcase><testcase time="0" classname="p2.S5.SomeLongLongLongLongLongTestName_315" name="Run 0" assertions="3 total, 0 failed, 3 succeeded"><skipped type="Skipped" message="This test was disabled."/></testcase><testcase time="0" classname="p2.S5.SomeLongLongLongLongLongTestName_316" name="Run 0" assertions="3 total, 0 failed, 3 succeeded"><skipped type="Skipped" message="This test was disabled."/></testcase><testcase time="0" classname="p2.S5.SomeLongLongLongLongLongTestName_317" name="Run 0" assertions="3 total, 0 failed, 3 succeeded"><skipped type="Skipped" message="This test was disabled."/></testcase><testcase time="0" classname="p2.S5.SomeLongLongLongLongLongTestName_318" name="Run 0" assertions="3 total, 0 failed, 3 succeeded"><skipped type="Skipped" message="This test was disabled."/></testcase><testcase time="0" classname="p2.S5.SomeLongLongLongLongLongTestName_319" name="Run 0" assertions="3 total, 0 failed, 3 succeeded"><skipped type="Skipped" message="This test was disabled."/></testcase><testcase time="0" classname="p2.S5.SomeLongLongLongLongLongTestName_320" name="Run 0" assertions="3 total, 0 failed, 3 succeeded"><skipped type="Skipped" message="This test was disabled."/></testcase><testcase time="0" classname="p2.S5.SomeLongLongLongLongLongTestName_321" name="Run 0" assertions="3 total, 0 failed, 3 succeeded"><skipped type="Skipped" message="This test was disabled."/></testcase><testcase time="0" classname="p2.S5.SomeLongLongLongLongLongTestName_322" name="Run 0" assertions="3 total, 0 failed, 3 succeeded"><skipped type="Skipped" message="This test was disabled."/></testcase><testcase time="0" classname="p2.S5.SomeLongLongLongLongLongTestName_323" name="Run 0" assertions="3 total, 0 failed, 3 succeeded"><skipped type="Skipped" message="This test was disabled."/></testcase><testcase time="0" classname="p2.S5.SomeLongLongLongLongLongTestName_324" name="Run 0" assertions="3 total, 0 failed, 3 succeeded"><skipped type="Skipped" message="This test was disabled."/></testcase><testcase time="0" classname="p2.S5.SomeLongLongLongLongLongTestName_325" name="Run 0" assertions="3 total, 0 failed, 3 succeeded"><skipped type="Skipped" message="This test was disabled."/></testcase><testcase time="0" classname="p2.S5.SomeLongLongLongLongLongTestName_326" name="Run 0" assertions="3 total, 0 failed, 3 succeeded"><skipped type="Skipped" message="This test was disabled."/></testcase><testcase time="0" classname="p2.S5.SomeLongLongLongLongLongTestName_327" name="Run 0" assertions="3 total, 0 failed, 3 succeeded"><skipped type="Skipped" message="This test was disabled."/></testcase><testcase time="0" classname="p2.S5.SomeLongLongLongLongLongTestName_328" name="Run 0" assertions="3 total, 0 failed, 3 succeeded"><skipped type="Skipped" message="This test was disabled."/></testcase><testcase time="0" classname="p2.S5.SomeLongLongLongLongLongTestName_329" name="Run 0" assertions="3 total, 0 failed, 3 succeeded"><skipped type="Skipped" message="This test was disabled."/></testcase><testcase time="0" classname="p2.S5.SomeLongLongLongLongLongTestName_330" name="Run 0" assertions="3 total, 0 failed, 3 succeeded"><skipped type="Skipped" message="This test was disabled."/></testcase><testcase time="0" classname="p2.S5.SomeLongLongLongLongLongTestName_331" name="Run 0" assertions="3 total, 0 failed, 3 succeeded"><skipped type="Skipped" message="This test was disabled."/></testcase><testcase time="0" classname="p2.S5.SomeLongLongLongLongLongTestName_332" name="Run 0" assertions="3 total, 0 failed, 3 succeeded"><skipped type="Skipped" message="This test was disabled."/></testcase><testcase time="0" classname="p2.S5.SomeLongLongLongLongLongTestName_333" name="Run 0" assertions="3 total, 0 failed, 3 succeeded"><skipped type="Skipped" message="This test was disabled."/></testcase><testcase time="0" classname="p2.S5.SomeLongLongLongLongLongTestName_334" name="Run 0" assertions="3 total, 0 failed, 3 succeeded"><skipped type="Skipped" message="This test was disabled."/></testcase><testcase time="0" classname="p2.S5.SomeLongLongLongLongLongTestName_335" name="Run 0" assertions="3 total, 0 failed, 3 succeeded"><skipped type="Skipped" message="This test was disabled."/></testcase><testcase time="0" classname="p2.S5.SomeLongLongLongLongLongTestName_336" name="Run 0" assertions="3 total, 0 failed, 3 succeeded"><skipped type="Skipped" message="This test was disabled."/></testcase><testcase time="0" classname="p2.S5.SomeLongLongLongLongLongTestName_337" name="Run 0" assertions="3 total, 0 failed, 3 succeeded"><skipped type="Skipped" message="This test was disabled."/></testcase><testcase time="0" classname="p2.S5.SomeLongLongLongLongLongTestName_338" name="Run 0" assertions="3 total, 0 failed, 3 succeeded"><skipped type="Skipped" message="This test was disabled."/></testcase><testcase time="0" classname="p2.S5.SomeLongLongLongLongLongTestName_339" name="Run 0" assertions="3 total, 0 failed, 3 succeeded"><skipped type="Skipped" message="This test was disabled."/></testcase><testcase time="0" classname="p2.S5.SomeLongLongLongLongLongTestName_340" name="Run 0" assertions="3 total, 0 failed, 3 succeeded"><skipped type="Skipped" message="This test was disabled."/></testcase><testcase time="0" classname="p2.S5.SomeLongLongLongLongLongTestName_341" name="Run 0" assertions="3 total, 0 failed, 3 succeeded"><skipped type="Skipped" message="This test was disabled."/></testcase><testcase time="0" classname="p2.S5.SomeLongLongLongLongLongTestName_342" name="Run 0" assertions="3 total, 0 failed, 3 succeeded"><skipped type="Skipped" message="This test was disabled."/></testcase><testcase time="0" classname="p2.S5.SomeLongLongLongLongLongTestName_343" name="Run 0" assertions="3 total, 0 failed, 3 succeeded"><skipped type="Skipped" message="This test was disabled."/></testcase><testcase time="0" classname="p2.S5.SomeLongLongLongLongLongTestName_344" name="Run 0" assertions="3 total, 0 failed, 3 succeeded"><skipped type="Skipped" message="This test was disabled."/></testcase><testcase time="0" classname="p2.S5.SomeLongLongLongLongLongTestName_345" name="Run 0" assertions="3 total, 0 failed, 3 succeeded"><skipped type="Skipped" message="This test was disabled."/></testcase><testcase time="0" classname="p2.S5.SomeLongLongLongLongLongTestName_346" name="Run 0" assertions="3 total, 0 failed, 3 succeeded"><skipped type="Skipped" message="This test was disabled."/></testcase><testcase time="0" classname="p2.S5.SomeLongLongLongLongLongTestName_347" name="Run 0" assertions="3 total, 0 failed, 3 succeeded"><skipped type="Skipped" message="This test was disabled."/></testcase><testcase time="0" classname="p2.S5.SomeLongLongLongLongLongTestName_348" name="Run 0" assertions="3 total, 0 failed, 3 succeeded"><skipped type="Skipped" message="This test was disabled."/></testcase><testcase time="0" classname="p2.S5.SomeLongLongLongLongLongTestName_349" name="Run 0" assertions="3 total, 0 failed, 3 succeeded"><skipped type="Skipped" message="This test was disabled."/></testcase><testcase time="0" classname="p2.S5.SomeLongLongLongLongLongTestName_350" name="Run 0" assertions="3 total, 0 failed, 3 succeeded"><skipped type="Skipped" message="This test was disabled."/></testcase><testcase time="0" classname="p2.S5.SomeLongLongLongLongLongTestName_351" name="Run 0" assertions="3 total, 0 failed, 3 succeeded"><skipped type="Skipped" message="This test was disabled."/></testcase><testcase time="0" classname="p2.S5.SomeLongLongLongLongLongTestName_352" name="Run 0" assertions="3 total, 0 failed, 3 succeeded"><skipped type="Skipped" message="This test was disabled."/></testcase><testcase time="0" classname="p2.S5.SomeLongLongLongLongLongTestName_353" name="Run 0" assertions="3 total, 0 failed, 3 succeeded"><skipped type="Skipped" message="This test was disabled."/></testcase><testcase time="0" classname="p2.S5.SomeLongLongLongLongLongTestName_354" name="Run 0" assertions="3 total, 0 failed, 3 succeeded"><skipped type="Skipped" message="This test was disabled."/></testcase><testcase time="0" classname="p2.S5.SomeLongLongLongLongLongTestName_355" name="Run 0" assertions="3 total, 0 failed, 3 succeeded"><skipped type="Skipped" message="This test was disabled."/></testcase><testcase time="0" classname="p2.S5.SomeLongLongLongLongLongTestName_356" name="Run 0" assertions="3 total, 0 failed, 3 succeeded"><skipped type="Skipped" message="This test was disabled."/></testcase><testcase time="0" classname="p2.S5.SomeLongLongLongLongLongTestName_357" name="Run 0" assertions="3 total, 0 failed, 3 succeeded"><skipped type="Skipped" message="This test was disabled."/></testcase><testcase time="0" classname="p2.S5.SomeLongLongLongLongLongTestName_358" name="Run 0" assertions="3 total, 0 failed, 3 succeeded"><skipped type="Skipped" message="This test was disabled."/></testcase><testcase time="0" classname="p2.S5.SomeLongLongLongLongLongTestName_359" name="Run 0" assertions="3 total, 0 failed, 3 succeeded"><skipped type="Skipped" message="This test was disabled."/></testcase><testcase time="0" classname="p2.S5.SomeLongLongLongLongLongTestName_360" name="Run 0" assertions="3 total, 0 failed, 3 succeeded"><skipped type="Skipped" message="This test was disabled."/></testcase><testcase time="0" classname="p2.S5.SomeLongLongLongLongLongTestName_361" name="Run 0" assertions="3 total, 0 failed, 3 succeeded"><skipped type="Skipped" message="This test was disabled."/></testcase><testcase time="0" classname="p2.S5.SomeLongLongLongLongLongTestName_362" name="Run 0" assertions="3 total, 0 failed, 3 succeeded"><skipped type="Skipped" message="This test was disabled."/></testcase><testcase time="0" classname="p2.S5.SomeLongLongLongLongLongTestName_363" name="Run 0" assertions="3 total, 0 failed, 3 succeeded"><skipped type="Skipped" message="This test was disabled."/></testcase><testcase time="0" classname="p2.S5.SomeLongLongLongLongLongTestName_364" name="Run 0" assertions="3 total, 0 failed, 3 succeeded"><skipped type="Skipped" message="This test was disabled."/></testcase><testcase time="0" classname="p2.S5.SomeLongLongLongLongLongTestName_365" name="Run 0" assertions="3 total, 0 failed, 3 succeeded"><skipped type="Skipped" message="This test was disabled."/></testcase><testcase time="0" classname="p2.S5.SomeLongLongLongLongLongTestName_366" name="Run 0" assertions="3 total, 0 failed, 3 succeeded"><skipped type="Skipped" message="This test was disabled."/></testcase><testcase time="0" classname="p2.S5.SomeLongLongLongLongLongTestName_367" name="Run 0" assertions="3 total, 0 failed, 3 succeeded"><skipped type="Skipped" message="This test was disabled."/></testcase><testcase time="0" classname="p2.S5.SomeLongLongLongLongLongTestName_368" name="Run 0" assertions="3 total, 0 failed, 3 succeeded"><skipped type="Skipped" message="This test was disabled."/></testcase><testcase time="0" classname="p2.S5.SomeLongLongLongLongLongTestName_369" name="Run 0" assertions="3 total, 0 failed, 3 succeeded"><skipped type="Skipped" message="This test was disabled."/></testcase><testcase time="0" classname="p2.S5.SomeLongLongLongLongLongTestName_370" name="Run 0" assertions="3 total, 0 failed, 3 succeeded"><skipped type="Skipped" message="This test was disabled."/></testcase><testcase time="0" classname="p2.S5.SomeLongLongLongLongLongTestName_371" name="Run 0" assertions="3 total, 0 failed, 3 succeeded"><skipped type="Skipped" message="This test was disabled."/></testcase><testcase time="0" classname="p2.S5.SomeLongLongLongLongLongTestName_372" name="Run 0" assertions="3 total, 0 failed, 3 succeeded"><skipped type="Skipped" message="This test was disabled."/></testcase><testcase time="0" classname="p2.S5.SomeLongLongLongLongLongTestName_373" name="Run 0" assertions="3 total, 0 failed, 3 succeeded"><skipped type="Skipped" message="This test was disabled."/></testcase><testcase time="0" classname="p2.S5.SomeLongLongLongLongLongTestName_374" name="Run 0" assertions="3 total, 0 failed, 3 succeeded"><skipped type="Skipped" message="This test was disabled."/></testcase><testcase time="0" classname="p2.S5.SomeLongLongLongLongLongTestName_375" name="Run 0" assertions="3 total, 0 failed, 3 succeeded"><skipped type="Skipped" message="This test was disabled."/></testcase><testcase time="0" classname="p2.S5.SomeLongLongLongLongLongTestName_376" name="Run 0" assertions="3 total, 0 failed, 3 succeeded"><skipped type="Skipped" message="This test was disabled."/></testcase><testcase time="0" classname="p2.S5.SomeLongLongLongLongLongTestName_377" name="Run 0" assertions="3 total, 0 failed, 3 succeeded"><skipped type="Skipped" message="This test was disabled."/></testcase><testcase time="0" classname="p2.S5.SomeLongLongLongLongLongTestName_378" name="Run 0" assertions="3 total, 0 failed, 3 succeeded"><skipped type="Skipped" message="This test was disabled."/></testcase><testcase time="0" classname="p2.S5.SomeLongLongLongLongLongTestName_379" name="Run 0" assertions="3 total, 0 failed, 3 succeeded"><skipped type="Skipped" message="This test was disabled."/></testcase><testcase time="0" classname="p2.S5.SomeLongLongLongLongLongTestName_380" name="Run 0" assertions="3 total, 0 failed, 3 succeeded"><skipped type="Skipped" message="This test was disabled."/></testcase><testcase time="0" classname="p2.S5.SomeLongLongLongLongLongTestName_381" name="Run 0" assertions="3 total, 0 failed, 3 succeeded"><skipped type="Skipped" message="This test was disabled."/></testcase><testcase time="0" classname="p2.S5.SomeLongLongLongLongLongTestName_382" name="Run 0" assertions="3 total, 0 failed, 3 succeeded"><skipped type="Skipped" message="This test was disabled."/></testcase><testcase time="0" classname="p2.S5.SomeLongLongLongLongLongTestName_383" name="Run 0" assertions="3 total, 0 failed, 3 succeeded"><skipped type="Skipped" message="This test was disabled."/></testcase><testcase time="0" classname="p2.S5.SomeLongLongLongLongLongTestName_384" name="Run 0" assertions="3 total, 0 failed, 3 succeeded"><skipped type="Skipped" message="This test was disabled."/></testcase><testcase time="0" classname="p2.S5.SomeLongLongLongLongLongTestName_385" name="Run 0" assertions="3 total, 0 failed, 3 succeeded"><skipped type="Skipped" message="This test was disabled."/></testcase><testcase time="0" classname="p2.S5.SomeLongLongLongLongLongTestName_386" name="Run 0" assertions="3 total, 0 failed, 3 succeeded"><skipped type="Skipped" message="This test was disabled."/></testcase><testcase time="0" classname="p2.S5.SomeLongLongLongLongLongTestName_387" name="Run 0" assertions="3 total, 0 failed, 3 succeeded"><skipped type="Skipped" message="This test was disabled."/></testcase><testcase time="0" classname="p2.S5.SomeLongLongLongLongLongTestName_388" name="Run 0" assertions="3 total, 0 failed, 3 succeeded"><skipped type="Skipped" message="This test was disabled."/></testcase><testcase time="0" classname="p2.S5.SomeLongLongLongLongLongTestName_389" name="Run 0" assertions="3 total, 0 failed, 3 succeeded"><skipped type="Skipped" message="This test was disabled."/></testcase><testcase time="0" classname="p2.S5.SomeLongLongLongLongLongTestName_390" name="Run 0" assertions="3 total, 0 failed, 3 succeeded"><skipped type="Skipped" message="This test was disabled."/></testcase><testcase time="0" classname="p2.S5.SomeLongLongLongLongLongTestName_391" name="Run 0" assertions="3 total, 0 failed, 3 succeeded"><skipped type="Skipped" message="This test was disabled."/></testcase><testcase time="0" classname="p2.S5.SomeLongLongLongLongLongTestName_392" name="Run 0" assertions="3 total, 0 failed, 3 succeeded"><skipped type="Skipped" message="This test was disabled."/></testcase><testcase time="0" classname="p2.S5.SomeLongLongLongLongLongTestName_393" name="Run 0" assertions="3 total, 0 failed, 3 succeeded"><skipped type="Skipped" message="This test was disabled."/></testcase><testcase time="0" classname="p2.S5.SomeLongLongLongLongLongTestName_394" name="Run 0" assertions="3 total, 0 failed, 3 succeeded"><skipped type="Skipped" message="This test was disabled."/></testcase><testcase time="0" classname="p2.S5.SomeLongLongLongLongLongTestName_395" name="Run 0" assertions="3 total, 0 failed, 3 succeeded"><skipped type="Skipped" message="This test was disabled."/></testcase><testcase time="0" classname="p2.S5.SomeLongLongLongLongLongTestName_396" name="Run 0" assertions="3 total, 0 failed, 3 succeeded"><skipped type="Skipped" message="This test was disabled."/></testcase><testcase time="0" classname="p2.S5.SomeLongLongLongLongLongTestName_397" name="Run 0" assertions="3 total, 0 failed, 3 succeeded"><skipped type="Skipped" message="This test was disabled."/></testcase><testcase time="0" classname="p2.S5.SomeLongLongLongLongLongTestName_398" name="Run 0" assertions="3 total, 0 failed, 3 succeeded"><skipped type="Skipped" message="This test was disabled."/></testcase><testcase time="0" classname="p2.S5.SomeLongLongLongLongLongTestName_399" name="Run 0" assertions="3 total, 0 failed, 3 succeeded"><skipped type="Skipped" message="This test was disabled."/></testcase><testcase time="0" classname="p2.S5.SomeLongLongLongLongLongTestName_400" name="Run 0" assertions="3 total, 0 failed, 3 succeeded"><skipped type="Skipped" message="This test was disabled."/></testcase><testcase time="0" classname="p2.S5.SomeLongLongLongLongLongTestName_401" name="Run 0" assertions="3 total, 0 failed, 3 succeeded"><skipped type="Skipped" message="This test was disabled."/></testcase><testcase time="0" classname="p2.S5.SomeLongLongLongLongLongTestName_402" name="Run 0" assertions="3 total, 0 failed, 3 succeeded"><skipped type="Skipped" message="This test was disabled."/></testcase><testcase time="0" classname="p2.S5.SomeLongLongLongLongLongTestName_403" name="Run 0" assertions="3 total, 0 failed, 3 succeeded"><skipped type="Skipped" message="This test was disabled."/></testcase><testcase time="0" classname="p2.S5.SomeLongLongLongLongLongTestName_404" name="Run 0" assertions="3 total, 0 failed, 3 succeeded"><skipped type="Skipped" message="This test was disabled."/></testcase><testcase time="0" classname="p2.S5.SomeLongLongLongLongLongTestName_405" name="Run 0" assertions="3 total, 0 failed, 3 succeeded"><skipped type="Skipped" message="This test was disabled."/></testcase><testcase time="0" classname="p2.S5.SomeLongLongLongLongLongTestName_406" name="Run 0" assertions="3 total, 0 failed, 3 succeeded"><skipped type="Skipped" message="This test was disabled."/></testcase><testcase time="0" classname="p2.S5.SomeLongLongLongLongLongTestName_407" name="Run 0" assertions="3 total, 0 failed, 3 succeeded"><skipped type="Skipped" message="This test was disabled."/></testcase><testcase time="0" classname="p2.S5.SomeLongLongLongLongLongTestName_408" name="Run 0" assertions="3 total, 0 failed, 3 succeeded"><skipped type="Skipped" message="This test was disabled."/></testcase><testcase time="0" classname="p2.S5.SomeLongLongLongLongLongTestName_409" name="Run 0" assertions="3 total, 0 failed, 3 succeeded"><skipped type="Skipped" message="This test was disabled."/></testcase><testcase time="0" classname="p2.S5.SomeLongLongLongLongLongTestName_410" name="Run 0" assertions="3 total, 0 failed, 3 succeeded"><skipped type="Skipped" message="This test was disabled."/></testcase><testcase time="0" classname="p2.S5.SomeLongLongLongLongLongTestName_411" name="Run 0" assertions="3 total, 0 failed, 3 succeeded"><skipped type="Skipped" message="This test was disabled."/></testcase><testcase time="0" classname="p2.S5.SomeLongLongLongLongLongTestName_412" name="Run 0" assertions="3 total, 0 failed, 3 succeeded"><skipped type="Skipped" message="This test was disabled."/></testcase><testcase time="0" classname="p2.S5.SomeLongLongLongLongLongTestName_413" name="Run 0" assertions="3 total, 0 failed, 3 succeeded"><skipped type="Skipped" message="This test was disabled."/></testcase><testcase time="0" classname="p2.S5.SomeLongLongLongLongLongTestName_414" name="Run 0" assertions="3 total, 0 failed, 3 succeeded"><skipped type="Skipped" message="This test was disabled."/></testcase><testcase time="0" classname="p2.S5.SomeLongLongLongLongLongTestName_415" name="Run 0" assertions="3 total, 0 failed, 3 succeeded"><skipped type="Skipped" message="This test was disabled."/></testcase><testcase time="0" classname="p2.S5.SomeLongLongLongLongLongTestName_416" name="Run 0" assertions="3 total, 0 failed, 3 succeeded"><skipped type="Skipped" message="This test was disabled."/></testcase><testcase time="0" classname="p2.S5.SomeLongLongLongLongLongTestName_417" name="Run 0" assertions="3 total, 0 failed, 3 succeeded"><skipped type="Skipped" message="This test was disabled."/></testcase><testcase time="0" classname="p2.S5.SomeLongLongLongLongLongTestName_418" name="Run 0" assertions="3 total, 0 failed, 3 succeeded"><skipped type="Skipped" message="This test was disabled."/></testcase><testcase time="0" classname="p2.S5.SomeLongLongLongLongLongTestName_419" name="Run 0" assertions="3 total, 0 failed, 3 succeeded"><skipped type="Skipped" message="This test was disabled."/></testcase><testcase time="0" classname="p2.S5.SomeLongLongLongLongLongTestName_420" name="Run 0" assertions="3 total, 0 failed, 3 succeeded"><skipped type="Skipped" message="This test was disabled."/></testcase><testcase time="-5090.951767763189" classname="p2.S6.SomeLongLongLongLongLongTestName_0" name="Run 0" assertions="3 total, 0 failed, 3 succeeded">
                          <properties>
                          <property name="prop1" value="value1" />
                          <property name="multiline">
                              Config line 1
                              Config line 2
                              Config line 3
                          </property>
                        </properties>
                        <failure message="failure message 0" type="Failure"/><system-out>This is stdout
[[ATTACHMENT|attachment.txt]]
</system-out><system-err>This is stderr
[[ATTACHMENT|attachment.txt]]
</system-err></testcase><testcase time="-2359.5980524141196" classname="p2.S6.SomeLongLongLongLongLongTestName_1" name="Run 0" assertions="3 total, 0 failed, 3 succeeded"/><testcase time="-5586.096787067127" classname="p2.S6.SomeLongLongLongLongLongTestName_2" name="Run 0" assertions="3 total, 0 failed, 3 succeeded"/><testcase time="-7711.504128406664" classname="p2.S6.SomeLongLongLongLongLongTestName_3" name="Run 0" assertions="3 total, 0 failed, 3 succeeded"/><testcase time="-2504.3505106686544" classname="p2.S6.SomeLongLongLongLongLongTestName_4" name="Run 0" assertions="3 total, 0 failed, 3 succeeded"/><testcase time="-1440.2620851386437" classname="p2.S6.SomeLongLongLongLongLongTestName_5" name="Run 0" assertions="3 total, 0 failed, 3 succeeded"/><testcase time="-9010.545940043838" classname="p2.S6.SomeLongLongLongLongLongTestName_6" name="Run 0" assertions="3 total, 0 failed, 3 succeeded"/><testcase time="-6363.739686142371" classname="p2.S6.SomeLongLongLongLongLongTestName_7" name="Run 0" assertions="3 total, 0 failed, 3 succeeded"/><testcase time="-1022.4616820335169" classname="p2.S6.SomeLongLongLongLongLongTestName_8" name="Run 0" assertions="3 total, 0 failed, 3 succeeded"/><testcase time="-1426.8531568273104" classname="p2.S6.SomeLongLongLongLongLongTestName_9" name="Run 0" assertions="3 total, 0 failed, 3 succeeded"/><testcase time="-6484.9280941358975" classname="p2.S6.SomeLongLongLongLongLongTestName_10" name="Run 0" assertions="3 total, 0 failed, 3 succeeded"/><testcase time="-5696.808718638376" classname="p2.S6.SomeLongLongLongLongLongTestName_11" name="Run 0" assertions="3 total, 0 failed, 3 succeeded"/><testcase time="-3924.4585252760817" classname="p2.S6.SomeLongLongLongLongLongTestName_12" name="Run 0" assertions="3 total, 0 failed, 3 succeeded"/><testcase time="-6707.451377806431" classname="p2.S6.SomeLongLongLongLongLongTestName_13" name="Run 0" assertions="3 total, 0 failed, 3 succeeded"/><testcase time="-7473.9815926082865" classname="p2.S6.SomeLongLongLongLongLongTestName_14" name="Run 0" assertions="3 total, 0 failed, 3 succeeded"/><testcase time="-2407.0773525397863" classname="p2.S6.SomeLongLongLongLongLongTestName_15" name="Run 0" assertions="3 total, 0 failed, 3 succeeded"/><testcase time="-8592.408210424826" classname="p2.S6.SomeLongLongLongLongLongTestName_16" name="Run 0" assertions="3 total, 0 failed, 3 succeeded"/><testcase time="-6620.632129945955" classname="p2.S6.SomeLongLongLongLongLongTestName_17" name="Run 0" assertions="3 total, 0 failed, 3 succeeded"/><testcase time="-3801.8111487604706" classname="p2.S6.SomeLongLongLongLongLongTestName_18" name="Run 0" assertions="3 total, 0 failed, 3 succeeded"/><testcase time="-3642.6273819283283" classname="p2.S6.SomeLongLongLongLongLongTestName_19" name="Run 0" assertions="3 total, 0 failed, 3 succeeded"/><testcase time="-1964.4151756126728" classname="p2.S6.SomeLongLongLongLongLongTestName_20" name="Run 0" assertions="3 total, 0 failed, 3 succeeded"/><testcase time="-2418.850512239942" classname="p2.S6.SomeLongLongLongLongLongTestName_21" name="Run 0" assertions="3 total, 0 failed, 3 succeeded"/><testcase time="-944.4134010606112" classname="p2.S6.SomeLongLongLongLongLongTestName_22" name="Run 0" assertions="3 total, 0 failed, 3 succeeded"/><testcase time="-2472.8456444690105" classname="p2.S6.SomeLongLongLongLongLongTestName_23" name="Run 0" assertions="3 total, 0 failed, 3 succeeded"/><testcase time="-9153.986253420178" classname="p2.S6.SomeLongLongLongLongLongTestName_24" name="Run 0" assertions="3 total, 0 failed, 3 succeeded"/><testcase time="-9386.585542812812" classname="p2.S6.SomeLongLongLongLongLongTestName_25" name="Run 0" assertions="3 total, 0 failed, 3 succeeded"/><testcase time="-1518.5839837244662" classname="p2.S6.SomeLongLongLongLongLongTestName_26" name="Run 0" assertions="3 total, 0 failed, 3 succeeded"/><testcase time="-545.3611466495731" classname="p2.S6.SomeLongLongLongLongLongTestName_27" name="Run 0" assertions="3 total, 0 failed, 3 succeeded"/><testcase time="-7867.922587011772" classname="p2.S6.SomeLongLongLongLongLongTestName_28" name="Run 0" assertions="3 total, 0 failed, 3 succeeded"/><testcase time="-9704.204877625727" classname="p2.S6.SomeLongLongLongLongLongTestName_29" name="Run 0" assertions="3 total, 0 failed, 3 succeeded"/><testcase time="-1074.3601769923594" classname="p2.S6.SomeLongLongLongLongLongTestName_30" name="Run 0" assertions="3 total, 0 failed, 3 succeeded"/><testcase time="-7873.492184027541" classname="p2.S6.SomeLongLongLongLongLongTestName_31" name="Run 0" assertions="3 total, 0 failed, 3 succeeded"/><testcase time="-3288.212044545734" classname="p2.S6.SomeLongLongLongLongLongTestName_32" name="Run 0" assertions="3 total, 0 failed, 3 succeeded"/><testcase time="-3326.3204043476626" classname="p2.S6.SomeLongLongLongLongLongTestName_33" name="Run 0" assertions="3 total, 0 failed, 3 succeeded"/><testcase time="-2494.246123253373" classname="p2.S6.SomeLongLongLongLongLongTestName_34" name="Run 0" assertions="3 total, 0 failed, 3 succeeded"/><testcase time="-6490.363264642665" classname="p2.S6.SomeLongLongLongLongLongTestName_35" name="Run 0" assertions="3 total, 0 failed, 3 succeeded"/><testcase time="-2234.91877266834" classname="p2.S6.SomeLongLongLongLongLongTestName_36" name="Run 0" assertions="3 total, 0 failed, 3 succeeded"/><testcase time="-9265.793861498403" classname="p2.S6.SomeLongLongLongLongLongTestName_37" name="Run 0" assertions="3 total, 0 failed, 3 succeeded"/><testcase time="-7214.951086679233" classname="p2.S6.SomeLongLongLongLongLongTestName_38" name="Run 0" assertions="3 total, 0 failed, 3 succeeded"/><testcase time="-9286.900370770076" classname="p2.S6.SomeLongLongLongLongLongTestName_39" name="Run 0" assertions="3 total, 0 failed, 3 succeeded"/><testcase time="-1166.029910972366" classname="p2.S6.SomeLongLongLongLongLongTestName_40" name="Run 0" assertions="3 total, 0 failed, 3 succeeded"/><testcase time="-9210.573937034638" classname="p2.S6.SomeLongLongLongLongLongTestName_41" name="Run 0" assertions="3 total, 0 failed, 3 succeeded"/><testcase time="-8238.185395033073" classname="p2.S6.SomeLongLongLongLongLongTestName_42" name="Run 0" assertions="3 total, 0 failed, 3 succeeded"/><testcase time="-7067.0562386081465" classname="p2.S6.SomeLongLongLongLongLongTestName_43" name="Run 0" assertions="3 total, 0 failed, 3 succeeded"/><testcase time="-9840.159007894366" classname="p2.S6.SomeLongLongLongLongLongTestName_44" name="Run 0" assertions="3 total, 0 failed, 3 succeeded"/><testcase time="-7435.581460273628" classname="p2.S6.SomeLongLongLongLongLongTestName_45" name="Run 0" assertions="3 total, 0 failed, 3 succeeded"/><testcase time="-8255.5616037364" classname="p2.S6.SomeLongLongLongLongLongTestName_46" name="Run 0" assertions="3 total, 0 failed, 3 succeeded"/><testcase time="-5898.000591943773" classname="p2.S6.SomeLongLongLongLongLongTestName_47" name="Run 0" assertions="3 total, 0 failed, 3 succeeded"/><testcase time="-2351.5773277780145" classname="p2.S6.SomeLongLongLongLongLongTestName_48" name="Run 0" assertions="3 total, 0 failed, 3 succeeded"/><testcase time="-6615.337790908815" classname="p2.S6.SomeLongLongLongLongLongTestName_49" name="Run 0" assertions="3 total, 0 failed, 3 succeeded"/><testcase time="-4538.856258877487" classname="p2.S6.SomeLongLongLongLongLongTestName_50" name="Run 0" assertions="3 total, 0 failed, 3 succeeded"/><testcase time="-8473.452075661975" classname="p2.S6.SomeLongLongLongLongLongTestName_51" name="Run 0" assertions="3 total, 0 failed, 3 succeeded"/><testcase time="-4571.188492245718" classname="p2.S6.SomeLongLongLongLongLongTestName_52" name="Run 0" assertions="3 total, 0 failed, 3 succeeded"/><testcase time="-8194.451266930912" classname="p2.S6.SomeLongLongLongLongLongTestName_53" name="Run 0" assertions="3 total, 0 failed, 3 succeeded"/><testcase time="-4948.311325218095" classname="p2.S6.SomeLongLongLongLongLongTestName_54" name="Run 0" assertions="3 total, 0 failed, 3 succeeded"/><testcase time="-507.3630599365325" classname="p2.S6.SomeLongLongLongLongLongTestName_55" name="Run 0" assertions="3 total, 0 failed, 3 succeeded"/><testcase time="-1085.8734685897198" classname="p2.S6.SomeLongLongLongLongLongTestName_56" name="Run 0" assertions="3 total, 0 failed, 3 succeeded"/><testcase time="-1513.4042127671232" classname="p2.S6.SomeLongLongLongLongLongTestName_57" name="Run 0" assertions="3 total, 0 failed, 3 succeeded"/><testcase time="-3071.7938583552764" classname="p2.S6.SomeLongLongLongLongLongTestName_58" name="Run 0" assertions="3 total, 0 failed, 3 succeeded"/><testcase time="-9221.416150662293" classname="p2.S6.SomeLongLongLongLongLongTestName_59" name="Run 0" assertions="3 total, 0 failed, 3 succeeded"/><testcase time="-2917.2915362202066" classname="p2.S6.SomeLongLongLongLongLongTestName_60" name="Run 0" assertions="3 total, 0 failed, 3 succeeded"/><testcase time="-3414.296722149508" classname="p2.S6.SomeLongLongLongLongLongTestName_61" name="Run 0" assertions="3 total, 0 failed, 3 succeeded"/><testcase time="-8870.287720971373" classname="p2.S6.SomeLongLongLongLongLongTestName_62" name="Run 0" assertions="3 total, 0 failed, 3 succeeded"/><testcase time="-5841.359253851886" classname="p2.S6.SomeLongLongLongLongLongTestName_63" name="Run 0" assertions="3 total, 0 failed, 3 succeeded"/><testcase time="-1798.9539839746508" classname="p2.S6.SomeLongLongLongLongLongTestName_64" name="Run 0" assertions="3 total, 0 failed, 3 succeeded"/><testcase time="-475.7760642646471" classname="p2.S6.SomeLongLongLongLongLongTestName_65" name="Run 0" assertions="3 total, 0 failed, 3 succeeded"/><testcase time="-9776.778853633246" classname="p2.S6.SomeLongLongLongLongLongTestName_66" name="Run 0" assertions="3 total, 0 failed, 3 succeeded"/><testcase time="-7825.6461264193385" classname="p2.S6.SomeLongLongLongLongLongTestName_67" name="Run 0" assertions="3 total, 0 failed, 3 succeeded"/><testcase time="-4128.865855366966" classname="p2.S6.SomeLongLongLongLongLongTestName_68" name="Run 0" assertions="3 total, 0 failed, 3 succeeded"/><testcase time="-4755.22823777244" classname="p2.S6.SomeLongLongLongLongLongTestName_69" name="Run 0" assertions="3 total, 0 failed, 3 succeeded"/><testcase time="-6808.943257071255" classname="p2.S6.SomeLongLongLongLongLongTestName_70" name="Run 0" assertions="3 total, 0 failed, 3 succeeded"/><testcase time="-5962.0180338957425" classname="p2.S6.SomeLongLongLongLongLongTestName_71" name="Run 0" assertions="3 total, 0 failed, 3 succeeded"/><testcase time="-5702.95106472658" classname="p2.S6.SomeLongLongLongLongLongTestName_72" name="Run 0" assertions="3 total, 0 failed, 3 succeeded"/><testcase time="-7464.054478284898" classname="p2.S6.SomeLongLongLongLongLongTestName_73" name="Run 0" assertions="3 total, 0 failed, 3 succeeded"/><testcase time="-7626.352849893258" classname="p2.S6.SomeLongLongLongLongLongTestName_74" name="Run 0" assertions="3 total, 0 failed, 3 succeeded"/><testcase time="-3851.072435313995" classname="p2.S6.SomeLongLongLongLongLongTestName_75" name="Run 0" assertions="3 total, 0 failed, 3 succeeded"/><testcase time="-9544.264986788075" classname="p2.S6.SomeLongLongLongLongLongTestName_76" name="Run 0" assertions="3 total, 0 failed, 3 succeeded"/><testcase time="-7171.830650553401" classname="p2.S6.SomeLongLongLongLongLongTestName_77" name="Run 0" assertions="3 total, 0 failed, 3 succeeded"/><testcase time="-4068.9021571010126" classname="p2.S6.SomeLongLongLongLongLongTestName_78" name="Run 0" assertions="3 total, 0 failed, 3 succeeded"/><testcase time="-3816.384909337759" classname="p2.S6.SomeLongLongLongLongLongTestName_79" name="Run 0" assertions="3 total, 0 failed, 3 succeeded"/><testcase time="-7906.330957266673" classname="p2.S6.SomeLongLongLongLongLongTestName_80" name="Run 0" assertions="3 total, 0 failed, 3 succeeded"/><testcase time="-8494.869658627256" classname="p2.S6.SomeLongLongLongLongLongTestName_81" name="Run 0" assertions="3 total, 0 failed, 3 succeeded"/><testcase time="-1326.0651637745248" classname="p2.S6.SomeLongLongLongLongLongTestName_82" name="Run 0" assertions="3 total, 0 failed, 3 succeeded"/><testcase time="-6263.975177861428" classname="p2.S6.SomeLongLongLongLongLongTestName_83" name="Run 0" assertions="3 total, 0 failed, 3 succeeded"/><testcase time="-1747.2253985365508" classname="p2.S6.SomeLongLongLongLongLongTestName_84" name="Run 0" assertions="3 total, 0 failed, 3 succeeded"/><testcase time="-6088.341152671163" classname="p2.S6.SomeLongLongLongLongLongTestName_85" name="Run 0" assertions="3 total, 0 failed, 3 succeeded"/><testcase time="-2402.952143578046" classname="p2.S6.SomeLongLongLongLongLongTestName_86" name="Run 0" assertions="3 total, 0 failed, 3 succeeded"/><testcase time="-9151.44251608371" classname="p2.S6.SomeLongLongLongLongLongTestName_87" name="Run 0" assertions="3 total, 0 failed, 3 succeeded"/><testcase time="-9293.131827556132" classname="p2.S6.SomeLongLongLongLongLongTestName_88" name="Run 0" assertions="3 total, 0 failed, 3 succeeded"/><testcase time="-8373.859387849106" classname="p2.S6.SomeLongLongLongLongLongTestName_89" name="Run 0" assertions="3 total, 0 failed, 3 succeeded"/><testcase time="-4583.3568992567625" classname="p2.S6.SomeLongLongLongLongLongTestName_90" name="Run 0" assertions="3 total, 0 failed, 3 succeeded"/><testcase time="-7730.428945186884" classname="p2.S6.SomeLongLongLongLongLongTestName_91" name="Run 0" assertions="3 total, 0 failed, 3 succeeded"/><testcase time="-7635.2046620426945" classname="p2.S6.SomeLongLongLongLongLongTestName_92" name="Run 0" assertions="3 total, 0 failed, 3 succeeded"/><testcase time="-7051.609377917765" classname="p2.S6.SomeLongLongLongLongLongTestName_93" name="Run 0" assertions="3 total, 0 failed, 3 succeeded"/><testcase time="-4607.540805520796" classname="p2.S6.SomeLongLongLongLongLongTestName_94" name="Run 0" assertions="3 total, 0 failed, 3 succeeded"/><testcase time="-9532.350070031815" classname="p2.S6.SomeLongLongLongLongLongTestName_95" name="Run 0" assertions="3 total, 0 failed, 3 succeeded"/><testcase time="-1031.1994724245267" classname="p2.S6.SomeLongLongLongLongLongTestName_96" name="Run 0" assertions="3 total, 0 failed, 3 succeeded"/><testcase time="-6342.676044242771" classname="p2.S6.SomeLongLongLongLongLongTestName_97" name="Run 0" assertions="3 total, 0 failed, 3 succeeded"/><testcase time="-4891.101932671614" classname="p2.S6.SomeLongLongLongLongLongTestName_98" name="Run 0" assertions="3 total, 0 failed, 3 succeeded"/><testcase time="-7183.570249885862" classname="p2.S6.SomeLongLongLongLongLongTestName_99" name="Run 0" assertions="3 total, 0 failed, 3 succeeded"/><testcase time="-6455.074003582567" classname="p2.S6.SomeLongLongLongLongLongTestName_100" name="Run 0" assertions="3 total, 0 failed, 3 succeeded"/><testcase time="-7720.611672000881" classname="p2.S6.SomeLongLongLongLongLongTestName_101" name="Run 0" assertions="3 total, 0 failed, 3 succeeded"/><testcase time="-3850.1504650311645" classname="p2.S6.SomeLongLongLongLongLongTestName_102" name="Run 0" assertions="3 total, 0 failed, 3 succeeded"/><testcase time="-8331.072107900834" classname="p2.S6.SomeLongLongLongLongLongTestName_103" name="Run 0" assertions="3 total, 0 failed, 3 succeeded"/><testcase time="-7506.894179451569" classname="p2.S6.SomeLongLongLongLongLongTestName_104" name="Run 0" assertions="3 total, 0 failed, 3 succeeded"/><testcase time="-1331.5410746710365" classname="p2.S6.SomeLongLongLongLongLongTestName_105" name="Run 0" assertions="3 total, 0 failed, 3 succeeded"/><testcase time="-2733.0821835309657" classname="p2.S6.SomeLongLongLongLongLongTestName_106" name="Run 0" assertions="3 total, 0 failed, 3 succeeded"/><testcase time="-3352.3772412714907" classname="p2.S6.SomeLongLongLongLongLongTestName_107" name="Run 0" assertions="3 total, 0 failed, 3 succeeded"/><testcase time="-8141.180677116291" classname="p2.S6.SomeLongLongLongLongLongTestName_108" name="Run 0" assertions="3 total, 0 failed, 3 succeeded"/><testcase time="-2590.817405359221" classname="p2.S6.SomeLongLongLongLongLongTestName_109" name="Run 0" assertions="3 total, 0 failed, 3 succeeded"/><testcase time="-1767.620660162218" classname="p2.S6.SomeLongLongLongLongLongTestName_110" name="Run 0" assertions="3 total, 0 failed, 3 succeeded"/><testcase time="-2545.5902811123497" classname="p2.S6.SomeLongLongLongLongLongTestName_111" name="Run 0" assertions="3 total, 0 failed, 3 succeeded"/><testcase time="-6886.2228123265595" classname="p2.S6.SomeLongLongLongLongLongTestName_112" name="Run 0" assertions="3 total, 0 failed, 3 succeeded"/><testcase time="-5011.643093987161" classname="p2.S6.SomeLongLongLongLongLongTestName_113" name="Run 0" assertions="3 total, 0 failed, 3 succeeded"/><testcase time="-3072.9799364619953" classname="p2.S6.SomeLongLongLongLongLongTestName_114" name="Run 0" assertions="3 total, 0 failed, 3 succeeded"/><testcase time="-7549.381737289978" classname="p2.S6.SomeLongLongLongLongLongTestName_115" name="Run 0" assertions="3 total, 0 failed, 3 succeeded"/><testcase time="-4528.216400445682" classname="p2.S6.SomeLongLongLongLongLongTestName_116" name="Run 0" assertions="3 total, 0 failed, 3 succeeded"/><testcase time="-2821.514337784719" classname="p2.S6.SomeLongLongLongLongLongTestName_117" name="Run 0" assertions="3 total, 0 failed, 3 succeeded"/><testcase time="-8344.637748503488" classname="p2.S6.SomeLongLongLongLongLongTestName_118" name="Run 0" assertions="3 total, 0 failed, 3 succeeded"/><testcase time="-244.93347259519862" classname="p2.S6.SomeLongLongLongLongLongTestName_119" name="Run 0" assertions="3 total, 0 failed, 3 succeeded"/><testcase time="-2421.3430487181677" classname="p2.S6.SomeLongLongLongLongLongTestName_120" name="Run 0" assertions="3 total, 0 failed, 3 succeeded"/><testcase time="-3584.6345911907197" classname="p2.S6.SomeLongLongLongLongLongTestName_121" name="Run 0" assertions="3 total, 0 failed, 3 succeeded"/><testcase time="-3522.6557623861686" classname="p2.S6.SomeLongLongLongLongLongTestName_122" name="Run 0" assertions="3 total, 0 failed, 3 succeeded"/><testcase time="-2.6626505546404005" classname="p2.S6.SomeLongLongLongLongLongTestName_123" name="Run 0" assertions="3 total, 0 failed, 3 succeeded"/><testcase time="-1562.9416208764362" classname="p2.S6.SomeLongLongLongLongLongTestName_124" name="Run 0" assertions="3 total, 0 failed, 3 succeeded"/><testcase time="-1266.7175501814017" classname="p2.S6.SomeLongLongLongLongLongTestName_125" name="Run 0" assertions="3 total, 0 failed, 3 succeeded"/><testcase time="-2636.202596250384" classname="p2.S6.SomeLongLongLongLongLongTestName_126" name="Run 0" assertions="3 total, 0 failed, 3 succeeded"/><testcase time="-6367.59370360445" classname="p2.S6.SomeLongLongLongLongLongTestName_127" name="Run 0" assertions="3 total, 0 failed, 3 succeeded"/><testcase time="-8053.72275627449" classname="p2.S6.SomeLongLongLongLongLongTestName_128" name="Run 0" assertions="3 total, 0 failed, 3 succeeded"/><testcase time="-8600.3467481202" classname="p2.S6.SomeLongLongLongLongLongTestName_129" name="Run 0" assertions="3 total, 0 failed, 3 succeeded"/><testcase time="-3998.3193657527095" classname="p2.S6.SomeLongLongLongLongLongTestName_130" name="Run 0" assertions="3 total, 0 failed, 3 succeeded"/><testcase time="-506.578873449459" classname="p2.S6.SomeLongLongLongLongLongTestName_131" name="Run 0" assertions="3 total, 0 failed, 3 succeeded"/><testcase time="-864.5400734802988" classname="p2.S6.SomeLongLongLongLongLongTestName_132" name="Run 0" assertions="3 total, 0 failed, 3 succeeded"/><testcase time="-6515.824865412505" classname="p2.S6.SomeLongLongLongLongLongTestName_133" name="Run 0" assertions="3 total, 0 failed, 3 succeeded"/><testcase time="-5727.713873618473" classname="p2.S6.SomeLongLongLongLongLongTestName_134" name="Run 0" assertions="3 total, 0 failed, 3 succeeded"/><testcase time="-9965.874256120436" classname="p2.S6.SomeLongLongLongLongLongTestName_135" name="Run 0" assertions="3 total, 0 failed, 3 succeeded"/><testcase time="-9499.04516334254" classname="p2.S6.SomeLongLongLongLongLongTestName_136" name="Run 0" assertions="3 total, 0 failed, 3 succeeded"/><testcase time="-7187.511916752401" classname="p2.S6.SomeLongLongLongLongLongTestName_137" name="Run 0" assertions="3 total, 0 failed, 3 succeeded"/><testcase time="-260.03095229557954" classname="p2.S6.SomeLongLongLongLongLongTestName_138" name="Run 0" assertions="3 total, 0 failed, 3 succeeded"/><testcase time="-5945.9791903171945" classname="p2.S6.SomeLongLongLongLongLongTestName_139" name="Run 0" assertions="3 total, 0 failed, 3 succeeded"/><testcase time="-7371.731684108444" classname="p2.S6.SomeLongLongLongLongLongTestName_140" name="Run 0" assertions="3 total, 0 failed, 3 succeeded"/><testcase time="-9975.162711267212" classname="p2.S6.SomeLongLongLongLongLongTestName_141" name="Run 0" assertions="3 total, 0 failed, 3 succeeded"/><testcase time="-9702.570627850904" classname="p2.S6.SomeLongLongLongLongLongTestName_142" name="Run 0" assertions="3 total, 0 failed, 3 succeeded"/><testcase time="-9504.530898468534" classname="p2.S6.SomeLongLongLongLongLongTestName_143" name="Run 0" assertions="3 total, 0 failed, 3 succeeded"/><testcase time="-471.55685590084136" classname="p2.S6.SomeLongLongLongLongLongTestName_144" name="Run 0" assertions="3 total, 0 failed, 3 succeeded"/><testcase time="-4243.903485556214" classname="p2.S6.SomeLongLongLongLongLongTestName_145" name="Run 0" assertions="3 total, 0 failed, 3 succeeded"/><testcase time="-413.03691383854505" classname="p2.S6.SomeLongLongLongLongLongTestName_146" name="Run 0" assertions="3 total, 0 failed, 3 succeeded"/><testcase time="-6252.41386095352" classname="p2.S6.SomeLongLongLongLongLongTestName_147" name="Run 0" assertions="3 total, 0 failed, 3 succeeded"/><testcase time="-1409.4217403867299" classname="p2.S6.SomeLongLongLongLongLongTestName_148" name="Run 0" assertions="3 total, 0 failed, 3 succeeded"/><testcase time="-945.8365986431374" classname="p2.S6.SomeLongLongLongLongLongTestName_149" name="Run 0" assertions="3 total, 0 failed, 3 succeeded"/><testcase time="-9508.839627636058" classname="p2.S6.SomeLongLongLongLongLongTestName_150" name="Run 0" assertions="3 total, 0 failed, 3 succeeded"/><testcase time="-2995.5790077507777" classname="p2.S6.SomeLongLongLongLongLongTestName_151" name="Run 0" assertions="3 total, 0 failed, 3 succeeded"/><testcase time="-9270.929155445998" classname="p2.S6.SomeLongLongLongLongLongTestName_152" name="Run 0" assertions="3 total, 0 failed, 3 succeeded"/><testcase time="-277.3651767123961" classname="p2.S6.SomeLongLongLongLongLongTestName_153" name="Run 0" assertions="3 total, 0 failed, 3 succeeded"/><testcase time="-7646.912466966389" classname="p2.S6.SomeLongLongLongLongLongTestName_154" name="Run 0" assertions="3 total, 0 failed, 3 succeeded"/><testcase time="-6653.971192048677" classname="p2.S6.SomeLongLongLongLongLongTestName_155" name="Run 0" assertions="3 total, 0 failed, 3 succeeded"/><testcase time="-1991.1213084122753" classname="p2.S6.SomeLongLongLongLongLongTestName_156" name="Run 0" assertions="3 total, 0 failed, 3 succeeded"/><testcase time="-2344.59833837759" classname="p2.S6.SomeLongLongLongLongLongTestName_157" name="Run 0" assertions="3 total, 0 failed, 3 succeeded"/><testcase time="-9694.73132086585" classname="p2.S6.SomeLongLongLongLongLongTestName_158" name="Run 0" assertions="3 total, 0 failed, 3 succeeded"/><testcase time="-9459.825872000249" classname="p2.S6.SomeLongLongLongLongLongTestName_159" name="Run 0" assertions="3 total, 0 failed, 3 succeeded"/><testcase time="-445.5105884350138" classname="p2.S6.SomeLongLongLongLongLongTestName_160" name="Run 0" assertions="3 total, 0 failed, 3 succeeded"/><testcase time="-5906.148566116111" classname="p2.S6.SomeLongLongLongLongLongTestName_161" name="Run 0" assertions="3 total, 0 failed, 3 succeeded"/><testcase time="-3343.1522899430256" classname="p2.S6.SomeLongLongLongLongLongTestName_162" name="Run 0" assertions="3 total, 0 failed, 3 succeeded"/><testcase time="-948.9498967022123" classname="p2.S6.SomeLongLongLongLongLongTestName_163" name="Run 0" assertions="3 total, 0 failed, 3 succeeded"/><testcase time="-619.5233793916589" classname="p2.S6.SomeLongLongLongLongLongTestName_164" name="Run 0" assertions="3 total, 0 failed, 3 succeeded"/><testcase time="-1896.5816345596675" classname="p2.S6.SomeLongLongLongLongLongTestName_165" name="Run 0" assertions="3 total, 0 failed, 3 succeeded"/><testcase time="-7841.465585884324" classname="p2.S6.SomeLongLongLongLongLongTestName_166" name="Run 0" assertions="3 total, 0 failed, 3 succeeded"/><testcase time="-5256.501410945215" classname="p2.S6.SomeLongLongLongLongLongTestName_167" name="Run 0" assertions="3 total, 0 failed, 3 succeeded"/><testcase time="-5859.587646331626" classname="p2.S6.SomeLongLongLongLongLongTestName_168" name="Run 0" assertions="3 total, 0 failed, 3 succeeded"/><testcase time="-5796.952287958561" classname="p2.S6.SomeLongLongLongLongLongTestName_169" name="Run 0" assertions="3 total, 0 failed, 3 succeeded"/><testcase time="-6544.194651316033" classname="p2.S6.SomeLongLongLongLongLongTestName_170" name="Run 0" assertions="3 total, 0 failed, 3 succeeded"/><testcase time="-2510.3508046754014" classname="p2.S6.SomeLongLongLongLongLongTestName_171" name="Run 0" assertions="3 total, 0 failed, 3 succeeded"/><testcase time="-6100.849863932048" classname="p2.S6.SomeLongLongLongLongLongTestName_172" name="Run 0" assertions="3 total, 0 failed, 3 succeeded"/><testcase time="-4802.363154725438" classname="p2.S6.SomeLongLongLongLongLongTestName_173" name="Run 0" assertions="3 total, 0 failed, 3 succeeded"/><testcase time="-838.5891126097788" classname="p2.S6.SomeLongLongLongLongLongTestName_174" name="Run 0" assertions="3 total, 0 failed, 3 succeeded"/><testcase time="-1909.2053302959996" classname="p2.S6.SomeLongLongLongLongLongTestName_175" name="Run 0" assertions="3 total, 0 failed, 3 succeeded"/><testcase time="-8111.248591388483" classname="p2.S6.SomeLongLongLongLongLongTestName_176" name="Run 0" assertions="3 total, 0 failed, 3 succeeded"/><testcase time="-7817.506696979411" classname="p2.S6.SomeLongLongLongLongLongTestName_177" name="Run 0" assertions="3 total, 0 failed, 3 succeeded"/><testcase time="-1364.7537479776572" classname="p2.S6.SomeLongLongLongLongLongTestName_178" name="Run 0" assertions="3 total, 0 failed, 3 succeeded"/><testcase time="-8803.43017022885" classname="p2.S6.SomeLongLongLongLongLongTestName_179" name="Run 0" assertions="3 total, 0 failed, 3 succeeded"/><testcase time="-1994.035792858852" classname="p2.S6.SomeLongLongLongLongLongTestName_180" name="Run 0" assertions="3 total, 0 failed, 3 succeeded"/><testcase time="-7336.73727393926" classname="p2.S6.SomeLongLongLongLongLongTestName_181" name="Run 0" assertions="3 total, 0 failed, 3 succeeded"/><testcase time="-2879.902264833183" classname="p2.S6.SomeLongLongLongLongLongTestName_182" name="Run 0" assertions="3 total, 0 failed, 3 succeeded"/><testcase time="-3651.2495807694145" classname="p2.S6.SomeLongLongLongLongLongTestName_183" name="Run 0" assertions="3 total, 0 failed, 3 succeeded"/><testcase time="-6869.238656161746" classname="p2.S6.SomeLongLongLongLongLongTestName_184" name="Run 0" assertions="3 total, 0 failed, 3 succeeded"/><testcase time="-1429.2214310972338" classname="p2.S6.SomeLongLongLongLongLongTestName_185" name="Run 0" assertions="3 total, 0 failed, 3 succeeded"/><testcase time="-2442.9481287675585" classname="p2.S6.SomeLongLongLongLongLongTestName_186" name="Run 0" assertions="3 total, 0 failed, 3 succeeded"/><testcase time="-6131.559333356821" classname="p2.S6.SomeLongLongLongLongLongTestName_187" name="Run 0" assertions="3 total, 0 failed, 3 succeeded"/><testcase time="-2269.28948217115" classname="p2.S6.SomeLongLongLongLongLongTestName_188" name="Run 0" assertions="3 total, 0 failed, 3 succeeded"/><testcase time="-3940.316157533028" classname="p2.S6.SomeLongLongLongLongLongTestName_189" name="Run 0" assertions="3 total, 0 failed, 3 succeeded"/><testcase time="-4288.315832351602" classname="p2.S6.SomeLongLongLongLongLongTestName_190" name="Run 0" assertions="3 total, 0 failed, 3 succeeded"/><testcase time="-9693.851956791694" classname="p2.S6.SomeLongLongLongLongLongTestName_191" name="Run 0" assertions="3 total, 0 failed, 3 succeeded"/><testcase time="-5041.42599856544" classname="p2.S6.SomeLongLongLongLongLongTestName_192" name="Run 0" assertions="3 total, 0 failed, 3 succeeded"/><testcase time="-5199.375487072285" classname="p2.S6.SomeLongLongLongLongLongTestName_193" name="Run 0" assertions="3 total, 0 failed, 3 succeeded"/><testcase time="-5386.715313404372" classname="p2.S6.SomeLongLongLongLongLongTestName_194" name="Run 0" assertions="3 total, 0 failed, 3 succeeded"/><testcase time="-5133.055006985039" classname="p2.S6.SomeLongLongLongLongLongTestName_195" name="Run 0" assertions="3 total, 0 failed, 3 succeeded"/><testcase time="-1072.8228189837703" classname="p2.S6.SomeLongLongLongLongLongTestName_196" name="Run 0" assertions="3 total, 0 failed, 3 succeeded"/><testcase time="-8587.3986735867" classname="p2.S6.SomeLongLongLongLongLongTestName_197" name="Run 0" assertions="3 total, 0 failed, 3 succeeded"/><testcase time="-349.37594516820303" classname="p2.S6.SomeLongLongLongLongLongTestName_198" name="Run 0" assertions="3 total, 0 failed, 3 succeeded"/><testcase time="-3579.4595922127214" classname="p2.S6.SomeLongLongLongLongLongTestName_199" name="Run 0" assertions="3 total, 0 failed, 3 succeeded"/><testcase time="-7487.803747815592" classname="p2.S6.SomeLongLongLongLongLongTestName_200" name="Run 0" assertions="3 total, 0 failed, 3 succeeded"/><testcase time="-8514.548300412896" classname="p2.S6.SomeLongLongLongLongLongTestName_201" name="Run 0" assertions="3 total, 0 failed, 3 succeeded"/><testcase time="-4704.933202369594" classname="p2.S6.SomeLongLongLongLongLongTestName_202" name="Run 0" assertions="3 total, 0 failed, 3 succeeded"/><testcase time="-1897.5619755058624" classname="p2.S6.SomeLongLongLongLongLongTestName_203" name="Run 0" assertions="3 total, 0 failed, 3 succeeded"/><testcase time="-687.7923803452364" classname="p2.S6.SomeLongLongLongLongLongTestName_204" name="Run 0" assertions="3 total, 0 failed, 3 succeeded"/><testcase time="-9766.022866422736" classname="p2.S6.SomeLongLongLongLongLongTestName_205" name="Run 0" assertions="3 total, 0 failed, 3 succeeded"/><testcase time="-9714.960668248752" classname="p2.S6.SomeLongLongLongLongLongTestName_206" name="Run 0" assertions="3 total, 0 failed, 3 succeeded"/><testcase time="-6995.626519215567" classname="p2.S6.SomeLongLongLongLongLongTestName_207" name="Run 0" assertions="3 total, 0 failed, 3 succeeded"/><testcase time="-9118.571981401807" classname="p2.S6.SomeLongLongLongLongLongTestName_208" name="Run 0" assertions="3 total, 0 failed, 3 succeeded"/><testcase time="-626.9744878763341" classname="p2.S6.SomeLongLongLongLongLongTestName_209" name="Run 0" assertions="3 total, 0 failed, 3 succeeded"/><testcase time="-3448.6435567391945" classname="p2.S6.SomeLongLongLongLongLongTestName_210" name="Run 0" assertions="3 total, 0 failed, 3 succeeded"/><testcase time="-5859.274081641027" classname="p2.S6.SomeLongLongLongLongLongTestName_211" name="Run 0" assertions="3 total, 0 failed, 3 succeeded"/><testcase time="-2209.5112831367196" classname="p2.S6.SomeLongLongLongLongLongTestName_212" name="Run 0" assertions="3 total, 0 failed, 3 succeeded"/><testcase time="-3337.400591725083" classname="p2.S6.SomeLongLongLongLongLongTestName_213" name="Run 0" assertions="3 total, 0 failed, 3 succeeded"/><testcase time="-6035.5367344895485" classname="p2.S6.SomeLongLongLongLongLongTestName_214" name="Run 0" assertions="3 total, 0 failed, 3 succeeded"/><testcase time="-3422.0235640350497" classname="p2.S6.SomeLongLongLongLongLongTestName_215" name="Run 0" assertions="3 total, 0 failed, 3 succeeded"/><testcase time="-9068.811337951178" classname="p2.S6.SomeLongLongLongLongLongTestName_216" name="Run 0" assertions="3 total, 0 failed, 3 succeeded"/><testcase time="-9378.053021871407" classname="p2.S6.SomeLongLongLongLongLongTestName_217" name="Run 0" assertions="3 total, 0 failed, 3 succeeded"/><testcase time="-8639.28646045575" classname="p2.S6.SomeLongLongLongLongLongTestName_218" name="Run 0" assertions="3 total, 0 failed, 3 succeeded"/><testcase time="-226.25376296409775" classname="p2.S6.SomeLongLongLongLongLongTestName_219" name="Run 0" assertions="3 total, 0 failed, 3 succeeded"/><testcase time="-3593.3493506705627" classname="p2.S6.SomeLongLongLongLongLongTestName_220" name="Run 0" assertions="3 total, 0 failed, 3 succeeded"/><testcase time="-9001.960362263373" classname="p2.S6.SomeLongLongLongLongLongTestName_221" name="Run 0" assertions="3 total, 0 failed, 3 succeeded"/><testcase time="-9134.128925524921" classname="p2.S6.SomeLongLongLongLongLongTestName_222" name="Run 0" assertions="3 total, 0 failed, 3 succeeded"/><testcase time="-6137.11302175388" classname="p2.S6.SomeLongLongLongLongLongTestName_223" name="Run 0" assertions="3 total, 0 failed, 3 succeeded"/><testcase time="-4289.522724829334" classname="p2.S6.SomeLongLongLongLongLongTestName_224" name="Run 0" assertions="3 total, 0 failed, 3 succeeded"/><testcase time="-6320.777996305118" classname="p2.S6.SomeLongLongLongLongLongTestName_225" name="Run 0" assertions="3 total, 0 failed, 3 succeeded"/><testcase time="-8969.849855216462" classname="p2.S6.SomeLongLongLongLongLongTestName_226" name="Run 0" assertions="3 total, 0 failed, 3 succeeded"/><testcase time="-8739.627496189027" classname="p2.S6.SomeLongLongLongLongLongTestName_227" name="Run 0" assertions="3 total, 0 failed, 3 succeeded"/><testcase time="-648.6028639597477" classname="p2.S6.SomeLongLongLongLongLongTestName_228" name="Run 0" assertions="3 total, 0 failed, 3 succeeded"/><testcase time="-5199.746976267589" classname="p2.S6.SomeLongLongLongLongLongTestName_229" name="Run 0" assertions="3 total, 0 failed, 3 succeeded"/><testcase time="-9713.194135965108" classname="p2.S6.SomeLongLongLongLongLongTestName_230" name="Run 0" assertions="3 total, 0 failed, 3 succeeded"/><testcase time="-3279.0561611666767" classname="p2.S6.SomeLongLongLongLongLongTestName_231" name="Run 0" assertions="3 total, 0 failed, 3 succeeded"/><testcase time="-8312.131594551396" classname="p2.S6.SomeLongLongLongLongLongTestName_232" name="Run 0" assertions="3 total, 0 failed, 3 succeeded"/><testcase time="-7336.657040043831" classname="p2.S6.SomeLongLongLongLongLongTestName_233" name="Run 0" assertions="3 total, 0 failed, 3 succeeded"/><testcase time="-4026.1466723028934" classname="p2.S6.SomeLongLongLongLongLongTestName_234" name="Run 0" assertions="3 total, 0 failed, 3 succeeded"/><testcase time="-7564.961933531922" classname="p2.S6.SomeLongLongLongLongLongTestName_235" name="Run 0" assertions="3 total, 0 failed, 3 succeeded"/><testcase time="-2875.569410278955" classname="p2.S6.SomeLongLongLongLongLongTestName_236" name="Run 0" assertions="3 total, 0 failed, 3 succeeded"/><testcase time="-249.29657713439394" classname="p2.S6.SomeLongLongLongLongLongTestName_237" name="Run 0" assertions="3 total, 0 failed, 3 succeeded"/><testcase time="-58.984531140411306" classname="p2.S6.SomeLongLongLongLongLongTestName_238" name="Run 0" assertions="3 total, 0 failed, 3 succeeded"/><testcase time="-3825.5675033825214" classname="p2.S6.SomeLongLongLongLongLongTestName_239" name="Run 0" assertions="3 total, 0 failed, 3 succeeded"/><testcase time="-7792.123128099093" classname="p2.S6.SomeLongLongLongLongLongTestName_240" name="Run 0" assertions="3 total, 0 failed, 3 succeeded"/><testcase time="-4753.118066591884" classname="p2.S6.SomeLongLongLongLongLongTestName_241" name="Run 0" assertions="3 total, 0 failed, 3 succeeded"/><testcase time="-1243.2065665983573" classname="p2.S6.SomeLongLongLongLongLongTestName_242" name="Run 0" assertions="3 total, 0 failed, 3 succeeded"/><testcase time="-2698.2136487518787" classname="p2.S6.SomeLongLongLongLongLongTestName_243" name="Run 0" assertions="3 total, 0 failed, 3 succeeded"/><testcase time="-785.9654977071199" classname="p2.S6.SomeLongLongLongLongLongTestName_244" name="Run 0" assertions="3 total, 0 failed, 3 succeeded"/><testcase time="-5475.3906232287745" classname="p2.S6.SomeLongLongLongLongLongTestName_245" name="Run 0" assertions="3 total, 0 failed, 3 succeeded"/><testcase time="-1841.8166262254574" classname="p2.S6.SomeLongLongLongLongLongTestName_246" name="Run 0" assertions="3 total, 0 failed, 3 succeeded"/><testcase time="-6600.503799428743" classname="p2.S6.SomeLongLongLongLongLongTestName_247" name="Run 0" assertions="3 total, 0 failed, 3 succeeded"/><testcase time="-3105.6333742612505" classname="p2.S6.SomeLongLongLongLongLongTestName_248" name="Run 0" assertions="3 total, 0 failed, 3 succeeded"/><testcase time="-7258.22087355651" classname="p2.S6.SomeLongLongLongLongLongTestName_249" name="Run 0" assertions="3 total, 0 failed, 3 succeeded"/><testcase time="-1531.6819522698145" classname="p2.S6.SomeLongLongLongLongLongTestName_250" name="Run 0" assertions="3 total, 0 failed, 3 succeeded"/><testcase time="-5801.227522734536" classname="p2.S6.SomeLongLongLongLongLongTestName_251" name="Run 0" assertions="3 total, 0 failed, 3 succeeded"/><testcase time="-4878.575594288939" classname="p2.S6.SomeLongLongLongLongLongTestName_252" name="Run 0" assertions="3 total, 0 failed, 3 succeeded"/><testcase time="-7410.387569147073" classname="p2.S6.SomeLongLongLongLongLongTestName_253" name="Run 0" assertions="3 total, 0 failed, 3 succeeded"/><testcase time="-7993.744668331244" classname="p2.S6.SomeLongLongLongLongLongTestName_254" name="Run 0" assertions="3 total, 0 failed, 3 succeeded"/><testcase time="-8725.756662869278" classname="p2.S6.SomeLongLongLongLongLongTestName_255" name="Run 0" assertions="3 total, 0 failed, 3 succeeded"/><testcase time="-7014.286695953215" classname="p2.S6.SomeLongLongLongLongLongTestName_256" name="Run 0" assertions="3 total, 0 failed, 3 succeeded"/><testcase time="-9430.820485276787" classname="p2.S6.SomeLongLongLongLongLongTestName_257" name="Run 0" assertions="3 total, 0 failed, 3 succeeded"/><testcase time="-1205.242070989342" classname="p2.S6.SomeLongLongLongLongLongTestName_258" name="Run 0" assertions="3 total, 0 failed, 3 succeeded"/><testcase time="-7658.1623005492065" classname="p2.S6.SomeLongLongLongLongLongTestName_259" name="Run 0" assertions="3 total, 0 failed, 3 succeeded"/><testcase time="-9236.729916037204" classname="p2.S6.SomeLongLongLongLongLongTestName_260" name="Run 0" assertions="3 total, 0 failed, 3 succeeded"/><testcase time="-2897.199423237529" classname="p2.S6.SomeLongLongLongLongLongTestName_261" name="Run 0" assertions="3 total, 0 failed, 3 succeeded"/><testcase time="-4673.537114685775" classname="p2.S6.SomeLongLongLongLongLongTestName_262" name="Run 0" assertions="3 total, 0 failed, 3 succeeded"/><testcase time="-7735.589729869158" classname="p2.S6.SomeLongLongLongLongLongTestName_263" name="Run 0" assertions="3 total, 0 failed, 3 succeeded"/><testcase time="-9831.57531681136" classname="p2.S6.SomeLongLongLongLongLongTestName_264" name="Run 0" assertions="3 total, 0 failed, 3 succeeded"/><testcase time="-6388.426178545899" classname="p2.S6.SomeLongLongLongLongLongTestName_265" name="Run 0" assertions="3 total, 0 failed, 3 succeeded"/><testcase time="-2278.2857958214686" classname="p2.S6.SomeLongLongLongLongLongTestName_266" name="Run 0" assertions="3 total, 0 failed, 3 succeeded"/><testcase time="-2432.243006453323" classname="p2.S6.SomeLongLongLongLongLongTestName_267" name="Run 0" assertions="3 total, 0 failed, 3 succeeded"/><testcase time="-2050.9897197154883" classname="p2.S6.SomeLongLongLongLongLongTestName_268" name="Run 0" assertions="3 total, 0 failed, 3 succeeded"/><testcase time="-2657.5917167606626" classname="p2.S6.SomeLongLongLongLongLongTestName_269" name="Run 0" assertions="3 total, 0 failed, 3 succeeded"/><testcase time="-2249.47264045252" classname="p2.S6.SomeLongLongLongLongLongTestName_270" name="Run 0" assertions="3 total, 0 failed, 3 succeeded"/><testcase time="-6051.289543122188" classname="p2.S6.SomeLongLongLongLongLongTestName_271" name="Run 0" assertions="3 total, 0 failed, 3 succeeded"/><testcase time="-5105.17042828774" classname="p2.S6.SomeLongLongLongLongLongTestName_272" name="Run 0" assertions="3 total, 0 failed, 3 succeeded"/><testcase time="-1055.3189616231937" classname="p2.S6.SomeLongLongLongLongLongTestName_273" name="Run 0" assertions="3 total, 0 failed, 3 succeeded"/><testcase time="-4856.623852296726" classname="p2.S6.SomeLongLongLongLongLongTestName_274" name="Run 0" assertions="3 total, 0 failed, 3 succeeded"/><testcase time="-8716.829987119474" classname="p2.S6.SomeLongLongLongLongLongTestName_275" name="Run 0" assertions="3 total, 0 failed, 3 succeeded"/><testcase time="-4052.609473944994" classname="p2.S6.SomeLongLongLongLongLongTestName_276" name="Run 0" assertions="3 total, 0 failed, 3 succeeded"/><testcase time="-1868.437482929274" classname="p2.S6.SomeLongLongLongLongLongTestName_277" name="Run 0" assertions="3 total, 0 failed, 3 succeeded"/><testcase time="-3977.9549260183344" classname="p2.S6.SomeLongLongLongLongLongTestName_278" name="Run 0" assertions="3 total, 0 failed, 3 succeeded"/><testcase time="-2771.5109466262525" classname="p2.S6.SomeLongLongLongLongLongTestName_279" name="Run 0" assertions="3 total, 0 failed, 3 succeeded"/><testcase time="-6807.887482241003" classname="p2.S6.SomeLongLongLongLongLongTestName_280" name="Run 0" assertions="3 total, 0 failed, 3 succeeded"/><testcase time="-4199.44953715113" classname="p2.S6.SomeLongLongLongLongLongTestName_281" name="Run 0" assertions="3 total, 0 failed, 3 succeeded"/><testcase time="-640.462460458326" classname="p2.S6.SomeLongLongLongLongLongTestName_282" name="Run 0" assertions="3 total, 0 failed, 3 succeeded"/><testcase time="-2285.6678554027144" classname="p2.S6.SomeLongLongLongLongLongTestName_283" name="Run 0" assertions="3 total, 0 failed, 3 succeeded"/><testcase time="-6278.922364518325" classname="p2.S6.SomeLongLongLongLongLongTestName_284" name="Run 0" assertions="3 total, 0 failed, 3 succeeded"/><testcase time="-895.5764501844675" classname="p2.S6.SomeLongLongLongLongLongTestName_285" name="Run 0" assertions="3 total, 0 failed, 3 succeeded"/><testcase time="0" classname="p2.S6.SomeLongLongLongLongLongTestName_286" name="Run 0" assertions="3 total, 0 failed, 3 succeeded"><skipped type="Skipped" message="This test was disabled."/></testcase><testcase time="0" classname="p2.S6.SomeLongLongLongLongLongTestName_287" name="Run 0" assertions="3 total, 0 failed, 3 succeeded"><skipped type="Skipped" message="This test was disabled."/></testcase><testcase time="0" classname="p2.S6.SomeLongLongLongLongLongTestName_288" name="Run 0" assertions="3 total, 0 failed, 3 succeeded"><skipped type="Skipped" message="This test was disabled."/></testcase><testcase time="0" classname="p2.S6.SomeLongLongLongLongLongTestName_289" name="Run 0" assertions="3 total, 0 failed, 3 succeeded"><skipped type="Skipped" message="This test was disabled."/></testcase><testcase time="0" classname="p2.S6.SomeLongLongLongLongLongTestName_290" name="Run 0" assertions="3 total, 0 failed, 3 succeeded"><skipped type="Skipped" message="This test was disabled."/></testcase><testcase time="0" classname="p2.S6.SomeLongLongLongLongLongTestName_291" name="Run 0" assertions="3 total, 0 failed, 3 succeeded"><skipped type="Skipped" message="This test was disabled."/></testcase><testcase time="0" classname="p2.S6.SomeLongLongLongLongLongTestName_292" name="Run 0" assertions="3 total, 0 failed, 3 succeeded"><skipped type="Skipped" message="This test was disabled."/></testcase><testcase time="0" classname="p2.S6.SomeLongLongLongLongLongTestName_293" name="Run 0" assertions="3 total, 0 failed, 3 succeeded"><skipped type="Skipped" message="This test was disabled."/></testcase><testcase time="0" classname="p2.S6.SomeLongLongLongLongLongTestName_294" name="Run 0" assertions="3 total, 0 failed, 3 succeeded"><skipped type="Skipped" message="This test was disabled."/></testcase><testcase time="0" classname="p2.S6.SomeLongLongLongLongLongTestName_295" name="Run 0" assertions="3 total, 0 failed, 3 succeeded"><skipped type="Skipped" message="This test was disabled."/></testcase><testcase time="0" classname="p2.S6.SomeLongLongLongLongLongTestName_296" name="Run 0" assertions="3 total, 0 failed, 3 succeeded"><skipped type="Skipped" message="This test was disabled."/></testcase><testcase time="0" classname="p2.S6.SomeLongLongLongLongLongTestName_297" name="Run 0" assertions="3 total, 0 failed, 3 succeeded"><skipped type="Skipped" message="This test was disabled."/></testcase><testcase time="0" classname="p2.S6.SomeLongLongLongLongLongTestName_298" name="Run 0" assertions="3 total, 0 failed, 3 succeeded"><skipped type="Skipped" message="This test was disabled."/></testcase><testcase time="0" classname="p2.S6.SomeLongLongLongLongLongTestName_299" name="Run 0" assertions="3 total, 0 failed, 3 succeeded"><skipped type="Skipped" message="This test was disabled."/></testcase><testcase time="0" classname="p2.S6.SomeLongLongLongLongLongTestName_300" name="Run 0" assertions="3 total, 0 failed, 3 succeeded"><skipped type="Skipped" message="This test was disabled."/></testcase><testcase time="0" classname="p2.S6.SomeLongLongLongLongLongTestName_301" name="Run 0" assertions="3 total, 0 failed, 3 succeeded"><skipped type="Skipped" message="This test was disabled."/></testcase><testcase time="0" classname="p2.S6.SomeLongLongLongLongLongTestName_302" name="Run 0" assertions="3 total, 0 failed, 3 succeeded"><skipped type="Skipped" message="This test was disabled."/></testcase><testcase time="0" classname="p2.S6.SomeLongLongLongLongLongTestName_303" name="Run 0" assertions="3 total, 0 failed, 3 succeeded"><skipped type="Skipped" message="This test was disabled."/></testcase><testcase time="0" classname="p2.S6.SomeLongLongLongLongLongTestName_304" name="Run 0" assertions="3 total, 0 failed, 3 succeeded"><skipped type="Skipped" message="This test was disabled."/></testcase><testcase time="0" classname="p2.S6.SomeLongLongLongLongLongTestName_305" name="Run 0" assertions="3 total, 0 failed, 3 succeeded"><skipped type="Skipped" message="This test was disabled."/></testcase><testcase time="0" classname="p2.S6.SomeLongLongLongLongLongTestName_306" name="Run 0" assertions="3 total, 0 failed, 3 succeeded"><skipped type="Skipped" message="This test was disabled."/></testcase><testcase time="0" classname="p2.S6.SomeLongLongLongLongLongTestName_307" name="Run 0" assertions="3 total, 0 failed, 3 succeeded"><skipped type="Skipped" message="This test was disabled."/></testcase><testcase time="0" classname="p2.S6.SomeLongLongLongLongLongTestName_308" name="Run 0" assertions="3 total, 0 failed, 3 succeeded"><skipped type="Skipped" message="This test was disabled."/></testcase><testcase time="0" classname="p2.S6.SomeLongLongLongLongLongTestName_309" name="Run 0" assertions="3 total, 0 failed, 3 succeeded"><skipped type="Skipped" message="This test was disabled."/></testcase><testcase time="0" classname="p2.S6.SomeLongLongLongLongLongTestName_310" name="Run 0" assertions="3 total, 0 failed, 3 succeeded"><skipped type="Skipped" message="This test was disabled."/></testcase><testcase time="0" classname="p2.S6.SomeLongLongLongLongLongTestName_311" name="Run 0" assertions="3 total, 0 failed, 3 succeeded"><skipped type="Skipped" message="This test was disabled."/></testcase><testcase time="0" classname="p2.S6.SomeLongLongLongLongLongTestName_312" name="Run 0" assertions="3 total, 0 failed, 3 succeeded"><skipped type="Skipped" message="This test was disabled."/></testcase><testcase time="0" classname="p2.S6.SomeLongLongLongLongLongTestName_313" name="Run 0" assertions="3 total, 0 failed, 3 succeeded"><skipped type="Skipped" message="This test was disabled."/></testcase><testcase time="0" classname="p2.S6.SomeLongLongLongLongLongTestName_314" name="Run 0" assertions="3 total, 0 failed, 3 succeeded"><skipped type="Skipped" message="This test was disabled."/></testcase><testcase time="0" classname="p2.S6.SomeLongLongLongLongLongTestName_315" name="Run 0" assertions="3 total, 0 failed, 3 succeeded"><skipped type="Skipped" message="This test was disabled."/></testcase><testcase time="0" classname="p2.S6.SomeLongLongLongLongLongTestName_316" name="Run 0" assertions="3 total, 0 failed, 3 succeeded"><skipped type="Skipped" message="This test was disabled."/></testcase><testcase time="0" classname="p2.S6.SomeLongLongLongLongLongTestName_317" name="Run 0" assertions="3 total, 0 failed, 3 succeeded"><skipped type="Skipped" message="This test was disabled."/></testcase><testcase time="0" classname="p2.S6.SomeLongLongLongLongLongTestName_318" name="Run 0" assertions="3 total, 0 failed, 3 succeeded"><skipped type="Skipped" message="This test was disabled."/></testcase><testcase time="0" classname="p2.S6.SomeLongLongLongLongLongTestName_319" name="Run 0" assertions="3 total, 0 failed, 3 succeeded"><skipped type="Skipped" message="This test was disabled."/></testcase><testcase time="0" classname="p2.S6.SomeLongLongLongLongLongTestName_320" name="Run 0" assertions="3 total, 0 failed, 3 succeeded"><skipped type="Skipped" message="This test was disabled."/></testcase><testcase time="0" classname="p2.S6.SomeLongLongLongLongLongTestName_321" name="Run 0" assertions="3 total, 0 failed, 3 succeeded"><skipped type="Skipped" message="This test was disabled."/></testcase><testcase time="0" classname="p2.S6.SomeLongLongLongLongLongTestName_322" name="Run 0" assertions="3 total, 0 failed, 3 succeeded"><skipped type="Skipped" message="This test was disabled."/></testcase><testcase time="0" classname="p2.S6.SomeLongLongLongLongLongTestName_323" name="Run 0" assertions="3 total, 0 failed, 3 succeeded"><skipped type="Skipped" message="This test was disabled."/></testcase><testcase time="0" classname="p2.S6.SomeLongLongLongLongLongTestName_324" name="Run 0" assertions="3 total, 0 failed, 3 succeeded"><skipped type="Skipped" message="This test was disabled."/></testcase><testcase time="0" classname="p2.S6.SomeLongLongLongLongLongTestName_325" name="Run 0" assertions="3 total, 0 failed, 3 succeeded"><skipped type="Skipped" message="This test was disabled."/></testcase><testcase time="0" classname="p2.S6.SomeLongLongLongLongLongTestName_326" name="Run 0" assertions="3 total, 0 failed, 3 succeeded"><skipped type="Skipped" message="This test was disabled."/></testcase><testcase time="0" classname="p2.S6.SomeLongLongLongLongLongTestName_327" name="Run 0" assertions="3 total, 0 failed, 3 succeeded"><skipped type="Skipped" message="This test was disabled."/></testcase><testcase time="0" classname="p2.S6.SomeLongLongLongLongLongTestName_328" name="Run 0" assertions="3 total, 0 failed, 3 succeeded"><skipped type="Skipped" message="This test was disabled."/></testcase><testcase time="0" classname="p2.S6.SomeLongLongLongLongLongTestName_329" name="Run 0" assertions="3 total, 0 failed, 3 succeeded"><skipped type="Skipped" message="This test was disabled."/></testcase><testcase time="0" classname="p2.S6.SomeLongLongLongLongLongTestName_330" name="Run 0" assertions="3 total, 0 failed, 3 succeeded"><skipped type="Skipped" message="This test was disabled."/></testcase><testcase time="0" classname="p2.S6.SomeLongLongLongLongLongTestName_331" name="Run 0" assertions="3 total, 0 failed, 3 succeeded"><skipped type="Skipped" message="This test was disabled."/></testcase><testcase time="0" classname="p2.S6.SomeLongLongLongLongLongTestName_332" name="Run 0" assertions="3 total, 0 failed, 3 succeeded"><skipped type="Skipped" message="This test was disabled."/></testcase><testcase time="0" classname="p2.S6.SomeLongLongLongLongLongTestName_333" name="Run 0" assertions="3 total, 0 failed, 3 succeeded"><skipped type="Skipped" message="This test was disabled."/></testcase><testcase time="0" classname="p2.S6.SomeLongLongLongLongLongTestName_334" name="Run 0" assertions="3 total, 0 failed, 3 succeeded"><skipped type="Skipped" message="This test was disabled."/></testcase><testcase time="0" classname="p2.S6.SomeLongLongLongLongLongTestName_335" name="Run 0" assertions="3 total, 0 failed, 3 succeeded"><skipped type="Skipped" message="This test was disabled."/></testcase><testcase time="0" classname="p2.S6.SomeLongLongLongLongLongTestName_336" name="Run 0" assertions="3 total, 0 failed, 3 succeeded"><skipped type="Skipped" message="This test was disabled."/></testcase><testcase time="0" classname="p2.S6.SomeLongLongLongLongLongTestName_337" name="Run 0" assertions="3 total, 0 failed, 3 succeeded"><skipped type="Skipped" message="This test was disabled."/></testcase><testcase time="0" classname="p2.S6.SomeLongLongLongLongLongTestName_338" name="Run 0" assertions="3 total, 0 failed, 3 succeeded"><skipped type="Skipped" message="This test was disabled."/></testcase><testcase time="0" classname="p2.S6.SomeLongLongLongLongLongTestName_339" name="Run 0" assertions="3 total, 0 failed, 3 succeeded"><skipped type="Skipped" message="This test was disabled."/></testcase><testcase time="0" classname="p2.S6.SomeLongLongLongLongLongTestName_340" name="Run 0" assertions="3 total, 0 failed, 3 succeeded"><skipped type="Skipped" message="This test was disabled."/></testcase><testcase time="0" classname="p2.S6.SomeLongLongLongLongLongTestName_341" name="Run 0" assertions="3 total, 0 failed, 3 succeeded"><skipped type="Skipped" message="This test was disabled."/></testcase><testcase time="0" classname="p2.S6.SomeLongLongLongLongLongTestName_342" name="Run 0" assertions="3 total, 0 failed, 3 succeeded"><skipped type="Skipped" message="This test was disabled."/></testcase><testcase time="0" classname="p2.S6.SomeLongLongLongLongLongTestName_343" name="Run 0" assertions="3 total, 0 failed, 3 succeeded"><skipped type="Skipped" message="This test was disabled."/></testcase><testcase time="0" classname="p2.S6.SomeLongLongLongLongLongTestName_344" name="Run 0" assertions="3 total, 0 failed, 3 succeeded"><skipped type="Skipped" message="This test was disabled."/></testcase><testcase time="0" classname="p2.S6.SomeLongLongLongLongLongTestName_345" name="Run 0" assertions="3 total, 0 failed, 3 succeeded"><skipped type="Skipped" message="This test was disabled."/></testcase><testcase time="0" classname="p2.S6.SomeLongLongLongLongLongTestName_346" name="Run 0" assertions="3 total, 0 failed, 3 succeeded"><skipped type="Skipped" message="This test was disabled."/></testcase><testcase time="0" classname="p2.S6.SomeLongLongLongLongLongTestName_347" name="Run 0" assertions="3 total, 0 failed, 3 succeeded"><skipped type="Skipped" message="This test was disabled."/></testcase><testcase time="0" classname="p2.S6.SomeLongLongLongLongLongTestName_348" name="Run 0" assertions="3 total, 0 failed, 3 succeeded"><skipped type="Skipped" message="This test was disabled."/></testcase><testcase time="0" classname="p2.S6.SomeLongLongLongLongLongTestName_349" name="Run 0" assertions="3 total, 0 failed, 3 succeeded"><skipped type="Skipped" message="This test was disabled."/></testcase><testcase time="0" classname="p2.S6.SomeLongLongLongLongLongTestName_350" name="Run 0" assertions="3 total, 0 failed, 3 succeeded"><skipped type="Skipped" message="This test was disabled."/></testcase><testcase time="0" classname="p2.S6.SomeLongLongLongLongLongTestName_351" name="Run 0" assertions="3 total, 0 failed, 3 succeeded"><skipped type="Skipped" message="This test was disabled."/></testcase><testcase time="0" classname="p2.S6.SomeLongLongLongLongLongTestName_352" name="Run 0" assertions="3 total, 0 failed, 3 succeeded"><skipped type="Skipped" message="This test was disabled."/></testcase><testcase time="0" classname="p2.S6.SomeLongLongLongLongLongTestName_353" name="Run 0" assertions="3 total, 0 failed, 3 succeeded"><skipped type="Skipped" message="This test was disabled."/></testcase><testcase time="0" classname="p2.S6.SomeLongLongLongLongLongTestName_354" name="Run 0" assertions="3 total, 0 failed, 3 succeeded"><skipped type="Skipped" message="This test was disabled."/></testcase><testcase time="0" classname="p2.S6.SomeLongLongLongLongLongTestName_355" name="Run 0" assertions="3 total, 0 failed, 3 succeeded"><skipped type="Skipped" message="This test was disabled."/></testcase><testcase time="0" classname="p2.S6.SomeLongLongLongLongLongTestName_356" name="Run 0" assertions="3 total, 0 failed, 3 succeeded"><skipped type="Skipped" message="This test was disabled."/></testcase><testcase time="0" classname="p2.S6.SomeLongLongLongLongLongTestName_357" name="Run 0" assertions="3 total, 0 failed, 3 succeeded"><skipped type="Skipped" message="This test was disabled."/></testcase><testcase time="0" classname="p2.S6.SomeLongLongLongLongLongTestName_358" name="Run 0" assertions="3 total, 0 failed, 3 succeeded"><skipped type="Skipped" message="This test was disabled."/></testcase><testcase time="0" classname="p2.S6.SomeLongLongLongLongLongTestName_359" name="Run 0" assertions="3 total, 0 failed, 3 succeeded"><skipped type="Skipped" message="This test was disabled."/></testcase><testcase time="0" classname="p2.S6.SomeLongLongLongLongLongTestName_360" name="Run 0" assertions="3 total, 0 failed, 3 succeeded"><skipped type="Skipped" message="This test was disabled."/></testcase><testcase time="0" classname="p2.S6.SomeLongLongLongLongLongTestName_361" name="Run 0" assertions="3 total, 0 failed, 3 succeeded"><skipped type="Skipped" message="This test was disabled."/></testcase><testcase time="0" classname="p2.S6.SomeLongLongLongLongLongTestName_362" name="Run 0" assertions="3 total, 0 failed, 3 succeeded"><skipped type="Skipped" message="This test was disabled."/></testcase><testcase time="0" classname="p2.S6.SomeLongLongLongLongLongTestName_363" name="Run 0" assertions="3 total, 0 failed, 3 succeeded"><skipped type="Skipped" message="This test was disabled."/></testcase><testcase time="0" classname="p2.S6.SomeLongLongLongLongLongTestName_364" name="Run 0" assertions="3 total, 0 failed, 3 succeeded"><skipped type="Skipped" message="This test was disabled."/></testcase><testcase time="0" classname="p2.S6.SomeLongLongLongLongLongTestName_365" name="Run 0" assertions="3 total, 0 failed, 3 succeeded"><skipped type="Skipped" message="This test was disabled."/></testcase><testcase time="0" classname="p2.S6.SomeLongLongLongLongLongTestName_366" name="Run 0" assertions="3 total, 0 failed, 3 succeeded"><skipped type="Skipped" message="This test was disabled."/></testcase><testcase time="0" classname="p2.S6.SomeLongLongLongLongLongTestName_367" name="Run 0" assertions="3 total, 0 failed, 3 succeeded"><skipped type="Skipped" message="This test was disabled."/></testcase><testcase time="0" classname="p2.S6.SomeLongLongLongLongLongTestName_368" name="Run 0" assertions="3 total, 0 failed, 3 succeeded"><skipped type="Skipped" message="This test was disabled."/></testcase><testcase time="0" classname="p2.S6.SomeLongLongLongLongLongTestName_369" name="Run 0" assertions="3 total, 0 failed, 3 succeeded"><skipped type="Skipped" message="This test was disabled."/></testcase><testcase time="0" classname="p2.S6.SomeLongLongLongLongLongTestName_370" name="Run 0" assertions="3 total, 0 failed, 3 succeeded"><skipped type="Skipped" message="This test was disabled."/></testcase><testcase time="0" classname="p2.S6.SomeLongLongLongLongLongTestName_371" name="Run 0" assertions="3 total, 0 failed, 3 succeeded"><skipped type="Skipped" message="This test was disabled."/></testcase><testcase time="0" classname="p2.S6.SomeLongLongLongLongLongTestName_372" name="Run 0" assertions="3 total, 0 failed, 3 succeeded"><skipped type="Skipped" message="This test was disabled."/></testcase><testcase time="0" classname="p2.S6.SomeLongLongLongLongLongTestName_373" name="Run 0" assertions="3 total, 0 failed, 3 succeeded"><skipped type="Skipped" message="This test was disabled."/></testcase><testcase time="0" classname="p2.S6.SomeLongLongLongLongLongTestName_374" name="Run 0" assertions="3 total, 0 failed, 3 succeeded"><skipped type="Skipped" message="This test was disabled."/></testcase><testcase time="0" classname="p2.S6.SomeLongLongLongLongLongTestName_375" name="Run 0" assertions="3 total, 0 failed, 3 succeeded"><skipped type="Skipped" message="This test was disabled."/></testcase><testcase time="0" classname="p2.S6.SomeLongLongLongLongLongTestName_376" name="Run 0" assertions="3 total, 0 failed, 3 succeeded"><skipped type="Skipped" message="This test was disabled."/></testcase><testcase time="0" classname="p2.S6.SomeLongLongLongLongLongTestName_377" name="Run 0" assertions="3 total, 0 failed, 3 succeeded"><skipped type="Skipped" message="This test was disabled."/></testcase><testcase time="0" classname="p2.S6.SomeLongLongLongLongLongTestName_378" name="Run 0" assertions="3 total, 0 failed, 3 succeeded"><skipped type="Skipped" message="This test was disabled."/></testcase><testcase time="0" classname="p2.S6.SomeLongLongLongLongLongTestName_379" name="Run 0" assertions="3 total, 0 failed, 3 succeeded"><skipped type="Skipped" message="This test was disabled."/></testcase><testcase time="0" classname="p2.S6.SomeLongLongLongLongLongTestName_380" name="Run 0" assertions="3 total, 0 failed, 3 succeeded"><skipped type="Skipped" message="This test was disabled."/></testcase><testcase time="0" classname="p2.S6.SomeLongLongLongLongLongTestName_381" name="Run 0" assertions="3 total, 0 failed, 3 succeeded"><skipped type="Skipped" message="This test was disabled."/></testcase><testcase time="0" classname="p2.S6.SomeLongLongLongLongLongTestName_382" name="Run 0" assertions="3 total, 0 failed, 3 succeeded"><skipped type="Skipped" message="This test was disabled."/></testcase><testcase time="0" classname="p2.S6.SomeLongLongLongLongLongTestName_383" name="Run 0" assertions="3 total, 0 failed, 3 succeeded"><skipped type="Skipped" message="This test was disabled."/></testcase><testcase time="0" classname="p2.S6.SomeLongLongLongLongLongTestName_384" name="Run 0" assertions="3 total, 0 failed, 3 succeeded"><skipped type="Skipped" message="This test was disabled."/></testcase><testcase time="0" classname="p2.S6.SomeLongLongLongLongLongTestName_385" name="Run 0" assertions="3 total, 0 failed, 3 succeeded"><skipped type="Skipped" message="This test was disabled."/></testcase><testcase time="0" classname="p2.S6.SomeLongLongLongLongLongTestName_386" name="Run 0" assertions="3 total, 0 failed, 3 succeeded"><skipped type="Skipped" message="This test was disabled."/></testcase><testcase time="0" classname="p2.S6.SomeLongLongLongLongLongTestName_387" name="Run 0" assertions="3 total, 0 failed, 3 succeeded"><skipped type="Skipped" message="This test was disabled."/></testcase><testcase time="0" classname="p2.S6.SomeLongLongLongLongLongTestName_388" name="Run 0" assertions="3 total, 0 failed, 3 succeeded"><skipped type="Skipped" message="This test was disabled."/></testcase><testcase time="0" classname="p2.S6.SomeLongLongLongLongLongTestName_389" name="Run 0" assertions="3 total, 0 failed, 3 succeeded"><skipped type="Skipped" message="This test was disabled."/></testcase><testcase time="0" classname="p2.S6.SomeLongLongLongLongLongTestName_390" name="Run 0" assertions="3 total, 0 failed, 3 succeeded"><skipped type="Skipped" message="This test was disabled."/></testcase><testcase time="0" classname="p2.S6.SomeLongLongLongLongLongTestName_391" name="Run 0" assertions="3 total, 0 failed, 3 succeeded"><skipped type="Skipped" message="This test was disabled."/></testcase><testcase time="0" classname="p2.S6.SomeLongLongLongLongLongTestName_392" name="Run 0" assertions="3 total, 0 failed, 3 succeeded"><skipped type="Skipped" message="This test was disabled."/></testcase><testcase time="0" classname="p2.S6.SomeLongLongLongLongLongTestName_393" name="Run 0" assertions="3 total, 0 failed, 3 succeeded"><skipped type="Skipped" message="This test was disabled."/></testcase><testcase time="0" classname="p2.S6.SomeLongLongLongLongLongTestName_394" name="Run 0" assertions="3 total, 0 failed, 3 succeeded"><skipped type="Skipped" message="This test was disabled."/></testcase><testcase time="0" classname="p2.S6.SomeLongLongLongLongLongTestName_395" name="Run 0" assertions="3 total, 0 failed, 3 succeeded"><skipped type="Skipped" message="This test was disabled."/></testcase><testcase time="0" classname="p2.S6.SomeLongLongLongLongLongTestName_396" name="Run 0" assertions="3 total, 0 failed, 3 succeeded"><skipped type="Skipped" message="This test was disabled."/></testcase><testcase time="0" classname="p2.S6.SomeLongLongLongLongLongTestName_397" name="Run 0" assertions="3 total, 0 failed, 3 succeeded"><skipped type="Skipped" message="This test was disabled."/></testcase><testcase time="0" classname="p2.S6.SomeLongLongLongLongLongTestName_398" name="Run 0" assertions="3 total, 0 failed, 3 succeeded"><skipped type="Skipped" message="This test was disabled."/></testcase><testcase time="0" classname="p2.S6.SomeLongLongLongLongLongTestName_399" name="Run 0" assertions="3 total, 0 failed, 3 succeeded"><skipped type="Skipped" message="This test was disabled."/></testcase><testcase time="0" classname="p2.S6.SomeLongLongLongLongLongTestName_400" name="Run 0" assertions="3 total, 0 failed, 3 succeeded"><skipped type="Skipped" message="This test was disabled."/></testcase><testcase time="0" classname="p2.S6.SomeLongLongLongLongLongTestName_401" name="Run 0" assertions="3 total, 0 failed, 3 succeeded"><skipped type="Skipped" message="This test was disabled."/></testcase><testcase time="0" classname="p2.S6.SomeLongLongLongLongLongTestName_402" name="Run 0" assertions="3 total, 0 failed, 3 succeeded"><skipped type="Skipped" message="This test was disabled."/></testcase><testcase time="0" classname="p2.S6.SomeLongLongLongLongLongTestName_403" name="Run 0" assertions="3 total, 0 failed, 3 succeeded"><skipped type="Skipped" message="This test was disabled."/></testcase><testcase time="0" classname="p2.S6.SomeLongLongLongLongLongTestName_404" name="Run 0" assertions="3 total, 0 failed, 3 succeeded"><skipped type="Skipped" message="This test was disabled."/></testcase><testcase time="0" classname="p2.S6.SomeLongLongLongLongLongTestName_405" name="Run 0" assertions="3 total, 0 failed, 3 succeeded"><skipped type="Skipped" message="This test was disabled."/></testcase><testcase time="0" classname="p2.S6.SomeLongLongLongLongLongTestName_406" name="Run 0" assertions="3 total, 0 failed, 3 succeeded"><skipped type="Skipped" message="This test was disabled."/></testcase><testcase time="0" classname="p2.S6.SomeLongLongLongLongLongTestName_407" name="Run 0" assertions="3 total, 0 failed, 3 succeeded"><skipped type="Skipped" message="This test was disabled."/></testcase><testcase time="0" classname="p2.S6.SomeLongLongLongLongLongTestName_408" name="Run 0" assertions="3 total, 0 failed, 3 succeeded"><skipped type="Skipped" message="This test was disabled."/></testcase><testcase time="0" classname="p2.S6.SomeLongLongLongLongLongTestName_409" name="Run 0" assertions="3 total, 0 failed, 3 succeeded"><skipped type="Skipped" message="This test was disabled."/></testcase><testcase time="0" classname="p2.S6.SomeLongLongLongLongLongTestName_410" name="Run 0" assertions="3 total, 0 failed, 3 succeeded"><skipped type="Skipped" message="This test was disabled."/></testcase><testcase time="0" classname="p2.S6.SomeLongLongLongLongLongTestName_411" name="Run 0" assertions="3 total, 0 failed, 3 succeeded"><skipped type="Skipped" message="This test was disabled."/></testcase><testcase time="0" classname="p2.S6.SomeLongLongLongLongLongTestName_412" name="Run 0" assertions="3 total, 0 failed, 3 succeeded"><skipped type="Skipped" message="This test was disabled."/></testcase><testcase time="0" classname="p2.S6.SomeLongLongLongLongLongTestName_413" name="Run 0" assertions="3 total, 0 failed, 3 succeeded"><skipped type="Skipped" message="This test was disabled."/></testcase><testcase time="0" classname="p2.S6.SomeLongLongLongLongLongTestName_414" name="Run 0" assertions="3 total, 0 failed, 3 succeeded"><skipped type="Skipped" message="This test was disabled."/></testcase><testcase time="0" classname="p2.S6.SomeLongLongLongLongLongTestName_415" name="Run 0" assertions="3 total, 0 failed, 3 succeeded"><skipped type="Skipped" message="This test was disabled."/></testcase><testcase time="0" classname="p2.S6.SomeLongLongLongLongLongTestName_416" name="Run 0" assertions="3 total, 0 failed, 3 succeeded"><skipped type="Skipped" message="This test was disabled."/></testcase><testcase time="0" classname="p2.S6.SomeLongLongLongLongLongTestName_417" name="Run 0" assertions="3 total, 0 failed, 3 succeeded"><skipped type="Skipped" message="This test was disabled."/></testcase><testcase time="0" classname="p2.S6.SomeLongLongLongLongLongTestName_418" name="Run 0" assertions="3 total, 0 failed, 3 succeeded"><skipped type="Skipped" message="This test was disabled."/></testcase><testcase time="0" classname="p2.S6.SomeLongLongLongLongLongTestName_419" name="Run 0" assertions="3 total, 0 failed, 3 succeeded"><skipped type="Skipped" message="This test was disabled."/></testcase><testcase time="0" classname="p2.S6.SomeLongLongLongLongLongTestName_420" name="Run 0" assertions="3 total, 0 failed, 3 succeeded"><skipped type="Skipped" message="This test was disabled."/></testcase><testcase time="-6909.2182941085675" classname="p2.S7.SomeLongLongLongLongLongTestName_0" name="Run 0" assertions="3 total, 0 failed, 3 succeeded">
                          <properties>
                          <property name="prop1" value="value1" />
                          <property name="multiline">
                              Config line 1
                              Config line 2
                              Config line 3
                          </property>
                        </properties>
                        <failure message="failure message 0" type="Failure"/><system-out>This is stdout
[[ATTACHMENT|attachment.txt]]
</system-out><system-err>This is stderr
[[ATTACHMENT|attachment.txt]]
</system-err></testcase><testcase time="-3672.9065366566665" classname="p2.S7.SomeLongLongLongLongLongTestName_1" name="Run 0" assertions="3 total, 0 failed, 3 succeeded"/><testcase time="-815.2406813480093" classname="p2.S7.SomeLongLongLongLongLongTestName_2" name="Run 0" assertions="3 total, 0 failed, 3 succeeded"/><testcase time="-3796.870448829838" classname="p2.S7.SomeLongLongLongLongLongTestName_3" name="Run 0" assertions="3 total, 0 failed, 3 succeeded"/><testcase time="-7496.757421300458" classname="p2.S7.SomeLongLongLongLongLongTestName_4" name="Run 0" assertions="3 total, 0 failed, 3 succeeded"/><testcase time="-1616.944180336701" classname="p2.S7.SomeLongLongLongLongLongTestName_5" name="Run 0" assertions="3 total, 0 failed, 3 succeeded"/><testcase time="-7994.884438765613" classname="p2.S7.SomeLongLongLongLongLongTestName_6" name="Run 0" assertions="3 total, 0 failed, 3 succeeded"/><testcase time="-1937.4055839035982" classname="p2.S7.SomeLongLongLongLongLongTestName_7" name="Run 0" assertions="3 total, 0 failed, 3 succeeded"/><testcase time="-1486.8087412593857" classname="p2.S7.SomeLongLongLongLongLongTestName_8" name="Run 0" assertions="3 total, 0 failed, 3 succeeded"/><testcase time="-4478.474981064087" classname="p2.S7.SomeLongLongLongLongLongTestName_9" name="Run 0" assertions="3 total, 0 failed, 3 succeeded"/><testcase time="-5533.0334600927235" classname="p2.S7.SomeLongLongLongLongLongTestName_10" name="Run 0" assertions="3 total, 0 failed, 3 succeeded"/><testcase time="-1824.888252145896" classname="p2.S7.SomeLongLongLongLongLongTestName_11" name="Run 0" assertions="3 total, 0 failed, 3 succeeded"/><testcase time="-4386.390425265141" classname="p2.S7.SomeLongLongLongLongLongTestName_12" name="Run 0" assertions="3 total, 0 failed, 3 succeeded"/><testcase time="-6400.446961442641" classname="p2.S7.SomeLongLongLongLongLongTestName_13" name="Run 0" assertions="3 total, 0 failed, 3 succeeded"/><testcase time="-5591.898501677194" classname="p2.S7.SomeLongLongLongLongLongTestName_14" name="Run 0" assertions="3 total, 0 failed, 3 succeeded"/><testcase time="-8653.38229170369" classname="p2.S7.SomeLongLongLongLongLongTestName_15" name="Run 0" assertions="3 total, 0 failed, 3 succeeded"/><testcase time="-8310.247532235735" classname="p2.S7.SomeLongLongLongLongLongTestName_16" name="Run 0" assertions="3 total, 0 failed, 3 succeeded"/><testcase time="-6800.998076637558" classname="p2.S7.SomeLongLongLongLongLongTestName_17" name="Run 0" assertions="3 total, 0 failed, 3 succeeded"/><testcase time="-4171.8878955087" classname="p2.S7.SomeLongLongLongLongLongTestName_18" name="Run 0" assertions="3 total, 0 failed, 3 succeeded"/><testcase time="-3302.8174959648036" classname="p2.S7.SomeLongLongLongLongLongTestName_19" name="Run 0" assertions="3 total, 0 failed, 3 succeeded"/><testcase time="-7370.160162953637" classname="p2.S7.SomeLongLongLongLongLongTestName_20" name="Run 0" assertions="3 total, 0 failed, 3 succeeded"/><testcase time="-625.5397089424794" classname="p2.S7.SomeLongLongLongLongLongTestName_21" name="Run 0" assertions="3 total, 0 failed, 3 succeeded"/><testcase time="-4351.277349723928" classname="p2.S7.SomeLongLongLongLongLongTestName_22" name="Run 0" assertions="3 total, 0 failed, 3 succeeded"/><testcase time="-1819.920399780468" classname="p2.S7.SomeLongLongLongLongLongTestName_23" name="Run 0" assertions="3 total, 0 failed, 3 succeeded"/><testcase time="-7418.419742045669" classname="p2.S7.SomeLongLongLongLongLongTestName_24" name="Run 0" assertions="3 total, 0 failed, 3 succeeded"/><testcase time="-3775.801486400228" classname="p2.S7.SomeLongLongLongLongLongTestName_25" name="Run 0" assertions="3 total, 0 failed, 3 succeeded"/><testcase time="-2738.6703006939374" classname="p2.S7.SomeLongLongLongLongLongTestName_26" name="Run 0" assertions="3 total, 0 failed, 3 succeeded"/><testcase time="-2061.42391225432" classname="p2.S7.SomeLongLongLongLongLongTestName_27" name="Run 0" assertions="3 total, 0 failed, 3 succeeded"/><testcase time="-3467.3718569965363" classname="p2.S7.SomeLongLongLongLongLongTestName_28" name="Run 0" assertions="3 total, 0 failed, 3 succeeded"/><testcase time="-7579.049073684778" classname="p2.S7.SomeLongLongLongLongLongTestName_29" name="Run 0" assertions="3 total, 0 failed, 3 succeeded"/><testcase time="-2064.5241494176075" classname="p2.S7.SomeLongLongLongLongLongTestName_30" name="Run 0" assertions="3 total, 0 failed, 3 succeeded"/><testcase time="-4006.464040437291" classname="p2.S7.SomeLongLongLongLongLongTestName_31" name="Run 0" assertions="3 total, 0 failed, 3 succeeded"/><testcase time="-7658.3511420563655" classname="p2.S7.SomeLongLongLongLongLongTestName_32" name="Run 0" assertions="3 total, 0 failed, 3 succeeded"/><testcase time="-7811.718880339443" classname="p2.S7.SomeLongLongLongLongLongTestName_33" name="Run 0" assertions="3 total, 0 failed, 3 succeeded"/><testcase time="-6346.722865023338" classname="p2.S7.SomeLongLongLongLongLongTestName_34" name="Run 0" assertions="3 total, 0 failed, 3 succeeded"/><testcase time="-6454.795785161918" classname="p2.S7.SomeLongLongLongLongLongTestName_35" name="Run 0" assertions="3 total, 0 failed, 3 succeeded"/><testcase time="-2577.48460314447" classname="p2.S7.SomeLongLongLongLongLongTestName_36" name="Run 0" assertions="3 total, 0 failed, 3 succeeded"/><testcase time="-5281.204871633635" classname="p2.S7.SomeLongLongLongLongLongTestName_37" name="Run 0" assertions="3 total, 0 failed, 3 succeeded"/><testcase time="-7943.877879674349" classname="p2.S7.SomeLongLongLongLongLongTestName_38" name="Run 0" assertions="3 total, 0 failed, 3 succeeded"/><testcase time="-7341.935424007826" classname="p2.S7.SomeLongLongLongLongLongTestName_39" name="Run 0" assertions="3 total, 0 failed, 3 succeeded"/><testcase time="-5099.753118571371" classname="p2.S7.SomeLongLongLongLongLongTestName_40" name="Run 0" assertions="3 total, 0 failed, 3 succeeded"/><testcase time="-6592.121061443456" classname="p2.S7.SomeLongLongLongLongLongTestName_41" name="Run 0" assertions="3 total, 0 failed, 3 succeeded"/><testcase time="-6058.2383050984545" classname="p2.S7.SomeLongLongLongLongLongTestName_42" name="Run 0" assertions="3 total, 0 failed, 3 succeeded"/><testcase time="-7465.7189151388075" classname="p2.S7.SomeLongLongLongLongLongTestName_43" name="Run 0" assertions="3 total, 0 failed, 3 succeeded"/><testcase time="-5332.971114012208" classname="p2.S7.SomeLongLongLongLongLongTestName_44" name="Run 0" assertions="3 total, 0 failed, 3 succeeded"/><testcase time="-9798.028118500144" classname="p2.S7.SomeLongLongLongLongLongTestName_45" name="Run 0" assertions="3 total, 0 failed, 3 succeeded"/><testcase time="-1175.5979755313156" classname="p2.S7.SomeLongLongLongLongLongTestName_46" name="Run 0" assertions="3 total, 0 failed, 3 succeeded"/><testcase time="-8499.63030900335" classname="p2.S7.SomeLongLongLongLongLongTestName_47" name="Run 0" assertions="3 total, 0 failed, 3 succeeded"/><testcase time="-4696.894405180121" classname="p2.S7.SomeLongLongLongLongLongTestName_48" name="Run 0" assertions="3 total, 0 failed, 3 succeeded"/><testcase time="-7212.492524974269" classname="p2.S7.SomeLongLongLongLongLongTestName_49" name="Run 0" assertions="3 total, 0 failed, 3 succeeded"/><testcase time="-7274.154998835951" classname="p2.S7.SomeLongLongLongLongLongTestName_50" name="Run 0" assertions="3 total, 0 failed, 3 succeeded"/><testcase time="-584.7162143309325" classname="p2.S7.SomeLongLongLongLongLongTestName_51" name="Run 0" assertions="3 total, 0 failed, 3 succeeded"/><testcase time="-2381.3017114496747" classname="p2.S7.SomeLongLongLongLongLongTestName_52" name="Run 0" assertions="3 total, 0 failed, 3 succeeded"/><testcase time="-6135.722655590471" classname="p2.S7.SomeLongLongLongLongLongTestName_53" name="Run 0" assertions="3 total, 0 failed, 3 succeeded"/><testcase time="-9103.654126258674" classname="p2.S7.SomeLongLongLongLongLongTestName_54" name="Run 0" assertions="3 total, 0 failed, 3 succeeded"/><testcase time="-780.893510763032" classname="p2.S7.SomeLongLongLongLongLongTestName_55" name="Run 0" assertions="3 total, 0 failed, 3 succeeded"/><testcase time="-9903.592401162006" classname="p2.S7.SomeLongLongLongLongLongTestName_56" name="Run 0" assertions="3 total, 0 failed, 3 succeeded"/><testcase time="-7815.202538523265" classname="p2.S7.SomeLongLongLongLongLongTestName_57" name="Run 0" assertions="3 total, 0 failed, 3 succeeded"/><testcase time="-5732.059705971346" classname="p2.S7.SomeLongLongLongLongLongTestName_58" name="Run 0" assertions="3 total, 0 failed, 3 succeeded"/><testcase time="-1145.7366092862637" classname="p2.S7.SomeLongLongLongLongLongTestName_59" name="Run 0" assertions="3 total, 0 failed, 3 succeeded"/><testcase time="-9327.549819909897" classname="p2.S7.SomeLongLongLongLongLongTestName_60" name="Run 0" assertions="3 total, 0 failed, 3 succeeded"/><testcase time="-2429.2688392164055" classname="p2.S7.SomeLongLongLongLongLongTestName_61" name="Run 0" assertions="3 total, 0 failed, 3 succeeded"/><testcase time="-4095.825092079486" classname="p2.S7.SomeLongLongLongLongLongTestName_62" name="Run 0" assertions="3 total, 0 failed, 3 succeeded"/><testcase time="-3477.4579023341007" classname="p2.S7.SomeLongLongLongLongLongTestName_63" name="Run 0" assertions="3 total, 0 failed, 3 succeeded"/><testcase time="-2504.9602862626944" classname="p2.S7.SomeLongLongLongLongLongTestName_64" name="Run 0" assertions="3 total, 0 failed, 3 succeeded"/><testcase time="-3979.932128266212" classname="p2.S7.SomeLongLongLongLongLongTestName_65" name="Run 0" assertions="3 total, 0 failed, 3 succeeded"/><testcase time="-9039.15636636871" classname="p2.S7.SomeLongLongLongLongLongTestName_66" name="Run 0" assertions="3 total, 0 failed, 3 succeeded"/><testcase time="-1516.4692152240486" classname="p2.S7.SomeLongLongLongLongLongTestName_67" name="Run 0" assertions="3 total, 0 failed, 3 succeeded"/><testcase time="-5377.658257762361" classname="p2.S7.SomeLongLongLongLongLongTestName_68" name="Run 0" assertions="3 total, 0 failed, 3 succeeded"/><testcase time="-276.99879706959797" classname="p2.S7.SomeLongLongLongLongLongTestName_69" name="Run 0" assertions="3 total, 0 failed, 3 succeeded"/><testcase time="-33.42377818848199" classname="p2.S7.SomeLongLongLongLongLongTestName_70" name="Run 0" assertions="3 total, 0 failed, 3 succeeded"/><testcase time="-3924.317974021388" classname="p2.S7.SomeLongLongLongLongLongTestName_71" name="Run 0" assertions="3 total, 0 failed, 3 succeeded"/><testcase time="-4886.445573439912" classname="p2.S7.SomeLongLongLongLongLongTestName_72" name="Run 0" assertions="3 total, 0 failed, 3 succeeded"/><testcase time="-4919.550989788976" classname="p2.S7.SomeLongLongLongLongLongTestName_73" name="Run 0" assertions="3 total, 0 failed, 3 succeeded"/><testcase time="-1926.0573534492246" classname="p2.S7.SomeLongLongLongLongLongTestName_74" name="Run 0" assertions="3 total, 0 failed, 3 succeeded"/><testcase time="-8228.691484054678" classname="p2.S7.SomeLongLongLongLongLongTestName_75" name="Run 0" assertions="3 total, 0 failed, 3 succeeded"/><testcase time="-8276.747122621351" classname="p2.S7.SomeLongLongLongLongLongTestName_76" name="Run 0" assertions="3 total, 0 failed, 3 succeeded"/><testcase time="-2581.1444471773953" classname="p2.S7.SomeLongLongLongLongLongTestName_77" name="Run 0" assertions="3 total, 0 failed, 3 succeeded"/><testcase time="-4923.638477916159" classname="p2.S7.SomeLongLongLongLongLongTestName_78" name="Run 0" assertions="3 total, 0 failed, 3 succeeded"/><testcase time="-3387.271157873315" classname="p2.S7.SomeLongLongLongLongLongTestName_79" name="Run 0" assertions="3 total, 0 failed, 3 succeeded"/><testcase time="-2377.3577014598345" classname="p2.S7.SomeLongLongLongLongLongTestName_80" name="Run 0" assertions="3 total, 0 failed, 3 succeeded"/><testcase time="-158.43502524249038" classname="p2.S7.SomeLongLongLongLongLongTestName_81" name="Run 0" assertions="3 total, 0 failed, 3 succeeded"/><testcase time="-9481.780374873757" classname="p2.S7.SomeLongLongLongLongLongTestName_82" name="Run 0" assertions="3 total, 0 failed, 3 succeeded"/><testcase time="-6871.010494577552" classname="p2.S7.SomeLongLongLongLongLongTestName_83" name="Run 0" assertions="3 total, 0 failed, 3 succeeded"/><testcase time="-3305.4731338547695" classname="p2.S7.SomeLongLongLongLongLongTestName_84" name="Run 0" assertions="3 total, 0 failed, 3 succeeded"/><testcase time="-5778.79640622669" classname="p2.S7.SomeLongLongLongLongLongTestName_85" name="Run 0" assertions="3 total, 0 failed, 3 succeeded"/><testcase time="-762.7185655351834" classname="p2.S7.SomeLongLongLongLongLongTestName_86" name="Run 0" assertions="3 total, 0 failed, 3 succeeded"/><testcase time="-3774.0063353272235" classname="p2.S7.SomeLongLongLongLongLongTestName_87" name="Run 0" assertions="3 total, 0 failed, 3 succeeded"/><testcase time="-4187.235010104942" classname="p2.S7.SomeLongLongLongLongLongTestName_88" name="Run 0" assertions="3 total, 0 failed, 3 succeeded"/><testcase time="-849.4637610663071" classname="p2.S7.SomeLongLongLongLongLongTestName_89" name="Run 0" assertions="3 total, 0 failed, 3 succeeded"/><testcase time="-8287.756737403302" classname="p2.S7.SomeLongLongLongLongLongTestName_90" name="Run 0" assertions="3 total, 0 failed, 3 succeeded"/><testcase time="-2696.4590938347783" classname="p2.S7.SomeLongLongLongLongLongTestName_91" name="Run 0" assertions="3 total, 0 failed, 3 succeeded"/><testcase time="-1924.220764175647" classname="p2.S7.SomeLongLongLongLongLongTestName_92" name="Run 0" assertions="3 total, 0 failed, 3 succeeded"/><testcase time="-8128.79950492374" classname="p2.S7.SomeLongLongLongLongLongTestName_93" name="Run 0" assertions="3 total, 0 failed, 3 succeeded"/><testcase time="-2824.2525675341153" classname="p2.S7.SomeLongLongLongLongLongTestName_94" name="Run 0" assertions="3 total, 0 failed, 3 succeeded"/><testcase time="-4436.952162737209" classname="p2.S7.SomeLongLongLongLongLongTestName_95" name="Run 0" assertions="3 total, 0 failed, 3 succeeded"/><testcase time="-464.4070438279766" classname="p2.S7.SomeLongLongLongLongLongTestName_96" name="Run 0" assertions="3 total, 0 failed, 3 succeeded"/><testcase time="-5653.823779746004" classname="p2.S7.SomeLongLongLongLongLongTestName_97" name="Run 0" assertions="3 total, 0 failed, 3 succeeded"/><testcase time="-1541.9336403275374" classname="p2.S7.SomeLongLongLongLongLongTestName_98" name="Run 0" assertions="3 total, 0 failed, 3 succeeded"/><testcase time="-4097.473976034517" classname="p2.S7.SomeLongLongLongLongLongTestName_99" name="Run 0" assertions="3 total, 0 failed, 3 succeeded"/><testcase time="-2354.837372737427" classname="p2.S7.SomeLongLongLongLongLongTestName_100" name="Run 0" assertions="3 total, 0 failed, 3 succeeded"/><testcase time="-3053.0299025134896" classname="p2.S7.SomeLongLongLongLongLongTestName_101" name="Run 0" assertions="3 total, 0 failed, 3 succeeded"/><testcase time="-1929.4013013022338" classname="p2.S7.SomeLongLongLongLongLongTestName_102" name="Run 0" assertions="3 total, 0 failed, 3 succeeded"/><testcase time="-4650.160163545968" classname="p2.S7.SomeLongLongLongLongLongTestName_103" name="Run 0" assertions="3 total, 0 failed, 3 succeeded"/><testcase time="-9110.697957498998" classname="p2.S7.SomeLongLongLongLongLongTestName_104" name="Run 0" assertions="3 total, 0 failed, 3 succeeded"/><testcase time="-2273.0444701970155" classname="p2.S7.SomeLongLongLongLongLongTestName_105" name="Run 0" assertions="3 total, 0 failed, 3 succeeded"/><testcase time="-1301.6460737642071" classname="p2.S7.SomeLongLongLongLongLongTestName_106" name="Run 0" assertions="3 total, 0 failed, 3 succeeded"/><testcase time="-4863.095177801713" classname="p2.S7.SomeLongLongLongLongLongTestName_107" name="Run 0" assertions="3 total, 0 failed, 3 succeeded"/><testcase time="-963.4061193736367" classname="p2.S7.SomeLongLongLongLongLongTestName_108" name="Run 0" assertions="3 total, 0 failed, 3 succeeded"/><testcase time="-8317.603005907933" classname="p2.S7.SomeLongLongLongLongLongTestName_109" name="Run 0" assertions="3 total, 0 failed, 3 succeeded"/><testcase time="-6615.98388515033" classname="p2.S7.SomeLongLongLongLongLongTestName_110" name="Run 0" assertions="3 total, 0 failed, 3 succeeded"/><testcase time="-47.41392330385331" classname="p2.S7.SomeLongLongLongLongLongTestName_111" name="Run 0" assertions="3 total, 0 failed, 3 succeeded"/><testcase time="-6897.951815650574" classname="p2.S7.SomeLongLongLongLongLongTestName_112" name="Run 0" assertions="3 total, 0 failed, 3 succeeded"/><testcase time="-2487.5635930746" classname="p2.S7.SomeLongLongLongLongLongTestName_113" name="Run 0" assertions="3 total, 0 failed, 3 succeeded"/><testcase time="-844.6674247787441" classname="p2.S7.SomeLongLongLongLongLongTestName_114" name="Run 0" assertions="3 total, 0 failed, 3 succeeded"/><testcase time="-87.09676683107892" classname="p2.S7.SomeLongLongLongLongLongTestName_115" name="Run 0" assertions="3 total, 0 failed, 3 succeeded"/><testcase time="-9878.692281881358" classname="p2.S7.SomeLongLongLongLongLongTestName_116" name="Run 0" assertions="3 total, 0 failed, 3 succeeded"/><testcase time="-3451.1738539525463" classname="p2.S7.SomeLongLongLongLongLongTestName_117" name="Run 0" assertions="3 total, 0 failed, 3 succeeded"/><testcase time="-4290.5587279273495" classname="p2.S7.SomeLongLongLongLongLongTestName_118" name="Run 0" assertions="3 total, 0 failed, 3 succeeded"/><testcase time="21.914647086941464" classname="p2.S7.SomeLongLongLongLongLongTestName_119" name="Run 0" assertions="3 total, 0 failed, 3 succeeded"/><testcase time="-6496.923094420361" classname="p2.S7.SomeLongLongLongLongLongTestName_120" name="Run 0" assertions="3 total, 0 failed, 3 succeeded"/><testcase time="-2021.0488343525033" classname="p2.S7.SomeLongLongLongLongLongTestName_121" name="Run 0" assertions="3 total, 0 failed, 3 succeeded"/><testcase time="-98.51703608120444" classname="p2.S7.SomeLongLongLongLongLongTestName_122" name="Run 0" assertions="3 total, 0 failed, 3 succeeded"/><testcase time="-39.4396871519675" classname="p2.S7.SomeLongLongLongLongLongTestName_123" name="Run 0" assertions="3 total, 0 failed, 3 succeeded"/><testcase time="-1595.4669528769512" classname="p2.S7.SomeLongLongLongLongLongTestName_124" name="Run 0" assertions="3 total, 0 failed, 3 succeeded"/><testcase time="-5408.52760477398" classname="p2.S7.SomeLongLongLongLongLongTestName_125" name="Run 0" assertions="3 total, 0 failed, 3 succeeded"/><testcase time="-8178.717592324902" classname="p2.S7.SomeLongLongLongLongLongTestName_126" name="Run 0" assertions="3 total, 0 failed, 3 succeeded"/><testcase time="-3645.4078852028492" classname="p2.S7.SomeLongLongLongLongLongTestName_127" name="Run 0" assertions="3 total, 0 failed, 3 succeeded"/><testcase time="-9537.129217292404" classname="p2.S7.SomeLongLongLongLongLongTestName_128" name="Run 0" assertions="3 total, 0 failed, 3 succeeded"/><testcase time="-9894.669059594906" classname="p2.S7.SomeLongLongLongLongLongTestName_129" name="Run 0" assertions="3 total, 0 failed, 3 succeeded"/><testcase time="-1906.4504626110868" classname="p2.S7.SomeLongLongLongLongLongTestName_130" name="Run 0" assertions="3 total, 0 failed, 3 succeeded"/><testcase time="-4447.96866408756" classname="p2.S7.SomeLongLongLongLongLongTestName_131" name="Run 0" assertions="3 total, 0 failed, 3 succeeded"/><testcase time="-2975.0290472286692" classname="p2.S7.SomeLongLongLongLongLongTestName_132" name="Run 0" assertions="3 total, 0 failed, 3 succeeded"/><testcase time="-8678.593424565002" classname="p2.S7.SomeLongLongLongLongLongTestName_133" name="Run 0" assertions="3 total, 0 failed, 3 succeeded"/><testcase time="-227.25922499809963" classname="p2.S7.SomeLongLongLongLongLongTestName_134" name="Run 0" assertions="3 total, 0 failed, 3 succeeded"/><testcase time="-6773.193003905474" classname="p2.S7.SomeLongLongLongLongLongTestName_135" name="Run 0" assertions="3 total, 0 failed, 3 succeeded"/><testcase time="-8608.992271165269" classname="p2.S7.SomeLongLongLongLongLongTestName_136" name="Run 0" assertions="3 total, 0 failed, 3 succeeded"/><testcase time="-6913.16121707201" classname="p2.S7.SomeLongLongLongLongLongTestName_137" name="Run 0" assertions="3 total, 0 failed, 3 succeeded"/><testcase time="-7353.377709140387" classname="p2.S7.SomeLongLongLongLongLongTestName_138" name="Run 0" assertions="3 total, 0 failed, 3 succeeded"/><testcase time="-7389.1240683645565" classname="p2.S7.SomeLongLongLongLongLongTestName_139" name="Run 0" assertions="3 total, 0 failed, 3 succeeded"/><testcase time="-1436.2222225033618" classname="p2.S7.SomeLongLongLongLongLongTestName_140" name="Run 0" assertions="3 total, 0 failed, 3 succeeded"/><testcase time="-4756.017109715763" classname="p2.S7.SomeLongLongLongLongLongTestName_141" name="Run 0" assertions="3 total, 0 failed, 3 succeeded"/><testcase time="-5662.451820941712" classname="p2.S7.SomeLongLongLongLongLongTestName_142" name="Run 0" assertions="3 total, 0 failed, 3 succeeded"/><testcase time="-3096.469314171709" classname="p2.S7.SomeLongLongLongLongLongTestName_143" name="Run 0" assertions="3 total, 0 failed, 3 succeeded"/><testcase time="-8564.334368804006" classname="p2.S7.SomeLongLongLongLongLongTestName_144" name="Run 0" assertions="3 total, 0 failed, 3 succeeded"/><testcase time="-1065.386265075279" classname="p2.S7.SomeLongLongLongLongLongTestName_145" name="Run 0" assertions="3 total, 0 failed, 3 succeeded"/><testcase time="-7094.346839758828" classname="p2.S7.SomeLongLongLongLongLongTestName_146" name="Run 0" assertions="3 total, 0 failed, 3 succeeded"/><testcase time="-9158.355981259272" classname="p2.S7.SomeLongLongLongLongLongTestName_147" name="Run 0" assertions="3 total, 0 failed, 3 succeeded"/><testcase time="-7480.92070609884" classname="p2.S7.SomeLongLongLongLongLongTestName_148" name="Run 0" assertions="3 total, 0 failed, 3 succeeded"/><testcase time="-4585.237862483553" classname="p2.S7.SomeLongLongLongLongLongTestName_149" name="Run 0" assertions="3 total, 0 failed, 3 succeeded"/><testcase time="-9591.212386452227" classname="p2.S7.SomeLongLongLongLongLongTestName_150" name="Run 0" assertions="3 total, 0 failed, 3 succeeded"/><testcase time="-2135.4200406296745" classname="p2.S7.SomeLongLongLongLongLongTestName_151" name="Run 0" assertions="3 total, 0 failed, 3 succeeded"/><testcase time="-5763.947428402584" classname="p2.S7.SomeLongLongLongLongLongTestName_152" name="Run 0" assertions="3 total, 0 failed, 3 succeeded"/><testcase time="-7596.65177868264" classname="p2.S7.SomeLongLongLongLongLongTestName_153" name="Run 0" assertions="3 total, 0 failed, 3 succeeded"/><testcase time="-5577.692173623664" classname="p2.S7.SomeLongLongLongLongLongTestName_154" name="Run 0" assertions="3 total, 0 failed, 3 succeeded"/><testcase time="-4348.182117289767" classname="p2.S7.SomeLongLongLongLongLongTestName_155" name="Run 0" assertions="3 total, 0 failed, 3 succeeded"/><testcase time="-3383.8345204509333" classname="p2.S7.SomeLongLongLongLongLongTestName_156" name="Run 0" assertions="3 total, 0 failed, 3 succeeded"/><testcase time="-4438.151603468427" classname="p2.S7.SomeLongLongLongLongLongTestName_157" name="Run 0" assertions="3 total, 0 failed, 3 succeeded"/><testcase time="-1332.4176451788403" classname="p2.S7.SomeLongLongLongLongLongTestName_158" name="Run 0" assertions="3 total, 0 failed, 3 succeeded"/><testcase time="-4466.392395989234" classname="p2.S7.SomeLongLongLongLongLongTestName_159" name="Run 0" assertions="3 total, 0 failed, 3 succeeded"/><testcase time="-2593.7920677186235" classname="p2.S7.SomeLongLongLongLongLongTestName_160" name="Run 0" assertions="3 total, 0 failed, 3 succeeded"/><testcase time="-23.603623084593167" classname="p2.S7.SomeLongLongLongLongLongTestName_161" name="Run 0" assertions="3 total, 0 failed, 3 succeeded"/><testcase time="-8712.586195551656" classname="p2.S7.SomeLongLongLongLongLongTestName_162" name="Run 0" assertions="3 total, 0 failed, 3 succeeded"/><testcase time="-7119.623560522885" classname="p2.S7.SomeLongLongLongLongLongTestName_163" name="Run 0" assertions="3 total, 0 failed, 3 succeeded"/><testcase time="-8964.204097183128" classname="p2.S7.SomeLongLongLongLongLongTestName_164" name="Run 0" assertions="3 total, 0 failed, 3 succeeded"/><testcase time="-2782.796835440537" classname="p2.S7.SomeLongLongLongLongLongTestName_165" name="Run 0" assertions="3 total, 0 failed, 3 succeeded"/><testcase time="-782.6068623351223" classname="p2.S7.SomeLongLongLongLongLongTestName_166" name="Run 0" assertions="3 total, 0 failed, 3 succeeded"/><testcase time="-1472.2395333959794" classname="p2.S7.SomeLongLongLongLongLongTestName_167" name="Run 0" assertions="3 total, 0 failed, 3 succeeded"/><testcase time="-7459.995888503398" classname="p2.S7.SomeLongLongLongLongLongTestName_168" name="Run 0" assertions="3 total, 0 failed, 3 succeeded"/><testcase time="-9396.916175833709" classname="p2.S7.SomeLongLongLongLongLongTestName_169" name="Run 0" assertions="3 total, 0 failed, 3 succeeded"/><testcase time="-7870.925773799038" classname="p2.S7.SomeLongLongLongLongLongTestName_170" name="Run 0" assertions="3 total, 0 failed, 3 succeeded"/><testcase time="-7898.835598654567" classname="p2.S7.SomeLongLongLongLongLongTestName_171" name="Run 0" assertions="3 total, 0 failed, 3 succeeded"/><testcase time="-3891.935688635429" classname="p2.S7.SomeLongLongLongLongLongTestName_172" name="Run 0" assertions="3 total, 0 failed, 3 succeeded"/><testcase time="-5786.179839448099" classname="p2.S7.SomeLongLongLongLongLongTestName_173" name="Run 0" assertions="3 total, 0 failed, 3 succeeded"/><testcase time="-6292.147743920864" classname="p2.S7.SomeLongLongLongLongLongTestName_174" name="Run 0" assertions="3 total, 0 failed, 3 succeeded"/><testcase time="-7333.938620818566" classname="p2.S7.SomeLongLongLongLongLongTestName_175" name="Run 0" assertions="3 total, 0 failed, 3 succeeded"/><testcase time="-3985.1559642726406" classname="p2.S7.SomeLongLongLongLongLongTestName_176" name="Run 0" assertions="3 total, 0 failed, 3 succeeded"/><testcase time="-6243.527932416953" classname="p2.S7.SomeLongLongLongLongLongTestName_177" name="Run 0" assertions="3 total, 0 failed, 3 succeeded"/><testcase time="-4372.268690463761" classname="p2.S7.SomeLongLongLongLongLongTestName_178" name="Run 0" assertions="3 total, 0 failed, 3 succeeded"/><testcase time="-9846.163448139823" classname="p2.S7.SomeLongLongLongLongLongTestName_179" name="Run 0" assertions="3 total, 0 failed, 3 succeeded"/><testcase time="-1114.461516986621" classname="p2.S7.SomeLongLongLongLongLongTestName_180" name="Run 0" assertions="3 total, 0 failed, 3 succeeded"/><testcase time="-4293.41406574191" classname="p2.S7.SomeLongLongLongLongLongTestName_181" name="Run 0" assertions="3 total, 0 failed, 3 succeeded"/><testcase time="-4554.49123913326" classname="p2.S7.SomeLongLongLongLongLongTestName_182" name="Run 0" assertions="3 total, 0 failed, 3 succeeded"/><testcase time="-4293.950010918983" classname="p2.S7.SomeLongLongLongLongLongTestName_183" name="Run 0" assertions="3 total, 0 failed, 3 succeeded"/><testcase time="-4625.974100482465" classname="p2.S7.SomeLongLongLongLongLongTestName_184" name="Run 0" assertions="3 total, 0 failed, 3 succeeded"/><testcase time="-1017.7912193667987" classname="p2.S7.SomeLongLongLongLongLongTestName_185" name="Run 0" assertions="3 total, 0 failed, 3 succeeded"/><testcase time="-9379.443496454449" classname="p2.S7.SomeLongLongLongLongLongTestName_186" name="Run 0" assertions="3 total, 0 failed, 3 succeeded"/><testcase time="-318.8314494023104" classname="p2.S7.SomeLongLongLongLongLongTestName_187" name="Run 0" assertions="3 total, 0 failed, 3 succeeded"/><testcase time="-3897.658575419101" classname="p2.S7.SomeLongLongLongLongLongTestName_188" name="Run 0" assertions="3 total, 0 failed, 3 succeeded"/><testcase time="-9943.713427167848" classname="p2.S7.SomeLongLongLongLongLongTestName_189" name="Run 0" assertions="3 total, 0 failed, 3 succeeded"/><testcase time="-2876.3192836750663" classname="p2.S7.SomeLongLongLongLongLongTestName_190" name="Run 0" assertions="3 total, 0 failed, 3 succeeded"/><testcase time="-7880.384719724831" classname="p2.S7.SomeLongLongLongLongLongTestName_191" name="Run 0" assertions="3 total, 0 failed, 3 succeeded"/><testcase time="-5870.7885119627845" classname="p2.S7.SomeLongLongLongLongLongTestName_192" name="Run 0" assertions="3 total, 0 failed, 3 succeeded"/><testcase time="-7324.378738395793" classname="p2.S7.SomeLongLongLongLongLongTestName_193" name="Run 0" assertions="3 total, 0 failed, 3 succeeded"/><testcase time="-1488.6309743634536" classname="p2.S7.SomeLongLongLongLongLongTestName_194" name="Run 0" assertions="3 total, 0 failed, 3 succeeded"/><testcase time="-318.0937911712177" classname="p2.S7.SomeLongLongLongLongLongTestName_195" name="Run 0" assertions="3 total, 0 failed, 3 succeeded"/><testcase time="-5489.616501391274" classname="p2.S7.SomeLongLongLongLongLongTestName_196" name="Run 0" assertions="3 total, 0 failed, 3 succeeded"/><testcase time="-3534.6045250015677" classname="p2.S7.SomeLongLongLongLongLongTestName_197" name="Run 0" assertions="3 total, 0 failed, 3 succeeded"/><testcase time="-564.7298039147527" classname="p2.S7.SomeLongLongLongLongLongTestName_198" name="Run 0" assertions="3 total, 0 failed, 3 succeeded"/><testcase time="-1503.2632673163382" classname="p2.S7.SomeLongLongLongLongLongTestName_199" name="Run 0" assertions="3 total, 0 failed, 3 succeeded"/><testcase time="-2678.1188319040198" classname="p2.S7.SomeLongLongLongLongLongTestName_200" name="Run 0" assertions="3 total, 0 failed, 3 succeeded"/><testcase time="-8360.2080833636" classname="p2.S7.SomeLongLongLongLongLongTestName_201" name="Run 0" assertions="3 total, 0 failed, 3 succeeded"/><testcase time="-4434.1469501588" classname="p2.S7.SomeLongLongLongLongLongTestName_202" name="Run 0" assertions="3 total, 0 failed, 3 succeeded"/><testcase time="-7707.444065106891" classname="p2.S7.SomeLongLongLongLongLongTestName_203" name="Run 0" assertions="3 total, 0 failed, 3 succeeded"/><testcase time="-9538.656328138524" classname="p2.S7.SomeLongLongLongLongLongTestName_204" name="Run 0" assertions="3 total, 0 failed, 3 succeeded"/><testcase time="-954.1211435311957" classname="p2.S7.SomeLongLongLongLongLongTestName_205" name="Run 0" assertions="3 total, 0 failed, 3 succeeded"/><testcase time="-3506.0480028896436" classname="p2.S7.SomeLongLongLongLongLongTestName_206" name="Run 0" assertions="3 total, 0 failed, 3 succeeded"/><testcase time="-9704.861447873538" classname="p2.S7.SomeLongLongLongLongLongTestName_207" name="Run 0" assertions="3 total, 0 failed, 3 succeeded"/><testcase time="-6657.849617825042" classname="p2.S7.SomeLongLongLongLongLongTestName_208" name="Run 0" assertions="3 total, 0 failed, 3 succeeded"/><testcase time="-3090.2785173524" classname="p2.S7.SomeLongLongLongLongLongTestName_209" name="Run 0" assertions="3 total, 0 failed, 3 succeeded"/><testcase time="-9316.25113836627" classname="p2.S7.SomeLongLongLongLongLongTestName_210" name="Run 0" assertions="3 total, 0 failed, 3 succeeded"/><testcase time="-1451.372486093664" classname="p2.S7.SomeLongLongLongLongLongTestName_211" name="Run 0" assertions="3 total, 0 failed, 3 succeeded"/><testcase time="-7415.754714021825" classname="p2.S7.SomeLongLongLongLongLongTestName_212" name="Run 0" assertions="3 total, 0 failed, 3 succeeded"/><testcase time="-579.2143966050852" classname="p2.S7.SomeLongLongLongLongLongTestName_213" name="Run 0" assertions="3 total, 0 failed, 3 succeeded"/><testcase time="-6289.425340446242" classname="p2.S7.SomeLongLongLongLongLongTestName_214" name="Run 0" assertions="3 total, 0 failed, 3 succeeded"/><testcase time="-4755.530066254759" classname="p2.S7.SomeLongLongLongLongLongTestName_215" name="Run 0" assertions="3 total, 0 failed, 3 succeeded"/><testcase time="-3489.3558779007944" classname="p2.S7.SomeLongLongLongLongLongTestName_216" name="Run 0" assertions="3 total, 0 failed, 3 succeeded"/><testcase time="-6822.108468170448" classname="p2.S7.SomeLongLongLongLongLongTestName_217" name="Run 0" assertions="3 total, 0 failed, 3 succeeded"/><testcase time="-7503.490608622897" classname="p2.S7.SomeLongLongLongLongLongTestName_218" name="Run 0" assertions="3 total, 0 failed, 3 succeeded"/><testcase time="-1992.393996552509" classname="p2.S7.SomeLongLongLongLongLongTestName_219" name="Run 0" assertions="3 total, 0 failed, 3 succeeded"/><testcase time="-6710.834929229956" classname="p2.S7.SomeLongLongLongLongLongTestName_220" name="Run 0" assertions="3 total, 0 failed, 3 succeeded"/><testcase time="-8319.046136060822" classname="p2.S7.SomeLongLongLongLongLongTestName_221" name="Run 0" assertions="3 total, 0 failed, 3 succeeded"/><testcase time="-6562.680481606731" classname="p2.S7.SomeLongLongLongLongLongTestName_222" name="Run 0" assertions="3 total, 0 failed, 3 succeeded"/><testcase time="-1375.9461004976015" classname="p2.S7.SomeLongLongLongLongLongTestName_223" name="Run 0" assertions="3 total, 0 failed, 3 succeeded"/><testcase time="-4022.726412727605" classname="p2.S7.SomeLongLongLongLongLongTestName_224" name="Run 0" assertions="3 total, 0 failed, 3 succeeded"/><testcase time="-1279.930385351621" classname="p2.S7.SomeLongLongLongLongLongTestName_225" name="Run 0" assertions="3 total, 0 failed, 3 succeeded"/><testcase time="-8662.270612039949" classname="p2.S7.SomeLongLongLongLongLongTestName_226" name="Run 0" assertions="3 total, 0 failed, 3 succeeded"/><testcase time="-1497.0201995998352" classname="p2.S7.SomeLongLongLongLongLongTestName_227" name="Run 0" assertions="3 total, 0 failed, 3 succeeded"/><testcase time="-6501.8079730539175" classname="p2.S7.SomeLongLongLongLongLongTestName_228" name="Run 0" assertions="3 total, 0 failed, 3 succeeded"/><testcase time="-4097.251026838663" classname="p2.S7.SomeLongLongLongLongLongTestName_229" name="Run 0" assertions="3 total, 0 failed, 3 succeeded"/><testcase time="-7916.523025630083" classname="p2.S7.SomeLongLongLongLongLongTestName_230" name="Run 0" assertions="3 total, 0 failed, 3 succeeded"/><testcase time="-4675.778912607024" classname="p2.S7.SomeLongLongLongLongLongTestName_231" name="Run 0" assertions="3 total, 0 failed, 3 succeeded"/><testcase time="-1361.7737804247718" classname="p2.S7.SomeLongLongLongLongLongTestName_232" name="Run 0" assertions="3 total, 0 failed, 3 succeeded"/><testcase time="-4804.163614920316" classname="p2.S7.SomeLongLongLongLongLongTestName_233" name="Run 0" assertions="3 total, 0 failed, 3 succeeded"/><testcase time="-6537.261530958576" classname="p2.S7.SomeLongLongLongLongLongTestName_234" name="Run 0" assertions="3 total, 0 failed, 3 succeeded"/><testcase time="-8313.548680791613" classname="p2.S7.SomeLongLongLongLongLongTestName_235" name="Run 0" assertions="3 total, 0 failed, 3 succeeded"/><testcase time="-3009.3111773439623" classname="p2.S7.SomeLongLongLongLongLongTestName_236" name="Run 0" assertions="3 total, 0 failed, 3 succeeded"/><testcase time="-3888.65280806821" classname="p2.S7.SomeLongLongLongLongLongTestName_237" name="Run 0" assertions="3 total, 0 failed, 3 succeeded"/><testcase time="-795.6824994962558" classname="p2.S7.SomeLongLongLongLongLongTestName_238" name="Run 0" assertions="3 total, 0 failed, 3 succeeded"/><testcase time="-5633.574829182996" classname="p2.S7.SomeLongLongLongLongLongTestName_239" name="Run 0" assertions="3 total, 0 failed, 3 succeeded"/><testcase time="-3032.1944408073473" classname="p2.S7.SomeLongLongLongLongLongTestName_240" name="Run 0" assertions="3 total, 0 failed, 3 succeeded"/><testcase time="-363.5288112209711" classname="p2.S7.SomeLongLongLongLongLongTestName_241" name="Run 0" assertions="3 total, 0 failed, 3 succeeded"/><testcase time="-2268.6790807232446" classname="p2.S7.SomeLongLongLongLongLongTestName_242" name="Run 0" assertions="3 total, 0 failed, 3 succeeded"/><testcase time="-4456.519298588698" classname="p2.S7.SomeLongLongLongLongLongTestName_243" name="Run 0" assertions="3 total, 0 failed, 3 succeeded"/><testcase time="-5992.024049982611" classname="p2.S7.SomeLongLongLongLongLongTestName_244" name="Run 0" assertions="3 total, 0 failed, 3 succeeded"/><testcase time="-3948.269066793311" classname="p2.S7.SomeLongLongLongLongLongTestName_245" name="Run 0" assertions="3 total, 0 failed, 3 succeeded"/><testcase time="-9634.049371779407" classname="p2.S7.SomeLongLongLongLongLongTestName_246" name="Run 0" assertions="3 total, 0 failed, 3 succeeded"/><testcase time="-3581.761600787448" classname="p2.S7.SomeLongLongLongLongLongTestName_247" name="Run 0" assertions="3 total, 0 failed, 3 succeeded"/><testcase time="-6817.360863773464" classname="p2.S7.SomeLongLongLongLongLongTestName_248" name="Run 0" assertions="3 total, 0 failed, 3 succeeded"/><testcase time="-8240.112226141628" classname="p2.S7.SomeLongLongLongLongLongTestName_249" name="Run 0" assertions="3 total, 0 failed, 3 succeeded"/><testcase time="-2674.4304593706656" classname="p2.S7.SomeLongLongLongLongLongTestName_250" name="Run 0" assertions="3 total, 0 failed, 3 succeeded"/><testcase time="-4150.726501470124" classname="p2.S7.SomeLongLongLongLongLongTestName_251" name="Run 0" assertions="3 total, 0 failed, 3 succeeded"/><testcase time="-3556.235925901064" classname="p2.S7.SomeLongLongLongLongLongTestName_252" name="Run 0" assertions="3 total, 0 failed, 3 succeeded"/><testcase time="-603.1672213910764" classname="p2.S7.SomeLongLongLongLongLongTestName_253" name="Run 0" assertions="3 total, 0 failed, 3 succeeded"/><testcase time="-6586.2351584502185" classname="p2.S7.SomeLongLongLongLongLongTestName_254" name="Run 0" assertions="3 total, 0 failed, 3 succeeded"/><testcase time="-2196.1825889540514" classname="p2.S7.SomeLongLongLongLongLongTestName_255" name="Run 0" assertions="3 total, 0 failed, 3 succeeded"/><testcase time="-8440.252150787535" classname="p2.S7.SomeLongLongLongLongLongTestName_256" name="Run 0" assertions="3 total, 0 failed, 3 succeeded"/><testcase time="-3454.8232100428027" classname="p2.S7.SomeLongLongLongLongLongTestName_257" name="Run 0" assertions="3 total, 0 failed, 3 succeeded"/><testcase time="-1299.4542008494216" classname="p2.S7.SomeLongLongLongLongLongTestName_258" name="Run 0" assertions="3 total, 0 failed, 3 succeeded"/><testcase time="-7948.046669345938" classname="p2.S7.SomeLongLongLongLongLongTestName_259" name="Run 0" assertions="3 total, 0 failed, 3 succeeded"/><testcase time="-2748.664372283974" classname="p2.S7.SomeLongLongLongLongLongTestName_260" name="Run 0" assertions="3 total, 0 failed, 3 succeeded"/><testcase time="-7097.2661556377325" classname="p2.S7.SomeLongLongLongLongLongTestName_261" name="Run 0" assertions="3 total, 0 failed, 3 succeeded"/><testcase time="-2060.978667591812" classname="p2.S7.SomeLongLongLongLongLongTestName_262" name="Run 0" assertions="3 total, 0 failed, 3 succeeded"/><testcase time="-4226.231581861087" classname="p2.S7.SomeLongLongLongLongLongTestName_263" name="Run 0" assertions="3 total, 0 failed, 3 succeeded"/><testcase time="-8098.872665504079" classname="p2.S7.SomeLongLongLongLongLongTestName_264" name="Run 0" assertions="3 total, 0 failed, 3 succeeded"/><testcase time="-1914.0398668721182" classname="p2.S7.SomeLongLongLongLongLongTestName_265" name="Run 0" assertions="3 total, 0 failed, 3 succeeded"/><testcase time="-7502.026117970147" classname="p2.S7.SomeLongLongLongLongLongTestName_266" name="Run 0" assertions="3 total, 0 failed, 3 succeeded"/><testcase time="-168.24212711503284" classname="p2.S7.SomeLongLongLongLongLongTestName_267" name="Run 0" assertions="3 total, 0 failed, 3 succeeded"/><testcase time="-565.5721114991686" classname="p2.S7.SomeLongLongLongLongLongTestName_268" name="Run 0" assertions="3 total, 0 failed, 3 succeeded"/><testcase time="-5860.193605265564" classname="p2.S7.SomeLongLongLongLongLongTestName_269" name="Run 0" assertions="3 total, 0 failed, 3 succeeded"/><testcase time="-1689.8163403376398" classname="p2.S7.SomeLongLongLongLongLongTestName_270" name="Run 0" assertions="3 total, 0 failed, 3 succeeded"/><testcase time="-8874.538652135048" classname="p2.S7.SomeLongLongLongLongLongTestName_271" name="Run 0" assertions="3 total, 0 failed, 3 succeeded"/><testcase time="-3809.0809169063423" classname="p2.S7.SomeLongLongLongLongLongTestName_272" name="Run 0" assertions="3 total, 0 failed, 3 succeeded"/><testcase time="-379.19897685873184" classname="p2.S7.SomeLongLongLongLongLongTestName_273" name="Run 0" assertions="3 total, 0 failed, 3 succeeded"/><testcase time="-2031.0032921274144" classname="p2.S7.SomeLongLongLongLongLongTestName_274" name="Run 0" assertions="3 total, 0 failed, 3 succeeded"/><testcase time="-2306.0965031342403" classname="p2.S7.SomeLongLongLongLongLongTestName_275" name="Run 0" assertions="3 total, 0 failed, 3 succeeded"/><testcase time="-2327.5471334382282" classname="p2.S7.SomeLongLongLongLongLongTestName_276" name="Run 0" assertions="3 total, 0 failed, 3 succeeded"/><testcase time="-2959.7997549877646" classname="p2.S7.SomeLongLongLongLongLongTestName_277" name="Run 0" assertions="3 total, 0 failed, 3 succeeded"/><testcase time="-5099.09077435022" classname="p2.S7.SomeLongLongLongLongLongTestName_278" name="Run 0" assertions="3 total, 0 failed, 3 succeeded"/><testcase time="-4680.402921495078" classname="p2.S7.SomeLongLongLongLongLongTestName_279" name="Run 0" assertions="3 total, 0 failed, 3 succeeded"/><testcase time="-3181.2763597946714" classname="p2.S7.SomeLongLongLongLongLongTestName_280" name="Run 0" assertions="3 total, 0 failed, 3 succeeded"/><testcase time="-7117.198732173424" classname="p2.S7.SomeLongLongLongLongLongTestName_281" name="Run 0" assertions="3 total, 0 failed, 3 succeeded"/><testcase time="-1397.1747306136613" classname="p2.S7.SomeLongLongLongLongLongTestName_282" name="Run 0" assertions="3 total, 0 failed, 3 succeeded"/><testcase time="-4366.346061331553" classname="p2.S7.SomeLongLongLongLongLongTestName_283" name="Run 0" assertions="3 total, 0 failed, 3 succeeded"/><testcase time="-4075.2572278767902" classname="p2.S7.SomeLongLongLongLongLongTestName_284" name="Run 0" assertions="3 total, 0 failed, 3 succeeded"/><testcase time="-2994.423494803804" classname="p2.S7.SomeLongLongLongLongLongTestName_285" name="Run 0" assertions="3 total, 0 failed, 3 succeeded"/><testcase time="-2618.7595744739915" classname="p2.S7.SomeLongLongLongLongLongTestName_286" name="Run 0" assertions="3 total, 0 failed, 3 succeeded"/><testcase time="0" classname="p2.S7.SomeLongLongLongLongLongTestName_287" name="Run 0" assertions="3 total, 0 failed, 3 succeeded"><skipped type="Skipped" message="This test was disabled."/></testcase><testcase time="0" classname="p2.S7.SomeLongLongLongLongLongTestName_288" name="Run 0" assertions="3 total, 0 failed, 3 succeeded"><skipped type="Skipped" message="This test was disabled."/></testcase><testcase time="0" classname="p2.S7.SomeLongLongLongLongLongTestName_289" name="Run 0" assertions="3 total, 0 failed, 3 succeeded"><skipped type="Skipped" message="This test was disabled."/></testcase><testcase time="0" classname="p2.S7.SomeLongLongLongLongLongTestName_290" name="Run 0" assertions="3 total, 0 failed, 3 succeeded"><skipped type="Skipped" message="This test was disabled."/></testcase><testcase time="0" classname="p2.S7.SomeLongLongLongLongLongTestName_291" name="Run 0" assertions="3 total, 0 failed, 3 succeeded"><skipped type="Skipped" message="This test was disabled."/></testcase><testcase time="0" classname="p2.S7.SomeLongLongLongLongLongTestName_292" name="Run 0" assertions="3 total, 0 failed, 3 succeeded"><skipped type="Skipped" message="This test was disabled."/></testcase><testcase time="0" classname="p2.S7.SomeLongLongLongLongLongTestName_293" name="Run 0" assertions="3 total, 0 failed, 3 succeeded"><skipped type="Skipped" message="This test was disabled."/></testcase><testcase time="0" classname="p2.S7.SomeLongLongLongLongLongTestName_294" name="Run 0" assertions="3 total, 0 failed, 3 succeeded"><skipped type="Skipped" message="This test was disabled."/></testcase><testcase time="0" classname="p2.S7.SomeLongLongLongLongLongTestName_295" name="Run 0" assertions="3 total, 0 failed, 3 succeeded"><skipped type="Skipped" message="This test was disabled."/></testcase><testcase time="0" classname="p2.S7.SomeLongLongLongLongLongTestName_296" name="Run 0" assertions="3 total, 0 failed, 3 succeeded"><skipped type="Skipped" message="This test was disabled."/></testcase><testcase time="0" classname="p2.S7.SomeLongLongLongLongLongTestName_297" name="Run 0" assertions="3 total, 0 failed, 3 succeeded"><skipped type="Skipped" message="This test was disabled."/></testcase><testcase time="0" classname="p2.S7.SomeLongLongLongLongLongTestName_298" name="Run 0" assertions="3 total, 0 failed, 3 succeeded"><skipped type="Skipped" message="This test was disabled."/></testcase><testcase time="0" classname="p2.S7.SomeLongLongLongLongLongTestName_299" name="Run 0" assertions="3 total, 0 failed, 3 succeeded"><skipped type="Skipped" message="This test was disabled."/></testcase><testcase time="0" classname="p2.S7.SomeLongLongLongLongLongTestName_300" name="Run 0" assertions="3 total, 0 failed, 3 succeeded"><skipped type="Skipped" message="This test was disabled."/></testcase><testcase time="0" classname="p2.S7.SomeLongLongLongLongLongTestName_301" name="Run 0" assertions="3 total, 0 failed, 3 succeeded"><skipped type="Skipped" message="This test was disabled."/></testcase><testcase time="0" classname="p2.S7.SomeLongLongLongLongLongTestName_302" name="Run 0" assertions="3 total, 0 failed, 3 succeeded"><skipped type="Skipped" message="This test was disabled."/></testcase><testcase time="0" classname="p2.S7.SomeLongLongLongLongLongTestName_303" name="Run 0" assertions="3 total, 0 failed, 3 succeeded"><skipped type="Skipped" message="This test was disabled."/></testcase><testcase time="0" classname="p2.S7.SomeLongLongLongLongLongTestName_304" name="Run 0" assertions="3 total, 0 failed, 3 succeeded"><skipped type="Skipped" message="This test was disabled."/></testcase><testcase time="0" classname="p2.S7.SomeLongLongLongLongLongTestName_305" name="Run 0" assertions="3 total, 0 failed, 3 succeeded"><skipped type="Skipped" message="This test was disabled."/></testcase><testcase time="0" classname="p2.S7.SomeLongLongLongLongLongTestName_306" name="Run 0" assertions="3 total, 0 failed, 3 succeeded"><skipped type="Skipped" message="This test was disabled."/></testcase><testcase time="0" classname="p2.S7.SomeLongLongLongLongLongTestName_307" name="Run 0" assertions="3 total, 0 failed, 3 succeeded"><skipped type="Skipped" message="This test was disabled."/></testcase><testcase time="0" classname="p2.S7.SomeLongLongLongLongLongTestName_308" name="Run 0" assertions="3 total, 0 failed, 3 succeeded"><skipped type="Skipped" message="This test was disabled."/></testcase><testcase time="0" classname="p2.S7.SomeLongLongLongLongLongTestName_309" name="Run 0" assertions="3 total, 0 failed, 3 succeeded"><skipped type="Skipped" message="This test was disabled."/></testcase><testcase time="0" classname="p2.S7.SomeLongLongLongLongLongTestName_310" name="Run 0" assertions="3 total, 0 failed, 3 succeeded"><skipped type="Skipped" message="This test was disabled."/></testcase><testcase time="0" classname="p2.S7.SomeLongLongLongLongLongTestName_311" name="Run 0" assertions="3 total, 0 failed, 3 succeeded"><skipped type="Skipped" message="This test was disabled."/></testcase><testcase time="0" classname="p2.S7.SomeLongLongLongLongLongTestName_312" name="Run 0" assertions="3 total, 0 failed, 3 succeeded"><skipped type="Skipped" message="This test was disabled."/></testcase><testcase time="0" classname="p2.S7.SomeLongLongLongLongLongTestName_313" name="Run 0" assertions="3 total, 0 failed, 3 succeeded"><skipped type="Skipped" message="This test was disabled."/></testcase><testcase time="0" classname="p2.S7.SomeLongLongLongLongLongTestName_314" name="Run 0" assertions="3 total, 0 failed, 3 succeeded"><skipped type="Skipped" message="This test was disabled."/></testcase><testcase time="0" classname="p2.S7.SomeLongLongLongLongLongTestName_315" name="Run 0" assertions="3 total, 0 failed, 3 succeeded"><skipped type="Skipped" message="This test was disabled."/></testcase><testcase time="0" classname="p2.S7.SomeLongLongLongLongLongTestName_316" name="Run 0" assertions="3 total, 0 failed, 3 succeeded"><skipped type="Skipped" message="This test was disabled."/></testcase><testcase time="0" classname="p2.S7.SomeLongLongLongLongLongTestName_317" name="Run 0" assertions="3 total, 0 failed, 3 succeeded"><skipped type="Skipped" message="This test was disabled."/></testcase><testcase time="0" classname="p2.S7.SomeLongLongLongLongLongTestName_318" name="Run 0" assertions="3 total, 0 failed, 3 succeeded"><skipped type="Skipped" message="This test was disabled."/></testcase><testcase time="0" classname="p2.S7.SomeLongLongLongLongLongTestName_319" name="Run 0" assertions="3 total, 0 failed, 3 succeeded"><skipped type="Skipped" message="This test was disabled."/></testcase><testcase time="0" classname="p2.S7.SomeLongLongLongLongLongTestName_320" name="Run 0" assertions="3 total, 0 failed, 3 succeeded"><skipped type="Skipped" message="This test was disabled."/></testcase><testcase time="0" classname="p2.S7.SomeLongLongLongLongLongTestName_321" name="Run 0" assertions="3 total, 0 failed, 3 succeeded"><skipped type="Skipped" message="This test was disabled."/></testcase><testcase time="0" classname="p2.S7.SomeLongLongLongLongLongTestName_322" name="Run 0" assertions="3 total, 0 failed, 3 succeeded"><skipped type="Skipped" message="This test was disabled."/></testcase><testcase time="0" classname="p2.S7.SomeLongLongLongLongLongTestName_323" name="Run 0" assertions="3 total, 0 failed, 3 succeeded"><skipped type="Skipped" message="This test was disabled."/></testcase><testcase time="0" classname="p2.S7.SomeLongLongLongLongLongTestName_324" name="Run 0" assertions="3 total, 0 failed, 3 succeeded"><skipped type="Skipped" message="This test was disabled."/></testcase><testcase time="0" classname="p2.S7.SomeLongLongLongLongLongTestName_325" name="Run 0" assertions="3 total, 0 failed, 3 succeeded"><skipped type="Skipped" message="This test was disabled."/></testcase><testcase time="0" classname="p2.S7.SomeLongLongLongLongLongTestName_326" name="Run 0" assertions="3 total, 0 failed, 3 succeeded"><skipped type="Skipped" message="This test was disabled."/></testcase><testcase time="0" classname="p2.S7.SomeLongLongLongLongLongTestName_327" name="Run 0" assertions="3 total, 0 failed, 3 succeeded"><skipped type="Skipped" message="This test was disabled."/></testcase><testcase time="0" classname="p2.S7.SomeLongLongLongLongLongTestName_328" name="Run 0" assertions="3 total, 0 failed, 3 succeeded"><skipped type="Skipped" message="This test was disabled."/></testcase><testcase time="0" classname="p2.S7.SomeLongLongLongLongLongTestName_329" name="Run 0" assertions="3 total, 0 failed, 3 succeeded"><skipped type="Skipped" message="This test was disabled."/></testcase><testcase time="0" classname="p2.S7.SomeLongLongLongLongLongTestName_330" name="Run 0" assertions="3 total, 0 failed, 3 succeeded"><skipped type="Skipped" message="This test was disabled."/></testcase><testcase time="0" classname="p2.S7.SomeLongLongLongLongLongTestName_331" name="Run 0" assertions="3 total, 0 failed, 3 succeeded"><skipped type="Skipped" message="This test was disabled."/></testcase><testcase time="0" classname="p2.S7.SomeLongLongLongLongLongTestName_332" name="Run 0" assertions="3 total, 0 failed, 3 succeeded"><skipped type="Skipped" message="This test was disabled."/></testcase><testcase time="0" classname="p2.S7.SomeLongLongLongLongLongTestName_333" name="Run 0" assertions="3 total, 0 failed, 3 succeeded"><skipped type="Skipped" message="This test was disabled."/></testcase><testcase time="0" classname="p2.S7.SomeLongLongLongLongLongTestName_334" name="Run 0" assertions="3 total, 0 failed, 3 succeeded"><skipped type="Skipped" message="This test was disabled."/></testcase><testcase time="0" classname="p2.S7.SomeLongLongLongLongLongTestName_335" name="Run 0" assertions="3 total, 0 failed, 3 succeeded"><skipped type="Skipped" message="This test was disabled."/></testcase><testcase time="0" classname="p2.S7.SomeLongLongLongLongLongTestName_336" name="Run 0" assertions="3 total, 0 failed, 3 succeeded"><skipped type="Skipped" message="This test was disabled."/></testcase><testcase time="0" classname="p2.S7.SomeLongLongLongLongLongTestName_337" name="Run 0" assertions="3 total, 0 failed, 3 succeeded"><skipped type="Skipped" message="This test was disabled."/></testcase><testcase time="0" classname="p2.S7.SomeLongLongLongLongLongTestName_338" name="Run 0" assertions="3 total, 0 failed, 3 succeeded"><skipped type="Skipped" message="This test was disabled."/></testcase><testcase time="0" classname="p2.S7.SomeLongLongLongLongLongTestName_339" name="Run 0" assertions="3 total, 0 failed, 3 succeeded"><skipped type="Skipped" message="This test was disabled."/></testcase><testcase time="0" classname="p2.S7.SomeLongLongLongLongLongTestName_340" name="Run 0" assertions="3 total, 0 failed, 3 succeeded"><skipped type="Skipped" message="This test was disabled."/></testcase><testcase time="0" classname="p2.S7.SomeLongLongLongLongLongTestName_341" name="Run 0" assertions="3 total, 0 failed, 3 succeeded"><skipped type="Skipped" message="This test was disabled."/></testcase><testcase time="0" classname="p2.S7.SomeLongLongLongLongLongTestName_342" name="Run 0" assertions="3 total, 0 failed, 3 succeeded"><skipped type="Skipped" message="This test was disabled."/></testcase><testcase time="0" classname="p2.S7.SomeLongLongLongLongLongTestName_343" name="Run 0" assertions="3 total, 0 failed, 3 succeeded"><skipped type="Skipped" message="This test was disabled."/></testcase><testcase time="0" classname="p2.S7.SomeLongLongLongLongLongTestName_344" name="Run 0" assertions="3 total, 0 failed, 3 succeeded"><skipped type="Skipped" message="This test was disabled."/></testcase><testcase time="0" classname="p2.S7.SomeLongLongLongLongLongTestName_345" name="Run 0" assertions="3 total, 0 failed, 3 succeeded"><skipped type="Skipped" message="This test was disabled."/></testcase><testcase time="0" classname="p2.S7.SomeLongLongLongLongLongTestName_346" name="Run 0" assertions="3 total, 0 failed, 3 succeeded"><skipped type="Skipped" message="This test was disabled."/></testcase><testcase time="0" classname="p2.S7.SomeLongLongLongLongLongTestName_347" name="Run 0" assertions="3 total, 0 failed, 3 succeeded"><skipped type="Skipped" message="This test was disabled."/></testcase><testcase time="0" classname="p2.S7.SomeLongLongLongLongLongTestName_348" name="Run 0" assertions="3 total, 0 failed, 3 succeeded"><skipped type="Skipped" message="This test was disabled."/></testcase><testcase time="0" classname="p2.S7.SomeLongLongLongLongLongTestName_349" name="Run 0" assertions="3 total, 0 failed, 3 succeeded"><skipped type="Skipped" message="This test was disabled."/></testcase><testcase time="0" classname="p2.S7.SomeLongLongLongLongLongTestName_350" name="Run 0" assertions="3 total, 0 failed, 3 succeeded"><skipped type="Skipped" message="This test was disabled."/></testcase><testcase time="0" classname="p2.S7.SomeLongLongLongLongLongTestName_351" name="Run 0" assertions="3 total, 0 failed, 3 succeeded"><skipped type="Skipped" message="This test was disabled."/></testcase><testcase time="0" classname="p2.S7.SomeLongLongLongLongLongTestName_352" name="Run 0" assertions="3 total, 0 failed, 3 succeeded"><skipped type="Skipped" message="This test was disabled."/></testcase><testcase time="0" classname="p2.S7.SomeLongLongLongLongLongTestName_353" name="Run 0" assertions="3 total, 0 failed, 3 succeeded"><skipped type="Skipped" message="This test was disabled."/></testcase><testcase time="0" classname="p2.S7.SomeLongLongLongLongLongTestName_354" name="Run 0" assertions="3 total, 0 failed, 3 succeeded"><skipped type="Skipped" message="This test was disabled."/></testcase><testcase time="0" classname="p2.S7.SomeLongLongLongLongLongTestName_355" name="Run 0" assertions="3 total, 0 failed, 3 succeeded"><skipped type="Skipped" message="This test was disabled."/></testcase><testcase time="0" classname="p2.S7.SomeLongLongLongLongLongTestName_356" name="Run 0" assertions="3 total, 0 failed, 3 succeeded"><skipped type="Skipped" message="This test was disabled."/></testcase><testcase time="0" classname="p2.S7.SomeLongLongLongLongLongTestName_357" name="Run 0" assertions="3 total, 0 failed, 3 succeeded"><skipped type="Skipped" message="This test was disabled."/></testcase><testcase time="0" classname="p2.S7.SomeLongLongLongLongLongTestName_358" name="Run 0" assertions="3 total, 0 failed, 3 succeeded"><skipped type="Skipped" message="This test was disabled."/></testcase><testcase time="0" classname="p2.S7.SomeLongLongLongLongLongTestName_359" name="Run 0" assertions="3 total, 0 failed, 3 succeeded"><skipped type="Skipped" message="This test was disabled."/></testcase><testcase time="0" classname="p2.S7.SomeLongLongLongLongLongTestName_360" name="Run 0" assertions="3 total, 0 failed, 3 succeeded"><skipped type="Skipped" message="This test was disabled."/></testcase><testcase time="0" classname="p2.S7.SomeLongLongLongLongLongTestName_361" name="Run 0" assertions="3 total, 0 failed, 3 succeeded"><skipped type="Skipped" message="This test was disabled."/></testcase><testcase time="0" classname="p2.S7.SomeLongLongLongLongLongTestName_362" name="Run 0" assertions="3 total, 0 failed, 3 succeeded"><skipped type="Skipped" message="This test was disabled."/></testcase><testcase time="0" classname="p2.S7.SomeLongLongLongLongLongTestName_363" name="Run 0" assertions="3 total, 0 failed, 3 succeeded"><skipped type="Skipped" message="This test was disabled."/></testcase><testcase time="0" classname="p2.S7.SomeLongLongLongLongLongTestName_364" name="Run 0" assertions="3 total, 0 failed, 3 succeeded"><skipped type="Skipped" message="This test was disabled."/></testcase><testcase time="0" classname="p2.S7.SomeLongLongLongLongLongTestName_365" name="Run 0" assertions="3 total, 0 failed, 3 succeeded"><skipped type="Skipped" message="This test was disabled."/></testcase><testcase time="0" classname="p2.S7.SomeLongLongLongLongLongTestName_366" name="Run 0" assertions="3 total, 0 failed, 3 succeeded"><skipped type="Skipped" message="This test was disabled."/></testcase><testcase time="0" classname="p2.S7.SomeLongLongLongLongLongTestName_367" name="Run 0" assertions="3 total, 0 failed, 3 succeeded"><skipped type="Skipped" message="This test was disabled."/></testcase><testcase time="0" classname="p2.S7.SomeLongLongLongLongLongTestName_368" name="Run 0" assertions="3 total, 0 failed, 3 succeeded"><skipped type="Skipped" message="This test was disabled."/></testcase><testcase time="0" classname="p2.S7.SomeLongLongLongLongLongTestName_369" name="Run 0" assertions="3 total, 0 failed, 3 succeeded"><skipped type="Skipped" message="This test was disabled."/></testcase><testcase time="0" classname="p2.S7.SomeLongLongLongLongLongTestName_370" name="Run 0" assertions="3 total, 0 failed, 3 succeeded"><skipped type="Skipped" message="This test was disabled."/></testcase><testcase time="0" classname="p2.S7.SomeLongLongLongLongLongTestName_371" name="Run 0" assertions="3 total, 0 failed, 3 succeeded"><skipped type="Skipped" message="This test was disabled."/></testcase><testcase time="0" classname="p2.S7.SomeLongLongLongLongLongTestName_372" name="Run 0" assertions="3 total, 0 failed, 3 succeeded"><skipped type="Skipped" message="This test was disabled."/></testcase><testcase time="0" classname="p2.S7.SomeLongLongLongLongLongTestName_373" name="Run 0" assertions="3 total, 0 failed, 3 succeeded"><skipped type="Skipped" message="This test was disabled."/></testcase><testcase time="0" classname="p2.S7.SomeLongLongLongLongLongTestName_374" name="Run 0" assertions="3 total, 0 failed, 3 succeeded"><skipped type="Skipped" message="This test was disabled."/></testcase><testcase time="0" classname="p2.S7.SomeLongLongLongLongLongTestName_375" name="Run 0" assertions="3 total, 0 failed, 3 succeeded"><skipped type="Skipped" message="This test was disabled."/></testcase><testcase time="0" classname="p2.S7.SomeLongLongLongLongLongTestName_376" name="Run 0" assertions="3 total, 0 failed, 3 succeeded"><skipped type="Skipped" message="This test was disabled."/></testcase><testcase time="0" classname="p2.S7.SomeLongLongLongLongLongTestName_377" name="Run 0" assertions="3 total, 0 failed, 3 succeeded"><skipped type="Skipped" message="This test was disabled."/></testcase><testcase time="0" classname="p2.S7.SomeLongLongLongLongLongTestName_378" name="Run 0" assertions="3 total, 0 failed, 3 succeeded"><skipped type="Skipped" message="This test was disabled."/></testcase><testcase time="0" classname="p2.S7.SomeLongLongLongLongLongTestName_379" name="Run 0" assertions="3 total, 0 failed, 3 succeeded"><skipped type="Skipped" message="This test was disabled."/></testcase><testcase time="0" classname="p2.S7.SomeLongLongLongLongLongTestName_380" name="Run 0" assertions="3 total, 0 failed, 3 succeeded"><skipped type="Skipped" message="This test was disabled."/></testcase><testcase time="0" classname="p2.S7.SomeLongLongLongLongLongTestName_381" name="Run 0" assertions="3 total, 0 failed, 3 succeeded"><skipped type="Skipped" message="This test was disabled."/></testcase><testcase time="0" classname="p2.S7.SomeLongLongLongLongLongTestName_382" name="Run 0" assertions="3 total, 0 failed, 3 succeeded"><skipped type="Skipped" message="This test was disabled."/></testcase><testcase time="0" classname="p2.S7.SomeLongLongLongLongLongTestName_383" name="Run 0" assertions="3 total, 0 failed, 3 succeeded"><skipped type="Skipped" message="This test was disabled."/></testcase><testcase time="0" classname="p2.S7.SomeLongLongLongLongLongTestName_384" name="Run 0" assertions="3 total, 0 failed, 3 succeeded"><skipped type="Skipped" message="This test was disabled."/></testcase><testcase time="0" classname="p2.S7.SomeLongLongLongLongLongTestName_385" name="Run 0" assertions="3 total, 0 failed, 3 succeeded"><skipped type="Skipped" message="This test was disabled."/></testcase><testcase time="0" classname="p2.S7.SomeLongLongLongLongLongTestName_386" name="Run 0" assertions="3 total, 0 failed, 3 succeeded"><skipped type="Skipped" message="This test was disabled."/></testcase><testcase time="0" classname="p2.S7.SomeLongLongLongLongLongTestName_387" name="Run 0" assertions="3 total, 0 failed, 3 succeeded"><skipped type="Skipped" message="This test was disabled."/></testcase><testcase time="0" classname="p2.S7.SomeLongLongLongLongLongTestName_388" name="Run 0" assertions="3 total, 0 failed, 3 succeeded"><skipped type="Skipped" message="This test was disabled."/></testcase><testcase time="0" classname="p2.S7.SomeLongLongLongLongLongTestName_389" name="Run 0" assertions="3 total, 0 failed, 3 succeeded"><skipped type="Skipped" message="This test was disabled."/></testcase><testcase time="0" classname="p2.S7.SomeLongLongLongLongLongTestName_390" name="Run 0" assertions="3 total, 0 failed, 3 succeeded"><skipped type="Skipped" message="This test was disabled."/></testcase><testcase time="0" classname="p2.S7.SomeLongLongLongLongLongTestName_391" name="Run 0" assertions="3 total, 0 failed, 3 succeeded"><skipped type="Skipped" message="This test was disabled."/></testcase><testcase time="0" classname="p2.S7.SomeLongLongLongLongLongTestName_392" name="Run 0" assertions="3 total, 0 failed, 3 succeeded"><skipped type="Skipped" message="This test was disabled."/></testcase><testcase time="0" classname="p2.S7.SomeLongLongLongLongLongTestName_393" name="Run 0" assertions="3 total, 0 failed, 3 succeeded"><skipped type="Skipped" message="This test was disabled."/></testcase><testcase time="0" classname="p2.S7.SomeLongLongLongLongLongTestName_394" name="Run 0" assertions="3 total, 0 failed, 3 succeeded"><skipped type="Skipped" message="This test was disabled."/></testcase><testcase time="0" classname="p2.S7.SomeLongLongLongLongLongTestName_395" name="Run 0" assertions="3 total, 0 failed, 3 succeeded"><skipped type="Skipped" message="This test was disabled."/></testcase><testcase time="0" classname="p2.S7.SomeLongLongLongLongLongTestName_396" name="Run 0" assertions="3 total, 0 failed, 3 succeeded"><skipped type="Skipped" message="This test was disabled."/></testcase><testcase time="0" classname="p2.S7.SomeLongLongLongLongLongTestName_397" name="Run 0" assertions="3 total, 0 failed, 3 succeeded"><skipped type="Skipped" message="This test was disabled."/></testcase><testcase time="0" classname="p2.S7.SomeLongLongLongLongLongTestName_398" name="Run 0" assertions="3 total, 0 failed, 3 succeeded"><skipped type="Skipped" message="This test was disabled."/></testcase><testcase time="0" classname="p2.S7.SomeLongLongLongLongLongTestName_399" name="Run 0" assertions="3 total, 0 failed, 3 succeeded"><skipped type="Skipped" message="This test was disabled."/></testcase><testcase time="0" classname="p2.S7.SomeLongLongLongLongLongTestName_400" name="Run 0" assertions="3 total, 0 failed, 3 succeeded"><skipped type="Skipped" message="This test was disabled."/></testcase><testcase time="0" classname="p2.S7.SomeLongLongLongLongLongTestName_401" name="Run 0" assertions="3 total, 0 failed, 3 succeeded"><skipped type="Skipped" message="This test was disabled."/></testcase><testcase time="0" classname="p2.S7.SomeLongLongLongLongLongTestName_402" name="Run 0" assertions="3 total, 0 failed, 3 succeeded"><skipped type="Skipped" message="This test was disabled."/></testcase><testcase time="0" classname="p2.S7.SomeLongLongLongLongLongTestName_403" name="Run 0" assertions="3 total, 0 failed, 3 succeeded"><skipped type="Skipped" message="This test was disabled."/></testcase><testcase time="0" classname="p2.S7.SomeLongLongLongLongLongTestName_404" name="Run 0" assertions="3 total, 0 failed, 3 succeeded"><skipped type="Skipped" message="This test was disabled."/></testcase><testcase time="0" classname="p2.S7.SomeLongLongLongLongLongTestName_405" name="Run 0" assertions="3 total, 0 failed, 3 succeeded"><skipped type="Skipped" message="This test was disabled."/></testcase><testcase time="0" classname="p2.S7.SomeLongLongLongLongLongTestName_406" name="Run 0" assertions="3 total, 0 failed, 3 succeeded"><skipped type="Skipped" message="This test was disabled."/></testcase><testcase time="0" classname="p2.S7.SomeLongLongLongLongLongTestName_407" name="Run 0" assertions="3 total, 0 failed, 3 succeeded"><skipped type="Skipped" message="This test was disabled."/></testcase><testcase time="0" classname="p2.S7.SomeLongLongLongLongLongTestName_408" name="Run 0" assertions="3 total, 0 failed, 3 succeeded"><skipped type="Skipped" message="This test was disabled."/></testcase><testcase time="0" classname="p2.S7.SomeLongLongLongLongLongTestName_409" name="Run 0" assertions="3 total, 0 failed, 3 succeeded"><skipped type="Skipped" message="This test was disabled."/></testcase><testcase time="0" classname="p2.S7.SomeLongLongLongLongLongTestName_410" name="Run 0" assertions="3 total, 0 failed, 3 succeeded"><skipped type="Skipped" message="This test was disabled."/></testcase><testcase time="0" classname="p2.S7.SomeLongLongLongLongLongTestName_411" name="Run 0" assertions="3 total, 0 failed, 3 succeeded"><skipped type="Skipped" message="This test was disabled."/></testcase><testcase time="0" classname="p2.S7.SomeLongLongLongLongLongTestName_412" name="Run 0" assertions="3 total, 0 failed, 3 succeeded"><skipped type="Skipped" message="This test was disabled."/></testcase><testcase time="0" classname="p2.S7.SomeLongLongLongLongLongTestName_413" name="Run 0" assertions="3 total, 0 failed, 3 succeeded"><skipped type="Skipped" message="This test was disabled."/></testcase><testcase time="0" classname="p2.S7.SomeLongLongLongLongLongTestName_414" name="Run 0" assertions="3 total, 0 failed, 3 succeeded"><skipped type="Skipped" message="This test was disabled."/></testcase><testcase time="0" classname="p2.S7.SomeLongLongLongLongLongTestName_415" name="Run 0" assertions="3 total, 0 failed, 3 succeeded"><skipped type="Skipped" message="This test was disabled."/></testcase><testcase time="0" classname="p2.S7.SomeLongLongLongLongLongTestName_416" name="Run 0" assertions="3 total, 0 failed, 3 succeeded"><skipped type="Skipped" message="This test was disabled."/></testcase><testcase time="0" classname="p2.S7.SomeLongLongLongLongLongTestName_417" name="Run 0" assertions="3 total, 0 failed, 3 succeeded"><skipped type="Skipped" message="This test was disabled."/></testcase><testcase time="0" classname="p2.S7.SomeLongLongLongLongLongTestName_418" name="Run 0" assertions="3 total, 0 failed, 3 succeeded"><skipped type="Skipped" message="This test was disabled."/></testcase><testcase time="0" classname="p2.S7.SomeLongLongLongLongLongTestName_419" name="Run 0" assertions="3 total, 0 failed, 3 succeeded"><skipped type="Skipped" message="This test was disabled."/></testcase><testcase time="0" classname="p2.S7.SomeLongLongLongLongLongTestName_420" name="Run 0" assertions="3 total, 0 failed, 3 succeeded"><skipped type="Skipped" message="This test was disabled."/></testcase><testcase time="0" classname="p2.S7.SomeLongLongLongLongLongTestName_421" name="Run 0" assertions="3 total, 0 failed, 3 succeeded"><skipped type="Skipped" message="This test was disabled."/></testcase><testcase time="-8327.721228306782" classname="p2.S8.SomeLongLongLongLongLongTestName_0" name="Run 0" assertions="3 total, 0 failed, 3 succeeded">
                          <properties>
                          <property name="prop1" value="value1" />
                          <property name="multiline">
                              Config line 1
                              Config line 2
                              Config line 3
                          </property>
                        </properties>
                        <failure message="failure message 0" type="Failure"/><system-out>This is stdout
[[ATTACHMENT|attachment.txt]]
</system-out><system-err>This is stderr
[[ATTACHMENT|attachment.txt]]
</system-err></testcase><testcase time="-3428.889129247386" classname="p2.S8.SomeLongLongLongLongLongTestName_1" name="Run 0" assertions="3 total, 0 failed, 3 succeeded"/><testcase time="-750.9114821190701" classname="p2.S8.SomeLongLongLongLongLongTestName_2" name="Run 0" assertions="3 total, 0 failed, 3 succeeded"/><testcase time="-1612.193452356709" classname="p2.S8.SomeLongLongLongLongLongTestName_3" name="Run 0" assertions="3 total, 0 failed, 3 succeeded"/><testcase time="-3616.569612339672" classname="p2.S8.SomeLongLongLongLongLongTestName_4" name="Run 0" assertions="3 total, 0 failed, 3 succeeded"/><testcase time="-5932.749348466272" classname="p2.S8.SomeLongLongLongLongLongTestName_5" name="Run 0" assertions="3 total, 0 failed, 3 succeeded"/><testcase time="-6823.7373196630315" classname="p2.S8.SomeLongLongLongLongLongTestName_6" name="Run 0" assertions="3 total, 0 failed, 3 succeeded"/><testcase time="-2190.9469863585105" classname="p2.S8.SomeLongLongLongLongLongTestName_7" name="Run 0" assertions="3 total, 0 failed, 3 succeeded"/><testcase time="-5593.4112019910235" classname="p2.S8.SomeLongLongLongLongLongTestName_8" name="Run 0" assertions="3 total, 0 failed, 3 succeeded"/><testcase time="-8035.065184801463" classname="p2.S8.SomeLongLongLongLongLongTestName_9" name="Run 0" assertions="3 total, 0 failed, 3 succeeded"/><testcase time="-1136.688954290263" classname="p2.S8.SomeLongLongLongLongLongTestName_10" name="Run 0" assertions="3 total, 0 failed, 3 succeeded"/><testcase time="-447.61995587452935" classname="p2.S8.SomeLongLongLongLongLongTestName_11" name="Run 0" assertions="3 total, 0 failed, 3 succeeded"/><testcase time="-5240.020491991839" classname="p2.S8.SomeLongLongLongLongLongTestName_12" name="Run 0" assertions="3 total, 0 failed, 3 succeeded"/><testcase time="-6067.083009398223" classname="p2.S8.SomeLongLongLongLongLongTestName_13" name="Run 0" assertions="3 total, 0 failed, 3 succeeded"/><testcase time="-5018.067782468755" classname="p2.S8.SomeLongLongLongLongLongTestName_14" name="Run 0" assertions="3 total, 0 failed, 3 succeeded"/><testcase time="-6278.039428068226" classname="p2.S8.SomeLongLongLongLongLongTestName_15" name="Run 0" assertions="3 total, 0 failed, 3 succeeded"/><testcase time="-2631.2125811460337" classname="p2.S8.SomeLongLongLongLongLongTestName_16" name="Run 0" assertions="3 total, 0 failed, 3 succeeded"/><testcase time="-6009.444572763939" classname="p2.S8.SomeLongLongLongLongLongTestName_17" name="Run 0" assertions="3 total, 0 failed, 3 succeeded"/><testcase time="-7177.422544269419" classname="p2.S8.SomeLongLongLongLongLongTestName_18" name="Run 0" assertions="3 total, 0 failed, 3 succeeded"/><testcase time="-3838.4144078875215" classname="p2.S8.SomeLongLongLongLongLongTestName_19" name="Run 0" assertions="3 total, 0 failed, 3 succeeded"/><testcase time="-5922.07584510379" classname="p2.S8.SomeLongLongLongLongLongTestName_20" name="Run 0" assertions="3 total, 0 failed, 3 succeeded"/><testcase time="-2387.026350829566" classname="p2.S8.SomeLongLongLongLongLongTestName_21" name="Run 0" assertions="3 total, 0 failed, 3 succeeded"/><testcase time="-7474.120958223224" classname="p2.S8.SomeLongLongLongLongLongTestName_22" name="Run 0" assertions="3 total, 0 failed, 3 succeeded"/><testcase time="-9748.189903393099" classname="p2.S8.SomeLongLongLongLongLongTestName_23" name="Run 0" assertions="3 total, 0 failed, 3 succeeded"/><testcase time="-8184.712883190359" classname="p2.S8.SomeLongLongLongLongLongTestName_24" name="Run 0" assertions="3 total, 0 failed, 3 succeeded"/><testcase time="-120.81169326328022" classname="p2.S8.SomeLongLongLongLongLongTestName_25" name="Run 0" assertions="3 total, 0 failed, 3 succeeded"/><testcase time="-513.5794117391679" classname="p2.S8.SomeLongLongLongLongLongTestName_26" name="Run 0" assertions="3 total, 0 failed, 3 succeeded"/><testcase time="-6063.892052329627" classname="p2.S8.SomeLongLongLongLongLongTestName_27" name="Run 0" assertions="3 total, 0 failed, 3 succeeded"/><testcase time="-2125.6147630265464" classname="p2.S8.SomeLongLongLongLongLongTestName_28" name="Run 0" assertions="3 total, 0 failed, 3 succeeded"/><testcase time="-1899.435561404139" classname="p2.S8.SomeLongLongLongLongLongTestName_29" name="Run 0" assertions="3 total, 0 failed, 3 succeeded"/><testcase time="-9643.112534332406" classname="p2.S8.SomeLongLongLongLongLongTestName_30" name="Run 0" assertions="3 total, 0 failed, 3 succeeded"/><testcase time="-4815.978779900055" classname="p2.S8.SomeLongLongLongLongLongTestName_31" name="Run 0" assertions="3 total, 0 failed, 3 succeeded"/><testcase time="-899.8447273859908" classname="p2.S8.SomeLongLongLongLongLongTestName_32" name="Run 0" assertions="3 total, 0 failed, 3 succeeded"/><testcase time="-4064.75681760927" classname="p2.S8.SomeLongLongLongLongLongTestName_33" name="Run 0" assertions="3 total, 0 failed, 3 succeeded"/><testcase time="-9906.416389913069" classname="p2.S8.SomeLongLongLongLongLongTestName_34" name="Run 0" assertions="3 total, 0 failed, 3 succeeded"/><testcase time="-5195.39887377756" classname="p2.S8.SomeLongLongLongLongLongTestName_35" name="Run 0" assertions="3 total, 0 failed, 3 succeeded"/><testcase time="-3200.1230988328007" classname="p2.S8.SomeLongLongLongLongLongTestName_36" name="Run 0" assertions="3 total, 0 failed, 3 succeeded"/><testcase time="-1339.3854771647284" classname="p2.S8.SomeLongLongLongLongLongTestName_37" name="Run 0" assertions="3 total, 0 failed, 3 succeeded"/><testcase time="-1392.7626215933112" classname="p2.S8.SomeLongLongLongLongLongTestName_38" name="Run 0" assertions="3 total, 0 failed, 3 succeeded"/><testcase time="-280.87605277193103" classname="p2.S8.SomeLongLongLongLongLongTestName_39" name="Run 0" assertions="3 total, 0 failed, 3 succeeded"/><testcase time="-445.936801034502" classname="p2.S8.SomeLongLongLongLongLongTestName_40" name="Run 0" assertions="3 total, 0 failed, 3 succeeded"/><testcase time="-992.8127907556171" classname="p2.S8.SomeLongLongLongLongLongTestName_41" name="Run 0" assertions="3 total, 0 failed, 3 succeeded"/><testcase time="-7467.9292726667945" classname="p2.S8.SomeLongLongLongLongLongTestName_42" name="Run 0" assertions="3 total, 0 failed, 3 succeeded"/><testcase time="-286.7474334860996" classname="p2.S8.SomeLongLongLongLongLongTestName_43" name="Run 0" assertions="3 total, 0 failed, 3 succeeded"/><testcase time="-5174.035348868131" classname="p2.S8.SomeLongLongLongLongLongTestName_44" name="Run 0" assertions="3 total, 0 failed, 3 succeeded"/><testcase time="-5049.141014446054" classname="p2.S8.SomeLongLongLongLongLongTestName_45" name="Run 0" assertions="3 total, 0 failed, 3 succeeded"/><testcase time="-2733.084028610098" classname="p2.S8.SomeLongLongLongLongLongTestName_46" name="Run 0" assertions="3 total, 0 failed, 3 succeeded"/><testcase time="-8261.732058580434" classname="p2.S8.SomeLongLongLongLongLongTestName_47" name="Run 0" assertions="3 total, 0 failed, 3 succeeded"/><testcase time="-3293.5520768517313" classname="p2.S8.SomeLongLongLongLongLongTestName_48" name="Run 0" assertions="3 total, 0 failed, 3 succeeded"/><testcase time="-4098.763777915556" classname="p2.S8.SomeLongLongLongLongLongTestName_49" name="Run 0" assertions="3 total, 0 failed, 3 succeeded"/><testcase time="-2049.6185432118655" classname="p2.S8.SomeLongLongLongLongLongTestName_50" name="Run 0" assertions="3 total, 0 failed, 3 succeeded"/><testcase time="-833.3103397702448" classname="p2.S8.SomeLongLongLongLongLongTestName_51" name="Run 0" assertions="3 total, 0 failed, 3 succeeded"/><testcase time="-5420.249633304703" classname="p2.S8.SomeLongLongLongLongLongTestName_52" name="Run 0" assertions="3 total, 0 failed, 3 succeeded"/><testcase time="-8785.86007948369" classname="p2.S8.SomeLongLongLongLongLongTestName_53" name="Run 0" assertions="3 total, 0 failed, 3 succeeded"/><testcase time="-4180.69622521202" classname="p2.S8.SomeLongLongLongLongLongTestName_54" name="Run 0" assertions="3 total, 0 failed, 3 succeeded"/><testcase time="-3241.6121435097293" classname="p2.S8.SomeLongLongLongLongLongTestName_55" name="Run 0" assertions="3 total, 0 failed, 3 succeeded"/><testcase time="-9353.883732527698" classname="p2.S8.SomeLongLongLongLongLongTestName_56" name="Run 0" assertions="3 total, 0 failed, 3 succeeded"/><testcase time="-5415.108643836606" classname="p2.S8.SomeLongLongLongLongLongTestName_57" name="Run 0" assertions="3 total, 0 failed, 3 succeeded"/><testcase time="-6865.480685594979" classname="p2.S8.SomeLongLongLongLongLongTestName_58" name="Run 0" assertions="3 total, 0 failed, 3 succeeded"/><testcase time="-5640.067161883998" classname="p2.S8.SomeLongLongLongLongLongTestName_59" name="Run 0" assertions="3 total, 0 failed, 3 succeeded"/><testcase time="-4483.769182620376" classname="p2.S8.SomeLongLongLongLongLongTestName_60" name="Run 0" assertions="3 total, 0 failed, 3 succeeded"/><testcase time="-24.90665708743768" classname="p2.S8.SomeLongLongLongLongLongTestName_61" name="Run 0" assertions="3 total, 0 failed, 3 succeeded"/><testcase time="-7165.530607665448" classname="p2.S8.SomeLongLongLongLongLongTestName_62" name="Run 0" assertions="3 total, 0 failed, 3 succeeded"/><testcase time="-4076.232449627399" classname="p2.S8.SomeLongLongLongLongLongTestName_63" name="Run 0" assertions="3 total, 0 failed, 3 succeeded"/><testcase time="-1803.9322239475798" classname="p2.S8.SomeLongLongLongLongLongTestName_64" name="Run 0" assertions="3 total, 0 failed, 3 succeeded"/><testcase time="-9764.700272176176" classname="p2.S8.SomeLongLongLongLongLongTestName_65" name="Run 0" assertions="3 total, 0 failed, 3 succeeded"/><testcase time="-7686.701966458614" classname="p2.S8.SomeLongLongLongLongLongTestName_66" name="Run 0" assertions="3 total, 0 failed, 3 succeeded"/><testcase time="-4825.308322821914" classname="p2.S8.SomeLongLongLongLongLongTestName_67" name="Run 0" assertions="3 total, 0 failed, 3 succeeded"/><testcase time="-1455.8542763229852" classname="p2.S8.SomeLongLongLongLongLongTestName_68" name="Run 0" assertions="3 total, 0 failed, 3 succeeded"/><testcase time="-4241.494748427802" classname="p2.S8.SomeLongLongLongLongLongTestName_69" name="Run 0" assertions="3 total, 0 failed, 3 succeeded"/><testcase time="-5919.986987935892" classname="p2.S8.SomeLongLongLongLongLongTestName_70" name="Run 0" assertions="3 total, 0 failed, 3 succeeded"/><testcase time="-2284.8830082200616" classname="p2.S8.SomeLongLongLongLongLongTestName_71" name="Run 0" assertions="3 total, 0 failed, 3 succeeded"/><testcase time="-9477.011307197052" classname="p2.S8.SomeLongLongLongLongLongTestName_72" name="Run 0" assertions="3 total, 0 failed, 3 succeeded"/><testcase time="-4043.8607143819463" classname="p2.S8.SomeLongLongLongLongLongTestName_73" name="Run 0" assertions="3 total, 0 failed, 3 succeeded"/><testcase time="-861.2724558227475" classname="p2.S8.SomeLongLongLongLongLongTestName_74" name="Run 0" assertions="3 total, 0 failed, 3 succeeded"/><testcase time="-5559.507413007086" classname="p2.S8.SomeLongLongLongLongLongTestName_75" name="Run 0" assertions="3 total, 0 failed, 3 succeeded"/><testcase time="-728.5949847048662" classname="p2.S8.SomeLongLongLongLongLongTestName_76" name="Run 0" assertions="3 total, 0 failed, 3 succeeded"/><testcase time="-9183.017065238802" classname="p2.S8.SomeLongLongLongLongLongTestName_77" name="Run 0" assertions="3 total, 0 failed, 3 succeeded"/><testcase time="-2226.188082015885" classname="p2.S8.SomeLongLongLongLongLongTestName_78" name="Run 0" assertions="3 total, 0 failed, 3 succeeded"/><testcase time="-8022.617825276091" classname="p2.S8.SomeLongLongLongLongLongTestName_79" name="Run 0" assertions="3 total, 0 failed, 3 succeeded"/><testcase time="-8028.152264462943" classname="p2.S8.SomeLongLongLongLongLongTestName_80" name="Run 0" assertions="3 total, 0 failed, 3 succeeded"/><testcase time="-7137.9547297446525" classname="p2.S8.SomeLongLongLongLongLongTestName_81" name="Run 0" assertions="3 total, 0 failed, 3 succeeded"/><testcase time="-636.6142271024752" classname="p2.S8.SomeLongLongLongLongLongTestName_82" name="Run 0" assertions="3 total, 0 failed, 3 succeeded"/><testcase time="-4921.723666064857" classname="p2.S8.SomeLongLongLongLongLongTestName_83" name="Run 0" assertions="3 total, 0 failed, 3 succeeded"/><testcase time="-8067.35298059214" classname="p2.S8.SomeLongLongLongLongLongTestName_84" name="Run 0" assertions="3 total, 0 failed, 3 succeeded"/><testcase time="-1452.2024711704137" classname="p2.S8.SomeLongLongLongLongLongTestName_85" name="Run 0" assertions="3 total, 0 failed, 3 succeeded"/><testcase time="-3262.7503555427793" classname="p2.S8.SomeLongLongLongLongLongTestName_86" name="Run 0" assertions="3 total, 0 failed, 3 succeeded"/><testcase time="-5586.943963034172" classname="p2.S8.SomeLongLongLongLongLongTestName_87" name="Run 0" assertions="3 total, 0 failed, 3 succeeded"/><testcase time="-7701.841668215882" classname="p2.S8.SomeLongLongLongLongLongTestName_88" name="Run 0" assertions="3 total, 0 failed, 3 succeeded"/><testcase time="-3051.7261698022253" classname="p2.S8.SomeLongLongLongLongLongTestName_89" name="Run 0" assertions="3 total, 0 failed, 3 succeeded"/><testcase time="-3570.48026098958" classname="p2.S8.SomeLongLongLongLongLongTestName_90" name="Run 0" assertions="3 total, 0 failed, 3 succeeded"/><testcase time="-398.25881461187015" classname="p2.S8.SomeLongLongLongLongLongTestName_91" name="Run 0" assertions="3 total, 0 failed, 3 succeeded"/><testcase time="-9200.42026451287" classname="p2.S8.SomeLongLongLongLongLongTestName_92" name="Run 0" assertions="3 total, 0 failed, 3 succeeded"/><testcase time="-3744.1423164408875" classname="p2.S8.SomeLongLongLongLongLongTestName_93" name="Run 0" assertions="3 total, 0 failed, 3 succeeded"/><testcase time="-1482.6896100351134" classname="p2.S8.SomeLongLongLongLongLongTestName_94" name="Run 0" assertions="3 total, 0 failed, 3 succeeded"/><testcase time="-1785.1124968831336" classname="p2.S8.SomeLongLongLongLongLongTestName_95" name="Run 0" assertions="3 total, 0 failed, 3 succeeded"/><testcase time="-3079.9752355439778" classname="p2.S8.SomeLongLongLongLongLongTestName_96" name="Run 0" assertions="3 total, 0 failed, 3 succeeded"/><testcase time="-3632.563560510586" classname="p2.S8.SomeLongLongLongLongLongTestName_97" name="Run 0" assertions="3 total, 0 failed, 3 succeeded"/><testcase time="-1440.6420413116412" classname="p2.S8.SomeLongLongLongLongLongTestName_98" name="Run 0" assertions="3 total, 0 failed, 3 succeeded"/><testcase time="-3521.453933824021" classname="p2.S8.SomeLongLongLongLongLongTestName_99" name="Run 0" assertions="3 total, 0 failed, 3 succeeded"/><testcase time="-6800.17855041654" classname="p2.S8.SomeLongLongLongLongLongTestName_100" name="Run 0" assertions="3 total, 0 failed, 3 succeeded"/><testcase time="-5305.71852215284" classname="p2.S8.SomeLongLongLongLongLongTestName_101" name="Run 0" assertions="3 total, 0 failed, 3 succeeded"/><testcase time="-3226.002741632815" classname="p2.S8.SomeLongLongLongLongLongTestName_102" name="Run 0" assertions="3 total, 0 failed, 3 succeeded"/><testcase time="-6142.216321916424" classname="p2.S8.SomeLongLongLongLongLongTestName_103" name="Run 0" assertions="3 total, 0 failed, 3 succeeded"/><testcase time="-8889.99868082346" classname="p2.S8.SomeLongLongLongLongLongTestName_104" name="Run 0" assertions="3 total, 0 failed, 3 succeeded"/><testcase time="-6668.475201530439" classname="p2.S8.SomeLongLongLongLongLongTestName_105" name="Run 0" assertions="3 total, 0 failed, 3 succeeded"/><testcase time="-7831.544627631557" classname="p2.S8.SomeLongLongLongLongLongTestName_106" name="Run 0" assertions="3 total, 0 failed, 3 succeeded"/><testcase time="-8566.666536544259" classname="p2.S8.SomeLongLongLongLongLongTestName_107" name="Run 0" assertions="3 total, 0 failed, 3 succeeded"/><testcase time="-227.13256875781641" classname="p2.S8.SomeLongLongLongLongLongTestName_108" name="Run 0" assertions="3 total, 0 failed, 3 succeeded"/><testcase time="-5287.887994254978" classname="p2.S8.SomeLongLongLongLongLongTestName_109" name="Run 0" assertions="3 total, 0 failed, 3 succeeded"/><testcase time="-356.4837095254982" classname="p2.S8.SomeLongLongLongLongLongTestName_110" name="Run 0" assertions="3 total, 0 failed, 3 succeeded"/><testcase time="-289.69414597607783" classname="p2.S8.SomeLongLongLongLongLongTestName_111" name="Run 0" assertions="3 total, 0 failed, 3 succeeded"/><testcase time="-7054.378099817771" classname="p2.S8.SomeLongLongLongLongLongTestName_112" name="Run 0" assertions="3 total, 0 failed, 3 succeeded"/><testcase time="-6085.434464314965" classname="p2.S8.SomeLongLongLongLongLongTestName_113" name="Run 0" assertions="3 total, 0 failed, 3 succeeded"/><testcase time="-6807.889637199359" classname="p2.S8.SomeLongLongLongLongLongTestName_114" name="Run 0" assertions="3 total, 0 failed, 3 succeeded"/><testcase time="-4354.672209785956" classname="p2.S8.SomeLongLongLongLongLongTestName_115" name="Run 0" assertions="3 total, 0 failed, 3 succeeded"/><testcase time="-7037.512753274871" classname="p2.S8.SomeLongLongLongLongLongTestName_116" name="Run 0" assertions="3 total, 0 failed, 3 succeeded"/><testcase time="-7004.2758992007075" classname="p2.S8.SomeLongLongLongLongLongTestName_117" name="Run 0" assertions="3 total, 0 failed, 3 succeeded"/><testcase time="-7504.326433969214" classname="p2.S8.SomeLongLongLongLongLongTestName_118" name="Run 0" assertions="3 total, 0 failed, 3 succeeded"/><testcase time="-2738.5751169221394" classname="p2.S8.SomeLongLongLongLongLongTestName_119" name="Run 0" assertions="3 total, 0 failed, 3 succeeded"/><testcase time="-4822.037343054889" classname="p2.S8.SomeLongLongLongLongLongTestName_120" name="Run 0" assertions="3 total, 0 failed, 3 succeeded"/><testcase time="-6522.191954881219" classname="p2.S8.SomeLongLongLongLongLongTestName_121" name="Run 0" assertions="3 total, 0 failed, 3 succeeded"/><testcase time="-4335.523563671804" classname="p2.S8.SomeLongLongLongLongLongTestName_122" name="Run 0" assertions="3 total, 0 failed, 3 succeeded"/><testcase time="-3331.7754429028473" classname="p2.S8.SomeLongLongLongLongLongTestName_123" name="Run 0" assertions="3 total, 0 failed, 3 succeeded"/><testcase time="-8423.84423706649" classname="p2.S8.SomeLongLongLongLongLongTestName_124" name="Run 0" assertions="3 total, 0 failed, 3 succeeded"/><testcase time="-3498.4079162698204" classname="p2.S8.SomeLongLongLongLongLongTestName_125" name="Run 0" assertions="3 total, 0 failed, 3 succeeded"/><testcase time="-2291.461441745679" classname="p2.S8.SomeLongLongLongLongLongTestName_126" name="Run 0" assertions="3 total, 0 failed, 3 succeeded"/><testcase time="-2344.005831908975" classname="p2.S8.SomeLongLongLongLongLongTestName_127" name="Run 0" assertions="3 total, 0 failed, 3 succeeded"/><testcase time="-1072.277591971577" classname="p2.S8.SomeLongLongLongLongLongTestName_128" name="Run 0" assertions="3 total, 0 failed, 3 succeeded"/><testcase time="-5088.341861586656" classname="p2.S8.SomeLongLongLongLongLongTestName_129" name="Run 0" assertions="3 total, 0 failed, 3 succeeded"/><testcase time="-7867.4627259128865" classname="p2.S8.SomeLongLongLongLongLongTestName_130" name="Run 0" assertions="3 total, 0 failed, 3 succeeded"/><testcase time="-5290.014910819701" classname="p2.S8.SomeLongLongLongLongLongTestName_131" name="Run 0" assertions="3 total, 0 failed, 3 succeeded"/><testcase time="-7646.574843163281" classname="p2.S8.SomeLongLongLongLongLongTestName_132" name="Run 0" assertions="3 total, 0 failed, 3 succeeded"/><testcase time="-6341.520574254802" classname="p2.S8.SomeLongLongLongLongLongTestName_133" name="Run 0" assertions="3 total, 0 failed, 3 succeeded"/><testcase time="-8403.322026155714" classname="p2.S8.SomeLongLongLongLongLongTestName_134" name="Run 0" assertions="3 total, 0 failed, 3 succeeded"/><testcase time="-8410.293797123228" classname="p2.S8.SomeLongLongLongLongLongTestName_135" name="Run 0" assertions="3 total, 0 failed, 3 succeeded"/><testcase time="-809.7787568926436" classname="p2.S8.SomeLongLongLongLongLongTestName_136" name="Run 0" assertions="3 total, 0 failed, 3 succeeded"/><testcase time="-4503.142729521859" classname="p2.S8.SomeLongLongLongLongLongTestName_137" name="Run 0" assertions="3 total, 0 failed, 3 succeeded"/><testcase time="-93.6016519701705" classname="p2.S8.SomeLongLongLongLongLongTestName_138" name="Run 0" assertions="3 total, 0 failed, 3 succeeded"/><testcase time="-7936.546246466174" classname="p2.S8.SomeLongLongLongLongLongTestName_139" name="Run 0" assertions="3 total, 0 failed, 3 succeeded"/><testcase time="-6087.073374580447" classname="p2.S8.SomeLongLongLongLongLongTestName_140" name="Run 0" assertions="3 total, 0 failed, 3 succeeded"/><testcase time="-6583.375332591248" classname="p2.S8.SomeLongLongLongLongLongTestName_141" name="Run 0" assertions="3 total, 0 failed, 3 succeeded"/><testcase time="-7560.084510088574" classname="p2.S8.SomeLongLongLongLongLongTestName_142" name="Run 0" assertions="3 total, 0 failed, 3 succeeded"/><testcase time="-9423.092740764414" classname="p2.S8.SomeLongLongLongLongLongTestName_143" name="Run 0" assertions="3 total, 0 failed, 3 succeeded"/><testcase time="-8194.536058846186" classname="p2.S8.SomeLongLongLongLongLongTestName_144" name="Run 0" assertions="3 total, 0 failed, 3 succeeded"/><testcase time="-5018.845001295191" classname="p2.S8.SomeLongLongLongLongLongTestName_145" name="Run 0" assertions="3 total, 0 failed, 3 succeeded"/><testcase time="-7807.706777020306" classname="p2.S8.SomeLongLongLongLongLongTestName_146" name="Run 0" assertions="3 total, 0 failed, 3 succeeded"/><testcase time="-5446.292081863851" classname="p2.S8.SomeLongLongLongLongLongTestName_147" name="Run 0" assertions="3 total, 0 failed, 3 succeeded"/><testcase time="-6869.2064840184285" classname="p2.S8.SomeLongLongLongLongLongTestName_148" name="Run 0" assertions="3 total, 0 failed, 3 succeeded"/><testcase time="-6888.317374763676" classname="p2.S8.SomeLongLongLongLongLongTestName_149" name="Run 0" assertions="3 total, 0 failed, 3 succeeded"/><testcase time="-4269.103328176872" classname="p2.S8.SomeLongLongLongLongLongTestName_150" name="Run 0" assertions="3 total, 0 failed, 3 succeeded"/><testcase time="-2137.278695373745" classname="p2.S8.SomeLongLongLongLongLongTestName_151" name="Run 0" assertions="3 total, 0 failed, 3 succeeded"/><testcase time="-121.83814581494296" classname="p2.S8.SomeLongLongLongLongLongTestName_152" name="Run 0" assertions="3 total, 0 failed, 3 succeeded"/><testcase time="-5325.811027280331" classname="p2.S8.SomeLongLongLongLongLongTestName_153" name="Run 0" assertions="3 total, 0 failed, 3 succeeded"/><testcase time="-7666.696602497038" classname="p2.S8.SomeLongLongLongLongLongTestName_154" name="Run 0" assertions="3 total, 0 failed, 3 succeeded"/><testcase time="-3289.985886158815" classname="p2.S8.SomeLongLongLongLongLongTestName_155" name="Run 0" assertions="3 total, 0 failed, 3 succeeded"/><testcase time="-3323.3886229798914" classname="p2.S8.SomeLongLongLongLongLongTestName_156" name="Run 0" assertions="3 total, 0 failed, 3 succeeded"/><testcase time="-8451.925465966473" classname="p2.S8.SomeLongLongLongLongLongTestName_157" name="Run 0" assertions="3 total, 0 failed, 3 succeeded"/><testcase time="-3799.149515034922" classname="p2.S8.SomeLongLongLongLongLongTestName_158" name="Run 0" assertions="3 total, 0 failed, 3 succeeded"/><testcase time="-9741.52089377409" classname="p2.S8.SomeLongLongLongLongLongTestName_159" name="Run 0" assertions="3 total, 0 failed, 3 succeeded"/><testcase time="-8248.779491385447" classname="p2.S8.SomeLongLongLongLongLongTestName_160" name="Run 0" assertions="3 total, 0 failed, 3 succeeded"/><testcase time="-5924.812536731461" classname="p2.S8.SomeLongLongLongLongLongTestName_161" name="Run 0" assertions="3 total, 0 failed, 3 succeeded"/><testcase time="-2990.9826798675335" classname="p2.S8.SomeLongLongLongLongLongTestName_162" name="Run 0" assertions="3 total, 0 failed, 3 succeeded"/><testcase time="-424.49445107424765" classname="p2.S8.SomeLongLongLongLongLongTestName_163" name="Run 0" assertions="3 total, 0 failed, 3 succeeded"/><testcase time="-7039.839258899242" classname="p2.S8.SomeLongLongLongLongLongTestName_164" name="Run 0" assertions="3 total, 0 failed, 3 succeeded"/><testcase time="-3973.5538674718637" classname="p2.S8.SomeLongLongLongLongLongTestName_165" name="Run 0" assertions="3 total, 0 failed, 3 succeeded"/><testcase time="-2057.9414947524774" classname="p2.S8.SomeLongLongLongLongLongTestName_166" name="Run 0" assertions="3 total, 0 failed, 3 succeeded"/><testcase time="-6162.311132795513" classname="p2.S8.SomeLongLongLongLongLongTestName_167" name="Run 0" assertions="3 total, 0 failed, 3 succeeded"/><testcase time="-1649.075746732106" classname="p2.S8.SomeLongLongLongLongLongTestName_168" name="Run 0" assertions="3 total, 0 failed, 3 succeeded"/><testcase time="-6670.562423738863" classname="p2.S8.SomeLongLongLongLongLongTestName_169" name="Run 0" assertions="3 total, 0 failed, 3 succeeded"/><testcase time="-6616.572431766484" classname="p2.S8.SomeLongLongLongLongLongTestName_170" name="Run 0" assertions="3 total, 0 failed, 3 succeeded"/><testcase time="-5446.572247878393" classname="p2.S8.SomeLongLongLongLongLongTestName_171" name="Run 0" assertions="3 total, 0 failed, 3 succeeded"/><testcase time="-259.9988641183078" classname="p2.S8.SomeLongLongLongLongLongTestName_172" name="Run 0" assertions="3 total, 0 failed, 3 succeeded"/><testcase time="-4518.07089127824" classname="p2.S8.SomeLongLongLongLongLongTestName_173" name="Run 0" assertions="3 total, 0 failed, 3 succeeded"/><testcase time="-7016.782507951601" classname="p2.S8.SomeLongLongLongLongLongTestName_174" name="Run 0" assertions="3 total, 0 failed, 3 succeeded"/><testcase time="-5325.320806076586" classname="p2.S8.SomeLongLongLongLongLongTestName_175" name="Run 0" assertions="3 total, 0 failed, 3 succeeded"/><testcase time="-1207.4530758532217" classname="p2.S8.SomeLongLongLongLongLongTestName_176" name="Run 0" assertions="3 total, 0 failed, 3 succeeded"/><testcase time="-1370.9103739425193" classname="p2.S8.SomeLongLongLongLongLongTestName_177" name="Run 0" assertions="3 total, 0 failed, 3 succeeded"/><testcase time="-7131.5544061535065" classname="p2.S8.SomeLongLongLongLongLongTestName_178" name="Run 0" assertions="3 total, 0 failed, 3 succeeded"/><testcase time="-2743.1391590452204" classname="p2.S8.SomeLongLongLongLongLongTestName_179" name="Run 0" assertions="3 total, 0 failed, 3 succeeded"/><testcase time="-2386.5325278537084" classname="p2.S8.SomeLongLongLongLongLongTestName_180" name="Run 0" assertions="3 total, 0 failed, 3 succeeded"/><testcase time="-3115.053867358996" classname="p2.S8.SomeLongLongLongLongLongTestName_181" name="Run 0" assertions="3 total, 0 failed, 3 succeeded"/><testcase time="-4800.561183040454" classname="p2.S8.SomeLongLongLongLongLongTestName_182" name="Run 0" assertions="3 total, 0 failed, 3 succeeded"/><testcase time="-737.3763800123011" classname="p2.S8.SomeLongLongLongLongLongTestName_183" name="Run 0" assertions="3 total, 0 failed, 3 succeeded"/><testcase time="-9117.628981194686" classname="p2.S8.SomeLongLongLongLongLongTestName_184" name="Run 0" assertions="3 total, 0 failed, 3 succeeded"/><testcase time="-3040.2447653176073" classname="p2.S8.SomeLongLongLongLongLongTestName_185" name="Run 0" assertions="3 total, 0 failed, 3 succeeded"/><testcase time="-6576.478850308799" classname="p2.S8.SomeLongLongLongLongLongTestName_186" name="Run 0" assertions="3 total, 0 failed, 3 succeeded"/><testcase time="-3995.2173434602705" classname="p2.S8.SomeLongLongLongLongLongTestName_187" name="Run 0" assertions="3 total, 0 failed, 3 succeeded"/><testcase time="-8436.199201965133" classname="p2.S8.SomeLongLongLongLongLongTestName_188" name="Run 0" assertions="3 total, 0 failed, 3 succeeded"/><testcase time="-5518.679698524331" classname="p2.S8.SomeLongLongLongLongLongTestName_189" name="Run 0" assertions="3 total, 0 failed, 3 succeeded"/><testcase time="-9070.421986294903" classname="p2.S8.SomeLongLongLongLongLongTestName_190" name="Run 0" assertions="3 total, 0 failed, 3 succeeded"/><testcase time="-8765.533715818447" classname="p2.S8.SomeLongLongLongLongLongTestName_191" name="Run 0" assertions="3 total, 0 failed, 3 succeeded"/><testcase time="-8675.719726315958" classname="p2.S8.SomeLongLongLongLongLongTestName_192" name="Run 0" assertions="3 total, 0 failed, 3 succeeded"/><testcase time="-284.85827235706654" classname="p2.S8.SomeLongLongLongLongLongTestName_193" name="Run 0" assertions="3 total, 0 failed, 3 succeeded"/><testcase time="-2488.8045436852053" classname="p2.S8.SomeLongLongLongLongLongTestName_194" name="Run 0" assertions="3 total, 0 failed, 3 succeeded"/><testcase time="-7405.52134305413" classname="p2.S8.SomeLongLongLongLongLongTestName_195" name="Run 0" assertions="3 total, 0 failed, 3 succeeded"/><testcase time="-6929.110661906405" classname="p2.S8.SomeLongLongLongLongLongTestName_196" name="Run 0" assertions="3 total, 0 failed, 3 succeeded"/><testcase time="-1974.114643125983" classname="p2.S8.SomeLongLongLongLongLongTestName_197" name="Run 0" assertions="3 total, 0 failed, 3 succeeded"/><testcase time="-4623.569199405291" classname="p2.S8.SomeLongLongLongLongLongTestName_198" name="Run 0" assertions="3 total, 0 failed, 3 succeeded"/><testcase time="-7247.981777326609" classname="p2.S8.SomeLongLongLongLongLongTestName_199" name="Run 0" assertions="3 total, 0 failed, 3 succeeded"/><testcase time="-7466.556443597464" classname="p2.S8.SomeLongLongLongLongLongTestName_200" name="Run 0" assertions="3 total, 0 failed, 3 succeeded"/><testcase time="-2271.5589497467513" classname="p2.S8.SomeLongLongLongLongLongTestName_201" name="Run 0" assertions="3 total, 0 failed, 3 succeeded"/><testcase time="-6633.033785551636" classname="p2.S8.SomeLongLongLongLongLongTestName_202" name="Run 0" assertions="3 total, 0 failed, 3 succeeded"/><testcase time="-9254.1504605267" classname="p2.S8.SomeLongLongLongLongLongTestName_203" name="Run 0" assertions="3 total, 0 failed, 3 succeeded"/><testcase time="-9819.882516349884" classname="p2.S8.SomeLongLongLongLongLongTestName_204" name="Run 0" assertions="3 total, 0 failed, 3 succeeded"/><testcase time="-6043.072818194322" classname="p2.S8.SomeLongLongLongLongLongTestName_205" name="Run 0" assertions="3 total, 0 failed, 3 succeeded"/><testcase time="-2309.9503972255648" classname="p2.S8.SomeLongLongLongLongLongTestName_206" name="Run 0" assertions="3 total, 0 failed, 3 succeeded"/><testcase time="-1210.4595094109711" classname="p2.S8.SomeLongLongLongLongLongTestName_207" name="Run 0" assertions="3 total, 0 failed, 3 succeeded"/><testcase time="-4146.916169606515" classname="p2.S8.SomeLongLongLongLongLongTestName_208" name="Run 0" assertions="3 total, 0 failed, 3 succeeded"/><testcase time="-1973.584991559284" classname="p2.S8.SomeLongLongLongLongLongTestName_209" name="Run 0" assertions="3 total, 0 failed, 3 succeeded"/><testcase time="-8295.791994739768" classname="p2.S8.SomeLongLongLongLongLongTestName_210" name="Run 0" assertions="3 total, 0 failed, 3 succeeded"/><testcase time="-5476.715292912442" classname="p2.S8.SomeLongLongLongLongLongTestName_211" name="Run 0" assertions="3 total, 0 failed, 3 succeeded"/><testcase time="-7294.503433135472" classname="p2.S8.SomeLongLongLongLongLongTestName_212" name="Run 0" assertions="3 total, 0 failed, 3 succeeded"/><testcase time="-4465.3904693774775" classname="p2.S8.SomeLongLongLongLongLongTestName_213" name="Run 0" assertions="3 total, 0 failed, 3 succeeded"/><testcase time="-1595.8452190215883" classname="p2.S8.SomeLongLongLongLongLongTestName_214" name="Run 0" assertions="3 total, 0 failed, 3 succeeded"/><testcase time="-1578.869387501376" classname="p2.S8.SomeLongLongLongLongLongTestName_215" name="Run 0" assertions="3 total, 0 failed, 3 succeeded"/><testcase time="-2965.548443472948" classname="p2.S8.SomeLongLongLongLongLongTestName_216" name="Run 0" assertions="3 total, 0 failed, 3 succeeded"/><testcase time="-3737.3033810161787" classname="p2.S8.SomeLongLongLongLongLongTestName_217" name="Run 0" assertions="3 total, 0 failed, 3 succeeded"/><testcase time="-6872.230485878201" classname="p2.S8.SomeLongLongLongLongLongTestName_218" name="Run 0" assertions="3 total, 0 failed, 3 succeeded"/><testcase time="-8380.178935446256" classname="p2.S8.SomeLongLongLongLongLongTestName_219" name="Run 0" assertions="3 total, 0 failed, 3 succeeded"/><testcase time="-3620.941195620927" classname="p2.S8.SomeLongLongLongLongLongTestName_220" name="Run 0" assertions="3 total, 0 failed, 3 succeeded"/><testcase time="-3501.9686529035253" classname="p2.S8.SomeLongLongLongLongLongTestName_221" name="Run 0" assertions="3 total, 0 failed, 3 succeeded"/><testcase time="-4898.51779283068" classname="p2.S8.SomeLongLongLongLongLongTestName_222" name="Run 0" assertions="3 total, 0 failed, 3 succeeded"/><testcase time="-1266.7780886796454" classname="p2.S8.SomeLongLongLongLongLongTestName_223" name="Run 0" assertions="3 total, 0 failed, 3 succeeded"/><testcase time="-2501.1266899389125" classname="p2.S8.SomeLongLongLongLongLongTestName_224" name="Run 0" assertions="3 total, 0 failed, 3 succeeded"/><testcase time="-59.204056581777024" classname="p2.S8.SomeLongLongLongLongLongTestName_225" name="Run 0" assertions="3 total, 0 failed, 3 succeeded"/><testcase time="-9343.34114597551" classname="p2.S8.SomeLongLongLongLongLongTestName_226" name="Run 0" assertions="3 total, 0 failed, 3 succeeded"/><testcase time="-3726.2480442982683" classname="p2.S8.SomeLongLongLongLongLongTestName_227" name="Run 0" assertions="3 total, 0 failed, 3 succeeded"/><testcase time="-9171.23572308516" classname="p2.S8.SomeLongLongLongLongLongTestName_228" name="Run 0" assertions="3 total, 0 failed, 3 succeeded"/><testcase time="-6707.531995458949" classname="p2.S8.SomeLongLongLongLongLongTestName_229" name="Run 0" assertions="3 total, 0 failed, 3 succeeded"/><testcase time="-999.8819246859963" classname="p2.S8.SomeLongLongLongLongLongTestName_230" name="Run 0" assertions="3 total, 0 failed, 3 succeeded"/><testcase time="-2951.1066496404587" classname="p2.S8.SomeLongLongLongLongLongTestName_231" name="Run 0" assertions="3 total, 0 failed, 3 succeeded"/><testcase time="-8003.350698868453" classname="p2.S8.SomeLongLongLongLongLongTestName_232" name="Run 0" assertions="3 total, 0 failed, 3 succeeded"/><testcase time="-399.8958023532534" classname="p2.S8.SomeLongLongLongLongLongTestName_233" name="Run 0" assertions="3 total, 0 failed, 3 succeeded"/><testcase time="-7862.233983109779" classname="p2.S8.SomeLongLongLongLongLongTestName_234" name="Run 0" assertions="3 total, 0 failed, 3 succeeded"/><testcase time="-8043.361439054665" classname="p2.S8.SomeLongLongLongLongLongTestName_235" name="Run 0" assertions="3 total, 0 failed, 3 succeeded"/><testcase time="-1380.5620687179933" classname="p2.S8.SomeLongLongLongLongLongTestName_236" name="Run 0" assertions="3 total, 0 failed, 3 succeeded"/><testcase time="-7128.39117570044" classname="p2.S8.SomeLongLongLongLongLongTestName_237" name="Run 0" assertions="3 total, 0 failed, 3 succeeded"/><testcase time="-9250.634699043489" classname="p2.S8.SomeLongLongLongLongLongTestName_238" name="Run 0" assertions="3 total, 0 failed, 3 succeeded"/><testcase time="-6241.3095564455625" classname="p2.S8.SomeLongLongLongLongLongTestName_239" name="Run 0" assertions="3 total, 0 failed, 3 succeeded"/><testcase time="-7600.862593173982" classname="p2.S8.SomeLongLongLongLongLongTestName_240" name="Run 0" assertions="3 total, 0 failed, 3 succeeded"/><testcase time="-9612.293542339508" classname="p2.S8.SomeLongLongLongLongLongTestName_241" name="Run 0" assertions="3 total, 0 failed, 3 succeeded"/><testcase time="-2532.5146501396102" classname="p2.S8.SomeLongLongLongLongLongTestName_242" name="Run 0" assertions="3 total, 0 failed, 3 succeeded"/><testcase time="-3849.6671237374553" classname="p2.S8.SomeLongLongLongLongLongTestName_243" name="Run 0" assertions="3 total, 0 failed, 3 succeeded"/><testcase time="-8061.008441335536" classname="p2.S8.SomeLongLongLongLongLongTestName_244" name="Run 0" assertions="3 total, 0 failed, 3 succeeded"/><testcase time="-5537.679863311487" classname="p2.S8.SomeLongLongLongLongLongTestName_245" name="Run 0" assertions="3 total, 0 failed, 3 succeeded"/><testcase time="-3281.398769120283" classname="p2.S8.SomeLongLongLongLongLongTestName_246" name="Run 0" assertions="3 total, 0 failed, 3 succeeded"/><testcase time="-9166.371814185188" classname="p2.S8.SomeLongLongLongLongLongTestName_247" name="Run 0" assertions="3 total, 0 failed, 3 succeeded"/><testcase time="-859.5644396226106" classname="p2.S8.SomeLongLongLongLongLongTestName_248" name="Run 0" assertions="3 total, 0 failed, 3 succeeded"/><testcase time="-10.115485474866688" classname="p2.S8.SomeLongLongLongLongLongTestName_249" name="Run 0" assertions="3 total, 0 failed, 3 succeeded"/><testcase time="-7351.868793079011" classname="p2.S8.SomeLongLongLongLongLongTestName_250" name="Run 0" assertions="3 total, 0 failed, 3 succeeded"/><testcase time="-5876.793213629837" classname="p2.S8.SomeLongLongLongLongLongTestName_251" name="Run 0" assertions="3 total, 0 failed, 3 succeeded"/><testcase time="-495.19318409216777" classname="p2.S8.SomeLongLongLongLongLongTestName_252" name="Run 0" assertions="3 total, 0 failed, 3 succeeded"/><testcase time="-6434.344201841178" classname="p2.S8.SomeLongLongLongLongLongTestName_253" name="Run 0" assertions="3 total, 0 failed, 3 succeeded"/><testcase time="-1183.3736142145494" classname="p2.S8.SomeLongLongLongLongLongTestName_254" name="Run 0" assertions="3 total, 0 failed, 3 succeeded"/><testcase time="-2522.4930238686065" classname="p2.S8.SomeLongLongLongLongLongTestName_255" name="Run 0" assertions="3 total, 0 failed, 3 succeeded"/><testcase time="-3934.097834923276" classname="p2.S8.SomeLongLongLongLongLongTestName_256" name="Run 0" assertions="3 total, 0 failed, 3 succeeded"/><testcase time="-4315.802718395689" classname="p2.S8.SomeLongLongLongLongLongTestName_257" name="Run 0" assertions="3 total, 0 failed, 3 succeeded"/><testcase time="-7170.343026424946" classname="p2.S8.SomeLongLongLongLongLongTestName_258" name="Run 0" assertions="3 total, 0 failed, 3 succeeded"/><testcase time="-6227.854415887585" classname="p2.S8.SomeLongLongLongLongLongTestName_259" name="Run 0" assertions="3 total, 0 failed, 3 succeeded"/><testcase time="-1286.050825465912" classname="p2.S8.SomeLongLongLongLongLongTestName_260" name="Run 0" assertions="3 total, 0 failed, 3 succeeded"/><testcase time="-2046.2046477315178" classname="p2.S8.SomeLongLongLongLongLongTestName_261" name="Run 0" assertions="3 total, 0 failed, 3 succeeded"/><testcase time="-9866.474168135619" classname="p2.S8.SomeLongLongLongLongLongTestName_262" name="Run 0" assertions="3 total, 0 failed, 3 succeeded"/><testcase time="-7051.732247329963" classname="p2.S8.SomeLongLongLongLongLongTestName_263" name="Run 0" assertions="3 total, 0 failed, 3 succeeded"/><testcase time="-6190.7510229901" classname="p2.S8.SomeLongLongLongLongLongTestName_264" name="Run 0" assertions="3 total, 0 failed, 3 succeeded"/><testcase time="-1543.2194660032833" classname="p2.S8.SomeLongLongLongLongLongTestName_265" name="Run 0" assertions="3 total, 0 failed, 3 succeeded"/><testcase time="-2620.411214765256" classname="p2.S8.SomeLongLongLongLongLongTestName_266" name="Run 0" assertions="3 total, 0 failed, 3 succeeded"/><testcase time="-5607.514029842292" classname="p2.S8.SomeLongLongLongLongLongTestName_267" name="Run 0" assertions="3 total, 0 failed, 3 succeeded"/><testcase time="-5260.839751605434" classname="p2.S8.SomeLongLongLongLongLongTestName_268" name="Run 0" assertions="3 total, 0 failed, 3 succeeded"/><testcase time="-6953.117235302386" classname="p2.S8.SomeLongLongLongLongLongTestName_269" name="Run 0" assertions="3 total, 0 failed, 3 succeeded"/><testcase time="-1853.5449835604497" classname="p2.S8.SomeLongLongLongLongLongTestName_270" name="Run 0" assertions="3 total, 0 failed, 3 succeeded"/><testcase time="-6058.078708780008" classname="p2.S8.SomeLongLongLongLongLongTestName_271" name="Run 0" assertions="3 total, 0 failed, 3 succeeded"/><testcase time="-3847.151323716646" classname="p2.S8.SomeLongLongLongLongLongTestName_272" name="Run 0" assertions="3 total, 0 failed, 3 succeeded"/><testcase time="-6583.097007913788" classname="p2.S8.SomeLongLongLongLongLongTestName_273" name="Run 0" assertions="3 total, 0 failed, 3 succeeded"/><testcase time="-1926.809425843433" classname="p2.S8.SomeLongLongLongLongLongTestName_274" name="Run 0" assertions="3 total, 0 failed, 3 succeeded"/><testcase time="-3248.0358895455834" classname="p2.S8.SomeLongLongLongLongLongTestName_275" name="Run 0" assertions="3 total, 0 failed, 3 succeeded"/><testcase time="-3576.74850693462" classname="p2.S8.SomeLongLongLongLongLongTestName_276" name="Run 0" assertions="3 total, 0 failed, 3 succeeded"/><testcase time="-9874.65590920815" classname="p2.S8.SomeLongLongLongLongLongTestName_277" name="Run 0" assertions="3 total, 0 failed, 3 succeeded"/><testcase time="-6227.245430128189" classname="p2.S8.SomeLongLongLongLongLongTestName_278" name="Run 0" assertions="3 total, 0 failed, 3 succeeded"/><testcase time="-3660.656722587665" classname="p2.S8.SomeLongLongLongLongLongTestName_279" name="Run 0" assertions="3 total, 0 failed, 3 succeeded"/><testcase time="-4319.150125653805" classname="p2.S8.SomeLongLongLongLongLongTestName_280" name="Run 0" assertions="3 total, 0 failed, 3 succeeded"/><testcase time="-2593.262704888648" classname="p2.S8.SomeLongLongLongLongLongTestName_281" name="Run 0" assertions="3 total, 0 failed, 3 succeeded"/><testcase time="-4482.9081978854965" classname="p2.S8.SomeLongLongLongLongLongTestName_282" name="Run 0" assertions="3 total, 0 failed, 3 succeeded"/><testcase time="-7238.008880057958" classname="p2.S8.SomeLongLongLongLongLongTestName_283" name="Run 0" assertions="3 total, 0 failed, 3 succeeded"/><testcase time="-8759.07451652526" classname="p2.S8.SomeLongLongLongLongLongTestName_284" name="Run 0" assertions="3 total, 0 failed, 3 succeeded"/><testcase time="-9395.519529638412" classname="p2.S8.SomeLongLongLongLongLongTestName_285" name="Run 0" assertions="3 total, 0 failed, 3 succeeded"/><testcase time="0" classname="p2.S8.SomeLongLongLongLongLongTestName_286" name="Run 0" assertions="3 total, 0 failed, 3 succeeded"><skipped type="Skipped" message="This test was disabled."/></testcase><testcase time="0" classname="p2.S8.SomeLongLongLongLongLongTestName_287" name="Run 0" assertions="3 total, 0 failed, 3 succeeded"><skipped type="Skipped" message="This test was disabled."/></testcase><testcase time="0" classname="p2.S8.SomeLongLongLongLongLongTestName_288" name="Run 0" assertions="3 total, 0 failed, 3 succeeded"><skipped type="Skipped" message="This test was disabled."/></testcase><testcase time="0" classname="p2.S8.SomeLongLongLongLongLongTestName_289" name="Run 0" assertions="3 total, 0 failed, 3 succeeded"><skipped type="Skipped" message="This test was disabled."/></testcase><testcase time="0" classname="p2.S8.SomeLongLongLongLongLongTestName_290" name="Run 0" assertions="3 total, 0 failed, 3 succeeded"><skipped type="Skipped" message="This test was disabled."/></testcase><testcase time="0" classname="p2.S8.SomeLongLongLongLongLongTestName_291" name="Run 0" assertions="3 total, 0 failed, 3 succeeded"><skipped type="Skipped" message="This test was disabled."/></testcase><testcase time="0" classname="p2.S8.SomeLongLongLongLongLongTestName_292" name="Run 0" assertions="3 total, 0 failed, 3 succeeded"><skipped type="Skipped" message="This test was disabled."/></testcase><testcase time="0" classname="p2.S8.SomeLongLongLongLongLongTestName_293" name="Run 0" assertions="3 total, 0 failed, 3 succeeded"><skipped type="Skipped" message="This test was disabled."/></testcase><testcase time="0" classname="p2.S8.SomeLongLongLongLongLongTestName_294" name="Run 0" assertions="3 total, 0 failed, 3 succeeded"><skipped type="Skipped" message="This test was disabled."/></testcase><testcase time="0" classname="p2.S8.SomeLongLongLongLongLongTestName_295" name="Run 0" assertions="3 total, 0 failed, 3 succeeded"><skipped type="Skipped" message="This test was disabled."/></testcase><testcase time="0" classname="p2.S8.SomeLongLongLongLongLongTestName_296" name="Run 0" assertions="3 total, 0 failed, 3 succeeded"><skipped type="Skipped" message="This test was disabled."/></testcase><testcase time="0" classname="p2.S8.SomeLongLongLongLongLongTestName_297" name="Run 0" assertions="3 total, 0 failed, 3 succeeded"><skipped type="Skipped" message="This test was disabled."/></testcase><testcase time="0" classname="p2.S8.SomeLongLongLongLongLongTestName_298" name="Run 0" assertions="3 total, 0 failed, 3 succeeded"><skipped type="Skipped" message="This test was disabled."/></testcase><testcase time="0" classname="p2.S8.SomeLongLongLongLongLongTestName_299" name="Run 0" assertions="3 total, 0 failed, 3 succeeded"><skipped type="Skipped" message="This test was disabled."/></testcase><testcase time="0" classname="p2.S8.SomeLongLongLongLongLongTestName_300" name="Run 0" assertions="3 total, 0 failed, 3 succeeded"><skipped type="Skipped" message="This test was disabled."/></testcase><testcase time="0" classname="p2.S8.SomeLongLongLongLongLongTestName_301" name="Run 0" assertions="3 total, 0 failed, 3 succeeded"><skipped type="Skipped" message="This test was disabled."/></testcase><testcase time="0" classname="p2.S8.SomeLongLongLongLongLongTestName_302" name="Run 0" assertions="3 total, 0 failed, 3 succeeded"><skipped type="Skipped" message="This test was disabled."/></testcase><testcase time="0" classname="p2.S8.SomeLongLongLongLongLongTestName_303" name="Run 0" assertions="3 total, 0 failed, 3 succeeded"><skipped type="Skipped" message="This test was disabled."/></testcase><testcase time="0" classname="p2.S8.SomeLongLongLongLongLongTestName_304" name="Run 0" assertions="3 total, 0 failed, 3 succeeded"><skipped type="Skipped" message="This test was disabled."/></testcase><testcase time="0" classname="p2.S8.SomeLongLongLongLongLongTestName_305" name="Run 0" assertions="3 total, 0 failed, 3 succeeded"><skipped type="Skipped" message="This test was disabled."/></testcase><testcase time="0" classname="p2.S8.SomeLongLongLongLongLongTestName_306" name="Run 0" assertions="3 total, 0 failed, 3 succeeded"><skipped type="Skipped" message="This test was disabled."/></testcase><testcase time="0" classname="p2.S8.SomeLongLongLongLongLongTestName_307" name="Run 0" assertions="3 total, 0 failed, 3 succeeded"><skipped type="Skipped" message="This test was disabled."/></testcase><testcase time="0" classname="p2.S8.SomeLongLongLongLongLongTestName_308" name="Run 0" assertions="3 total, 0 failed, 3 succeeded"><skipped type="Skipped" message="This test was disabled."/></testcase><testcase time="0" classname="p2.S8.SomeLongLongLongLongLongTestName_309" name="Run 0" assertions="3 total, 0 failed, 3 succeeded"><skipped type="Skipped" message="This test was disabled."/></testcase><testcase time="0" classname="p2.S8.SomeLongLongLongLongLongTestName_310" name="Run 0" assertions="3 total, 0 failed, 3 succeeded"><skipped type="Skipped" message="This test was disabled."/></testcase><testcase time="0" classname="p2.S8.SomeLongLongLongLongLongTestName_311" name="Run 0" assertions="3 total, 0 failed, 3 succeeded"><skipped type="Skipped" message="This test was disabled."/></testcase><testcase time="0" classname="p2.S8.SomeLongLongLongLongLongTestName_312" name="Run 0" assertions="3 total, 0 failed, 3 succeeded"><skipped type="Skipped" message="This test was disabled."/></testcase><testcase time="0" classname="p2.S8.SomeLongLongLongLongLongTestName_313" name="Run 0" assertions="3 total, 0 failed, 3 succeeded"><skipped type="Skipped" message="This test was disabled."/></testcase><testcase time="0" classname="p2.S8.SomeLongLongLongLongLongTestName_314" name="Run 0" assertions="3 total, 0 failed, 3 succeeded"><skipped type="Skipped" message="This test was disabled."/></testcase><testcase time="0" classname="p2.S8.SomeLongLongLongLongLongTestName_315" name="Run 0" assertions="3 total, 0 failed, 3 succeeded"><skipped type="Skipped" message="This test was disabled."/></testcase><testcase time="0" classname="p2.S8.SomeLongLongLongLongLongTestName_316" name="Run 0" assertions="3 total, 0 failed, 3 succeeded"><skipped type="Skipped" message="This test was disabled."/></testcase><testcase time="0" classname="p2.S8.SomeLongLongLongLongLongTestName_317" name="Run 0" assertions="3 total, 0 failed, 3 succeeded"><skipped type="Skipped" message="This test was disabled."/></testcase><testcase time="0" classname="p2.S8.SomeLongLongLongLongLongTestName_318" name="Run 0" assertions="3 total, 0 failed, 3 succeeded"><skipped type="Skipped" message="This test was disabled."/></testcase><testcase time="0" classname="p2.S8.SomeLongLongLongLongLongTestName_319" name="Run 0" assertions="3 total, 0 failed, 3 succeeded"><skipped type="Skipped" message="This test was disabled."/></testcase><testcase time="0" classname="p2.S8.SomeLongLongLongLongLongTestName_320" name="Run 0" assertions="3 total, 0 failed, 3 succeeded"><skipped type="Skipped" message="This test was disabled."/></testcase><testcase time="0" classname="p2.S8.SomeLongLongLongLongLongTestName_321" name="Run 0" assertions="3 total, 0 failed, 3 succeeded"><skipped type="Skipped" message="This test was disabled."/></testcase><testcase time="0" classname="p2.S8.SomeLongLongLongLongLongTestName_322" name="Run 0" assertions="3 total, 0 failed, 3 succeeded"><skipped type="Skipped" message="This test was disabled."/></testcase><testcase time="0" classname="p2.S8.SomeLongLongLongLongLongTestName_323" name="Run 0" assertions="3 total, 0 failed, 3 succeeded"><skipped type="Skipped" message="This test was disabled."/></testcase><testcase time="0" classname="p2.S8.SomeLongLongLongLongLongTestName_324" name="Run 0" assertions="3 total, 0 failed, 3 succeeded"><skipped type="Skipped" message="This test was disabled."/></testcase><testcase time="0" classname="p2.S8.SomeLongLongLongLongLongTestName_325" name="Run 0" assertions="3 total, 0 failed, 3 succeeded"><skipped type="Skipped" message="This test was disabled."/></testcase><testcase time="0" classname="p2.S8.SomeLongLongLongLongLongTestName_326" name="Run 0" assertions="3 total, 0 failed, 3 succeeded"><skipped type="Skipped" message="This test was disabled."/></testcase><testcase time="0" classname="p2.S8.SomeLongLongLongLongLongTestName_327" name="Run 0" assertions="3 total, 0 failed, 3 succeeded"><skipped type="Skipped" message="This test was disabled."/></testcase><testcase time="0" classname="p2.S8.SomeLongLongLongLongLongTestName_328" name="Run 0" assertions="3 total, 0 failed, 3 succeeded"><skipped type="Skipped" message="This test was disabled."/></testcase><testcase time="0" classname="p2.S8.SomeLongLongLongLongLongTestName_329" name="Run 0" assertions="3 total, 0 failed, 3 succeeded"><skipped type="Skipped" message="This test was disabled."/></testcase><testcase time="0" classname="p2.S8.SomeLongLongLongLongLongTestName_330" name="Run 0" assertions="3 total, 0 failed, 3 succeeded"><skipped type="Skipped" message="This test was disabled."/></testcase><testcase time="0" classname="p2.S8.SomeLongLongLongLongLongTestName_331" name="Run 0" assertions="3 total, 0 failed, 3 succeeded"><skipped type="Skipped" message="This test was disabled."/></testcase><testcase time="0" classname="p2.S8.SomeLongLongLongLongLongTestName_332" name="Run 0" assertions="3 total, 0 failed, 3 succeeded"><skipped type="Skipped" message="This test was disabled."/></testcase><testcase time="0" classname="p2.S8.SomeLongLongLongLongLongTestName_333" name="Run 0" assertions="3 total, 0 failed, 3 succeeded"><skipped type="Skipped" message="This test was disabled."/></testcase><testcase time="0" classname="p2.S8.SomeLongLongLongLongLongTestName_334" name="Run 0" assertions="3 total, 0 failed, 3 succeeded"><skipped type="Skipped" message="This test was disabled."/></testcase><testcase time="0" classname="p2.S8.SomeLongLongLongLongLongTestName_335" name="Run 0" assertions="3 total, 0 failed, 3 succeeded"><skipped type="Skipped" message="This test was disabled."/></testcase><testcase time="0" classname="p2.S8.SomeLongLongLongLongLongTestName_336" name="Run 0" assertions="3 total, 0 failed, 3 succeeded"><skipped type="Skipped" message="This test was disabled."/></testcase><testcase time="0" classname="p2.S8.SomeLongLongLongLongLongTestName_337" name="Run 0" assertions="3 total, 0 failed, 3 succeeded"><skipped type="Skipped" message="This test was disabled."/></testcase><testcase time="0" classname="p2.S8.SomeLongLongLongLongLongTestName_338" name="Run 0" assertions="3 total, 0 failed, 3 succeeded"><skipped type="Skipped" message="This test was disabled."/></testcase><testcase time="0" classname="p2.S8.SomeLongLongLongLongLongTestName_339" name="Run 0" assertions="3 total, 0 failed, 3 succeeded"><skipped type="Skipped" message="This test was disabled."/></testcase><testcase time="0" classname="p2.S8.SomeLongLongLongLongLongTestName_340" name="Run 0" assertions="3 total, 0 failed, 3 succeeded"><skipped type="Skipped" message="This test was disabled."/></testcase><testcase time="0" classname="p2.S8.SomeLongLongLongLongLongTestName_341" name="Run 0" assertions="3 total, 0 failed, 3 succeeded"><skipped type="Skipped" message="This test was disabled."/></testcase><testcase time="0" classname="p2.S8.SomeLongLongLongLongLongTestName_342" name="Run 0" assertions="3 total, 0 failed, 3 succeeded"><skipped type="Skipped" message="This test was disabled."/></testcase><testcase time="0" classname="p2.S8.SomeLongLongLongLongLongTestName_343" name="Run 0" assertions="3 total, 0 failed, 3 succeeded"><skipped type="Skipped" message="This test was disabled."/></testcase><testcase time="0" classname="p2.S8.SomeLongLongLongLongLongTestName_344" name="Run 0" assertions="3 total, 0 failed, 3 succeeded"><skipped type="Skipped" message="This test was disabled."/></testcase><testcase time="0" classname="p2.S8.SomeLongLongLongLongLongTestName_345" name="Run 0" assertions="3 total, 0 failed, 3 succeeded"><skipped type="Skipped" message="This test was disabled."/></testcase><testcase time="0" classname="p2.S8.SomeLongLongLongLongLongTestName_346" name="Run 0" assertions="3 total, 0 failed, 3 succeeded"><skipped type="Skipped" message="This test was disabled."/></testcase><testcase time="0" classname="p2.S8.SomeLongLongLongLongLongTestName_347" name="Run 0" assertions="3 total, 0 failed, 3 succeeded"><skipped type="Skipped" message="This test was disabled."/></testcase><testcase time="0" classname="p2.S8.SomeLongLongLongLongLongTestName_348" name="Run 0" assertions="3 total, 0 failed, 3 succeeded"><skipped type="Skipped" message="This test was disabled."/></testcase><testcase time="0" classname="p2.S8.SomeLongLongLongLongLongTestName_349" name="Run 0" assertions="3 total, 0 failed, 3 succeeded"><skipped type="Skipped" message="This test was disabled."/></testcase><testcase time="0" classname="p2.S8.SomeLongLongLongLongLongTestName_350" name="Run 0" assertions="3 total, 0 failed, 3 succeeded"><skipped type="Skipped" message="This test was disabled."/></testcase><testcase time="0" classname="p2.S8.SomeLongLongLongLongLongTestName_351" name="Run 0" assertions="3 total, 0 failed, 3 succeeded"><skipped type="Skipped" message="This test was disabled."/></testcase><testcase time="0" classname="p2.S8.SomeLongLongLongLongLongTestName_352" name="Run 0" assertions="3 total, 0 failed, 3 succeeded"><skipped type="Skipped" message="This test was disabled."/></testcase><testcase time="0" classname="p2.S8.SomeLongLongLongLongLongTestName_353" name="Run 0" assertions="3 total, 0 failed, 3 succeeded"><skipped type="Skipped" message="This test was disabled."/></testcase><testcase time="0" classname="p2.S8.SomeLongLongLongLongLongTestName_354" name="Run 0" assertions="3 total, 0 failed, 3 succeeded"><skipped type="Skipped" message="This test was disabled."/></testcase><testcase time="0" classname="p2.S8.SomeLongLongLongLongLongTestName_355" name="Run 0" assertions="3 total, 0 failed, 3 succeeded"><skipped type="Skipped" message="This test was disabled."/></testcase><testcase time="0" classname="p2.S8.SomeLongLongLongLongLongTestName_356" name="Run 0" assertions="3 total, 0 failed, 3 succeeded"><skipped type="Skipped" message="This test was disabled."/></testcase><testcase time="0" classname="p2.S8.SomeLongLongLongLongLongTestName_357" name="Run 0" assertions="3 total, 0 failed, 3 succeeded"><skipped type="Skipped" message="This test was disabled."/></testcase><testcase time="0" classname="p2.S8.SomeLongLongLongLongLongTestName_358" name="Run 0" assertions="3 total, 0 failed, 3 succeeded"><skipped type="Skipped" message="This test was disabled."/></testcase><testcase time="0" classname="p2.S8.SomeLongLongLongLongLongTestName_359" name="Run 0" assertions="3 total, 0 failed, 3 succeeded"><skipped type="Skipped" message="This test was disabled."/></testcase><testcase time="0" classname="p2.S8.SomeLongLongLongLongLongTestName_360" name="Run 0" assertions="3 total, 0 failed, 3 succeeded"><skipped type="Skipped" message="This test was disabled."/></testcase><testcase time="0" classname="p2.S8.SomeLongLongLongLongLongTestName_361" name="Run 0" assertions="3 total, 0 failed, 3 succeeded"><skipped type="Skipped" message="This test was disabled."/></testcase><testcase time="0" classname="p2.S8.SomeLongLongLongLongLongTestName_362" name="Run 0" assertions="3 total, 0 failed, 3 succeeded"><skipped type="Skipped" message="This test was disabled."/></testcase><testcase time="0" classname="p2.S8.SomeLongLongLongLongLongTestName_363" name="Run 0" assertions="3 total, 0 failed, 3 succeeded"><skipped type="Skipped" message="This test was disabled."/></testcase><testcase time="0" classname="p2.S8.SomeLongLongLongLongLongTestName_364" name="Run 0" assertions="3 total, 0 failed, 3 succeeded"><skipped type="Skipped" message="This test was disabled."/></testcase><testcase time="0" classname="p2.S8.SomeLongLongLongLongLongTestName_365" name="Run 0" assertions="3 total, 0 failed, 3 succeeded"><skipped type="Skipped" message="This test was disabled."/></testcase><testcase time="0" classname="p2.S8.SomeLongLongLongLongLongTestName_366" name="Run 0" assertions="3 total, 0 failed, 3 succeeded"><skipped type="Skipped" message="This test was disabled."/></testcase><testcase time="0" classname="p2.S8.SomeLongLongLongLongLongTestName_367" name="Run 0" assertions="3 total, 0 failed, 3 succeeded"><skipped type="Skipped" message="This test was disabled."/></testcase><testcase time="0" classname="p2.S8.SomeLongLongLongLongLongTestName_368" name="Run 0" assertions="3 total, 0 failed, 3 succeeded"><skipped type="Skipped" message="This test was disabled."/></testcase><testcase time="0" classname="p2.S8.SomeLongLongLongLongLongTestName_369" name="Run 0" assertions="3 total, 0 failed, 3 succeeded"><skipped type="Skipped" message="This test was disabled."/></testcase><testcase time="0" classname="p2.S8.SomeLongLongLongLongLongTestName_370" name="Run 0" assertions="3 total, 0 failed, 3 succeeded"><skipped type="Skipped" message="This test was disabled."/></testcase><testcase time="0" classname="p2.S8.SomeLongLongLongLongLongTestName_371" name="Run 0" assertions="3 total, 0 failed, 3 succeeded"><skipped type="Skipped" message="This test was disabled."/></testcase><testcase time="0" classname="p2.S8.SomeLongLongLongLongLongTestName_372" name="Run 0" assertions="3 total, 0 failed, 3 succeeded"><skipped type="Skipped" message="This test was disabled."/></testcase><testcase time="0" classname="p2.S8.SomeLongLongLongLongLongTestName_373" name="Run 0" assertions="3 total, 0 failed, 3 succeeded"><skipped type="Skipped" message="This test was disabled."/></testcase><testcase time="0" classname="p2.S8.SomeLongLongLongLongLongTestName_374" name="Run 0" assertions="3 total, 0 failed, 3 succeeded"><skipped type="Skipped" message="This test was disabled."/></testcase><testcase time="0" classname="p2.S8.SomeLongLongLongLongLongTestName_375" name="Run 0" assertions="3 total, 0 failed, 3 succeeded"><skipped type="Skipped" message="This test was disabled."/></testcase><testcase time="0" classname="p2.S8.SomeLongLongLongLongLongTestName_376" name="Run 0" assertions="3 total, 0 failed, 3 succeeded"><skipped type="Skipped" message="This test was disabled."/></testcase><testcase time="0" classname="p2.S8.SomeLongLongLongLongLongTestName_377" name="Run 0" assertions="3 total, 0 failed, 3 succeeded"><skipped type="Skipped" message="This test was disabled."/></testcase><testcase time="0" classname="p2.S8.SomeLongLongLongLongLongTestName_378" name="Run 0" assertions="3 total, 0 failed, 3 succeeded"><skipped type="Skipped" message="This test was disabled."/></testcase><testcase time="0" classname="p2.S8.SomeLongLongLongLongLongTestName_379" name="Run 0" assertions="3 total, 0 failed, 3 succeeded"><skipped type="Skipped" message="This test was disabled."/></testcase><testcase time="0" classname="p2.S8.SomeLongLongLongLongLongTestName_380" name="Run 0" assertions="3 total, 0 failed, 3 succeeded"><skipped type="Skipped" message="This test was disabled."/></testcase><testcase time="0" classname="p2.S8.SomeLongLongLongLongLongTestName_381" name="Run 0" assertions="3 total, 0 failed, 3 succeeded"><skipped type="Skipped" message="This test was disabled."/></testcase><testcase time="0" classname="p2.S8.SomeLongLongLongLongLongTestName_382" name="Run 0" assertions="3 total, 0 failed, 3 succeeded"><skipped type="Skipped" message="This test was disabled."/></testcase><testcase time="0" classname="p2.S8.SomeLongLongLongLongLongTestName_383" name="Run 0" assertions="3 total, 0 failed, 3 succeeded"><skipped type="Skipped" message="This test was disabled."/></testcase><testcase time="0" classname="p2.S8.SomeLongLongLongLongLongTestName_384" name="Run 0" assertions="3 total, 0 failed, 3 succeeded"><skipped type="Skipped" message="This test was disabled."/></testcase><testcase time="0" classname="p2.S8.SomeLongLongLongLongLongTestName_385" name="Run 0" assertions="3 total, 0 failed, 3 succeeded"><skipped type="Skipped" message="This test was disabled."/></testcase><testcase time="0" classname="p2.S8.SomeLongLongLongLongLongTestName_386" name="Run 0" assertions="3 total, 0 failed, 3 succeeded"><skipped type="Skipped" message="This test was disabled."/></testcase><testcase time="0" classname="p2.S8.SomeLongLongLongLongLongTestName_387" name="Run 0" assertions="3 total, 0 failed, 3 succeeded"><skipped type="Skipped" message="This test was disabled."/></testcase><testcase time="0" classname="p2.S8.SomeLongLongLongLongLongTestName_388" name="Run 0" assertions="3 total, 0 failed, 3 succeeded"><skipped type="Skipped" message="This test was disabled."/></testcase><testcase time="0" classname="p2.S8.SomeLongLongLongLongLongTestName_389" name="Run 0" assertions="3 total, 0 failed, 3 succeeded"><skipped type="Skipped" message="This test was disabled."/></testcase><testcase time="0" classname="p2.S8.SomeLongLongLongLongLongTestName_390" name="Run 0" assertions="3 total, 0 failed, 3 succeeded"><skipped type="Skipped" message="This test was disabled."/></testcase><testcase time="0" classname="p2.S8.SomeLongLongLongLongLongTestName_391" name="Run 0" assertions="3 total, 0 failed, 3 succeeded"><skipped type="Skipped" message="This test was disabled."/></testcase><testcase time="0" classname="p2.S8.SomeLongLongLongLongLongTestName_392" name="Run 0" assertions="3 total, 0 failed, 3 succeeded"><skipped type="Skipped" message="This test was disabled."/></testcase><testcase time="0" classname="p2.S8.SomeLongLongLongLongLongTestName_393" name="Run 0" assertions="3 total, 0 failed, 3 succeeded"><skipped type="Skipped" message="This test was disabled."/></testcase><testcase time="0" classname="p2.S8.SomeLongLongLongLongLongTestName_394" name="Run 0" assertions="3 total, 0 failed, 3 succeeded"><skipped type="Skipped" message="This test was disabled."/></testcase><testcase time="0" classname="p2.S8.SomeLongLongLongLongLongTestName_395" name="Run 0" assertions="3 total, 0 failed, 3 succeeded"><skipped type="Skipped" message="This test was disabled."/></testcase><testcase time="0" classname="p2.S8.SomeLongLongLongLongLongTestName_396" name="Run 0" assertions="3 total, 0 failed, 3 succeeded"><skipped type="Skipped" message="This test was disabled."/></testcase><testcase time="0" classname="p2.S8.SomeLongLongLongLongLongTestName_397" name="Run 0" assertions="3 total, 0 failed, 3 succeeded"><skipped type="Skipped" message="This test was disabled."/></testcase><testcase time="0" classname="p2.S8.SomeLongLongLongLongLongTestName_398" name="Run 0" assertions="3 total, 0 failed, 3 succeeded"><skipped type="Skipped" message="This test was disabled."/></testcase><testcase time="0" classname="p2.S8.SomeLongLongLongLongLongTestName_399" name="Run 0" assertions="3 total, 0 failed, 3 succeeded"><skipped type="Skipped" message="This test was disabled."/></testcase><testcase time="0" classname="p2.S8.SomeLongLongLongLongLongTestName_400" name="Run 0" assertions="3 total, 0 failed, 3 succeeded"><skipped type="Skipped" message="This test was disabled."/></testcase><testcase time="0" classname="p2.S8.SomeLongLongLongLongLongTestName_401" name="Run 0" assertions="3 total, 0 failed, 3 succeeded"><skipped type="Skipped" message="This test was disabled."/></testcase><testcase time="0" classname="p2.S8.SomeLongLongLongLongLongTestName_402" name="Run 0" assertions="3 total, 0 failed, 3 succeeded"><skipped type="Skipped" message="This test was disabled."/></testcase><testcase time="0" classname="p2.S8.SomeLongLongLongLongLongTestName_403" name="Run 0" assertions="3 total, 0 failed, 3 succeeded"><skipped type="Skipped" message="This test was disabled."/></testcase><testcase time="0" classname="p2.S8.SomeLongLongLongLongLongTestName_404" name="Run 0" assertions="3 total, 0 failed, 3 succeeded"><skipped type="Skipped" message="This test was disabled."/></testcase><testcase time="0" classname="p2.S8.SomeLongLongLongLongLongTestName_405" name="Run 0" assertions="3 total, 0 failed, 3 succeeded"><skipped type="Skipped" message="This test was disabled."/></testcase><testcase time="0" classname="p2.S8.SomeLongLongLongLongLongTestName_406" name="Run 0" assertions="3 total, 0 failed, 3 succeeded"><skipped type="Skipped" message="This test was disabled."/></testcase><testcase time="0" classname="p2.S8.SomeLongLongLongLongLongTestName_407" name="Run 0" assertions="3 total, 0 failed, 3 succeeded"><skipped type="Skipped" message="This test was disabled."/></testcase><testcase time="0" classname="p2.S8.SomeLongLongLongLongLongTestName_408" name="Run 0" assertions="3 total, 0 failed, 3 succeeded"><skipped type="Skipped" message="This test was disabled."/></testcase><testcase time="0" classname="p2.S8.SomeLongLongLongLongLongTestName_409" name="Run 0" assertions="3 total, 0 failed, 3 succeeded"><skipped type="Skipped" message="This test was disabled."/></testcase><testcase time="0" classname="p2.S8.SomeLongLongLongLongLongTestName_410" name="Run 0" assertions="3 total, 0 failed, 3 succeeded"><skipped type="Skipped" message="This test was disabled."/></testcase><testcase time="0" classname="p2.S8.SomeLongLongLongLongLongTestName_411" name="Run 0" assertions="3 total, 0 failed, 3 succeeded"><skipped type="Skipped" message="This test was disabled."/></testcase><testcase time="0" classname="p2.S8.SomeLongLongLongLongLongTestName_412" name="Run 0" assertions="3 total, 0 failed, 3 succeeded"><skipped type="Skipped" message="This test was disabled."/></testcase><testcase time="0" classname="p2.S8.SomeLongLongLongLongLongTestName_413" name="Run 0" assertions="3 total, 0 failed, 3 succeeded"><skipped type="Skipped" message="This test was disabled."/></testcase><testcase time="0" classname="p2.S8.SomeLongLongLongLongLongTestName_414" name="Run 0" assertions="3 total, 0 failed, 3 succeeded"><skipped type="Skipped" message="This test was disabled."/></testcase><testcase time="0" classname="p2.S8.SomeLongLongLongLongLongTestName_415" name="Run 0" assertions="3 total, 0 failed, 3 succeeded"><skipped type="Skipped" message="This test was disabled."/></testcase><testcase time="0" classname="p2.S8.SomeLongLongLongLongLongTestName_416" name="Run 0" assertions="3 total, 0 failed, 3 succeeded"><skipped type="Skipped" message="This test was disabled."/></testcase><testcase time="0" classname="p2.S8.SomeLongLongLongLongLongTestName_417" name="Run 0" assertions="3 total, 0 failed, 3 succeeded"><skipped type="Skipped" message="This test was disabled."/></testcase><testcase time="0" classname="p2.S8.SomeLongLongLongLongLongTestName_418" name="Run 0" assertions="3 total, 0 failed, 3 succeeded"><skipped type="Skipped" message="This test was disabled."/></testcase><testcase time="0" classname="p2.S8.SomeLongLongLongLongLongTestName_419" name="Run 0" assertions="3 total, 0 failed, 3 succeeded"><skipped type="Skipped" message="This test was disabled."/></testcase><testcase time="0" classname="p2.S8.SomeLongLongLongLongLongTestName_420" name="Run 0" assertions="3 total, 0 failed, 3 succeeded"><skipped type="Skipped" message="This test was disabled."/></testcase><testcase time="-7925.975028219658" classname="p2.S9.SomeLongLongLongLongLongTestName_0" name="Run 0" assertions="3 total, 0 failed, 3 succeeded">
                          <properties>
                          <property name="prop1" value="value1" />
                          <property name="multiline">
                              Config line 1
                              Config line 2
                              Config line 3
                          </property>
                        </properties>
                        <failure message="failure message 0" type="Failure"/><system-out>This is stdout
[[ATTACHMENT|attachment.txt]]
</system-out><system-err>This is stderr
[[ATTACHMENT|attachment.txt]]
</system-err></testcase><testcase time="-5765.868118067934" classname="p2.S9.SomeLongLongLongLongLongTestName_1" name="Run 0" assertions="3 total, 0 failed, 3 succeeded"/><testcase time="-1627.2573791658253" classname="p2.S9.SomeLongLongLongLongLongTestName_2" name="Run 0" assertions="3 total, 0 failed, 3 succeeded"/><testcase time="-4580.240740535366" classname="p2.S9.SomeLongLongLongLongLongTestName_3" name="Run 0" assertions="3 total, 0 failed, 3 succeeded"/><testcase time="-6511.879219642767" classname="p2.S9.SomeLongLongLongLongLongTestName_4" name="Run 0" assertions="3 total, 0 failed, 3 succeeded"/><testcase time="-6936.314645887921" classname="p2.S9.SomeLongLongLongLongLongTestName_5" name="Run 0" assertions="3 total, 0 failed, 3 succeeded"/><testcase time="-7979.423902453409" classname="p2.S9.SomeLongLongLongLongLongTestName_6" name="Run 0" assertions="3 total, 0 failed, 3 succeeded"/><testcase time="-8714.2845824677" classname="p2.S9.SomeLongLongLongLongLongTestName_7" name="Run 0" assertions="3 total, 0 failed, 3 succeeded"/><testcase time="-8609.608429225229" classname="p2.S9.SomeLongLongLongLongLongTestName_8" name="Run 0" assertions="3 total, 0 failed, 3 succeeded"/><testcase time="-8634.438866090235" classname="p2.S9.SomeLongLongLongLongLongTestName_9" name="Run 0" assertions="3 total, 0 failed, 3 succeeded"/><testcase time="-2916.27744001969" classname="p2.S9.SomeLongLongLongLongLongTestName_10" name="Run 0" assertions="3 total, 0 failed, 3 succeeded"/><testcase time="-7410.240856622193" classname="p2.S9.SomeLongLongLongLongLongTestName_11" name="Run 0" assertions="3 total, 0 failed, 3 succeeded"/><testcase time="-5261.026575718449" classname="p2.S9.SomeLongLongLongLongLongTestName_12" name="Run 0" assertions="3 total, 0 failed, 3 succeeded"/><testcase time="-5713.174323448349" classname="p2.S9.SomeLongLongLongLongLongTestName_13" name="Run 0" assertions="3 total, 0 failed, 3 succeeded"/><testcase time="-8809.024249565236" classname="p2.S9.SomeLongLongLongLongLongTestName_14" name="Run 0" assertions="3 total, 0 failed, 3 succeeded"/><testcase time="-2466.423855346937" classname="p2.S9.SomeLongLongLongLongLongTestName_15" name="Run 0" assertions="3 total, 0 failed, 3 succeeded"/><testcase time="-8213.006327088131" classname="p2.S9.SomeLongLongLongLongLongTestName_16" name="Run 0" assertions="3 total, 0 failed, 3 succeeded"/><testcase time="-5866.445204070276" classname="p2.S9.SomeLongLongLongLongLongTestName_17" name="Run 0" assertions="3 total, 0 failed, 3 succeeded"/><testcase time="-641.1642116935182" classname="p2.S9.SomeLongLongLongLongLongTestName_18" name="Run 0" assertions="3 total, 0 failed, 3 succeeded"/><testcase time="-6930.182825133813" classname="p2.S9.SomeLongLongLongLongLongTestName_19" name="Run 0" assertions="3 total, 0 failed, 3 succeeded"/><testcase time="-2620.255938328492" classname="p2.S9.SomeLongLongLongLongLongTestName_20" name="Run 0" assertions="3 total, 0 failed, 3 succeeded"/><testcase time="-7510.611539202878" classname="p2.S9.SomeLongLongLongLongLongTestName_21" name="Run 0" assertions="3 total, 0 failed, 3 succeeded"/><testcase time="-3840.3365445166614" classname="p2.S9.SomeLongLongLongLongLongTestName_22" name="Run 0" assertions="3 total, 0 failed, 3 succeeded"/><testcase time="-2641.110437063973" classname="p2.S9.SomeLongLongLongLongLongTestName_23" name="Run 0" assertions="3 total, 0 failed, 3 succeeded"/><testcase time="-5033.868934946282" classname="p2.S9.SomeLongLongLongLongLongTestName_24" name="Run 0" assertions="3 total, 0 failed, 3 succeeded"/><testcase time="-7675.2524222644815" classname="p2.S9.SomeLongLongLongLongLongTestName_25" name="Run 0" assertions="3 total, 0 failed, 3 succeeded"/><testcase time="-9758.808222532898" classname="p2.S9.SomeLongLongLongLongLongTestName_26" name="Run 0" assertions="3 total, 0 failed, 3 succeeded"/><testcase time="-7194.725218595335" classname="p2.S9.SomeLongLongLongLongLongTestName_27" name="Run 0" assertions="3 total, 0 failed, 3 succeeded"/><testcase time="-7457.956904585955" classname="p2.S9.SomeLongLongLongLongLongTestName_28" name="Run 0" assertions="3 total, 0 failed, 3 succeeded"/><testcase time="-6718.862486693729" classname="p2.S9.SomeLongLongLongLongLongTestName_29" name="Run 0" assertions="3 total, 0 failed, 3 succeeded"/><testcase time="-7456.119698646891" classname="p2.S9.SomeLongLongLongLongLongTestName_30" name="Run 0" assertions="3 total, 0 failed, 3 succeeded"/><testcase time="-1231.202416682755" classname="p2.S9.SomeLongLongLongLongLongTestName_31" name="Run 0" assertions="3 total, 0 failed, 3 succeeded"/><testcase time="-9711.915759196649" classname="p2.S9.SomeLongLongLongLongLongTestName_32" name="Run 0" assertions="3 total, 0 failed, 3 succeeded"/><testcase time="-8782.24349147439" classname="p2.S9.SomeLongLongLongLongLongTestName_33" name="Run 0" assertions="3 total, 0 failed, 3 succeeded"/><testcase time="-6154.7569089712315" classname="p2.S9.SomeLongLongLongLongLongTestName_34" name="Run 0" assertions="3 total, 0 failed, 3 succeeded"/><testcase time="-253.03554467224217" classname="p2.S9.SomeLongLongLongLongLongTestName_35" name="Run 0" assertions="3 total, 0 failed, 3 succeeded"/><testcase time="-6644.561065916269" classname="p2.S9.SomeLongLongLongLongLongTestName_36" name="Run 0" assertions="3 total, 0 failed, 3 succeeded"/><testcase time="-3376.0466593225087" classname="p2.S9.SomeLongLongLongLongLongTestName_37" name="Run 0" assertions="3 total, 0 failed, 3 succeeded"/><testcase time="-5393.884059963763" classname="p2.S9.SomeLongLongLongLongLongTestName_38" name="Run 0" assertions="3 total, 0 failed, 3 succeeded"/><testcase time="-9454.93445073629" classname="p2.S9.SomeLongLongLongLongLongTestName_39" name="Run 0" assertions="3 total, 0 failed, 3 succeeded"/><testcase time="-4747.155656268049" classname="p2.S9.SomeLongLongLongLongLongTestName_40" name="Run 0" assertions="3 total, 0 failed, 3 succeeded"/><testcase time="-6185.664860875228" classname="p2.S9.SomeLongLongLongLongLongTestName_41" name="Run 0" assertions="3 total, 0 failed, 3 succeeded"/><testcase time="-9656.163478554943" classname="p2.S9.SomeLongLongLongLongLongTestName_42" name="Run 0" assertions="3 total, 0 failed, 3 succeeded"/><testcase time="-4613.434697132467" classname="p2.S9.SomeLongLongLongLongLongTestName_43" name="Run 0" assertions="3 total, 0 failed, 3 succeeded"/><testcase time="-1710.335478556155" classname="p2.S9.SomeLongLongLongLongLongTestName_44" name="Run 0" assertions="3 total, 0 failed, 3 succeeded"/><testcase time="-4297.560211458104" classname="p2.S9.SomeLongLongLongLongLongTestName_45" name="Run 0" assertions="3 total, 0 failed, 3 succeeded"/><testcase time="-3123.554865278522" classname="p2.S9.SomeLongLongLongLongLongTestName_46" name="Run 0" assertions="3 total, 0 failed, 3 succeeded"/><testcase time="-8176.680261811656" classname="p2.S9.SomeLongLongLongLongLongTestName_47" name="Run 0" assertions="3 total, 0 failed, 3 succeeded"/><testcase time="-3979.6656249615176" classname="p2.S9.SomeLongLongLongLongLongTestName_48" name="Run 0" assertions="3 total, 0 failed, 3 succeeded"/><testcase time="-3489.386518510788" classname="p2.S9.SomeLongLongLongLongLongTestName_49" name="Run 0" assertions="3 total, 0 failed, 3 succeeded"/><testcase time="-6471.674143177191" classname="p2.S9.SomeLongLongLongLongLongTestName_50" name="Run 0" assertions="3 total, 0 failed, 3 succeeded"/><testcase time="-9257.612477121673" classname="p2.S9.SomeLongLongLongLongLongTestName_51" name="Run 0" assertions="3 total, 0 failed, 3 succeeded"/><testcase time="-2344.322342332248" classname="p2.S9.SomeLongLongLongLongLongTestName_52" name="Run 0" assertions="3 total, 0 failed, 3 succeeded"/><testcase time="-6854.317784523593" classname="p2.S9.SomeLongLongLongLongLongTestName_53" name="Run 0" assertions="3 total, 0 failed, 3 succeeded"/><testcase time="-5630.800262268363" classname="p2.S9.SomeLongLongLongLongLongTestName_54" name="Run 0" assertions="3 total, 0 failed, 3 succeeded"/><testcase time="-284.2552063246172" classname="p2.S9.SomeLongLongLongLongLongTestName_55" name="Run 0" assertions="3 total, 0 failed, 3 succeeded"/><testcase time="-4027.7918399640816" classname="p2.S9.SomeLongLongLongLongLongTestName_56" name="Run 0" assertions="3 total, 0 failed, 3 succeeded"/><testcase time="-5441.667163577121" classname="p2.S9.SomeLongLongLongLongLongTestName_57" name="Run 0" assertions="3 total, 0 failed, 3 succeeded"/><testcase time="-2320.9420749198157" classname="p2.S9.SomeLongLongLongLongLongTestName_58" name="Run 0" assertions="3 total, 0 failed, 3 succeeded"/><testcase time="-5284.3382891709725" classname="p2.S9.SomeLongLongLongLongLongTestName_59" name="Run 0" assertions="3 total, 0 failed, 3 succeeded"/><testcase time="-4804.058978385879" classname="p2.S9.SomeLongLongLongLongLongTestName_60" name="Run 0" assertions="3 total, 0 failed, 3 succeeded"/><testcase time="-3566.1227646255356" classname="p2.S9.SomeLongLongLongLongLongTestName_61" name="Run 0" assertions="3 total, 0 failed, 3 succeeded"/><testcase time="-1215.3962517583261" classname="p2.S9.SomeLongLongLongLongLongTestName_62" name="Run 0" assertions="3 total, 0 failed, 3 succeeded"/><testcase time="-8801.59239535996" classname="p2.S9.SomeLongLongLongLongLongTestName_63" name="Run 0" assertions="3 total, 0 failed, 3 succeeded"/><testcase time="-5944.045608116386" classname="p2.S9.SomeLongLongLongLongLongTestName_64" name="Run 0" assertions="3 total, 0 failed, 3 succeeded"/><testcase time="-878.3836822647138" classname="p2.S9.SomeLongLongLongLongLongTestName_65" name="Run 0" assertions="3 total, 0 failed, 3 succeeded"/><testcase time="-3859.2093517395597" classname="p2.S9.SomeLongLongLongLongLongTestName_66" name="Run 0" assertions="3 total, 0 failed, 3 succeeded"/><testcase time="-529.2038128107338" classname="p2.S9.SomeLongLongLongLongLongTestName_67" name="Run 0" assertions="3 total, 0 failed, 3 succeeded"/><testcase time="-4420.824633266029" classname="p2.S9.SomeLongLongLongLongLongTestName_68" name="Run 0" assertions="3 total, 0 failed, 3 succeeded"/><testcase time="-6592.103239536615" classname="p2.S9.SomeLongLongLongLongLongTestName_69" name="Run 0" assertions="3 total, 0 failed, 3 succeeded"/><testcase time="-5083.097665167182" classname="p2.S9.SomeLongLongLongLongLongTestName_70" name="Run 0" assertions="3 total, 0 failed, 3 succeeded"/><testcase time="-8035.351426383988" classname="p2.S9.SomeLongLongLongLongLongTestName_71" name="Run 0" assertions="3 total, 0 failed, 3 succeeded"/><testcase time="-8103.485390672802" classname="p2.S9.SomeLongLongLongLongLongTestName_72" name="Run 0" assertions="3 total, 0 failed, 3 succeeded"/><testcase time="-8133.352114202738" classname="p2.S9.SomeLongLongLongLongLongTestName_73" name="Run 0" assertions="3 total, 0 failed, 3 succeeded"/><testcase time="-8927.680854580187" classname="p2.S9.SomeLongLongLongLongLongTestName_74" name="Run 0" assertions="3 total, 0 failed, 3 succeeded"/><testcase time="-1559.6808335400053" classname="p2.S9.SomeLongLongLongLongLongTestName_75" name="Run 0" assertions="3 total, 0 failed, 3 succeeded"/><testcase time="-3860.3629358774583" classname="p2.S9.SomeLongLongLongLongLongTestName_76" name="Run 0" assertions="3 total, 0 failed, 3 succeeded"/><testcase time="-9502.503197795122" classname="p2.S9.SomeLongLongLongLongLongTestName_77" name="Run 0" assertions="3 total, 0 failed, 3 succeeded"/><testcase time="-9247.986403803363" classname="p2.S9.SomeLongLongLongLongLongTestName_78" name="Run 0" assertions="3 total, 0 failed, 3 succeeded"/><testcase time="-6530.3995780152245" classname="p2.S9.SomeLongLongLongLongLongTestName_79" name="Run 0" assertions="3 total, 0 failed, 3 succeeded"/><testcase time="-5080.296173946848" classname="p2.S9.SomeLongLongLongLongLongTestName_80" name="Run 0" assertions="3 total, 0 failed, 3 succeeded"/><testcase time="-2864.6130884038903" classname="p2.S9.SomeLongLongLongLongLongTestName_81" name="Run 0" assertions="3 total, 0 failed, 3 succeeded"/><testcase time="-1590.7440894210642" classname="p2.S9.SomeLongLongLongLongLongTestName_82" name="Run 0" assertions="3 total, 0 failed, 3 succeeded"/><testcase time="-4633.67273020077" classname="p2.S9.SomeLongLongLongLongLongTestName_83" name="Run 0" assertions="3 total, 0 failed, 3 succeeded"/><testcase time="-2387.0676328970526" classname="p2.S9.SomeLongLongLongLongLongTestName_84" name="Run 0" assertions="3 total, 0 failed, 3 succeeded"/><testcase time="-3891.4508248699835" classname="p2.S9.SomeLongLongLongLongLongTestName_85" name="Run 0" assertions="3 total, 0 failed, 3 succeeded"/><testcase time="-7468.53875740227" classname="p2.S9.SomeLongLongLongLongLongTestName_86" name="Run 0" assertions="3 total, 0 failed, 3 succeeded"/><testcase time="-2398.368084143697" classname="p2.S9.SomeLongLongLongLongLongTestName_87" name="Run 0" assertions="3 total, 0 failed, 3 succeeded"/><testcase time="-7562.816617886304" classname="p2.S9.SomeLongLongLongLongLongTestName_88" name="Run 0" assertions="3 total, 0 failed, 3 succeeded"/><testcase time="-4154.378922469836" classname="p2.S9.SomeLongLongLongLongLongTestName_89" name="Run 0" assertions="3 total, 0 failed, 3 succeeded"/><testcase time="-3314.392633911221" classname="p2.S9.SomeLongLongLongLongLongTestName_90" name="Run 0" assertions="3 total, 0 failed, 3 succeeded"/><testcase time="-1191.3074929039717" classname="p2.S9.SomeLongLongLongLongLongTestName_91" name="Run 0" assertions="3 total, 0 failed, 3 succeeded"/><testcase time="-9047.753049065435" classname="p2.S9.SomeLongLongLongLongLongTestName_92" name="Run 0" assertions="3 total, 0 failed, 3 succeeded"/><testcase time="-8111.795438674753" classname="p2.S9.SomeLongLongLongLongLongTestName_93" name="Run 0" assertions="3 total, 0 failed, 3 succeeded"/><testcase time="-3533.717366436507" classname="p2.S9.SomeLongLongLongLongLongTestName_94" name="Run 0" assertions="3 total, 0 failed, 3 succeeded"/><testcase time="-6038.231863535343" classname="p2.S9.SomeLongLongLongLongLongTestName_95" name="Run 0" assertions="3 total, 0 failed, 3 succeeded"/><testcase time="-4279.539437161811" classname="p2.S9.SomeLongLongLongLongLongTestName_96" name="Run 0" assertions="3 total, 0 failed, 3 succeeded"/><testcase time="-6155.913749450096" classname="p2.S9.SomeLongLongLongLongLongTestName_97" name="Run 0" assertions="3 total, 0 failed, 3 succeeded"/><testcase time="-1847.2489950940812" classname="p2.S9.SomeLongLongLongLongLongTestName_98" name="Run 0" assertions="3 total, 0 failed, 3 succeeded"/><testcase time="-7760.717353168236" classname="p2.S9.SomeLongLongLongLongLongTestName_99" name="Run 0" assertions="3 total, 0 failed, 3 succeeded"/><testcase time="-5559.238910221131" classname="p2.S9.SomeLongLongLongLongLongTestName_100" name="Run 0" assertions="3 total, 0 failed, 3 succeeded"/><testcase time="-7187.931492144795" classname="p2.S9.SomeLongLongLongLongLongTestName_101" name="Run 0" assertions="3 total, 0 failed, 3 succeeded"/><testcase time="-2947.0546538790013" classname="p2.S9.SomeLongLongLongLongLongTestName_102" name="Run 0" assertions="3 total, 0 failed, 3 succeeded"/><testcase time="-6654.813412617494" classname="p2.S9.SomeLongLongLongLongLongTestName_103" name="Run 0" assertions="3 total, 0 failed, 3 succeeded"/><testcase time="-8563.028307138682" classname="p2.S9.SomeLongLongLongLongLongTestName_104" name="Run 0" assertions="3 total, 0 failed, 3 succeeded"/><testcase time="-4876.120057767714" classname="p2.S9.SomeLongLongLongLongLongTestName_105" name="Run 0" assertions="3 total, 0 failed, 3 succeeded"/><testcase time="-9648.786923420319" classname="p2.S9.SomeLongLongLongLongLongTestName_106" name="Run 0" assertions="3 total, 0 failed, 3 succeeded"/><testcase time="-3137.3919849726635" classname="p2.S9.SomeLongLongLongLongLongTestName_107" name="Run 0" assertions="3 total, 0 failed, 3 succeeded"/><testcase time="-9510.826749136088" classname="p2.S9.SomeLongLongLongLongLongTestName_108" name="Run 0" assertions="3 total, 0 failed, 3 succeeded"/><testcase time="-9348.358318349943" classname="p2.S9.SomeLongLongLongLongLongTestName_109" name="Run 0" assertions="3 total, 0 failed, 3 succeeded"/><testcase time="-8322.77585504454" classname="p2.S9.SomeLongLongLongLongLongTestName_110" name="Run 0" assertions="3 total, 0 failed, 3 succeeded"/><testcase time="-5295.505152037462" classname="p2.S9.SomeLongLongLongLongLongTestName_111" name="Run 0" assertions="3 total, 0 failed, 3 succeeded"/><testcase time="-4274.7256738862925" classname="p2.S9.SomeLongLongLongLongLongTestName_112" name="Run 0" assertions="3 total, 0 failed, 3 succeeded"/><testcase time="-2.6858508101675866" classname="p2.S9.SomeLongLongLongLongLongTestName_113" name="Run 0" assertions="3 total, 0 failed, 3 succeeded"/><testcase time="-1853.1431244322507" classname="p2.S9.SomeLongLongLongLongLongTestName_114" name="Run 0" assertions="3 total, 0 failed, 3 succeeded"/><testcase time="-7683.1728307449375" classname="p2.S9.SomeLongLongLongLongLongTestName_115" name="Run 0" assertions="3 total, 0 failed, 3 succeeded"/><testcase time="-8459.78186006069" classname="p2.S9.SomeLongLongLongLongLongTestName_116" name="Run 0" assertions="3 total, 0 failed, 3 succeeded"/><testcase time="-7652.079304863572" classname="p2.S9.SomeLongLongLongLongLongTestName_117" name="Run 0" assertions="3 total, 0 failed, 3 succeeded"/><testcase time="-3948.6736768977344" classname="p2.S9.SomeLongLongLongLongLongTestName_118" name="Run 0" assertions="3 total, 0 failed, 3 succeeded"/><testcase time="-6229.739142834166" classname="p2.S9.SomeLongLongLongLongLongTestName_119" name="Run 0" assertions="3 total, 0 failed, 3 succeeded"/><testcase time="-530.1713326032228" classname="p2.S9.SomeLongLongLongLongLongTestName_120" name="Run 0" assertions="3 total, 0 failed, 3 succeeded"/><testcase time="-2049.5205642641063" classname="p2.S9.SomeLongLongLongLongLongTestName_121" name="Run 0" assertions="3 total, 0 failed, 3 succeeded"/><testcase time="-9034.024123075782" classname="p2.S9.SomeLongLongLongLongLongTestName_122" name="Run 0" assertions="3 total, 0 failed, 3 succeeded"/><testcase time="-4468.844225784093" classname="p2.S9.SomeLongLongLongLongLongTestName_123" name="Run 0" assertions="3 total, 0 failed, 3 succeeded"/><testcase time="-3248.471370464231" classname="p2.S9.SomeLongLongLongLongLongTestName_124" name="Run 0" assertions="3 total, 0 failed, 3 succeeded"/><testcase time="-7950.577412295693" classname="p2.S9.SomeLongLongLongLongLongTestName_125" name="Run 0" assertions="3 total, 0 failed, 3 succeeded"/><testcase time="-6736.8065181817265" classname="p2.S9.SomeLongLongLongLongLongTestName_126" name="Run 0" assertions="3 total, 0 failed, 3 succeeded"/><testcase time="-7150.160369023289" classname="p2.S9.SomeLongLongLongLongLongTestName_127" name="Run 0" assertions="3 total, 0 failed, 3 succeeded"/><testcase time="-6276.260144472796" classname="p2.S9.SomeLongLongLongLongLongTestName_128" name="Run 0" assertions="3 total, 0 failed, 3 succeeded"/><testcase time="-4487.40840456694" classname="p2.S9.SomeLongLongLongLongLongTestName_129" name="Run 0" assertions="3 total, 0 failed, 3 succeeded"/><testcase time="-5278.057746382508" classname="p2.S9.SomeLongLongLongLongLongTestName_130" name="Run 0" assertions="3 total, 0 failed, 3 succeeded"/><testcase time="-7886.4357611825" classname="p2.S9.SomeLongLongLongLongLongTestName_131" name="Run 0" assertions="3 total, 0 failed, 3 succeeded"/><testcase time="-7331.573687550173" classname="p2.S9.SomeLongLongLongLongLongTestName_132" name="Run 0" assertions="3 total, 0 failed, 3 succeeded"/><testcase time="-2010.1767383713318" classname="p2.S9.SomeLongLongLongLongLongTestName_133" name="Run 0" assertions="3 total, 0 failed, 3 succeeded"/><testcase time="-2879.2740783522427" classname="p2.S9.SomeLongLongLongLongLongTestName_134" name="Run 0" assertions="3 total, 0 failed, 3 succeeded"/><testcase time="-9599.161741756689" classname="p2.S9.SomeLongLongLongLongLongTestName_135" name="Run 0" assertions="3 total, 0 failed, 3 succeeded"/><testcase time="-8591.752565155153" classname="p2.S9.SomeLongLongLongLongLongTestName_136" name="Run 0" assertions="3 total, 0 failed, 3 succeeded"/><testcase time="-2718.9305532795993" classname="p2.S9.SomeLongLongLongLongLongTestName_137" name="Run 0" assertions="3 total, 0 failed, 3 succeeded"/><testcase time="-1962.2092742215352" classname="p2.S9.SomeLongLongLongLongLongTestName_138" name="Run 0" assertions="3 total, 0 failed, 3 succeeded"/><testcase time="-4566.406779180099" classname="p2.S9.SomeLongLongLongLongLongTestName_139" name="Run 0" assertions="3 total, 0 failed, 3 succeeded"/><testcase time="-2305.3979710913422" classname="p2.S9.SomeLongLongLongLongLongTestName_140" name="Run 0" assertions="3 total, 0 failed, 3 succeeded"/><testcase time="-7621.798093297312" classname="p2.S9.SomeLongLongLongLongLongTestName_141" name="Run 0" assertions="3 total, 0 failed, 3 succeeded"/><testcase time="-1131.4728541641105" classname="p2.S9.SomeLongLongLongLongLongTestName_142" name="Run 0" assertions="3 total, 0 failed, 3 succeeded"/><testcase time="-1559.0860691451066" classname="p2.S9.SomeLongLongLongLongLongTestName_143" name="Run 0" assertions="3 total, 0 failed, 3 succeeded"/><testcase time="-8652.854464903501" classname="p2.S9.SomeLongLongLongLongLongTestName_144" name="Run 0" assertions="3 total, 0 failed, 3 succeeded"/><testcase time="-528.1874807147058" classname="p2.S9.SomeLongLongLongLongLongTestName_145" name="Run 0" assertions="3 total, 0 failed, 3 succeeded"/><testcase time="-9294.073015817754" classname="p2.S9.SomeLongLongLongLongLongTestName_146" name="Run 0" assertions="3 total, 0 failed, 3 succeeded"/><testcase time="-9796.157297788788" classname="p2.S9.SomeLongLongLongLongLongTestName_147" name="Run 0" assertions="3 total, 0 failed, 3 succeeded"/><testcase time="-9719.45380460303" classname="p2.S9.SomeLongLongLongLongLongTestName_148" name="Run 0" assertions="3 total, 0 failed, 3 succeeded"/><testcase time="-5455.197151946865" classname="p2.S9.SomeLongLongLongLongLongTestName_149" name="Run 0" assertions="3 total, 0 failed, 3 succeeded"/><testcase time="-6807.570381921475" classname="p2.S9.SomeLongLongLongLongLongTestName_150" name="Run 0" assertions="3 total, 0 failed, 3 succeeded"/><testcase time="-4109.6555028827315" classname="p2.S9.SomeLongLongLongLongLongTestName_151" name="Run 0" assertions="3 total, 0 failed, 3 succeeded"/><testcase time="-2902.4359664157446" classname="p2.S9.SomeLongLongLongLongLongTestName_152" name="Run 0" assertions="3 total, 0 failed, 3 succeeded"/><testcase time="-6382.257235011465" classname="p2.S9.SomeLongLongLongLongLongTestName_153" name="Run 0" assertions="3 total, 0 failed, 3 succeeded"/><testcase time="-2548.7484707231415" classname="p2.S9.SomeLongLongLongLongLongTestName_154" name="Run 0" assertions="3 total, 0 failed, 3 succeeded"/><testcase time="-374.0854360743247" classname="p2.S9.SomeLongLongLongLongLongTestName_155" name="Run 0" assertions="3 total, 0 failed, 3 succeeded"/><testcase time="-7565.958576411489" classname="p2.S9.SomeLongLongLongLongLongTestName_156" name="Run 0" assertions="3 total, 0 failed, 3 succeeded"/><testcase time="-7276.294734566415" classname="p2.S9.SomeLongLongLongLongLongTestName_157" name="Run 0" assertions="3 total, 0 failed, 3 succeeded"/><testcase time="-8194.609696824453" classname="p2.S9.SomeLongLongLongLongLongTestName_158" name="Run 0" assertions="3 total, 0 failed, 3 succeeded"/><testcase time="-5988.128255581391" classname="p2.S9.SomeLongLongLongLongLongTestName_159" name="Run 0" assertions="3 total, 0 failed, 3 succeeded"/><testcase time="-6073.030697870727" classname="p2.S9.SomeLongLongLongLongLongTestName_160" name="Run 0" assertions="3 total, 0 failed, 3 succeeded"/><testcase time="-9882.191828529212" classname="p2.S9.SomeLongLongLongLongLongTestName_161" name="Run 0" assertions="3 total, 0 failed, 3 succeeded"/><testcase time="-6039.340649471382" classname="p2.S9.SomeLongLongLongLongLongTestName_162" name="Run 0" assertions="3 total, 0 failed, 3 succeeded"/><testcase time="-9606.633846061399" classname="p2.S9.SomeLongLongLongLongLongTestName_163" name="Run 0" assertions="3 total, 0 failed, 3 succeeded"/><testcase time="-7776.838512398079" classname="p2.S9.SomeLongLongLongLongLongTestName_164" name="Run 0" assertions="3 total, 0 failed, 3 succeeded"/><testcase time="-7218.285902954961" classname="p2.S9.SomeLongLongLongLongLongTestName_165" name="Run 0" assertions="3 total, 0 failed, 3 succeeded"/><testcase time="-9585.111992721762" classname="p2.S9.SomeLongLongLongLongLongTestName_166" name="Run 0" assertions="3 total, 0 failed, 3 succeeded"/><testcase time="-8821.99905317681" classname="p2.S9.SomeLongLongLongLongLongTestName_167" name="Run 0" assertions="3 total, 0 failed, 3 succeeded"/><testcase time="-1392.5719295784804" classname="p2.S9.SomeLongLongLongLongLongTestName_168" name="Run 0" assertions="3 total, 0 failed, 3 succeeded"/><testcase time="-8669.106356070391" classname="p2.S9.SomeLongLongLongLongLongTestName_169" name="Run 0" assertions="3 total, 0 failed, 3 succeeded"/><testcase time="-5707.026033741887" classname="p2.S9.SomeLongLongLongLongLongTestName_170" name="Run 0" assertions="3 total, 0 failed, 3 succeeded"/><testcase time="-4022.815153798025" classname="p2.S9.SomeLongLongLongLongLongTestName_171" name="Run 0" assertions="3 total, 0 failed, 3 succeeded"/><testcase time="-8233.840134999757" classname="p2.S9.SomeLongLongLongLongLongTestName_172" name="Run 0" assertions="3 total, 0 failed, 3 succeeded"/><testcase time="-2528.005452505622" classname="p2.S9.SomeLongLongLongLongLongTestName_173" name="Run 0" assertions="3 total, 0 failed, 3 succeeded"/><testcase time="-5691.52340524789" classname="p2.S9.SomeLongLongLongLongLongTestName_174" name="Run 0" assertions="3 total, 0 failed, 3 succeeded"/><testcase time="-6191.991449312909" classname="p2.S9.SomeLongLongLongLongLongTestName_175" name="Run 0" assertions="3 total, 0 failed, 3 succeeded"/><testcase time="-5661.133072169997" classname="p2.S9.SomeLongLongLongLongLongTestName_176" name="Run 0" assertions="3 total, 0 failed, 3 succeeded"/><testcase time="-2904.244542049315" classname="p2.S9.SomeLongLongLongLongLongTestName_177" name="Run 0" assertions="3 total, 0 failed, 3 succeeded"/><testcase time="-8407.786093632783" classname="p2.S9.SomeLongLongLongLongLongTestName_178" name="Run 0" assertions="3 total, 0 failed, 3 succeeded"/><testcase time="-6309.599624029196" classname="p2.S9.SomeLongLongLongLongLongTestName_179" name="Run 0" assertions="3 total, 0 failed, 3 succeeded"/><testcase time="-458.64636868264716" classname="p2.S9.SomeLongLongLongLongLongTestName_180" name="Run 0" assertions="3 total, 0 failed, 3 succeeded"/><testcase time="-4804.140823379386" classname="p2.S9.SomeLongLongLongLongLongTestName_181" name="Run 0" assertions="3 total, 0 failed, 3 succeeded"/><testcase time="-574.776703211525" classname="p2.S9.SomeLongLongLongLongLongTestName_182" name="Run 0" assertions="3 total, 0 failed, 3 succeeded"/><testcase time="-7994.3942053898245" classname="p2.S9.SomeLongLongLongLongLongTestName_183" name="Run 0" assertions="3 total, 0 failed, 3 succeeded"/><testcase time="-6494.410903522982" classname="p2.S9.SomeLongLongLongLongLongTestName_184" name="Run 0" assertions="3 total, 0 failed, 3 succeeded"/><testcase time="-4079.3453343425226" classname="p2.S9.SomeLongLongLongLongLongTestName_185" name="Run 0" assertions="3 total, 0 failed, 3 succeeded"/><testcase time="-5074.462980257862" classname="p2.S9.SomeLongLongLongLongLongTestName_186" name="Run 0" assertions="3 total, 0 failed, 3 succeeded"/><testcase time="-4199.895898446845" classname="p2.S9.SomeLongLongLongLongLongTestName_187" name="Run 0" assertions="3 total, 0 failed, 3 succeeded"/><testcase time="-1862.950955801647" classname="p2.S9.SomeLongLongLongLongLongTestName_188" name="Run 0" assertions="3 total, 0 failed, 3 succeeded"/><testcase time="-719.1348539411626" classname="p2.S9.SomeLongLongLongLongLongTestName_189" name="Run 0" assertions="3 total, 0 failed, 3 succeeded"/><testcase time="-8658.359170645052" classname="p2.S9.SomeLongLongLongLongLongTestName_190" name="Run 0" assertions="3 total, 0 failed, 3 succeeded"/><testcase time="-4925.714656453871" classname="p2.S9.SomeLongLongLongLongLongTestName_191" name="Run 0" assertions="3 total, 0 failed, 3 succeeded"/><testcase time="-2919.65261451651" classname="p2.S9.SomeLongLongLongLongLongTestName_192" name="Run 0" assertions="3 total, 0 failed, 3 succeeded"/><testcase time="-6691.112515699545" classname="p2.S9.SomeLongLongLongLongLongTestName_193" name="Run 0" assertions="3 total, 0 failed, 3 succeeded"/><testcase time="-3444.772481695121" classname="p2.S9.SomeLongLongLongLongLongTestName_194" name="Run 0" assertions="3 total, 0 failed, 3 succeeded"/><testcase time="-1428.067408941798" classname="p2.S9.SomeLongLongLongLongLongTestName_195" name="Run 0" assertions="3 total, 0 failed, 3 succeeded"/><testcase time="-7387.06987290568" classname="p2.S9.SomeLongLongLongLongLongTestName_196" name="Run 0" assertions="3 total, 0 failed, 3 succeeded"/><testcase time="-2589.42761490867" classname="p2.S9.SomeLongLongLongLongLongTestName_197" name="Run 0" assertions="3 total, 0 failed, 3 succeeded"/><testcase time="-9105.81254579715" classname="p2.S9.SomeLongLongLongLongLongTestName_198" name="Run 0" assertions="3 total, 0 failed, 3 succeeded"/><testcase time="-8589.394348932656" classname="p2.S9.SomeLongLongLongLongLongTestName_199" name="Run 0" assertions="3 total, 0 failed, 3 succeeded"/><testcase time="-8230.59584028344" classname="p2.S9.SomeLongLongLongLongLongTestName_200" name="Run 0" assertions="3 total, 0 failed, 3 succeeded"/><testcase time="-8387.760193039612" classname="p2.S9.SomeLongLongLongLongLongTestName_201" name="Run 0" assertions="3 total, 0 failed, 3 succeeded"/><testcase time="-5214.829060833173" classname="p2.S9.SomeLongLongLongLongLongTestName_202" name="Run 0" assertions="3 total, 0 failed, 3 succeeded"/><testcase time="-7513.326091352362" classname="p2.S9.SomeLongLongLongLongLongTestName_203" name="Run 0" assertions="3 total, 0 failed, 3 succeeded"/><testcase time="-4906.238011331664" classname="p2.S9.SomeLongLongLongLongLongTestName_204" name="Run 0" assertions="3 total, 0 failed, 3 succeeded"/><testcase time="-8745.008471226936" classname="p2.S9.SomeLongLongLongLongLongTestName_205" name="Run 0" assertions="3 total, 0 failed, 3 succeeded"/><testcase time="-5869.724198551906" classname="p2.S9.SomeLongLongLongLongLongTestName_206" name="Run 0" assertions="3 total, 0 failed, 3 succeeded"/><testcase time="-2610.6255064383527" classname="p2.S9.SomeLongLongLongLongLongTestName_207" name="Run 0" assertions="3 total, 0 failed, 3 succeeded"/><testcase time="-9930.56215271842" classname="p2.S9.SomeLongLongLongLongLongTestName_208" name="Run 0" assertions="3 total, 0 failed, 3 succeeded"/><testcase time="-2071.8706727673525" classname="p2.S9.SomeLongLongLongLongLongTestName_209" name="Run 0" assertions="3 total, 0 failed, 3 succeeded"/><testcase time="-655.4826493656929" classname="p2.S9.SomeLongLongLongLongLongTestName_210" name="Run 0" assertions="3 total, 0 failed, 3 succeeded"/><testcase time="-1994.1228493890164" classname="p2.S9.SomeLongLongLongLongLongTestName_211" name="Run 0" assertions="3 total, 0 failed, 3 succeeded"/><testcase time="-836.5688918216408" classname="p2.S9.SomeLongLongLongLongLongTestName_212" name="Run 0" assertions="3 total, 0 failed, 3 succeeded"/><testcase time="-9102.52856713985" classname="p2.S9.SomeLongLongLongLongLongTestName_213" name="Run 0" assertions="3 total, 0 failed, 3 succeeded"/><testcase time="-8887.886771431886" classname="p2.S9.SomeLongLongLongLongLongTestName_214" name="Run 0" assertions="3 total, 0 failed, 3 succeeded"/><testcase time="-226.15455197421267" classname="p2.S9.SomeLongLongLongLongLongTestName_215" name="Run 0" assertions="3 total, 0 failed, 3 succeeded"/><testcase time="-1807.7706272933854" classname="p2.S9.SomeLongLongLongLongLongTestName_216" name="Run 0" assertions="3 total, 0 failed, 3 succeeded"/><testcase time="-6002.902242660388" classname="p2.S9.SomeLongLongLongLongLongTestName_217" name="Run 0" assertions="3 total, 0 failed, 3 succeeded"/><testcase time="-7065.268662125445" classname="p2.S9.SomeLongLongLongLongLongTestName_218" name="Run 0" assertions="3 total, 0 failed, 3 succeeded"/><testcase time="-6658.892689259718" classname="p2.S9.SomeLongLongLongLongLongTestName_219" name="Run 0" assertions="3 total, 0 failed, 3 succeeded"/><testcase time="-9715.03083593658" classname="p2.S9.SomeLongLongLongLongLongTestName_220" name="Run 0" assertions="3 total, 0 failed, 3 succeeded"/><testcase time="-1074.4899783243568" classname="p2.S9.SomeLongLongLongLongLongTestName_221" name="Run 0" assertions="3 total, 0 failed, 3 succeeded"/><testcase time="-698.926847983097" classname="p2.S9.SomeLongLongLongLongLongTestName_222" name="Run 0" assertions="3 total, 0 failed, 3 succeeded"/><testcase time="-3645.4795394059156" classname="p2.S9.SomeLongLongLongLongLongTestName_223" name="Run 0" assertions="3 total, 0 failed, 3 succeeded"/><testcase time="-2915.171152975961" classname="p2.S9.SomeLongLongLongLongLongTestName_224" name="Run 0" assertions="3 total, 0 failed, 3 succeeded"/><testcase time="-6758.7690189233535" classname="p2.S9.SomeLongLongLongLongLongTestName_225" name="Run 0" assertions="3 total, 0 failed, 3 succeeded"/><testcase time="-799.5660419599598" classname="p2.S9.SomeLongLongLongLongLongTestName_226" name="Run 0" assertions="3 total, 0 failed, 3 succeeded"/><testcase time="-6703.51774549927" classname="p2.S9.SomeLongLongLongLongLongTestName_227" name="Run 0" assertions="3 total, 0 failed, 3 succeeded"/><testcase time="-7320.223452669299" classname="p2.S9.SomeLongLongLongLongLongTestName_228" name="Run 0" assertions="3 total, 0 failed, 3 succeeded"/><testcase time="-5418.352515043333" classname="p2.S9.SomeLongLongLongLongLongTestName_229" name="Run 0" assertions="3 total, 0 failed, 3 succeeded"/><testcase time="-2947.9043030032603" classname="p2.S9.SomeLongLongLongLongLongTestName_230" name="Run 0" assertions="3 total, 0 failed, 3 succeeded"/><testcase time="-589.9827145473199" classname="p2.S9.SomeLongLongLongLongLongTestName_231" name="Run 0" assertions="3 total, 0 failed, 3 succeeded"/><testcase time="-820.0924861225939" classname="p2.S9.SomeLongLongLongLongLongTestName_232" name="Run 0" assertions="3 total, 0 failed, 3 succeeded"/><testcase time="-2637.793177014842" classname="p2.S9.SomeLongLongLongLongLongTestName_233" name="Run 0" assertions="3 total, 0 failed, 3 succeeded"/><testcase time="-5408.465404699118" classname="p2.S9.SomeLongLongLongLongLongTestName_234" name="Run 0" assertions="3 total, 0 failed, 3 succeeded"/><testcase time="-7113.573646233141" classname="p2.S9.SomeLongLongLongLongLongTestName_235" name="Run 0" assertions="3 total, 0 failed, 3 succeeded"/><testcase time="-9509.934265968082" classname="p2.S9.SomeLongLongLongLongLongTestName_236" name="Run 0" assertions="3 total, 0 failed, 3 succeeded"/><testcase time="-8942.435798135759" classname="p2.S9.SomeLongLongLongLongLongTestName_237" name="Run 0" assertions="3 total, 0 failed, 3 succeeded"/><testcase time="-694.5977304430427" classname="p2.S9.SomeLongLongLongLongLongTestName_238" name="Run 0" assertions="3 total, 0 failed, 3 succeeded"/><testcase time="-9047.521629766834" classname="p2.S9.SomeLongLongLongLongLongTestName_239" name="Run 0" assertions="3 total, 0 failed, 3 succeeded"/><testcase time="-9640.72158677184" classname="p2.S9.SomeLongLongLongLongLongTestName_240" name="Run 0" assertions="3 total, 0 failed, 3 succeeded"/><testcase time="-6573.931710696291" classname="p2.S9.SomeLongLongLongLongLongTestName_241" name="Run 0" assertions="3 total, 0 failed, 3 succeeded"/><testcase time="-6579.079283612085" classname="p2.S9.SomeLongLongLongLongLongTestName_242" name="Run 0" assertions="3 total, 0 failed, 3 succeeded"/><testcase time="-5374.368019191089" classname="p2.S9.SomeLongLongLongLongLongTestName_243" name="Run 0" assertions="3 total, 0 failed, 3 succeeded"/><testcase time="-8908.377009474694" classname="p2.S9.SomeLongLongLongLongLongTestName_244" name="Run 0" assertions="3 total, 0 failed, 3 succeeded"/><testcase time="-1408.2937246772146" classname="p2.S9.SomeLongLongLongLongLongTestName_245" name="Run 0" assertions="3 total, 0 failed, 3 succeeded"/><testcase time="-2576.0765271102287" classname="p2.S9.SomeLongLongLongLongLongTestName_246" name="Run 0" assertions="3 total, 0 failed, 3 succeeded"/><testcase time="-9355.093987151298" classname="p2.S9.SomeLongLongLongLongLongTestName_247" name="Run 0" assertions="3 total, 0 failed, 3 succeeded"/><testcase time="-4084.8959735730086" classname="p2.S9.SomeLongLongLongLongLongTestName_248" name="Run 0" assertions="3 total, 0 failed, 3 succeeded"/><testcase time="-9173.69635281243" classname="p2.S9.SomeLongLongLongLongLongTestName_249" name="Run 0" assertions="3 total, 0 failed, 3 succeeded"/><testcase time="-8628.084754720252" classname="p2.S9.SomeLongLongLongLongLongTestName_250" name="Run 0" assertions="3 total, 0 failed, 3 succeeded"/><testcase time="-9138.082256715908" classname="p2.S9.SomeLongLongLongLongLongTestName_251" name="Run 0" assertions="3 total, 0 failed, 3 succeeded"/><testcase time="-8082.599146729648" classname="p2.S9.SomeLongLongLongLongLongTestName_252" name="Run 0" assertions="3 total, 0 failed, 3 succeeded"/><testcase time="-3248.660056218993" classname="p2.S9.SomeLongLongLongLongLongTestName_253" name="Run 0" assertions="3 total, 0 failed, 3 succeeded"/><testcase time="-2709.322530969226" classname="p2.S9.SomeLongLongLongLongLongTestName_254" name="Run 0" assertions="3 total, 0 failed, 3 succeeded"/><testcase time="-2757.0886138708142" classname="p2.S9.SomeLongLongLongLongLongTestName_255" name="Run 0" assertions="3 total, 0 failed, 3 succeeded"/><testcase time="-977.8062748069182" classname="p2.S9.SomeLongLongLongLongLongTestName_256" name="Run 0" assertions="3 total, 0 failed, 3 succeeded"/><testcase time="-805.8636968720114" classname="p2.S9.SomeLongLongLongLongLongTestName_257" name="Run 0" assertions="3 total, 0 failed, 3 succeeded"/><testcase time="-9667.842077556244" classname="p2.S9.SomeLongLongLongLongLongTestName_258" name="Run 0" assertions="3 total, 0 failed, 3 succeeded"/><testcase time="-6866.821720486107" classname="p2.S9.SomeLongLongLongLongLongTestName_259" name="Run 0" assertions="3 total, 0 failed, 3 succeeded"/><testcase time="-9228.94117144273" classname="p2.S9.SomeLongLongLongLongLongTestName_260" name="Run 0" assertions="3 total, 0 failed, 3 succeeded"/><testcase time="-9306.172462283837" classname="p2.S9.SomeLongLongLongLongLongTestName_261" name="Run 0" assertions="3 total, 0 failed, 3 succeeded"/><testcase time="-3176.654396787407" classname="p2.S9.SomeLongLongLongLongLongTestName_262" name="Run 0" assertions="3 total, 0 failed, 3 succeeded"/><testcase time="-9515.11893222344" classname="p2.S9.SomeLongLongLongLongLongTestName_263" name="Run 0" assertions="3 total, 0 failed, 3 succeeded"/><testcase time="-1717.5376923231279" classname="p2.S9.SomeLongLongLongLongLongTestName_264" name="Run 0" assertions="3 total, 0 failed, 3 succeeded"/><testcase time="-6107.171362058955" classname="p2.S9.SomeLongLongLongLongLongTestName_265" name="Run 0" assertions="3 total, 0 failed, 3 succeeded"/><testcase time="-900.5263668555049" classname="p2.S9.SomeLongLongLongLongLongTestName_266" name="Run 0" assertions="3 total, 0 failed, 3 succeeded"/><testcase time="-1550.1544134516237" classname="p2.S9.SomeLongLongLongLongLongTestName_267" name="Run 0" assertions="3 total, 0 failed, 3 succeeded"/><testcase time="-2761.299688715494" classname="p2.S9.SomeLongLongLongLongLongTestName_268" name="Run 0" assertions="3 total, 0 failed, 3 succeeded"/><testcase time="-8488.10109552289" classname="p2.S9.SomeLongLongLongLongLongTestName_269" name="Run 0" assertions="3 total, 0 failed, 3 succeeded"/><testcase time="-4834.458511630594" classname="p2.S9.SomeLongLongLongLongLongTestName_270" name="Run 0" assertions="3 total, 0 failed, 3 succeeded"/><testcase time="-1709.6443791717643" classname="p2.S9.SomeLongLongLongLongLongTestName_271" name="Run 0" assertions="3 total, 0 failed, 3 succeeded"/><testcase time="-8766.728645961723" classname="p2.S9.SomeLongLongLongLongLongTestName_272" name="Run 0" assertions="3 total, 0 failed, 3 succeeded"/><testcase time="-1615.9887571893482" classname="p2.S9.SomeLongLongLongLongLongTestName_273" name="Run 0" assertions="3 total, 0 failed, 3 succeeded"/><testcase time="-6266.306899513523" classname="p2.S9.SomeLongLongLongLongLongTestName_274" name="Run 0" assertions="3 total, 0 failed, 3 succeeded"/><testcase time="-4090.984660721557" classname="p2.S9.SomeLongLongLongLongLongTestName_275" name="Run 0" assertions="3 total, 0 failed, 3 succeeded"/><testcase time="-2561.0378502516646" classname="p2.S9.SomeLongLongLongLongLongTestName_276" name="Run 0" assertions="3 total, 0 failed, 3 succeeded"/><testcase time="-5955.203665559186" classname="p2.S9.SomeLongLongLongLongLongTestName_277" name="Run 0" assertions="3 total, 0 failed, 3 succeeded"/><testcase time="-3640.907514917173" classname="p2.S9.SomeLongLongLongLongLongTestName_278" name="Run 0" assertions="3 total, 0 failed, 3 succeeded"/><testcase time="-9804.373562087645" classname="p2.S9.SomeLongLongLongLongLongTestName_279" name="Run 0" assertions="3 total, 0 failed, 3 succeeded"/><testcase time="-1867.9734165533562" classname="p2.S9.SomeLongLongLongLongLongTestName_280" name="Run 0" assertions="3 total, 0 failed, 3 succeeded"/><testcase time="-3347.673627362372" classname="p2.S9.SomeLongLongLongLongLongTestName_281" name="Run 0" assertions="3 total, 0 failed, 3 succeeded"/><testcase time="-8897.890537536477" classname="p2.S9.SomeLongLongLongLongLongTestName_282" name="Run 0" assertions="3 total, 0 failed, 3 succeeded"/><testcase time="-7657.55006689553" classname="p2.S9.SomeLongLongLongLongLongTestName_283" name="Run 0" assertions="3 total, 0 failed, 3 succeeded"/><testcase time="-1313.1032862253608" classname="p2.S9.SomeLongLongLongLongLongTestName_284" name="Run 0" assertions="3 total, 0 failed, 3 succeeded"/><testcase time="-428.1328306384648" classname="p2.S9.SomeLongLongLongLongLongTestName_285" name="Run 0" assertions="3 total, 0 failed, 3 succeeded"/><testcase time="0" classname="p2.S9.SomeLongLongLongLongLongTestName_286" name="Run 0" assertions="3 total, 0 failed, 3 succeeded"><skipped type="Skipped" message="This test was disabled."/></testcase><testcase time="0" classname="p2.S9.SomeLongLongLongLongLongTestName_287" name="Run 0" assertions="3 total, 0 failed, 3 succeeded"><skipped type="Skipped" message="This test was disabled."/></testcase><testcase time="0" classname="p2.S9.SomeLongLongLongLongLongTestName_288" name="Run 0" assertions="3 total, 0 failed, 3 succeeded"><skipped type="Skipped" message="This test was disabled."/></testcase><testcase time="0" classname="p2.S9.SomeLongLongLongLongLongTestName_289" name="Run 0" assertions="3 total, 0 failed, 3 succeeded"><skipped type="Skipped" message="This test was disabled."/></testcase><testcase time="0" classname="p2.S9.SomeLongLongLongLongLongTestName_290" name="Run 0" assertions="3 total, 0 failed, 3 succeeded"><skipped type="Skipped" message="This test was disabled."/></testcase><testcase time="0" classname="p2.S9.SomeLongLongLongLongLongTestName_291" name="Run 0" assertions="3 total, 0 failed, 3 succeeded"><skipped type="Skipped" message="This test was disabled."/></testcase><testcase time="0" classname="p2.S9.SomeLongLongLongLongLongTestName_292" name="Run 0" assertions="3 total, 0 failed, 3 succeeded"><skipped type="Skipped" message="This test was disabled."/></testcase><testcase time="0" classname="p2.S9.SomeLongLongLongLongLongTestName_293" name="Run 0" assertions="3 total, 0 failed, 3 succeeded"><skipped type="Skipped" message="This test was disabled."/></testcase><testcase time="0" classname="p2.S9.SomeLongLongLongLongLongTestName_294" name="Run 0" assertions="3 total, 0 failed, 3 succeeded"><skipped type="Skipped" message="This test was disabled."/></testcase><testcase time="0" classname="p2.S9.SomeLongLongLongLongLongTestName_295" name="Run 0" assertions="3 total, 0 failed, 3 succeeded"><skipped type="Skipped" message="This test was disabled."/></testcase><testcase time="0" classname="p2.S9.SomeLongLongLongLongLongTestName_296" name="Run 0" assertions="3 total, 0 failed, 3 succeeded"><skipped type="Skipped" message="This test was disabled."/></testcase><testcase time="0" classname="p2.S9.SomeLongLongLongLongLongTestName_297" name="Run 0" assertions="3 total, 0 failed, 3 succeeded"><skipped type="Skipped" message="This test was disabled."/></testcase><testcase time="0" classname="p2.S9.SomeLongLongLongLongLongTestName_298" name="Run 0" assertions="3 total, 0 failed, 3 succeeded"><skipped type="Skipped" message="This test was disabled."/></testcase><testcase time="0" classname="p2.S9.SomeLongLongLongLongLongTestName_299" name="Run 0" assertions="3 total, 0 failed, 3 succeeded"><skipped type="Skipped" message="This test was disabled."/></testcase><testcase time="0" classname="p2.S9.SomeLongLongLongLongLongTestName_300" name="Run 0" assertions="3 total, 0 failed, 3 succeeded"><skipped type="Skipped" message="This test was disabled."/></testcase><testcase time="0" classname="p2.S9.SomeLongLongLongLongLongTestName_301" name="Run 0" assertions="3 total, 0 failed, 3 succeeded"><skipped type="Skipped" message="This test was disabled."/></testcase><testcase time="0" classname="p2.S9.SomeLongLongLongLongLongTestName_302" name="Run 0" assertions="3 total, 0 failed, 3 succeeded"><skipped type="Skipped" message="This test was disabled."/></testcase><testcase time="0" classname="p2.S9.SomeLongLongLongLongLongTestName_303" name="Run 0" assertions="3 total, 0 failed, 3 succeeded"><skipped type="Skipped" message="This test was disabled."/></testcase><testcase time="0" classname="p2.S9.SomeLongLongLongLongLongTestName_304" name="Run 0" assertions="3 total, 0 failed, 3 succeeded"><skipped type="Skipped" message="This test was disabled."/></testcase><testcase time="0" classname="p2.S9.SomeLongLongLongLongLongTestName_305" name="Run 0" assertions="3 total, 0 failed, 3 succeeded"><skipped type="Skipped" message="This test was disabled."/></testcase><testcase time="0" classname="p2.S9.SomeLongLongLongLongLongTestName_306" name="Run 0" assertions="3 total, 0 failed, 3 succeeded"><skipped type="Skipped" message="This test was disabled."/></testcase><testcase time="0" classname="p2.S9.SomeLongLongLongLongLongTestName_307" name="Run 0" assertions="3 total, 0 failed, 3 succeeded"><skipped type="Skipped" message="This test was disabled."/></testcase><testcase time="0" classname="p2.S9.SomeLongLongLongLongLongTestName_308" name="Run 0" assertions="3 total, 0 failed, 3 succeeded"><skipped type="Skipped" message="This test was disabled."/></testcase><testcase time="0" classname="p2.S9.SomeLongLongLongLongLongTestName_309" name="Run 0" assertions="3 total, 0 failed, 3 succeeded"><skipped type="Skipped" message="This test was disabled."/></testcase><testcase time="0" classname="p2.S9.SomeLongLongLongLongLongTestName_310" name="Run 0" assertions="3 total, 0 failed, 3 succeeded"><skipped type="Skipped" message="This test was disabled."/></testcase><testcase time="0" classname="p2.S9.SomeLongLongLongLongLongTestName_311" name="Run 0" assertions="3 total, 0 failed, 3 succeeded"><skipped type="Skipped" message="This test was disabled."/></testcase><testcase time="0" classname="p2.S9.SomeLongLongLongLongLongTestName_312" name="Run 0" assertions="3 total, 0 failed, 3 succeeded"><skipped type="Skipped" message="This test was disabled."/></testcase><testcase time="0" classname="p2.S9.SomeLongLongLongLongLongTestName_313" name="Run 0" assertions="3 total, 0 failed, 3 succeeded"><skipped type="Skipped" message="This test was disabled."/></testcase><testcase time="0" classname="p2.S9.SomeLongLongLongLongLongTestName_314" name="Run 0" assertions="3 total, 0 failed, 3 succeeded"><skipped type="Skipped" message="This test was disabled."/></testcase><testcase time="0" classname="p2.S9.SomeLongLongLongLongLongTestName_315" name="Run 0" assertions="3 total, 0 failed, 3 succeeded"><skipped type="Skipped" message="This test was disabled."/></testcase><testcase time="0" classname="p2.S9.SomeLongLongLongLongLongTestName_316" name="Run 0" assertions="3 total, 0 failed, 3 succeeded"><skipped type="Skipped" message="This test was disabled."/></testcase><testcase time="0" classname="p2.S9.SomeLongLongLongLongLongTestName_317" name="Run 0" assertions="3 total, 0 failed, 3 succeeded"><skipped type="Skipped" message="This test was disabled."/></testcase><testcase time="0" classname="p2.S9.SomeLongLongLongLongLongTestName_318" name="Run 0" assertions="3 total, 0 failed, 3 succeeded"><skipped type="Skipped" message="This test was disabled."/></testcase><testcase time="0" classname="p2.S9.SomeLongLongLongLongLongTestName_319" name="Run 0" assertions="3 total, 0 failed, 3 succeeded"><skipped type="Skipped" message="This test was disabled."/></testcase><testcase time="0" classname="p2.S9.SomeLongLongLongLongLongTestName_320" name="Run 0" assertions="3 total, 0 failed, 3 succeeded"><skipped type="Skipped" message="This test was disabled."/></testcase><testcase time="0" classname="p2.S9.SomeLongLongLongLongLongTestName_321" name="Run 0" assertions="3 total, 0 failed, 3 succeeded"><skipped type="Skipped" message="This test was disabled."/></testcase><testcase time="0" classname="p2.S9.SomeLongLongLongLongLongTestName_322" name="Run 0" assertions="3 total, 0 failed, 3 succeeded"><skipped type="Skipped" message="This test was disabled."/></testcase><testcase time="0" classname="p2.S9.SomeLongLongLongLongLongTestName_323" name="Run 0" assertions="3 total, 0 failed, 3 succeeded"><skipped type="Skipped" message="This test was disabled."/></testcase><testcase time="0" classname="p2.S9.SomeLongLongLongLongLongTestName_324" name="Run 0" assertions="3 total, 0 failed, 3 succeeded"><skipped type="Skipped" message="This test was disabled."/></testcase><testcase time="0" classname="p2.S9.SomeLongLongLongLongLongTestName_325" name="Run 0" assertions="3 total, 0 failed, 3 succeeded"><skipped type="Skipped" message="This test was disabled."/></testcase><testcase time="0" classname="p2.S9.SomeLongLongLongLongLongTestName_326" name="Run 0" assertions="3 total, 0 failed, 3 succeeded"><skipped type="Skipped" message="This test was disabled."/></testcase><testcase time="0" classname="p2.S9.SomeLongLongLongLongLongTestName_327" name="Run 0" assertions="3 total, 0 failed, 3 succeeded"><skipped type="Skipped" message="This test was disabled."/></testcase><testcase time="0" classname="p2.S9.SomeLongLongLongLongLongTestName_328" name="Run 0" assertions="3 total, 0 failed, 3 succeeded"><skipped type="Skipped" message="This test was disabled."/></testcase><testcase time="0" classname="p2.S9.SomeLongLongLongLongLongTestName_329" name="Run 0" assertions="3 total, 0 failed, 3 succeeded"><skipped type="Skipped" message="This test was disabled."/></testcase><testcase time="0" classname="p2.S9.SomeLongLongLongLongLongTestName_330" name="Run 0" assertions="3 total, 0 failed, 3 succeeded"><skipped type="Skipped" message="This test was disabled."/></testcase><testcase time="0" classname="p2.S9.SomeLongLongLongLongLongTestName_331" name="Run 0" assertions="3 total, 0 failed, 3 succeeded"><skipped type="Skipped" message="This test was disabled."/></testcase><testcase time="0" classname="p2.S9.SomeLongLongLongLongLongTestName_332" name="Run 0" assertions="3 total, 0 failed, 3 succeeded"><skipped type="Skipped" message="This test was disabled."/></testcase><testcase time="0" classname="p2.S9.SomeLongLongLongLongLongTestName_333" name="Run 0" assertions="3 total, 0 failed, 3 succeeded"><skipped type="Skipped" message="This test was disabled."/></testcase><testcase time="0" classname="p2.S9.SomeLongLongLongLongLongTestName_334" name="Run 0" assertions="3 total, 0 failed, 3 succeeded"><skipped type="Skipped" message="This test was disabled."/></testcase><testcase time="0" classname="p2.S9.SomeLongLongLongLongLongTestName_335" name="Run 0" assertions="3 total, 0 failed, 3 succeeded"><skipped type="Skipped" message="This test was disabled."/></testcase><testcase time="0" classname="p2.S9.SomeLongLongLongLongLongTestName_336" name="Run 0" assertions="3 total, 0 failed, 3 succeeded"><skipped type="Skipped" message="This test was disabled."/></testcase><testcase time="0" classname="p2.S9.SomeLongLongLongLongLongTestName_337" name="Run 0" assertions="3 total, 0 failed, 3 succeeded"><skipped type="Skipped" message="This test was disabled."/></testcase><testcase time="0" classname="p2.S9.SomeLongLongLongLongLongTestName_338" name="Run 0" assertions="3 total, 0 failed, 3 succeeded"><skipped type="Skipped" message="This test was disabled."/></testcase><testcase time="0" classname="p2.S9.SomeLongLongLongLongLongTestName_339" name="Run 0" assertions="3 total, 0 failed, 3 succeeded"><skipped type="Skipped" message="This test was disabled."/></testcase><testcase time="0" classname="p2.S9.SomeLongLongLongLongLongTestName_340" name="Run 0" assertions="3 total, 0 failed, 3 succeeded"><skipped type="Skipped" message="This test was disabled."/></testcase><testcase time="0" classname="p2.S9.SomeLongLongLongLongLongTestName_341" name="Run 0" assertions="3 total, 0 failed, 3 succeeded"><skipped type="Skipped" message="This test was disabled."/></testcase><testcase time="0" classname="p2.S9.SomeLongLongLongLongLongTestName_342" name="Run 0" assertions="3 total, 0 failed, 3 succeeded"><skipped type="Skipped" message="This test was disabled."/></testcase><testcase time="0" classname="p2.S9.SomeLongLongLongLongLongTestName_343" name="Run 0" assertions="3 total, 0 failed, 3 succeeded"><skipped type="Skipped" message="This test was disabled."/></testcase><testcase time="0" classname="p2.S9.SomeLongLongLongLongLongTestName_344" name="Run 0" assertions="3 total, 0 failed, 3 succeeded"><skipped type="Skipped" message="This test was disabled."/></testcase><testcase time="0" classname="p2.S9.SomeLongLongLongLongLongTestName_345" name="Run 0" assertions="3 total, 0 failed, 3 succeeded"><skipped type="Skipped" message="This test was disabled."/></testcase><testcase time="0" classname="p2.S9.SomeLongLongLongLongLongTestName_346" name="Run 0" assertions="3 total, 0 failed, 3 succeeded"><skipped type="Skipped" message="This test was disabled."/></testcase><testcase time="0" classname="p2.S9.SomeLongLongLongLongLongTestName_347" name="Run 0" assertions="3 total, 0 failed, 3 succeeded"><skipped type="Skipped" message="This test was disabled."/></testcase><testcase time="0" classname="p2.S9.SomeLongLongLongLongLongTestName_348" name="Run 0" assertions="3 total, 0 failed, 3 succeeded"><skipped type="Skipped" message="This test was disabled."/></testcase><testcase time="0" classname="p2.S9.SomeLongLongLongLongLongTestName_349" name="Run 0" assertions="3 total, 0 failed, 3 succeeded"><skipped type="Skipped" message="This test was disabled."/></testcase><testcase time="0" classname="p2.S9.SomeLongLongLongLongLongTestName_350" name="Run 0" assertions="3 total, 0 failed, 3 succeeded"><skipped type="Skipped" message="This test was disabled."/></testcase><testcase time="0" classname="p2.S9.SomeLongLongLongLongLongTestName_351" name="Run 0" assertions="3 total, 0 failed, 3 succeeded"><skipped type="Skipped" message="This test was disabled."/></testcase><testcase time="0" classname="p2.S9.SomeLongLongLongLongLongTestName_352" name="Run 0" assertions="3 total, 0 failed, 3 succeeded"><skipped type="Skipped" message="This test was disabled."/></testcase><testcase time="0" classname="p2.S9.SomeLongLongLongLongLongTestName_353" name="Run 0" assertions="3 total, 0 failed, 3 succeeded"><skipped type="Skipped" message="This test was disabled."/></testcase><testcase time="0" classname="p2.S9.SomeLongLongLongLongLongTestName_354" name="Run 0" assertions="3 total, 0 failed, 3 succeeded"><skipped type="Skipped" message="This test was disabled."/></testcase><testcase time="0" classname="p2.S9.SomeLongLongLongLongLongTestName_355" name="Run 0" assertions="3 total, 0 failed, 3 succeeded"><skipped type="Skipped" message="This test was disabled."/></testcase><testcase time="0" classname="p2.S9.SomeLongLongLongLongLongTestName_356" name="Run 0" assertions="3 total, 0 failed, 3 succeeded"><skipped type="Skipped" message="This test was disabled."/></testcase><testcase time="0" classname="p2.S9.SomeLongLongLongLongLongTestName_357" name="Run 0" assertions="3 total, 0 failed, 3 succeeded"><skipped type="Skipped" message="This test was disabled."/></testcase><testcase time="0" classname="p2.S9.SomeLongLongLongLongLongTestName_358" name="Run 0" assertions="3 total, 0 failed, 3 succeeded"><skipped type="Skipped" message="This test was disabled."/></testcase><testcase time="0" classname="p2.S9.SomeLongLongLongLongLongTestName_359" name="Run 0" assertions="3 total, 0 failed, 3 succeeded"><skipped type="Skipped" message="This test was disabled."/></testcase><testcase time="0" classname="p2.S9.SomeLongLongLongLongLongTestName_360" name="Run 0" assertions="3 total, 0 failed, 3 succeeded"><skipped type="Skipped" message="This test was disabled."/></testcase><testcase time="0" classname="p2.S9.SomeLongLongLongLongLongTestName_361" name="Run 0" assertions="3 total, 0 failed, 3 succeeded"><skipped type="Skipped" message="This test was disabled."/></testcase><testcase time="0" classname="p2.S9.SomeLongLongLongLongLongTestName_362" name="Run 0" assertions="3 total, 0 failed, 3 succeeded"><skipped type="Skipped" message="This test was disabled."/></testcase><testcase time="0" classname="p2.S9.SomeLongLongLongLongLongTestName_363" name="Run 0" assertions="3 total, 0 failed, 3 succeeded"><skipped type="Skipped" message="This test was disabled."/></testcase><testcase time="0" classname="p2.S9.SomeLongLongLongLongLongTestName_364" name="Run 0" assertions="3 total, 0 failed, 3 succeeded"><skipped type="Skipped" message="This test was disabled."/></testcase><testcase time="0" classname="p2.S9.SomeLongLongLongLongLongTestName_365" name="Run 0" assertions="3 total, 0 failed, 3 succeeded"><skipped type="Skipped" message="This test was disabled."/></testcase><testcase time="0" classname="p2.S9.SomeLongLongLongLongLongTestName_366" name="Run 0" assertions="3 total, 0 failed, 3 succeeded"><skipped type="Skipped" message="This test was disabled."/></testcase><testcase time="0" classname="p2.S9.SomeLongLongLongLongLongTestName_367" name="Run 0" assertions="3 total, 0 failed, 3 succeeded"><skipped type="Skipped" message="This test was disabled."/></testcase><testcase time="0" classname="p2.S9.SomeLongLongLongLongLongTestName_368" name="Run 0" assertions="3 total, 0 failed, 3 succeeded"><skipped type="Skipped" message="This test was disabled."/></testcase><testcase time="0" classname="p2.S9.SomeLongLongLongLongLongTestName_369" name="Run 0" assertions="3 total, 0 failed, 3 succeeded"><skipped type="Skipped" message="This test was disabled."/></testcase><testcase time="0" classname="p2.S9.SomeLongLongLongLongLongTestName_370" name="Run 0" assertions="3 total, 0 failed, 3 succeeded"><skipped type="Skipped" message="This test was disabled."/></testcase><testcase time="0" classname="p2.S9.SomeLongLongLongLongLongTestName_371" name="Run 0" assertions="3 total, 0 failed, 3 succeeded"><skipped type="Skipped" message="This test was disabled."/></testcase><testcase time="0" classname="p2.S9.SomeLongLongLongLongLongTestName_372" name="Run 0" assertions="3 total, 0 failed, 3 succeeded"><skipped type="Skipped" message="This test was disabled."/></testcase><testcase time="0" classname="p2.S9.SomeLongLongLongLongLongTestName_373" name="Run 0" assertions="3 total, 0 failed, 3 succeeded"><skipped type="Skipped" message="This test was disabled."/></testcase><testcase time="0" classname="p2.S9.SomeLongLongLongLongLongTestName_374" name="Run 0" assertions="3 total, 0 failed, 3 succeeded"><skipped type="Skipped" message="This test was disabled."/></testcase><testcase time="0" classname="p2.S9.SomeLongLongLongLongLongTestName_375" name="Run 0" assertions="3 total, 0 failed, 3 succeeded"><skipped type="Skipped" message="This test was disabled."/></testcase><testcase time="0" classname="p2.S9.SomeLongLongLongLongLongTestName_376" name="Run 0" assertions="3 total, 0 failed, 3 succeeded"><skipped type="Skipped" message="This test was disabled."/></testcase><testcase time="0" classname="p2.S9.SomeLongLongLongLongLongTestName_377" name="Run 0" assertions="3 total, 0 failed, 3 succeeded"><skipped type="Skipped" message="This test was disabled."/></testcase><testcase time="0" classname="p2.S9.SomeLongLongLongLongLongTestName_378" name="Run 0" assertions="3 total, 0 failed, 3 succeeded"><skipped type="Skipped" message="This test was disabled."/></testcase><testcase time="0" classname="p2.S9.SomeLongLongLongLongLongTestName_379" name="Run 0" assertions="3 total, 0 failed, 3 succeeded"><skipped type="Skipped" message="This test was disabled."/></testcase><testcase time="0" classname="p2.S9.SomeLongLongLongLongLongTestName_380" name="Run 0" assertions="3 total, 0 failed, 3 succeeded"><skipped type="Skipped" message="This test was disabled."/></testcase><testcase time="0" classname="p2.S9.SomeLongLongLongLongLongTestName_381" name="Run 0" assertions="3 total, 0 failed, 3 succeeded"><skipped type="Skipped" message="This test was disabled."/></testcase><testcase time="0" classname="p2.S9.SomeLongLongLongLongLongTestName_382" name="Run 0" assertions="3 total, 0 failed, 3 succeeded"><skipped type="Skipped" message="This test was disabled."/></testcase><testcase time="0" classname="p2.S9.SomeLongLongLongLongLongTestName_383" name="Run 0" assertions="3 total, 0 failed, 3 succeeded"><skipped type="Skipped" message="This test was disabled."/></testcase><testcase time="0" classname="p2.S9.SomeLongLongLongLongLongTestName_384" name="Run 0" assertions="3 total, 0 failed, 3 succeeded"><skipped type="Skipped" message="This test was disabled."/></testcase><testcase time="0" classname="p2.S9.SomeLongLongLongLongLongTestName_385" name="Run 0" assertions="3 total, 0 failed, 3 succeeded"><skipped type="Skipped" message="This test was disabled."/></testcase><testcase time="0" classname="p2.S9.SomeLongLongLongLongLongTestName_386" name="Run 0" assertions="3 total, 0 failed, 3 succeeded"><skipped type="Skipped" message="This test was disabled."/></testcase><testcase time="0" classname="p2.S9.SomeLongLongLongLongLongTestName_387" name="Run 0" assertions="3 total, 0 failed, 3 succeeded"><skipped type="Skipped" message="This test was disabled."/></testcase><testcase time="0" classname="p2.S9.SomeLongLongLongLongLongTestName_388" name="Run 0" assertions="3 total, 0 failed, 3 succeeded"><skipped type="Skipped" message="This test was disabled."/></testcase><testcase time="0" classname="p2.S9.SomeLongLongLongLongLongTestName_389" name="Run 0" assertions="3 total, 0 failed, 3 succeeded"><skipped type="Skipped" message="This test was disabled."/></testcase><testcase time="0" classname="p2.S9.SomeLongLongLongLongLongTestName_390" name="Run 0" assertions="3 total, 0 failed, 3 succeeded"><skipped type="Skipped" message="This test was disabled."/></testcase><testcase time="0" classname="p2.S9.SomeLongLongLongLongLongTestName_391" name="Run 0" assertions="3 total, 0 failed, 3 succeeded"><skipped type="Skipped" message="This test was disabled."/></testcase><testcase time="0" classname="p2.S9.SomeLongLongLongLongLongTestName_392" name="Run 0" assertions="3 total, 0 failed, 3 succeeded"><skipped type="Skipped" message="This test was disabled."/></testcase><testcase time="0" classname="p2.S9.SomeLongLongLongLongLongTestName_393" name="Run 0" assertions="3 total, 0 failed, 3 succeeded"><skipped type="Skipped" message="This test was disabled."/></testcase><testcase time="0" classname="p2.S9.SomeLongLongLongLongLongTestName_394" name="Run 0" assertions="3 total, 0 failed, 3 succeeded"><skipped type="Skipped" message="This test was disabled."/></testcase><testcase time="0" classname="p2.S9.SomeLongLongLongLongLongTestName_395" name="Run 0" assertions="3 total, 0 failed, 3 succeeded"><skipped type="Skipped" message="This test was disabled."/></testcase><testcase time="0" classname="p2.S9.SomeLongLongLongLongLongTestName_396" name="Run 0" assertions="3 total, 0 failed, 3 succeeded"><skipped type="Skipped" message="This test was disabled."/></testcase><testcase time="0" classname="p2.S9.SomeLongLongLongLongLongTestName_397" name="Run 0" assertions="3 total, 0 failed, 3 succeeded"><skipped type="Skipped" message="This test was disabled."/></testcase><testcase time="0" classname="p2.S9.SomeLongLongLongLongLongTestName_398" name="Run 0" assertions="3 total, 0 failed, 3 succeeded"><skipped type="Skipped" message="This test was disabled."/></testcase><testcase time="0" classname="p2.S9.SomeLongLongLongLongLongTestName_399" name="Run 0" assertions="3 total, 0 failed, 3 succeeded"><skipped type="Skipped" message="This test was disabled."/></testcase><testcase time="0" classname="p2.S9.SomeLongLongLongLongLongTestName_400" name="Run 0" assertions="3 total, 0 failed, 3 succeeded"><skipped type="Skipped" message="This test was disabled."/></testcase><testcase time="0" classname="p2.S9.SomeLongLongLongLongLongTestName_401" name="Run 0" assertions="3 total, 0 failed, 3 succeeded"><skipped type="Skipped" message="This test was disabled."/></testcase><testcase time="0" classname="p2.S9.SomeLongLongLongLongLongTestName_402" name="Run 0" assertions="3 total, 0 failed, 3 succeeded"><skipped type="Skipped" message="This test was disabled."/></testcase><testcase time="0" classname="p2.S9.SomeLongLongLongLongLongTestName_403" name="Run 0" assertions="3 total, 0 failed, 3 succeeded"><skipped type="Skipped" message="This test was disabled."/></testcase><testcase time="0" classname="p2.S9.SomeLongLongLongLongLongTestName_404" name="Run 0" assertions="3 total, 0 failed, 3 succeeded"><skipped type="Skipped" message="This test was disabled."/></testcase><testcase time="0" classname="p2.S9.SomeLongLongLongLongLongTestName_405" name="Run 0" assertions="3 total, 0 failed, 3 succeeded"><skipped type="Skipped" message="This test was disabled."/></testcase><testcase time="0" classname="p2.S9.SomeLongLongLongLongLongTestName_406" name="Run 0" assertions="3 total, 0 failed, 3 succeeded"><skipped type="Skipped" message="This test was disabled."/></testcase><testcase time="0" classname="p2.S9.SomeLongLongLongLongLongTestName_407" name="Run 0" assertions="3 total, 0 failed, 3 succeeded"><skipped type="Skipped" message="This test was disabled."/></testcase><testcase time="0" classname="p2.S9.SomeLongLongLongLongLongTestName_408" name="Run 0" assertions="3 total, 0 failed, 3 succeeded"><skipped type="Skipped" message="This test was disabled."/></testcase><testcase time="0" classname="p2.S9.SomeLongLongLongLongLongTestName_409" name="Run 0" assertions="3 total, 0 failed, 3 succeeded"><skipped type="Skipped" message="This test was disabled."/></testcase><testcase time="0" classname="p2.S9.SomeLongLongLongLongLongTestName_410" name="Run 0" assertions="3 total, 0 failed, 3 succeeded"><skipped type="Skipped" message="This test was disabled."/></testcase><testcase time="0" classname="p2.S9.SomeLongLongLongLongLongTestName_411" name="Run 0" assertions="3 total, 0 failed, 3 succeeded"><skipped type="Skipped" message="This test was disabled."/></testcase><testcase time="0" classname="p2.S9.SomeLongLongLongLongLongTestName_412" name="Run 0" assertions="3 total, 0 failed, 3 succeeded"><skipped type="Skipped" message="This test was disabled."/></testcase><testcase time="0" classname="p2.S9.SomeLongLongLongLongLongTestName_413" name="Run 0" assertions="3 total, 0 failed, 3 succeeded"><skipped type="Skipped" message="This test was disabled."/></testcase><testcase time="0" classname="p2.S9.SomeLongLongLongLongLongTestName_414" name="Run 0" assertions="3 total, 0 failed, 3 succeeded"><skipped type="Skipped" message="This test was disabled."/></testcase><testcase time="0" classname="p2.S9.SomeLongLongLongLongLongTestName_415" name="Run 0" assertions="3 total, 0 failed, 3 succeeded"><skipped type="Skipped" message="This test was disabled."/></testcase><testcase time="0" classname="p2.S9.SomeLongLongLongLongLongTestName_416" name="Run 0" assertions="3 total, 0 failed, 3 succeeded"><skipped type="Skipped" message="This test was disabled."/></testcase><testcase time="0" classname="p2.S9.SomeLongLongLongLongLongTestName_417" name="Run 0" assertions="3 total, 0 failed, 3 succeeded"><skipped type="Skipped" message="This test was disabled."/></testcase><testcase time="0" classname="p2.S9.SomeLongLongLongLongLongTestName_418" name="Run 0" assertions="3 total, 0 failed, 3 succeeded"><skipped type="Skipped" message="This test was disabled."/></testcase><testcase time="0" classname="p2.S9.SomeLongLongLongLongLongTestName_419" name="Run 0" assertions="3 total, 0 failed, 3 succeeded"><skipped type="Skipped" message="This test was disabled."/></testcase><testcase time="0" classname="p2.S9.SomeLongLongLongLongLongTestName_420" name="Run 0" assertions="3 total, 0 failed, 3 succeeded"><skipped type="Skipped" message="This test was disabled."/></testcase><testcase time="-6558.813671166898" classname="p2.S10.SomeLongLongLongLongLongTestName_0" name="Run 0" assertions="3 total, 0 failed, 3 succeeded">
                          <properties>
                          <property name="prop1" value="value1" />
                          <property name="multiline">
                              Config line 1
                              Config line 2
                              Config line 3
                          </property>
                        </properties>
                        <failure message="failure message 0" type="Failure"/><system-out>This is stdout
[[ATTACHMENT|attachment.txt]]
</system-out><system-err>This is stderr
[[ATTACHMENT|attachment.txt]]
</system-err></testcase><testcase time="-1938.3575089253486" classname="p2.S10.SomeLongLongLongLongLongTestName_1" name="Run 0" assertions="3 total, 0 failed, 3 succeeded"/><testcase time="-1189.986885083565" classname="p2.S10.SomeLongLongLongLongLongTestName_2" name="Run 0" assertions="3 total, 0 failed, 3 succeeded"/><testcase time="-2200.9943469714044" classname="p2.S10.SomeLongLongLongLongLongTestName_3" name="Run 0" assertions="3 total, 0 failed, 3 succeeded"/><testcase time="-184.88977381360843" classname="p2.S10.SomeLongLongLongLongLongTestName_4" name="Run 0" assertions="3 total, 0 failed, 3 succeeded"/><testcase time="-2380.0249231231282" classname="p2.S10.SomeLongLongLongLongLongTestName_5" name="Run 0" assertions="3 total, 0 failed, 3 succeeded"/><testcase time="-2682.583676892538" classname="p2.S10.SomeLongLongLongLongLongTestName_6" name="Run 0" assertions="3 total, 0 failed, 3 succeeded"/><testcase time="-3969.655820284398" classname="p2.S10.SomeLongLongLongLongLongTestName_7" name="Run 0" assertions="3 total, 0 failed, 3 succeeded"/><testcase time="-6101.173337548399" classname="p2.S10.SomeLongLongLongLongLongTestName_8" name="Run 0" assertions="3 total, 0 failed, 3 succeeded"/><testcase time="-4704.660290406152" classname="p2.S10.SomeLongLongLongLongLongTestName_9" name="Run 0" assertions="3 total, 0 failed, 3 succeeded"/><testcase time="-6607.153759838312" classname="p2.S10.SomeLongLongLongLongLongTestName_10" name="Run 0" assertions="3 total, 0 failed, 3 succeeded"/><testcase time="-6395.203122554406" classname="p2.S10.SomeLongLongLongLongLongTestName_11" name="Run 0" assertions="3 total, 0 failed, 3 succeeded"/><testcase time="-5429.55326703856" classname="p2.S10.SomeLongLongLongLongLongTestName_12" name="Run 0" assertions="3 total, 0 failed, 3 succeeded"/><testcase time="-3270.261057679304" classname="p2.S10.SomeLongLongLongLongLongTestName_13" name="Run 0" assertions="3 total, 0 failed, 3 succeeded"/><testcase time="-7285.230127605046" classname="p2.S10.SomeLongLongLongLongLongTestName_14" name="Run 0" assertions="3 total, 0 failed, 3 succeeded"/><testcase time="-6466.030764344708" classname="p2.S10.SomeLongLongLongLongLongTestName_15" name="Run 0" assertions="3 total, 0 failed, 3 succeeded"/><testcase time="-5847.746155129593" classname="p2.S10.SomeLongLongLongLongLongTestName_16" name="Run 0" assertions="3 total, 0 failed, 3 succeeded"/><testcase time="-1748.791772700426" classname="p2.S10.SomeLongLongLongLongLongTestName_17" name="Run 0" assertions="3 total, 0 failed, 3 succeeded"/><testcase time="-4034.1638509117342" classname="p2.S10.SomeLongLongLongLongLongTestName_18" name="Run 0" assertions="3 total, 0 failed, 3 succeeded"/><testcase time="-9271.355973980895" classname="p2.S10.SomeLongLongLongLongLongTestName_19" name="Run 0" assertions="3 total, 0 failed, 3 succeeded"/><testcase time="-5839.902558294521" classname="p2.S10.SomeLongLongLongLongLongTestName_20" name="Run 0" assertions="3 total, 0 failed, 3 succeeded"/><testcase time="-3394.364362361614" classname="p2.S10.SomeLongLongLongLongLongTestName_21" name="Run 0" assertions="3 total, 0 failed, 3 succeeded"/><testcase time="-3048.992703441636" classname="p2.S10.SomeLongLongLongLongLongTestName_22" name="Run 0" assertions="3 total, 0 failed, 3 succeeded"/><testcase time="-7957.133343961167" classname="p2.S10.SomeLongLongLongLongLongTestName_23" name="Run 0" assertions="3 total, 0 failed, 3 succeeded"/><testcase time="-3638.749951817177" classname="p2.S10.SomeLongLongLongLongLongTestName_24" name="Run 0" assertions="3 total, 0 failed, 3 succeeded"/><testcase time="-7133.777873563137" classname="p2.S10.SomeLongLongLongLongLongTestName_25" name="Run 0" assertions="3 total, 0 failed, 3 succeeded"/><testcase time="-3705.248820414248" classname="p2.S10.SomeLongLongLongLongLongTestName_26" name="Run 0" assertions="3 total, 0 failed, 3 succeeded"/><testcase time="-4071.607230933684" classname="p2.S10.SomeLongLongLongLongLongTestName_27" name="Run 0" assertions="3 total, 0 failed, 3 succeeded"/><testcase time="-7952.274806027648" classname="p2.S10.SomeLongLongLongLongLongTestName_28" name="Run 0" assertions="3 total, 0 failed, 3 succeeded"/><testcase time="-4592.042123562186" classname="p2.S10.SomeLongLongLongLongLongTestName_29" name="Run 0" assertions="3 total, 0 failed, 3 succeeded"/><testcase time="-3423.164911577088" classname="p2.S10.SomeLongLongLongLongLongTestName_30" name="Run 0" assertions="3 total, 0 failed, 3 succeeded"/><testcase time="-3457.297464258594" classname="p2.S10.SomeLongLongLongLongLongTestName_31" name="Run 0" assertions="3 total, 0 failed, 3 succeeded"/><testcase time="-636.5823427872514" classname="p2.S10.SomeLongLongLongLongLongTestName_32" name="Run 0" assertions="3 total, 0 failed, 3 succeeded"/><testcase time="-1669.5375016437868" classname="p2.S10.SomeLongLongLongLongLongTestName_33" name="Run 0" assertions="3 total, 0 failed, 3 succeeded"/><testcase time="-4577.143410320602" classname="p2.S10.SomeLongLongLongLongLongTestName_34" name="Run 0" assertions="3 total, 0 failed, 3 succeeded"/><testcase time="-4390.865759778594" classname="p2.S10.SomeLongLongLongLongLongTestName_35" name="Run 0" assertions="3 total, 0 failed, 3 succeeded"/><testcase time="-6313.475536809883" classname="p2.S10.SomeLongLongLongLongLongTestName_36" name="Run 0" assertions="3 total, 0 failed, 3 succeeded"/><testcase time="-8454.965826331367" classname="p2.S10.SomeLongLongLongLongLongTestName_37" name="Run 0" assertions="3 total, 0 failed, 3 succeeded"/><testcase time="-6274.9329182867405" classname="p2.S10.SomeLongLongLongLongLongTestName_38" name="Run 0" assertions="3 total, 0 failed, 3 succeeded"/><testcase time="-6920.656892906201" classname="p2.S10.SomeLongLongLongLongLongTestName_39" name="Run 0" assertions="3 total, 0 failed, 3 succeeded"/><testcase time="-422.20554503084026" classname="p2.S10.SomeLongLongLongLongLongTestName_40" name="Run 0" assertions="3 total, 0 failed, 3 succeeded"/><testcase time="-8774.891870160265" classname="p2.S10.SomeLongLongLongLongLongTestName_41" name="Run 0" assertions="3 total, 0 failed, 3 succeeded"/><testcase time="-6536.38778826287" classname="p2.S10.SomeLongLongLongLongLongTestName_42" name="Run 0" assertions="3 total, 0 failed, 3 succeeded"/><testcase time="-5977.835925137855" classname="p2.S10.SomeLongLongLongLongLongTestName_43" name="Run 0" assertions="3 total, 0 failed, 3 succeeded"/><testcase time="-4514.8899265654245" classname="p2.S10.SomeLongLongLongLongLongTestName_44" name="Run 0" assertions="3 total, 0 failed, 3 succeeded"/><testcase time="-3687.9925881213003" classname="p2.S10.SomeLongLongLongLongLongTestName_45" name="Run 0" assertions="3 total, 0 failed, 3 succeeded"/><testcase time="-7434.82493418303" classname="p2.S10.SomeLongLongLongLongLongTestName_46" name="Run 0" assertions="3 total, 0 failed, 3 succeeded"/><testcase time="-7458.367696882977" classname="p2.S10.SomeLongLongLongLongLongTestName_47" name="Run 0" assertions="3 total, 0 failed, 3 succeeded"/><testcase time="-1943.4076462186274" classname="p2.S10.SomeLongLongLongLongLongTestName_48" name="Run 0" assertions="3 total, 0 failed, 3 succeeded"/><testcase time="-5349.169290034424" classname="p2.S10.SomeLongLongLongLongLongTestName_49" name="Run 0" assertions="3 total, 0 failed, 3 succeeded"/><testcase time="-9535.038421089817" classname="p2.S10.SomeLongLongLongLongLongTestName_50" name="Run 0" assertions="3 total, 0 failed, 3 succeeded"/><testcase time="-6689.147523036268" classname="p2.S10.SomeLongLongLongLongLongTestName_51" name="Run 0" assertions="3 total, 0 failed, 3 succeeded"/><testcase time="-2915.8840819916036" classname="p2.S10.SomeLongLongLongLongLongTestName_52" name="Run 0" assertions="3 total, 0 failed, 3 succeeded"/><testcase time="-2174.1229604891687" classname="p2.S10.SomeLongLongLongLongLongTestName_53" name="Run 0" assertions="3 total, 0 failed, 3 succeeded"/><testcase time="-9267.772519005943" classname="p2.S10.SomeLongLongLongLongLongTestName_54" name="Run 0" assertions="3 total, 0 failed, 3 succeeded"/><testcase time="-8209.522774561692" classname="p2.S10.SomeLongLongLongLongLongTestName_55" name="Run 0" assertions="3 total, 0 failed, 3 succeeded"/><testcase time="-9464.829994550011" classname="p2.S10.SomeLongLongLongLongLongTestName_56" name="Run 0" assertions="3 total, 0 failed, 3 succeeded"/><testcase time="-2792.8816809096475" classname="p2.S10.SomeLongLongLongLongLongTestName_57" name="Run 0" assertions="3 total, 0 failed, 3 succeeded"/><testcase time="-8759.067404579559" classname="p2.S10.SomeLongLongLongLongLongTestName_58" name="Run 0" assertions="3 total, 0 failed, 3 succeeded"/><testcase time="-8.250512422338886" classname="p2.S10.SomeLongLongLongLongLongTestName_59" name="Run 0" assertions="3 total, 0 failed, 3 succeeded"/><testcase time="-4255.7494933520275" classname="p2.S10.SomeLongLongLongLongLongTestName_60" name="Run 0" assertions="3 total, 0 failed, 3 succeeded"/><testcase time="-4094.787511652198" classname="p2.S10.SomeLongLongLongLongLongTestName_61" name="Run 0" assertions="3 total, 0 failed, 3 succeeded"/><testcase time="-8883.044634304824" classname="p2.S10.SomeLongLongLongLongLongTestName_62" name="Run 0" assertions="3 total, 0 failed, 3 succeeded"/><testcase time="-7469.926630800855" classname="p2.S10.SomeLongLongLongLongLongTestName_63" name="Run 0" assertions="3 total, 0 failed, 3 succeeded"/><testcase time="-1314.3976792947415" classname="p2.S10.SomeLongLongLongLongLongTestName_64" name="Run 0" assertions="3 total, 0 failed, 3 succeeded"/><testcase time="-1842.9915944282852" classname="p2.S10.SomeLongLongLongLongLongTestName_65" name="Run 0" assertions="3 total, 0 failed, 3 succeeded"/><testcase time="-7590.318569456083" classname="p2.S10.SomeLongLongLongLongLongTestName_66" name="Run 0" assertions="3 total, 0 failed, 3 succeeded"/><testcase time="-1343.4747900526681" classname="p2.S10.SomeLongLongLongLongLongTestName_67" name="Run 0" assertions="3 total, 0 failed, 3 succeeded"/><testcase time="-6697.486072623864" classname="p2.S10.SomeLongLongLongLongLongTestName_68" name="Run 0" assertions="3 total, 0 failed, 3 succeeded"/><testcase time="-93.42045948905114" classname="p2.S10.SomeLongLongLongLongLongTestName_69" name="Run 0" assertions="3 total, 0 failed, 3 succeeded"/><testcase time="-1631.5968251533236" classname="p2.S10.SomeLongLongLongLongLongTestName_70" name="Run 0" assertions="3 total, 0 failed, 3 succeeded"/><testcase time="-3767.79281810919" classname="p2.S10.SomeLongLongLongLongLongTestName_71" name="Run 0" assertions="3 total, 0 failed, 3 succeeded"/><testcase time="-7337.600575132048" classname="p2.S10.SomeLongLongLongLongLongTestName_72" name="Run 0" assertions="3 total, 0 failed, 3 succeeded"/><testcase time="-9825.933597246334" classname="p2.S10.SomeLongLongLongLongLongTestName_73" name="Run 0" assertions="3 total, 0 failed, 3 succeeded"/><testcase time="-1115.955543098844" classname="p2.S10.SomeLongLongLongLongLongTestName_74" name="Run 0" assertions="3 total, 0 failed, 3 succeeded"/><testcase time="-1740.7885748446256" classname="p2.S10.SomeLongLongLongLongLongTestName_75" name="Run 0" assertions="3 total, 0 failed, 3 succeeded"/><testcase time="-4997.087351210121" classname="p2.S10.SomeLongLongLongLongLongTestName_76" name="Run 0" assertions="3 total, 0 failed, 3 succeeded"/><testcase time="-2577.8994140827126" classname="p2.S10.SomeLongLongLongLongLongTestName_77" name="Run 0" assertions="3 total, 0 failed, 3 succeeded"/><testcase time="-2609.840951522599" classname="p2.S10.SomeLongLongLongLongLongTestName_78" name="Run 0" assertions="3 total, 0 failed, 3 succeeded"/><testcase time="-7873.978026109294" classname="p2.S10.SomeLongLongLongLongLongTestName_79" name="Run 0" assertions="3 total, 0 failed, 3 succeeded"/><testcase time="-1975.263330364194" classname="p2.S10.SomeLongLongLongLongLongTestName_80" name="Run 0" assertions="3 total, 0 failed, 3 succeeded"/><testcase time="-217.20555799383683" classname="p2.S10.SomeLongLongLongLongLongTestName_81" name="Run 0" assertions="3 total, 0 failed, 3 succeeded"/><testcase time="-49.5431883384374" classname="p2.S10.SomeLongLongLongLongLongTestName_82" name="Run 0" assertions="3 total, 0 failed, 3 succeeded"/><testcase time="-8991.226417284712" classname="p2.S10.SomeLongLongLongLongLongTestName_83" name="Run 0" assertions="3 total, 0 failed, 3 succeeded"/><testcase time="-507.43068448985684" classname="p2.S10.SomeLongLongLongLongLongTestName_84" name="Run 0" assertions="3 total, 0 failed, 3 succeeded"/><testcase time="-9555.78438920789" classname="p2.S10.SomeLongLongLongLongLongTestName_85" name="Run 0" assertions="3 total, 0 failed, 3 succeeded"/><testcase time="-1936.7591765605387" classname="p2.S10.SomeLongLongLongLongLongTestName_86" name="Run 0" assertions="3 total, 0 failed, 3 succeeded"/><testcase time="-5307.868125647273" classname="p2.S10.SomeLongLongLongLongLongTestName_87" name="Run 0" assertions="3 total, 0 failed, 3 succeeded"/><testcase time="-4091.5439963226804" classname="p2.S10.SomeLongLongLongLongLongTestName_88" name="Run 0" assertions="3 total, 0 failed, 3 succeeded"/><testcase time="-6449.952364702118" classname="p2.S10.SomeLongLongLongLongLongTestName_89" name="Run 0" assertions="3 total, 0 failed, 3 succeeded"/><testcase time="-404.82922072140593" classname="p2.S10.SomeLongLongLongLongLongTestName_90" name="Run 0" assertions="3 total, 0 failed, 3 succeeded"/><testcase time="-3106.35885211381" classname="p2.S10.SomeLongLongLongLongLongTestName_91" name="Run 0" assertions="3 total, 0 failed, 3 succeeded"/><testcase time="-6837.792724703901" classname="p2.S10.SomeLongLongLongLongLongTestName_92" name="Run 0" assertions="3 total, 0 failed, 3 succeeded"/><testcase time="-2760.0005178299225" classname="p2.S10.SomeLongLongLongLongLongTestName_93" name="Run 0" assertions="3 total, 0 failed, 3 succeeded"/><testcase time="-8909.164039804604" classname="p2.S10.SomeLongLongLongLongLongTestName_94" name="Run 0" assertions="3 total, 0 failed, 3 succeeded"/><testcase time="-8474.369824816566" classname="p2.S10.SomeLongLongLongLongLongTestName_95" name="Run 0" assertions="3 total, 0 failed, 3 succeeded"/><testcase time="-9065.361105665665" classname="p2.S10.SomeLongLongLongLongLongTestName_96" name="Run 0" assertions="3 total, 0 failed, 3 succeeded"/><testcase time="-2539.8083474613272" classname="p2.S10.SomeLongLongLongLongLongTestName_97" name="Run 0" assertions="3 total, 0 failed, 3 succeeded"/><testcase time="-1057.728494695531" classname="p2.S10.SomeLongLongLongLongLongTestName_98" name="Run 0" assertions="3 total, 0 failed, 3 succeeded"/><testcase time="-9124.404523204083" classname="p2.S10.SomeLongLongLongLongLongTestName_99" name="Run 0" assertions="3 total, 0 failed, 3 succeeded"/><testcase time="-6145.903784819095" classname="p2.S10.SomeLongLongLongLongLongTestName_100" name="Run 0" assertions="3 total, 0 failed, 3 succeeded"/><testcase time="-789.9440564408403" classname="p2.S10.SomeLongLongLongLongLongTestName_101" name="Run 0" assertions="3 total, 0 failed, 3 succeeded"/><testcase time="-2192.0589463678302" classname="p2.S10.SomeLongLongLongLongLongTestName_102" name="Run 0" assertions="3 total, 0 failed, 3 succeeded"/><testcase time="-1848.6200732039983" classname="p2.S10.SomeLongLongLongLongLongTestName_103" name="Run 0" assertions="3 total, 0 failed, 3 succeeded"/><testcase time="-7247.470115132499" classname="p2.S10.SomeLongLongLongLongLongTestName_104" name="Run 0" assertions="3 total, 0 failed, 3 succeeded"/><testcase time="-3252.175962972644" classname="p2.S10.SomeLongLongLongLongLongTestName_105" name="Run 0" assertions="3 total, 0 failed, 3 succeeded"/><testcase time="-9624.648904260333" classname="p2.S10.SomeLongLongLongLongLongTestName_106" name="Run 0" assertions="3 total, 0 failed, 3 succeeded"/><testcase time="-2331.1574895877093" classname="p2.S10.SomeLongLongLongLongLongTestName_107" name="Run 0" assertions="3 total, 0 failed, 3 succeeded"/><testcase time="-8412.750028570286" classname="p2.S10.SomeLongLongLongLongLongTestName_108" name="Run 0" assertions="3 total, 0 failed, 3 succeeded"/><testcase time="-5063.803155501466" classname="p2.S10.SomeLongLongLongLongLongTestName_109" name="Run 0" assertions="3 total, 0 failed, 3 succeeded"/><testcase time="-9782.14371872365" classname="p2.S10.SomeLongLongLongLongLongTestName_110" name="Run 0" assertions="3 total, 0 failed, 3 succeeded"/><testcase time="-3712.570287542257" classname="p2.S10.SomeLongLongLongLongLongTestName_111" name="Run 0" assertions="3 total, 0 failed, 3 succeeded"/><testcase time="-2952.5434573934863" classname="p2.S10.SomeLongLongLongLongLongTestName_112" name="Run 0" assertions="3 total, 0 failed, 3 succeeded"/><testcase time="-4998.078501502511" classname="p2.S10.SomeLongLongLongLongLongTestName_113" name="Run 0" assertions="3 total, 0 failed, 3 succeeded"/><testcase time="-4310.392203298713" classname="p2.S10.SomeLongLongLongLongLongTestName_114" name="Run 0" assertions="3 total, 0 failed, 3 succeeded"/><testcase time="-1692.6550300434674" classname="p2.S10.SomeLongLongLongLongLongTestName_115" name="Run 0" assertions="3 total, 0 failed, 3 succeeded"/><testcase time="-9322.507754820654" classname="p2.S10.SomeLongLongLongLongLongTestName_116" name="Run 0" assertions="3 total, 0 failed, 3 succeeded"/><testcase time="-421.1244200968694" classname="p2.S10.SomeLongLongLongLongLongTestName_117" name="Run 0" assertions="3 total, 0 failed, 3 succeeded"/><testcase time="-7605.922288281179" classname="p2.S10.SomeLongLongLongLongLongTestName_118" name="Run 0" assertions="3 total, 0 failed, 3 succeeded"/><testcase time="-1611.150808297582" classname="p2.S10.SomeLongLongLongLongLongTestName_119" name="Run 0" assertions="3 total, 0 failed, 3 succeeded"/><testcase time="-4829.242131060841" classname="p2.S10.SomeLongLongLongLongLongTestName_120" name="Run 0" assertions="3 total, 0 failed, 3 succeeded"/><testcase time="-5536.703332614346" classname="p2.S10.SomeLongLongLongLongLongTestName_121" name="Run 0" assertions="3 total, 0 failed, 3 succeeded"/><testcase time="-6706.697550517126" classname="p2.S10.SomeLongLongLongLongLongTestName_122" name="Run 0" assertions="3 total, 0 failed, 3 succeeded"/><testcase time="-395.2070421441578" classname="p2.S10.SomeLongLongLongLongLongTestName_123" name="Run 0" assertions="3 total, 0 failed, 3 succeeded"/><testcase time="-8317.28654256656" classname="p2.S10.SomeLongLongLongLongLongTestName_124" name="Run 0" assertions="3 total, 0 failed, 3 succeeded"/><testcase time="-1648.487397171955" classname="p2.S10.SomeLongLongLongLongLongTestName_125" name="Run 0" assertions="3 total, 0 failed, 3 succeeded"/><testcase time="-7547.297671437406" classname="p2.S10.SomeLongLongLongLongLongTestName_126" name="Run 0" assertions="3 total, 0 failed, 3 succeeded"/><testcase time="-2639.1313154323243" classname="p2.S10.SomeLongLongLongLongLongTestName_127" name="Run 0" assertions="3 total, 0 failed, 3 succeeded"/><testcase time="-1883.604521103947" classname="p2.S10.SomeLongLongLongLongLongTestName_128" name="Run 0" assertions="3 total, 0 failed, 3 succeeded"/><testcase time="-3932.595354228453" classname="p2.S10.SomeLongLongLongLongLongTestName_129" name="Run 0" assertions="3 total, 0 failed, 3 succeeded"/><testcase time="-7415.3821762407115" classname="p2.S10.SomeLongLongLongLongLongTestName_130" name="Run 0" assertions="3 total, 0 failed, 3 succeeded"/><testcase time="-8409.263010948178" classname="p2.S10.SomeLongLongLongLongLongTestName_131" name="Run 0" assertions="3 total, 0 failed, 3 succeeded"/><testcase time="-7718.0323053729735" classname="p2.S10.SomeLongLongLongLongLongTestName_132" name="Run 0" assertions="3 total, 0 failed, 3 succeeded"/><testcase time="-2100.343912737876" classname="p2.S10.SomeLongLongLongLongLongTestName_133" name="Run 0" assertions="3 total, 0 failed, 3 succeeded"/><testcase time="-6805.30830128604" classname="p2.S10.SomeLongLongLongLongLongTestName_134" name="Run 0" assertions="3 total, 0 failed, 3 succeeded"/><testcase time="-8023.406267383623" classname="p2.S10.SomeLongLongLongLongLongTestName_135" name="Run 0" assertions="3 total, 0 failed, 3 succeeded"/><testcase time="-4042.9231219505364" classname="p2.S10.SomeLongLongLongLongLongTestName_136" name="Run 0" assertions="3 total, 0 failed, 3 succeeded"/><testcase time="-5614.176115195672" classname="p2.S10.SomeLongLongLongLongLongTestName_137" name="Run 0" assertions="3 total, 0 failed, 3 succeeded"/><testcase time="-7017.370162181518" classname="p2.S10.SomeLongLongLongLongLongTestName_138" name="Run 0" assertions="3 total, 0 failed, 3 succeeded"/><testcase time="-2599.0160805116416" classname="p2.S10.SomeLongLongLongLongLongTestName_139" name="Run 0" assertions="3 total, 0 failed, 3 succeeded"/><testcase time="-6741.905676989695" classname="p2.S10.SomeLongLongLongLongLongTestName_140" name="Run 0" assertions="3 total, 0 failed, 3 succeeded"/><testcase time="-1098.1148677386489" classname="p2.S10.SomeLongLongLongLongLongTestName_141" name="Run 0" assertions="3 total, 0 failed, 3 succeeded"/><testcase time="-3838.1201878471593" classname="p2.S10.SomeLongLongLongLongLongTestName_142" name="Run 0" assertions="3 total, 0 failed, 3 succeeded"/><testcase time="-9774.041204421268" classname="p2.S10.SomeLongLongLongLongLongTestName_143" name="Run 0" assertions="3 total, 0 failed, 3 succeeded"/><testcase time="-5315.533493053212" classname="p2.S10.SomeLongLongLongLongLongTestName_144" name="Run 0" assertions="3 total, 0 failed, 3 succeeded"/><testcase time="-5718.542559058031" classname="p2.S10.SomeLongLongLongLongLongTestName_145" name="Run 0" assertions="3 total, 0 failed, 3 succeeded"/><testcase time="-1608.4152399443178" classname="p2.S10.SomeLongLongLongLongLongTestName_146" name="Run 0" assertions="3 total, 0 failed, 3 succeeded"/><testcase time="-2444.7628368133337" classname="p2.S10.SomeLongLongLongLongLongTestName_147" name="Run 0" assertions="3 total, 0 failed, 3 succeeded"/><testcase time="-7310.795967029956" classname="p2.S10.SomeLongLongLongLongLongTestName_148" name="Run 0" assertions="3 total, 0 failed, 3 succeeded"/><testcase time="-3975.680102412438" classname="p2.S10.SomeLongLongLongLongLongTestName_149" name="Run 0" assertions="3 total, 0 failed, 3 succeeded"/><testcase time="-7262.981549317778" classname="p2.S10.SomeLongLongLongLongLongTestName_150" name="Run 0" assertions="3 total, 0 failed, 3 succeeded"/><testcase time="-1214.3161241226906" classname="p2.S10.SomeLongLongLongLongLongTestName_151" name="Run 0" assertions="3 total, 0 failed, 3 succeeded"/><testcase time="-9334.675409540481" classname="p2.S10.SomeLongLongLongLongLongTestName_152" name="Run 0" assertions="3 total, 0 failed, 3 succeeded"/><testcase time="-1532.8281710529452" classname="p2.S10.SomeLongLongLongLongLongTestName_153" name="Run 0" assertions="3 total, 0 failed, 3 succeeded"/><testcase time="-4982.9993361960105" classname="p2.S10.SomeLongLongLongLongLongTestName_154" name="Run 0" assertions="3 total, 0 failed, 3 succeeded"/><testcase time="-370.9874443473878" classname="p2.S10.SomeLongLongLongLongLongTestName_155" name="Run 0" assertions="3 total, 0 failed, 3 succeeded"/><testcase time="-6781.674216773331" classname="p2.S10.SomeLongLongLongLongLongTestName_156" name="Run 0" assertions="3 total, 0 failed, 3 succeeded"/><testcase time="-7055.831821799636" classname="p2.S10.SomeLongLongLongLongLongTestName_157" name="Run 0" assertions="3 total, 0 failed, 3 succeeded"/><testcase time="-4023.362966279109" classname="p2.S10.SomeLongLongLongLongLongTestName_158" name="Run 0" assertions="3 total, 0 failed, 3 succeeded"/><testcase time="-7931.846931062826" classname="p2.S10.SomeLongLongLongLongLongTestName_159" name="Run 0" assertions="3 total, 0 failed, 3 succeeded"/><testcase time="-6956.2669120522305" classname="p2.S10.SomeLongLongLongLongLongTestName_160" name="Run 0" assertions="3 total, 0 failed, 3 succeeded"/><testcase time="-2817.512364256388" classname="p2.S10.SomeLongLongLongLongLongTestName_161" name="Run 0" assertions="3 total, 0 failed, 3 succeeded"/><testcase time="-8476.733025211019" classname="p2.S10.SomeLongLongLongLongLongTestName_162" name="Run 0" assertions="3 total, 0 failed, 3 succeeded"/><testcase time="-9483.65312182696" classname="p2.S10.SomeLongLongLongLongLongTestName_163" name="Run 0" assertions="3 total, 0 failed, 3 succeeded"/><testcase time="-7932.057699256821" classname="p2.S10.SomeLongLongLongLongLongTestName_164" name="Run 0" assertions="3 total, 0 failed, 3 succeeded"/><testcase time="-9902.303894904893" classname="p2.S10.SomeLongLongLongLongLongTestName_165" name="Run 0" assertions="3 total, 0 failed, 3 succeeded"/><testcase time="-2781.1219715338566" classname="p2.S10.SomeLongLongLongLongLongTestName_166" name="Run 0" assertions="3 total, 0 failed, 3 succeeded"/><testcase time="-308.3094116601338" classname="p2.S10.SomeLongLongLongLongLongTestName_167" name="Run 0" assertions="3 total, 0 failed, 3 succeeded"/><testcase time="-6815.729227873637" classname="p2.S10.SomeLongLongLongLongLongTestName_168" name="Run 0" assertions="3 total, 0 failed, 3 succeeded"/><testcase time="-7594.1037536527365" classname="p2.S10.SomeLongLongLongLongLongTestName_169" name="Run 0" assertions="3 total, 0 failed, 3 succeeded"/><testcase time="-1188.9742421230605" classname="p2.S10.SomeLongLongLongLongLongTestName_170" name="Run 0" assertions="3 total, 0 failed, 3 succeeded"/><testcase time="-8165.517555733478" classname="p2.S10.SomeLongLongLongLongLongTestName_171" name="Run 0" assertions="3 total, 0 failed, 3 succeeded"/><testcase time="-2909.1947403497984" classname="p2.S10.SomeLongLongLongLongLongTestName_172" name="Run 0" assertions="3 total, 0 failed, 3 succeeded"/><testcase time="-3455.257047892217" classname="p2.S10.SomeLongLongLongLongLongTestName_173" name="Run 0" assertions="3 total, 0 failed, 3 succeeded"/><testcase time="-6317.096415964499" classname="p2.S10.SomeLongLongLongLongLongTestName_174" name="Run 0" assertions="3 total, 0 failed, 3 succeeded"/><testcase time="-4272.43181763766" classname="p2.S10.SomeLongLongLongLongLongTestName_175" name="Run 0" assertions="3 total, 0 failed, 3 succeeded"/><testcase time="-333.36870186578443" classname="p2.S10.SomeLongLongLongLongLongTestName_176" name="Run 0" assertions="3 total, 0 failed, 3 succeeded"/><testcase time="-9379.379820762832" classname="p2.S10.SomeLongLongLongLongLongTestName_177" name="Run 0" assertions="3 total, 0 failed, 3 succeeded"/><testcase time="-8240.699971879641" classname="p2.S10.SomeLongLongLongLongLongTestName_178" name="Run 0" assertions="3 total, 0 failed, 3 succeeded"/><testcase time="-8447.19575531287" classname="p2.S10.SomeLongLongLongLongLongTestName_179" name="Run 0" assertions="3 total, 0 failed, 3 succeeded"/><testcase time="-416.870530357902" classname="p2.S10.SomeLongLongLongLongLongTestName_180" name="Run 0" assertions="3 total, 0 failed, 3 succeeded"/><testcase time="-7563.227281799108" classname="p2.S10.SomeLongLongLongLongLongTestName_181" name="Run 0" assertions="3 total, 0 failed, 3 succeeded"/><testcase time="-666.7570466408154" classname="p2.S10.SomeLongLongLongLongLongTestName_182" name="Run 0" assertions="3 total, 0 failed, 3 succeeded"/><testcase time="-6826.532258475251" classname="p2.S10.SomeLongLongLongLongLongTestName_183" name="Run 0" assertions="3 total, 0 failed, 3 succeeded"/><testcase time="-5437.41721292777" classname="p2.S10.SomeLongLongLongLongLongTestName_184" name="Run 0" assertions="3 total, 0 failed, 3 succeeded"/><testcase time="-956.6320986283705" classname="p2.S10.SomeLongLongLongLongLongTestName_185" name="Run 0" assertions="3 total, 0 failed, 3 succeeded"/><testcase time="-1174.7130284497296" classname="p2.S10.SomeLongLongLongLongLongTestName_186" name="Run 0" assertions="3 total, 0 failed, 3 succeeded"/><testcase time="-4402.721575299592" classname="p2.S10.SomeLongLongLongLongLongTestName_187" name="Run 0" assertions="3 total, 0 failed, 3 succeeded"/><testcase time="-8529.691218766056" classname="p2.S10.SomeLongLongLongLongLongTestName_188" name="Run 0" assertions="3 total, 0 failed, 3 succeeded"/><testcase time="-5701.940588694523" classname="p2.S10.SomeLongLongLongLongLongTestName_189" name="Run 0" assertions="3 total, 0 failed, 3 succeeded"/><testcase time="-6796.282392229292" classname="p2.S10.SomeLongLongLongLongLongTestName_190" name="Run 0" assertions="3 total, 0 failed, 3 succeeded"/><testcase time="-4933.124919879604" classname="p2.S10.SomeLongLongLongLongLongTestName_191" name="Run 0" assertions="3 total, 0 failed, 3 succeeded"/><testcase time="-5910.968702327075" classname="p2.S10.SomeLongLongLongLongLongTestName_192" name="Run 0" assertions="3 total, 0 failed, 3 succeeded"/><testcase time="-5552.907799715485" classname="p2.S10.SomeLongLongLongLongLongTestName_193" name="Run 0" assertions="3 total, 0 failed, 3 succeeded"/><testcase time="-8362.617534730887" classname="p2.S10.SomeLongLongLongLongLongTestName_194" name="Run 0" assertions="3 total, 0 failed, 3 succeeded"/><testcase time="-5823.508996040794" classname="p2.S10.SomeLongLongLongLongLongTestName_195" name="Run 0" assertions="3 total, 0 failed, 3 succeeded"/><testcase time="-1456.5362987128347" classname="p2.S10.SomeLongLongLongLongLongTestName_196" name="Run 0" assertions="3 total, 0 failed, 3 succeeded"/><testcase time="-1251.667063747357" classname="p2.S10.SomeLongLongLongLongLongTestName_197" name="Run 0" assertions="3 total, 0 failed, 3 succeeded"/><testcase time="-8678.72607567676" classname="p2.S10.SomeLongLongLongLongLongTestName_198" name="Run 0" assertions="3 total, 0 failed, 3 succeeded"/><testcase time="-5233.486365872746" classname="p2.S10.SomeLongLongLongLongLongTestName_199" name="Run 0" assertions="3 total, 0 failed, 3 succeeded"/><testcase time="-6161.1784870434185" classname="p2.S10.SomeLongLongLongLongLongTestName_200" name="Run 0" assertions="3 total, 0 failed, 3 succeeded"/><testcase time="-9130.06328009566" classname="p2.S10.SomeLongLongLongLongLongTestName_201" name="Run 0" assertions="3 total, 0 failed, 3 succeeded"/><testcase time="-2789.808053026218" classname="p2.S10.SomeLongLongLongLongLongTestName_202" name="Run 0" assertions="3 total, 0 failed, 3 succeeded"/><testcase time="-4424.099227294262" classname="p2.S10.SomeLongLongLongLongLongTestName_203" name="Run 0" assertions="3 total, 0 failed, 3 succeeded"/><testcase time="-4549.050955961977" classname="p2.S10.SomeLongLongLongLongLongTestName_204" name="Run 0" assertions="3 total, 0 failed, 3 succeeded"/><testcase time="-7579.610865717875" classname="p2.S10.SomeLongLongLongLongLongTestName_205" name="Run 0" assertions="3 total, 0 failed, 3 succeeded"/><testcase time="-1677.3730599659002" classname="p2.S10.SomeLongLongLongLongLongTestName_206" name="Run 0" assertions="3 total, 0 failed, 3 succeeded"/><testcase time="-7819.467443470534" classname="p2.S10.SomeLongLongLongLongLongTestName_207" name="Run 0" assertions="3 total, 0 failed, 3 succeeded"/><testcase time="-8035.460364076495" classname="p2.S10.SomeLongLongLongLongLongTestName_208" name="Run 0" assertions="3 total, 0 failed, 3 succeeded"/><testcase time="-9806.696788895537" classname="p2.S10.SomeLongLongLongLongLongTestName_209" name="Run 0" assertions="3 total, 0 failed, 3 succeeded"/><testcase time="-1440.611834180993" classname="p2.S10.SomeLongLongLongLongLongTestName_210" name="Run 0" assertions="3 total, 0 failed, 3 succeeded"/><testcase time="-7673.563717848215" classname="p2.S10.SomeLongLongLongLongLongTestName_211" name="Run 0" assertions="3 total, 0 failed, 3 succeeded"/><testcase time="-2445.7700380797105" classname="p2.S10.SomeLongLongLongLongLongTestName_212" name="Run 0" assertions="3 total, 0 failed, 3 succeeded"/><testcase time="-7400.373728163718" classname="p2.S10.SomeLongLongLongLongLongTestName_213" name="Run 0" assertions="3 total, 0 failed, 3 succeeded"/><testcase time="-4761.5823160953805" classname="p2.S10.SomeLongLongLongLongLongTestName_214" name="Run 0" assertions="3 total, 0 failed, 3 succeeded"/><testcase time="-1634.1875190844091" classname="p2.S10.SomeLongLongLongLongLongTestName_215" name="Run 0" assertions="3 total, 0 failed, 3 succeeded"/><testcase time="-2295.6154019432997" classname="p2.S10.SomeLongLongLongLongLongTestName_216" name="Run 0" assertions="3 total, 0 failed, 3 succeeded"/><testcase time="-8053.791203093858" classname="p2.S10.SomeLongLongLongLongLongTestName_217" name="Run 0" assertions="3 total, 0 failed, 3 succeeded"/><testcase time="-1878.6156784623915" classname="p2.S10.SomeLongLongLongLongLongTestName_218" name="Run 0" assertions="3 total, 0 failed, 3 succeeded"/><testcase time="-5556.720248313389" classname="p2.S10.SomeLongLongLongLongLongTestName_219" name="Run 0" assertions="3 total, 0 failed, 3 succeeded"/><testcase time="-6284.054600108448" classname="p2.S10.SomeLongLongLongLongLongTestName_220" name="Run 0" assertions="3 total, 0 failed, 3 succeeded"/><testcase time="-5714.142314735797" classname="p2.S10.SomeLongLongLongLongLongTestName_221" name="Run 0" assertions="3 total, 0 failed, 3 succeeded"/><testcase time="-2496.7190131818697" classname="p2.S10.SomeLongLongLongLongLongTestName_222" name="Run 0" assertions="3 total, 0 failed, 3 succeeded"/><testcase time="-3783.027908827193" classname="p2.S10.SomeLongLongLongLongLongTestName_223" name="Run 0" assertions="3 total, 0 failed, 3 succeeded"/><testcase time="-1311.3999894037306" classname="p2.S10.SomeLongLongLongLongLongTestName_224" name="Run 0" assertions="3 total, 0 failed, 3 succeeded"/><testcase time="-1582.5085243346296" classname="p2.S10.SomeLongLongLongLongLongTestName_225" name="Run 0" assertions="3 total, 0 failed, 3 succeeded"/><testcase time="-4372.542013140382" classname="p2.S10.SomeLongLongLongLongLongTestName_226" name="Run 0" assertions="3 total, 0 failed, 3 succeeded"/><testcase time="-6375.605124235562" classname="p2.S10.SomeLongLongLongLongLongTestName_227" name="Run 0" assertions="3 total, 0 failed, 3 succeeded"/><testcase time="-1190.819110896234" classname="p2.S10.SomeLongLongLongLongLongTestName_228" name="Run 0" assertions="3 total, 0 failed, 3 succeeded"/><testcase time="-1243.4033575633384" classname="p2.S10.SomeLongLongLongLongLongTestName_229" name="Run 0" assertions="3 total, 0 failed, 3 succeeded"/><testcase time="-1876.1167259318597" classname="p2.S10.SomeLongLongLongLongLongTestName_230" name="Run 0" assertions="3 total, 0 failed, 3 succeeded"/><testcase time="-4073.2640414594093" classname="p2.S10.SomeLongLongLongLongLongTestName_231" name="Run 0" assertions="3 total, 0 failed, 3 succeeded"/><testcase time="-2168.885273577024" classname="p2.S10.SomeLongLongLongLongLongTestName_232" name="Run 0" assertions="3 total, 0 failed, 3 succeeded"/><testcase time="-7796.602337447169" classname="p2.S10.SomeLongLongLongLongLongTestName_233" name="Run 0" assertions="3 total, 0 failed, 3 succeeded"/><testcase time="-1840.0207481395" classname="p2.S10.SomeLongLongLongLongLongTestName_234" name="Run 0" assertions="3 total, 0 failed, 3 succeeded"/><testcase time="-9554.507917320698" classname="p2.S10.SomeLongLongLongLongLongTestName_235" name="Run 0" assertions="3 total, 0 failed, 3 succeeded"/><testcase time="-3413.1430894870787" classname="p2.S10.SomeLongLongLongLongLongTestName_236" name="Run 0" assertions="3 total, 0 failed, 3 succeeded"/><testcase time="-9694.171291326316" classname="p2.S10.SomeLongLongLongLongLongTestName_237" name="Run 0" assertions="3 total, 0 failed, 3 succeeded"/><testcase time="-5901.700447462088" classname="p2.S10.SomeLongLongLongLongLongTestName_238" name="Run 0" assertions="3 total, 0 failed, 3 succeeded"/><testcase time="-4230.721372148617" classname="p2.S10.SomeLongLongLongLongLongTestName_239" name="Run 0" assertions="3 total, 0 failed, 3 succeeded"/><testcase time="-7187.608387455126" classname="p2.S10.SomeLongLongLongLongLongTestName_240" name="Run 0" assertions="3 total, 0 failed, 3 succeeded"/><testcase time="-4804.517224575906" classname="p2.S10.SomeLongLongLongLongLongTestName_241" name="Run 0" assertions="3 total, 0 failed, 3 succeeded"/><testcase time="-1510.4379480818764" classname="p2.S10.SomeLongLongLongLongLongTestName_242" name="Run 0" assertions="3 total, 0 failed, 3 succeeded"/><testcase time="-5673.283639836428" classname="p2.S10.SomeLongLongLongLongLongTestName_243" name="Run 0" assertions="3 total, 0 failed, 3 succeeded"/><testcase time="-1981.9733981068155" classname="p2.S10.SomeLongLongLongLongLongTestName_244" name="Run 0" assertions="3 total, 0 failed, 3 succeeded"/><testcase time="-7776.637867328242" classname="p2.S10.SomeLongLongLongLongLongTestName_245" name="Run 0" assertions="3 total, 0 failed, 3 succeeded"/><testcase time="-9530.101737451178" classname="p2.S10.SomeLongLongLongLongLongTestName_246" name="Run 0" assertions="3 total, 0 failed, 3 succeeded"/><testcase time="-136.47097263123072" classname="p2.S10.SomeLongLongLongLongLongTestName_247" name="Run 0" assertions="3 total, 0 failed, 3 succeeded"/><testcase time="-2102.523944329869" classname="p2.S10.SomeLongLongLongLongLongTestName_248" name="Run 0" assertions="3 total, 0 failed, 3 succeeded"/><testcase time="-2332.3611150581096" classname="p2.S10.SomeLongLongLongLongLongTestName_249" name="Run 0" assertions="3 total, 0 failed, 3 succeeded"/><testcase time="-8139.881611363237" classname="p2.S10.SomeLongLongLongLongLongTestName_250" name="Run 0" assertions="3 total, 0 failed, 3 succeeded"/><testcase time="-5232.441799073394" classname="p2.S10.SomeLongLongLongLongLongTestName_251" name="Run 0" assertions="3 total, 0 failed, 3 succeeded"/><testcase time="-8980.818594618497" classname="p2.S10.SomeLongLongLongLongLongTestName_252" name="Run 0" assertions="3 total, 0 failed, 3 succeeded"/><testcase time="-1906.4288918286506" classname="p2.S10.SomeLongLongLongLongLongTestName_253" name="Run 0" assertions="3 total, 0 failed, 3 succeeded"/><testcase time="-4888.801416795262" classname="p2.S10.SomeLongLongLongLongLongTestName_254" name="Run 0" assertions="3 total, 0 failed, 3 succeeded"/><testcase time="-3301.1620060436817" classname="p2.S10.SomeLongLongLongLongLongTestName_255" name="Run 0" assertions="3 total, 0 failed, 3 succeeded"/><testcase time="-7565.726512966658" classname="p2.S10.SomeLongLongLongLongLongTestName_256" name="Run 0" assertions="3 total, 0 failed, 3 succeeded"/><testcase time="-8671.536193036902" classname="p2.S10.SomeLongLongLongLongLongTestName_257" name="Run 0" assertions="3 total, 0 failed, 3 succeeded"/><testcase time="-8557.619508357639" classname="p2.S10.SomeLongLongLongLongLongTestName_258" name="Run 0" assertions="3 total, 0 failed, 3 succeeded"/><testcase time="-9947.733297499943" classname="p2.S10.SomeLongLongLongLongLongTestName_259" name="Run 0" assertions="3 total, 0 failed, 3 succeeded"/><testcase time="-8259.648671606967" classname="p2.S10.SomeLongLongLongLongLongTestName_260" name="Run 0" assertions="3 total, 0 failed, 3 succeeded"/><testcase time="-9734.038039760593" classname="p2.S10.SomeLongLongLongLongLongTestName_261" name="Run 0" assertions="3 total, 0 failed, 3 succeeded"/><testcase time="-1543.3229687633952" classname="p2.S10.SomeLongLongLongLongLongTestName_262" name="Run 0" assertions="3 total, 0 failed, 3 succeeded"/><testcase time="-9040.967111086398" classname="p2.S10.SomeLongLongLongLongLongTestName_263" name="Run 0" assertions="3 total, 0 failed, 3 succeeded"/><testcase time="-8652.180397373295" classname="p2.S10.SomeLongLongLongLongLongTestName_264" name="Run 0" assertions="3 total, 0 failed, 3 succeeded"/><testcase time="-4863.235165889072" classname="p2.S10.SomeLongLongLongLongLongTestName_265" name="Run 0" assertions="3 total, 0 failed, 3 succeeded"/><testcase time="-8323.64397563905" classname="p2.S10.SomeLongLongLongLongLongTestName_266" name="Run 0" assertions="3 total, 0 failed, 3 succeeded"/><testcase time="-60.93489250778889" classname="p2.S10.SomeLongLongLongLongLongTestName_267" name="Run 0" assertions="3 total, 0 failed, 3 succeeded"/><testcase time="-7898.392708915523" classname="p2.S10.SomeLongLongLongLongLongTestName_268" name="Run 0" assertions="3 total, 0 failed, 3 succeeded"/><testcase time="-7549.774224025497" classname="p2.S10.SomeLongLongLongLongLongTestName_269" name="Run 0" assertions="3 total, 0 failed, 3 succeeded"/><testcase time="-4633.656277739065" classname="p2.S10.SomeLongLongLongLongLongTestName_270" name="Run 0" assertions="3 total, 0 failed, 3 succeeded"/><testcase time="-3006.1314789516273" classname="p2.S10.SomeLongLongLongLongLongTestName_271" name="Run 0" assertions="3 total, 0 failed, 3 succeeded"/><testcase time="-9336.063938278077" classname="p2.S10.SomeLongLongLongLongLongTestName_272" name="Run 0" assertions="3 total, 0 failed, 3 succeeded"/><testcase time="-6504.945529210358" classname="p2.S10.SomeLongLongLongLongLongTestName_273" name="Run 0" assertions="3 total, 0 failed, 3 succeeded"/><testcase time="-1098.9731720019013" classname="p2.S10.SomeLongLongLongLongLongTestName_274" name="Run 0" assertions="3 total, 0 failed, 3 succeeded"/><testcase time="-462.944837303099" classname="p2.S10.SomeLongLongLongLongLongTestName_275" name="Run 0" assertions="3 total, 0 failed, 3 succeeded"/><testcase time="-2651.9023994853414" classname="p2.S10.SomeLongLongLongLongLongTestName_276" name="Run 0" assertions="3 total, 0 failed, 3 succeeded"/><testcase time="-1667.9210325928689" classname="p2.S10.SomeLongLongLongLongLongTestName_277" name="Run 0" assertions="3 total, 0 failed, 3 succeeded"/><testcase time="-1113.2221190372788" classname="p2.S10.SomeLongLongLongLongLongTestName_278" name="Run 0" assertions="3 total, 0 failed, 3 succeeded"/><testcase time="-3642.3586116402553" classname="p2.S10.SomeLongLongLongLongLongTestName_279" name="Run 0" assertions="3 total, 0 failed, 3 succeeded"/><testcase time="-9116.553226669594" classname="p2.S10.SomeLongLongLongLongLongTestName_280" name="Run 0" assertions="3 total, 0 failed, 3 succeeded"/><testcase time="-6132.3244913352555" classname="p2.S10.SomeLongLongLongLongLongTestName_281" name="Run 0" assertions="3 total, 0 failed, 3 succeeded"/><testcase time="-3963.3513815858705" classname="p2.S10.SomeLongLongLongLongLongTestName_282" name="Run 0" assertions="3 total, 0 failed, 3 succeeded"/><testcase time="-556.7238127447986" classname="p2.S10.SomeLongLongLongLongLongTestName_283" name="Run 0" assertions="3 total, 0 failed, 3 succeeded"/><testcase time="-6129.807373990448" classname="p2.S10.SomeLongLongLongLongLongTestName_284" name="Run 0" assertions="3 total, 0 failed, 3 succeeded"/><testcase time="-3434.469424101271" classname="p2.S10.SomeLongLongLongLongLongTestName_285" name="Run 0" assertions="3 total, 0 failed, 3 succeeded"/><testcase time="0" classname="p2.S10.SomeLongLongLongLongLongTestName_286" name="Run 0" assertions="3 total, 0 failed, 3 succeeded"><skipped type="Skipped" message="This test was disabled."/></testcase><testcase time="0" classname="p2.S10.SomeLongLongLongLongLongTestName_287" name="Run 0" assertions="3 total, 0 failed, 3 succeeded"><skipped type="Skipped" message="This test was disabled."/></testcase><testcase time="0" classname="p2.S10.SomeLongLongLongLongLongTestName_288" name="Run 0" assertions="3 total, 0 failed, 3 succeeded"><skipped type="Skipped" message="This test was disabled."/></testcase><testcase time="0" classname="p2.S10.SomeLongLongLongLongLongTestName_289" name="Run 0" assertions="3 total, 0 failed, 3 succeeded"><skipped type="Skipped" message="This test was disabled."/></testcase><testcase time="0" classname="p2.S10.SomeLongLongLongLongLongTestName_290" name="Run 0" assertions="3 total, 0 failed, 3 succeeded"><skipped type="Skipped" message="This test was disabled."/></testcase><testcase time="0" classname="p2.S10.SomeLongLongLongLongLongTestName_291" name="Run 0" assertions="3 total, 0 failed, 3 succeeded"><skipped type="Skipped" message="This test was disabled."/></testcase><testcase time="0" classname="p2.S10.SomeLongLongLongLongLongTestName_292" name="Run 0" assertions="3 total, 0 failed, 3 succeeded"><skipped type="Skipped" message="This test was disabled."/></testcase><testcase time="0" classname="p2.S10.SomeLongLongLongLongLongTestName_293" name="Run 0" assertions="3 total, 0 failed, 3 succeeded"><skipped type="Skipped" message="This test was disabled."/></testcase><testcase time="0" classname="p2.S10.SomeLongLongLongLongLongTestName_294" name="Run 0" assertions="3 total, 0 failed, 3 succeeded"><skipped type="Skipped" message="This test was disabled."/></testcase><testcase time="0" classname="p2.S10.SomeLongLongLongLongLongTestName_295" name="Run 0" assertions="3 total, 0 failed, 3 succeeded"><skipped type="Skipped" message="This test was disabled."/></testcase><testcase time="0" classname="p2.S10.SomeLongLongLongLongLongTestName_296" name="Run 0" assertions="3 total, 0 failed, 3 succeeded"><skipped type="Skipped" message="This test was disabled."/></testcase><testcase time="0" classname="p2.S10.SomeLongLongLongLongLongTestName_297" name="Run 0" assertions="3 total, 0 failed, 3 succeeded"><skipped type="Skipped" message="This test was disabled."/></testcase><testcase time="0" classname="p2.S10.SomeLongLongLongLongLongTestName_298" name="Run 0" assertions="3 total, 0 failed, 3 succeeded"><skipped type="Skipped" message="This test was disabled."/></testcase><testcase time="0" classname="p2.S10.SomeLongLongLongLongLongTestName_299" name="Run 0" assertions="3 total, 0 failed, 3 succeeded"><skipped type="Skipped" message="This test was disabled."/></testcase><testcase time="0" classname="p2.S10.SomeLongLongLongLongLongTestName_300" name="Run 0" assertions="3 total, 0 failed, 3 succeeded"><skipped type="Skipped" message="This test was disabled."/></testcase><testcase time="0" classname="p2.S10.SomeLongLongLongLongLongTestName_301" name="Run 0" assertions="3 total, 0 failed, 3 succeeded"><skipped type="Skipped" message="This test was disabled."/></testcase><testcase time="0" classname="p2.S10.SomeLongLongLongLongLongTestName_302" name="Run 0" assertions="3 total, 0 failed, 3 succeeded"><skipped type="Skipped" message="This test was disabled."/></testcase><testcase time="0" classname="p2.S10.SomeLongLongLongLongLongTestName_303" name="Run 0" assertions="3 total, 0 failed, 3 succeeded"><skipped type="Skipped" message="This test was disabled."/></testcase><testcase time="0" classname="p2.S10.SomeLongLongLongLongLongTestName_304" name="Run 0" assertions="3 total, 0 failed, 3 succeeded"><skipped type="Skipped" message="This test was disabled."/></testcase><testcase time="0" classname="p2.S10.SomeLongLongLongLongLongTestName_305" name="Run 0" assertions="3 total, 0 failed, 3 succeeded"><skipped type="Skipped" message="This test was disabled."/></testcase><testcase time="0" classname="p2.S10.SomeLongLongLongLongLongTestName_306" name="Run 0" assertions="3 total, 0 failed, 3 succeeded"><skipped type="Skipped" message="This test was disabled."/></testcase><testcase time="0" classname="p2.S10.SomeLongLongLongLongLongTestName_307" name="Run 0" assertions="3 total, 0 failed, 3 succeeded"><skipped type="Skipped" message="This test was disabled."/></testcase><testcase time="0" classname="p2.S10.SomeLongLongLongLongLongTestName_308" name="Run 0" assertions="3 total, 0 failed, 3 succeeded"><skipped type="Skipped" message="This test was disabled."/></testcase><testcase time="0" classname="p2.S10.SomeLongLongLongLongLongTestName_309" name="Run 0" assertions="3 total, 0 failed, 3 succeeded"><skipped type="Skipped" message="This test was disabled."/></testcase><testcase time="0" classname="p2.S10.SomeLongLongLongLongLongTestName_310" name="Run 0" assertions="3 total, 0 failed, 3 succeeded"><skipped type="Skipped" message="This test was disabled."/></testcase><testcase time="0" classname="p2.S10.SomeLongLongLongLongLongTestName_311" name="Run 0" assertions="3 total, 0 failed, 3 succeeded"><skipped type="Skipped" message="This test was disabled."/></testcase><testcase time="0" classname="p2.S10.SomeLongLongLongLongLongTestName_312" name="Run 0" assertions="3 total, 0 failed, 3 succeeded"><skipped type="Skipped" message="This test was disabled."/></testcase><testcase time="0" classname="p2.S10.SomeLongLongLongLongLongTestName_313" name="Run 0" assertions="3 total, 0 failed, 3 succeeded"><skipped type="Skipped" message="This test was disabled."/></testcase><testcase time="0" classname="p2.S10.SomeLongLongLongLongLongTestName_314" name="Run 0" assertions="3 total, 0 failed, 3 succeeded"><skipped type="Skipped" message="This test was disabled."/></testcase><testcase time="0" classname="p2.S10.SomeLongLongLongLongLongTestName_315" name="Run 0" assertions="3 total, 0 failed, 3 succeeded"><skipped type="Skipped" message="This test was disabled."/></testcase><testcase time="0" classname="p2.S10.SomeLongLongLongLongLongTestName_316" name="Run 0" assertions="3 total, 0 failed, 3 succeeded"><skipped type="Skipped" message="This test was disabled."/></testcase><testcase time="0" classname="p2.S10.SomeLongLongLongLongLongTestName_317" name="Run 0" assertions="3 total, 0 failed, 3 succeeded"><skipped type="Skipped" message="This test was disabled."/></testcase><testcase time="0" classname="p2.S10.SomeLongLongLongLongLongTestName_318" name="Run 0" assertions="3 total, 0 failed, 3 succeeded"><skipped type="Skipped" message="This test was disabled."/></testcase><testcase time="0" classname="p2.S10.SomeLongLongLongLongLongTestName_319" name="Run 0" assertions="3 total, 0 failed, 3 succeeded"><skipped type="Skipped" message="This test was disabled."/></testcase><testcase time="0" classname="p2.S10.SomeLongLongLongLongLongTestName_320" name="Run 0" assertions="3 total, 0 failed, 3 succeeded"><skipped type="Skipped" message="This test was disabled."/></testcase><testcase time="0" classname="p2.S10.SomeLongLongLongLongLongTestName_321" name="Run 0" assertions="3 total, 0 failed, 3 succeeded"><skipped type="Skipped" message="This test was disabled."/></testcase><testcase time="0" classname="p2.S10.SomeLongLongLongLongLongTestName_322" name="Run 0" assertions="3 total, 0 failed, 3 succeeded"><skipped type="Skipped" message="This test was disabled."/></testcase><testcase time="0" classname="p2.S10.SomeLongLongLongLongLongTestName_323" name="Run 0" assertions="3 total, 0 failed, 3 succeeded"><skipped type="Skipped" message="This test was disabled."/></testcase><testcase time="0" classname="p2.S10.SomeLongLongLongLongLongTestName_324" name="Run 0" assertions="3 total, 0 failed, 3 succeeded"><skipped type="Skipped" message="This test was disabled."/></testcase><testcase time="0" classname="p2.S10.SomeLongLongLongLongLongTestName_325" name="Run 0" assertions="3 total, 0 failed, 3 succeeded"><skipped type="Skipped" message="This test was disabled."/></testcase><testcase time="0" classname="p2.S10.SomeLongLongLongLongLongTestName_326" name="Run 0" assertions="3 total, 0 failed, 3 succeeded"><skipped type="Skipped" message="This test was disabled."/></testcase><testcase time="0" classname="p2.S10.SomeLongLongLongLongLongTestName_327" name="Run 0" assertions="3 total, 0 failed, 3 succeeded"><skipped type="Skipped" message="This test was disabled."/></testcase><testcase time="0" classname="p2.S10.SomeLongLongLongLongLongTestName_328" name="Run 0" assertions="3 total, 0 failed, 3 succeeded"><skipped type="Skipped" message="This test was disabled."/></testcase><testcase time="0" classname="p2.S10.SomeLongLongLongLongLongTestName_329" name="Run 0" assertions="3 total, 0 failed, 3 succeeded"><skipped type="Skipped" message="This test was disabled."/></testcase><testcase time="0" classname="p2.S10.SomeLongLongLongLongLongTestName_330" name="Run 0" assertions="3 total, 0 failed, 3 succeeded"><skipped type="Skipped" message="This test was disabled."/></testcase><testcase time="0" classname="p2.S10.SomeLongLongLongLongLongTestName_331" name="Run 0" assertions="3 total, 0 failed, 3 succeeded"><skipped type="Skipped" message="This test was disabled."/></testcase><testcase time="0" classname="p2.S10.SomeLongLongLongLongLongTestName_332" name="Run 0" assertions="3 total, 0 failed, 3 succeeded"><skipped type="Skipped" message="This test was disabled."/></testcase><testcase time="0" classname="p2.S10.SomeLongLongLongLongLongTestName_333" name="Run 0" assertions="3 total, 0 failed, 3 succeeded"><skipped type="Skipped" message="This test was disabled."/></testcase><testcase time="0" classname="p2.S10.SomeLongLongLongLongLongTestName_334" name="Run 0" assertions="3 total, 0 failed, 3 succeeded"><skipped type="Skipped" message="This test was disabled."/></testcase><testcase time="0" classname="p2.S10.SomeLongLongLongLongLongTestName_335" name="Run 0" assertions="3 total, 0 failed, 3 succeeded"><skipped type="Skipped" message="This test was disabled."/></testcase><testcase time="0" classname="p2.S10.SomeLongLongLongLongLongTestName_336" name="Run 0" assertions="3 total, 0 failed, 3 succeeded"><skipped type="Skipped" message="This test was disabled."/></testcase><testcase time="0" classname="p2.S10.SomeLongLongLongLongLongTestName_337" name="Run 0" assertions="3 total, 0 failed, 3 succeeded"><skipped type="Skipped" message="This test was disabled."/></testcase><testcase time="0" classname="p2.S10.SomeLongLongLongLongLongTestName_338" name="Run 0" assertions="3 total, 0 failed, 3 succeeded"><skipped type="Skipped" message="This test was disabled."/></testcase><testcase time="0" classname="p2.S10.SomeLongLongLongLongLongTestName_339" name="Run 0" assertions="3 total, 0 failed, 3 succeeded"><skipped type="Skipped" message="This test was disabled."/></testcase><testcase time="0" classname="p2.S10.SomeLongLongLongLongLongTestName_340" name="Run 0" assertions="3 total, 0 failed, 3 succeeded"><skipped type="Skipped" message="This test was disabled."/></testcase><testcase time="0" classname="p2.S10.SomeLongLongLongLongLongTestName_341" name="Run 0" assertions="3 total, 0 failed, 3 succeeded"><skipped type="Skipped" message="This test was disabled."/></testcase><testcase time="0" classname="p2.S10.SomeLongLongLongLongLongTestName_342" name="Run 0" assertions="3 total, 0 failed, 3 succeeded"><skipped type="Skipped" message="This test was disabled."/></testcase><testcase time="0" classname="p2.S10.SomeLongLongLongLongLongTestName_343" name="Run 0" assertions="3 total, 0 failed, 3 succeeded"><skipped type="Skipped" message="This test was disabled."/></testcase><testcase time="0" classname="p2.S10.SomeLongLongLongLongLongTestName_344" name="Run 0" assertions="3 total, 0 failed, 3 succeeded"><skipped type="Skipped" message="This test was disabled."/></testcase><testcase time="0" classname="p2.S10.SomeLongLongLongLongLongTestName_345" name="Run 0" assertions="3 total, 0 failed, 3 succeeded"><skipped type="Skipped" message="This test was disabled."/></testcase><testcase time="0" classname="p2.S10.SomeLongLongLongLongLongTestName_346" name="Run 0" assertions="3 total, 0 failed, 3 succeeded"><skipped type="Skipped" message="This test was disabled."/></testcase><testcase time="0" classname="p2.S10.SomeLongLongLongLongLongTestName_347" name="Run 0" assertions="3 total, 0 failed, 3 succeeded"><skipped type="Skipped" message="This test was disabled."/></testcase><testcase time="0" classname="p2.S10.SomeLongLongLongLongLongTestName_348" name="Run 0" assertions="3 total, 0 failed, 3 succeeded"><skipped type="Skipped" message="This test was disabled."/></testcase><testcase time="0" classname="p2.S10.SomeLongLongLongLongLongTestName_349" name="Run 0" assertions="3 total, 0 failed, 3 succeeded"><skipped type="Skipped" message="This test was disabled."/></testcase><testcase time="0" classname="p2.S10.SomeLongLongLongLongLongTestName_350" name="Run 0" assertions="3 total, 0 failed, 3 succeeded"><skipped type="Skipped" message="This test was disabled."/></testcase><testcase time="0" classname="p2.S10.SomeLongLongLongLongLongTestName_351" name="Run 0" assertions="3 total, 0 failed, 3 succeeded"><skipped type="Skipped" message="This test was disabled."/></testcase><testcase time="0" classname="p2.S10.SomeLongLongLongLongLongTestName_352" name="Run 0" assertions="3 total, 0 failed, 3 succeeded"><skipped type="Skipped" message="This test was disabled."/></testcase><testcase time="0" classname="p2.S10.SomeLongLongLongLongLongTestName_353" name="Run 0" assertions="3 total, 0 failed, 3 succeeded"><skipped type="Skipped" message="This test was disabled."/></testcase><testcase time="0" classname="p2.S10.SomeLongLongLongLongLongTestName_354" name="Run 0" assertions="3 total, 0 failed, 3 succeeded"><skipped type="Skipped" message="This test was disabled."/></testcase><testcase time="0" classname="p2.S10.SomeLongLongLongLongLongTestName_355" name="Run 0" assertions="3 total, 0 failed, 3 succeeded"><skipped type="Skipped" message="This test was disabled."/></testcase><testcase time="0" classname="p2.S10.SomeLongLongLongLongLongTestName_356" name="Run 0" assertions="3 total, 0 failed, 3 succeeded"><skipped type="Skipped" message="This test was disabled."/></testcase><testcase time="0" classname="p2.S10.SomeLongLongLongLongLongTestName_357" name="Run 0" assertions="3 total, 0 failed, 3 succeeded"><skipped type="Skipped" message="This test was disabled."/></testcase><testcase time="0" classname="p2.S10.SomeLongLongLongLongLongTestName_358" name="Run 0" assertions="3 total, 0 failed, 3 succeeded"><skipped type="Skipped" message="This test was disabled."/></testcase><testcase time="0" classname="p2.S10.SomeLongLongLongLongLongTestName_359" name="Run 0" assertions="3 total, 0 failed, 3 succeeded"><skipped type="Skipped" message="This test was disabled."/></testcase><testcase time="0" classname="p2.S10.SomeLongLongLongLongLongTestName_360" name="Run 0" assertions="3 total, 0 failed, 3 succeeded"><skipped type="Skipped" message="This test was disabled."/></testcase><testcase time="0" classname="p2.S10.SomeLongLongLongLongLongTestName_361" name="Run 0" assertions="3 total, 0 failed, 3 succeeded"><skipped type="Skipped" message="This test was disabled."/></testcase><testcase time="0" classname="p2.S10.SomeLongLongLongLongLongTestName_362" name="Run 0" assertions="3 total, 0 failed, 3 succeeded"><skipped type="Skipped" message="This test was disabled."/></testcase><testcase time="0" classname="p2.S10.SomeLongLongLongLongLongTestName_363" name="Run 0" assertions="3 total, 0 failed, 3 succeeded"><skipped type="Skipped" message="This test was disabled."/></testcase><testcase time="0" classname="p2.S10.SomeLongLongLongLongLongTestName_364" name="Run 0" assertions="3 total, 0 failed, 3 succeeded"><skipped type="Skipped" message="This test was disabled."/></testcase><testcase time="0" classname="p2.S10.SomeLongLongLongLongLongTestName_365" name="Run 0" assertions="3 total, 0 failed, 3 succeeded"><skipped type="Skipped" message="This test was disabled."/></testcase><testcase time="0" classname="p2.S10.SomeLongLongLongLongLongTestName_366" name="Run 0" assertions="3 total, 0 failed, 3 succeeded"><skipped type="Skipped" message="This test was disabled."/></testcase><testcase time="0" classname="p2.S10.SomeLongLongLongLongLongTestName_367" name="Run 0" assertions="3 total, 0 failed, 3 succeeded"><skipped type="Skipped" message="This test was disabled."/></testcase><testcase time="0" classname="p2.S10.SomeLongLongLongLongLongTestName_368" name="Run 0" assertions="3 total, 0 failed, 3 succeeded"><skipped type="Skipped" message="This test was disabled."/></testcase><testcase time="0" classname="p2.S10.SomeLongLongLongLongLongTestName_369" name="Run 0" assertions="3 total, 0 failed, 3 succeeded"><skipped type="Skipped" message="This test was disabled."/></testcase><testcase time="0" classname="p2.S10.SomeLongLongLongLongLongTestName_370" name="Run 0" assertions="3 total, 0 failed, 3 succeeded"><skipped type="Skipped" message="This test was disabled."/></testcase><testcase time="0" classname="p2.S10.SomeLongLongLongLongLongTestName_371" name="Run 0" assertions="3 total, 0 failed, 3 succeeded"><skipped type="Skipped" message="This test was disabled."/></testcase><testcase time="0" classname="p2.S10.SomeLongLongLongLongLongTestName_372" name="Run 0" assertions="3 total, 0 failed, 3 succeeded"><skipped type="Skipped" message="This test was disabled."/></testcase><testcase time="0" classname="p2.S10.SomeLongLongLongLongLongTestName_373" name="Run 0" assertions="3 total, 0 failed, 3 succeeded"><skipped type="Skipped" message="This test was disabled."/></testcase><testcase time="0" classname="p2.S10.SomeLongLongLongLongLongTestName_374" name="Run 0" assertions="3 total, 0 failed, 3 succeeded"><skipped type="Skipped" message="This test was disabled."/></testcase><testcase time="0" classname="p2.S10.SomeLongLongLongLongLongTestName_375" name="Run 0" assertions="3 total, 0 failed, 3 succeeded"><skipped type="Skipped" message="This test was disabled."/></testcase><testcase time="0" classname="p2.S10.SomeLongLongLongLongLongTestName_376" name="Run 0" assertions="3 total, 0 failed, 3 succeeded"><skipped type="Skipped" message="This test was disabled."/></testcase><testcase time="0" classname="p2.S10.SomeLongLongLongLongLongTestName_377" name="Run 0" assertions="3 total, 0 failed, 3 succeeded"><skipped type="Skipped" message="This test was disabled."/></testcase><testcase time="0" classname="p2.S10.SomeLongLongLongLongLongTestName_378" name="Run 0" assertions="3 total, 0 failed, 3 succeeded"><skipped type="Skipped" message="This test was disabled."/></testcase><testcase time="0" classname="p2.S10.SomeLongLongLongLongLongTestName_379" name="Run 0" assertions="3 total, 0 failed, 3 succeeded"><skipped type="Skipped" message="This test was disabled."/></testcase><testcase time="0" classname="p2.S10.SomeLongLongLongLongLongTestName_380" name="Run 0" assertions="3 total, 0 failed, 3 succeeded"><skipped type="Skipped" message="This test was disabled."/></testcase><testcase time="0" classname="p2.S10.SomeLongLongLongLongLongTestName_381" name="Run 0" assertions="3 total, 0 failed, 3 succeeded"><skipped type="Skipped" message="This test was disabled."/></testcase><testcase time="0" classname="p2.S10.SomeLongLongLongLongLongTestName_382" name="Run 0" assertions="3 total, 0 failed, 3 succeeded"><skipped type="Skipped" message="This test was disabled."/></testcase><testcase time="0" classname="p2.S10.SomeLongLongLongLongLongTestName_383" name="Run 0" assertions="3 total, 0 failed, 3 succeeded"><skipped type="Skipped" message="This test was disabled."/></testcase><testcase time="0" classname="p2.S10.SomeLongLongLongLongLongTestName_384" name="Run 0" assertions="3 total, 0 failed, 3 succeeded"><skipped type="Skipped" message="This test was disabled."/></testcase><testcase time="0" classname="p2.S10.SomeLongLongLongLongLongTestName_385" name="Run 0" assertions="3 total, 0 failed, 3 succeeded"><skipped type="Skipped" message="This test was disabled."/></testcase><testcase time="0" classname="p2.S10.SomeLongLongLongLongLongTestName_386" name="Run 0" assertions="3 total, 0 failed, 3 succeeded"><skipped type="Skipped" message="This test was disabled."/></testcase><testcase time="0" classname="p2.S10.SomeLongLongLongLongLongTestName_387" name="Run 0" assertions="3 total, 0 failed, 3 succeeded"><skipped type="Skipped" message="This test was disabled."/></testcase><testcase time="0" classname="p2.S10.SomeLongLongLongLongLongTestName_388" name="Run 0" assertions="3 total, 0 failed, 3 succeeded"><skipped type="Skipped" message="This test was disabled."/></testcase><testcase time="0" classname="p2.S10.SomeLongLongLongLongLongTestName_389" name="Run 0" assertions="3 total, 0 failed, 3 succeeded"><skipped type="Skipped" message="This test was disabled."/></testcase><testcase time="0" classname="p2.S10.SomeLongLongLongLongLongTestName_390" name="Run 0" assertions="3 total, 0 failed, 3 succeeded"><skipped type="Skipped" message="This test was disabled."/></testcase><testcase time="0" classname="p2.S10.SomeLongLongLongLongLongTestName_391" name="Run 0" assertions="3 total, 0 failed, 3 succeeded"><skipped type="Skipped" message="This test was disabled."/></testcase><testcase time="0" classname="p2.S10.SomeLongLongLongLongLongTestName_392" name="Run 0" assertions="3 total, 0 failed, 3 succeeded"><skipped type="Skipped" message="This test was disabled."/></testcase><testcase time="0" classname="p2.S10.SomeLongLongLongLongLongTestName_393" name="Run 0" assertions="3 total, 0 failed, 3 succeeded"><skipped type="Skipped" message="This test was disabled."/></testcase><testcase time="0" classname="p2.S10.SomeLongLongLongLongLongTestName_394" name="Run 0" assertions="3 total, 0 failed, 3 succeeded"><skipped type="Skipped" message="This test was disabled."/></testcase><testcase time="0" classname="p2.S10.SomeLongLongLongLongLongTestName_395" name="Run 0" assertions="3 total, 0 failed, 3 succeeded"><skipped type="Skipped" message="This test was disabled."/></testcase><testcase time="0" classname="p2.S10.SomeLongLongLongLongLongTestName_396" name="Run 0" assertions="3 total, 0 failed, 3 succeeded"><skipped type="Skipped" message="This test was disabled."/></testcase><testcase time="0" classname="p2.S10.SomeLongLongLongLongLongTestName_397" name="Run 0" assertions="3 total, 0 failed, 3 succeeded"><skipped type="Skipped" message="This test was disabled."/></testcase><testcase time="0" classname="p2.S10.SomeLongLongLongLongLongTestName_398" name="Run 0" assertions="3 total, 0 failed, 3 succeeded"><skipped type="Skipped" message="This test was disabled."/></testcase><testcase time="0" classname="p2.S10.SomeLongLongLongLongLongTestName_399" name="Run 0" assertions="3 total, 0 failed, 3 succeeded"><skipped type="Skipped" message="This test was disabled."/></testcase><testcase time="0" classname="p2.S10.SomeLongLongLongLongLongTestName_400" name="Run 0" assertions="3 total, 0 failed, 3 succeeded"><skipped type="Skipped" message="This test was disabled."/></testcase><testcase time="0" classname="p2.S10.SomeLongLongLongLongLongTestName_401" name="Run 0" assertions="3 total, 0 failed, 3 succeeded"><skipped type="Skipped" message="This test was disabled."/></testcase><testcase time="0" classname="p2.S10.SomeLongLongLongLongLongTestName_402" name="Run 0" assertions="3 total, 0 failed, 3 succeeded"><skipped type="Skipped" message="This test was disabled."/></testcase><testcase time="0" classname="p2.S10.SomeLongLongLongLongLongTestName_403" name="Run 0" assertions="3 total, 0 failed, 3 succeeded"><skipped type="Skipped" message="This test was disabled."/></testcase><testcase time="0" classname="p2.S10.SomeLongLongLongLongLongTestName_404" name="Run 0" assertions="3 total, 0 failed, 3 succeeded"><skipped type="Skipped" message="This test was disabled."/></testcase><testcase time="0" classname="p2.S10.SomeLongLongLongLongLongTestName_405" name="Run 0" assertions="3 total, 0 failed, 3 succeeded"><skipped type="Skipped" message="This test was disabled."/></testcase><testcase time="0" classname="p2.S10.SomeLongLongLongLongLongTestName_406" name="Run 0" assertions="3 total, 0 failed, 3 succeeded"><skipped type="Skipped" message="This test was disabled."/></testcase><testcase time="0" classname="p2.S10.SomeLongLongLongLongLongTestName_407" name="Run 0" assertions="3 total, 0 failed, 3 succeeded"><skipped type="Skipped" message="This test was disabled."/></testcase><testcase time="0" classname="p2.S10.SomeLongLongLongLongLongTestName_408" name="Run 0" assertions="3 total, 0 failed, 3 succeeded"><skipped type="Skipped" message="This test was disabled."/></testcase><testcase time="0" classname="p2.S10.SomeLongLongLongLongLongTestName_409" name="Run 0" assertions="3 total, 0 failed, 3 succeeded"><skipped type="Skipped" message="This test was disabled."/></testcase><testcase time="0" classname="p2.S10.SomeLongLongLongLongLongTestName_410" name="Run 0" assertions="3 total, 0 failed, 3 succeeded"><skipped type="Skipped" message="This test was disabled."/></testcase><testcase time="0" classname="p2.S10.SomeLongLongLongLongLongTestName_411" name="Run 0" assertions="3 total, 0 failed, 3 succeeded"><skipped type="Skipped" message="This test was disabled."/></testcase><testcase time="0" classname="p2.S10.SomeLongLongLongLongLongTestName_412" name="Run 0" assertions="3 total, 0 failed, 3 succeeded"><skipped type="Skipped" message="This test was disabled."/></testcase><testcase time="0" classname="p2.S10.SomeLongLongLongLongLongTestName_413" name="Run 0" assertions="3 total, 0 failed, 3 succeeded"><skipped type="Skipped" message="This test was disabled."/></testcase><testcase time="0" classname="p2.S10.SomeLongLongLongLongLongTestName_414" name="Run 0" assertions="3 total, 0 failed, 3 succeeded"><skipped type="Skipped" message="This test was disabled."/></testcase><testcase time="0" classname="p2.S10.SomeLongLongLongLongLongTestName_415" name="Run 0" assertions="3 total, 0 failed, 3 succeeded"><skipped type="Skipped" message="This test was disabled."/></testcase><testcase time="0" classname="p2.S10.SomeLongLongLongLongLongTestName_416" name="Run 0" assertions="3 total, 0 failed, 3 succeeded"><skipped type="Skipped" message="This test was disabled."/></testcase><testcase time="0" classname="p2.S10.SomeLongLongLongLongLongTestName_417" name="Run 0" assertions="3 total, 0 failed, 3 succeeded"><skipped type="Skipped" message="This test was disabled."/></testcase><testcase time="0" classname="p2.S10.SomeLongLongLongLongLongTestName_418" name="Run 0" assertions="3 total, 0 failed, 3 succeeded"><skipped type="Skipped" message="This test was disabled."/></testcase><testcase time="0" classname="p2.S10.SomeLongLongLongLongLongTestName_419" name="Run 0" assertions="3 total, 0 failed, 3 succeeded"><skipped type="Skipped" message="This test was disabled."/></testcase><testcase time="0" classname="p2.S10.SomeLongLongLongLongLongTestName_420" name="Run 0" assertions="3 total, 0 failed, 3 succeeded"><skipped type="Skipped" message="This test was disabled."/></testcase><testcase time="-5995.619586841245" classname="p2.S11.SomeLongLongLongLongLongTestName_0" name="Run 0" assertions="3 total, 0 failed, 3 succeeded">
                          <properties>
                          <property name="prop1" value="value1" />
                          <property name="multiline">
                              Config line 1
                              Config line 2
                              Config line 3
                          </property>
                        </properties>
                        <failure message="failure message 0" type="Failure"/><system-out>This is stdout
[[ATTACHMENT|attachment.txt]]
</system-out><system-err>This is stderr
[[ATTACHMENT|attachment.txt]]
</system-err></testcase><testcase time="-153.91721693220651" classname="p2.S11.SomeLongLongLongLongLongTestName_1" name="Run 0" assertions="3 total, 0 failed, 3 succeeded"/><testcase time="-6334.829896210773" classname="p2.S11.SomeLongLongLongLongLongTestName_2" name="Run 0" assertions="3 total, 0 failed, 3 succeeded"/><testcase time="-8814.811957916061" classname="p2.S11.SomeLongLongLongLongLongTestName_3" name="Run 0" assertions="3 total, 0 failed, 3 succeeded"/><testcase time="-7229.913584260033" classname="p2.S11.SomeLongLongLongLongLongTestName_4" name="Run 0" assertions="3 total, 0 failed, 3 succeeded"/><testcase time="-1586.7125118584927" classname="p2.S11.SomeLongLongLongLongLongTestName_5" name="Run 0" assertions="3 total, 0 failed, 3 succeeded"/><testcase time="-7656.630637721024" classname="p2.S11.SomeLongLongLongLongLongTestName_6" name="Run 0" assertions="3 total, 0 failed, 3 succeeded"/><testcase time="-3989.7274094871013" classname="p2.S11.SomeLongLongLongLongLongTestName_7" name="Run 0" assertions="3 total, 0 failed, 3 succeeded"/><testcase time="-8605.376893972234" classname="p2.S11.SomeLongLongLongLongLongTestName_8" name="Run 0" assertions="3 total, 0 failed, 3 succeeded"/><testcase time="-2375.368910065292" classname="p2.S11.SomeLongLongLongLongLongTestName_9" name="Run 0" assertions="3 total, 0 failed, 3 succeeded"/><testcase time="-1464.2994412632668" classname="p2.S11.SomeLongLongLongLongLongTestName_10" name="Run 0" assertions="3 total, 0 failed, 3 succeeded"/><testcase time="-7961.276404587449" classname="p2.S11.SomeLongLongLongLongLongTestName_11" name="Run 0" assertions="3 total, 0 failed, 3 succeeded"/><testcase time="-5262.247982230221" classname="p2.S11.SomeLongLongLongLongLongTestName_12" name="Run 0" assertions="3 total, 0 failed, 3 succeeded"/><testcase time="-1112.2160642283875" classname="p2.S11.SomeLongLongLongLongLongTestName_13" name="Run 0" assertions="3 total, 0 failed, 3 succeeded"/><testcase time="-6770.011802737788" classname="p2.S11.SomeLongLongLongLongLongTestName_14" name="Run 0" assertions="3 total, 0 failed, 3 succeeded"/><testcase time="-1938.4793908183158" classname="p2.S11.SomeLongLongLongLongLongTestName_15" name="Run 0" assertions="3 total, 0 failed, 3 succeeded"/><testcase time="-9328.426520492123" classname="p2.S11.SomeLongLongLongLongLongTestName_16" name="Run 0" assertions="3 total, 0 failed, 3 succeeded"/><testcase time="-7456.034897375233" classname="p2.S11.SomeLongLongLongLongLongTestName_17" name="Run 0" assertions="3 total, 0 failed, 3 succeeded"/><testcase time="-1734.7123119927774" classname="p2.S11.SomeLongLongLongLongLongTestName_18" name="Run 0" assertions="3 total, 0 failed, 3 succeeded"/><testcase time="-5463.786351584662" classname="p2.S11.SomeLongLongLongLongLongTestName_19" name="Run 0" assertions="3 total, 0 failed, 3 succeeded"/><testcase time="-9049.51181392378" classname="p2.S11.SomeLongLongLongLongLongTestName_20" name="Run 0" assertions="3 total, 0 failed, 3 succeeded"/><testcase time="-1731.651669368394" classname="p2.S11.SomeLongLongLongLongLongTestName_21" name="Run 0" assertions="3 total, 0 failed, 3 succeeded"/><testcase time="-2446.73693404586" classname="p2.S11.SomeLongLongLongLongLongTestName_22" name="Run 0" assertions="3 total, 0 failed, 3 succeeded"/><testcase time="-7991.816741221661" classname="p2.S11.SomeLongLongLongLongLongTestName_23" name="Run 0" assertions="3 total, 0 failed, 3 succeeded"/><testcase time="-5264.039372834024" classname="p2.S11.SomeLongLongLongLongLongTestName_24" name="Run 0" assertions="3 total, 0 failed, 3 succeeded"/><testcase time="-814.4256666018455" classname="p2.S11.SomeLongLongLongLongLongTestName_25" name="Run 0" assertions="3 total, 0 failed, 3 succeeded"/><testcase time="-2888.8485213259155" classname="p2.S11.SomeLongLongLongLongLongTestName_26" name="Run 0" assertions="3 total, 0 failed, 3 succeeded"/><testcase time="-4516.168860280777" classname="p2.S11.SomeLongLongLongLongLongTestName_27" name="Run 0" assertions="3 total, 0 failed, 3 succeeded"/><testcase time="-6622.993541381416" classname="p2.S11.SomeLongLongLongLongLongTestName_28" name="Run 0" assertions="3 total, 0 failed, 3 succeeded"/><testcase time="-5974.901453057216" classname="p2.S11.SomeLongLongLongLongLongTestName_29" name="Run 0" assertions="3 total, 0 failed, 3 succeeded"/><testcase time="-4118.66082177411" classname="p2.S11.SomeLongLongLongLongLongTestName_30" name="Run 0" assertions="3 total, 0 failed, 3 succeeded"/><testcase time="-3191.5023565224237" classname="p2.S11.SomeLongLongLongLongLongTestName_31" name="Run 0" assertions="3 total, 0 failed, 3 succeeded"/><testcase time="-7633.1551013622875" classname="p2.S11.SomeLongLongLongLongLongTestName_32" name="Run 0" assertions="3 total, 0 failed, 3 succeeded"/><testcase time="-8660.584346312915" classname="p2.S11.SomeLongLongLongLongLongTestName_33" name="Run 0" assertions="3 total, 0 failed, 3 succeeded"/><testcase time="-8601.852241121576" classname="p2.S11.SomeLongLongLongLongLongTestName_34" name="Run 0" assertions="3 total, 0 failed, 3 succeeded"/><testcase time="-3858.2444044428644" classname="p2.S11.SomeLongLongLongLongLongTestName_35" name="Run 0" assertions="3 total, 0 failed, 3 succeeded"/><testcase time="-670.8380764445733" classname="p2.S11.SomeLongLongLongLongLongTestName_36" name="Run 0" assertions="3 total, 0 failed, 3 succeeded"/><testcase time="-148.436438571611" classname="p2.S11.SomeLongLongLongLongLongTestName_37" name="Run 0" assertions="3 total, 0 failed, 3 succeeded"/><testcase time="-8660.817802261237" classname="p2.S11.SomeLongLongLongLongLongTestName_38" name="Run 0" assertions="3 total, 0 failed, 3 succeeded"/><testcase time="-3643.6517349045116" classname="p2.S11.SomeLongLongLongLongLongTestName_39" name="Run 0" assertions="3 total, 0 failed, 3 succeeded"/><testcase time="-6871.479392989659" classname="p2.S11.SomeLongLongLongLongLongTestName_40" name="Run 0" assertions="3 total, 0 failed, 3 succeeded"/><testcase time="-7348.956376897339" classname="p2.S11.SomeLongLongLongLongLongTestName_41" name="Run 0" assertions="3 total, 0 failed, 3 succeeded"/><testcase time="-6513.884516689932" classname="p2.S11.SomeLongLongLongLongLongTestName_42" name="Run 0" assertions="3 total, 0 failed, 3 succeeded"/><testcase time="-3883.168292274192" classname="p2.S11.SomeLongLongLongLongLongTestName_43" name="Run 0" assertions="3 total, 0 failed, 3 succeeded"/><testcase time="-2106.250873694666" classname="p2.S11.SomeLongLongLongLongLongTestName_44" name="Run 0" assertions="3 total, 0 failed, 3 succeeded"/><testcase time="-1524.5390712690478" classname="p2.S11.SomeLongLongLongLongLongTestName_45" name="Run 0" assertions="3 total, 0 failed, 3 succeeded"/><testcase time="-3908.217404437622" classname="p2.S11.SomeLongLongLongLongLongTestName_46" name="Run 0" assertions="3 total, 0 failed, 3 succeeded"/><testcase time="-980.4700698022526" classname="p2.S11.SomeLongLongLongLongLongTestName_47" name="Run 0" assertions="3 total, 0 failed, 3 succeeded"/><testcase time="-7788.231268130987" classname="p2.S11.SomeLongLongLongLongLongTestName_48" name="Run 0" assertions="3 total, 0 failed, 3 succeeded"/><testcase time="-9302.527080401036" classname="p2.S11.SomeLongLongLongLongLongTestName_49" name="Run 0" assertions="3 total, 0 failed, 3 succeeded"/><testcase time="-1830.8829153692568" classname="p2.S11.SomeLongLongLongLongLongTestName_50" name="Run 0" assertions="3 total, 0 failed, 3 succeeded"/><testcase time="-3090.584893570621" classname="p2.S11.SomeLongLongLongLongLongTestName_51" name="Run 0" assertions="3 total, 0 failed, 3 succeeded"/><testcase time="-9116.518069040383" classname="p2.S11.SomeLongLongLongLongLongTestName_52" name="Run 0" assertions="3 total, 0 failed, 3 succeeded"/><testcase time="-3960.113824641439" classname="p2.S11.SomeLongLongLongLongLongTestName_53" name="Run 0" assertions="3 total, 0 failed, 3 succeeded"/><testcase time="-3476.7095146461975" classname="p2.S11.SomeLongLongLongLongLongTestName_54" name="Run 0" assertions="3 total, 0 failed, 3 succeeded"/><testcase time="-9653.546980589006" classname="p2.S11.SomeLongLongLongLongLongTestName_55" name="Run 0" assertions="3 total, 0 failed, 3 succeeded"/><testcase time="-7282.213739601478" classname="p2.S11.SomeLongLongLongLongLongTestName_56" name="Run 0" assertions="3 total, 0 failed, 3 succeeded"/><testcase time="-8259.807318786665" classname="p2.S11.SomeLongLongLongLongLongTestName_57" name="Run 0" assertions="3 total, 0 failed, 3 succeeded"/><testcase time="-8260.148458541707" classname="p2.S11.SomeLongLongLongLongLongTestName_58" name="Run 0" assertions="3 total, 0 failed, 3 succeeded"/><testcase time="-4454.024346843642" classname="p2.S11.SomeLongLongLongLongLongTestName_59" name="Run 0" assertions="3 total, 0 failed, 3 succeeded"/><testcase time="-3215.8208264143714" classname="p2.S11.SomeLongLongLongLongLongTestName_60" name="Run 0" assertions="3 total, 0 failed, 3 succeeded"/><testcase time="-6676.108047230042" classname="p2.S11.SomeLongLongLongLongLongTestName_61" name="Run 0" assertions="3 total, 0 failed, 3 succeeded"/><testcase time="-6637.233713580277" classname="p2.S11.SomeLongLongLongLongLongTestName_62" name="Run 0" assertions="3 total, 0 failed, 3 succeeded"/><testcase time="-2923.687542578854" classname="p2.S11.SomeLongLongLongLongLongTestName_63" name="Run 0" assertions="3 total, 0 failed, 3 succeeded"/><testcase time="-5811.548831320797" classname="p2.S11.SomeLongLongLongLongLongTestName_64" name="Run 0" assertions="3 total, 0 failed, 3 succeeded"/><testcase time="53.31455656260341" classname="p2.S11.SomeLongLongLongLongLongTestName_65" name="Run 0" assertions="3 total, 0 failed, 3 succeeded"/><testcase time="-6022.203168392723" classname="p2.S11.SomeLongLongLongLongLongTestName_66" name="Run 0" assertions="3 total, 0 failed, 3 succeeded"/><testcase time="-4343.211483913682" classname="p2.S11.SomeLongLongLongLongLongTestName_67" name="Run 0" assertions="3 total, 0 failed, 3 succeeded"/><testcase time="-6594.586268754426" classname="p2.S11.SomeLongLongLongLongLongTestName_68" name="Run 0" assertions="3 total, 0 failed, 3 succeeded"/><testcase time="-9167.71948744194" classname="p2.S11.SomeLongLongLongLongLongTestName_69" name="Run 0" assertions="3 total, 0 failed, 3 succeeded"/><testcase time="-4387.699799633358" classname="p2.S11.SomeLongLongLongLongLongTestName_70" name="Run 0" assertions="3 total, 0 failed, 3 succeeded"/><testcase time="-3015.8765683877136" classname="p2.S11.SomeLongLongLongLongLongTestName_71" name="Run 0" assertions="3 total, 0 failed, 3 succeeded"/><testcase time="-6954.936453592307" classname="p2.S11.SomeLongLongLongLongLongTestName_72" name="Run 0" assertions="3 total, 0 failed, 3 succeeded"/><testcase time="-7669.631812690901" classname="p2.S11.SomeLongLongLongLongLongTestName_73" name="Run 0" assertions="3 total, 0 failed, 3 succeeded"/><testcase time="-6842.965243767601" classname="p2.S11.SomeLongLongLongLongLongTestName_74" name="Run 0" assertions="3 total, 0 failed, 3 succeeded"/><testcase time="-8769.06815292972" classname="p2.S11.SomeLongLongLongLongLongTestName_75" name="Run 0" assertions="3 total, 0 failed, 3 succeeded"/><testcase time="-6814.254813542951" classname="p2.S11.SomeLongLongLongLongLongTestName_76" name="Run 0" assertions="3 total, 0 failed, 3 succeeded"/><testcase time="-5199.918898718934" classname="p2.S11.SomeLongLongLongLongLongTestName_77" name="Run 0" assertions="3 total, 0 failed, 3 succeeded"/><testcase time="-1243.873483129733" classname="p2.S11.SomeLongLongLongLongLongTestName_78" name="Run 0" assertions="3 total, 0 failed, 3 succeeded"/><testcase time="-3999.75383077956" classname="p2.S11.SomeLongLongLongLongLongTestName_79" name="Run 0" assertions="3 total, 0 failed, 3 succeeded"/><testcase time="-8328.3117012663" classname="p2.S11.SomeLongLongLongLongLongTestName_80" name="Run 0" assertions="3 total, 0 failed, 3 succeeded"/><testcase time="-3749.0479754431713" classname="p2.S11.SomeLongLongLongLongLongTestName_81" name="Run 0" assertions="3 total, 0 failed, 3 succeeded"/><testcase time="-6734.63824156095" classname="p2.S11.SomeLongLongLongLongLongTestName_82" name="Run 0" assertions="3 total, 0 failed, 3 succeeded"/><testcase time="-1746.4323802065257" classname="p2.S11.SomeLongLongLongLongLongTestName_83" name="Run 0" assertions="3 total, 0 failed, 3 succeeded"/><testcase time="-3074.8686847001177" classname="p2.S11.SomeLongLongLongLongLongTestName_84" name="Run 0" assertions="3 total, 0 failed, 3 succeeded"/><testcase time="-7134.693452443196" classname="p2.S11.SomeLongLongLongLongLongTestName_85" name="Run 0" assertions="3 total, 0 failed, 3 succeeded"/><testcase time="-1571.482356756178" classname="p2.S11.SomeLongLongLongLongLongTestName_86" name="Run 0" assertions="3 total, 0 failed, 3 succeeded"/><testcase time="-9129.857658775667" classname="p2.S11.SomeLongLongLongLongLongTestName_87" name="Run 0" assertions="3 total, 0 failed, 3 succeeded"/><testcase time="-7620.136495809177" classname="p2.S11.SomeLongLongLongLongLongTestName_88" name="Run 0" assertions="3 total, 0 failed, 3 succeeded"/><testcase time="-5144.25114360881" classname="p2.S11.SomeLongLongLongLongLongTestName_89" name="Run 0" assertions="3 total, 0 failed, 3 succeeded"/><testcase time="-9143.624114919909" classname="p2.S11.SomeLongLongLongLongLongTestName_90" name="Run 0" assertions="3 total, 0 failed, 3 succeeded"/><testcase time="-5652.82188098261" classname="p2.S11.SomeLongLongLongLongLongTestName_91" name="Run 0" assertions="3 total, 0 failed, 3 succeeded"/><testcase time="-1550.3660959406614" classname="p2.S11.SomeLongLongLongLongLongTestName_92" name="Run 0" assertions="3 total, 0 failed, 3 succeeded"/><testcase time="-6809.938279418102" classname="p2.S11.SomeLongLongLongLongLongTestName_93" name="Run 0" assertions="3 total, 0 failed, 3 succeeded"/><testcase time="-7275.753332871018" classname="p2.S11.SomeLongLongLongLongLongTestName_94" name="Run 0" assertions="3 total, 0 failed, 3 succeeded"/><testcase time="-1519.0587328637796" classname="p2.S11.SomeLongLongLongLongLongTestName_95" name="Run 0" assertions="3 total, 0 failed, 3 succeeded"/><testcase time="-8607.91096287827" classname="p2.S11.SomeLongLongLongLongLongTestName_96" name="Run 0" assertions="3 total, 0 failed, 3 succeeded"/><testcase time="-2970.5731241356616" classname="p2.S11.SomeLongLongLongLongLongTestName_97" name="Run 0" assertions="3 total, 0 failed, 3 succeeded"/><testcase time="-8247.772979229918" classname="p2.S11.SomeLongLongLongLongLongTestName_98" name="Run 0" assertions="3 total, 0 failed, 3 succeeded"/><testcase time="-6475.851771715727" classname="p2.S11.SomeLongLongLongLongLongTestName_99" name="Run 0" assertions="3 total, 0 failed, 3 succeeded"/><testcase time="-3280.2191721367644" classname="p2.S11.SomeLongLongLongLongLongTestName_100" name="Run 0" assertions="3 total, 0 failed, 3 succeeded"/><testcase time="-5998.100847329408" classname="p2.S11.SomeLongLongLongLongLongTestName_101" name="Run 0" assertions="3 total, 0 failed, 3 succeeded"/><testcase time="-4313.495807288951" classname="p2.S11.SomeLongLongLongLongLongTestName_102" name="Run 0" assertions="3 total, 0 failed, 3 succeeded"/><testcase time="-7741.442376098809" classname="p2.S11.SomeLongLongLongLongLongTestName_103" name="Run 0" assertions="3 total, 0 failed, 3 succeeded"/><testcase time="-882.6866041508639" classname="p2.S11.SomeLongLongLongLongLongTestName_104" name="Run 0" assertions="3 total, 0 failed, 3 succeeded"/><testcase time="-5504.7784458395445" classname="p2.S11.SomeLongLongLongLongLongTestName_105" name="Run 0" assertions="3 total, 0 failed, 3 succeeded"/><testcase time="-6292.230090272548" classname="p2.S11.SomeLongLongLongLongLongTestName_106" name="Run 0" assertions="3 total, 0 failed, 3 succeeded"/><testcase time="-1577.2991111133017" classname="p2.S11.SomeLongLongLongLongLongTestName_107" name="Run 0" assertions="3 total, 0 failed, 3 succeeded"/><testcase time="-3591.175007266027" classname="p2.S11.SomeLongLongLongLongLongTestName_108" name="Run 0" assertions="3 total, 0 failed, 3 succeeded"/><testcase time="-6243.814198704046" classname="p2.S11.SomeLongLongLongLongLongTestName_109" name="Run 0" assertions="3 total, 0 failed, 3 succeeded"/><testcase time="-7690.533836623771" classname="p2.S11.SomeLongLongLongLongLongTestName_110" name="Run 0" assertions="3 total, 0 failed, 3 succeeded"/><testcase time="-1312.2041398990734" classname="p2.S11.SomeLongLongLongLongLongTestName_111" name="Run 0" assertions="3 total, 0 failed, 3 succeeded"/><testcase time="-2559.603637213944" classname="p2.S11.SomeLongLongLongLongLongTestName_112" name="Run 0" assertions="3 total, 0 failed, 3 succeeded"/><testcase time="-5213.7665673725205" classname="p2.S11.SomeLongLongLongLongLongTestName_113" name="Run 0" assertions="3 total, 0 failed, 3 succeeded"/><testcase time="-2933.3766660727842" classname="p2.S11.SomeLongLongLongLongLongTestName_114" name="Run 0" assertions="3 total, 0 failed, 3 succeeded"/><testcase time="-471.4080601168705" classname="p2.S11.SomeLongLongLongLongLongTestName_115" name="Run 0" assertions="3 total, 0 failed, 3 succeeded"/><testcase time="-9272.699694758043" classname="p2.S11.SomeLongLongLongLongLongTestName_116" name="Run 0" assertions="3 total, 0 failed, 3 succeeded"/><testcase time="-337.8624212504238" classname="p2.S11.SomeLongLongLongLongLongTestName_117" name="Run 0" assertions="3 total, 0 failed, 3 succeeded"/><testcase time="-1558.7659635098264" classname="p2.S11.SomeLongLongLongLongLongTestName_118" name="Run 0" assertions="3 total, 0 failed, 3 succeeded"/><testcase time="-7457.269959181586" classname="p2.S11.SomeLongLongLongLongLongTestName_119" name="Run 0" assertions="3 total, 0 failed, 3 succeeded"/><testcase time="-873.3936220378575" classname="p2.S11.SomeLongLongLongLongLongTestName_120" name="Run 0" assertions="3 total, 0 failed, 3 succeeded"/><testcase time="-8409.78062639331" classname="p2.S11.SomeLongLongLongLongLongTestName_121" name="Run 0" assertions="3 total, 0 failed, 3 succeeded"/><testcase time="-4439.240752271781" classname="p2.S11.SomeLongLongLongLongLongTestName_122" name="Run 0" assertions="3 total, 0 failed, 3 succeeded"/><testcase time="-3968.0449916851317" classname="p2.S11.SomeLongLongLongLongLongTestName_123" name="Run 0" assertions="3 total, 0 failed, 3 succeeded"/><testcase time="-5646.8276967509655" classname="p2.S11.SomeLongLongLongLongLongTestName_124" name="Run 0" assertions="3 total, 0 failed, 3 succeeded"/><testcase time="-6211.066288035144" classname="p2.S11.SomeLongLongLongLongLongTestName_125" name="Run 0" assertions="3 total, 0 failed, 3 succeeded"/><testcase time="-4036.599627376272" classname="p2.S11.SomeLongLongLongLongLongTestName_126" name="Run 0" assertions="3 total, 0 failed, 3 succeeded"/><testcase time="-5341.793257638388" classname="p2.S11.SomeLongLongLongLongLongTestName_127" name="Run 0" assertions="3 total, 0 failed, 3 succeeded"/><testcase time="-2311.9251489995745" classname="p2.S11.SomeLongLongLongLongLongTestName_128" name="Run 0" assertions="3 total, 0 failed, 3 succeeded"/><testcase time="-9761.409620469753" classname="p2.S11.SomeLongLongLongLongLongTestName_129" name="Run 0" assertions="3 total, 0 failed, 3 succeeded"/><testcase time="-4426.305417228546" classname="p2.S11.SomeLongLongLongLongLongTestName_130" name="Run 0" assertions="3 total, 0 failed, 3 succeeded"/><testcase time="-7338.935600925368" classname="p2.S11.SomeLongLongLongLongLongTestName_131" name="Run 0" assertions="3 total, 0 failed, 3 succeeded"/><testcase time="-9822.497238929056" classname="p2.S11.SomeLongLongLongLongLongTestName_132" name="Run 0" assertions="3 total, 0 failed, 3 succeeded"/><testcase time="-5737.959326956219" classname="p2.S11.SomeLongLongLongLongLongTestName_133" name="Run 0" assertions="3 total, 0 failed, 3 succeeded"/><testcase time="-3785.9312443498575" classname="p2.S11.SomeLongLongLongLongLongTestName_134" name="Run 0" assertions="3 total, 0 failed, 3 succeeded"/><testcase time="-2595.6526642139547" classname="p2.S11.SomeLongLongLongLongLongTestName_135" name="Run 0" assertions="3 total, 0 failed, 3 succeeded"/><testcase time="-8428.823467762913" classname="p2.S11.SomeLongLongLongLongLongTestName_136" name="Run 0" assertions="3 total, 0 failed, 3 succeeded"/><testcase time="-8792.397986405207" classname="p2.S11.SomeLongLongLongLongLongTestName_137" name="Run 0" assertions="3 total, 0 failed, 3 succeeded"/><testcase time="-6727.768709537022" classname="p2.S11.SomeLongLongLongLongLongTestName_138" name="Run 0" assertions="3 total, 0 failed, 3 succeeded"/><testcase time="-6696.108672881637" classname="p2.S11.SomeLongLongLongLongLongTestName_139" name="Run 0" assertions="3 total, 0 failed, 3 succeeded"/><testcase time="-8287.142005662421" classname="p2.S11.SomeLongLongLongLongLongTestName_140" name="Run 0" assertions="3 total, 0 failed, 3 succeeded"/><testcase time="-3523.323034500516" classname="p2.S11.SomeLongLongLongLongLongTestName_141" name="Run 0" assertions="3 total, 0 failed, 3 succeeded"/><testcase time="-2702.0975527751507" classname="p2.S11.SomeLongLongLongLongLongTestName_142" name="Run 0" assertions="3 total, 0 failed, 3 succeeded"/><testcase time="-8003.845776906713" classname="p2.S11.SomeLongLongLongLongLongTestName_143" name="Run 0" assertions="3 total, 0 failed, 3 succeeded"/><testcase time="-7019.079230138581" classname="p2.S11.SomeLongLongLongLongLongTestName_144" name="Run 0" assertions="3 total, 0 failed, 3 succeeded"/><testcase time="-2017.1290015034751" classname="p2.S11.SomeLongLongLongLongLongTestName_145" name="Run 0" assertions="3 total, 0 failed, 3 succeeded"/><testcase time="-9926.1709011971" classname="p2.S11.SomeLongLongLongLongLongTestName_146" name="Run 0" assertions="3 total, 0 failed, 3 succeeded"/><testcase time="-4417.069889624261" classname="p2.S11.SomeLongLongLongLongLongTestName_147" name="Run 0" assertions="3 total, 0 failed, 3 succeeded"/><testcase time="-8473.97953250672" classname="p2.S11.SomeLongLongLongLongLongTestName_148" name="Run 0" assertions="3 total, 0 failed, 3 succeeded"/><testcase time="-7303.760142952042" classname="p2.S11.SomeLongLongLongLongLongTestName_149" name="Run 0" assertions="3 total, 0 failed, 3 succeeded"/><testcase time="-3280.2103904857686" classname="p2.S11.SomeLongLongLongLongLongTestName_150" name="Run 0" assertions="3 total, 0 failed, 3 succeeded"/><testcase time="-312.5556314375159" classname="p2.S11.SomeLongLongLongLongLongTestName_151" name="Run 0" assertions="3 total, 0 failed, 3 succeeded"/><testcase time="-3962.7770505479143" classname="p2.S11.SomeLongLongLongLongLongTestName_152" name="Run 0" assertions="3 total, 0 failed, 3 succeeded"/><testcase time="-4062.7339362379216" classname="p2.S11.SomeLongLongLongLongLongTestName_153" name="Run 0" assertions="3 total, 0 failed, 3 succeeded"/><testcase time="-6646.638514674048" classname="p2.S11.SomeLongLongLongLongLongTestName_154" name="Run 0" assertions="3 total, 0 failed, 3 succeeded"/><testcase time="-102.67122210337241" classname="p2.S11.SomeLongLongLongLongLongTestName_155" name="Run 0" assertions="3 total, 0 failed, 3 succeeded"/><testcase time="-7505.414972295226" classname="p2.S11.SomeLongLongLongLongLongTestName_156" name="Run 0" assertions="3 total, 0 failed, 3 succeeded"/><testcase time="-1464.4073116579436" classname="p2.S11.SomeLongLongLongLongLongTestName_157" name="Run 0" assertions="3 total, 0 failed, 3 succeeded"/><testcase time="-1351.1960192161082" classname="p2.S11.SomeLongLongLongLongLongTestName_158" name="Run 0" assertions="3 total, 0 failed, 3 succeeded"/><testcase time="-6816.722008101745" classname="p2.S11.SomeLongLongLongLongLongTestName_159" name="Run 0" assertions="3 total, 0 failed, 3 succeeded"/><testcase time="-1559.1675710122513" classname="p2.S11.SomeLongLongLongLongLongTestName_160" name="Run 0" assertions="3 total, 0 failed, 3 succeeded"/><testcase time="-9989.592455469521" classname="p2.S11.SomeLongLongLongLongLongTestName_161" name="Run 0" assertions="3 total, 0 failed, 3 succeeded"/><testcase time="-9092.521622431179" classname="p2.S11.SomeLongLongLongLongLongTestName_162" name="Run 0" assertions="3 total, 0 failed, 3 succeeded"/><testcase time="-6659.54472197559" classname="p2.S11.SomeLongLongLongLongLongTestName_163" name="Run 0" assertions="3 total, 0 failed, 3 succeeded"/><testcase time="-7909.229276489407" classname="p2.S11.SomeLongLongLongLongLongTestName_164" name="Run 0" assertions="3 total, 0 failed, 3 succeeded"/><testcase time="-4737.671604143074" classname="p2.S11.SomeLongLongLongLongLongTestName_165" name="Run 0" assertions="3 total, 0 failed, 3 succeeded"/><testcase time="-5983.862061770512" classname="p2.S11.SomeLongLongLongLongLongTestName_166" name="Run 0" assertions="3 total, 0 failed, 3 succeeded"/><testcase time="-9416.609145361532" classname="p2.S11.SomeLongLongLongLongLongTestName_167" name="Run 0" assertions="3 total, 0 failed, 3 succeeded"/><testcase time="-5535.351857929614" classname="p2.S11.SomeLongLongLongLongLongTestName_168" name="Run 0" assertions="3 total, 0 failed, 3 succeeded"/><testcase time="-2524.3434610863596" classname="p2.S11.SomeLongLongLongLongLongTestName_169" name="Run 0" assertions="3 total, 0 failed, 3 succeeded"/><testcase time="-2711.1823874281927" classname="p2.S11.SomeLongLongLongLongLongTestName_170" name="Run 0" assertions="3 total, 0 failed, 3 succeeded"/><testcase time="-4295.756832311255" classname="p2.S11.SomeLongLongLongLongLongTestName_171" name="Run 0" assertions="3 total, 0 failed, 3 succeeded"/><testcase time="-7468.67708133973" classname="p2.S11.SomeLongLongLongLongLongTestName_172" name="Run 0" assertions="3 total, 0 failed, 3 succeeded"/><testcase time="-7283.1948626550075" classname="p2.S11.SomeLongLongLongLongLongTestName_173" name="Run 0" assertions="3 total, 0 failed, 3 succeeded"/><testcase time="-7076.90820632062" classname="p2.S11.SomeLongLongLongLongLongTestName_174" name="Run 0" assertions="3 total, 0 failed, 3 succeeded"/><testcase time="-717.542690100859" classname="p2.S11.SomeLongLongLongLongLongTestName_175" name="Run 0" assertions="3 total, 0 failed, 3 succeeded"/><testcase time="-1457.6354105269108" classname="p2.S11.SomeLongLongLongLongLongTestName_176" name="Run 0" assertions="3 total, 0 failed, 3 succeeded"/><testcase time="-8441.87405275246" classname="p2.S11.SomeLongLongLongLongLongTestName_177" name="Run 0" assertions="3 total, 0 failed, 3 succeeded"/><testcase time="-9247.607741362324" classname="p2.S11.SomeLongLongLongLongLongTestName_178" name="Run 0" assertions="3 total, 0 failed, 3 succeeded"/><testcase time="-7065.354239256061" classname="p2.S11.SomeLongLongLongLongLongTestName_179" name="Run 0" assertions="3 total, 0 failed, 3 succeeded"/><testcase time="-1391.451533165898" classname="p2.S11.SomeLongLongLongLongLongTestName_180" name="Run 0" assertions="3 total, 0 failed, 3 succeeded"/><testcase time="-3215.0498733964887" classname="p2.S11.SomeLongLongLongLongLongTestName_181" name="Run 0" assertions="3 total, 0 failed, 3 succeeded"/><testcase time="-5686.495829047817" classname="p2.S11.SomeLongLongLongLongLongTestName_182" name="Run 0" assertions="3 total, 0 failed, 3 succeeded"/><testcase time="-6885.021703215932" classname="p2.S11.SomeLongLongLongLongLongTestName_183" name="Run 0" assertions="3 total, 0 failed, 3 succeeded"/><testcase time="-2088.360670671079" classname="p2.S11.SomeLongLongLongLongLongTestName_184" name="Run 0" assertions="3 total, 0 failed, 3 succeeded"/><testcase time="-6049.948288163481" classname="p2.S11.SomeLongLongLongLongLongTestName_185" name="Run 0" assertions="3 total, 0 failed, 3 succeeded"/><testcase time="-6986.612858120785" classname="p2.S11.SomeLongLongLongLongLongTestName_186" name="Run 0" assertions="3 total, 0 failed, 3 succeeded"/><testcase time="-1158.0396662972496" classname="p2.S11.SomeLongLongLongLongLongTestName_187" name="Run 0" assertions="3 total, 0 failed, 3 succeeded"/><testcase time="-8724.747764043614" classname="p2.S11.SomeLongLongLongLongLongTestName_188" name="Run 0" assertions="3 total, 0 failed, 3 succeeded"/><testcase time="-2114.384426013267" classname="p2.S11.SomeLongLongLongLongLongTestName_189" name="Run 0" assertions="3 total, 0 failed, 3 succeeded"/><testcase time="-854.1462268433927" classname="p2.S11.SomeLongLongLongLongLongTestName_190" name="Run 0" assertions="3 total, 0 failed, 3 succeeded"/><testcase time="12.58658272037298" classname="p2.S11.SomeLongLongLongLongLongTestName_191" name="Run 0" assertions="3 total, 0 failed, 3 succeeded"/><testcase time="-8049.207860327413" classname="p2.S11.SomeLongLongLongLongLongTestName_192" name="Run 0" assertions="3 total, 0 failed, 3 succeeded"/><testcase time="-3555.9768248861974" classname="p2.S11.SomeLongLongLongLongLongTestName_193" name="Run 0" assertions="3 total, 0 failed, 3 succeeded"/><testcase time="-720.2292294850695" classname="p2.S11.SomeLongLongLongLongLongTestName_194" name="Run 0" assertions="3 total, 0 failed, 3 succeeded"/><testcase time="-8515.249599793118" classname="p2.S11.SomeLongLongLongLongLongTestName_195" name="Run 0" assertions="3 total, 0 failed, 3 succeeded"/><testcase time="-8015.866303133876" classname="p2.S11.SomeLongLongLongLongLongTestName_196" name="Run 0" assertions="3 total, 0 failed, 3 succeeded"/><testcase time="-9131.21357614845" classname="p2.S11.SomeLongLongLongLongLongTestName_197" name="Run 0" assertions="3 total, 0 failed, 3 succeeded"/><testcase time="-4796.284295048076" classname="p2.S11.SomeLongLongLongLongLongTestName_198" name="Run 0" assertions="3 total, 0 failed, 3 succeeded"/><testcase time="-4476.046431051983" classname="p2.S11.SomeLongLongLongLongLongTestName_199" name="Run 0" assertions="3 total, 0 failed, 3 succeeded"/><testcase time="-8466.599687584414" classname="p2.S11.SomeLongLongLongLongLongTestName_200" name="Run 0" assertions="3 total, 0 failed, 3 succeeded"/><testcase time="-2173.0157225772164" classname="p2.S11.SomeLongLongLongLongLongTestName_201" name="Run 0" assertions="3 total, 0 failed, 3 succeeded"/><testcase time="-3171.0621624823043" classname="p2.S11.SomeLongLongLongLongLongTestName_202" name="Run 0" assertions="3 total, 0 failed, 3 succeeded"/><testcase time="-7404.838686288926" classname="p2.S11.SomeLongLongLongLongLongTestName_203" name="Run 0" assertions="3 total, 0 failed, 3 succeeded"/><testcase time="-3985.322355583456" classname="p2.S11.SomeLongLongLongLongLongTestName_204" name="Run 0" assertions="3 total, 0 failed, 3 succeeded"/><testcase time="-2338.701140741232" classname="p2.S11.SomeLongLongLongLongLongTestName_205" name="Run 0" assertions="3 total, 0 failed, 3 succeeded"/><testcase time="-1193.560644746559" classname="p2.S11.SomeLongLongLongLongLongTestName_206" name="Run 0" assertions="3 total, 0 failed, 3 succeeded"/><testcase time="-2655.7817555582224" classname="p2.S11.SomeLongLongLongLongLongTestName_207" name="Run 0" assertions="3 total, 0 failed, 3 succeeded"/><testcase time="-6013.708353898114" classname="p2.S11.SomeLongLongLongLongLongTestName_208" name="Run 0" assertions="3 total, 0 failed, 3 succeeded"/><testcase time="-9750.989759631735" classname="p2.S11.SomeLongLongLongLongLongTestName_209" name="Run 0" assertions="3 total, 0 failed, 3 succeeded"/><testcase time="-1905.565839800218" classname="p2.S11.SomeLongLongLongLongLongTestName_210" name="Run 0" assertions="3 total, 0 failed, 3 succeeded"/><testcase time="-4137.471963110143" classname="p2.S11.SomeLongLongLongLongLongTestName_211" name="Run 0" assertions="3 total, 0 failed, 3 succeeded"/><testcase time="-1956.1596848811637" classname="p2.S11.SomeLongLongLongLongLongTestName_212" name="Run 0" assertions="3 total, 0 failed, 3 succeeded"/><testcase time="-3815.9032062825913" classname="p2.S11.SomeLongLongLongLongLongTestName_213" name="Run 0" assertions="3 total, 0 failed, 3 succeeded"/><testcase time="-1995.9281931368469" classname="p2.S11.SomeLongLongLongLongLongTestName_214" name="Run 0" assertions="3 total, 0 failed, 3 succeeded"/><testcase time="-4363.196358816705" classname="p2.S11.SomeLongLongLongLongLongTestName_215" name="Run 0" assertions="3 total, 0 failed, 3 succeeded"/><testcase time="-1450.3200172602628" classname="p2.S11.SomeLongLongLongLongLongTestName_216" name="Run 0" assertions="3 total, 0 failed, 3 succeeded"/><testcase time="-9418.79888098494" classname="p2.S11.SomeLongLongLongLongLongTestName_217" name="Run 0" assertions="3 total, 0 failed, 3 succeeded"/><testcase time="-7070.205273547834" classname="p2.S11.SomeLongLongLongLongLongTestName_218" name="Run 0" assertions="3 total, 0 failed, 3 succeeded"/><testcase time="-1295.9072434009474" classname="p2.S11.SomeLongLongLongLongLongTestName_219" name="Run 0" assertions="3 total, 0 failed, 3 succeeded"/><testcase time="-4046.348917782204" classname="p2.S11.SomeLongLongLongLongLongTestName_220" name="Run 0" assertions="3 total, 0 failed, 3 succeeded"/><testcase time="-7419.830710771474" classname="p2.S11.SomeLongLongLongLongLongTestName_221" name="Run 0" assertions="3 total, 0 failed, 3 succeeded"/><testcase time="-7596.400351558372" classname="p2.S11.SomeLongLongLongLongLongTestName_222" name="Run 0" assertions="3 total, 0 failed, 3 succeeded"/><testcase time="-9828.482486688528" classname="p2.S11.SomeLongLongLongLongLongTestName_223" name="Run 0" assertions="3 total, 0 failed, 3 succeeded"/><testcase time="-8364.110131612135" classname="p2.S11.SomeLongLongLongLongLongTestName_224" name="Run 0" assertions="3 total, 0 failed, 3 succeeded"/><testcase time="-8200.187225506314" classname="p2.S11.SomeLongLongLongLongLongTestName_225" name="Run 0" assertions="3 total, 0 failed, 3 succeeded"/><testcase time="-26.999456657414132" classname="p2.S11.SomeLongLongLongLongLongTestName_226" name="Run 0" assertions="3 total, 0 failed, 3 succeeded"/><testcase time="-7747.932591543104" classname="p2.S11.SomeLongLongLongLongLongTestName_227" name="Run 0" assertions="3 total, 0 failed, 3 succeeded"/><testcase time="-777.3754004223506" classname="p2.S11.SomeLongLongLongLongLongTestName_228" name="Run 0" assertions="3 total, 0 failed, 3 succeeded"/><testcase time="-5145.4876574806385" classname="p2.S11.SomeLongLongLongLongLongTestName_229" name="Run 0" assertions="3 total, 0 failed, 3 succeeded"/><testcase time="-2738.786108680763" classname="p2.S11.SomeLongLongLongLongLongTestName_230" name="Run 0" assertions="3 total, 0 failed, 3 succeeded"/><testcase time="-3208.2673728474033" classname="p2.S11.SomeLongLongLongLongLongTestName_231" name="Run 0" assertions="3 total, 0 failed, 3 succeeded"/><testcase time="-9700.696126168237" classname="p2.S11.SomeLongLongLongLongLongTestName_232" name="Run 0" assertions="3 total, 0 failed, 3 succeeded"/><testcase time="-5433.168935820502" classname="p2.S11.SomeLongLongLongLongLongTestName_233" name="Run 0" assertions="3 total, 0 failed, 3 succeeded"/><testcase time="-4173.733060159626" classname="p2.S11.SomeLongLongLongLongLongTestName_234" name="Run 0" assertions="3 total, 0 failed, 3 succeeded"/><testcase time="-5059.262961640865" classname="p2.S11.SomeLongLongLongLongLongTestName_235" name="Run 0" assertions="3 total, 0 failed, 3 succeeded"/><testcase time="-1707.9922721708135" classname="p2.S11.SomeLongLongLongLongLongTestName_236" name="Run 0" assertions="3 total, 0 failed, 3 succeeded"/><testcase time="-8074.053768177186" classname="p2.S11.SomeLongLongLongLongLongTestName_237" name="Run 0" assertions="3 total, 0 failed, 3 succeeded"/><testcase time="-130.23310280063941" classname="p2.S11.SomeLongLongLongLongLongTestName_238" name="Run 0" assertions="3 total, 0 failed, 3 succeeded"/><testcase time="-9102.454630650147" classname="p2.S11.SomeLongLongLongLongLongTestName_239" name="Run 0" assertions="3 total, 0 failed, 3 succeeded"/><testcase time="-9787.033302909154" classname="p2.S11.SomeLongLongLongLongLongTestName_240" name="Run 0" assertions="3 total, 0 failed, 3 succeeded"/><testcase time="-7244.604085576793" classname="p2.S11.SomeLongLongLongLongLongTestName_241" name="Run 0" assertions="3 total, 0 failed, 3 succeeded"/><testcase time="-3498.683360325555" classname="p2.S11.SomeLongLongLongLongLongTestName_242" name="Run 0" assertions="3 total, 0 failed, 3 succeeded"/><testcase time="-2313.1553387171734" classname="p2.S11.SomeLongLongLongLongLongTestName_243" name="Run 0" assertions="3 total, 0 failed, 3 succeeded"/><testcase time="-692.1100833246129" classname="p2.S11.SomeLongLongLongLongLongTestName_244" name="Run 0" assertions="3 total, 0 failed, 3 succeeded"/><testcase time="-6065.374745195407" classname="p2.S11.SomeLongLongLongLongLongTestName_245" name="Run 0" assertions="3 total, 0 failed, 3 succeeded"/><testcase time="-6188.99468348406" classname="p2.S11.SomeLongLongLongLongLongTestName_246" name="Run 0" assertions="3 total, 0 failed, 3 succeeded"/><testcase time="-6490.388684318876" classname="p2.S11.SomeLongLongLongLongLongTestName_247" name="Run 0" assertions="3 total, 0 failed, 3 succeeded"/><testcase time="-1114.2522289194064" classname="p2.S11.SomeLongLongLongLongLongTestName_248" name="Run 0" assertions="3 total, 0 failed, 3 succeeded"/><testcase time="-166.9649409779759" classname="p2.S11.SomeLongLongLongLongLongTestName_249" name="Run 0" assertions="3 total, 0 failed, 3 succeeded"/><testcase time="-3198.5843960236307" classname="p2.S11.SomeLongLongLongLongLongTestName_250" name="Run 0" assertions="3 total, 0 failed, 3 succeeded"/><testcase time="-7953.413458304145" classname="p2.S11.SomeLongLongLongLongLongTestName_251" name="Run 0" assertions="3 total, 0 failed, 3 succeeded"/><testcase time="-3985.2413275361673" classname="p2.S11.SomeLongLongLongLongLongTestName_252" name="Run 0" assertions="3 total, 0 failed, 3 succeeded"/><testcase time="-8783.060185124126" classname="p2.S11.SomeLongLongLongLongLongTestName_253" name="Run 0" assertions="3 total, 0 failed, 3 succeeded"/><testcase time="-2620.325952123878" classname="p2.S11.SomeLongLongLongLongLongTestName_254" name="Run 0" assertions="3 total, 0 failed, 3 succeeded"/><testcase time="-4160.000819079895" classname="p2.S11.SomeLongLongLongLongLongTestName_255" name="Run 0" assertions="3 total, 0 failed, 3 succeeded"/><testcase time="-4866.906008003236" classname="p2.S11.SomeLongLongLongLongLongTestName_256" name="Run 0" assertions="3 total, 0 failed, 3 succeeded"/><testcase time="-4751.049210690736" classname="p2.S11.SomeLongLongLongLongLongTestName_257" name="Run 0" assertions="3 total, 0 failed, 3 succeeded"/><testcase time="-1483.3797353319135" classname="p2.S11.SomeLongLongLongLongLongTestName_258" name="Run 0" assertions="3 total, 0 failed, 3 succeeded"/><testcase time="-5271.812778214592" classname="p2.S11.SomeLongLongLongLongLongTestName_259" name="Run 0" assertions="3 total, 0 failed, 3 succeeded"/><testcase time="-2695.3982426202715" classname="p2.S11.SomeLongLongLongLongLongTestName_260" name="Run 0" assertions="3 total, 0 failed, 3 succeeded"/><testcase time="-6208.540682307568" classname="p2.S11.SomeLongLongLongLongLongTestName_261" name="Run 0" assertions="3 total, 0 failed, 3 succeeded"/><testcase time="-506.2919363069274" classname="p2.S11.SomeLongLongLongLongLongTestName_262" name="Run 0" assertions="3 total, 0 failed, 3 succeeded"/><testcase time="-8030.046289102963" classname="p2.S11.SomeLongLongLongLongLongTestName_263" name="Run 0" assertions="3 total, 0 failed, 3 succeeded"/><testcase time="-4616.883289394328" classname="p2.S11.SomeLongLongLongLongLongTestName_264" name="Run 0" assertions="3 total, 0 failed, 3 succeeded"/><testcase time="-2501.0572754670043" classname="p2.S11.SomeLongLongLongLongLongTestName_265" name="Run 0" assertions="3 total, 0 failed, 3 succeeded"/><testcase time="-2635.3569485802436" classname="p2.S11.SomeLongLongLongLongLongTestName_266" name="Run 0" assertions="3 total, 0 failed, 3 succeeded"/><testcase time="-3899.3974194698435" classname="p2.S11.SomeLongLongLongLongLongTestName_267" name="Run 0" assertions="3 total, 0 failed, 3 succeeded"/><testcase time="-4245.995908047819" classname="p2.S11.SomeLongLongLongLongLongTestName_268" name="Run 0" assertions="3 total, 0 failed, 3 succeeded"/><testcase time="-1612.401812975029" classname="p2.S11.SomeLongLongLongLongLongTestName_269" name="Run 0" assertions="3 total, 0 failed, 3 succeeded"/><testcase time="-193.88423488135092" classname="p2.S11.SomeLongLongLongLongLongTestName_270" name="Run 0" assertions="3 total, 0 failed, 3 succeeded"/><testcase time="-4050.432992518399" classname="p2.S11.SomeLongLongLongLongLongTestName_271" name="Run 0" assertions="3 total, 0 failed, 3 succeeded"/><testcase time="-475.13990691912056" classname="p2.S11.SomeLongLongLongLongLongTestName_272" name="Run 0" assertions="3 total, 0 failed, 3 succeeded"/><testcase time="-2975.486014205587" classname="p2.S11.SomeLongLongLongLongLongTestName_273" name="Run 0" assertions="3 total, 0 failed, 3 succeeded"/><testcase time="-1720.880970966521" classname="p2.S11.SomeLongLongLongLongLongTestName_274" name="Run 0" assertions="3 total, 0 failed, 3 succeeded"/><testcase time="-8366.529953212159" classname="p2.S11.SomeLongLongLongLongLongTestName_275" name="Run 0" assertions="3 total, 0 failed, 3 succeeded"/><testcase time="-3524.410020193388" classname="p2.S11.SomeLongLongLongLongLongTestName_276" name="Run 0" assertions="3 total, 0 failed, 3 succeeded"/><testcase time="-6285.277410893989" classname="p2.S11.SomeLongLongLongLongLongTestName_277" name="Run 0" assertions="3 total, 0 failed, 3 succeeded"/><testcase time="-636.1941449688914" classname="p2.S11.SomeLongLongLongLongLongTestName_278" name="Run 0" assertions="3 total, 0 failed, 3 succeeded"/><testcase time="-4242.307520746386" classname="p2.S11.SomeLongLongLongLongLongTestName_279" name="Run 0" assertions="3 total, 0 failed, 3 succeeded"/><testcase time="-8335.211148316805" classname="p2.S11.SomeLongLongLongLongLongTestName_280" name="Run 0" assertions="3 total, 0 failed, 3 succeeded"/><testcase time="-7498.744083838044" classname="p2.S11.SomeLongLongLongLongLongTestName_281" name="Run 0" assertions="3 total, 0 failed, 3 succeeded"/><testcase time="-1532.7211424522234" classname="p2.S11.SomeLongLongLongLongLongTestName_282" name="Run 0" assertions="3 total, 0 failed, 3 succeeded"/><testcase time="-4290.141990616452" classname="p2.S11.SomeLongLongLongLongLongTestName_283" name="Run 0" assertions="3 total, 0 failed, 3 succeeded"/><testcase time="-9128.104289665675" classname="p2.S11.SomeLongLongLongLongLongTestName_284" name="Run 0" assertions="3 total, 0 failed, 3 succeeded"/><testcase time="-8246.266716239494" classname="p2.S11.SomeLongLongLongLongLongTestName_285" name="Run 0" assertions="3 total, 0 failed, 3 succeeded"/><testcase time="-3387.288066583096" classname="p2.S11.SomeLongLongLongLongLongTestName_286" name="Run 0" assertions="3 total, 0 failed, 3 succeeded"/><testcase time="0" classname="p2.S11.SomeLongLongLongLongLongTestName_287" name="Run 0" assertions="3 total, 0 failed, 3 succeeded"><skipped type="Skipped" message="This test was disabled."/></testcase><testcase time="0" classname="p2.S11.SomeLongLongLongLongLongTestName_288" name="Run 0" assertions="3 total, 0 failed, 3 succeeded"><skipped type="Skipped" message="This test was disabled."/></testcase><testcase time="0" classname="p2.S11.SomeLongLongLongLongLongTestName_289" name="Run 0" assertions="3 total, 0 failed, 3 succeeded"><skipped type="Skipped" message="This test was disabled."/></testcase><testcase time="0" classname="p2.S11.SomeLongLongLongLongLongTestName_290" name="Run 0" assertions="3 total, 0 failed, 3 succeeded"><skipped type="Skipped" message="This test was disabled."/></testcase><testcase time="0" classname="p2.S11.SomeLongLongLongLongLongTestName_291" name="Run 0" assertions="3 total, 0 failed, 3 succeeded"><skipped type="Skipped" message="This test was disabled."/></testcase><testcase time="0" classname="p2.S11.SomeLongLongLongLongLongTestName_292" name="Run 0" assertions="3 total, 0 failed, 3 succeeded"><skipped type="Skipped" message="This test was disabled."/></testcase><testcase time="0" classname="p2.S11.SomeLongLongLongLongLongTestName_293" name="Run 0" assertions="3 total, 0 failed, 3 succeeded"><skipped type="Skipped" message="This test was disabled."/></testcase><testcase time="0" classname="p2.S11.SomeLongLongLongLongLongTestName_294" name="Run 0" assertions="3 total, 0 failed, 3 succeeded"><skipped type="Skipped" message="This test was disabled."/></testcase><testcase time="0" classname="p2.S11.SomeLongLongLongLongLongTestName_295" name="Run 0" assertions="3 total, 0 failed, 3 succeeded"><skipped type="Skipped" message="This test was disabled."/></testcase><testcase time="0" classname="p2.S11.SomeLongLongLongLongLongTestName_296" name="Run 0" assertions="3 total, 0 failed, 3 succeeded"><skipped type="Skipped" message="This test was disabled."/></testcase><testcase time="0" classname="p2.S11.SomeLongLongLongLongLongTestName_297" name="Run 0" assertions="3 total, 0 failed, 3 succeeded"><skipped type="Skipped" message="This test was disabled."/></testcase><testcase time="0" classname="p2.S11.SomeLongLongLongLongLongTestName_298" name="Run 0" assertions="3 total, 0 failed, 3 succeeded"><skipped type="Skipped" message="This test was disabled."/></testcase><testcase time="0" classname="p2.S11.SomeLongLongLongLongLongTestName_299" name="Run 0" assertions="3 total, 0 failed, 3 succeeded"><skipped type="Skipped" message="This test was disabled."/></testcase><testcase time="0" classname="p2.S11.SomeLongLongLongLongLongTestName_300" name="Run 0" assertions="3 total, 0 failed, 3 succeeded"><skipped type="Skipped" message="This test was disabled."/></testcase><testcase time="0" classname="p2.S11.SomeLongLongLongLongLongTestName_301" name="Run 0" assertions="3 total, 0 failed, 3 succeeded"><skipped type="Skipped" message="This test was disabled."/></testcase><testcase time="0" classname="p2.S11.SomeLongLongLongLongLongTestName_302" name="Run 0" assertions="3 total, 0 failed, 3 succeeded"><skipped type="Skipped" message="This test was disabled."/></testcase><testcase time="0" classname="p2.S11.SomeLongLongLongLongLongTestName_303" name="Run 0" assertions="3 total, 0 failed, 3 succeeded"><skipped type="Skipped" message="This test was disabled."/></testcase><testcase time="0" classname="p2.S11.SomeLongLongLongLongLongTestName_304" name="Run 0" assertions="3 total, 0 failed, 3 succeeded"><skipped type="Skipped" message="This test was disabled."/></testcase><testcase time="0" classname="p2.S11.SomeLongLongLongLongLongTestName_305" name="Run 0" assertions="3 total, 0 failed, 3 succeeded"><skipped type="Skipped" message="This test was disabled."/></testcase><testcase time="0" classname="p2.S11.SomeLongLongLongLongLongTestName_306" name="Run 0" assertions="3 total, 0 failed, 3 succeeded"><skipped type="Skipped" message="This test was disabled."/></testcase><testcase time="0" classname="p2.S11.SomeLongLongLongLongLongTestName_307" name="Run 0" assertions="3 total, 0 failed, 3 succeeded"><skipped type="Skipped" message="This test was disabled."/></testcase><testcase time="0" classname="p2.S11.SomeLongLongLongLongLongTestName_308" name="Run 0" assertions="3 total, 0 failed, 3 succeeded"><skipped type="Skipped" message="This test was disabled."/></testcase><testcase time="0" classname="p2.S11.SomeLongLongLongLongLongTestName_309" name="Run 0" assertions="3 total, 0 failed, 3 succeeded"><skipped type="Skipped" message="This test was disabled."/></testcase><testcase time="0" classname="p2.S11.SomeLongLongLongLongLongTestName_310" name="Run 0" assertions="3 total, 0 failed, 3 succeeded"><skipped type="Skipped" message="This test was disabled."/></testcase><testcase time="0" classname="p2.S11.SomeLongLongLongLongLongTestName_311" name="Run 0" assertions="3 total, 0 failed, 3 succeeded"><skipped type="Skipped" message="This test was disabled."/></testcase><testcase time="0" classname="p2.S11.SomeLongLongLongLongLongTestName_312" name="Run 0" assertions="3 total, 0 failed, 3 succeeded"><skipped type="Skipped" message="This test was disabled."/></testcase><testcase time="0" classname="p2.S11.SomeLongLongLongLongLongTestName_313" name="Run 0" assertions="3 total, 0 failed, 3 succeeded"><skipped type="Skipped" message="This test was disabled."/></testcase><testcase time="0" classname="p2.S11.SomeLongLongLongLongLongTestName_314" name="Run 0" assertions="3 total, 0 failed, 3 succeeded"><skipped type="Skipped" message="This test was disabled."/></testcase><testcase time="0" classname="p2.S11.SomeLongLongLongLongLongTestName_315" name="Run 0" assertions="3 total, 0 failed, 3 succeeded"><skipped type="Skipped" message="This test was disabled."/></testcase><testcase time="0" classname="p2.S11.SomeLongLongLongLongLongTestName_316" name="Run 0" assertions="3 total, 0 failed, 3 succeeded"><skipped type="Skipped" message="This test was disabled."/></testcase><testcase time="0" classname="p2.S11.SomeLongLongLongLongLongTestName_317" name="Run 0" assertions="3 total, 0 failed, 3 succeeded"><skipped type="Skipped" message="This test was disabled."/></testcase><testcase time="0" classname="p2.S11.SomeLongLongLongLongLongTestName_318" name="Run 0" assertions="3 total, 0 failed, 3 succeeded"><skipped type="Skipped" message="This test was disabled."/></testcase><testcase time="0" classname="p2.S11.SomeLongLongLongLongLongTestName_319" name="Run 0" assertions="3 total, 0 failed, 3 succeeded"><skipped type="Skipped" message="This test was disabled."/></testcase><testcase time="0" classname="p2.S11.SomeLongLongLongLongLongTestName_320" name="Run 0" assertions="3 total, 0 failed, 3 succeeded"><skipped type="Skipped" message="This test was disabled."/></testcase><testcase time="0" classname="p2.S11.SomeLongLongLongLongLongTestName_321" name="Run 0" assertions="3 total, 0 failed, 3 succeeded"><skipped type="Skipped" message="This test was disabled."/></testcase><testcase time="0" classname="p2.S11.SomeLongLongLongLongLongTestName_322" name="Run 0" assertions="3 total, 0 failed, 3 succeeded"><skipped type="Skipped" message="This test was disabled."/></testcase><testcase time="0" classname="p2.S11.SomeLongLongLongLongLongTestName_323" name="Run 0" assertions="3 total, 0 failed, 3 succeeded"><skipped type="Skipped" message="This test was disabled."/></testcase><testcase time="0" classname="p2.S11.SomeLongLongLongLongLongTestName_324" name="Run 0" assertions="3 total, 0 failed, 3 succeeded"><skipped type="Skipped" message="This test was disabled."/></testcase><testcase time="0" classname="p2.S11.SomeLongLongLongLongLongTestName_325" name="Run 0" assertions="3 total, 0 failed, 3 succeeded"><skipped type="Skipped" message="This test was disabled."/></testcase><testcase time="0" classname="p2.S11.SomeLongLongLongLongLongTestName_326" name="Run 0" assertions="3 total, 0 failed, 3 succeeded"><skipped type="Skipped" message="This test was disabled."/></testcase><testcase time="0" classname="p2.S11.SomeLongLongLongLongLongTestName_327" name="Run 0" assertions="3 total, 0 failed, 3 succeeded"><skipped type="Skipped" message="This test was disabled."/></testcase><testcase time="0" classname="p2.S11.SomeLongLongLongLongLongTestName_328" name="Run 0" assertions="3 total, 0 failed, 3 succeeded"><skipped type="Skipped" message="This test was disabled."/></testcase><testcase time="0" classname="p2.S11.SomeLongLongLongLongLongTestName_329" name="Run 0" assertions="3 total, 0 failed, 3 succeeded"><skipped type="Skipped" message="This test was disabled."/></testcase><testcase time="0" classname="p2.S11.SomeLongLongLongLongLongTestName_330" name="Run 0" assertions="3 total, 0 failed, 3 succeeded"><skipped type="Skipped" message="This test was disabled."/></testcase><testcase time="0" classname="p2.S11.SomeLongLongLongLongLongTestName_331" name="Run 0" assertions="3 total, 0 failed, 3 succeeded"><skipped type="Skipped" message="This test was disabled."/></testcase><testcase time="0" classname="p2.S11.SomeLongLongLongLongLongTestName_332" name="Run 0" assertions="3 total, 0 failed, 3 succeeded"><skipped type="Skipped" message="This test was disabled."/></testcase><testcase time="0" classname="p2.S11.SomeLongLongLongLongLongTestName_333" name="Run 0" assertions="3 total, 0 failed, 3 succeeded"><skipped type="Skipped" message="This test was disabled."/></testcase><testcase time="0" classname="p2.S11.SomeLongLongLongLongLongTestName_334" name="Run 0" assertions="3 total, 0 failed, 3 succeeded"><skipped type="Skipped" message="This test was disabled."/></testcase><testcase time="0" classname="p2.S11.SomeLongLongLongLongLongTestName_335" name="Run 0" assertions="3 total, 0 failed, 3 succeeded"><skipped type="Skipped" message="This test was disabled."/></testcase><testcase time="0" classname="p2.S11.SomeLongLongLongLongLongTestName_336" name="Run 0" assertions="3 total, 0 failed, 3 succeeded"><skipped type="Skipped" message="This test was disabled."/></testcase><testcase time="0" classname="p2.S11.SomeLongLongLongLongLongTestName_337" name="Run 0" assertions="3 total, 0 failed, 3 succeeded"><skipped type="Skipped" message="This test was disabled."/></testcase><testcase time="0" classname="p2.S11.SomeLongLongLongLongLongTestName_338" name="Run 0" assertions="3 total, 0 failed, 3 succeeded"><skipped type="Skipped" message="This test was disabled."/></testcase><testcase time="0" classname="p2.S11.SomeLongLongLongLongLongTestName_339" name="Run 0" assertions="3 total, 0 failed, 3 succeeded"><skipped type="Skipped" message="This test was disabled."/></testcase><testcase time="0" classname="p2.S11.SomeLongLongLongLongLongTestName_340" name="Run 0" assertions="3 total, 0 failed, 3 succeeded"><skipped type="Skipped" message="This test was disabled."/></testcase><testcase time="0" classname="p2.S11.SomeLongLongLongLongLongTestName_341" name="Run 0" assertions="3 total, 0 failed, 3 succeeded"><skipped type="Skipped" message="This test was disabled."/></testcase><testcase time="0" classname="p2.S11.SomeLongLongLongLongLongTestName_342" name="Run 0" assertions="3 total, 0 failed, 3 succeeded"><skipped type="Skipped" message="This test was disabled."/></testcase><testcase time="0" classname="p2.S11.SomeLongLongLongLongLongTestName_343" name="Run 0" assertions="3 total, 0 failed, 3 succeeded"><skipped type="Skipped" message="This test was disabled."/></testcase><testcase time="0" classname="p2.S11.SomeLongLongLongLongLongTestName_344" name="Run 0" assertions="3 total, 0 failed, 3 succeeded"><skipped type="Skipped" message="This test was disabled."/></testcase><testcase time="0" classname="p2.S11.SomeLongLongLongLongLongTestName_345" name="Run 0" assertions="3 total, 0 failed, 3 succeeded"><skipped type="Skipped" message="This test was disabled."/></testcase><testcase time="0" classname="p2.S11.SomeLongLongLongLongLongTestName_346" name="Run 0" assertions="3 total, 0 failed, 3 succeeded"><skipped type="Skipped" message="This test was disabled."/></testcase><testcase time="0" classname="p2.S11.SomeLongLongLongLongLongTestName_347" name="Run 0" assertions="3 total, 0 failed, 3 succeeded"><skipped type="Skipped" message="This test was disabled."/></testcase><testcase time="0" classname="p2.S11.SomeLongLongLongLongLongTestName_348" name="Run 0" assertions="3 total, 0 failed, 3 succeeded"><skipped type="Skipped" message="This test was disabled."/></testcase><testcase time="0" classname="p2.S11.SomeLongLongLongLongLongTestName_349" name="Run 0" assertions="3 total, 0 failed, 3 succeeded"><skipped type="Skipped" message="This test was disabled."/></testcase><testcase time="0" classname="p2.S11.SomeLongLongLongLongLongTestName_350" name="Run 0" assertions="3 total, 0 failed, 3 succeeded"><skipped type="Skipped" message="This test was disabled."/></testcase><testcase time="0" classname="p2.S11.SomeLongLongLongLongLongTestName_351" name="Run 0" assertions="3 total, 0 failed, 3 succeeded"><skipped type="Skipped" message="This test was disabled."/></testcase><testcase time="0" classname="p2.S11.SomeLongLongLongLongLongTestName_352" name="Run 0" assertions="3 total, 0 failed, 3 succeeded"><skipped type="Skipped" message="This test was disabled."/></testcase><testcase time="0" classname="p2.S11.SomeLongLongLongLongLongTestName_353" name="Run 0" assertions="3 total, 0 failed, 3 succeeded"><skipped type="Skipped" message="This test was disabled."/></testcase><testcase time="0" classname="p2.S11.SomeLongLongLongLongLongTestName_354" name="Run 0" assertions="3 total, 0 failed, 3 succeeded"><skipped type="Skipped" message="This test was disabled."/></testcase><testcase time="0" classname="p2.S11.SomeLongLongLongLongLongTestName_355" name="Run 0" assertions="3 total, 0 failed, 3 succeeded"><skipped type="Skipped" message="This test was disabled."/></testcase><testcase time="0" classname="p2.S11.SomeLongLongLongLongLongTestName_356" name="Run 0" assertions="3 total, 0 failed, 3 succeeded"><skipped type="Skipped" message="This test was disabled."/></testcase><testcase time="0" classname="p2.S11.SomeLongLongLongLongLongTestName_357" name="Run 0" assertions="3 total, 0 failed, 3 succeeded"><skipped type="Skipped" message="This test was disabled."/></testcase><testcase time="0" classname="p2.S11.SomeLongLongLongLongLongTestName_358" name="Run 0" assertions="3 total, 0 failed, 3 succeeded"><skipped type="Skipped" message="This test was disabled."/></testcase><testcase time="0" classname="p2.S11.SomeLongLongLongLongLongTestName_359" name="Run 0" assertions="3 total, 0 failed, 3 succeeded"><skipped type="Skipped" message="This test was disabled."/></testcase><testcase time="0" classname="p2.S11.SomeLongLongLongLongLongTestName_360" name="Run 0" assertions="3 total, 0 failed, 3 succeeded"><skipped type="Skipped" message="This test was disabled."/></testcase><testcase time="0" classname="p2.S11.SomeLongLongLongLongLongTestName_361" name="Run 0" assertions="3 total, 0 failed, 3 succeeded"><skipped type="Skipped" message="This test was disabled."/></testcase><testcase time="0" classname="p2.S11.SomeLongLongLongLongLongTestName_362" name="Run 0" assertions="3 total, 0 failed, 3 succeeded"><skipped type="Skipped" message="This test was disabled."/></testcase><testcase time="0" classname="p2.S11.SomeLongLongLongLongLongTestName_363" name="Run 0" assertions="3 total, 0 failed, 3 succeeded"><skipped type="Skipped" message="This test was disabled."/></testcase><testcase time="0" classname="p2.S11.SomeLongLongLongLongLongTestName_364" name="Run 0" assertions="3 total, 0 failed, 3 succeeded"><skipped type="Skipped" message="This test was disabled."/></testcase><testcase time="0" classname="p2.S11.SomeLongLongLongLongLongTestName_365" name="Run 0" assertions="3 total, 0 failed, 3 succeeded"><skipped type="Skipped" message="This test was disabled."/></testcase><testcase time="0" classname="p2.S11.SomeLongLongLongLongLongTestName_366" name="Run 0" assertions="3 total, 0 failed, 3 succeeded"><skipped type="Skipped" message="This test was disabled."/></testcase><testcase time="0" classname="p2.S11.SomeLongLongLongLongLongTestName_367" name="Run 0" assertions="3 total, 0 failed, 3 succeeded"><skipped type="Skipped" message="This test was disabled."/></testcase><testcase time="0" classname="p2.S11.SomeLongLongLongLongLongTestName_368" name="Run 0" assertions="3 total, 0 failed, 3 succeeded"><skipped type="Skipped" message="This test was disabled."/></testcase><testcase time="0" classname="p2.S11.SomeLongLongLongLongLongTestName_369" name="Run 0" assertions="3 total, 0 failed, 3 succeeded"><skipped type="Skipped" message="This test was disabled."/></testcase><testcase time="0" classname="p2.S11.SomeLongLongLongLongLongTestName_370" name="Run 0" assertions="3 total, 0 failed, 3 succeeded"><skipped type="Skipped" message="This test was disabled."/></testcase><testcase time="0" classname="p2.S11.SomeLongLongLongLongLongTestName_371" name="Run 0" assertions="3 total, 0 failed, 3 succeeded"><skipped type="Skipped" message="This test was disabled."/></testcase><testcase time="0" classname="p2.S11.SomeLongLongLongLongLongTestName_372" name="Run 0" assertions="3 total, 0 failed, 3 succeeded"><skipped type="Skipped" message="This test was disabled."/></testcase><testcase time="0" classname="p2.S11.SomeLongLongLongLongLongTestName_373" name="Run 0" assertions="3 total, 0 failed, 3 succeeded"><skipped type="Skipped" message="This test was disabled."/></testcase><testcase time="0" classname="p2.S11.SomeLongLongLongLongLongTestName_374" name="Run 0" assertions="3 total, 0 failed, 3 succeeded"><skipped type="Skipped" message="This test was disabled."/></testcase><testcase time="0" classname="p2.S11.SomeLongLongLongLongLongTestName_375" name="Run 0" assertions="3 total, 0 failed, 3 succeeded"><skipped type="Skipped" message="This test was disabled."/></testcase><testcase time="0" classname="p2.S11.SomeLongLongLongLongLongTestName_376" name="Run 0" assertions="3 total, 0 failed, 3 succeeded"><skipped type="Skipped" message="This test was disabled."/></testcase><testcase time="0" classname="p2.S11.SomeLongLongLongLongLongTestName_377" name="Run 0" assertions="3 total, 0 failed, 3 succeeded"><skipped type="Skipped" message="This test was disabled."/></testcase><testcase time="0" classname="p2.S11.SomeLongLongLongLongLongTestName_378" name="Run 0" assertions="3 total, 0 failed, 3 succeeded"><skipped type="Skipped" message="This test was disabled."/></testcase><testcase time="0" classname="p2.S11.SomeLongLongLongLongLongTestName_379" name="Run 0" assertions="3 total, 0 failed, 3 succeeded"><skipped type="Skipped" message="This test was disabled."/></testcase><testcase time="0" classname="p2.S11.SomeLongLongLongLongLongTestName_380" name="Run 0" assertions="3 total, 0 failed, 3 succeeded"><skipped type="Skipped" message="This test was disabled."/></testcase><testcase time="0" classname="p2.S11.SomeLongLongLongLongLongTestName_381" name="Run 0" assertions="3 total, 0 failed, 3 succeeded"><skipped type="Skipped" message="This test was disabled."/></testcase><testcase time="0" classname="p2.S11.SomeLongLongLongLongLongTestName_382" name="Run 0" assertions="3 total, 0 failed, 3 succeeded"><skipped type="Skipped" message="This test was disabled."/></testcase><testcase time="0" classname="p2.S11.SomeLongLongLongLongLongTestName_383" name="Run 0" assertions="3 total, 0 failed, 3 succeeded"><skipped type="Skipped" message="This test was disabled."/></testcase><testcase time="0" classname="p2.S11.SomeLongLongLongLongLongTestName_384" name="Run 0" assertions="3 total, 0 failed, 3 succeeded"><skipped type="Skipped" message="This test was disabled."/></testcase><testcase time="0" classname="p2.S11.SomeLongLongLongLongLongTestName_385" name="Run 0" assertions="3 total, 0 failed, 3 succeeded"><skipped type="Skipped" message="This test was disabled."/></testcase><testcase time="0" classname="p2.S11.SomeLongLongLongLongLongTestName_386" name="Run 0" assertions="3 total, 0 failed, 3 succeeded"><skipped type="Skipped" message="This test was disabled."/></testcase><testcase time="0" classname="p2.S11.SomeLongLongLongLongLongTestName_387" name="Run 0" assertions="3 total, 0 failed, 3 succeeded"><skipped type="Skipped" message="This test was disabled."/></testcase><testcase time="0" classname="p2.S11.SomeLongLongLongLongLongTestName_388" name="Run 0" assertions="3 total, 0 failed, 3 succeeded"><skipped type="Skipped" message="This test was disabled."/></testcase><testcase time="0" classname="p2.S11.SomeLongLongLongLongLongTestName_389" name="Run 0" assertions="3 total, 0 failed, 3 succeeded"><skipped type="Skipped" message="This test was disabled."/></testcase><testcase time="0" classname="p2.S11.SomeLongLongLongLongLongTestName_390" name="Run 0" assertions="3 total, 0 failed, 3 succeeded"><skipped type="Skipped" message="This test was disabled."/></testcase><testcase time="0" classname="p2.S11.SomeLongLongLongLongLongTestName_391" name="Run 0" assertions="3 total, 0 failed, 3 succeeded"><skipped type="Skipped" message="This test was disabled."/></testcase><testcase time="0" classname="p2.S11.SomeLongLongLongLongLongTestName_392" name="Run 0" assertions="3 total, 0 failed, 3 succeeded"><skipped type="Skipped" message="This test was disabled."/></testcase><testcase time="0" classname="p2.S11.SomeLongLongLongLongLongTestName_393" name="Run 0" assertions="3 total, 0 failed, 3 succeeded"><skipped type="Skipped" message="This test was disabled."/></testcase><testcase time="0" classname="p2.S11.SomeLongLongLongLongLongTestName_394" name="Run 0" assertions="3 total, 0 failed, 3 succeeded"><skipped type="Skipped" message="This test was disabled."/></testcase><testcase time="0" classname="p2.S11.SomeLongLongLongLongLongTestName_395" name="Run 0" assertions="3 total, 0 failed, 3 succeeded"><skipped type="Skipped" message="This test was disabled."/></testcase><testcase time="0" classname="p2.S11.SomeLongLongLongLongLongTestName_396" name="Run 0" assertions="3 total, 0 failed, 3 succeeded"><skipped type="Skipped" message="This test was disabled."/></testcase><testcase time="0" classname="p2.S11.SomeLongLongLongLongLongTestName_397" name="Run 0" assertions="3 total, 0 failed, 3 succeeded"><skipped type="Skipped" message="This test was disabled."/></testcase><testcase time="0" classname="p2.S11.SomeLongLongLongLongLongTestName_398" name="Run 0" assertions="3 total, 0 failed, 3 succeeded"><skipped type="Skipped" message="This test was disabled."/></testcase><testcase time="0" classname="p2.S11.SomeLongLongLongLongLongTestName_399" name="Run 0" assertions="3 total, 0 failed, 3 succeeded"><skipped type="Skipped" message="This test was disabled."/></testcase><testcase time="0" classname="p2.S11.SomeLongLongLongLongLongTestName_400" name="Run 0" assertions="3 total, 0 failed, 3 succeeded"><skipped type="Skipped" message="This test was disabled."/></testcase><testcase time="0" classname="p2.S11.SomeLongLongLongLongLongTestName_401" name="Run 0" assertions="3 total, 0 failed, 3 succeeded"><skipped type="Skipped" message="This test was disabled."/></testcase><testcase time="0" classname="p2.S11.SomeLongLongLongLongLongTestName_402" name="Run 0" assertions="3 total, 0 failed, 3 succeeded"><skipped type="Skipped" message="This test was disabled."/></testcase><testcase time="0" classname="p2.S11.SomeLongLongLongLongLongTestName_403" name="Run 0" assertions="3 total, 0 failed, 3 succeeded"><skipped type="Skipped" message="This test was disabled."/></testcase><testcase time="0" classname="p2.S11.SomeLongLongLongLongLongTestName_404" name="Run 0" assertions="3 total, 0 failed, 3 succeeded"><skipped type="Skipped" message="This test was disabled."/></testcase><testcase time="0" classname="p2.S11.SomeLongLongLongLongLongTestName_405" name="Run 0" assertions="3 total, 0 failed, 3 succeeded"><skipped type="Skipped" message="This test was disabled."/></testcase><testcase time="0" classname="p2.S11.SomeLongLongLongLongLongTestName_406" name="Run 0" assertions="3 total, 0 failed, 3 succeeded"><skipped type="Skipped" message="This test was disabled."/></testcase><testcase time="0" classname="p2.S11.SomeLongLongLongLongLongTestName_407" name="Run 0" assertions="3 total, 0 failed, 3 succeeded"><skipped type="Skipped" message="This test was disabled."/></testcase><testcase time="0" classname="p2.S11.SomeLongLongLongLongLongTestName_408" name="Run 0" assertions="3 total, 0 failed, 3 succeeded"><skipped type="Skipped" message="This test was disabled."/></testcase><testcase time="0" classname="p2.S11.SomeLongLongLongLongLongTestName_409" name="Run 0" assertions="3 total, 0 failed, 3 succeeded"><skipped type="Skipped" message="This test was disabled."/></testcase><testcase time="0" classname="p2.S11.SomeLongLongLongLongLongTestName_410" name="Run 0" assertions="3 total, 0 failed, 3 succeeded"><skipped type="Skipped" message="This test was disabled."/></testcase><testcase time="0" classname="p2.S11.SomeLongLongLongLongLongTestName_411" name="Run 0" assertions="3 total, 0 failed, 3 succeeded"><skipped type="Skipped" message="This test was disabled."/></testcase><testcase time="0" classname="p2.S11.SomeLongLongLongLongLongTestName_412" name="Run 0" assertions="3 total, 0 failed, 3 succeeded"><skipped type="Skipped" message="This test was disabled."/></testcase><testcase time="0" classname="p2.S11.SomeLongLongLongLongLongTestName_413" name="Run 0" assertions="3 total, 0 failed, 3 succeeded"><skipped type="Skipped" message="This test was disabled."/></testcase><testcase time="0" classname="p2.S11.SomeLongLongLongLongLongTestName_414" name="Run 0" assertions="3 total, 0 failed, 3 succeeded"><skipped type="Skipped" message="This test was disabled."/></testcase><testcase time="0" classname="p2.S11.SomeLongLongLongLongLongTestName_415" name="Run 0" assertions="3 total, 0 failed, 3 succeeded"><skipped type="Skipped" message="This test was disabled."/></testcase><testcase time="0" classname="p2.S11.SomeLongLongLongLongLongTestName_416" name="Run 0" assertions="3 total, 0 failed, 3 succeeded"><skipped type="Skipped" message="This test was disabled."/></testcase><testcase time="0" classname="p2.S11.SomeLongLongLongLongLongTestName_417" name="Run 0" assertions="3 total, 0 failed, 3 succeeded"><skipped type="Skipped" message="This test was disabled."/></testcase><testcase time="0" classname="p2.S11.SomeLongLongLongLongLongTestName_418" name="Run 0" assertions="3 total, 0 failed, 3 succeeded"><skipped type="Skipped" message="This test was disabled."/></testcase><testcase time="0" classname="p2.S11.SomeLongLongLongLongLongTestName_419" name="Run 0" assertions="3 total, 0 failed, 3 succeeded"><skipped type="Skipped" message="This test was disabled."/></testcase><testcase time="0" classname="p2.S11.SomeLongLongLongLongLongTestName_420" name="Run 0" assertions="3 total, 0 failed, 3 succeeded"><skipped type="Skipped" message="This test was disabled."/></testcase><testcase time="0" classname="p2.S11.SomeLongLongLongLongLongTestName_421" name="Run 0" assertions="3 total, 0 failed, 3 succeeded"><skipped type="Skipped" message="This test was disabled."/></testcase><testcase time="-2111.7969927256227" classname="p2.S12.SomeLongLongLongLongLongTestName_0" name="Run 0" assertions="3 total, 0 failed, 3 succeeded">
                          <properties>
                          <property name="prop1" value="value1" />
                          <property name="multiline">
                              Config line 1
                              Config line 2
                              Config line 3
                          </property>
                        </properties>
                        <failure message="failure message 0" type="Failure"/><system-out>This is stdout
[[ATTACHMENT|attachment.txt]]
</system-out><system-err>This is stderr
[[ATTACHMENT|attachment.txt]]
</system-err></testcase><testcase time="-2877.345908493507" classname="p2.S12.SomeLongLongLongLongLongTestName_1" name="Run 0" assertions="3 total, 0 failed, 3 succeeded"/><testcase time="-364.2205687768525" classname="p2.S12.SomeLongLongLongLongLongTestName_2" name="Run 0" assertions="3 total, 0 failed, 3 succeeded"/><testcase time="-4284.129175493863" classname="p2.S12.SomeLongLongLongLongLongTestName_3" name="Run 0" assertions="3 total, 0 failed, 3 succeeded"/><testcase time="-5650.10493174131" classname="p2.S12.SomeLongLongLongLongLongTestName_4" name="Run 0" assertions="3 total, 0 failed, 3 succeeded"/><testcase time="-1905.0827129937375" classname="p2.S12.SomeLongLongLongLongLongTestName_5" name="Run 0" assertions="3 total, 0 failed, 3 succeeded"/><testcase time="-9177.271703107383" classname="p2.S12.SomeLongLongLongLongLongTestName_6" name="Run 0" assertions="3 total, 0 failed, 3 succeeded"/><testcase time="-65.65596874298566" classname="p2.S12.SomeLongLongLongLongLongTestName_7" name="Run 0" assertions="3 total, 0 failed, 3 succeeded"/><testcase time="-2486.7541319520647" classname="p2.S12.SomeLongLongLongLongLongTestName_8" name="Run 0" assertions="3 total, 0 failed, 3 succeeded"/><testcase time="-3472.252375113074" classname="p2.S12.SomeLongLongLongLongLongTestName_9" name="Run 0" assertions="3 total, 0 failed, 3 succeeded"/><testcase time="-720.9987983345752" classname="p2.S12.SomeLongLongLongLongLongTestName_10" name="Run 0" assertions="3 total, 0 failed, 3 succeeded"/><testcase time="-6677.026442025195" classname="p2.S12.SomeLongLongLongLongLongTestName_11" name="Run 0" assertions="3 total, 0 failed, 3 succeeded"/><testcase time="-5157.562116588717" classname="p2.S12.SomeLongLongLongLongLongTestName_12" name="Run 0" assertions="3 total, 0 failed, 3 succeeded"/><testcase time="-1362.7928528776972" classname="p2.S12.SomeLongLongLongLongLongTestName_13" name="Run 0" assertions="3 total, 0 failed, 3 succeeded"/><testcase time="-3609.9279098977854" classname="p2.S12.SomeLongLongLongLongLongTestName_14" name="Run 0" assertions="3 total, 0 failed, 3 succeeded"/><testcase time="-3819.6979789901643" classname="p2.S12.SomeLongLongLongLongLongTestName_15" name="Run 0" assertions="3 total, 0 failed, 3 succeeded"/><testcase time="-3398.9687229801666" classname="p2.S12.SomeLongLongLongLongLongTestName_16" name="Run 0" assertions="3 total, 0 failed, 3 succeeded"/><testcase time="-5565.045879800689" classname="p2.S12.SomeLongLongLongLongLongTestName_17" name="Run 0" assertions="3 total, 0 failed, 3 succeeded"/><testcase time="-1397.5373321143124" classname="p2.S12.SomeLongLongLongLongLongTestName_18" name="Run 0" assertions="3 total, 0 failed, 3 succeeded"/><testcase time="-9937.640554358564" classname="p2.S12.SomeLongLongLongLongLongTestName_19" name="Run 0" assertions="3 total, 0 failed, 3 succeeded"/><testcase time="-6601.691906809319" classname="p2.S12.SomeLongLongLongLongLongTestName_20" name="Run 0" assertions="3 total, 0 failed, 3 succeeded"/><testcase time="-7590.121149348322" classname="p2.S12.SomeLongLongLongLongLongTestName_21" name="Run 0" assertions="3 total, 0 failed, 3 succeeded"/><testcase time="-3846.1897623928617" classname="p2.S12.SomeLongLongLongLongLongTestName_22" name="Run 0" assertions="3 total, 0 failed, 3 succeeded"/><testcase time="-2896.812648566233" classname="p2.S12.SomeLongLongLongLongLongTestName_23" name="Run 0" assertions="3 total, 0 failed, 3 succeeded"/><testcase time="-4736.81750290222" classname="p2.S12.SomeLongLongLongLongLongTestName_24" name="Run 0" assertions="3 total, 0 failed, 3 succeeded"/><testcase time="-537.9051083777521" classname="p2.S12.SomeLongLongLongLongLongTestName_25" name="Run 0" assertions="3 total, 0 failed, 3 succeeded"/><testcase time="-6015.551418701625" classname="p2.S12.SomeLongLongLongLongLongTestName_26" name="Run 0" assertions="3 total, 0 failed, 3 succeeded"/><testcase time="-7972.077043394776" classname="p2.S12.SomeLongLongLongLongLongTestName_27" name="Run 0" assertions="3 total, 0 failed, 3 succeeded"/><testcase time="-9082.248170440374" classname="p2.S12.SomeLongLongLongLongLongTestName_28" name="Run 0" assertions="3 total, 0 failed, 3 succeeded"/><testcase time="-5807.607795325972" classname="p2.S12.SomeLongLongLongLongLongTestName_29" name="Run 0" assertions="3 total, 0 failed, 3 succeeded"/><testcase time="-3213.270180321512" classname="p2.S12.SomeLongLongLongLongLongTestName_30" name="Run 0" assertions="3 total, 0 failed, 3 succeeded"/><testcase time="-8027.097403418405" classname="p2.S12.SomeLongLongLongLongLongTestName_31" name="Run 0" assertions="3 total, 0 failed, 3 succeeded"/><testcase time="-9934.769862175423" classname="p2.S12.SomeLongLongLongLongLongTestName_32" name="Run 0" assertions="3 total, 0 failed, 3 succeeded"/><testcase time="-1615.846170567709" classname="p2.S12.SomeLongLongLongLongLongTestName_33" name="Run 0" assertions="3 total, 0 failed, 3 succeeded"/><testcase time="-8830.460649376379" classname="p2.S12.SomeLongLongLongLongLongTestName_34" name="Run 0" assertions="3 total, 0 failed, 3 succeeded"/><testcase time="-8219.879659858723" classname="p2.S12.SomeLongLongLongLongLongTestName_35" name="Run 0" assertions="3 total, 0 failed, 3 succeeded"/><testcase time="-8327.376057896" classname="p2.S12.SomeLongLongLongLongLongTestName_36" name="Run 0" assertions="3 total, 0 failed, 3 succeeded"/><testcase time="-3065.7506564934297" classname="p2.S12.SomeLongLongLongLongLongTestName_37" name="Run 0" assertions="3 total, 0 failed, 3 succeeded"/><testcase time="-5670.628458198802" classname="p2.S12.SomeLongLongLongLongLongTestName_38" name="Run 0" assertions="3 total, 0 failed, 3 succeeded"/><testcase time="-7352.884781199417" classname="p2.S12.SomeLongLongLongLongLongTestName_39" name="Run 0" assertions="3 total, 0 failed, 3 succeeded"/><testcase time="-4423.283656233299" classname="p2.S12.SomeLongLongLongLongLongTestName_40" name="Run 0" assertions="3 total, 0 failed, 3 succeeded"/><testcase time="-7316.422499795498" classname="p2.S12.SomeLongLongLongLongLongTestName_41" name="Run 0" assertions="3 total, 0 failed, 3 succeeded"/><testcase time="-2682.969380610906" classname="p2.S12.SomeLongLongLongLongLongTestName_42" name="Run 0" assertions="3 total, 0 failed, 3 succeeded"/><testcase time="-650.9428983084724" classname="p2.S12.SomeLongLongLongLongLongTestName_43" name="Run 0" assertions="3 total, 0 failed, 3 succeeded"/><testcase time="-8973.784394278244" classname="p2.S12.SomeLongLongLongLongLongTestName_44" name="Run 0" assertions="3 total, 0 failed, 3 succeeded"/><testcase time="-1011.8357917128951" classname="p2.S12.SomeLongLongLongLongLongTestName_45" name="Run 0" assertions="3 total, 0 failed, 3 succeeded"/><testcase time="-5618.214845475391" classname="p2.S12.SomeLongLongLongLongLongTestName_46" name="Run 0" assertions="3 total, 0 failed, 3 succeeded"/><testcase time="-8325.765540866842" classname="p2.S12.SomeLongLongLongLongLongTestName_47" name="Run 0" assertions="3 total, 0 failed, 3 succeeded"/><testcase time="-9084.831567705516" classname="p2.S12.SomeLongLongLongLongLongTestName_48" name="Run 0" assertions="3 total, 0 failed, 3 succeeded"/><testcase time="-3013.4363782612795" classname="p2.S12.SomeLongLongLongLongLongTestName_49" name="Run 0" assertions="3 total, 0 failed, 3 succeeded"/><testcase time="-2573.5413284711735" classname="p2.S12.SomeLongLongLongLongLongTestName_50" name="Run 0" assertions="3 total, 0 failed, 3 succeeded"/><testcase time="-346.7108101312222" classname="p2.S12.SomeLongLongLongLongLongTestName_51" name="Run 0" assertions="3 total, 0 failed, 3 succeeded"/><testcase time="-1124.0938382135857" classname="p2.S12.SomeLongLongLongLongLongTestName_52" name="Run 0" assertions="3 total, 0 failed, 3 succeeded"/><testcase time="-8902.530888692763" classname="p2.S12.SomeLongLongLongLongLongTestName_53" name="Run 0" assertions="3 total, 0 failed, 3 succeeded"/><testcase time="-3075.975552361618" classname="p2.S12.SomeLongLongLongLongLongTestName_54" name="Run 0" assertions="3 total, 0 failed, 3 succeeded"/><testcase time="-6812.758514003964" classname="p2.S12.SomeLongLongLongLongLongTestName_55" name="Run 0" assertions="3 total, 0 failed, 3 succeeded"/><testcase time="-7221.678433504118" classname="p2.S12.SomeLongLongLongLongLongTestName_56" name="Run 0" assertions="3 total, 0 failed, 3 succeeded"/><testcase time="-6181.440998927616" classname="p2.S12.SomeLongLongLongLongLongTestName_57" name="Run 0" assertions="3 total, 0 failed, 3 succeeded"/><testcase time="-4591.844941170694" classname="p2.S12.SomeLongLongLongLongLongTestName_58" name="Run 0" assertions="3 total, 0 failed, 3 succeeded"/><testcase time="-3847.1559613408363" classname="p2.S12.SomeLongLongLongLongLongTestName_59" name="Run 0" assertions="3 total, 0 failed, 3 succeeded"/><testcase time="-5755.648785060294" classname="p2.S12.SomeLongLongLongLongLongTestName_60" name="Run 0" assertions="3 total, 0 failed, 3 succeeded"/><testcase time="-6344.201219570816" classname="p2.S12.SomeLongLongLongLongLongTestName_61" name="Run 0" assertions="3 total, 0 failed, 3 succeeded"/><testcase time="-3938.9165807151508" classname="p2.S12.SomeLongLongLongLongLongTestName_62" name="Run 0" assertions="3 total, 0 failed, 3 succeeded"/><testcase time="-1063.8380785570714" classname="p2.S12.SomeLongLongLongLongLongTestName_63" name="Run 0" assertions="3 total, 0 failed, 3 succeeded"/><testcase time="-4017.687753761301" classname="p2.S12.SomeLongLongLongLongLongTestName_64" name="Run 0" assertions="3 total, 0 failed, 3 succeeded"/><testcase time="-1301.5397348392694" classname="p2.S12.SomeLongLongLongLongLongTestName_65" name="Run 0" assertions="3 total, 0 failed, 3 succeeded"/><testcase time="-5328.435034125113" classname="p2.S12.SomeLongLongLongLongLongTestName_66" name="Run 0" assertions="3 total, 0 failed, 3 succeeded"/><testcase time="-9216.198562763202" classname="p2.S12.SomeLongLongLongLongLongTestName_67" name="Run 0" assertions="3 total, 0 failed, 3 succeeded"/><testcase time="-4614.678322613331" classname="p2.S12.SomeLongLongLongLongLongTestName_68" name="Run 0" assertions="3 total, 0 failed, 3 succeeded"/><testcase time="-1797.7686173251855" classname="p2.S12.SomeLongLongLongLongLongTestName_69" name="Run 0" assertions="3 total, 0 failed, 3 succeeded"/><testcase time="-9335.028718474345" classname="p2.S12.SomeLongLongLongLongLongTestName_70" name="Run 0" assertions="3 total, 0 failed, 3 succeeded"/><testcase time="-7287.838893221596" classname="p2.S12.SomeLongLongLongLongLongTestName_71" name="Run 0" assertions="3 total, 0 failed, 3 succeeded"/><testcase time="-824.3909663875746" classname="p2.S12.SomeLongLongLongLongLongTestName_72" name="Run 0" assertions="3 total, 0 failed, 3 succeeded"/><testcase time="-5584.456633713491" classname="p2.S12.SomeLongLongLongLongLongTestName_73" name="Run 0" assertions="3 total, 0 failed, 3 succeeded"/><testcase time="-104.20892697102248" classname="p2.S12.SomeLongLongLongLongLongTestName_74" name="Run 0" assertions="3 total, 0 failed, 3 succeeded"/><testcase time="-247.34852384142073" classname="p2.S12.SomeLongLongLongLongLongTestName_75" name="Run 0" assertions="3 total, 0 failed, 3 succeeded"/><testcase time="-3228.4635636510934" classname="p2.S12.SomeLongLongLongLongLongTestName_76" name="Run 0" assertions="3 total, 0 failed, 3 succeeded"/><testcase time="-471.54831063214993" classname="p2.S12.SomeLongLongLongLongLongTestName_77" name="Run 0" assertions="3 total, 0 failed, 3 succeeded"/><testcase time="-3838.551134252263" classname="p2.S12.SomeLongLongLongLongLongTestName_78" name="Run 0" assertions="3 total, 0 failed, 3 succeeded"/><testcase time="-8054.078487884868" classname="p2.S12.SomeLongLongLongLongLongTestName_79" name="Run 0" assertions="3 total, 0 failed, 3 succeeded"/><testcase time="-9731.122717157286" classname="p2.S12.SomeLongLongLongLongLongTestName_80" name="Run 0" assertions="3 total, 0 failed, 3 succeeded"/><testcase time="-2782.6112047003335" classname="p2.S12.SomeLongLongLongLongLongTestName_81" name="Run 0" assertions="3 total, 0 failed, 3 succeeded"/><testcase time="-239.37047408963252" classname="p2.S12.SomeLongLongLongLongLongTestName_82" name="Run 0" assertions="3 total, 0 failed, 3 succeeded"/><testcase time="-4231.833867635308" classname="p2.S12.SomeLongLongLongLongLongTestName_83" name="Run 0" assertions="3 total, 0 failed, 3 succeeded"/><testcase time="-1558.1703092417492" classname="p2.S12.SomeLongLongLongLongLongTestName_84" name="Run 0" assertions="3 total, 0 failed, 3 succeeded"/><testcase time="-6721.562283782905" classname="p2.S12.SomeLongLongLongLongLongTestName_85" name="Run 0" assertions="3 total, 0 failed, 3 succeeded"/><testcase time="-6668.220957084367" classname="p2.S12.SomeLongLongLongLongLongTestName_86" name="Run 0" assertions="3 total, 0 failed, 3 succeeded"/><testcase time="-8474.064563366554" classname="p2.S12.SomeLongLongLongLongLongTestName_87" name="Run 0" assertions="3 total, 0 failed, 3 succeeded"/><testcase time="-4158.009553607155" classname="p2.S12.SomeLongLongLongLongLongTestName_88" name="Run 0" assertions="3 total, 0 failed, 3 succeeded"/><testcase time="-3325.7074803646565" classname="p2.S12.SomeLongLongLongLongLongTestName_89" name="Run 0" assertions="3 total, 0 failed, 3 succeeded"/><testcase time="-8162.836477539192" classname="p2.S12.SomeLongLongLongLongLongTestName_90" name="Run 0" assertions="3 total, 0 failed, 3 succeeded"/><testcase time="-7707.763733610385" classname="p2.S12.SomeLongLongLongLongLongTestName_91" name="Run 0" assertions="3 total, 0 failed, 3 succeeded"/><testcase time="-6808.441607735562" classname="p2.S12.SomeLongLongLongLongLongTestName_92" name="Run 0" assertions="3 total, 0 failed, 3 succeeded"/><testcase time="-1168.353122930332" classname="p2.S12.SomeLongLongLongLongLongTestName_93" name="Run 0" assertions="3 total, 0 failed, 3 succeeded"/><testcase time="-679.5334123436658" classname="p2.S12.SomeLongLongLongLongLongTestName_94" name="Run 0" assertions="3 total, 0 failed, 3 succeeded"/><testcase time="-7958.949362486985" classname="p2.S12.SomeLongLongLongLongLongTestName_95" name="Run 0" assertions="3 total, 0 failed, 3 succeeded"/><testcase time="-4358.548101099293" classname="p2.S12.SomeLongLongLongLongLongTestName_96" name="Run 0" assertions="3 total, 0 failed, 3 succeeded"/><testcase time="-2718.8764313790725" classname="p2.S12.SomeLongLongLongLongLongTestName_97" name="Run 0" assertions="3 total, 0 failed, 3 succeeded"/><testcase time="-2832.979521442862" classname="p2.S12.SomeLongLongLongLongLongTestName_98" name="Run 0" assertions="3 total, 0 failed, 3 succeeded"/><testcase time="-2855.884618808349" classname="p2.S12.SomeLongLongLongLongLongTestName_99" name="Run 0" assertions="3 total, 0 failed, 3 succeeded"/><testcase time="-8936.152458617004" classname="p2.S12.SomeLongLongLongLongLongTestName_100" name="Run 0" assertions="3 total, 0 failed, 3 succeeded"/><testcase time="-8447.576404486323" classname="p2.S12.SomeLongLongLongLongLongTestName_101" name="Run 0" assertions="3 total, 0 failed, 3 succeeded"/><testcase time="-7441.497364736723" classname="p2.S12.SomeLongLongLongLongLongTestName_102" name="Run 0" assertions="3 total, 0 failed, 3 succeeded"/><testcase time="-5460.200871124269" classname="p2.S12.SomeLongLongLongLongLongTestName_103" name="Run 0" assertions="3 total, 0 failed, 3 succeeded"/><testcase time="-3803.226873598537" classname="p2.S12.SomeLongLongLongLongLongTestName_104" name="Run 0" assertions="3 total, 0 failed, 3 succeeded"/><testcase time="-5359.430018628186" classname="p2.S12.SomeLongLongLongLongLongTestName_105" name="Run 0" assertions="3 total, 0 failed, 3 succeeded"/><testcase time="-9050.285809105224" classname="p2.S12.SomeLongLongLongLongLongTestName_106" name="Run 0" assertions="3 total, 0 failed, 3 succeeded"/><testcase time="-7298.198312232181" classname="p2.S12.SomeLongLongLongLongLongTestName_107" name="Run 0" assertions="3 total, 0 failed, 3 succeeded"/><testcase time="-3353.031694101963" classname="p2.S12.SomeLongLongLongLongLongTestName_108" name="Run 0" assertions="3 total, 0 failed, 3 succeeded"/><testcase time="-1292.426750121028" classname="p2.S12.SomeLongLongLongLongLongTestName_109" name="Run 0" assertions="3 total, 0 failed, 3 succeeded"/><testcase time="-2508.8051968528375" classname="p2.S12.SomeLongLongLongLongLongTestName_110" name="Run 0" assertions="3 total, 0 failed, 3 succeeded"/><testcase time="-5421.294983440435" classname="p2.S12.SomeLongLongLongLongLongTestName_111" name="Run 0" assertions="3 total, 0 failed, 3 succeeded"/><testcase time="-4504.156729461004" classname="p2.S12.SomeLongLongLongLongLongTestName_112" name="Run 0" assertions="3 total, 0 failed, 3 succeeded"/><testcase time="-8139.435173438351" classname="p2.S12.SomeLongLongLongLongLongTestName_113" name="Run 0" assertions="3 total, 0 failed, 3 succeeded"/><testcase time="-3780.826153255514" classname="p2.S12.SomeLongLongLongLongLongTestName_114" name="Run 0" assertions="3 total, 0 failed, 3 succeeded"/><testcase time="-5200.9513398607205" classname="p2.S12.SomeLongLongLongLongLongTestName_115" name="Run 0" assertions="3 total, 0 failed, 3 succeeded"/><testcase time="-5803.659239329164" classname="p2.S12.SomeLongLongLongLongLongTestName_116" name="Run 0" assertions="3 total, 0 failed, 3 succeeded"/><testcase time="-9725.579506706468" classname="p2.S12.SomeLongLongLongLongLongTestName_117" name="Run 0" assertions="3 total, 0 failed, 3 succeeded"/><testcase time="-4388.52586477139" classname="p2.S12.SomeLongLongLongLongLongTestName_118" name="Run 0" assertions="3 total, 0 failed, 3 succeeded"/><testcase time="-6746.64999596141" classname="p2.S12.SomeLongLongLongLongLongTestName_119" name="Run 0" assertions="3 total, 0 failed, 3 succeeded"/><testcase time="-5545.41160315716" classname="p2.S12.SomeLongLongLongLongLongTestName_120" name="Run 0" assertions="3 total, 0 failed, 3 succeeded"/><testcase time="-4105.614406329711" classname="p2.S12.SomeLongLongLongLongLongTestName_121" name="Run 0" assertions="3 total, 0 failed, 3 succeeded"/><testcase time="-5177.005886267751" classname="p2.S12.SomeLongLongLongLongLongTestName_122" name="Run 0" assertions="3 total, 0 failed, 3 succeeded"/><testcase time="-2006.8283158690742" classname="p2.S12.SomeLongLongLongLongLongTestName_123" name="Run 0" assertions="3 total, 0 failed, 3 succeeded"/><testcase time="-4162.085836470046" classname="p2.S12.SomeLongLongLongLongLongTestName_124" name="Run 0" assertions="3 total, 0 failed, 3 succeeded"/><testcase time="-6295.2045793233065" classname="p2.S12.SomeLongLongLongLongLongTestName_125" name="Run 0" assertions="3 total, 0 failed, 3 succeeded"/><testcase time="-6278.808736450509" classname="p2.S12.SomeLongLongLongLongLongTestName_126" name="Run 0" assertions="3 total, 0 failed, 3 succeeded"/><testcase time="-8279.073968289582" classname="p2.S12.SomeLongLongLongLongLongTestName_127" name="Run 0" assertions="3 total, 0 failed, 3 succeeded"/><testcase time="-5644.96028778379" classname="p2.S12.SomeLongLongLongLongLongTestName_128" name="Run 0" assertions="3 total, 0 failed, 3 succeeded"/><testcase time="-5358.439121525311" classname="p2.S12.SomeLongLongLongLongLongTestName_129" name="Run 0" assertions="3 total, 0 failed, 3 succeeded"/><testcase time="-1939.9098380579535" classname="p2.S12.SomeLongLongLongLongLongTestName_130" name="Run 0" assertions="3 total, 0 failed, 3 succeeded"/><testcase time="-2224.8132431420036" classname="p2.S12.SomeLongLongLongLongLongTestName_131" name="Run 0" assertions="3 total, 0 failed, 3 succeeded"/><testcase time="-8218.997355418043" classname="p2.S12.SomeLongLongLongLongLongTestName_132" name="Run 0" assertions="3 total, 0 failed, 3 succeeded"/><testcase time="-2050.735087605388" classname="p2.S12.SomeLongLongLongLongLongTestName_133" name="Run 0" assertions="3 total, 0 failed, 3 succeeded"/><testcase time="-720.8907419979795" classname="p2.S12.SomeLongLongLongLongLongTestName_134" name="Run 0" assertions="3 total, 0 failed, 3 succeeded"/><testcase time="-3754.7340701523126" classname="p2.S12.SomeLongLongLongLongLongTestName_135" name="Run 0" assertions="3 total, 0 failed, 3 succeeded"/><testcase time="-8742.653844581344" classname="p2.S12.SomeLongLongLongLongLongTestName_136" name="Run 0" assertions="3 total, 0 failed, 3 succeeded"/><testcase time="-3640.9498385400525" classname="p2.S12.SomeLongLongLongLongLongTestName_137" name="Run 0" assertions="3 total, 0 failed, 3 succeeded"/><testcase time="-6009.1876565470175" classname="p2.S12.SomeLongLongLongLongLongTestName_138" name="Run 0" assertions="3 total, 0 failed, 3 succeeded"/><testcase time="-9157.994471690921" classname="p2.S12.SomeLongLongLongLongLongTestName_139" name="Run 0" assertions="3 total, 0 failed, 3 succeeded"/><testcase time="-2953.1660685085862" classname="p2.S12.SomeLongLongLongLongLongTestName_140" name="Run 0" assertions="3 total, 0 failed, 3 succeeded"/><testcase time="-1013.5223105854984" classname="p2.S12.SomeLongLongLongLongLongTestName_141" name="Run 0" assertions="3 total, 0 failed, 3 succeeded"/><testcase time="-6583.219737888688" classname="p2.S12.SomeLongLongLongLongLongTestName_142" name="Run 0" assertions="3 total, 0 failed, 3 succeeded"/><testcase time="-149.34392553924215" classname="p2.S12.SomeLongLongLongLongLongTestName_143" name="Run 0" assertions="3 total, 0 failed, 3 succeeded"/><testcase time="-5527.077725527547" classname="p2.S12.SomeLongLongLongLongLongTestName_144" name="Run 0" assertions="3 total, 0 failed, 3 succeeded"/><testcase time="-9045.423165955443" classname="p2.S12.SomeLongLongLongLongLongTestName_145" name="Run 0" assertions="3 total, 0 failed, 3 succeeded"/><testcase time="-3817.412093589235" classname="p2.S12.SomeLongLongLongLongLongTestName_146" name="Run 0" assertions="3 total, 0 failed, 3 succeeded"/><testcase time="-4450.077659271457" classname="p2.S12.SomeLongLongLongLongLongTestName_147" name="Run 0" assertions="3 total, 0 failed, 3 succeeded"/><testcase time="-1493.5140170766238" classname="p2.S12.SomeLongLongLongLongLongTestName_148" name="Run 0" assertions="3 total, 0 failed, 3 succeeded"/><testcase time="-5563.31573674085" classname="p2.S12.SomeLongLongLongLongLongTestName_149" name="Run 0" assertions="3 total, 0 failed, 3 succeeded"/><testcase time="-8082.692421298544" classname="p2.S12.SomeLongLongLongLongLongTestName_150" name="Run 0" assertions="3 total, 0 failed, 3 succeeded"/><testcase time="-9067.225322297667" classname="p2.S12.SomeLongLongLongLongLongTestName_151" name="Run 0" assertions="3 total, 0 failed, 3 succeeded"/><testcase time="-8994.879147542122" classname="p2.S12.SomeLongLongLongLongLongTestName_152" name="Run 0" assertions="3 total, 0 failed, 3 succeeded"/><testcase time="-4737.400859273567" classname="p2.S12.SomeLongLongLongLongLongTestName_153" name="Run 0" assertions="3 total, 0 failed, 3 succeeded"/><testcase time="-8413.159671962816" classname="p2.S12.SomeLongLongLongLongLongTestName_154" name="Run 0" assertions="3 total, 0 failed, 3 succeeded"/><testcase time="-96.90783789293184" classname="p2.S12.SomeLongLongLongLongLongTestName_155" name="Run 0" assertions="3 total, 0 failed, 3 succeeded"/><testcase time="-3770.065038052282" classname="p2.S12.SomeLongLongLongLongLongTestName_156" name="Run 0" assertions="3 total, 0 failed, 3 succeeded"/><testcase time="-7313.7276608618085" classname="p2.S12.SomeLongLongLongLongLongTestName_157" name="Run 0" assertions="3 total, 0 failed, 3 succeeded"/><testcase time="-1548.1073529471837" classname="p2.S12.SomeLongLongLongLongLongTestName_158" name="Run 0" assertions="3 total, 0 failed, 3 succeeded"/><testcase time="-5061.872545702145" classname="p2.S12.SomeLongLongLongLongLongTestName_159" name="Run 0" assertions="3 total, 0 failed, 3 succeeded"/><testcase time="-3065.565355350177" classname="p2.S12.SomeLongLongLongLongLongTestName_160" name="Run 0" assertions="3 total, 0 failed, 3 succeeded"/><testcase time="-1123.9264041115364" classname="p2.S12.SomeLongLongLongLongLongTestName_161" name="Run 0" assertions="3 total, 0 failed, 3 succeeded"/><testcase time="-1218.8634766647851" classname="p2.S12.SomeLongLongLongLongLongTestName_162" name="Run 0" assertions="3 total, 0 failed, 3 succeeded"/><testcase time="-2567.645647245049" classname="p2.S12.SomeLongLongLongLongLongTestName_163" name="Run 0" assertions="3 total, 0 failed, 3 succeeded"/><testcase time="-2562.7583142045787" classname="p2.S12.SomeLongLongLongLongLongTestName_164" name="Run 0" assertions="3 total, 0 failed, 3 succeeded"/><testcase time="-6667.677839301369" classname="p2.S12.SomeLongLongLongLongLongTestName_165" name="Run 0" assertions="3 total, 0 failed, 3 succeeded"/><testcase time="-1868.832651380704" classname="p2.S12.SomeLongLongLongLongLongTestName_166" name="Run 0" assertions="3 total, 0 failed, 3 succeeded"/><testcase time="-8718.331290646916" classname="p2.S12.SomeLongLongLongLongLongTestName_167" name="Run 0" assertions="3 total, 0 failed, 3 succeeded"/><testcase time="-8761.489905457096" classname="p2.S12.SomeLongLongLongLongLongTestName_168" name="Run 0" assertions="3 total, 0 failed, 3 succeeded"/><testcase time="-4170.052491555373" classname="p2.S12.SomeLongLongLongLongLongTestName_169" name="Run 0" assertions="3 total, 0 failed, 3 succeeded"/><testcase time="-1697.9150563044125" classname="p2.S12.SomeLongLongLongLongLongTestName_170" name="Run 0" assertions="3 total, 0 failed, 3 succeeded"/><testcase time="-774.8651302564305" classname="p2.S12.SomeLongLongLongLongLongTestName_171" name="Run 0" assertions="3 total, 0 failed, 3 succeeded"/><testcase time="-2917.700212108017" classname="p2.S12.SomeLongLongLongLongLongTestName_172" name="Run 0" assertions="3 total, 0 failed, 3 succeeded"/><testcase time="-2284.2417119056445" classname="p2.S12.SomeLongLongLongLongLongTestName_173" name="Run 0" assertions="3 total, 0 failed, 3 succeeded"/><testcase time="-399.0534149960381" classname="p2.S12.SomeLongLongLongLongLongTestName_174" name="Run 0" assertions="3 total, 0 failed, 3 succeeded"/><testcase time="-9638.51881562221" classname="p2.S12.SomeLongLongLongLongLongTestName_175" name="Run 0" assertions="3 total, 0 failed, 3 succeeded"/><testcase time="-5566.547488655345" classname="p2.S12.SomeLongLongLongLongLongTestName_176" name="Run 0" assertions="3 total, 0 failed, 3 succeeded"/><testcase time="-6996.886149670119" classname="p2.S12.SomeLongLongLongLongLongTestName_177" name="Run 0" assertions="3 total, 0 failed, 3 succeeded"/><testcase time="-3767.122594613868" classname="p2.S12.SomeLongLongLongLongLongTestName_178" name="Run 0" assertions="3 total, 0 failed, 3 succeeded"/><testcase time="-241.84580884356956" classname="p2.S12.SomeLongLongLongLongLongTestName_179" name="Run 0" assertions="3 total, 0 failed, 3 succeeded"/><testcase time="-3120.672466305153" classname="p2.S12.SomeLongLongLongLongLongTestName_180" name="Run 0" assertions="3 total, 0 failed, 3 succeeded"/><testcase time="-2456.8727062328676" classname="p2.S12.SomeLongLongLongLongLongTestName_181" name="Run 0" assertions="3 total, 0 failed, 3 succeeded"/><testcase time="-1797.652414789773" classname="p2.S12.SomeLongLongLongLongLongTestName_182" name="Run 0" assertions="3 total, 0 failed, 3 succeeded"/><testcase time="-7027.7952044451895" classname="p2.S12.SomeLongLongLongLongLongTestName_183" name="Run 0" assertions="3 total, 0 failed, 3 succeeded"/><testcase time="-6980.5828879794535" classname="p2.S12.SomeLongLongLongLongLongTestName_184" name="Run 0" assertions="3 total, 0 failed, 3 succeeded"/><testcase time="-74.25014750932834" classname="p2.S12.SomeLongLongLongLongLongTestName_185" name="Run 0" assertions="3 total, 0 failed, 3 succeeded"/><testcase time="-8746.528182949807" classname="p2.S12.SomeLongLongLongLongLongTestName_186" name="Run 0" assertions="3 total, 0 failed, 3 succeeded"/><testcase time="-8512.968569560491" classname="p2.S12.SomeLongLongLongLongLongTestName_187" name="Run 0" assertions="3 total, 0 failed, 3 succeeded"/><testcase time="-2389.856303580839" classname="p2.S12.SomeLongLongLongLongLongTestName_188" name="Run 0" assertions="3 total, 0 failed, 3 succeeded"/><testcase time="-4055.695983301563" classname="p2.S12.SomeLongLongLongLongLongTestName_189" name="Run 0" assertions="3 total, 0 failed, 3 succeeded"/><testcase time="-6814.804494121122" classname="p2.S12.SomeLongLongLongLongLongTestName_190" name="Run 0" assertions="3 total, 0 failed, 3 succeeded"/><testcase time="-4304.059835000195" classname="p2.S12.SomeLongLongLongLongLongTestName_191" name="Run 0" assertions="3 total, 0 failed, 3 succeeded"/><testcase time="-3085.2260137681205" classname="p2.S12.SomeLongLongLongLongLongTestName_192" name="Run 0" assertions="3 total, 0 failed, 3 succeeded"/><testcase time="-3911.1820839191923" classname="p2.S12.SomeLongLongLongLongLongTestName_193" name="Run 0" assertions="3 total, 0 failed, 3 succeeded"/><testcase time="-7176.372343936489" classname="p2.S12.SomeLongLongLongLongLongTestName_194" name="Run 0" assertions="3 total, 0 failed, 3 succeeded"/><testcase time="-1190.9272279206866" classname="p2.S12.SomeLongLongLongLongLongTestName_195" name="Run 0" assertions="3 total, 0 failed, 3 succeeded"/><testcase time="-2396.0794500593647" classname="p2.S12.SomeLongLongLongLongLongTestName_196" name="Run 0" assertions="3 total, 0 failed, 3 succeeded"/><testcase time="-7047.559569810867" classname="p2.S12.SomeLongLongLongLongLongTestName_197" name="Run 0" assertions="3 total, 0 failed, 3 succeeded"/><testcase time="-3972.1816733039104" classname="p2.S12.SomeLongLongLongLongLongTestName_198" name="Run 0" assertions="3 total, 0 failed, 3 succeeded"/><testcase time="-8492.343631506881" classname="p2.S12.SomeLongLongLongLongLongTestName_199" name="Run 0" assertions="3 total, 0 failed, 3 succeeded"/><testcase time="-2922.4916450822607" classname="p2.S12.SomeLongLongLongLongLongTestName_200" name="Run 0" assertions="3 total, 0 failed, 3 succeeded"/><testcase time="-7042.535396914074" classname="p2.S12.SomeLongLongLongLongLongTestName_201" name="Run 0" assertions="3 total, 0 failed, 3 succeeded"/><testcase time="-1356.9325970191596" classname="p2.S12.SomeLongLongLongLongLongTestName_202" name="Run 0" assertions="3 total, 0 failed, 3 succeeded"/><testcase time="-4104.626085636627" classname="p2.S12.SomeLongLongLongLongLongTestName_203" name="Run 0" assertions="3 total, 0 failed, 3 succeeded"/><testcase time="-623.2660851917879" classname="p2.S12.SomeLongLongLongLongLongTestName_204" name="Run 0" assertions="3 total, 0 failed, 3 succeeded"/><testcase time="-6401.36479313489" classname="p2.S12.SomeLongLongLongLongLongTestName_205" name="Run 0" assertions="3 total, 0 failed, 3 succeeded"/><testcase time="-3645.936992258448" classname="p2.S12.SomeLongLongLongLongLongTestName_206" name="Run 0" assertions="3 total, 0 failed, 3 succeeded"/><testcase time="-6100.832691592501" classname="p2.S12.SomeLongLongLongLongLongTestName_207" name="Run 0" assertions="3 total, 0 failed, 3 succeeded"/><testcase time="-9706.95966576512" classname="p2.S12.SomeLongLongLongLongLongTestName_208" name="Run 0" assertions="3 total, 0 failed, 3 succeeded"/><testcase time="-3143.6018602061663" classname="p2.S12.SomeLongLongLongLongLongTestName_209" name="Run 0" assertions="3 total, 0 failed, 3 succeeded"/><testcase time="-2843.5699121129655" classname="p2.S12.SomeLongLongLongLongLongTestName_210" name="Run 0" assertions="3 total, 0 failed, 3 succeeded"/><testcase time="-6045.966078466931" classname="p2.S12.SomeLongLongLongLongLongTestName_211" name="Run 0" assertions="3 total, 0 failed, 3 succeeded"/><testcase time="-9684.15702648572" classname="p2.S12.SomeLongLongLongLongLongTestName_212" name="Run 0" assertions="3 total, 0 failed, 3 succeeded"/><testcase time="-6077.339310445343" classname="p2.S12.SomeLongLongLongLongLongTestName_213" name="Run 0" assertions="3 total, 0 failed, 3 succeeded"/><testcase time="-279.64342679701485" classname="p2.S12.SomeLongLongLongLongLongTestName_214" name="Run 0" assertions="3 total, 0 failed, 3 succeeded"/><testcase time="-4100.559673430596" classname="p2.S12.SomeLongLongLongLongLongTestName_215" name="Run 0" assertions="3 total, 0 failed, 3 succeeded"/><testcase time="-5733.846670774024" classname="p2.S12.SomeLongLongLongLongLongTestName_216" name="Run 0" assertions="3 total, 0 failed, 3 succeeded"/><testcase time="-2848.5823922071136" classname="p2.S12.SomeLongLongLongLongLongTestName_217" name="Run 0" assertions="3 total, 0 failed, 3 succeeded"/><testcase time="-32.31521034718459" classname="p2.S12.SomeLongLongLongLongLongTestName_218" name="Run 0" assertions="3 total, 0 failed, 3 succeeded"/><testcase time="-7710.230397532739" classname="p2.S12.SomeLongLongLongLongLongTestName_219" name="Run 0" assertions="3 total, 0 failed, 3 succeeded"/><testcase time="-8625.403663158299" classname="p2.S12.SomeLongLongLongLongLongTestName_220" name="Run 0" assertions="3 total, 0 failed, 3 succeeded"/><testcase time="-9816.554819078077" classname="p2.S12.SomeLongLongLongLongLongTestName_221" name="Run 0" assertions="3 total, 0 failed, 3 succeeded"/><testcase time="-6825.82588980777" classname="p2.S12.SomeLongLongLongLongLongTestName_222" name="Run 0" assertions="3 total, 0 failed, 3 succeeded"/><testcase time="-7977.16274545871" classname="p2.S12.SomeLongLongLongLongLongTestName_223" name="Run 0" assertions="3 total, 0 failed, 3 succeeded"/><testcase time="-993.9994756008022" classname="p2.S12.SomeLongLongLongLongLongTestName_224" name="Run 0" assertions="3 total, 0 failed, 3 succeeded"/><testcase time="-3358.558295305792" classname="p2.S12.SomeLongLongLongLongLongTestName_225" name="Run 0" assertions="3 total, 0 failed, 3 succeeded"/><testcase time="-7742.300426950986" classname="p2.S12.SomeLongLongLongLongLongTestName_226" name="Run 0" assertions="3 total, 0 failed, 3 succeeded"/><testcase time="-3049.1791011942355" classname="p2.S12.SomeLongLongLongLongLongTestName_227" name="Run 0" assertions="3 total, 0 failed, 3 succeeded"/><testcase time="-6126.86802640541" classname="p2.S12.SomeLongLongLongLongLongTestName_228" name="Run 0" assertions="3 total, 0 failed, 3 succeeded"/><testcase time="-6294.879306720829" classname="p2.S12.SomeLongLongLongLongLongTestName_229" name="Run 0" assertions="3 total, 0 failed, 3 succeeded"/><testcase time="-3776.8740036743466" classname="p2.S12.SomeLongLongLongLongLongTestName_230" name="Run 0" assertions="3 total, 0 failed, 3 succeeded"/><testcase time="-911.1851214870171" classname="p2.S12.SomeLongLongLongLongLongTestName_231" name="Run 0" assertions="3 total, 0 failed, 3 succeeded"/><testcase time="-3123.0725414102826" classname="p2.S12.SomeLongLongLongLongLongTestName_232" name="Run 0" assertions="3 total, 0 failed, 3 succeeded"/><testcase time="-692.9545746741272" classname="p2.S12.SomeLongLongLongLongLongTestName_233" name="Run 0" assertions="3 total, 0 failed, 3 succeeded"/><testcase time="-5767.629591704256" classname="p2.S12.SomeLongLongLongLongLongTestName_234" name="Run 0" assertions="3 total, 0 failed, 3 succeeded"/><testcase time="-7699.93634986166" classname="p2.S12.SomeLongLongLongLongLongTestName_235" name="Run 0" assertions="3 total, 0 failed, 3 succeeded"/><testcase time="-5391.825359117727" classname="p2.S12.SomeLongLongLongLongLongTestName_236" name="Run 0" assertions="3 total, 0 failed, 3 succeeded"/><testcase time="-9342.602645486793" classname="p2.S12.SomeLongLongLongLongLongTestName_237" name="Run 0" assertions="3 total, 0 failed, 3 succeeded"/><testcase time="-5860.172218455895" classname="p2.S12.SomeLongLongLongLongLongTestName_238" name="Run 0" assertions="3 total, 0 failed, 3 succeeded"/><testcase time="-3810.282188032155" classname="p2.S12.SomeLongLongLongLongLongTestName_239" name="Run 0" assertions="3 total, 0 failed, 3 succeeded"/><testcase time="-2115.6436827037046" classname="p2.S12.SomeLongLongLongLongLongTestName_240" name="Run 0" assertions="3 total, 0 failed, 3 succeeded"/><testcase time="-5323.003602248898" classname="p2.S12.SomeLongLongLongLongLongTestName_241" name="Run 0" assertions="3 total, 0 failed, 3 succeeded"/><testcase time="-2845.1857932152143" classname="p2.S12.SomeLongLongLongLongLongTestName_242" name="Run 0" assertions="3 total, 0 failed, 3 succeeded"/><testcase time="-5772.180484782257" classname="p2.S12.SomeLongLongLongLongLongTestName_243" name="Run 0" assertions="3 total, 0 failed, 3 succeeded"/><testcase time="-314.1978258726794" classname="p2.S12.SomeLongLongLongLongLongTestName_244" name="Run 0" assertions="3 total, 0 failed, 3 succeeded"/><testcase time="-8805.447186123976" classname="p2.S12.SomeLongLongLongLongLongTestName_245" name="Run 0" assertions="3 total, 0 failed, 3 succeeded"/><testcase time="-8312.282998162926" classname="p2.S12.SomeLongLongLongLongLongTestName_246" name="Run 0" assertions="3 total, 0 failed, 3 succeeded"/><testcase time="-942.2951636861926" classname="p2.S12.SomeLongLongLongLongLongTestName_247" name="Run 0" assertions="3 total, 0 failed, 3 succeeded"/><testcase time="-499.34795142104906" classname="p2.S12.SomeLongLongLongLongLongTestName_248" name="Run 0" assertions="3 total, 0 failed, 3 succeeded"/><testcase time="-1743.6326980798638" classname="p2.S12.SomeLongLongLongLongLongTestName_249" name="Run 0" assertions="3 total, 0 failed, 3 succeeded"/><testcase time="-206.89760762716412" classname="p2.S12.SomeLongLongLongLongLongTestName_250" name="Run 0" assertions="3 total, 0 failed, 3 succeeded"/><testcase time="-5600.424111805436" classname="p2.S12.SomeLongLongLongLongLongTestName_251" name="Run 0" assertions="3 total, 0 failed, 3 succeeded"/><testcase time="-8677.051717954839" classname="p2.S12.SomeLongLongLongLongLongTestName_252" name="Run 0" assertions="3 total, 0 failed, 3 succeeded"/><testcase time="-8846.005386109602" classname="p2.S12.SomeLongLongLongLongLongTestName_253" name="Run 0" assertions="3 total, 0 failed, 3 succeeded"/><testcase time="-4999.065880911963" classname="p2.S12.SomeLongLongLongLongLongTestName_254" name="Run 0" assertions="3 total, 0 failed, 3 succeeded"/><testcase time="-3037.6900338797072" classname="p2.S12.SomeLongLongLongLongLongTestName_255" name="Run 0" assertions="3 total, 0 failed, 3 succeeded"/><testcase time="-955.7530566988896" classname="p2.S12.SomeLongLongLongLongLongTestName_256" name="Run 0" assertions="3 total, 0 failed, 3 succeeded"/><testcase time="-584.4734384470383" classname="p2.S12.SomeLongLongLongLongLongTestName_257" name="Run 0" assertions="3 total, 0 failed, 3 succeeded"/><testcase time="-7704.740858479995" classname="p2.S12.SomeLongLongLongLongLongTestName_258" name="Run 0" assertions="3 total, 0 failed, 3 succeeded"/><testcase time="-5277.222234664065" classname="p2.S12.SomeLongLongLongLongLongTestName_259" name="Run 0" assertions="3 total, 0 failed, 3 succeeded"/><testcase time="-5286.924878244435" classname="p2.S12.SomeLongLongLongLongLongTestName_260" name="Run 0" assertions="3 total, 0 failed, 3 succeeded"/><testcase time="-5989.032976250789" classname="p2.S12.SomeLongLongLongLongLongTestName_261" name="Run 0" assertions="3 total, 0 failed, 3 succeeded"/><testcase time="-2927.448769516195" classname="p2.S12.SomeLongLongLongLongLongTestName_262" name="Run 0" assertions="3 total, 0 failed, 3 succeeded"/><testcase time="-2688.702937351446" classname="p2.S12.SomeLongLongLongLongLongTestName_263" name="Run 0" assertions="3 total, 0 failed, 3 succeeded"/><testcase time="-3757.8262900037303" classname="p2.S12.SomeLongLongLongLongLongTestName_264" name="Run 0" assertions="3 total, 0 failed, 3 succeeded"/><testcase time="-4003.9024077539434" classname="p2.S12.SomeLongLongLongLongLongTestName_265" name="Run 0" assertions="3 total, 0 failed, 3 succeeded"/><testcase time="-2340.4388717712045" classname="p2.S12.SomeLongLongLongLongLongTestName_266" name="Run 0" assertions="3 total, 0 failed, 3 succeeded"/><testcase time="-420.87754494117223" classname="p2.S12.SomeLongLongLongLongLongTestName_267" name="Run 0" assertions="3 total, 0 failed, 3 succeeded"/><testcase time="-4487.816583689922" classname="p2.S12.SomeLongLongLongLongLongTestName_268" name="Run 0" assertions="3 total, 0 failed, 3 succeeded"/><testcase time="-7354.259082285992" classname="p2.S12.SomeLongLongLongLongLongTestName_269" name="Run 0" assertions="3 total, 0 failed, 3 succeeded"/><testcase time="-7087.110135391617" classname="p2.S12.SomeLongLongLongLongLongTestName_270" name="Run 0" assertions="3 total, 0 failed, 3 succeeded"/><testcase time="-6585.58908710528" classname="p2.S12.SomeLongLongLongLongLongTestName_271" name="Run 0" assertions="3 total, 0 failed, 3 succeeded"/><testcase time="-3042.62909309266" classname="p2.S12.SomeLongLongLongLongLongTestName_272" name="Run 0" assertions="3 total, 0 failed, 3 succeeded"/><testcase time="-3872.6281397858256" classname="p2.S12.SomeLongLongLongLongLongTestName_273" name="Run 0" assertions="3 total, 0 failed, 3 succeeded"/><testcase time="-6209.061582472721" classname="p2.S12.SomeLongLongLongLongLongTestName_274" name="Run 0" assertions="3 total, 0 failed, 3 succeeded"/><testcase time="-1397.193278358721" classname="p2.S12.SomeLongLongLongLongLongTestName_275" name="Run 0" assertions="3 total, 0 failed, 3 succeeded"/><testcase time="-3111.7574365089545" classname="p2.S12.SomeLongLongLongLongLongTestName_276" name="Run 0" assertions="3 total, 0 failed, 3 succeeded"/><testcase time="-7678.655955994608" classname="p2.S12.SomeLongLongLongLongLongTestName_277" name="Run 0" assertions="3 total, 0 failed, 3 succeeded"/><testcase time="-2402.9492949667874" classname="p2.S12.SomeLongLongLongLongLongTestName_278" name="Run 0" assertions="3 total, 0 failed, 3 succeeded"/><testcase time="-2409.186151139279" classname="p2.S12.SomeLongLongLongLongLongTestName_279" name="Run 0" assertions="3 total, 0 failed, 3 succeeded"/><testcase time="-196.23253650704717" classname="p2.S12.SomeLongLongLongLongLongTestName_280" name="Run 0" assertions="3 total, 0 failed, 3 succeeded"/><testcase time="-6874.085375534738" classname="p2.S12.SomeLongLongLongLongLongTestName_281" name="Run 0" assertions="3 total, 0 failed, 3 succeeded"/><testcase time="-4015.7960724527893" classname="p2.S12.SomeLongLongLongLongLongTestName_282" name="Run 0" assertions="3 total, 0 failed, 3 succeeded"/><testcase time="-5911.683860432047" classname="p2.S12.SomeLongLongLongLongLongTestName_283" name="Run 0" assertions="3 total, 0 failed, 3 succeeded"/><testcase time="-5812.665038560624" classname="p2.S12.SomeLongLongLongLongLongTestName_284" name="Run 0" assertions="3 total, 0 failed, 3 succeeded"/><testcase time="-8423.633661636237" classname="p2.S12.SomeLongLongLongLongLongTestName_285" name="Run 0" assertions="3 total, 0 failed, 3 succeeded"/><testcase time="0" classname="p2.S12.SomeLongLongLongLongLongTestName_286" name="Run 0" assertions="3 total, 0 failed, 3 succeeded"><skipped type="Skipped" message="This test was disabled."/></testcase><testcase time="0" classname="p2.S12.SomeLongLongLongLongLongTestName_287" name="Run 0" assertions="3 total, 0 failed, 3 succeeded"><skipped type="Skipped" message="This test was disabled."/></testcase><testcase time="0" classname="p2.S12.SomeLongLongLongLongLongTestName_288" name="Run 0" assertions="3 total, 0 failed, 3 succeeded"><skipped type="Skipped" message="This test was disabled."/></testcase><testcase time="0" classname="p2.S12.SomeLongLongLongLongLongTestName_289" name="Run 0" assertions="3 total, 0 failed, 3 succeeded"><skipped type="Skipped" message="This test was disabled."/></testcase><testcase time="0" classname="p2.S12.SomeLongLongLongLongLongTestName_290" name="Run 0" assertions="3 total, 0 failed, 3 succeeded"><skipped type="Skipped" message="This test was disabled."/></testcase><testcase time="0" classname="p2.S12.SomeLongLongLongLongLongTestName_291" name="Run 0" assertions="3 total, 0 failed, 3 succeeded"><skipped type="Skipped" message="This test was disabled."/></testcase><testcase time="0" classname="p2.S12.SomeLongLongLongLongLongTestName_292" name="Run 0" assertions="3 total, 0 failed, 3 succeeded"><skipped type="Skipped" message="This test was disabled."/></testcase><testcase time="0" classname="p2.S12.SomeLongLongLongLongLongTestName_293" name="Run 0" assertions="3 total, 0 failed, 3 succeeded"><skipped type="Skipped" message="This test was disabled."/></testcase><testcase time="0" classname="p2.S12.SomeLongLongLongLongLongTestName_294" name="Run 0" assertions="3 total, 0 failed, 3 succeeded"><skipped type="Skipped" message="This test was disabled."/></testcase><testcase time="0" classname="p2.S12.SomeLongLongLongLongLongTestName_295" name="Run 0" assertions="3 total, 0 failed, 3 succeeded"><skipped type="Skipped" message="This test was disabled."/></testcase><testcase time="0" classname="p2.S12.SomeLongLongLongLongLongTestName_296" name="Run 0" assertions="3 total, 0 failed, 3 succeeded"><skipped type="Skipped" message="This test was disabled."/></testcase><testcase time="0" classname="p2.S12.SomeLongLongLongLongLongTestName_297" name="Run 0" assertions="3 total, 0 failed, 3 succeeded"><skipped type="Skipped" message="This test was disabled."/></testcase><testcase time="0" classname="p2.S12.SomeLongLongLongLongLongTestName_298" name="Run 0" assertions="3 total, 0 failed, 3 succeeded"><skipped type="Skipped" message="This test was disabled."/></testcase><testcase time="0" classname="p2.S12.SomeLongLongLongLongLongTestName_299" name="Run 0" assertions="3 total, 0 failed, 3 succeeded"><skipped type="Skipped" message="This test was disabled."/></testcase><testcase time="0" classname="p2.S12.SomeLongLongLongLongLongTestName_300" name="Run 0" assertions="3 total, 0 failed, 3 succeeded"><skipped type="Skipped" message="This test was disabled."/></testcase><testcase time="0" classname="p2.S12.SomeLongLongLongLongLongTestName_301" name="Run 0" assertions="3 total, 0 failed, 3 succeeded"><skipped type="Skipped" message="This test was disabled."/></testcase><testcase time="0" classname="p2.S12.SomeLongLongLongLongLongTestName_302" name="Run 0" assertions="3 total, 0 failed, 3 succeeded"><skipped type="Skipped" message="This test was disabled."/></testcase><testcase time="0" classname="p2.S12.SomeLongLongLongLongLongTestName_303" name="Run 0" assertions="3 total, 0 failed, 3 succeeded"><skipped type="Skipped" message="This test was disabled."/></testcase><testcase time="0" classname="p2.S12.SomeLongLongLongLongLongTestName_304" name="Run 0" assertions="3 total, 0 failed, 3 succeeded"><skipped type="Skipped" message="This test was disabled."/></testcase><testcase time="0" classname="p2.S12.SomeLongLongLongLongLongTestName_305" name="Run 0" assertions="3 total, 0 failed, 3 succeeded"><skipped type="Skipped" message="This test was disabled."/></testcase><testcase time="0" classname="p2.S12.SomeLongLongLongLongLongTestName_306" name="Run 0" assertions="3 total, 0 failed, 3 succeeded"><skipped type="Skipped" message="This test was disabled."/></testcase><testcase time="0" classname="p2.S12.SomeLongLongLongLongLongTestName_307" name="Run 0" assertions="3 total, 0 failed, 3 succeeded"><skipped type="Skipped" message="This test was disabled."/></testcase><testcase time="0" classname="p2.S12.SomeLongLongLongLongLongTestName_308" name="Run 0" assertions="3 total, 0 failed, 3 succeeded"><skipped type="Skipped" message="This test was disabled."/></testcase><testcase time="0" classname="p2.S12.SomeLongLongLongLongLongTestName_309" name="Run 0" assertions="3 total, 0 failed, 3 succeeded"><skipped type="Skipped" message="This test was disabled."/></testcase><testcase time="0" classname="p2.S12.SomeLongLongLongLongLongTestName_310" name="Run 0" assertions="3 total, 0 failed, 3 succeeded"><skipped type="Skipped" message="This test was disabled."/></testcase><testcase time="0" classname="p2.S12.SomeLongLongLongLongLongTestName_311" name="Run 0" assertions="3 total, 0 failed, 3 succeeded"><skipped type="Skipped" message="This test was disabled."/></testcase><testcase time="0" classname="p2.S12.SomeLongLongLongLongLongTestName_312" name="Run 0" assertions="3 total, 0 failed, 3 succeeded"><skipped type="Skipped" message="This test was disabled."/></testcase><testcase time="0" classname="p2.S12.SomeLongLongLongLongLongTestName_313" name="Run 0" assertions="3 total, 0 failed, 3 succeeded"><skipped type="Skipped" message="This test was disabled."/></testcase><testcase time="0" classname="p2.S12.SomeLongLongLongLongLongTestName_314" name="Run 0" assertions="3 total, 0 failed, 3 succeeded"><skipped type="Skipped" message="This test was disabled."/></testcase><testcase time="0" classname="p2.S12.SomeLongLongLongLongLongTestName_315" name="Run 0" assertions="3 total, 0 failed, 3 succeeded"><skipped type="Skipped" message="This test was disabled."/></testcase><testcase time="0" classname="p2.S12.SomeLongLongLongLongLongTestName_316" name="Run 0" assertions="3 total, 0 failed, 3 succeeded"><skipped type="Skipped" message="This test was disabled."/></testcase><testcase time="0" classname="p2.S12.SomeLongLongLongLongLongTestName_317" name="Run 0" assertions="3 total, 0 failed, 3 succeeded"><skipped type="Skipped" message="This test was disabled."/></testcase><testcase time="0" classname="p2.S12.SomeLongLongLongLongLongTestName_318" name="Run 0" assertions="3 total, 0 failed, 3 succeeded"><skipped type="Skipped" message="This test was disabled."/></testcase><testcase time="0" classname="p2.S12.SomeLongLongLongLongLongTestName_319" name="Run 0" assertions="3 total, 0 failed, 3 succeeded"><skipped type="Skipped" message="This test was disabled."/></testcase><testcase time="0" classname="p2.S12.SomeLongLongLongLongLongTestName_320" name="Run 0" assertions="3 total, 0 failed, 3 succeeded"><skipped type="Skipped" message="This test was disabled."/></testcase><testcase time="0" classname="p2.S12.SomeLongLongLongLongLongTestName_321" name="Run 0" assertions="3 total, 0 failed, 3 succeeded"><skipped type="Skipped" message="This test was disabled."/></testcase><testcase time="0" classname="p2.S12.SomeLongLongLongLongLongTestName_322" name="Run 0" assertions="3 total, 0 failed, 3 succeeded"><skipped type="Skipped" message="This test was disabled."/></testcase><testcase time="0" classname="p2.S12.SomeLongLongLongLongLongTestName_323" name="Run 0" assertions="3 total, 0 failed, 3 succeeded"><skipped type="Skipped" message="This test was disabled."/></testcase><testcase time="0" classname="p2.S12.SomeLongLongLongLongLongTestName_324" name="Run 0" assertions="3 total, 0 failed, 3 succeeded"><skipped type="Skipped" message="This test was disabled."/></testcase><testcase time="0" classname="p2.S12.SomeLongLongLongLongLongTestName_325" name="Run 0" assertions="3 total, 0 failed, 3 succeeded"><skipped type="Skipped" message="This test was disabled."/></testcase><testcase time="0" classname="p2.S12.SomeLongLongLongLongLongTestName_326" name="Run 0" assertions="3 total, 0 failed, 3 succeeded"><skipped type="Skipped" message="This test was disabled."/></testcase><testcase time="0" classname="p2.S12.SomeLongLongLongLongLongTestName_327" name="Run 0" assertions="3 total, 0 failed, 3 succeeded"><skipped type="Skipped" message="This test was disabled."/></testcase><testcase time="0" classname="p2.S12.SomeLongLongLongLongLongTestName_328" name="Run 0" assertions="3 total, 0 failed, 3 succeeded"><skipped type="Skipped" message="This test was disabled."/></testcase><testcase time="0" classname="p2.S12.SomeLongLongLongLongLongTestName_329" name="Run 0" assertions="3 total, 0 failed, 3 succeeded"><skipped type="Skipped" message="This test was disabled."/></testcase><testcase time="0" classname="p2.S12.SomeLongLongLongLongLongTestName_330" name="Run 0" assertions="3 total, 0 failed, 3 succeeded"><skipped type="Skipped" message="This test was disabled."/></testcase><testcase time="0" classname="p2.S12.SomeLongLongLongLongLongTestName_331" name="Run 0" assertions="3 total, 0 failed, 3 succeeded"><skipped type="Skipped" message="This test was disabled."/></testcase><testcase time="0" classname="p2.S12.SomeLongLongLongLongLongTestName_332" name="Run 0" assertions="3 total, 0 failed, 3 succeeded"><skipped type="Skipped" message="This test was disabled."/></testcase><testcase time="0" classname="p2.S12.SomeLongLongLongLongLongTestName_333" name="Run 0" assertions="3 total, 0 failed, 3 succeeded"><skipped type="Skipped" message="This test was disabled."/></testcase><testcase time="0" classname="p2.S12.SomeLongLongLongLongLongTestName_334" name="Run 0" assertions="3 total, 0 failed, 3 succeeded"><skipped type="Skipped" message="This test was disabled."/></testcase><testcase time="0" classname="p2.S12.SomeLongLongLongLongLongTestName_335" name="Run 0" assertions="3 total, 0 failed, 3 succeeded"><skipped type="Skipped" message="This test was disabled."/></testcase><testcase time="0" classname="p2.S12.SomeLongLongLongLongLongTestName_336" name="Run 0" assertions="3 total, 0 failed, 3 succeeded"><skipped type="Skipped" message="This test was disabled."/></testcase><testcase time="0" classname="p2.S12.SomeLongLongLongLongLongTestName_337" name="Run 0" assertions="3 total, 0 failed, 3 succeeded"><skipped type="Skipped" message="This test was disabled."/></testcase><testcase time="0" classname="p2.S12.SomeLongLongLongLongLongTestName_338" name="Run 0" assertions="3 total, 0 failed, 3 succeeded"><skipped type="Skipped" message="This test was disabled."/></testcase><testcase time="0" classname="p2.S12.SomeLongLongLongLongLongTestName_339" name="Run 0" assertions="3 total, 0 failed, 3 succeeded"><skipped type="Skipped" message="This test was disabled."/></testcase><testcase time="0" classname="p2.S12.SomeLongLongLongLongLongTestName_340" name="Run 0" assertions="3 total, 0 failed, 3 succeeded"><skipped type="Skipped" message="This test was disabled."/></testcase><testcase time="0" classname="p2.S12.SomeLongLongLongLongLongTestName_341" name="Run 0" assertions="3 total, 0 failed, 3 succeeded"><skipped type="Skipped" message="This test was disabled."/></testcase><testcase time="0" classname="p2.S12.SomeLongLongLongLongLongTestName_342" name="Run 0" assertions="3 total, 0 failed, 3 succeeded"><skipped type="Skipped" message="This test was disabled."/></testcase><testcase time="0" classname="p2.S12.SomeLongLongLongLongLongTestName_343" name="Run 0" assertions="3 total, 0 failed, 3 succeeded"><skipped type="Skipped" message="This test was disabled."/></testcase><testcase time="0" classname="p2.S12.SomeLongLongLongLongLongTestName_344" name="Run 0" assertions="3 total, 0 failed, 3 succeeded"><skipped type="Skipped" message="This test was disabled."/></testcase><testcase time="0" classname="p2.S12.SomeLongLongLongLongLongTestName_345" name="Run 0" assertions="3 total, 0 failed, 3 succeeded"><skipped type="Skipped" message="This test was disabled."/></testcase><testcase time="0" classname="p2.S12.SomeLongLongLongLongLongTestName_346" name="Run 0" assertions="3 total, 0 failed, 3 succeeded"><skipped type="Skipped" message="This test was disabled."/></testcase><testcase time="0" classname="p2.S12.SomeLongLongLongLongLongTestName_347" name="Run 0" assertions="3 total, 0 failed, 3 succeeded"><skipped type="Skipped" message="This test was disabled."/></testcase><testcase time="0" classname="p2.S12.SomeLongLongLongLongLongTestName_348" name="Run 0" assertions="3 total, 0 failed, 3 succeeded"><skipped type="Skipped" message="This test was disabled."/></testcase><testcase time="0" classname="p2.S12.SomeLongLongLongLongLongTestName_349" name="Run 0" assertions="3 total, 0 failed, 3 succeeded"><skipped type="Skipped" message="This test was disabled."/></testcase><testcase time="0" classname="p2.S12.SomeLongLongLongLongLongTestName_350" name="Run 0" assertions="3 total, 0 failed, 3 succeeded"><skipped type="Skipped" message="This test was disabled."/></testcase><testcase time="0" classname="p2.S12.SomeLongLongLongLongLongTestName_351" name="Run 0" assertions="3 total, 0 failed, 3 succeeded"><skipped type="Skipped" message="This test was disabled."/></testcase><testcase time="0" classname="p2.S12.SomeLongLongLongLongLongTestName_352" name="Run 0" assertions="3 total, 0 failed, 3 succeeded"><skipped type="Skipped" message="This test was disabled."/></testcase><testcase time="0" classname="p2.S12.SomeLongLongLongLongLongTestName_353" name="Run 0" assertions="3 total, 0 failed, 3 succeeded"><skipped type="Skipped" message="This test was disabled."/></testcase><testcase time="0" classname="p2.S12.SomeLongLongLongLongLongTestName_354" name="Run 0" assertions="3 total, 0 failed, 3 succeeded"><skipped type="Skipped" message="This test was disabled."/></testcase><testcase time="0" classname="p2.S12.SomeLongLongLongLongLongTestName_355" name="Run 0" assertions="3 total, 0 failed, 3 succeeded"><skipped type="Skipped" message="This test was disabled."/></testcase><testcase time="0" classname="p2.S12.SomeLongLongLongLongLongTestName_356" name="Run 0" assertions="3 total, 0 failed, 3 succeeded"><skipped type="Skipped" message="This test was disabled."/></testcase><testcase time="0" classname="p2.S12.SomeLongLongLongLongLongTestName_357" name="Run 0" assertions="3 total, 0 failed, 3 succeeded"><skipped type="Skipped" message="This test was disabled."/></testcase><testcase time="0" classname="p2.S12.SomeLongLongLongLongLongTestName_358" name="Run 0" assertions="3 total, 0 failed, 3 succeeded"><skipped type="Skipped" message="This test was disabled."/></testcase><testcase time="0" classname="p2.S12.SomeLongLongLongLongLongTestName_359" name="Run 0" assertions="3 total, 0 failed, 3 succeeded"><skipped type="Skipped" message="This test was disabled."/></testcase><testcase time="0" classname="p2.S12.SomeLongLongLongLongLongTestName_360" name="Run 0" assertions="3 total, 0 failed, 3 succeeded"><skipped type="Skipped" message="This test was disabled."/></testcase><testcase time="0" classname="p2.S12.SomeLongLongLongLongLongTestName_361" name="Run 0" assertions="3 total, 0 failed, 3 succeeded"><skipped type="Skipped" message="This test was disabled."/></testcase><testcase time="0" classname="p2.S12.SomeLongLongLongLongLongTestName_362" name="Run 0" assertions="3 total, 0 failed, 3 succeeded"><skipped type="Skipped" message="This test was disabled."/></testcase><testcase time="0" classname="p2.S12.SomeLongLongLongLongLongTestName_363" name="Run 0" assertions="3 total, 0 failed, 3 succeeded"><skipped type="Skipped" message="This test was disabled."/></testcase><testcase time="0" classname="p2.S12.SomeLongLongLongLongLongTestName_364" name="Run 0" assertions="3 total, 0 failed, 3 succeeded"><skipped type="Skipped" message="This test was disabled."/></testcase><testcase time="0" classname="p2.S12.SomeLongLongLongLongLongTestName_365" name="Run 0" assertions="3 total, 0 failed, 3 succeeded"><skipped type="Skipped" message="This test was disabled."/></testcase><testcase time="0" classname="p2.S12.SomeLongLongLongLongLongTestName_366" name="Run 0" assertions="3 total, 0 failed, 3 succeeded"><skipped type="Skipped" message="This test was disabled."/></testcase><testcase time="0" classname="p2.S12.SomeLongLongLongLongLongTestName_367" name="Run 0" assertions="3 total, 0 failed, 3 succeeded"><skipped type="Skipped" message="This test was disabled."/></testcase><testcase time="0" classname="p2.S12.SomeLongLongLongLongLongTestName_368" name="Run 0" assertions="3 total, 0 failed, 3 succeeded"><skipped type="Skipped" message="This test was disabled."/></testcase><testcase time="0" classname="p2.S12.SomeLongLongLongLongLongTestName_369" name="Run 0" assertions="3 total, 0 failed, 3 succeeded"><skipped type="Skipped" message="This test was disabled."/></testcase><testcase time="0" classname="p2.S12.SomeLongLongLongLongLongTestName_370" name="Run 0" assertions="3 total, 0 failed, 3 succeeded"><skipped type="Skipped" message="This test was disabled."/></testcase><testcase time="0" classname="p2.S12.SomeLongLongLongLongLongTestName_371" name="Run 0" assertions="3 total, 0 failed, 3 succeeded"><skipped type="Skipped" message="This test was disabled."/></testcase><testcase time="0" classname="p2.S12.SomeLongLongLongLongLongTestName_372" name="Run 0" assertions="3 total, 0 failed, 3 succeeded"><skipped type="Skipped" message="This test was disabled."/></testcase><testcase time="0" classname="p2.S12.SomeLongLongLongLongLongTestName_373" name="Run 0" assertions="3 total, 0 failed, 3 succeeded"><skipped type="Skipped" message="This test was disabled."/></testcase><testcase time="0" classname="p2.S12.SomeLongLongLongLongLongTestName_374" name="Run 0" assertions="3 total, 0 failed, 3 succeeded"><skipped type="Skipped" message="This test was disabled."/></testcase><testcase time="0" classname="p2.S12.SomeLongLongLongLongLongTestName_375" name="Run 0" assertions="3 total, 0 failed, 3 succeeded"><skipped type="Skipped" message="This test was disabled."/></testcase><testcase time="0" classname="p2.S12.SomeLongLongLongLongLongTestName_376" name="Run 0" assertions="3 total, 0 failed, 3 succeeded"><skipped type="Skipped" message="This test was disabled."/></testcase><testcase time="0" classname="p2.S12.SomeLongLongLongLongLongTestName_377" name="Run 0" assertions="3 total, 0 failed, 3 succeeded"><skipped type="Skipped" message="This test was disabled."/></testcase><testcase time="0" classname="p2.S12.SomeLongLongLongLongLongTestName_378" name="Run 0" assertions="3 total, 0 failed, 3 succeeded"><skipped type="Skipped" message="This test was disabled."/></testcase><testcase time="0" classname="p2.S12.SomeLongLongLongLongLongTestName_379" name="Run 0" assertions="3 total, 0 failed, 3 succeeded"><skipped type="Skipped" message="This test was disabled."/></testcase><testcase time="0" classname="p2.S12.SomeLongLongLongLongLongTestName_380" name="Run 0" assertions="3 total, 0 failed, 3 succeeded"><skipped type="Skipped" message="This test was disabled."/></testcase><testcase time="0" classname="p2.S12.SomeLongLongLongLongLongTestName_381" name="Run 0" assertions="3 total, 0 failed, 3 succeeded"><skipped type="Skipped" message="This test was disabled."/></testcase><testcase time="0" classname="p2.S12.SomeLongLongLongLongLongTestName_382" name="Run 0" assertions="3 total, 0 failed, 3 succeeded"><skipped type="Skipped" message="This test was disabled."/></testcase><testcase time="0" classname="p2.S12.SomeLongLongLongLongLongTestName_383" name="Run 0" assertions="3 total, 0 failed, 3 succeeded"><skipped type="Skipped" message="This test was disabled."/></testcase><testcase time="0" classname="p2.S12.SomeLongLongLongLongLongTestName_384" name="Run 0" assertions="3 total, 0 failed, 3 succeeded"><skipped type="Skipped" message="This test was disabled."/></testcase><testcase time="0" classname="p2.S12.SomeLongLongLongLongLongTestName_385" name="Run 0" assertions="3 total, 0 failed, 3 succeeded"><skipped type="Skipped" message="This test was disabled."/></testcase><testcase time="0" classname="p2.S12.SomeLongLongLongLongLongTestName_386" name="Run 0" assertions="3 total, 0 failed, 3 succeeded"><skipped type="Skipped" message="This test was disabled."/></testcase><testcase time="0" classname="p2.S12.SomeLongLongLongLongLongTestName_387" name="Run 0" assertions="3 total, 0 failed, 3 succeeded"><skipped type="Skipped" message="This test was disabled."/></testcase><testcase time="0" classname="p2.S12.SomeLongLongLongLongLongTestName_388" name="Run 0" assertions="3 total, 0 failed, 3 succeeded"><skipped type="Skipped" message="This test was disabled."/></testcase><testcase time="0" classname="p2.S12.SomeLongLongLongLongLongTestName_389" name="Run 0" assertions="3 total, 0 failed, 3 succeeded"><skipped type="Skipped" message="This test was disabled."/></testcase><testcase time="0" classname="p2.S12.SomeLongLongLongLongLongTestName_390" name="Run 0" assertions="3 total, 0 failed, 3 succeeded"><skipped type="Skipped" message="This test was disabled."/></testcase><testcase time="0" classname="p2.S12.SomeLongLongLongLongLongTestName_391" name="Run 0" assertions="3 total, 0 failed, 3 succeeded"><skipped type="Skipped" message="This test was disabled."/></testcase><testcase time="0" classname="p2.S12.SomeLongLongLongLongLongTestName_392" name="Run 0" assertions="3 total, 0 failed, 3 succeeded"><skipped type="Skipped" message="This test was disabled."/></testcase><testcase time="0" classname="p2.S12.SomeLongLongLongLongLongTestName_393" name="Run 0" assertions="3 total, 0 failed, 3 succeeded"><skipped type="Skipped" message="This test was disabled."/></testcase><testcase time="0" classname="p2.S12.SomeLongLongLongLongLongTestName_394" name="Run 0" assertions="3 total, 0 failed, 3 succeeded"><skipped type="Skipped" message="This test was disabled."/></testcase><testcase time="0" classname="p2.S12.SomeLongLongLongLongLongTestName_395" name="Run 0" assertions="3 total, 0 failed, 3 succeeded"><skipped type="Skipped" message="This test was disabled."/></testcase><testcase time="0" classname="p2.S12.SomeLongLongLongLongLongTestName_396" name="Run 0" assertions="3 total, 0 failed, 3 succeeded"><skipped type="Skipped" message="This test was disabled."/></testcase><testcase time="0" classname="p2.S12.SomeLongLongLongLongLongTestName_397" name="Run 0" assertions="3 total, 0 failed, 3 succeeded"><skipped type="Skipped" message="This test was disabled."/></testcase><testcase time="0" classname="p2.S12.SomeLongLongLongLongLongTestName_398" name="Run 0" assertions="3 total, 0 failed, 3 succeeded"><skipped type="Skipped" message="This test was disabled."/></testcase><testcase time="0" classname="p2.S12.SomeLongLongLongLongLongTestName_399" name="Run 0" assertions="3 total, 0 failed, 3 succeeded"><skipped type="Skipped" message="This test was disabled."/></testcase><testcase time="0" classname="p2.S12.SomeLongLongLongLongLongTestName_400" name="Run 0" assertions="3 total, 0 failed, 3 succeeded"><skipped type="Skipped" message="This test was disabled."/></testcase><testcase time="0" classname="p2.S12.SomeLongLongLongLongLongTestName_401" name="Run 0" assertions="3 total, 0 failed, 3 succeeded"><skipped type="Skipped" message="This test was disabled."/></testcase><testcase time="0" classname="p2.S12.SomeLongLongLongLongLongTestName_402" name="Run 0" assertions="3 total, 0 failed, 3 succeeded"><skipped type="Skipped" message="This test was disabled."/></testcase><testcase time="0" classname="p2.S12.SomeLongLongLongLongLongTestName_403" name="Run 0" assertions="3 total, 0 failed, 3 succeeded"><skipped type="Skipped" message="This test was disabled."/></testcase><testcase time="0" classname="p2.S12.SomeLongLongLongLongLongTestName_404" name="Run 0" assertions="3 total, 0 failed, 3 succeeded"><skipped type="Skipped" message="This test was disabled."/></testcase><testcase time="0" classname="p2.S12.SomeLongLongLongLongLongTestName_405" name="Run 0" assertions="3 total, 0 failed, 3 succeeded"><skipped type="Skipped" message="This test was disabled."/></testcase><testcase time="0" classname="p2.S12.SomeLongLongLongLongLongTestName_406" name="Run 0" assertions="3 total, 0 failed, 3 succeeded"><skipped type="Skipped" message="This test was disabled."/></testcase><testcase time="0" classname="p2.S12.SomeLongLongLongLongLongTestName_407" name="Run 0" assertions="3 total, 0 failed, 3 succeeded"><skipped type="Skipped" message="This test was disabled."/></testcase><testcase time="0" classname="p2.S12.SomeLongLongLongLongLongTestName_408" name="Run 0" assertions="3 total, 0 failed, 3 succeeded"><skipped type="Skipped" message="This test was disabled."/></testcase><testcase time="0" classname="p2.S12.SomeLongLongLongLongLongTestName_409" name="Run 0" assertions="3 total, 0 failed, 3 succeeded"><skipped type="Skipped" message="This test was disabled."/></testcase><testcase time="0" classname="p2.S12.SomeLongLongLongLongLongTestName_410" name="Run 0" assertions="3 total, 0 failed, 3 succeeded"><skipped type="Skipped" message="This test was disabled."/></testcase><testcase time="0" classname="p2.S12.SomeLongLongLongLongLongTestName_411" name="Run 0" assertions="3 total, 0 failed, 3 succeeded"><skipped type="Skipped" message="This test was disabled."/></testcase><testcase time="0" classname="p2.S12.SomeLongLongLongLongLongTestName_412" name="Run 0" assertions="3 total, 0 failed, 3 succeeded"><skipped type="Skipped" message="This test was disabled."/></testcase><testcase time="0" classname="p2.S12.SomeLongLongLongLongLongTestName_413" name="Run 0" assertions="3 total, 0 failed, 3 succeeded"><skipped type="Skipped" message="This test was disabled."/></testcase><testcase time="0" classname="p2.S12.SomeLongLongLongLongLongTestName_414" name="Run 0" assertions="3 total, 0 failed, 3 succeeded"><skipped type="Skipped" message="This test was disabled."/></testcase><testcase time="0" classname="p2.S12.SomeLongLongLongLongLongTestName_415" name="Run 0" assertions="3 total, 0 failed, 3 succeeded"><skipped type="Skipped" message="This test was disabled."/></testcase><testcase time="0" classname="p2.S12.SomeLongLongLongLongLongTestName_416" name="Run 0" assertions="3 total, 0 failed, 3 succeeded"><skipped type="Skipped" message="This test was disabled."/></testcase><testcase time="0" classname="p2.S12.SomeLongLongLongLongLongTestName_417" name="Run 0" assertions="3 total, 0 failed, 3 succeeded"><skipped type="Skipped" message="This test was disabled."/></testcase><testcase time="0" classname="p2.S12.SomeLongLongLongLongLongTestName_418" name="Run 0" assertions="3 total, 0 failed, 3 succeeded"><skipped type="Skipped" message="This test was disabled."/></testcase><testcase time="0" classname="p2.S12.SomeLongLongLongLongLongTestName_419" name="Run 0" assertions="3 total, 0 failed, 3 succeeded"><skipped type="Skipped" message="This test was disabled."/></testcase><testcase time="0" classname="p2.S12.SomeLongLongLongLongLongTestName_420" name="Run 0" assertions="3 total, 0 failed, 3 succeeded"><skipped type="Skipped" message="This test was disabled."/></testcase><testcase time="-8465.371195847581" classname="p2.S13.SomeLongLongLongLongLongTestName_0" name="Run 0" assertions="3 total, 0 failed, 3 succeeded">
                          <properties>
                          <property name="prop1" value="value1" />
                          <property name="multiline">
                              Config line 1
                              Config line 2
                              Config line 3
                          </property>
                        </properties>
                        <failure message="failure message 0" type="Failure"/><system-out>This is stdout
[[ATTACHMENT|attachment.txt]]
</system-out><system-err>This is stderr
[[ATTACHMENT|attachment.txt]]
</system-err></testcase><testcase time="-1881.9067172393952" classname="p2.S13.SomeLongLongLongLongLongTestName_1" name="Run 0" assertions="3 total, 0 failed, 3 succeeded"/><testcase time="-1748.6657226521943" classname="p2.S13.SomeLongLongLongLongLongTestName_2" name="Run 0" assertions="3 total, 0 failed, 3 succeeded"/><testcase time="-627.4251050438805" classname="p2.S13.SomeLongLongLongLongLongTestName_3" name="Run 0" assertions="3 total, 0 failed, 3 succeeded"/><testcase time="-1639.4561976725997" classname="p2.S13.SomeLongLongLongLongLongTestName_4" name="Run 0" assertions="3 total, 0 failed, 3 succeeded"/><testcase time="-3629.2061983244475" classname="p2.S13.SomeLongLongLongLongLongTestName_5" name="Run 0" assertions="3 total, 0 failed, 3 succeeded"/><testcase time="-1998.621794493017" classname="p2.S13.SomeLongLongLongLongLongTestName_6" name="Run 0" assertions="3 total, 0 failed, 3 succeeded"/><testcase time="-6678.313750734472" classname="p2.S13.SomeLongLongLongLongLongTestName_7" name="Run 0" assertions="3 total, 0 failed, 3 succeeded"/><testcase time="-9411.345381530018" classname="p2.S13.SomeLongLongLongLongLongTestName_8" name="Run 0" assertions="3 total, 0 failed, 3 succeeded"/><testcase time="-4584.90561459161" classname="p2.S13.SomeLongLongLongLongLongTestName_9" name="Run 0" assertions="3 total, 0 failed, 3 succeeded"/><testcase time="-558.6384923308028" classname="p2.S13.SomeLongLongLongLongLongTestName_10" name="Run 0" assertions="3 total, 0 failed, 3 succeeded"/><testcase time="-4686.958691234946" classname="p2.S13.SomeLongLongLongLongLongTestName_11" name="Run 0" assertions="3 total, 0 failed, 3 succeeded"/><testcase time="-1034.0524042674526" classname="p2.S13.SomeLongLongLongLongLongTestName_12" name="Run 0" assertions="3 total, 0 failed, 3 succeeded"/><testcase time="-8351.699526018303" classname="p2.S13.SomeLongLongLongLongLongTestName_13" name="Run 0" assertions="3 total, 0 failed, 3 succeeded"/><testcase time="-2303.237906033503" classname="p2.S13.SomeLongLongLongLongLongTestName_14" name="Run 0" assertions="3 total, 0 failed, 3 succeeded"/><testcase time="-322.28167677398983" classname="p2.S13.SomeLongLongLongLongLongTestName_15" name="Run 0" assertions="3 total, 0 failed, 3 succeeded"/><testcase time="-4174.033365969572" classname="p2.S13.SomeLongLongLongLongLongTestName_16" name="Run 0" assertions="3 total, 0 failed, 3 succeeded"/><testcase time="-1109.1506587258546" classname="p2.S13.SomeLongLongLongLongLongTestName_17" name="Run 0" assertions="3 total, 0 failed, 3 succeeded"/><testcase time="-9688.035059920423" classname="p2.S13.SomeLongLongLongLongLongTestName_18" name="Run 0" assertions="3 total, 0 failed, 3 succeeded"/><testcase time="-6052.536071042507" classname="p2.S13.SomeLongLongLongLongLongTestName_19" name="Run 0" assertions="3 total, 0 failed, 3 succeeded"/><testcase time="-3520.8155670098436" classname="p2.S13.SomeLongLongLongLongLongTestName_20" name="Run 0" assertions="3 total, 0 failed, 3 succeeded"/><testcase time="49.64853803291975" classname="p2.S13.SomeLongLongLongLongLongTestName_21" name="Run 0" assertions="3 total, 0 failed, 3 succeeded"/><testcase time="-1990.3441168945635" classname="p2.S13.SomeLongLongLongLongLongTestName_22" name="Run 0" assertions="3 total, 0 failed, 3 succeeded"/><testcase time="-6892.514585493501" classname="p2.S13.SomeLongLongLongLongLongTestName_23" name="Run 0" assertions="3 total, 0 failed, 3 succeeded"/><testcase time="-4331.657106079296" classname="p2.S13.SomeLongLongLongLongLongTestName_24" name="Run 0" assertions="3 total, 0 failed, 3 succeeded"/><testcase time="-4469.264525642351" classname="p2.S13.SomeLongLongLongLongLongTestName_25" name="Run 0" assertions="3 total, 0 failed, 3 succeeded"/><testcase time="-8530.441191055548" classname="p2.S13.SomeLongLongLongLongLongTestName_26" name="Run 0" assertions="3 total, 0 failed, 3 succeeded"/><testcase time="-4449.493973255401" classname="p2.S13.SomeLongLongLongLongLongTestName_27" name="Run 0" assertions="3 total, 0 failed, 3 succeeded"/><testcase time="-2330.3852750991105" classname="p2.S13.SomeLongLongLongLongLongTestName_28" name="Run 0" assertions="3 total, 0 failed, 3 succeeded"/><testcase time="-1070.140608782062" classname="p2.S13.SomeLongLongLongLongLongTestName_29" name="Run 0" assertions="3 total, 0 failed, 3 succeeded"/><testcase time="-9740.682977425315" classname="p2.S13.SomeLongLongLongLongLongTestName_30" name="Run 0" assertions="3 total, 0 failed, 3 succeeded"/><testcase time="-926.6677127541843" classname="p2.S13.SomeLongLongLongLongLongTestName_31" name="Run 0" assertions="3 total, 0 failed, 3 succeeded"/><testcase time="-9939.781058640754" classname="p2.S13.SomeLongLongLongLongLongTestName_32" name="Run 0" assertions="3 total, 0 failed, 3 succeeded"/><testcase time="-4495.865817701843" classname="p2.S13.SomeLongLongLongLongLongTestName_33" name="Run 0" assertions="3 total, 0 failed, 3 succeeded"/><testcase time="-6278.492527368102" classname="p2.S13.SomeLongLongLongLongLongTestName_34" name="Run 0" assertions="3 total, 0 failed, 3 succeeded"/><testcase time="-6670.892703242278" classname="p2.S13.SomeLongLongLongLongLongTestName_35" name="Run 0" assertions="3 total, 0 failed, 3 succeeded"/><testcase time="-6917.646045031395" classname="p2.S13.SomeLongLongLongLongLongTestName_36" name="Run 0" assertions="3 total, 0 failed, 3 succeeded"/><testcase time="-4793.147061058285" classname="p2.S13.SomeLongLongLongLongLongTestName_37" name="Run 0" assertions="3 total, 0 failed, 3 succeeded"/><testcase time="-8741.99027545635" classname="p2.S13.SomeLongLongLongLongLongTestName_38" name="Run 0" assertions="3 total, 0 failed, 3 succeeded"/><testcase time="-7200.591092574652" classname="p2.S13.SomeLongLongLongLongLongTestName_39" name="Run 0" assertions="3 total, 0 failed, 3 succeeded"/><testcase time="-7558.070644990877" classname="p2.S13.SomeLongLongLongLongLongTestName_40" name="Run 0" assertions="3 total, 0 failed, 3 succeeded"/><testcase time="-2474.167707818784" classname="p2.S13.SomeLongLongLongLongLongTestName_41" name="Run 0" assertions="3 total, 0 failed, 3 succeeded"/><testcase time="-2521.416628265098" classname="p2.S13.SomeLongLongLongLongLongTestName_42" name="Run 0" assertions="3 total, 0 failed, 3 succeeded"/><testcase time="-1239.2078663261343" classname="p2.S13.SomeLongLongLongLongLongTestName_43" name="Run 0" assertions="3 total, 0 failed, 3 succeeded"/><testcase time="-8095.204319589648" classname="p2.S13.SomeLongLongLongLongLongTestName_44" name="Run 0" assertions="3 total, 0 failed, 3 succeeded"/><testcase time="-8747.855392953892" classname="p2.S13.SomeLongLongLongLongLongTestName_45" name="Run 0" assertions="3 total, 0 failed, 3 succeeded"/><testcase time="-9567.229677969943" classname="p2.S13.SomeLongLongLongLongLongTestName_46" name="Run 0" assertions="3 total, 0 failed, 3 succeeded"/><testcase time="-8323.262704998611" classname="p2.S13.SomeLongLongLongLongLongTestName_47" name="Run 0" assertions="3 total, 0 failed, 3 succeeded"/><testcase time="-2343.7962905208346" classname="p2.S13.SomeLongLongLongLongLongTestName_48" name="Run 0" assertions="3 total, 0 failed, 3 succeeded"/><testcase time="-4387.06297505457" classname="p2.S13.SomeLongLongLongLongLongTestName_49" name="Run 0" assertions="3 total, 0 failed, 3 succeeded"/><testcase time="-5923.85833434281" classname="p2.S13.SomeLongLongLongLongLongTestName_50" name="Run 0" assertions="3 total, 0 failed, 3 succeeded"/><testcase time="-7058.8429048074195" classname="p2.S13.SomeLongLongLongLongLongTestName_51" name="Run 0" assertions="3 total, 0 failed, 3 succeeded"/><testcase time="-7859.636921643048" classname="p2.S13.SomeLongLongLongLongLongTestName_52" name="Run 0" assertions="3 total, 0 failed, 3 succeeded"/><testcase time="-3945.1490379889105" classname="p2.S13.SomeLongLongLongLongLongTestName_53" name="Run 0" assertions="3 total, 0 failed, 3 succeeded"/><testcase time="-1432.9825740909039" classname="p2.S13.SomeLongLongLongLongLongTestName_54" name="Run 0" assertions="3 total, 0 failed, 3 succeeded"/><testcase time="-5636.635497451305" classname="p2.S13.SomeLongLongLongLongLongTestName_55" name="Run 0" assertions="3 total, 0 failed, 3 succeeded"/><testcase time="-6681.549635483217" classname="p2.S13.SomeLongLongLongLongLongTestName_56" name="Run 0" assertions="3 total, 0 failed, 3 succeeded"/><testcase time="-9672.540121604767" classname="p2.S13.SomeLongLongLongLongLongTestName_57" name="Run 0" assertions="3 total, 0 failed, 3 succeeded"/><testcase time="-3412.8002463952844" classname="p2.S13.SomeLongLongLongLongLongTestName_58" name="Run 0" assertions="3 total, 0 failed, 3 succeeded"/><testcase time="-4645.4690716147325" classname="p2.S13.SomeLongLongLongLongLongTestName_59" name="Run 0" assertions="3 total, 0 failed, 3 succeeded"/><testcase time="-8808.150212137141" classname="p2.S13.SomeLongLongLongLongLongTestName_60" name="Run 0" assertions="3 total, 0 failed, 3 succeeded"/><testcase time="-3507.7370379491394" classname="p2.S13.SomeLongLongLongLongLongTestName_61" name="Run 0" assertions="3 total, 0 failed, 3 succeeded"/><testcase time="-5978.661230763638" classname="p2.S13.SomeLongLongLongLongLongTestName_62" name="Run 0" assertions="3 total, 0 failed, 3 succeeded"/><testcase time="-3860.3501095886973" classname="p2.S13.SomeLongLongLongLongLongTestName_63" name="Run 0" assertions="3 total, 0 failed, 3 succeeded"/><testcase time="-6256.784435755551" classname="p2.S13.SomeLongLongLongLongLongTestName_64" name="Run 0" assertions="3 total, 0 failed, 3 succeeded"/><testcase time="-7457.909414190936" classname="p2.S13.SomeLongLongLongLongLongTestName_65" name="Run 0" assertions="3 total, 0 failed, 3 succeeded"/><testcase time="-941.7741286275798" classname="p2.S13.SomeLongLongLongLongLongTestName_66" name="Run 0" assertions="3 total, 0 failed, 3 succeeded"/><testcase time="-9273.891716644363" classname="p2.S13.SomeLongLongLongLongLongTestName_67" name="Run 0" assertions="3 total, 0 failed, 3 succeeded"/><testcase time="-6227.93292971827" classname="p2.S13.SomeLongLongLongLongLongTestName_68" name="Run 0" assertions="3 total, 0 failed, 3 succeeded"/><testcase time="-3327.3089466304687" classname="p2.S13.SomeLongLongLongLongLongTestName_69" name="Run 0" assertions="3 total, 0 failed, 3 succeeded"/><testcase time="-4283.880465945381" classname="p2.S13.SomeLongLongLongLongLongTestName_70" name="Run 0" assertions="3 total, 0 failed, 3 succeeded"/><testcase time="-4979.079807684804" classname="p2.S13.SomeLongLongLongLongLongTestName_71" name="Run 0" assertions="3 total, 0 failed, 3 succeeded"/><testcase time="-8647.615203420874" classname="p2.S13.SomeLongLongLongLongLongTestName_72" name="Run 0" assertions="3 total, 0 failed, 3 succeeded"/><testcase time="-4204.789364051023" classname="p2.S13.SomeLongLongLongLongLongTestName_73" name="Run 0" assertions="3 total, 0 failed, 3 succeeded"/><testcase time="-2322.8181180941474" classname="p2.S13.SomeLongLongLongLongLongTestName_74" name="Run 0" assertions="3 total, 0 failed, 3 succeeded"/><testcase time="-1501.0676920159797" classname="p2.S13.SomeLongLongLongLongLongTestName_75" name="Run 0" assertions="3 total, 0 failed, 3 succeeded"/><testcase time="-4357.309787818768" classname="p2.S13.SomeLongLongLongLongLongTestName_76" name="Run 0" assertions="3 total, 0 failed, 3 succeeded"/><testcase time="-3324.945632705754" classname="p2.S13.SomeLongLongLongLongLongTestName_77" name="Run 0" assertions="3 total, 0 failed, 3 succeeded"/><testcase time="-5503.735520296033" classname="p2.S13.SomeLongLongLongLongLongTestName_78" name="Run 0" assertions="3 total, 0 failed, 3 succeeded"/><testcase time="-5307.488652620968" classname="p2.S13.SomeLongLongLongLongLongTestName_79" name="Run 0" assertions="3 total, 0 failed, 3 succeeded"/><testcase time="-2027.3457936208208" classname="p2.S13.SomeLongLongLongLongLongTestName_80" name="Run 0" assertions="3 total, 0 failed, 3 succeeded"/><testcase time="-9372.715965954381" classname="p2.S13.SomeLongLongLongLongLongTestName_81" name="Run 0" assertions="3 total, 0 failed, 3 succeeded"/><testcase time="-8958.609195846486" classname="p2.S13.SomeLongLongLongLongLongTestName_82" name="Run 0" assertions="3 total, 0 failed, 3 succeeded"/><testcase time="-6553.007114534689" classname="p2.S13.SomeLongLongLongLongLongTestName_83" name="Run 0" assertions="3 total, 0 failed, 3 succeeded"/><testcase time="-1499.7745452832096" classname="p2.S13.SomeLongLongLongLongLongTestName_84" name="Run 0" assertions="3 total, 0 failed, 3 succeeded"/><testcase time="-4902.481195300279" classname="p2.S13.SomeLongLongLongLongLongTestName_85" name="Run 0" assertions="3 total, 0 failed, 3 succeeded"/><testcase time="-3992.098524861336" classname="p2.S13.SomeLongLongLongLongLongTestName_86" name="Run 0" assertions="3 total, 0 failed, 3 succeeded"/><testcase time="-9974.344917275406" classname="p2.S13.SomeLongLongLongLongLongTestName_87" name="Run 0" assertions="3 total, 0 failed, 3 succeeded"/><testcase time="-3731.671472804146" classname="p2.S13.SomeLongLongLongLongLongTestName_88" name="Run 0" assertions="3 total, 0 failed, 3 succeeded"/><testcase time="-6185.609103332747" classname="p2.S13.SomeLongLongLongLongLongTestName_89" name="Run 0" assertions="3 total, 0 failed, 3 succeeded"/><testcase time="-7544.556148051333" classname="p2.S13.SomeLongLongLongLongLongTestName_90" name="Run 0" assertions="3 total, 0 failed, 3 succeeded"/><testcase time="-2375.6696429287135" classname="p2.S13.SomeLongLongLongLongLongTestName_91" name="Run 0" assertions="3 total, 0 failed, 3 succeeded"/><testcase time="-6228.562426623967" classname="p2.S13.SomeLongLongLongLongLongTestName_92" name="Run 0" assertions="3 total, 0 failed, 3 succeeded"/><testcase time="-1905.9263153784539" classname="p2.S13.SomeLongLongLongLongLongTestName_93" name="Run 0" assertions="3 total, 0 failed, 3 succeeded"/><testcase time="-6042.042901525264" classname="p2.S13.SomeLongLongLongLongLongTestName_94" name="Run 0" assertions="3 total, 0 failed, 3 succeeded"/><testcase time="-5849.547557412167" classname="p2.S13.SomeLongLongLongLongLongTestName_95" name="Run 0" assertions="3 total, 0 failed, 3 succeeded"/><testcase time="-6990.820066574907" classname="p2.S13.SomeLongLongLongLongLongTestName_96" name="Run 0" assertions="3 total, 0 failed, 3 succeeded"/><testcase time="-8933.145760983109" classname="p2.S13.SomeLongLongLongLongLongTestName_97" name="Run 0" assertions="3 total, 0 failed, 3 succeeded"/><testcase time="-7716.348733724666" classname="p2.S13.SomeLongLongLongLongLongTestName_98" name="Run 0" assertions="3 total, 0 failed, 3 succeeded"/><testcase time="-1827.80055969739" classname="p2.S13.SomeLongLongLongLongLongTestName_99" name="Run 0" assertions="3 total, 0 failed, 3 succeeded"/><testcase time="-7615.216757562957" classname="p2.S13.SomeLongLongLongLongLongTestName_100" name="Run 0" assertions="3 total, 0 failed, 3 succeeded"/><testcase time="-9740.26245031335" classname="p2.S13.SomeLongLongLongLongLongTestName_101" name="Run 0" assertions="3 total, 0 failed, 3 succeeded"/><testcase time="-9634.265123165398" classname="p2.S13.SomeLongLongLongLongLongTestName_102" name="Run 0" assertions="3 total, 0 failed, 3 succeeded"/><testcase time="-8277.097391962543" classname="p2.S13.SomeLongLongLongLongLongTestName_103" name="Run 0" assertions="3 total, 0 failed, 3 succeeded"/><testcase time="-2293.143927162634" classname="p2.S13.SomeLongLongLongLongLongTestName_104" name="Run 0" assertions="3 total, 0 failed, 3 succeeded"/><testcase time="-9734.867357100575" classname="p2.S13.SomeLongLongLongLongLongTestName_105" name="Run 0" assertions="3 total, 0 failed, 3 succeeded"/><testcase time="-6589.50509838961" classname="p2.S13.SomeLongLongLongLongLongTestName_106" name="Run 0" assertions="3 total, 0 failed, 3 succeeded"/><testcase time="-8138.049305899086" classname="p2.S13.SomeLongLongLongLongLongTestName_107" name="Run 0" assertions="3 total, 0 failed, 3 succeeded"/><testcase time="-64.9407027548339" classname="p2.S13.SomeLongLongLongLongLongTestName_108" name="Run 0" assertions="3 total, 0 failed, 3 succeeded"/><testcase time="-8772.218507208785" classname="p2.S13.SomeLongLongLongLongLongTestName_109" name="Run 0" assertions="3 total, 0 failed, 3 succeeded"/><testcase time="-8700.653128962393" classname="p2.S13.SomeLongLongLongLongLongTestName_110" name="Run 0" assertions="3 total, 0 failed, 3 succeeded"/><testcase time="-49.93403731138852" classname="p2.S13.SomeLongLongLongLongLongTestName_111" name="Run 0" assertions="3 total, 0 failed, 3 succeeded"/><testcase time="-9377.48755274448" classname="p2.S13.SomeLongLongLongLongLongTestName_112" name="Run 0" assertions="3 total, 0 failed, 3 succeeded"/><testcase time="-7105.879090770824" classname="p2.S13.SomeLongLongLongLongLongTestName_113" name="Run 0" assertions="3 total, 0 failed, 3 succeeded"/><testcase time="-31.066886936080092" classname="p2.S13.SomeLongLongLongLongLongTestName_114" name="Run 0" assertions="3 total, 0 failed, 3 succeeded"/><testcase time="-3385.7924628258997" classname="p2.S13.SomeLongLongLongLongLongTestName_115" name="Run 0" assertions="3 total, 0 failed, 3 succeeded"/><testcase time="-4809.076430143003" classname="p2.S13.SomeLongLongLongLongLongTestName_116" name="Run 0" assertions="3 total, 0 failed, 3 succeeded"/><testcase time="-8113.23849387205" classname="p2.S13.SomeLongLongLongLongLongTestName_117" name="Run 0" assertions="3 total, 0 failed, 3 succeeded"/><testcase time="-1414.2865274587552" classname="p2.S13.SomeLongLongLongLongLongTestName_118" name="Run 0" assertions="3 total, 0 failed, 3 succeeded"/><testcase time="-8846.01756605112" classname="p2.S13.SomeLongLongLongLongLongTestName_119" name="Run 0" assertions="3 total, 0 failed, 3 succeeded"/><testcase time="-4588.401810431065" classname="p2.S13.SomeLongLongLongLongLongTestName_120" name="Run 0" assertions="3 total, 0 failed, 3 succeeded"/><testcase time="-8149.5112228649805" classname="p2.S13.SomeLongLongLongLongLongTestName_121" name="Run 0" assertions="3 total, 0 failed, 3 succeeded"/><testcase time="-2557.9922951015" classname="p2.S13.SomeLongLongLongLongLongTestName_122" name="Run 0" assertions="3 total, 0 failed, 3 succeeded"/><testcase time="-7642.319198301751" classname="p2.S13.SomeLongLongLongLongLongTestName_123" name="Run 0" assertions="3 total, 0 failed, 3 succeeded"/><testcase time="-7481.556138319317" classname="p2.S13.SomeLongLongLongLongLongTestName_124" name="Run 0" assertions="3 total, 0 failed, 3 succeeded"/><testcase time="-7635.413477312776" classname="p2.S13.SomeLongLongLongLongLongTestName_125" name="Run 0" assertions="3 total, 0 failed, 3 succeeded"/><testcase time="-1976.8651162650035" classname="p2.S13.SomeLongLongLongLongLongTestName_126" name="Run 0" assertions="3 total, 0 failed, 3 succeeded"/><testcase time="-7309.094914783453" classname="p2.S13.SomeLongLongLongLongLongTestName_127" name="Run 0" assertions="3 total, 0 failed, 3 succeeded"/><testcase time="-9263.772694473088" classname="p2.S13.SomeLongLongLongLongLongTestName_128" name="Run 0" assertions="3 total, 0 failed, 3 succeeded"/><testcase time="-1744.3104901016934" classname="p2.S13.SomeLongLongLongLongLongTestName_129" name="Run 0" assertions="3 total, 0 failed, 3 succeeded"/><testcase time="-7413.528060489628" classname="p2.S13.SomeLongLongLongLongLongTestName_130" name="Run 0" assertions="3 total, 0 failed, 3 succeeded"/><testcase time="-9210.51403215747" classname="p2.S13.SomeLongLongLongLongLongTestName_131" name="Run 0" assertions="3 total, 0 failed, 3 succeeded"/><testcase time="-1682.3809431521038" classname="p2.S13.SomeLongLongLongLongLongTestName_132" name="Run 0" assertions="3 total, 0 failed, 3 succeeded"/><testcase time="-5264.702264306117" classname="p2.S13.SomeLongLongLongLongLongTestName_133" name="Run 0" assertions="3 total, 0 failed, 3 succeeded"/><testcase time="-111.82967192479657" classname="p2.S13.SomeLongLongLongLongLongTestName_134" name="Run 0" assertions="3 total, 0 failed, 3 succeeded"/><testcase time="-3873.4354562904327" classname="p2.S13.SomeLongLongLongLongLongTestName_135" name="Run 0" assertions="3 total, 0 failed, 3 succeeded"/><testcase time="-7191.236475703218" classname="p2.S13.SomeLongLongLongLongLongTestName_136" name="Run 0" assertions="3 total, 0 failed, 3 succeeded"/><testcase time="-1562.183287853742" classname="p2.S13.SomeLongLongLongLongLongTestName_137" name="Run 0" assertions="3 total, 0 failed, 3 succeeded"/><testcase time="-7515.815179101878" classname="p2.S13.SomeLongLongLongLongLongTestName_138" name="Run 0" assertions="3 total, 0 failed, 3 succeeded"/><testcase time="-4359.7510697732305" classname="p2.S13.SomeLongLongLongLongLongTestName_139" name="Run 0" assertions="3 total, 0 failed, 3 succeeded"/><testcase time="-4466.780159510338" classname="p2.S13.SomeLongLongLongLongLongTestName_140" name="Run 0" assertions="3 total, 0 failed, 3 succeeded"/><testcase time="-8110.3118030497435" classname="p2.S13.SomeLongLongLongLongLongTestName_141" name="Run 0" assertions="3 total, 0 failed, 3 succeeded"/><testcase time="-9049.005074450195" classname="p2.S13.SomeLongLongLongLongLongTestName_142" name="Run 0" assertions="3 total, 0 failed, 3 succeeded"/><testcase time="-1681.5734938896678" classname="p2.S13.SomeLongLongLongLongLongTestName_143" name="Run 0" assertions="3 total, 0 failed, 3 succeeded"/><testcase time="-4777.890146868199" classname="p2.S13.SomeLongLongLongLongLongTestName_144" name="Run 0" assertions="3 total, 0 failed, 3 succeeded"/><testcase time="-4337.8516967251835" classname="p2.S13.SomeLongLongLongLongLongTestName_145" name="Run 0" assertions="3 total, 0 failed, 3 succeeded"/><testcase time="-7082.185226083099" classname="p2.S13.SomeLongLongLongLongLongTestName_146" name="Run 0" assertions="3 total, 0 failed, 3 succeeded"/><testcase time="-2897.4329229096775" classname="p2.S13.SomeLongLongLongLongLongTestName_147" name="Run 0" assertions="3 total, 0 failed, 3 succeeded"/><testcase time="-901.0768630770141" classname="p2.S13.SomeLongLongLongLongLongTestName_148" name="Run 0" assertions="3 total, 0 failed, 3 succeeded"/><testcase time="-3625.090963747054" classname="p2.S13.SomeLongLongLongLongLongTestName_149" name="Run 0" assertions="3 total, 0 failed, 3 succeeded"/><testcase time="-8314.292080541169" classname="p2.S13.SomeLongLongLongLongLongTestName_150" name="Run 0" assertions="3 total, 0 failed, 3 succeeded"/><testcase time="-6100.418063437903" classname="p2.S13.SomeLongLongLongLongLongTestName_151" name="Run 0" assertions="3 total, 0 failed, 3 succeeded"/><testcase time="-2062.6359494600006" classname="p2.S13.SomeLongLongLongLongLongTestName_152" name="Run 0" assertions="3 total, 0 failed, 3 succeeded"/><testcase time="-1986.3583684903665" classname="p2.S13.SomeLongLongLongLongLongTestName_153" name="Run 0" assertions="3 total, 0 failed, 3 succeeded"/><testcase time="-6322.374919578331" classname="p2.S13.SomeLongLongLongLongLongTestName_154" name="Run 0" assertions="3 total, 0 failed, 3 succeeded"/><testcase time="-8549.133106510113" classname="p2.S13.SomeLongLongLongLongLongTestName_155" name="Run 0" assertions="3 total, 0 failed, 3 succeeded"/><testcase time="-8234.877353217033" classname="p2.S13.SomeLongLongLongLongLongTestName_156" name="Run 0" assertions="3 total, 0 failed, 3 succeeded"/><testcase time="-5501.623357313307" classname="p2.S13.SomeLongLongLongLongLongTestName_157" name="Run 0" assertions="3 total, 0 failed, 3 succeeded"/><testcase time="-8970.381534800545" classname="p2.S13.SomeLongLongLongLongLongTestName_158" name="Run 0" assertions="3 total, 0 failed, 3 succeeded"/><testcase time="-8699.546571223153" classname="p2.S13.SomeLongLongLongLongLongTestName_159" name="Run 0" assertions="3 total, 0 failed, 3 succeeded"/><testcase time="-4532.961819943285" classname="p2.S13.SomeLongLongLongLongLongTestName_160" name="Run 0" assertions="3 total, 0 failed, 3 succeeded"/><testcase time="-2205.202860716131" classname="p2.S13.SomeLongLongLongLongLongTestName_161" name="Run 0" assertions="3 total, 0 failed, 3 succeeded"/><testcase time="-2203.469415561102" classname="p2.S13.SomeLongLongLongLongLongTestName_162" name="Run 0" assertions="3 total, 0 failed, 3 succeeded"/><testcase time="-8196.515434813804" classname="p2.S13.SomeLongLongLongLongLongTestName_163" name="Run 0" assertions="3 total, 0 failed, 3 succeeded"/><testcase time="-1795.7187001936134" classname="p2.S13.SomeLongLongLongLongLongTestName_164" name="Run 0" assertions="3 total, 0 failed, 3 succeeded"/><testcase time="-1661.4724890743412" classname="p2.S13.SomeLongLongLongLongLongTestName_165" name="Run 0" assertions="3 total, 0 failed, 3 succeeded"/><testcase time="-1927.9364819411448" classname="p2.S13.SomeLongLongLongLongLongTestName_166" name="Run 0" assertions="3 total, 0 failed, 3 succeeded"/><testcase time="-1560.9981342027304" classname="p2.S13.SomeLongLongLongLongLongTestName_167" name="Run 0" assertions="3 total, 0 failed, 3 succeeded"/><testcase time="-3692.3467856102093" classname="p2.S13.SomeLongLongLongLongLongTestName_168" name="Run 0" assertions="3 total, 0 failed, 3 succeeded"/><testcase time="-263.78409476290784" classname="p2.S13.SomeLongLongLongLongLongTestName_169" name="Run 0" assertions="3 total, 0 failed, 3 succeeded"/><testcase time="-3039.4413889480406" classname="p2.S13.SomeLongLongLongLongLongTestName_170" name="Run 0" assertions="3 total, 0 failed, 3 succeeded"/><testcase time="-4825.064263952664" classname="p2.S13.SomeLongLongLongLongLongTestName_171" name="Run 0" assertions="3 total, 0 failed, 3 succeeded"/><testcase time="-1327.603544343502" classname="p2.S13.SomeLongLongLongLongLongTestName_172" name="Run 0" assertions="3 total, 0 failed, 3 succeeded"/><testcase time="-7838.371622249041" classname="p2.S13.SomeLongLongLongLongLongTestName_173" name="Run 0" assertions="3 total, 0 failed, 3 succeeded"/><testcase time="-4843.488840557786" classname="p2.S13.SomeLongLongLongLongLongTestName_174" name="Run 0" assertions="3 total, 0 failed, 3 succeeded"/><testcase time="-3267.2282529663858" classname="p2.S13.SomeLongLongLongLongLongTestName_175" name="Run 0" assertions="3 total, 0 failed, 3 succeeded"/><testcase time="-2365.3795356808005" classname="p2.S13.SomeLongLongLongLongLongTestName_176" name="Run 0" assertions="3 total, 0 failed, 3 succeeded"/><testcase time="-3186.0915526793915" classname="p2.S13.SomeLongLongLongLongLongTestName_177" name="Run 0" assertions="3 total, 0 failed, 3 succeeded"/><testcase time="-4341.3013521284765" classname="p2.S13.SomeLongLongLongLongLongTestName_178" name="Run 0" assertions="3 total, 0 failed, 3 succeeded"/><testcase time="-4471.494297517093" classname="p2.S13.SomeLongLongLongLongLongTestName_179" name="Run 0" assertions="3 total, 0 failed, 3 succeeded"/><testcase time="-236.2445836966594" classname="p2.S13.SomeLongLongLongLongLongTestName_180" name="Run 0" assertions="3 total, 0 failed, 3 succeeded"/><testcase time="-9337.207652455938" classname="p2.S13.SomeLongLongLongLongLongTestName_181" name="Run 0" assertions="3 total, 0 failed, 3 succeeded"/><testcase time="-3083.276014824685" classname="p2.S13.SomeLongLongLongLongLongTestName_182" name="Run 0" assertions="3 total, 0 failed, 3 succeeded"/><testcase time="-4750.706133499567" classname="p2.S13.SomeLongLongLongLongLongTestName_183" name="Run 0" assertions="3 total, 0 failed, 3 succeeded"/><testcase time="-7386.6181511190825" classname="p2.S13.SomeLongLongLongLongLongTestName_184" name="Run 0" assertions="3 total, 0 failed, 3 succeeded"/><testcase time="-3699.83540543974" classname="p2.S13.SomeLongLongLongLongLongTestName_185" name="Run 0" assertions="3 total, 0 failed, 3 succeeded"/><testcase time="-4662.637817612412" classname="p2.S13.SomeLongLongLongLongLongTestName_186" name="Run 0" assertions="3 total, 0 failed, 3 succeeded"/><testcase time="-9685.895719271557" classname="p2.S13.SomeLongLongLongLongLongTestName_187" name="Run 0" assertions="3 total, 0 failed, 3 succeeded"/><testcase time="-4743.4024525917375" classname="p2.S13.SomeLongLongLongLongLongTestName_188" name="Run 0" assertions="3 total, 0 failed, 3 succeeded"/><testcase time="-9465.714078551684" classname="p2.S13.SomeLongLongLongLongLongTestName_189" name="Run 0" assertions="3 total, 0 failed, 3 succeeded"/><testcase time="-2988.415439748819" classname="p2.S13.SomeLongLongLongLongLongTestName_190" name="Run 0" assertions="3 total, 0 failed, 3 succeeded"/><testcase time="-1502.0465117151878" classname="p2.S13.SomeLongLongLongLongLongTestName_191" name="Run 0" assertions="3 total, 0 failed, 3 succeeded"/><testcase time="-4584.985730398334" classname="p2.S13.SomeLongLongLongLongLongTestName_192" name="Run 0" assertions="3 total, 0 failed, 3 succeeded"/><testcase time="-8509.009647826919" classname="p2.S13.SomeLongLongLongLongLongTestName_193" name="Run 0" assertions="3 total, 0 failed, 3 succeeded"/><testcase time="-4128.312946208666" classname="p2.S13.SomeLongLongLongLongLongTestName_194" name="Run 0" assertions="3 total, 0 failed, 3 succeeded"/><testcase time="-9901.942635277386" classname="p2.S13.SomeLongLongLongLongLongTestName_195" name="Run 0" assertions="3 total, 0 failed, 3 succeeded"/><testcase time="-4869.864181538494" classname="p2.S13.SomeLongLongLongLongLongTestName_196" name="Run 0" assertions="3 total, 0 failed, 3 succeeded"/><testcase time="-6515.25996034012" classname="p2.S13.SomeLongLongLongLongLongTestName_197" name="Run 0" assertions="3 total, 0 failed, 3 succeeded"/><testcase time="-6212.884985703587" classname="p2.S13.SomeLongLongLongLongLongTestName_198" name="Run 0" assertions="3 total, 0 failed, 3 succeeded"/><testcase time="-3070.405426646542" classname="p2.S13.SomeLongLongLongLongLongTestName_199" name="Run 0" assertions="3 total, 0 failed, 3 succeeded"/><testcase time="-7136.274142352648" classname="p2.S13.SomeLongLongLongLongLongTestName_200" name="Run 0" assertions="3 total, 0 failed, 3 succeeded"/><testcase time="-5731.985944818313" classname="p2.S13.SomeLongLongLongLongLongTestName_201" name="Run 0" assertions="3 total, 0 failed, 3 succeeded"/><testcase time="-6018.906468452733" classname="p2.S13.SomeLongLongLongLongLongTestName_202" name="Run 0" assertions="3 total, 0 failed, 3 succeeded"/><testcase time="-1239.7494663938555" classname="p2.S13.SomeLongLongLongLongLongTestName_203" name="Run 0" assertions="3 total, 0 failed, 3 succeeded"/><testcase time="-798.8477470057144" classname="p2.S13.SomeLongLongLongLongLongTestName_204" name="Run 0" assertions="3 total, 0 failed, 3 succeeded"/><testcase time="-1891.3445612737958" classname="p2.S13.SomeLongLongLongLongLongTestName_205" name="Run 0" assertions="3 total, 0 failed, 3 succeeded"/><testcase time="-647.7945455290379" classname="p2.S13.SomeLongLongLongLongLongTestName_206" name="Run 0" assertions="3 total, 0 failed, 3 succeeded"/><testcase time="-4362.987602673038" classname="p2.S13.SomeLongLongLongLongLongTestName_207" name="Run 0" assertions="3 total, 0 failed, 3 succeeded"/><testcase time="-1280.6764034686792" classname="p2.S13.SomeLongLongLongLongLongTestName_208" name="Run 0" assertions="3 total, 0 failed, 3 succeeded"/><testcase time="-4648.907584959189" classname="p2.S13.SomeLongLongLongLongLongTestName_209" name="Run 0" assertions="3 total, 0 failed, 3 succeeded"/><testcase time="-8334.437075700931" classname="p2.S13.SomeLongLongLongLongLongTestName_210" name="Run 0" assertions="3 total, 0 failed, 3 succeeded"/><testcase time="-731.844716734884" classname="p2.S13.SomeLongLongLongLongLongTestName_211" name="Run 0" assertions="3 total, 0 failed, 3 succeeded"/><testcase time="-9423.079923775096" classname="p2.S13.SomeLongLongLongLongLongTestName_212" name="Run 0" assertions="3 total, 0 failed, 3 succeeded"/><testcase time="-3744.0209505526846" classname="p2.S13.SomeLongLongLongLongLongTestName_213" name="Run 0" assertions="3 total, 0 failed, 3 succeeded"/><testcase time="-2795.3290798331736" classname="p2.S13.SomeLongLongLongLongLongTestName_214" name="Run 0" assertions="3 total, 0 failed, 3 succeeded"/><testcase time="-4145.160662374727" classname="p2.S13.SomeLongLongLongLongLongTestName_215" name="Run 0" assertions="3 total, 0 failed, 3 succeeded"/><testcase time="-4802.631698163691" classname="p2.S13.SomeLongLongLongLongLongTestName_216" name="Run 0" assertions="3 total, 0 failed, 3 succeeded"/><testcase time="-4658.981329243579" classname="p2.S13.SomeLongLongLongLongLongTestName_217" name="Run 0" assertions="3 total, 0 failed, 3 succeeded"/><testcase time="-8385.284500360238" classname="p2.S13.SomeLongLongLongLongLongTestName_218" name="Run 0" assertions="3 total, 0 failed, 3 succeeded"/><testcase time="-404.02862807942824" classname="p2.S13.SomeLongLongLongLongLongTestName_219" name="Run 0" assertions="3 total, 0 failed, 3 succeeded"/><testcase time="-5952.8422082964635" classname="p2.S13.SomeLongLongLongLongLongTestName_220" name="Run 0" assertions="3 total, 0 failed, 3 succeeded"/><testcase time="-1641.37151562717" classname="p2.S13.SomeLongLongLongLongLongTestName_221" name="Run 0" assertions="3 total, 0 failed, 3 succeeded"/><testcase time="-6688.159997058581" classname="p2.S13.SomeLongLongLongLongLongTestName_222" name="Run 0" assertions="3 total, 0 failed, 3 succeeded"/><testcase time="-5980.93272873809" classname="p2.S13.SomeLongLongLongLongLongTestName_223" name="Run 0" assertions="3 total, 0 failed, 3 succeeded"/><testcase time="-3249.073163617734" classname="p2.S13.SomeLongLongLongLongLongTestName_224" name="Run 0" assertions="3 total, 0 failed, 3 succeeded"/><testcase time="-1067.6632392590525" classname="p2.S13.SomeLongLongLongLongLongTestName_225" name="Run 0" assertions="3 total, 0 failed, 3 succeeded"/><testcase time="-8211.367761724305" classname="p2.S13.SomeLongLongLongLongLongTestName_226" name="Run 0" assertions="3 total, 0 failed, 3 succeeded"/><testcase time="-7870.392592158942" classname="p2.S13.SomeLongLongLongLongLongTestName_227" name="Run 0" assertions="3 total, 0 failed, 3 succeeded"/><testcase time="-1110.8446953132095" classname="p2.S13.SomeLongLongLongLongLongTestName_228" name="Run 0" assertions="3 total, 0 failed, 3 succeeded"/><testcase time="-8449.779824003654" classname="p2.S13.SomeLongLongLongLongLongTestName_229" name="Run 0" assertions="3 total, 0 failed, 3 succeeded"/><testcase time="-6936.4568816728715" classname="p2.S13.SomeLongLongLongLongLongTestName_230" name="Run 0" assertions="3 total, 0 failed, 3 succeeded"/><testcase time="-4545.279386483802" classname="p2.S13.SomeLongLongLongLongLongTestName_231" name="Run 0" assertions="3 total, 0 failed, 3 succeeded"/><testcase time="-9025.497386475216" classname="p2.S13.SomeLongLongLongLongLongTestName_232" name="Run 0" assertions="3 total, 0 failed, 3 succeeded"/><testcase time="-8067.729177140838" classname="p2.S13.SomeLongLongLongLongLongTestName_233" name="Run 0" assertions="3 total, 0 failed, 3 succeeded"/><testcase time="-1192.7130817468696" classname="p2.S13.SomeLongLongLongLongLongTestName_234" name="Run 0" assertions="3 total, 0 failed, 3 succeeded"/><testcase time="-3458.86718217068" classname="p2.S13.SomeLongLongLongLongLongTestName_235" name="Run 0" assertions="3 total, 0 failed, 3 succeeded"/><testcase time="-5032.895833771432" classname="p2.S13.SomeLongLongLongLongLongTestName_236" name="Run 0" assertions="3 total, 0 failed, 3 succeeded"/><testcase time="-5177.341102095946" classname="p2.S13.SomeLongLongLongLongLongTestName_237" name="Run 0" assertions="3 total, 0 failed, 3 succeeded"/><testcase time="-9184.67863974677" classname="p2.S13.SomeLongLongLongLongLongTestName_238" name="Run 0" assertions="3 total, 0 failed, 3 succeeded"/><testcase time="-8596.499937875938" classname="p2.S13.SomeLongLongLongLongLongTestName_239" name="Run 0" assertions="3 total, 0 failed, 3 succeeded"/><testcase time="-845.6904401562921" classname="p2.S13.SomeLongLongLongLongLongTestName_240" name="Run 0" assertions="3 total, 0 failed, 3 succeeded"/><testcase time="-9367.039571542799" classname="p2.S13.SomeLongLongLongLongLongTestName_241" name="Run 0" assertions="3 total, 0 failed, 3 succeeded"/><testcase time="-5317.636949425565" classname="p2.S13.SomeLongLongLongLongLongTestName_242" name="Run 0" assertions="3 total, 0 failed, 3 succeeded"/><testcase time="-3845.5554880925047" classname="p2.S13.SomeLongLongLongLongLongTestName_243" name="Run 0" assertions="3 total, 0 failed, 3 succeeded"/><testcase time="-9624.681575263367" classname="p2.S13.SomeLongLongLongLongLongTestName_244" name="Run 0" assertions="3 total, 0 failed, 3 succeeded"/><testcase time="-5490.3113100831815" classname="p2.S13.SomeLongLongLongLongLongTestName_245" name="Run 0" assertions="3 total, 0 failed, 3 succeeded"/><testcase time="-9909.487773523517" classname="p2.S13.SomeLongLongLongLongLongTestName_246" name="Run 0" assertions="3 total, 0 failed, 3 succeeded"/><testcase time="-394.073704937838" classname="p2.S13.SomeLongLongLongLongLongTestName_247" name="Run 0" assertions="3 total, 0 failed, 3 succeeded"/><testcase time="-230.43553467488667" classname="p2.S13.SomeLongLongLongLongLongTestName_248" name="Run 0" assertions="3 total, 0 failed, 3 succeeded"/><testcase time="-5131.4493860275725" classname="p2.S13.SomeLongLongLongLongLongTestName_249" name="Run 0" assertions="3 total, 0 failed, 3 succeeded"/><testcase time="-7133.1454577137165" classname="p2.S13.SomeLongLongLongLongLongTestName_250" name="Run 0" assertions="3 total, 0 failed, 3 succeeded"/><testcase time="-9836.356592502814" classname="p2.S13.SomeLongLongLongLongLongTestName_251" name="Run 0" assertions="3 total, 0 failed, 3 succeeded"/><testcase time="-3097.0486010238883" classname="p2.S13.SomeLongLongLongLongLongTestName_252" name="Run 0" assertions="3 total, 0 failed, 3 succeeded"/><testcase time="-7208.9216526822565" classname="p2.S13.SomeLongLongLongLongLongTestName_253" name="Run 0" assertions="3 total, 0 failed, 3 succeeded"/><testcase time="-9582.355291446562" classname="p2.S13.SomeLongLongLongLongLongTestName_254" name="Run 0" assertions="3 total, 0 failed, 3 succeeded"/><testcase time="-3233.841727203274" classname="p2.S13.SomeLongLongLongLongLongTestName_255" name="Run 0" assertions="3 total, 0 failed, 3 succeeded"/><testcase time="-2539.1660716468646" classname="p2.S13.SomeLongLongLongLongLongTestName_256" name="Run 0" assertions="3 total, 0 failed, 3 succeeded"/><testcase time="-6133.166117935362" classname="p2.S13.SomeLongLongLongLongLongTestName_257" name="Run 0" assertions="3 total, 0 failed, 3 succeeded"/><testcase time="-6471.481616208741" classname="p2.S13.SomeLongLongLongLongLongTestName_258" name="Run 0" assertions="3 total, 0 failed, 3 succeeded"/><testcase time="-9748.938339950788" classname="p2.S13.SomeLongLongLongLongLongTestName_259" name="Run 0" assertions="3 total, 0 failed, 3 succeeded"/><testcase time="-3395.442367138182" classname="p2.S13.SomeLongLongLongLongLongTestName_260" name="Run 0" assertions="3 total, 0 failed, 3 succeeded"/><testcase time="-8390.471446999038" classname="p2.S13.SomeLongLongLongLongLongTestName_261" name="Run 0" assertions="3 total, 0 failed, 3 succeeded"/><testcase time="-7668.945527239291" classname="p2.S13.SomeLongLongLongLongLongTestName_262" name="Run 0" assertions="3 total, 0 failed, 3 succeeded"/><testcase time="-5992.702507025508" classname="p2.S13.SomeLongLongLongLongLongTestName_263" name="Run 0" assertions="3 total, 0 failed, 3 succeeded"/><testcase time="-1445.0762631220573" classname="p2.S13.SomeLongLongLongLongLongTestName_264" name="Run 0" assertions="3 total, 0 failed, 3 succeeded"/><testcase time="-8639.5709178937" classname="p2.S13.SomeLongLongLongLongLongTestName_265" name="Run 0" assertions="3 total, 0 failed, 3 succeeded"/><testcase time="-4520.697752518593" classname="p2.S13.SomeLongLongLongLongLongTestName_266" name="Run 0" assertions="3 total, 0 failed, 3 succeeded"/><testcase time="-3088.268253199706" classname="p2.S13.SomeLongLongLongLongLongTestName_267" name="Run 0" assertions="3 total, 0 failed, 3 succeeded"/><testcase time="-8160.491986306871" classname="p2.S13.SomeLongLongLongLongLongTestName_268" name="Run 0" assertions="3 total, 0 failed, 3 succeeded"/><testcase time="-3564.3137960874647" classname="p2.S13.SomeLongLongLongLongLongTestName_269" name="Run 0" assertions="3 total, 0 failed, 3 succeeded"/><testcase time="-4243.362874410918" classname="p2.S13.SomeLongLongLongLongLongTestName_270" name="Run 0" assertions="3 total, 0 failed, 3 succeeded"/><testcase time="-4588.496041142199" classname="p2.S13.SomeLongLongLongLongLongTestName_271" name="Run 0" assertions="3 total, 0 failed, 3 succeeded"/><testcase time="-7611.260053258633" classname="p2.S13.SomeLongLongLongLongLongTestName_272" name="Run 0" assertions="3 total, 0 failed, 3 succeeded"/><testcase time="-218.197559535195" classname="p2.S13.SomeLongLongLongLongLongTestName_273" name="Run 0" assertions="3 total, 0 failed, 3 succeeded"/><testcase time="-793.2086337526175" classname="p2.S13.SomeLongLongLongLongLongTestName_274" name="Run 0" assertions="3 total, 0 failed, 3 succeeded"/><testcase time="-4903.118317623307" classname="p2.S13.SomeLongLongLongLongLongTestName_275" name="Run 0" assertions="3 total, 0 failed, 3 succeeded"/><testcase time="-6275.2748591803775" classname="p2.S13.SomeLongLongLongLongLongTestName_276" name="Run 0" assertions="3 total, 0 failed, 3 succeeded"/><testcase time="-21.03964373403771" classname="p2.S13.SomeLongLongLongLongLongTestName_277" name="Run 0" assertions="3 total, 0 failed, 3 succeeded"/><testcase time="-6186.027745168436" classname="p2.S13.SomeLongLongLongLongLongTestName_278" name="Run 0" assertions="3 total, 0 failed, 3 succeeded"/><testcase time="-1854.6620747036407" classname="p2.S13.SomeLongLongLongLongLongTestName_279" name="Run 0" assertions="3 total, 0 failed, 3 succeeded"/><testcase time="-8914.929972420385" classname="p2.S13.SomeLongLongLongLongLongTestName_280" name="Run 0" assertions="3 total, 0 failed, 3 succeeded"/><testcase time="-1064.4263179859263" classname="p2.S13.SomeLongLongLongLongLongTestName_281" name="Run 0" assertions="3 total, 0 failed, 3 succeeded"/><testcase time="-3031.8139970975603" classname="p2.S13.SomeLongLongLongLongLongTestName_282" name="Run 0" assertions="3 total, 0 failed, 3 succeeded"/><testcase time="-8113.916688152011" classname="p2.S13.SomeLongLongLongLongLongTestName_283" name="Run 0" assertions="3 total, 0 failed, 3 succeeded"/><testcase time="-7333.033103522957" classname="p2.S13.SomeLongLongLongLongLongTestName_284" name="Run 0" assertions="3 total, 0 failed, 3 succeeded"/><testcase time="-5139.736080337055" classname="p2.S13.SomeLongLongLongLongLongTestName_285" name="Run 0" assertions="3 total, 0 failed, 3 succeeded"/><testcase time="0" classname="p2.S13.SomeLongLongLongLongLongTestName_286" name="Run 0" assertions="3 total, 0 failed, 3 succeeded"><skipped type="Skipped" message="This test was disabled."/></testcase><testcase time="0" classname="p2.S13.SomeLongLongLongLongLongTestName_287" name="Run 0" assertions="3 total, 0 failed, 3 succeeded"><skipped type="Skipped" message="This test was disabled."/></testcase><testcase time="0" classname="p2.S13.SomeLongLongLongLongLongTestName_288" name="Run 0" assertions="3 total, 0 failed, 3 succeeded"><skipped type="Skipped" message="This test was disabled."/></testcase><testcase time="0" classname="p2.S13.SomeLongLongLongLongLongTestName_289" name="Run 0" assertions="3 total, 0 failed, 3 succeeded"><skipped type="Skipped" message="This test was disabled."/></testcase><testcase time="0" classname="p2.S13.SomeLongLongLongLongLongTestName_290" name="Run 0" assertions="3 total, 0 failed, 3 succeeded"><skipped type="Skipped" message="This test was disabled."/></testcase><testcase time="0" classname="p2.S13.SomeLongLongLongLongLongTestName_291" name="Run 0" assertions="3 total, 0 failed, 3 succeeded"><skipped type="Skipped" message="This test was disabled."/></testcase><testcase time="0" classname="p2.S13.SomeLongLongLongLongLongTestName_292" name="Run 0" assertions="3 total, 0 failed, 3 succeeded"><skipped type="Skipped" message="This test was disabled."/></testcase><testcase time="0" classname="p2.S13.SomeLongLongLongLongLongTestName_293" name="Run 0" assertions="3 total, 0 failed, 3 succeeded"><skipped type="Skipped" message="This test was disabled."/></testcase><testcase time="0" classname="p2.S13.SomeLongLongLongLongLongTestName_294" name="Run 0" assertions="3 total, 0 failed, 3 succeeded"><skipped type="Skipped" message="This test was disabled."/></testcase><testcase time="0" classname="p2.S13.SomeLongLongLongLongLongTestName_295" name="Run 0" assertions="3 total, 0 failed, 3 succeeded"><skipped type="Skipped" message="This test was disabled."/></testcase><testcase time="0" classname="p2.S13.SomeLongLongLongLongLongTestName_296" name="Run 0" assertions="3 total, 0 failed, 3 succeeded"><skipped type="Skipped" message="This test was disabled."/></testcase><testcase time="0" classname="p2.S13.SomeLongLongLongLongLongTestName_297" name="Run 0" assertions="3 total, 0 failed, 3 succeeded"><skipped type="Skipped" message="This test was disabled."/></testcase><testcase time="0" classname="p2.S13.SomeLongLongLongLongLongTestName_298" name="Run 0" assertions="3 total, 0 failed, 3 succeeded"><skipped type="Skipped" message="This test was disabled."/></testcase><testcase time="0" classname="p2.S13.SomeLongLongLongLongLongTestName_299" name="Run 0" assertions="3 total, 0 failed, 3 succeeded"><skipped type="Skipped" message="This test was disabled."/></testcase><testcase time="0" classname="p2.S13.SomeLongLongLongLongLongTestName_300" name="Run 0" assertions="3 total, 0 failed, 3 succeeded"><skipped type="Skipped" message="This test was disabled."/></testcase><testcase time="0" classname="p2.S13.SomeLongLongLongLongLongTestName_301" name="Run 0" assertions="3 total, 0 failed, 3 succeeded"><skipped type="Skipped" message="This test was disabled."/></testcase><testcase time="0" classname="p2.S13.SomeLongLongLongLongLongTestName_302" name="Run 0" assertions="3 total, 0 failed, 3 succeeded"><skipped type="Skipped" message="This test was disabled."/></testcase><testcase time="0" classname="p2.S13.SomeLongLongLongLongLongTestName_303" name="Run 0" assertions="3 total, 0 failed, 3 succeeded"><skipped type="Skipped" message="This test was disabled."/></testcase><testcase time="0" classname="p2.S13.SomeLongLongLongLongLongTestName_304" name="Run 0" assertions="3 total, 0 failed, 3 succeeded"><skipped type="Skipped" message="This test was disabled."/></testcase><testcase time="0" classname="p2.S13.SomeLongLongLongLongLongTestName_305" name="Run 0" assertions="3 total, 0 failed, 3 succeeded"><skipped type="Skipped" message="This test was disabled."/></testcase><testcase time="0" classname="p2.S13.SomeLongLongLongLongLongTestName_306" name="Run 0" assertions="3 total, 0 failed, 3 succeeded"><skipped type="Skipped" message="This test was disabled."/></testcase><testcase time="0" classname="p2.S13.SomeLongLongLongLongLongTestName_307" name="Run 0" assertions="3 total, 0 failed, 3 succeeded"><skipped type="Skipped" message="This test was disabled."/></testcase><testcase time="0" classname="p2.S13.SomeLongLongLongLongLongTestName_308" name="Run 0" assertions="3 total, 0 failed, 3 succeeded"><skipped type="Skipped" message="This test was disabled."/></testcase><testcase time="0" classname="p2.S13.SomeLongLongLongLongLongTestName_309" name="Run 0" assertions="3 total, 0 failed, 3 succeeded"><skipped type="Skipped" message="This test was disabled."/></testcase><testcase time="0" classname="p2.S13.SomeLongLongLongLongLongTestName_310" name="Run 0" assertions="3 total, 0 failed, 3 succeeded"><skipped type="Skipped" message="This test was disabled."/></testcase><testcase time="0" classname="p2.S13.SomeLongLongLongLongLongTestName_311" name="Run 0" assertions="3 total, 0 failed, 3 succeeded"><skipped type="Skipped" message="This test was disabled."/></testcase><testcase time="0" classname="p2.S13.SomeLongLongLongLongLongTestName_312" name="Run 0" assertions="3 total, 0 failed, 3 succeeded"><skipped type="Skipped" message="This test was disabled."/></testcase><testcase time="0" classname="p2.S13.SomeLongLongLongLongLongTestName_313" name="Run 0" assertions="3 total, 0 failed, 3 succeeded"><skipped type="Skipped" message="This test was disabled."/></testcase><testcase time="0" classname="p2.S13.SomeLongLongLongLongLongTestName_314" name="Run 0" assertions="3 total, 0 failed, 3 succeeded"><skipped type="Skipped" message="This test was disabled."/></testcase><testcase time="0" classname="p2.S13.SomeLongLongLongLongLongTestName_315" name="Run 0" assertions="3 total, 0 failed, 3 succeeded"><skipped type="Skipped" message="This test was disabled."/></testcase><testcase time="0" classname="p2.S13.SomeLongLongLongLongLongTestName_316" name="Run 0" assertions="3 total, 0 failed, 3 succeeded"><skipped type="Skipped" message="This test was disabled."/></testcase><testcase time="0" classname="p2.S13.SomeLongLongLongLongLongTestName_317" name="Run 0" assertions="3 total, 0 failed, 3 succeeded"><skipped type="Skipped" message="This test was disabled."/></testcase><testcase time="0" classname="p2.S13.SomeLongLongLongLongLongTestName_318" name="Run 0" assertions="3 total, 0 failed, 3 succeeded"><skipped type="Skipped" message="This test was disabled."/></testcase><testcase time="0" classname="p2.S13.SomeLongLongLongLongLongTestName_319" name="Run 0" assertions="3 total, 0 failed, 3 succeeded"><skipped type="Skipped" message="This test was disabled."/></testcase><testcase time="0" classname="p2.S13.SomeLongLongLongLongLongTestName_320" name="Run 0" assertions="3 total, 0 failed, 3 succeeded"><skipped type="Skipped" message="This test was disabled."/></testcase><testcase time="0" classname="p2.S13.SomeLongLongLongLongLongTestName_321" name="Run 0" assertions="3 total, 0 failed, 3 succeeded"><skipped type="Skipped" message="This test was disabled."/></testcase><testcase time="0" classname="p2.S13.SomeLongLongLongLongLongTestName_322" name="Run 0" assertions="3 total, 0 failed, 3 succeeded"><skipped type="Skipped" message="This test was disabled."/></testcase><testcase time="0" classname="p2.S13.SomeLongLongLongLongLongTestName_323" name="Run 0" assertions="3 total, 0 failed, 3 succeeded"><skipped type="Skipped" message="This test was disabled."/></testcase><testcase time="0" classname="p2.S13.SomeLongLongLongLongLongTestName_324" name="Run 0" assertions="3 total, 0 failed, 3 succeeded"><skipped type="Skipped" message="This test was disabled."/></testcase><testcase time="0" classname="p2.S13.SomeLongLongLongLongLongTestName_325" name="Run 0" assertions="3 total, 0 failed, 3 succeeded"><skipped type="Skipped" message="This test was disabled."/></testcase><testcase time="0" classname="p2.S13.SomeLongLongLongLongLongTestName_326" name="Run 0" assertions="3 total, 0 failed, 3 succeeded"><skipped type="Skipped" message="This test was disabled."/></testcase><testcase time="0" classname="p2.S13.SomeLongLongLongLongLongTestName_327" name="Run 0" assertions="3 total, 0 failed, 3 succeeded"><skipped type="Skipped" message="This test was disabled."/></testcase><testcase time="0" classname="p2.S13.SomeLongLongLongLongLongTestName_328" name="Run 0" assertions="3 total, 0 failed, 3 succeeded"><skipped type="Skipped" message="This test was disabled."/></testcase><testcase time="0" classname="p2.S13.SomeLongLongLongLongLongTestName_329" name="Run 0" assertions="3 total, 0 failed, 3 succeeded"><skipped type="Skipped" message="This test was disabled."/></testcase><testcase time="0" classname="p2.S13.SomeLongLongLongLongLongTestName_330" name="Run 0" assertions="3 total, 0 failed, 3 succeeded"><skipped type="Skipped" message="This test was disabled."/></testcase><testcase time="0" classname="p2.S13.SomeLongLongLongLongLongTestName_331" name="Run 0" assertions="3 total, 0 failed, 3 succeeded"><skipped type="Skipped" message="This test was disabled."/></testcase><testcase time="0" classname="p2.S13.SomeLongLongLongLongLongTestName_332" name="Run 0" assertions="3 total, 0 failed, 3 succeeded"><skipped type="Skipped" message="This test was disabled."/></testcase><testcase time="0" classname="p2.S13.SomeLongLongLongLongLongTestName_333" name="Run 0" assertions="3 total, 0 failed, 3 succeeded"><skipped type="Skipped" message="This test was disabled."/></testcase><testcase time="0" classname="p2.S13.SomeLongLongLongLongLongTestName_334" name="Run 0" assertions="3 total, 0 failed, 3 succeeded"><skipped type="Skipped" message="This test was disabled."/></testcase><testcase time="0" classname="p2.S13.SomeLongLongLongLongLongTestName_335" name="Run 0" assertions="3 total, 0 failed, 3 succeeded"><skipped type="Skipped" message="This test was disabled."/></testcase><testcase time="0" classname="p2.S13.SomeLongLongLongLongLongTestName_336" name="Run 0" assertions="3 total, 0 failed, 3 succeeded"><skipped type="Skipped" message="This test was disabled."/></testcase><testcase time="0" classname="p2.S13.SomeLongLongLongLongLongTestName_337" name="Run 0" assertions="3 total, 0 failed, 3 succeeded"><skipped type="Skipped" message="This test was disabled."/></testcase><testcase time="0" classname="p2.S13.SomeLongLongLongLongLongTestName_338" name="Run 0" assertions="3 total, 0 failed, 3 succeeded"><skipped type="Skipped" message="This test was disabled."/></testcase><testcase time="0" classname="p2.S13.SomeLongLongLongLongLongTestName_339" name="Run 0" assertions="3 total, 0 failed, 3 succeeded"><skipped type="Skipped" message="This test was disabled."/></testcase><testcase time="0" classname="p2.S13.SomeLongLongLongLongLongTestName_340" name="Run 0" assertions="3 total, 0 failed, 3 succeeded"><skipped type="Skipped" message="This test was disabled."/></testcase><testcase time="0" classname="p2.S13.SomeLongLongLongLongLongTestName_341" name="Run 0" assertions="3 total, 0 failed, 3 succeeded"><skipped type="Skipped" message="This test was disabled."/></testcase><testcase time="0" classname="p2.S13.SomeLongLongLongLongLongTestName_342" name="Run 0" assertions="3 total, 0 failed, 3 succeeded"><skipped type="Skipped" message="This test was disabled."/></testcase><testcase time="0" classname="p2.S13.SomeLongLongLongLongLongTestName_343" name="Run 0" assertions="3 total, 0 failed, 3 succeeded"><skipped type="Skipped" message="This test was disabled."/></testcase><testcase time="0" classname="p2.S13.SomeLongLongLongLongLongTestName_344" name="Run 0" assertions="3 total, 0 failed, 3 succeeded"><skipped type="Skipped" message="This test was disabled."/></testcase><testcase time="0" classname="p2.S13.SomeLongLongLongLongLongTestName_345" name="Run 0" assertions="3 total, 0 failed, 3 succeeded"><skipped type="Skipped" message="This test was disabled."/></testcase><testcase time="0" classname="p2.S13.SomeLongLongLongLongLongTestName_346" name="Run 0" assertions="3 total, 0 failed, 3 succeeded"><skipped type="Skipped" message="This test was disabled."/></testcase><testcase time="0" classname="p2.S13.SomeLongLongLongLongLongTestName_347" name="Run 0" assertions="3 total, 0 failed, 3 succeeded"><skipped type="Skipped" message="This test was disabled."/></testcase><testcase time="0" classname="p2.S13.SomeLongLongLongLongLongTestName_348" name="Run 0" assertions="3 total, 0 failed, 3 succeeded"><skipped type="Skipped" message="This test was disabled."/></testcase><testcase time="0" classname="p2.S13.SomeLongLongLongLongLongTestName_349" name="Run 0" assertions="3 total, 0 failed, 3 succeeded"><skipped type="Skipped" message="This test was disabled."/></testcase><testcase time="0" classname="p2.S13.SomeLongLongLongLongLongTestName_350" name="Run 0" assertions="3 total, 0 failed, 3 succeeded"><skipped type="Skipped" message="This test was disabled."/></testcase><testcase time="0" classname="p2.S13.SomeLongLongLongLongLongTestName_351" name="Run 0" assertions="3 total, 0 failed, 3 succeeded"><skipped type="Skipped" message="This test was disabled."/></testcase><testcase time="0" classname="p2.S13.SomeLongLongLongLongLongTestName_352" name="Run 0" assertions="3 total, 0 failed, 3 succeeded"><skipped type="Skipped" message="This test was disabled."/></testcase><testcase time="0" classname="p2.S13.SomeLongLongLongLongLongTestName_353" name="Run 0" assertions="3 total, 0 failed, 3 succeeded"><skipped type="Skipped" message="This test was disabled."/></testcase><testcase time="0" classname="p2.S13.SomeLongLongLongLongLongTestName_354" name="Run 0" assertions="3 total, 0 failed, 3 succeeded"><skipped type="Skipped" message="This test was disabled."/></testcase><testcase time="0" classname="p2.S13.SomeLongLongLongLongLongTestName_355" name="Run 0" assertions="3 total, 0 failed, 3 succeeded"><skipped type="Skipped" message="This test was disabled."/></testcase><testcase time="0" classname="p2.S13.SomeLongLongLongLongLongTestName_356" name="Run 0" assertions="3 total, 0 failed, 3 succeeded"><skipped type="Skipped" message="This test was disabled."/></testcase><testcase time="0" classname="p2.S13.SomeLongLongLongLongLongTestName_357" name="Run 0" assertions="3 total, 0 failed, 3 succeeded"><skipped type="Skipped" message="This test was disabled."/></testcase><testcase time="0" classname="p2.S13.SomeLongLongLongLongLongTestName_358" name="Run 0" assertions="3 total, 0 failed, 3 succeeded"><skipped type="Skipped" message="This test was disabled."/></testcase><testcase time="0" classname="p2.S13.SomeLongLongLongLongLongTestName_359" name="Run 0" assertions="3 total, 0 failed, 3 succeeded"><skipped type="Skipped" message="This test was disabled."/></testcase><testcase time="0" classname="p2.S13.SomeLongLongLongLongLongTestName_360" name="Run 0" assertions="3 total, 0 failed, 3 succeeded"><skipped type="Skipped" message="This test was disabled."/></testcase><testcase time="0" classname="p2.S13.SomeLongLongLongLongLongTestName_361" name="Run 0" assertions="3 total, 0 failed, 3 succeeded"><skipped type="Skipped" message="This test was disabled."/></testcase><testcase time="0" classname="p2.S13.SomeLongLongLongLongLongTestName_362" name="Run 0" assertions="3 total, 0 failed, 3 succeeded"><skipped type="Skipped" message="This test was disabled."/></testcase><testcase time="0" classname="p2.S13.SomeLongLongLongLongLongTestName_363" name="Run 0" assertions="3 total, 0 failed, 3 succeeded"><skipped type="Skipped" message="This test was disabled."/></testcase><testcase time="0" classname="p2.S13.SomeLongLongLongLongLongTestName_364" name="Run 0" assertions="3 total, 0 failed, 3 succeeded"><skipped type="Skipped" message="This test was disabled."/></testcase><testcase time="0" classname="p2.S13.SomeLongLongLongLongLongTestName_365" name="Run 0" assertions="3 total, 0 failed, 3 succeeded"><skipped type="Skipped" message="This test was disabled."/></testcase><testcase time="0" classname="p2.S13.SomeLongLongLongLongLongTestName_366" name="Run 0" assertions="3 total, 0 failed, 3 succeeded"><skipped type="Skipped" message="This test was disabled."/></testcase><testcase time="0" classname="p2.S13.SomeLongLongLongLongLongTestName_367" name="Run 0" assertions="3 total, 0 failed, 3 succeeded"><skipped type="Skipped" message="This test was disabled."/></testcase><testcase time="0" classname="p2.S13.SomeLongLongLongLongLongTestName_368" name="Run 0" assertions="3 total, 0 failed, 3 succeeded"><skipped type="Skipped" message="This test was disabled."/></testcase><testcase time="0" classname="p2.S13.SomeLongLongLongLongLongTestName_369" name="Run 0" assertions="3 total, 0 failed, 3 succeeded"><skipped type="Skipped" message="This test was disabled."/></testcase><testcase time="0" classname="p2.S13.SomeLongLongLongLongLongTestName_370" name="Run 0" assertions="3 total, 0 failed, 3 succeeded"><skipped type="Skipped" message="This test was disabled."/></testcase><testcase time="0" classname="p2.S13.SomeLongLongLongLongLongTestName_371" name="Run 0" assertions="3 total, 0 failed, 3 succeeded"><skipped type="Skipped" message="This test was disabled."/></testcase><testcase time="0" classname="p2.S13.SomeLongLongLongLongLongTestName_372" name="Run 0" assertions="3 total, 0 failed, 3 succeeded"><skipped type="Skipped" message="This test was disabled."/></testcase><testcase time="0" classname="p2.S13.SomeLongLongLongLongLongTestName_373" name="Run 0" assertions="3 total, 0 failed, 3 succeeded"><skipped type="Skipped" message="This test was disabled."/></testcase><testcase time="0" classname="p2.S13.SomeLongLongLongLongLongTestName_374" name="Run 0" assertions="3 total, 0 failed, 3 succeeded"><skipped type="Skipped" message="This test was disabled."/></testcase><testcase time="0" classname="p2.S13.SomeLongLongLongLongLongTestName_375" name="Run 0" assertions="3 total, 0 failed, 3 succeeded"><skipped type="Skipped" message="This test was disabled."/></testcase><testcase time="0" classname="p2.S13.SomeLongLongLongLongLongTestName_376" name="Run 0" assertions="3 total, 0 failed, 3 succeeded"><skipped type="Skipped" message="This test was disabled."/></testcase><testcase time="0" classname="p2.S13.SomeLongLongLongLongLongTestName_377" name="Run 0" assertions="3 total, 0 failed, 3 succeeded"><skipped type="Skipped" message="This test was disabled."/></testcase><testcase time="0" classname="p2.S13.SomeLongLongLongLongLongTestName_378" name="Run 0" assertions="3 total, 0 failed, 3 succeeded"><skipped type="Skipped" message="This test was disabled."/></testcase><testcase time="0" classname="p2.S13.SomeLongLongLongLongLongTestName_379" name="Run 0" assertions="3 total, 0 failed, 3 succeeded"><skipped type="Skipped" message="This test was disabled."/></testcase><testcase time="0" classname="p2.S13.SomeLongLongLongLongLongTestName_380" name="Run 0" assertions="3 total, 0 failed, 3 succeeded"><skipped type="Skipped" message="This test was disabled."/></testcase><testcase time="0" classname="p2.S13.SomeLongLongLongLongLongTestName_381" name="Run 0" assertions="3 total, 0 failed, 3 succeeded"><skipped type="Skipped" message="This test was disabled."/></testcase><testcase time="0" classname="p2.S13.SomeLongLongLongLongLongTestName_382" name="Run 0" assertions="3 total, 0 failed, 3 succeeded"><skipped type="Skipped" message="This test was disabled."/></testcase><testcase time="0" classname="p2.S13.SomeLongLongLongLongLongTestName_383" name="Run 0" assertions="3 total, 0 failed, 3 succeeded"><skipped type="Skipped" message="This test was disabled."/></testcase><testcase time="0" classname="p2.S13.SomeLongLongLongLongLongTestName_384" name="Run 0" assertions="3 total, 0 failed, 3 succeeded"><skipped type="Skipped" message="This test was disabled."/></testcase><testcase time="0" classname="p2.S13.SomeLongLongLongLongLongTestName_385" name="Run 0" assertions="3 total, 0 failed, 3 succeeded"><skipped type="Skipped" message="This test was disabled."/></testcase><testcase time="0" classname="p2.S13.SomeLongLongLongLongLongTestName_386" name="Run 0" assertions="3 total, 0 failed, 3 succeeded"><skipped type="Skipped" message="This test was disabled."/></testcase><testcase time="0" classname="p2.S13.SomeLongLongLongLongLongTestName_387" name="Run 0" assertions="3 total, 0 failed, 3 succeeded"><skipped type="Skipped" message="This test was disabled."/></testcase><testcase time="0" classname="p2.S13.SomeLongLongLongLongLongTestName_388" name="Run 0" assertions="3 total, 0 failed, 3 succeeded"><skipped type="Skipped" message="This test was disabled."/></testcase><testcase time="0" classname="p2.S13.SomeLongLongLongLongLongTestName_389" name="Run 0" assertions="3 total, 0 failed, 3 succeeded"><skipped type="Skipped" message="This test was disabled."/></testcase><testcase time="0" classname="p2.S13.SomeLongLongLongLongLongTestName_390" name="Run 0" assertions="3 total, 0 failed, 3 succeeded"><skipped type="Skipped" message="This test was disabled."/></testcase><testcase time="0" classname="p2.S13.SomeLongLongLongLongLongTestName_391" name="Run 0" assertions="3 total, 0 failed, 3 succeeded"><skipped type="Skipped" message="This test was disabled."/></testcase><testcase time="0" classname="p2.S13.SomeLongLongLongLongLongTestName_392" name="Run 0" assertions="3 total, 0 failed, 3 succeeded"><skipped type="Skipped" message="This test was disabled."/></testcase><testcase time="0" classname="p2.S13.SomeLongLongLongLongLongTestName_393" name="Run 0" assertions="3 total, 0 failed, 3 succeeded"><skipped type="Skipped" message="This test was disabled."/></testcase><testcase time="0" classname="p2.S13.SomeLongLongLongLongLongTestName_394" name="Run 0" assertions="3 total, 0 failed, 3 succeeded"><skipped type="Skipped" message="This test was disabled."/></testcase><testcase time="0" classname="p2.S13.SomeLongLongLongLongLongTestName_395" name="Run 0" assertions="3 total, 0 failed, 3 succeeded"><skipped type="Skipped" message="This test was disabled."/></testcase><testcase time="0" classname="p2.S13.SomeLongLongLongLongLongTestName_396" name="Run 0" assertions="3 total, 0 failed, 3 succeeded"><skipped type="Skipped" message="This test was disabled."/></testcase><testcase time="0" classname="p2.S13.SomeLongLongLongLongLongTestName_397" name="Run 0" assertions="3 total, 0 failed, 3 succeeded"><skipped type="Skipped" message="This test was disabled."/></testcase><testcase time="0" classname="p2.S13.SomeLongLongLongLongLongTestName_398" name="Run 0" assertions="3 total, 0 failed, 3 succeeded"><skipped type="Skipped" message="This test was disabled."/></testcase><testcase time="0" classname="p2.S13.SomeLongLongLongLongLongTestName_399" name="Run 0" assertions="3 total, 0 failed, 3 succeeded"><skipped type="Skipped" message="This test was disabled."/></testcase><testcase time="0" classname="p2.S13.SomeLongLongLongLongLongTestName_400" name="Run 0" assertions="3 total, 0 failed, 3 succeeded"><skipped type="Skipped" message="This test was disabled."/></testcase><testcase time="0" classname="p2.S13.SomeLongLongLongLongLongTestName_401" name="Run 0" assertions="3 total, 0 failed, 3 succeeded"><skipped type="Skipped" message="This test was disabled."/></testcase><testcase time="0" classname="p2.S13.SomeLongLongLongLongLongTestName_402" name="Run 0" assertions="3 total, 0 failed, 3 succeeded"><skipped type="Skipped" message="This test was disabled."/></testcase><testcase time="0" classname="p2.S13.SomeLongLongLongLongLongTestName_403" name="Run 0" assertions="3 total, 0 failed, 3 succeeded"><skipped type="Skipped" message="This test was disabled."/></testcase><testcase time="0" classname="p2.S13.SomeLongLongLongLongLongTestName_404" name="Run 0" assertions="3 total, 0 failed, 3 succeeded"><skipped type="Skipped" message="This test was disabled."/></testcase><testcase time="0" classname="p2.S13.SomeLongLongLongLongLongTestName_405" name="Run 0" assertions="3 total, 0 failed, 3 succeeded"><skipped type="Skipped" message="This test was disabled."/></testcase><testcase time="0" classname="p2.S13.SomeLongLongLongLongLongTestName_406" name="Run 0" assertions="3 total, 0 failed, 3 succeeded"><skipped type="Skipped" message="This test was disabled."/></testcase><testcase time="0" classname="p2.S13.SomeLongLongLongLongLongTestName_407" name="Run 0" assertions="3 total, 0 failed, 3 succeeded"><skipped type="Skipped" message="This test was disabled."/></testcase><testcase time="0" classname="p2.S13.SomeLongLongLongLongLongTestName_408" name="Run 0" assertions="3 total, 0 failed, 3 succeeded"><skipped type="Skipped" message="This test was disabled."/></testcase><testcase time="0" classname="p2.S13.SomeLongLongLongLongLongTestName_409" name="Run 0" assertions="3 total, 0 failed, 3 succeeded"><skipped type="Skipped" message="This test was disabled."/></testcase><testcase time="0" classname="p2.S13.SomeLongLongLongLongLongTestName_410" name="Run 0" assertions="3 total, 0 failed, 3 succeeded"><skipped type="Skipped" message="This test was disabled."/></testcase><testcase time="0" classname="p2.S13.SomeLongLongLongLongLongTestName_411" name="Run 0" assertions="3 total, 0 failed, 3 succeeded"><skipped type="Skipped" message="This test was disabled."/></testcase><testcase time="0" classname="p2.S13.SomeLongLongLongLongLongTestName_412" name="Run 0" assertions="3 total, 0 failed, 3 succeeded"><skipped type="Skipped" message="This test was disabled."/></testcase><testcase time="0" classname="p2.S13.SomeLongLongLongLongLongTestName_413" name="Run 0" assertions="3 total, 0 failed, 3 succeeded"><skipped type="Skipped" message="This test was disabled."/></testcase><testcase time="0" classname="p2.S13.SomeLongLongLongLongLongTestName_414" name="Run 0" assertions="3 total, 0 failed, 3 succeeded"><skipped type="Skipped" message="This test was disabled."/></testcase><testcase time="0" classname="p2.S13.SomeLongLongLongLongLongTestName_415" name="Run 0" assertions="3 total, 0 failed, 3 succeeded"><skipped type="Skipped" message="This test was disabled."/></testcase><testcase time="0" classname="p2.S13.SomeLongLongLongLongLongTestName_416" name="Run 0" assertions="3 total, 0 failed, 3 succeeded"><skipped type="Skipped" message="This test was disabled."/></testcase><testcase time="0" classname="p2.S13.SomeLongLongLongLongLongTestName_417" name="Run 0" assertions="3 total, 0 failed, 3 succeeded"><skipped type="Skipped" message="This test was disabled."/></testcase><testcase time="0" classname="p2.S13.SomeLongLongLongLongLongTestName_418" name="Run 0" assertions="3 total, 0 failed, 3 succeeded"><skipped type="Skipped" message="This test was disabled."/></testcase><testcase time="0" classname="p2.S13.SomeLongLongLongLongLongTestName_419" name="Run 0" assertions="3 total, 0 failed, 3 succeeded"><skipped type="Skipped" message="This test was disabled."/></testcase><testcase time="0" classname="p2.S13.SomeLongLongLongLongLongTestName_420" name="Run 0" assertions="3 total, 0 failed, 3 succeeded"><skipped type="Skipped" message="This test was disabled."/></testcase><testcase time="-7656.860303533358" classname="p2.S15.SomeLongLongLongLongLongTestName_0" name="Run 0" assertions="3 total, 0 failed, 3 succeeded">
                          <properties>
                          <property name="prop1" value="value1" />
                          <property name="multiline">
                              Config line 1
                              Config line 2
                              Config line 3
                          </property>
                        </properties>
                        <failure message="failure message 0" type="Failure"/><system-out>This is stdout
[[ATTACHMENT|attachment.txt]]
</system-out><system-err>This is stderr
[[ATTACHMENT|attachment.txt]]
</system-err></testcase><testcase time="-3617.094035495322" classname="p2.S15.SomeLongLongLongLongLongTestName_1" name="Run 0" assertions="3 total, 0 failed, 3 succeeded"/><testcase time="-5951.329663563503" classname="p2.S15.SomeLongLongLongLongLongTestName_2" name="Run 0" assertions="3 total, 0 failed, 3 succeeded"/><testcase time="-3182.9005905797826" classname="p2.S15.SomeLongLongLongLongLongTestName_3" name="Run 0" assertions="3 total, 0 failed, 3 succeeded"/><testcase time="-9491.394985636825" classname="p2.S15.SomeLongLongLongLongLongTestName_4" name="Run 0" assertions="3 total, 0 failed, 3 succeeded"/><testcase time="-5330.608405286466" classname="p2.S15.SomeLongLongLongLongLongTestName_5" name="Run 0" assertions="3 total, 0 failed, 3 succeeded"/><testcase time="-4611.264603241579" classname="p2.S15.SomeLongLongLongLongLongTestName_6" name="Run 0" assertions="3 total, 0 failed, 3 succeeded"/><testcase time="-438.4393956973192" classname="p2.S15.SomeLongLongLongLongLongTestName_7" name="Run 0" assertions="3 total, 0 failed, 3 succeeded"/><testcase time="-2092.3335926260456" classname="p2.S15.SomeLongLongLongLongLongTestName_8" name="Run 0" assertions="3 total, 0 failed, 3 succeeded"/><testcase time="-3052.5203314666173" classname="p2.S15.SomeLongLongLongLongLongTestName_9" name="Run 0" assertions="3 total, 0 failed, 3 succeeded"/><testcase time="-7498.580921742375" classname="p2.S15.SomeLongLongLongLongLongTestName_10" name="Run 0" assertions="3 total, 0 failed, 3 succeeded"/><testcase time="-7100.7526878877115" classname="p2.S15.SomeLongLongLongLongLongTestName_11" name="Run 0" assertions="3 total, 0 failed, 3 succeeded"/><testcase time="-7743.822970815687" classname="p2.S15.SomeLongLongLongLongLongTestName_12" name="Run 0" assertions="3 total, 0 failed, 3 succeeded"/><testcase time="-5762.308050169104" classname="p2.S15.SomeLongLongLongLongLongTestName_13" name="Run 0" assertions="3 total, 0 failed, 3 succeeded"/><testcase time="-198.83260129026652" classname="p2.S15.SomeLongLongLongLongLongTestName_14" name="Run 0" assertions="3 total, 0 failed, 3 succeeded"/><testcase time="-3307.2726975398064" classname="p2.S15.SomeLongLongLongLongLongTestName_15" name="Run 0" assertions="3 total, 0 failed, 3 succeeded"/><testcase time="-3512.7930582850186" classname="p2.S15.SomeLongLongLongLongLongTestName_16" name="Run 0" assertions="3 total, 0 failed, 3 succeeded"/><testcase time="-6355.176322835874" classname="p2.S15.SomeLongLongLongLongLongTestName_17" name="Run 0" assertions="3 total, 0 failed, 3 succeeded"/><testcase time="-3716.9404496371153" classname="p2.S15.SomeLongLongLongLongLongTestName_18" name="Run 0" assertions="3 total, 0 failed, 3 succeeded"/><testcase time="-3766.6978922536555" classname="p2.S15.SomeLongLongLongLongLongTestName_19" name="Run 0" assertions="3 total, 0 failed, 3 succeeded"/><testcase time="-8679.205370382595" classname="p2.S15.SomeLongLongLongLongLongTestName_20" name="Run 0" assertions="3 total, 0 failed, 3 succeeded"/><testcase time="-9544.113091883632" classname="p2.S15.SomeLongLongLongLongLongTestName_21" name="Run 0" assertions="3 total, 0 failed, 3 succeeded"/><testcase time="-4231.305318720433" classname="p2.S15.SomeLongLongLongLongLongTestName_22" name="Run 0" assertions="3 total, 0 failed, 3 succeeded"/><testcase time="-6838.868305382473" classname="p2.S15.SomeLongLongLongLongLongTestName_23" name="Run 0" assertions="3 total, 0 failed, 3 succeeded"/><testcase time="-1.153442010871096" classname="p2.S15.SomeLongLongLongLongLongTestName_24" name="Run 0" assertions="3 total, 0 failed, 3 succeeded"/><testcase time="-5289.227811744325" classname="p2.S15.SomeLongLongLongLongLongTestName_25" name="Run 0" assertions="3 total, 0 failed, 3 succeeded"/><testcase time="-3822.76340125918" classname="p2.S15.SomeLongLongLongLongLongTestName_26" name="Run 0" assertions="3 total, 0 failed, 3 succeeded"/><testcase time="-9278.043816842928" classname="p2.S15.SomeLongLongLongLongLongTestName_27" name="Run 0" assertions="3 total, 0 failed, 3 succeeded"/><testcase time="-5678.373385736871" classname="p2.S15.SomeLongLongLongLongLongTestName_28" name="Run 0" assertions="3 total, 0 failed, 3 succeeded"/><testcase time="-9206.583746292861" classname="p2.S15.SomeLongLongLongLongLongTestName_29" name="Run 0" assertions="3 total, 0 failed, 3 succeeded"/><testcase time="-7200.976555961476" classname="p2.S15.SomeLongLongLongLongLongTestName_30" name="Run 0" assertions="3 total, 0 failed, 3 succeeded"/><testcase time="-4519.765887221448" classname="p2.S15.SomeLongLongLongLongLongTestName_31" name="Run 0" assertions="3 total, 0 failed, 3 succeeded"/><testcase time="-4521.272029051644" classname="p2.S15.SomeLongLongLongLongLongTestName_32" name="Run 0" assertions="3 total, 0 failed, 3 succeeded"/><testcase time="-4579.053985854727" classname="p2.S15.SomeLongLongLongLongLongTestName_33" name="Run 0" assertions="3 total, 0 failed, 3 succeeded"/><testcase time="-4090.188309995443" classname="p2.S15.SomeLongLongLongLongLongTestName_34" name="Run 0" assertions="3 total, 0 failed, 3 succeeded"/><testcase time="-2029.318472333089" classname="p2.S15.SomeLongLongLongLongLongTestName_35" name="Run 0" assertions="3 total, 0 failed, 3 succeeded"/><testcase time="-284.6532212041908" classname="p2.S15.SomeLongLongLongLongLongTestName_36" name="Run 0" assertions="3 total, 0 failed, 3 succeeded"/><testcase time="-5244.7845397325245" classname="p2.S15.SomeLongLongLongLongLongTestName_37" name="Run 0" assertions="3 total, 0 failed, 3 succeeded"/><testcase time="-8674.277373890232" classname="p2.S15.SomeLongLongLongLongLongTestName_38" name="Run 0" assertions="3 total, 0 failed, 3 succeeded"/><testcase time="-8623.239283779507" classname="p2.S15.SomeLongLongLongLongLongTestName_39" name="Run 0" assertions="3 total, 0 failed, 3 succeeded"/><testcase time="-6699.793264565296" classname="p2.S15.SomeLongLongLongLongLongTestName_40" name="Run 0" assertions="3 total, 0 failed, 3 succeeded"/><testcase time="-5658.265249522046" classname="p2.S15.SomeLongLongLongLongLongTestName_41" name="Run 0" assertions="3 total, 0 failed, 3 succeeded"/><testcase time="-1775.7084626702385" classname="p2.S15.SomeLongLongLongLongLongTestName_42" name="Run 0" assertions="3 total, 0 failed, 3 succeeded"/><testcase time="-5188.047969716134" classname="p2.S15.SomeLongLongLongLongLongTestName_43" name="Run 0" assertions="3 total, 0 failed, 3 succeeded"/><testcase time="-9109.791242809739" classname="p2.S15.SomeLongLongLongLongLongTestName_44" name="Run 0" assertions="3 total, 0 failed, 3 succeeded"/><testcase time="-7233.542820354773" classname="p2.S15.SomeLongLongLongLongLongTestName_45" name="Run 0" assertions="3 total, 0 failed, 3 succeeded"/><testcase time="-1442.6792953517538" classname="p2.S15.SomeLongLongLongLongLongTestName_46" name="Run 0" assertions="3 total, 0 failed, 3 succeeded"/><testcase time="-7346.720479757309" classname="p2.S15.SomeLongLongLongLongLongTestName_47" name="Run 0" assertions="3 total, 0 failed, 3 succeeded"/><testcase time="-7650.075126872234" classname="p2.S15.SomeLongLongLongLongLongTestName_48" name="Run 0" assertions="3 total, 0 failed, 3 succeeded"/><testcase time="-2689.9943157983384" classname="p2.S15.SomeLongLongLongLongLongTestName_49" name="Run 0" assertions="3 total, 0 failed, 3 succeeded"/><testcase time="-5143.47288618423" classname="p2.S15.SomeLongLongLongLongLongTestName_50" name="Run 0" assertions="3 total, 0 failed, 3 succeeded"/><testcase time="-7466.390235479066" classname="p2.S15.SomeLongLongLongLongLongTestName_51" name="Run 0" assertions="3 total, 0 failed, 3 succeeded"/><testcase time="-280.6037305244029" classname="p2.S15.SomeLongLongLongLongLongTestName_52" name="Run 0" assertions="3 total, 0 failed, 3 succeeded"/><testcase time="-8524.097415242408" classname="p2.S15.SomeLongLongLongLongLongTestName_53" name="Run 0" assertions="3 total, 0 failed, 3 succeeded"/><testcase time="-9431.661507034934" classname="p2.S15.SomeLongLongLongLongLongTestName_54" name="Run 0" assertions="3 total, 0 failed, 3 succeeded"/><testcase time="-4182.53562356956" classname="p2.S15.SomeLongLongLongLongLongTestName_55" name="Run 0" assertions="3 total, 0 failed, 3 succeeded"/><testcase time="-890.7509929416051" classname="p2.S15.SomeLongLongLongLongLongTestName_56" name="Run 0" assertions="3 total, 0 failed, 3 succeeded"/><testcase time="-1363.4723443436665" classname="p2.S15.SomeLongLongLongLongLongTestName_57" name="Run 0" assertions="3 total, 0 failed, 3 succeeded"/><testcase time="-383.84776514358657" classname="p2.S15.SomeLongLongLongLongLongTestName_58" name="Run 0" assertions="3 total, 0 failed, 3 succeeded"/><testcase time="-3393.850665966558" classname="p2.S15.SomeLongLongLongLongLongTestName_59" name="Run 0" assertions="3 total, 0 failed, 3 succeeded"/><testcase time="-9216.578697210769" classname="p2.S15.SomeLongLongLongLongLongTestName_60" name="Run 0" assertions="3 total, 0 failed, 3 succeeded"/><testcase time="-3264.444138776479" classname="p2.S15.SomeLongLongLongLongLongTestName_61" name="Run 0" assertions="3 total, 0 failed, 3 succeeded"/><testcase time="-5527.174486231372" classname="p2.S15.SomeLongLongLongLongLongTestName_62" name="Run 0" assertions="3 total, 0 failed, 3 succeeded"/><testcase time="-4115.367334881828" classname="p2.S15.SomeLongLongLongLongLongTestName_63" name="Run 0" assertions="3 total, 0 failed, 3 succeeded"/><testcase time="-1173.8966753315658" classname="p2.S15.SomeLongLongLongLongLongTestName_64" name="Run 0" assertions="3 total, 0 failed, 3 succeeded"/><testcase time="-775.5148190447333" classname="p2.S15.SomeLongLongLongLongLongTestName_65" name="Run 0" assertions="3 total, 0 failed, 3 succeeded"/><testcase time="-3674.040494433169" classname="p2.S15.SomeLongLongLongLongLongTestName_66" name="Run 0" assertions="3 total, 0 failed, 3 succeeded"/><testcase time="-1836.7543741775041" classname="p2.S15.SomeLongLongLongLongLongTestName_67" name="Run 0" assertions="3 total, 0 failed, 3 succeeded"/><testcase time="-6836.790349787685" classname="p2.S15.SomeLongLongLongLongLongTestName_68" name="Run 0" assertions="3 total, 0 failed, 3 succeeded"/><testcase time="-4134.6288998053615" classname="p2.S15.SomeLongLongLongLongLongTestName_69" name="Run 0" assertions="3 total, 0 failed, 3 succeeded"/><testcase time="-9904.02520770323" classname="p2.S15.SomeLongLongLongLongLongTestName_70" name="Run 0" assertions="3 total, 0 failed, 3 succeeded"/><testcase time="-2883.2818858710366" classname="p2.S15.SomeLongLongLongLongLongTestName_71" name="Run 0" assertions="3 total, 0 failed, 3 succeeded"/><testcase time="-8944.840520841148" classname="p2.S15.SomeLongLongLongLongLongTestName_72" name="Run 0" assertions="3 total, 0 failed, 3 succeeded"/><testcase time="-4375.491458818133" classname="p2.S15.SomeLongLongLongLongLongTestName_73" name="Run 0" assertions="3 total, 0 failed, 3 succeeded"/><testcase time="-7368.117635384362" classname="p2.S15.SomeLongLongLongLongLongTestName_74" name="Run 0" assertions="3 total, 0 failed, 3 succeeded"/><testcase time="-523.7490615859444" classname="p2.S15.SomeLongLongLongLongLongTestName_75" name="Run 0" assertions="3 total, 0 failed, 3 succeeded"/><testcase time="-2766.5504376808312" classname="p2.S15.SomeLongLongLongLongLongTestName_76" name="Run 0" assertions="3 total, 0 failed, 3 succeeded"/><testcase time="-5118.955314004583" classname="p2.S15.SomeLongLongLongLongLongTestName_77" name="Run 0" assertions="3 total, 0 failed, 3 succeeded"/><testcase time="-5778.0598157286395" classname="p2.S15.SomeLongLongLongLongLongTestName_78" name="Run 0" assertions="3 total, 0 failed, 3 succeeded"/><testcase time="-4223.212921319492" classname="p2.S15.SomeLongLongLongLongLongTestName_79" name="Run 0" assertions="3 total, 0 failed, 3 succeeded"/><testcase time="-8857.819487826699" classname="p2.S15.SomeLongLongLongLongLongTestName_80" name="Run 0" assertions="3 total, 0 failed, 3 succeeded"/><testcase time="-1691.3427065628237" classname="p2.S15.SomeLongLongLongLongLongTestName_81" name="Run 0" assertions="3 total, 0 failed, 3 succeeded"/><testcase time="-9931.082845326016" classname="p2.S15.SomeLongLongLongLongLongTestName_82" name="Run 0" assertions="3 total, 0 failed, 3 succeeded"/><testcase time="-5406.372814375761" classname="p2.S15.SomeLongLongLongLongLongTestName_83" name="Run 0" assertions="3 total, 0 failed, 3 succeeded"/><testcase time="-6263.177783245471" classname="p2.S15.SomeLongLongLongLongLongTestName_84" name="Run 0" assertions="3 total, 0 failed, 3 succeeded"/><testcase time="-7098.175935442046" classname="p2.S15.SomeLongLongLongLongLongTestName_85" name="Run 0" assertions="3 total, 0 failed, 3 succeeded"/><testcase time="-7081.001515547099" classname="p2.S15.SomeLongLongLongLongLongTestName_86" name="Run 0" assertions="3 total, 0 failed, 3 succeeded"/><testcase time="-4718.706602094393" classname="p2.S15.SomeLongLongLongLongLongTestName_87" name="Run 0" assertions="3 total, 0 failed, 3 succeeded"/><testcase time="-8688.946200847438" classname="p2.S15.SomeLongLongLongLongLongTestName_88" name="Run 0" assertions="3 total, 0 failed, 3 succeeded"/><testcase time="-5775.717471096352" classname="p2.S15.SomeLongLongLongLongLongTestName_89" name="Run 0" assertions="3 total, 0 failed, 3 succeeded"/><testcase time="-4623.942721479366" classname="p2.S15.SomeLongLongLongLongLongTestName_90" name="Run 0" assertions="3 total, 0 failed, 3 succeeded"/><testcase time="-1097.9537452710279" classname="p2.S15.SomeLongLongLongLongLongTestName_91" name="Run 0" assertions="3 total, 0 failed, 3 succeeded"/><testcase time="-2426.9409993215704" classname="p2.S15.SomeLongLongLongLongLongTestName_92" name="Run 0" assertions="3 total, 0 failed, 3 succeeded"/><testcase time="-7489.154914108553" classname="p2.S15.SomeLongLongLongLongLongTestName_93" name="Run 0" assertions="3 total, 0 failed, 3 succeeded"/><testcase time="-7374.366968362166" classname="p2.S15.SomeLongLongLongLongLongTestName_94" name="Run 0" assertions="3 total, 0 failed, 3 succeeded"/><testcase time="-8761.460100432705" classname="p2.S15.SomeLongLongLongLongLongTestName_95" name="Run 0" assertions="3 total, 0 failed, 3 succeeded"/><testcase time="-3648.6799739177973" classname="p2.S15.SomeLongLongLongLongLongTestName_96" name="Run 0" assertions="3 total, 0 failed, 3 succeeded"/><testcase time="-9756.60780069976" classname="p2.S15.SomeLongLongLongLongLongTestName_97" name="Run 0" assertions="3 total, 0 failed, 3 succeeded"/><testcase time="-6839.178116632792" classname="p2.S15.SomeLongLongLongLongLongTestName_98" name="Run 0" assertions="3 total, 0 failed, 3 succeeded"/><testcase time="-5158.025937661835" classname="p2.S15.SomeLongLongLongLongLongTestName_99" name="Run 0" assertions="3 total, 0 failed, 3 succeeded"/><testcase time="-7286.936396409783" classname="p2.S15.SomeLongLongLongLongLongTestName_100" name="Run 0" assertions="3 total, 0 failed, 3 succeeded"/><testcase time="-798.4256519623711" classname="p2.S15.SomeLongLongLongLongLongTestName_101" name="Run 0" assertions="3 total, 0 failed, 3 succeeded"/><testcase time="-6685.936525169373" classname="p2.S15.SomeLongLongLongLongLongTestName_102" name="Run 0" assertions="3 total, 0 failed, 3 succeeded"/><testcase time="-7245.32502223066" classname="p2.S15.SomeLongLongLongLongLongTestName_103" name="Run 0" assertions="3 total, 0 failed, 3 succeeded"/><testcase time="-2312.1325957208755" classname="p2.S15.SomeLongLongLongLongLongTestName_104" name="Run 0" assertions="3 total, 0 failed, 3 succeeded"/><testcase time="-1655.4334098958711" classname="p2.S15.SomeLongLongLongLongLongTestName_105" name="Run 0" assertions="3 total, 0 failed, 3 succeeded"/><testcase time="-9507.449304557202" classname="p2.S15.SomeLongLongLongLongLongTestName_106" name="Run 0" assertions="3 total, 0 failed, 3 succeeded"/><testcase time="-6694.22551546114" classname="p2.S15.SomeLongLongLongLongLongTestName_107" name="Run 0" assertions="3 total, 0 failed, 3 succeeded"/><testcase time="-9841.05540033826" classname="p2.S15.SomeLongLongLongLongLongTestName_108" name="Run 0" assertions="3 total, 0 failed, 3 succeeded"/><testcase time="-6996.17757026941" classname="p2.S15.SomeLongLongLongLongLongTestName_109" name="Run 0" assertions="3 total, 0 failed, 3 succeeded"/><testcase time="-1033.5625828020077" classname="p2.S15.SomeLongLongLongLongLongTestName_110" name="Run 0" assertions="3 total, 0 failed, 3 succeeded"/><testcase time="-853.6089981792863" classname="p2.S15.SomeLongLongLongLongLongTestName_111" name="Run 0" assertions="3 total, 0 failed, 3 succeeded"/><testcase time="-5237.6899642283925" classname="p2.S15.SomeLongLongLongLongLongTestName_112" name="Run 0" assertions="3 total, 0 failed, 3 succeeded"/><testcase time="-7746.627031586303" classname="p2.S15.SomeLongLongLongLongLongTestName_113" name="Run 0" assertions="3 total, 0 failed, 3 succeeded"/><testcase time="-5119.83923302993" classname="p2.S15.SomeLongLongLongLongLongTestName_114" name="Run 0" assertions="3 total, 0 failed, 3 succeeded"/><testcase time="-5017.739830626777" classname="p2.S15.SomeLongLongLongLongLongTestName_115" name="Run 0" assertions="3 total, 0 failed, 3 succeeded"/><testcase time="-996.1017410620915" classname="p2.S15.SomeLongLongLongLongLongTestName_116" name="Run 0" assertions="3 total, 0 failed, 3 succeeded"/><testcase time="-3390.051255073436" classname="p2.S15.SomeLongLongLongLongLongTestName_117" name="Run 0" assertions="3 total, 0 failed, 3 succeeded"/><testcase time="-3109.3304643844585" classname="p2.S15.SomeLongLongLongLongLongTestName_118" name="Run 0" assertions="3 total, 0 failed, 3 succeeded"/><testcase time="-3758.933513284937" classname="p2.S15.SomeLongLongLongLongLongTestName_119" name="Run 0" assertions="3 total, 0 failed, 3 succeeded"/><testcase time="-9839.169276593942" classname="p2.S15.SomeLongLongLongLongLongTestName_120" name="Run 0" assertions="3 total, 0 failed, 3 succeeded"/><testcase time="-9837.643538567421" classname="p2.S15.SomeLongLongLongLongLongTestName_121" name="Run 0" assertions="3 total, 0 failed, 3 succeeded"/><testcase time="-5125.64137882001" classname="p2.S15.SomeLongLongLongLongLongTestName_122" name="Run 0" assertions="3 total, 0 failed, 3 succeeded"/><testcase time="-3385.2246437317876" classname="p2.S15.SomeLongLongLongLongLongTestName_123" name="Run 0" assertions="3 total, 0 failed, 3 succeeded"/><testcase time="-6728.024627764597" classname="p2.S15.SomeLongLongLongLongLongTestName_124" name="Run 0" assertions="3 total, 0 failed, 3 succeeded"/><testcase time="-3063.405713521661" classname="p2.S15.SomeLongLongLongLongLongTestName_125" name="Run 0" assertions="3 total, 0 failed, 3 succeeded"/><testcase time="-9199.781909329065" classname="p2.S15.SomeLongLongLongLongLongTestName_126" name="Run 0" assertions="3 total, 0 failed, 3 succeeded"/><testcase time="-128.05660772025834" classname="p2.S15.SomeLongLongLongLongLongTestName_127" name="Run 0" assertions="3 total, 0 failed, 3 succeeded"/><testcase time="-3491.235783495375" classname="p2.S15.SomeLongLongLongLongLongTestName_128" name="Run 0" assertions="3 total, 0 failed, 3 succeeded"/><testcase time="-7704.94078338246" classname="p2.S15.SomeLongLongLongLongLongTestName_129" name="Run 0" assertions="3 total, 0 failed, 3 succeeded"/><testcase time="-3336.329956831161" classname="p2.S15.SomeLongLongLongLongLongTestName_130" name="Run 0" assertions="3 total, 0 failed, 3 succeeded"/><testcase time="-6951.576370639038" classname="p2.S15.SomeLongLongLongLongLongTestName_131" name="Run 0" assertions="3 total, 0 failed, 3 succeeded"/><testcase time="-3606.144914495324" classname="p2.S15.SomeLongLongLongLongLongTestName_132" name="Run 0" assertions="3 total, 0 failed, 3 succeeded"/><testcase time="-847.017103982115" classname="p2.S15.SomeLongLongLongLongLongTestName_133" name="Run 0" assertions="3 total, 0 failed, 3 succeeded"/><testcase time="-2769.757274786068" classname="p2.S15.SomeLongLongLongLongLongTestName_134" name="Run 0" assertions="3 total, 0 failed, 3 succeeded"/><testcase time="-6683.359535884651" classname="p2.S15.SomeLongLongLongLongLongTestName_135" name="Run 0" assertions="3 total, 0 failed, 3 succeeded"/><testcase time="-1649.818462596636" classname="p2.S15.SomeLongLongLongLongLongTestName_136" name="Run 0" assertions="3 total, 0 failed, 3 succeeded"/><testcase time="-6032.5941759493435" classname="p2.S15.SomeLongLongLongLongLongTestName_137" name="Run 0" assertions="3 total, 0 failed, 3 succeeded"/><testcase time="-6852.370599904446" classname="p2.S15.SomeLongLongLongLongLongTestName_138" name="Run 0" assertions="3 total, 0 failed, 3 succeeded"/><testcase time="-4175.148390450778" classname="p2.S15.SomeLongLongLongLongLongTestName_139" name="Run 0" assertions="3 total, 0 failed, 3 succeeded"/><testcase time="-1571.9873839354411" classname="p2.S15.SomeLongLongLongLongLongTestName_140" name="Run 0" assertions="3 total, 0 failed, 3 succeeded"/><testcase time="-205.89212791935478" classname="p2.S15.SomeLongLongLongLongLongTestName_141" name="Run 0" assertions="3 total, 0 failed, 3 succeeded"/><testcase time="-5805.306246794504" classname="p2.S15.SomeLongLongLongLongLongTestName_142" name="Run 0" assertions="3 total, 0 failed, 3 succeeded"/><testcase time="-6515.818646726064" classname="p2.S15.SomeLongLongLongLongLongTestName_143" name="Run 0" assertions="3 total, 0 failed, 3 succeeded"/><testcase time="-5963.0390213257315" classname="p2.S15.SomeLongLongLongLongLongTestName_144" name="Run 0" assertions="3 total, 0 failed, 3 succeeded"/><testcase time="-6579.276620577136" classname="p2.S15.SomeLongLongLongLongLongTestName_145" name="Run 0" assertions="3 total, 0 failed, 3 succeeded"/><testcase time="-6167.021444442743" classname="p2.S15.SomeLongLongLongLongLongTestName_146" name="Run 0" assertions="3 total, 0 failed, 3 succeeded"/><testcase time="-265.4052309241637" classname="p2.S15.SomeLongLongLongLongLongTestName_147" name="Run 0" assertions="3 total, 0 failed, 3 succeeded"/><testcase time="-9070.870867871718" classname="p2.S15.SomeLongLongLongLongLongTestName_148" name="Run 0" assertions="3 total, 0 failed, 3 succeeded"/><testcase time="-3071.3884860933626" classname="p2.S15.SomeLongLongLongLongLongTestName_149" name="Run 0" assertions="3 total, 0 failed, 3 succeeded"/><testcase time="-4443.507917561888" classname="p2.S15.SomeLongLongLongLongLongTestName_150" name="Run 0" assertions="3 total, 0 failed, 3 succeeded"/><testcase time="-1056.5739805654207" classname="p2.S15.SomeLongLongLongLongLongTestName_151" name="Run 0" assertions="3 total, 0 failed, 3 succeeded"/><testcase time="-5546.884545903733" classname="p2.S15.SomeLongLongLongLongLongTestName_152" name="Run 0" assertions="3 total, 0 failed, 3 succeeded"/><testcase time="-673.1959381181452" classname="p2.S15.SomeLongLongLongLongLongTestName_153" name="Run 0" assertions="3 total, 0 failed, 3 succeeded"/><testcase time="-6061.629485963461" classname="p2.S15.SomeLongLongLongLongLongTestName_154" name="Run 0" assertions="3 total, 0 failed, 3 succeeded"/><testcase time="-988.5376879776163" classname="p2.S15.SomeLongLongLongLongLongTestName_155" name="Run 0" assertions="3 total, 0 failed, 3 succeeded"/><testcase time="-9544.593976716389" classname="p2.S15.SomeLongLongLongLongLongTestName_156" name="Run 0" assertions="3 total, 0 failed, 3 succeeded"/><testcase time="-6607.270171733013" classname="p2.S15.SomeLongLongLongLongLongTestName_157" name="Run 0" assertions="3 total, 0 failed, 3 succeeded"/><testcase time="-1435.5015104597367" classname="p2.S15.SomeLongLongLongLongLongTestName_158" name="Run 0" assertions="3 total, 0 failed, 3 succeeded"/><testcase time="-9247.584562811906" classname="p2.S15.SomeLongLongLongLongLongTestName_159" name="Run 0" assertions="3 total, 0 failed, 3 succeeded"/><testcase time="-5000.4258006797145" classname="p2.S15.SomeLongLongLongLongLongTestName_160" name="Run 0" assertions="3 total, 0 failed, 3 succeeded"/><testcase time="-851.588934406378" classname="p2.S15.SomeLongLongLongLongLongTestName_161" name="Run 0" assertions="3 total, 0 failed, 3 succeeded"/><testcase time="-63.04141604245105" classname="p2.S15.SomeLongLongLongLongLongTestName_162" name="Run 0" assertions="3 total, 0 failed, 3 succeeded"/><testcase time="-7056.124710678333" classname="p2.S15.SomeLongLongLongLongLongTestName_163" name="Run 0" assertions="3 total, 0 failed, 3 succeeded"/><testcase time="-5290.928506603551" classname="p2.S15.SomeLongLongLongLongLongTestName_164" name="Run 0" assertions="3 total, 0 failed, 3 succeeded"/><testcase time="-3718.4048887280887" classname="p2.S15.SomeLongLongLongLongLongTestName_165" name="Run 0" assertions="3 total, 0 failed, 3 succeeded"/><testcase time="-6637.677640874676" classname="p2.S15.SomeLongLongLongLongLongTestName_166" name="Run 0" assertions="3 total, 0 failed, 3 succeeded"/><testcase time="-2174.1060933744775" classname="p2.S15.SomeLongLongLongLongLongTestName_167" name="Run 0" assertions="3 total, 0 failed, 3 succeeded"/><testcase time="-242.96253387986775" classname="p2.S15.SomeLongLongLongLongLongTestName_168" name="Run 0" assertions="3 total, 0 failed, 3 succeeded"/><testcase time="-1748.193239296998" classname="p2.S15.SomeLongLongLongLongLongTestName_169" name="Run 0" assertions="3 total, 0 failed, 3 succeeded"/><testcase time="-4845.294019836315" classname="p2.S15.SomeLongLongLongLongLongTestName_170" name="Run 0" assertions="3 total, 0 failed, 3 succeeded"/><testcase time="-9050.627792656198" classname="p2.S15.SomeLongLongLongLongLongTestName_171" name="Run 0" assertions="3 total, 0 failed, 3 succeeded"/><testcase time="-8891.67698414867" classname="p2.S15.SomeLongLongLongLongLongTestName_172" name="Run 0" assertions="3 total, 0 failed, 3 succeeded"/><testcase time="-427.24697833132166" classname="p2.S15.SomeLongLongLongLongLongTestName_173" name="Run 0" assertions="3 total, 0 failed, 3 succeeded"/><testcase time="-2827.833267436671" classname="p2.S15.SomeLongLongLongLongLongTestName_174" name="Run 0" assertions="3 total, 0 failed, 3 succeeded"/><testcase time="-1000.1438204438307" classname="p2.S15.SomeLongLongLongLongLongTestName_175" name="Run 0" assertions="3 total, 0 failed, 3 succeeded"/><testcase time="-9896.77836223381" classname="p2.S15.SomeLongLongLongLongLongTestName_176" name="Run 0" assertions="3 total, 0 failed, 3 succeeded"/><testcase time="-6965.501893276195" classname="p2.S15.SomeLongLongLongLongLongTestName_177" name="Run 0" assertions="3 total, 0 failed, 3 succeeded"/><testcase time="-958.5160443345027" classname="p2.S15.SomeLongLongLongLongLongTestName_178" name="Run 0" assertions="3 total, 0 failed, 3 succeeded"/><testcase time="-8972.64194910168" classname="p2.S15.SomeLongLongLongLongLongTestName_179" name="Run 0" assertions="3 total, 0 failed, 3 succeeded"/><testcase time="-7740.1220808542685" classname="p2.S15.SomeLongLongLongLongLongTestName_180" name="Run 0" assertions="3 total, 0 failed, 3 succeeded"/><testcase time="-4589.884711014202" classname="p2.S15.SomeLongLongLongLongLongTestName_181" name="Run 0" assertions="3 total, 0 failed, 3 succeeded"/><testcase time="-5783.468098104795" classname="p2.S15.SomeLongLongLongLongLongTestName_182" name="Run 0" assertions="3 total, 0 failed, 3 succeeded"/><testcase time="-4207.466608047842" classname="p2.S15.SomeLongLongLongLongLongTestName_183" name="Run 0" assertions="3 total, 0 failed, 3 succeeded"/><testcase time="-3700.9309792490467" classname="p2.S15.SomeLongLongLongLongLongTestName_184" name="Run 0" assertions="3 total, 0 failed, 3 succeeded"/><testcase time="-538.5130934627648" classname="p2.S15.SomeLongLongLongLongLongTestName_185" name="Run 0" assertions="3 total, 0 failed, 3 succeeded"/><testcase time="-6810.952392022456" classname="p2.S15.SomeLongLongLongLongLongTestName_186" name="Run 0" assertions="3 total, 0 failed, 3 succeeded"/><testcase time="-3598.855464142362" classname="p2.S15.SomeLongLongLongLongLongTestName_187" name="Run 0" assertions="3 total, 0 failed, 3 succeeded"/><testcase time="-5330.764679489928" classname="p2.S15.SomeLongLongLongLongLongTestName_188" name="Run 0" assertions="3 total, 0 failed, 3 succeeded"/><testcase time="-4403.82940750055" classname="p2.S15.SomeLongLongLongLongLongTestName_189" name="Run 0" assertions="3 total, 0 failed, 3 succeeded"/><testcase time="-4303.558884485204" classname="p2.S15.SomeLongLongLongLongLongTestName_190" name="Run 0" assertions="3 total, 0 failed, 3 succeeded"/><testcase time="-9808.485705297237" classname="p2.S15.SomeLongLongLongLongLongTestName_191" name="Run 0" assertions="3 total, 0 failed, 3 succeeded"/><testcase time="-8409.73466019484" classname="p2.S15.SomeLongLongLongLongLongTestName_192" name="Run 0" assertions="3 total, 0 failed, 3 succeeded"/><testcase time="-4131.7973039832295" classname="p2.S15.SomeLongLongLongLongLongTestName_193" name="Run 0" assertions="3 total, 0 failed, 3 succeeded"/><testcase time="-268.83266390582503" classname="p2.S15.SomeLongLongLongLongLongTestName_194" name="Run 0" assertions="3 total, 0 failed, 3 succeeded"/><testcase time="-1430.253686939233" classname="p2.S15.SomeLongLongLongLongLongTestName_195" name="Run 0" assertions="3 total, 0 failed, 3 succeeded"/><testcase time="-9858.147798230078" classname="p2.S15.SomeLongLongLongLongLongTestName_196" name="Run 0" assertions="3 total, 0 failed, 3 succeeded"/><testcase time="-817.7501623348566" classname="p2.S15.SomeLongLongLongLongLongTestName_197" name="Run 0" assertions="3 total, 0 failed, 3 succeeded"/><testcase time="-5328.104327345106" classname="p2.S15.SomeLongLongLongLongLongTestName_198" name="Run 0" assertions="3 total, 0 failed, 3 succeeded"/><testcase time="-8248.855122592451" classname="p2.S15.SomeLongLongLongLongLongTestName_199" name="Run 0" assertions="3 total, 0 failed, 3 succeeded"/><testcase time="-331.48939480443687" classname="p2.S15.SomeLongLongLongLongLongTestName_200" name="Run 0" assertions="3 total, 0 failed, 3 succeeded"/><testcase time="-5684.232199712311" classname="p2.S15.SomeLongLongLongLongLongTestName_201" name="Run 0" assertions="3 total, 0 failed, 3 succeeded"/><testcase time="-8667.615210913613" classname="p2.S15.SomeLongLongLongLongLongTestName_202" name="Run 0" assertions="3 total, 0 failed, 3 succeeded"/><testcase time="-3306.007921299751" classname="p2.S15.SomeLongLongLongLongLongTestName_203" name="Run 0" assertions="3 total, 0 failed, 3 succeeded"/><testcase time="-1180.679008988915" classname="p2.S15.SomeLongLongLongLongLongTestName_204" name="Run 0" assertions="3 total, 0 failed, 3 succeeded"/><testcase time="-4173.648853453275" classname="p2.S15.SomeLongLongLongLongLongTestName_205" name="Run 0" assertions="3 total, 0 failed, 3 succeeded"/><testcase time="-9386.121477468638" classname="p2.S15.SomeLongLongLongLongLongTestName_206" name="Run 0" assertions="3 total, 0 failed, 3 succeeded"/><testcase time="-1460.3766932701137" classname="p2.S15.SomeLongLongLongLongLongTestName_207" name="Run 0" assertions="3 total, 0 failed, 3 succeeded"/><testcase time="-8409.7235966168" classname="p2.S15.SomeLongLongLongLongLongTestName_208" name="Run 0" assertions="3 total, 0 failed, 3 succeeded"/><testcase time="-5964.477524724193" classname="p2.S15.SomeLongLongLongLongLongTestName_209" name="Run 0" assertions="3 total, 0 failed, 3 succeeded"/><testcase time="-677.988265401876" classname="p2.S15.SomeLongLongLongLongLongTestName_210" name="Run 0" assertions="3 total, 0 failed, 3 succeeded"/><testcase time="-817.538084128799" classname="p2.S15.SomeLongLongLongLongLongTestName_211" name="Run 0" assertions="3 total, 0 failed, 3 succeeded"/><testcase time="-2614.4906456502717" classname="p2.S15.SomeLongLongLongLongLongTestName_212" name="Run 0" assertions="3 total, 0 failed, 3 succeeded"/><testcase time="-1203.8105731684789" classname="p2.S15.SomeLongLongLongLongLongTestName_213" name="Run 0" assertions="3 total, 0 failed, 3 succeeded"/><testcase time="-891.5460124726727" classname="p2.S15.SomeLongLongLongLongLongTestName_214" name="Run 0" assertions="3 total, 0 failed, 3 succeeded"/><testcase time="-2325.0561472655922" classname="p2.S15.SomeLongLongLongLongLongTestName_215" name="Run 0" assertions="3 total, 0 failed, 3 succeeded"/><testcase time="-4827.275923561983" classname="p2.S15.SomeLongLongLongLongLongTestName_216" name="Run 0" assertions="3 total, 0 failed, 3 succeeded"/><testcase time="-6362.110458776167" classname="p2.S15.SomeLongLongLongLongLongTestName_217" name="Run 0" assertions="3 total, 0 failed, 3 succeeded"/><testcase time="-6828.363915132152" classname="p2.S15.SomeLongLongLongLongLongTestName_218" name="Run 0" assertions="3 total, 0 failed, 3 succeeded"/><testcase time="-8249.480067532693" classname="p2.S15.SomeLongLongLongLongLongTestName_219" name="Run 0" assertions="3 total, 0 failed, 3 succeeded"/><testcase time="-569.4876565057072" classname="p2.S15.SomeLongLongLongLongLongTestName_220" name="Run 0" assertions="3 total, 0 failed, 3 succeeded"/><testcase time="-5508.4876828563365" classname="p2.S15.SomeLongLongLongLongLongTestName_221" name="Run 0" assertions="3 total, 0 failed, 3 succeeded"/><testcase time="-9330.746228625625" classname="p2.S15.SomeLongLongLongLongLongTestName_222" name="Run 0" assertions="3 total, 0 failed, 3 succeeded"/><testcase time="-398.97488359130386" classname="p2.S15.SomeLongLongLongLongLongTestName_223" name="Run 0" assertions="3 total, 0 failed, 3 succeeded"/><testcase time="-6626.081483171365" classname="p2.S15.SomeLongLongLongLongLongTestName_224" name="Run 0" assertions="3 total, 0 failed, 3 succeeded"/><testcase time="-2776.4743034659436" classname="p2.S15.SomeLongLongLongLongLongTestName_225" name="Run 0" assertions="3 total, 0 failed, 3 succeeded"/><testcase time="-6664.047829070082" classname="p2.S15.SomeLongLongLongLongLongTestName_226" name="Run 0" assertions="3 total, 0 failed, 3 succeeded"/><testcase time="-9496.092563398428" classname="p2.S15.SomeLongLongLongLongLongTestName_227" name="Run 0" assertions="3 total, 0 failed, 3 succeeded"/><testcase time="-988.2503734756785" classname="p2.S15.SomeLongLongLongLongLongTestName_228" name="Run 0" assertions="3 total, 0 failed, 3 succeeded"/><testcase time="-4242.94624201694" classname="p2.S15.SomeLongLongLongLongLongTestName_229" name="Run 0" assertions="3 total, 0 failed, 3 succeeded"/><testcase time="-7543.593243360041" classname="p2.S15.SomeLongLongLongLongLongTestName_230" name="Run 0" assertions="3 total, 0 failed, 3 succeeded"/><testcase time="-7455.140317836061" classname="p2.S15.SomeLongLongLongLongLongTestName_231" name="Run 0" assertions="3 total, 0 failed, 3 succeeded"/><testcase time="-8727.445375233234" classname="p2.S15.SomeLongLongLongLongLongTestName_232" name="Run 0" assertions="3 total, 0 failed, 3 succeeded"/><testcase time="-5319.525161427135" classname="p2.S15.SomeLongLongLongLongLongTestName_233" name="Run 0" assertions="3 total, 0 failed, 3 succeeded"/><testcase time="-9957.195710236847" classname="p2.S15.SomeLongLongLongLongLongTestName_234" name="Run 0" assertions="3 total, 0 failed, 3 succeeded"/><testcase time="-5714.133734713787" classname="p2.S15.SomeLongLongLongLongLongTestName_235" name="Run 0" assertions="3 total, 0 failed, 3 succeeded"/><testcase time="-323.8672232574486" classname="p2.S15.SomeLongLongLongLongLongTestName_236" name="Run 0" assertions="3 total, 0 failed, 3 succeeded"/><testcase time="-4151.661131584661" classname="p2.S15.SomeLongLongLongLongLongTestName_237" name="Run 0" assertions="3 total, 0 failed, 3 succeeded"/><testcase time="-9373.655765634092" classname="p2.S15.SomeLongLongLongLongLongTestName_238" name="Run 0" assertions="3 total, 0 failed, 3 succeeded"/><testcase time="-5054.943406036821" classname="p2.S15.SomeLongLongLongLongLongTestName_239" name="Run 0" assertions="3 total, 0 failed, 3 succeeded"/><testcase time="-6668.871289253216" classname="p2.S15.SomeLongLongLongLongLongTestName_240" name="Run 0" assertions="3 total, 0 failed, 3 succeeded"/><testcase time="-9829.652839603383" classname="p2.S15.SomeLongLongLongLongLongTestName_241" name="Run 0" assertions="3 total, 0 failed, 3 succeeded"/><testcase time="-8957.957154729436" classname="p2.S15.SomeLongLongLongLongLongTestName_242" name="Run 0" assertions="3 total, 0 failed, 3 succeeded"/><testcase time="-6867.527135217302" classname="p2.S15.SomeLongLongLongLongLongTestName_243" name="Run 0" assertions="3 total, 0 failed, 3 succeeded"/><testcase time="-291.43310400129576" classname="p2.S15.SomeLongLongLongLongLongTestName_244" name="Run 0" assertions="3 total, 0 failed, 3 succeeded"/><testcase time="-3571.5208259447513" classname="p2.S15.SomeLongLongLongLongLongTestName_245" name="Run 0" assertions="3 total, 0 failed, 3 succeeded"/><testcase time="-9745.75976567281" classname="p2.S15.SomeLongLongLongLongLongTestName_246" name="Run 0" assertions="3 total, 0 failed, 3 succeeded"/><testcase time="-8842.029951229622" classname="p2.S15.SomeLongLongLongLongLongTestName_247" name="Run 0" assertions="3 total, 0 failed, 3 succeeded"/><testcase time="-4877.640534177761" classname="p2.S15.SomeLongLongLongLongLongTestName_248" name="Run 0" assertions="3 total, 0 failed, 3 succeeded"/><testcase time="-8672.762552272841" classname="p2.S15.SomeLongLongLongLongLongTestName_249" name="Run 0" assertions="3 total, 0 failed, 3 succeeded"/><testcase time="-5130.745534045723" classname="p2.S15.SomeLongLongLongLongLongTestName_250" name="Run 0" assertions="3 total, 0 failed, 3 succeeded"/><testcase time="-5791.308548122343" classname="p2.S15.SomeLongLongLongLongLongTestName_251" name="Run 0" assertions="3 total, 0 failed, 3 succeeded"/><testcase time="-1051.0370362380443" classname="p2.S15.SomeLongLongLongLongLongTestName_252" name="Run 0" assertions="3 total, 0 failed, 3 succeeded"/><testcase time="-9119.051989028188" classname="p2.S15.SomeLongLongLongLongLongTestName_253" name="Run 0" assertions="3 total, 0 failed, 3 succeeded"/><testcase time="-5414.054218336391" classname="p2.S15.SomeLongLongLongLongLongTestName_254" name="Run 0" assertions="3 total, 0 failed, 3 succeeded"/><testcase time="-1473.2829995950867" classname="p2.S15.SomeLongLongLongLongLongTestName_255" name="Run 0" assertions="3 total, 0 failed, 3 succeeded"/><testcase time="-4913.384626130631" classname="p2.S15.SomeLongLongLongLongLongTestName_256" name="Run 0" assertions="3 total, 0 failed, 3 succeeded"/><testcase time="-3327.3093170626767" classname="p2.S15.SomeLongLongLongLongLongTestName_257" name="Run 0" assertions="3 total, 0 failed, 3 succeeded"/><testcase time="-5416.381318160581" classname="p2.S15.SomeLongLongLongLongLongTestName_258" name="Run 0" assertions="3 total, 0 failed, 3 succeeded"/><testcase time="-8097.682169341379" classname="p2.S15.SomeLongLongLongLongLongTestName_259" name="Run 0" assertions="3 total, 0 failed, 3 succeeded"/><testcase time="-2249.2447640163746" classname="p2.S15.SomeLongLongLongLongLongTestName_260" name="Run 0" assertions="3 total, 0 failed, 3 succeeded"/><testcase time="-591.4034700835452" classname="p2.S15.SomeLongLongLongLongLongTestName_261" name="Run 0" assertions="3 total, 0 failed, 3 succeeded"/><testcase time="-5118.140036767906" classname="p2.S15.SomeLongLongLongLongLongTestName_262" name="Run 0" assertions="3 total, 0 failed, 3 succeeded"/><testcase time="-6924.1427929434185" classname="p2.S15.SomeLongLongLongLongLongTestName_263" name="Run 0" assertions="3 total, 0 failed, 3 succeeded"/><testcase time="-2416.505715715462" classname="p2.S15.SomeLongLongLongLongLongTestName_264" name="Run 0" assertions="3 total, 0 failed, 3 succeeded"/><testcase time="-9102.033813008211" classname="p2.S15.SomeLongLongLongLongLongTestName_265" name="Run 0" assertions="3 total, 0 failed, 3 succeeded"/><testcase time="-78.97325800832714" classname="p2.S15.SomeLongLongLongLongLongTestName_266" name="Run 0" assertions="3 total, 0 failed, 3 succeeded"/><testcase time="-5327.458998181295" classname="p2.S15.SomeLongLongLongLongLongTestName_267" name="Run 0" assertions="3 total, 0 failed, 3 succeeded"/><testcase time="-5709.634145917707" classname="p2.S15.SomeLongLongLongLongLongTestName_268" name="Run 0" assertions="3 total, 0 failed, 3 succeeded"/><testcase time="-1796.6709278085038" classname="p2.S15.SomeLongLongLongLongLongTestName_269" name="Run 0" assertions="3 total, 0 failed, 3 succeeded"/><testcase time="-3388.7008931765727" classname="p2.S15.SomeLongLongLongLongLongTestName_270" name="Run 0" assertions="3 total, 0 failed, 3 succeeded"/><testcase time="-2274.5960378935183" classname="p2.S15.SomeLongLongLongLongLongTestName_271" name="Run 0" assertions="3 total, 0 failed, 3 succeeded"/><testcase time="-1397.9994244801364" classname="p2.S15.SomeLongLongLongLongLongTestName_272" name="Run 0" assertions="3 total, 0 failed, 3 succeeded"/><testcase time="-5918.061945943185" classname="p2.S15.SomeLongLongLongLongLongTestName_273" name="Run 0" assertions="3 total, 0 failed, 3 succeeded"/><testcase time="-7930.0188769931265" classname="p2.S15.SomeLongLongLongLongLongTestName_274" name="Run 0" assertions="3 total, 0 failed, 3 succeeded"/><testcase time="-3258.640819356722" classname="p2.S15.SomeLongLongLongLongLongTestName_275" name="Run 0" assertions="3 total, 0 failed, 3 succeeded"/><testcase time="-5994.63392742892" classname="p2.S15.SomeLongLongLongLongLongTestName_276" name="Run 0" assertions="3 total, 0 failed, 3 succeeded"/><testcase time="-1948.928580800131" classname="p2.S15.SomeLongLongLongLongLongTestName_277" name="Run 0" assertions="3 total, 0 failed, 3 succeeded"/><testcase time="-6768.361417624201" classname="p2.S15.SomeLongLongLongLongLongTestName_278" name="Run 0" assertions="3 total, 0 failed, 3 succeeded"/><testcase time="-5427.504930160603" classname="p2.S15.SomeLongLongLongLongLongTestName_279" name="Run 0" assertions="3 total, 0 failed, 3 succeeded"/><testcase time="-1268.4596663604555" classname="p2.S15.SomeLongLongLongLongLongTestName_280" name="Run 0" assertions="3 total, 0 failed, 3 succeeded"/><testcase time="-2852.1555072134406" classname="p2.S15.SomeLongLongLongLongLongTestName_281" name="Run 0" assertions="3 total, 0 failed, 3 succeeded"/><testcase time="-6146.49365921248" classname="p2.S15.SomeLongLongLongLongLongTestName_282" name="Run 0" assertions="3 total, 0 failed, 3 succeeded"/><testcase time="-9290.157380096023" classname="p2.S15.SomeLongLongLongLongLongTestName_283" name="Run 0" assertions="3 total, 0 failed, 3 succeeded"/><testcase time="-3565.3019030015025" classname="p2.S15.SomeLongLongLongLongLongTestName_284" name="Run 0" assertions="3 total, 0 failed, 3 succeeded"/><testcase time="-1927.6458407509797" classname="p2.S15.SomeLongLongLongLongLongTestName_285" name="Run 0" assertions="3 total, 0 failed, 3 succeeded"/><testcase time="0" classname="p2.S15.SomeLongLongLongLongLongTestName_286" name="Run 0" assertions="3 total, 0 failed, 3 succeeded"><skipped type="Skipped" message="This test was disabled."/></testcase><testcase time="0" classname="p2.S15.SomeLongLongLongLongLongTestName_287" name="Run 0" assertions="3 total, 0 failed, 3 succeeded"><skipped type="Skipped" message="This test was disabled."/></testcase><testcase time="0" classname="p2.S15.SomeLongLongLongLongLongTestName_288" name="Run 0" assertions="3 total, 0 failed, 3 succeeded"><skipped type="Skipped" message="This test was disabled."/></testcase><testcase time="0" classname="p2.S15.SomeLongLongLongLongLongTestName_289" name="Run 0" assertions="3 total, 0 failed, 3 succeeded"><skipped type="Skipped" message="This test was disabled."/></testcase><testcase time="0" classname="p2.S15.SomeLongLongLongLongLongTestName_290" name="Run 0" assertions="3 total, 0 failed, 3 succeeded"><skipped type="Skipped" message="This test was disabled."/></testcase><testcase time="0" classname="p2.S15.SomeLongLongLongLongLongTestName_291" name="Run 0" assertions="3 total, 0 failed, 3 succeeded"><skipped type="Skipped" message="This test was disabled."/></testcase><testcase time="0" classname="p2.S15.SomeLongLongLongLongLongTestName_292" name="Run 0" assertions="3 total, 0 failed, 3 succeeded"><skipped type="Skipped" message="This test was disabled."/></testcase><testcase time="0" classname="p2.S15.SomeLongLongLongLongLongTestName_293" name="Run 0" assertions="3 total, 0 failed, 3 succeeded"><skipped type="Skipped" message="This test was disabled."/></testcase><testcase time="0" classname="p2.S15.SomeLongLongLongLongLongTestName_294" name="Run 0" assertions="3 total, 0 failed, 3 succeeded"><skipped type="Skipped" message="This test was disabled."/></testcase><testcase time="0" classname="p2.S15.SomeLongLongLongLongLongTestName_295" name="Run 0" assertions="3 total, 0 failed, 3 succeeded"><skipped type="Skipped" message="This test was disabled."/></testcase><testcase time="0" classname="p2.S15.SomeLongLongLongLongLongTestName_296" name="Run 0" assertions="3 total, 0 failed, 3 succeeded"><skipped type="Skipped" message="This test was disabled."/></testcase><testcase time="0" classname="p2.S15.SomeLongLongLongLongLongTestName_297" name="Run 0" assertions="3 total, 0 failed, 3 succeeded"><skipped type="Skipped" message="This test was disabled."/></testcase><testcase time="0" classname="p2.S15.SomeLongLongLongLongLongTestName_298" name="Run 0" assertions="3 total, 0 failed, 3 succeeded"><skipped type="Skipped" message="This test was disabled."/></testcase><testcase time="0" classname="p2.S15.SomeLongLongLongLongLongTestName_299" name="Run 0" assertions="3 total, 0 failed, 3 succeeded"><skipped type="Skipped" message="This test was disabled."/></testcase><testcase time="0" classname="p2.S15.SomeLongLongLongLongLongTestName_300" name="Run 0" assertions="3 total, 0 failed, 3 succeeded"><skipped type="Skipped" message="This test was disabled."/></testcase><testcase time="0" classname="p2.S15.SomeLongLongLongLongLongTestName_301" name="Run 0" assertions="3 total, 0 failed, 3 succeeded"><skipped type="Skipped" message="This test was disabled."/></testcase><testcase time="0" classname="p2.S15.SomeLongLongLongLongLongTestName_302" name="Run 0" assertions="3 total, 0 failed, 3 succeeded"><skipped type="Skipped" message="This test was disabled."/></testcase><testcase time="0" classname="p2.S15.SomeLongLongLongLongLongTestName_303" name="Run 0" assertions="3 total, 0 failed, 3 succeeded"><skipped type="Skipped" message="This test was disabled."/></testcase><testcase time="0" classname="p2.S15.SomeLongLongLongLongLongTestName_304" name="Run 0" assertions="3 total, 0 failed, 3 succeeded"><skipped type="Skipped" message="This test was disabled."/></testcase><testcase time="0" classname="p2.S15.SomeLongLongLongLongLongTestName_305" name="Run 0" assertions="3 total, 0 failed, 3 succeeded"><skipped type="Skipped" message="This test was disabled."/></testcase><testcase time="0" classname="p2.S15.SomeLongLongLongLongLongTestName_306" name="Run 0" assertions="3 total, 0 failed, 3 succeeded"><skipped type="Skipped" message="This test was disabled."/></testcase><testcase time="0" classname="p2.S15.SomeLongLongLongLongLongTestName_307" name="Run 0" assertions="3 total, 0 failed, 3 succeeded"><skipped type="Skipped" message="This test was disabled."/></testcase><testcase time="0" classname="p2.S15.SomeLongLongLongLongLongTestName_308" name="Run 0" assertions="3 total, 0 failed, 3 succeeded"><skipped type="Skipped" message="This test was disabled."/></testcase><testcase time="0" classname="p2.S15.SomeLongLongLongLongLongTestName_309" name="Run 0" assertions="3 total, 0 failed, 3 succeeded"><skipped type="Skipped" message="This test was disabled."/></testcase><testcase time="0" classname="p2.S15.SomeLongLongLongLongLongTestName_310" name="Run 0" assertions="3 total, 0 failed, 3 succeeded"><skipped type="Skipped" message="This test was disabled."/></testcase><testcase time="0" classname="p2.S15.SomeLongLongLongLongLongTestName_311" name="Run 0" assertions="3 total, 0 failed, 3 succeeded"><skipped type="Skipped" message="This test was disabled."/></testcase><testcase time="0" classname="p2.S15.SomeLongLongLongLongLongTestName_312" name="Run 0" assertions="3 total, 0 failed, 3 succeeded"><skipped type="Skipped" message="This test was disabled."/></testcase><testcase time="0" classname="p2.S15.SomeLongLongLongLongLongTestName_313" name="Run 0" assertions="3 total, 0 failed, 3 succeeded"><skipped type="Skipped" message="This test was disabled."/></testcase><testcase time="0" classname="p2.S15.SomeLongLongLongLongLongTestName_314" name="Run 0" assertions="3 total, 0 failed, 3 succeeded"><skipped type="Skipped" message="This test was disabled."/></testcase><testcase time="0" classname="p2.S15.SomeLongLongLongLongLongTestName_315" name="Run 0" assertions="3 total, 0 failed, 3 succeeded"><skipped type="Skipped" message="This test was disabled."/></testcase><testcase time="0" classname="p2.S15.SomeLongLongLongLongLongTestName_316" name="Run 0" assertions="3 total, 0 failed, 3 succeeded"><skipped type="Skipped" message="This test was disabled."/></testcase><testcase time="0" classname="p2.S15.SomeLongLongLongLongLongTestName_317" name="Run 0" assertions="3 total, 0 failed, 3 succeeded"><skipped type="Skipped" message="This test was disabled."/></testcase><testcase time="0" classname="p2.S15.SomeLongLongLongLongLongTestName_318" name="Run 0" assertions="3 total, 0 failed, 3 succeeded"><skipped type="Skipped" message="This test was disabled."/></testcase><testcase time="0" classname="p2.S15.SomeLongLongLongLongLongTestName_319" name="Run 0" assertions="3 total, 0 failed, 3 succeeded"><skipped type="Skipped" message="This test was disabled."/></testcase><testcase time="0" classname="p2.S15.SomeLongLongLongLongLongTestName_320" name="Run 0" assertions="3 total, 0 failed, 3 succeeded"><skipped type="Skipped" message="This test was disabled."/></testcase><testcase time="0" classname="p2.S15.SomeLongLongLongLongLongTestName_321" name="Run 0" assertions="3 total, 0 failed, 3 succeeded"><skipped type="Skipped" message="This test was disabled."/></testcase><testcase time="0" classname="p2.S15.SomeLongLongLongLongLongTestName_322" name="Run 0" assertions="3 total, 0 failed, 3 succeeded"><skipped type="Skipped" message="This test was disabled."/></testcase><testcase time="0" classname="p2.S15.SomeLongLongLongLongLongTestName_323" name="Run 0" assertions="3 total, 0 failed, 3 succeeded"><skipped type="Skipped" message="This test was disabled."/></testcase><testcase time="0" classname="p2.S15.SomeLongLongLongLongLongTestName_324" name="Run 0" assertions="3 total, 0 failed, 3 succeeded"><skipped type="Skipped" message="This test was disabled."/></testcase><testcase time="0" classname="p2.S15.SomeLongLongLongLongLongTestName_325" name="Run 0" assertions="3 total, 0 failed, 3 succeeded"><skipped type="Skipped" message="This test was disabled."/></testcase><testcase time="0" classname="p2.S15.SomeLongLongLongLongLongTestName_326" name="Run 0" assertions="3 total, 0 failed, 3 succeeded"><skipped type="Skipped" message="This test was disabled."/></testcase><testcase time="0" classname="p2.S15.SomeLongLongLongLongLongTestName_327" name="Run 0" assertions="3 total, 0 failed, 3 succeeded"><skipped type="Skipped" message="This test was disabled."/></testcase><testcase time="0" classname="p2.S15.SomeLongLongLongLongLongTestName_328" name="Run 0" assertions="3 total, 0 failed, 3 succeeded"><skipped type="Skipped" message="This test was disabled."/></testcase><testcase time="0" classname="p2.S15.SomeLongLongLongLongLongTestName_329" name="Run 0" assertions="3 total, 0 failed, 3 succeeded"><skipped type="Skipped" message="This test was disabled."/></testcase><testcase time="0" classname="p2.S15.SomeLongLongLongLongLongTestName_330" name="Run 0" assertions="3 total, 0 failed, 3 succeeded"><skipped type="Skipped" message="This test was disabled."/></testcase><testcase time="0" classname="p2.S15.SomeLongLongLongLongLongTestName_331" name="Run 0" assertions="3 total, 0 failed, 3 succeeded"><skipped type="Skipped" message="This test was disabled."/></testcase><testcase time="0" classname="p2.S15.SomeLongLongLongLongLongTestName_332" name="Run 0" assertions="3 total, 0 failed, 3 succeeded"><skipped type="Skipped" message="This test was disabled."/></testcase><testcase time="0" classname="p2.S15.SomeLongLongLongLongLongTestName_333" name="Run 0" assertions="3 total, 0 failed, 3 succeeded"><skipped type="Skipped" message="This test was disabled."/></testcase><testcase time="0" classname="p2.S15.SomeLongLongLongLongLongTestName_334" name="Run 0" assertions="3 total, 0 failed, 3 succeeded"><skipped type="Skipped" message="This test was disabled."/></testcase><testcase time="0" classname="p2.S15.SomeLongLongLongLongLongTestName_335" name="Run 0" assertions="3 total, 0 failed, 3 succeeded"><skipped type="Skipped" message="This test was disabled."/></testcase><testcase time="0" classname="p2.S15.SomeLongLongLongLongLongTestName_336" name="Run 0" assertions="3 total, 0 failed, 3 succeeded"><skipped type="Skipped" message="This test was disabled."/></testcase><testcase time="0" classname="p2.S15.SomeLongLongLongLongLongTestName_337" name="Run 0" assertions="3 total, 0 failed, 3 succeeded"><skipped type="Skipped" message="This test was disabled."/></testcase><testcase time="0" classname="p2.S15.SomeLongLongLongLongLongTestName_338" name="Run 0" assertions="3 total, 0 failed, 3 succeeded"><skipped type="Skipped" message="This test was disabled."/></testcase><testcase time="0" classname="p2.S15.SomeLongLongLongLongLongTestName_339" name="Run 0" assertions="3 total, 0 failed, 3 succeeded"><skipped type="Skipped" message="This test was disabled."/></testcase><testcase time="0" classname="p2.S15.SomeLongLongLongLongLongTestName_340" name="Run 0" assertions="3 total, 0 failed, 3 succeeded"><skipped type="Skipped" message="This test was disabled."/></testcase><testcase time="0" classname="p2.S15.SomeLongLongLongLongLongTestName_341" name="Run 0" assertions="3 total, 0 failed, 3 succeeded"><skipped type="Skipped" message="This test was disabled."/></testcase><testcase time="0" classname="p2.S15.SomeLongLongLongLongLongTestName_342" name="Run 0" assertions="3 total, 0 failed, 3 succeeded"><skipped type="Skipped" message="This test was disabled."/></testcase><testcase time="0" classname="p2.S15.SomeLongLongLongLongLongTestName_343" name="Run 0" assertions="3 total, 0 failed, 3 succeeded"><skipped type="Skipped" message="This test was disabled."/></testcase><testcase time="0" classname="p2.S15.SomeLongLongLongLongLongTestName_344" name="Run 0" assertions="3 total, 0 failed, 3 succeeded"><skipped type="Skipped" message="This test was disabled."/></testcase><testcase time="0" classname="p2.S15.SomeLongLongLongLongLongTestName_345" name="Run 0" assertions="3 total, 0 failed, 3 succeeded"><skipped type="Skipped" message="This test was disabled."/></testcase><testcase time="0" classname="p2.S15.SomeLongLongLongLongLongTestName_346" name="Run 0" assertions="3 total, 0 failed, 3 succeeded"><skipped type="Skipped" message="This test was disabled."/></testcase><testcase time="0" classname="p2.S15.SomeLongLongLongLongLongTestName_347" name="Run 0" assertions="3 total, 0 failed, 3 succeeded"><skipped type="Skipped" message="This test was disabled."/></testcase><testcase time="0" classname="p2.S15.SomeLongLongLongLongLongTestName_348" name="Run 0" assertions="3 total, 0 failed, 3 succeeded"><skipped type="Skipped" message="This test was disabled."/></testcase><testcase time="0" classname="p2.S15.SomeLongLongLongLongLongTestName_349" name="Run 0" assertions="3 total, 0 failed, 3 succeeded"><skipped type="Skipped" message="This test was disabled."/></testcase><testcase time="0" classname="p2.S15.SomeLongLongLongLongLongTestName_350" name="Run 0" assertions="3 total, 0 failed, 3 succeeded"><skipped type="Skipped" message="This test was disabled."/></testcase><testcase time="0" classname="p2.S15.SomeLongLongLongLongLongTestName_351" name="Run 0" assertions="3 total, 0 failed, 3 succeeded"><skipped type="Skipped" message="This test was disabled."/></testcase><testcase time="0" classname="p2.S15.SomeLongLongLongLongLongTestName_352" name="Run 0" assertions="3 total, 0 failed, 3 succeeded"><skipped type="Skipped" message="This test was disabled."/></testcase><testcase time="0" classname="p2.S15.SomeLongLongLongLongLongTestName_353" name="Run 0" assertions="3 total, 0 failed, 3 succeeded"><skipped type="Skipped" message="This test was disabled."/></testcase><testcase time="0" classname="p2.S15.SomeLongLongLongLongLongTestName_354" name="Run 0" assertions="3 total, 0 failed, 3 succeeded"><skipped type="Skipped" message="This test was disabled."/></testcase><testcase time="0" classname="p2.S15.SomeLongLongLongLongLongTestName_355" name="Run 0" assertions="3 total, 0 failed, 3 succeeded"><skipped type="Skipped" message="This test was disabled."/></testcase><testcase time="0" classname="p2.S15.SomeLongLongLongLongLongTestName_356" name="Run 0" assertions="3 total, 0 failed, 3 succeeded"><skipped type="Skipped" message="This test was disabled."/></testcase><testcase time="0" classname="p2.S15.SomeLongLongLongLongLongTestName_357" name="Run 0" assertions="3 total, 0 failed, 3 succeeded"><skipped type="Skipped" message="This test was disabled."/></testcase><testcase time="0" classname="p2.S15.SomeLongLongLongLongLongTestName_358" name="Run 0" assertions="3 total, 0 failed, 3 succeeded"><skipped type="Skipped" message="This test was disabled."/></testcase><testcase time="0" classname="p2.S15.SomeLongLongLongLongLongTestName_359" name="Run 0" assertions="3 total, 0 failed, 3 succeeded"><skipped type="Skipped" message="This test was disabled."/></testcase><testcase time="0" classname="p2.S15.SomeLongLongLongLongLongTestName_360" name="Run 0" assertions="3 total, 0 failed, 3 succeeded"><skipped type="Skipped" message="This test was disabled."/></testcase><testcase time="0" classname="p2.S15.SomeLongLongLongLongLongTestName_361" name="Run 0" assertions="3 total, 0 failed, 3 succeeded"><skipped type="Skipped" message="This test was disabled."/></testcase><testcase time="0" classname="p2.S15.SomeLongLongLongLongLongTestName_362" name="Run 0" assertions="3 total, 0 failed, 3 succeeded"><skipped type="Skipped" message="This test was disabled."/></testcase><testcase time="0" classname="p2.S15.SomeLongLongLongLongLongTestName_363" name="Run 0" assertions="3 total, 0 failed, 3 succeeded"><skipped type="Skipped" message="This test was disabled."/></testcase><testcase time="0" classname="p2.S15.SomeLongLongLongLongLongTestName_364" name="Run 0" assertions="3 total, 0 failed, 3 succeeded"><skipped type="Skipped" message="This test was disabled."/></testcase><testcase time="0" classname="p2.S15.SomeLongLongLongLongLongTestName_365" name="Run 0" assertions="3 total, 0 failed, 3 succeeded"><skipped type="Skipped" message="This test was disabled."/></testcase><testcase time="0" classname="p2.S15.SomeLongLongLongLongLongTestName_366" name="Run 0" assertions="3 total, 0 failed, 3 succeeded"><skipped type="Skipped" message="This test was disabled."/></testcase><testcase time="0" classname="p2.S15.SomeLongLongLongLongLongTestName_367" name="Run 0" assertions="3 total, 0 failed, 3 succeeded"><skipped type="Skipped" message="This test was disabled."/></testcase><testcase time="0" classname="p2.S15.SomeLongLongLongLongLongTestName_368" name="Run 0" assertions="3 total, 0 failed, 3 succeeded"><skipped type="Skipped" message="This test was disabled."/></testcase><testcase time="0" classname="p2.S15.SomeLongLongLongLongLongTestName_369" name="Run 0" assertions="3 total, 0 failed, 3 succeeded"><skipped type="Skipped" message="This test was disabled."/></testcase><testcase time="0" classname="p2.S15.SomeLongLongLongLongLongTestName_370" name="Run 0" assertions="3 total, 0 failed, 3 succeeded"><skipped type="Skipped" message="This test was disabled."/></testcase><testcase time="0" classname="p2.S15.SomeLongLongLongLongLongTestName_371" name="Run 0" assertions="3 total, 0 failed, 3 succeeded"><skipped type="Skipped" message="This test was disabled."/></testcase><testcase time="0" classname="p2.S15.SomeLongLongLongLongLongTestName_372" name="Run 0" assertions="3 total, 0 failed, 3 succeeded"><skipped type="Skipped" message="This test was disabled."/></testcase><testcase time="0" classname="p2.S15.SomeLongLongLongLongLongTestName_373" name="Run 0" assertions="3 total, 0 failed, 3 succeeded"><skipped type="Skipped" message="This test was disabled."/></testcase><testcase time="0" classname="p2.S15.SomeLongLongLongLongLongTestName_374" name="Run 0" assertions="3 total, 0 failed, 3 succeeded"><skipped type="Skipped" message="This test was disabled."/></testcase><testcase time="0" classname="p2.S15.SomeLongLongLongLongLongTestName_375" name="Run 0" assertions="3 total, 0 failed, 3 succeeded"><skipped type="Skipped" message="This test was disabled."/></testcase><testcase time="0" classname="p2.S15.SomeLongLongLongLongLongTestName_376" name="Run 0" assertions="3 total, 0 failed, 3 succeeded"><skipped type="Skipped" message="This test was disabled."/></testcase><testcase time="0" classname="p2.S15.SomeLongLongLongLongLongTestName_377" name="Run 0" assertions="3 total, 0 failed, 3 succeeded"><skipped type="Skipped" message="This test was disabled."/></testcase><testcase time="0" classname="p2.S15.SomeLongLongLongLongLongTestName_378" name="Run 0" assertions="3 total, 0 failed, 3 succeeded"><skipped type="Skipped" message="This test was disabled."/></testcase><testcase time="0" classname="p2.S15.SomeLongLongLongLongLongTestName_379" name="Run 0" assertions="3 total, 0 failed, 3 succeeded"><skipped type="Skipped" message="This test was disabled."/></testcase><testcase time="0" classname="p2.S15.SomeLongLongLongLongLongTestName_380" name="Run 0" assertions="3 total, 0 failed, 3 succeeded"><skipped type="Skipped" message="This test was disabled."/></testcase><testcase time="0" classname="p2.S15.SomeLongLongLongLongLongTestName_381" name="Run 0" assertions="3 total, 0 failed, 3 succeeded"><skipped type="Skipped" message="This test was disabled."/></testcase><testcase time="0" classname="p2.S15.SomeLongLongLongLongLongTestName_382" name="Run 0" assertions="3 total, 0 failed, 3 succeeded"><skipped type="Skipped" message="This test was disabled."/></testcase><testcase time="0" classname="p2.S15.SomeLongLongLongLongLongTestName_383" name="Run 0" assertions="3 total, 0 failed, 3 succeeded"><skipped type="Skipped" message="This test was disabled."/></testcase><testcase time="0" classname="p2.S15.SomeLongLongLongLongLongTestName_384" name="Run 0" assertions="3 total, 0 failed, 3 succeeded"><skipped type="Skipped" message="This test was disabled."/></testcase><testcase time="0" classname="p2.S15.SomeLongLongLongLongLongTestName_385" name="Run 0" assertions="3 total, 0 failed, 3 succeeded"><skipped type="Skipped" message="This test was disabled."/></testcase><testcase time="0" classname="p2.S15.SomeLongLongLongLongLongTestName_386" name="Run 0" assertions="3 total, 0 failed, 3 succeeded"><skipped type="Skipped" message="This test was disabled."/></testcase><testcase time="0" classname="p2.S15.SomeLongLongLongLongLongTestName_387" name="Run 0" assertions="3 total, 0 failed, 3 succeeded"><skipped type="Skipped" message="This test was disabled."/></testcase><testcase time="0" classname="p2.S15.SomeLongLongLongLongLongTestName_388" name="Run 0" assertions="3 total, 0 failed, 3 succeeded"><skipped type="Skipped" message="This test was disabled."/></testcase><testcase time="0" classname="p2.S15.SomeLongLongLongLongLongTestName_389" name="Run 0" assertions="3 total, 0 failed, 3 succeeded"><skipped type="Skipped" message="This test was disabled."/></testcase><testcase time="0" classname="p2.S15.SomeLongLongLongLongLongTestName_390" name="Run 0" assertions="3 total, 0 failed, 3 succeeded"><skipped type="Skipped" message="This test was disabled."/></testcase><testcase time="0" classname="p2.S15.SomeLongLongLongLongLongTestName_391" name="Run 0" assertions="3 total, 0 failed, 3 succeeded"><skipped type="Skipped" message="This test was disabled."/></testcase><testcase time="0" classname="p2.S15.SomeLongLongLongLongLongTestName_392" name="Run 0" assertions="3 total, 0 failed, 3 succeeded"><skipped type="Skipped" message="This test was disabled."/></testcase><testcase time="0" classname="p2.S15.SomeLongLongLongLongLongTestName_393" name="Run 0" assertions="3 total, 0 failed, 3 succeeded"><skipped type="Skipped" message="This test was disabled."/></testcase><testcase time="0" classname="p2.S15.SomeLongLongLongLongLongTestName_394" name="Run 0" assertions="3 total, 0 failed, 3 succeeded"><skipped type="Skipped" message="This test was disabled."/></testcase><testcase time="0" classname="p2.S15.SomeLongLongLongLongLongTestName_395" name="Run 0" assertions="3 total, 0 failed, 3 succeeded"><skipped type="Skipped" message="This test was disabled."/></testcase><testcase time="0" classname="p2.S15.SomeLongLongLongLongLongTestName_396" name="Run 0" assertions="3 total, 0 failed, 3 succeeded"><skipped type="Skipped" message="This test was disabled."/></testcase><testcase time="0" classname="p2.S15.SomeLongLongLongLongLongTestName_397" name="Run 0" assertions="3 total, 0 failed, 3 succeeded"><skipped type="Skipped" message="This test was disabled."/></testcase><testcase time="0" classname="p2.S15.SomeLongLongLongLongLongTestName_398" name="Run 0" assertions="3 total, 0 failed, 3 succeeded"><skipped type="Skipped" message="This test was disabled."/></testcase><testcase time="0" classname="p2.S15.SomeLongLongLongLongLongTestName_399" name="Run 0" assertions="3 total, 0 failed, 3 succeeded"><skipped type="Skipped" message="This test was disabled."/></testcase><testcase time="0" classname="p2.S15.SomeLongLongLongLongLongTestName_400" name="Run 0" assertions="3 total, 0 failed, 3 succeeded"><skipped type="Skipped" message="This test was disabled."/></testcase><testcase time="0" classname="p2.S15.SomeLongLongLongLongLongTestName_401" name="Run 0" assertions="3 total, 0 failed, 3 succeeded"><skipped type="Skipped" message="This test was disabled."/></testcase><testcase time="0" classname="p2.S15.SomeLongLongLongLongLongTestName_402" name="Run 0" assertions="3 total, 0 failed, 3 succeeded"><skipped type="Skipped" message="This test was disabled."/></testcase><testcase time="0" classname="p2.S15.SomeLongLongLongLongLongTestName_403" name="Run 0" assertions="3 total, 0 failed, 3 succeeded"><skipped type="Skipped" message="This test was disabled."/></testcase><testcase time="0" classname="p2.S15.SomeLongLongLongLongLongTestName_404" name="Run 0" assertions="3 total, 0 failed, 3 succeeded"><skipped type="Skipped" message="This test was disabled."/></testcase><testcase time="0" classname="p2.S15.SomeLongLongLongLongLongTestName_405" name="Run 0" assertions="3 total, 0 failed, 3 succeeded"><skipped type="Skipped" message="This test was disabled."/></testcase><testcase time="0" classname="p2.S15.SomeLongLongLongLongLongTestName_406" name="Run 0" assertions="3 total, 0 failed, 3 succeeded"><skipped type="Skipped" message="This test was disabled."/></testcase><testcase time="0" classname="p2.S15.SomeLongLongLongLongLongTestName_407" name="Run 0" assertions="3 total, 0 failed, 3 succeeded"><skipped type="Skipped" message="This test was disabled."/></testcase><testcase time="0" classname="p2.S15.SomeLongLongLongLongLongTestName_408" name="Run 0" assertions="3 total, 0 failed, 3 succeeded"><skipped type="Skipped" message="This test was disabled."/></testcase><testcase time="0" classname="p2.S15.SomeLongLongLongLongLongTestName_409" name="Run 0" assertions="3 total, 0 failed, 3 succeeded"><skipped type="Skipped" message="This test was disabled."/></testcase><testcase time="0" classname="p2.S15.SomeLongLongLongLongLongTestName_410" name="Run 0" assertions="3 total, 0 failed, 3 succeeded"><skipped type="Skipped" message="This test was disabled."/></testcase><testcase time="0" classname="p2.S15.SomeLongLongLongLongLongTestName_411" name="Run 0" assertions="3 total, 0 failed, 3 succeeded"><skipped type="Skipped" message="This test was disabled."/></testcase><testcase time="0" classname="p2.S15.SomeLongLongLongLongLongTestName_412" name="Run 0" assertions="3 total, 0 failed, 3 succeeded"><skipped type="Skipped" message="This test was disabled."/></testcase><testcase time="0" classname="p2.S15.SomeLongLongLongLongLongTestName_413" name="Run 0" assertions="3 total, 0 failed, 3 succeeded"><skipped type="Skipped" message="This test was disabled."/></testcase><testcase time="0" classname="p2.S15.SomeLongLongLongLongLongTestName_414" name="Run 0" assertions="3 total, 0 failed, 3 succeeded"><skipped type="Skipped" message="This test was disabled."/></testcase><testcase time="0" classname="p2.S15.SomeLongLongLongLongLongTestName_415" name="Run 0" assertions="3 total, 0 failed, 3 succeeded"><skipped type="Skipped" message="This test was disabled."/></testcase><testcase time="0" classname="p2.S15.SomeLongLongLongLongLongTestName_416" name="Run 0" assertions="3 total, 0 failed, 3 succeeded"><skipped type="Skipped" message="This test was disabled."/></testcase><testcase time="0" classname="p2.S15.SomeLongLongLongLongLongTestName_417" name="Run 0" assertions="3 total, 0 failed, 3 succeeded"><skipped type="Skipped" message="This test was disabled."/></testcase><testcase time="0" classname="p2.S15.SomeLongLongLongLongLongTestName_418" name="Run 0" assertions="3 total, 0 failed, 3 succeeded"><skipped type="Skipped" message="This test was disabled."/></testcase><testcase time="0" classname="p2.S15.SomeLongLongLongLongLongTestName_419" name="Run 0" assertions="3 total, 0 failed, 3 succeeded"><skipped type="Skipped" message="This test was disabled."/></testcase><testcase time="0" classname="p2.S15.SomeLongLongLongLongLongTestName_420" name="Run 0" assertions="3 total, 0 failed, 3 succeeded"><skipped type="Skipped" message="This test was disabled."/></testcase><testcase time="-5016.849920760278" classname="p2.S16.SomeLongLongLongLongLongTestName_0" name="Run 0" assertions="3 total, 0 failed, 3 succeeded">
                          <properties>
                          <property name="prop1" value="value1" />
                          <property name="multiline">
                              Config line 1
                              Config line 2
                              Config line 3
                          </property>
                        </properties>
                        <failure message="failure message 0" type="Failure"/><system-out>This is stdout
[[ATTACHMENT|attachment.txt]]
</system-out><system-err>This is stderr
[[ATTACHMENT|attachment.txt]]
</system-err></testcase><testcase time="-3033.055139793789" classname="p2.S16.SomeLongLongLongLongLongTestName_1" name="Run 0" assertions="3 total, 0 failed, 3 succeeded"/><testcase time="-4708.313702935496" classname="p2.S16.SomeLongLongLongLongLongTestName_2" name="Run 0" assertions="3 total, 0 failed, 3 succeeded"/><testcase time="-6801.47066763176" classname="p2.S16.SomeLongLongLongLongLongTestName_3" name="Run 0" assertions="3 total, 0 failed, 3 succeeded"/><testcase time="-7252.358384999385" classname="p2.S16.SomeLongLongLongLongLongTestName_4" name="Run 0" assertions="3 total, 0 failed, 3 succeeded"/><testcase time="-1554.276263582739" classname="p2.S16.SomeLongLongLongLongLongTestName_5" name="Run 0" assertions="3 total, 0 failed, 3 succeeded"/><testcase time="-1187.7067576517993" classname="p2.S16.SomeLongLongLongLongLongTestName_6" name="Run 0" assertions="3 total, 0 failed, 3 succeeded"/><testcase time="-8838.127763826176" classname="p2.S16.SomeLongLongLongLongLongTestName_7" name="Run 0" assertions="3 total, 0 failed, 3 succeeded"/><testcase time="-6972.268250598128" classname="p2.S16.SomeLongLongLongLongLongTestName_8" name="Run 0" assertions="3 total, 0 failed, 3 succeeded"/><testcase time="-6105.970769298128" classname="p2.S16.SomeLongLongLongLongLongTestName_9" name="Run 0" assertions="3 total, 0 failed, 3 succeeded"/><testcase time="-1177.5597914205348" classname="p2.S16.SomeLongLongLongLongLongTestName_10" name="Run 0" assertions="3 total, 0 failed, 3 succeeded"/><testcase time="-7044.721647909332" classname="p2.S16.SomeLongLongLongLongLongTestName_11" name="Run 0" assertions="3 total, 0 failed, 3 succeeded"/><testcase time="-827.8179059739764" classname="p2.S16.SomeLongLongLongLongLongTestName_12" name="Run 0" assertions="3 total, 0 failed, 3 succeeded"/><testcase time="71.6808943174455" classname="p2.S16.SomeLongLongLongLongLongTestName_13" name="Run 0" assertions="3 total, 0 failed, 3 succeeded"/><testcase time="-2958.676585490229" classname="p2.S16.SomeLongLongLongLongLongTestName_14" name="Run 0" assertions="3 total, 0 failed, 3 succeeded"/><testcase time="-4675.677264242392" classname="p2.S16.SomeLongLongLongLongLongTestName_15" name="Run 0" assertions="3 total, 0 failed, 3 succeeded"/><testcase time="-8524.225753827284" classname="p2.S16.SomeLongLongLongLongLongTestName_16" name="Run 0" assertions="3 total, 0 failed, 3 succeeded"/><testcase time="-2763.191779146892" classname="p2.S16.SomeLongLongLongLongLongTestName_17" name="Run 0" assertions="3 total, 0 failed, 3 succeeded"/><testcase time="-4348.572907351133" classname="p2.S16.SomeLongLongLongLongLongTestName_18" name="Run 0" assertions="3 total, 0 failed, 3 succeeded"/><testcase time="-6829.538341494295" classname="p2.S16.SomeLongLongLongLongLongTestName_19" name="Run 0" assertions="3 total, 0 failed, 3 succeeded"/><testcase time="-6475.314106488786" classname="p2.S16.SomeLongLongLongLongLongTestName_20" name="Run 0" assertions="3 total, 0 failed, 3 succeeded"/><testcase time="-1051.8675270352871" classname="p2.S16.SomeLongLongLongLongLongTestName_21" name="Run 0" assertions="3 total, 0 failed, 3 succeeded"/><testcase time="-8434.733491997176" classname="p2.S16.SomeLongLongLongLongLongTestName_22" name="Run 0" assertions="3 total, 0 failed, 3 succeeded"/><testcase time="-4447.437613791423" classname="p2.S16.SomeLongLongLongLongLongTestName_23" name="Run 0" assertions="3 total, 0 failed, 3 succeeded"/><testcase time="-5248.961724631753" classname="p2.S16.SomeLongLongLongLongLongTestName_24" name="Run 0" assertions="3 total, 0 failed, 3 succeeded"/><testcase time="-872.2549154729902" classname="p2.S16.SomeLongLongLongLongLongTestName_25" name="Run 0" assertions="3 total, 0 failed, 3 succeeded"/><testcase time="-2766.809209648106" classname="p2.S16.SomeLongLongLongLongLongTestName_26" name="Run 0" assertions="3 total, 0 failed, 3 succeeded"/><testcase time="-1094.3719772605932" classname="p2.S16.SomeLongLongLongLongLongTestName_27" name="Run 0" assertions="3 total, 0 failed, 3 succeeded"/><testcase time="-2135.450481650331" classname="p2.S16.SomeLongLongLongLongLongTestName_28" name="Run 0" assertions="3 total, 0 failed, 3 succeeded"/><testcase time="-6775.737654577239" classname="p2.S16.SomeLongLongLongLongLongTestName_29" name="Run 0" assertions="3 total, 0 failed, 3 succeeded"/><testcase time="-9220.856033426275" classname="p2.S16.SomeLongLongLongLongLongTestName_30" name="Run 0" assertions="3 total, 0 failed, 3 succeeded"/><testcase time="-9166.495917247386" classname="p2.S16.SomeLongLongLongLongLongTestName_31" name="Run 0" assertions="3 total, 0 failed, 3 succeeded"/><testcase time="-7571.13088484351" classname="p2.S16.SomeLongLongLongLongLongTestName_32" name="Run 0" assertions="3 total, 0 failed, 3 succeeded"/><testcase time="-4239.909317884682" classname="p2.S16.SomeLongLongLongLongLongTestName_33" name="Run 0" assertions="3 total, 0 failed, 3 succeeded"/><testcase time="-3882.5286137850408" classname="p2.S16.SomeLongLongLongLongLongTestName_34" name="Run 0" assertions="3 total, 0 failed, 3 succeeded"/><testcase time="-7114.915074182532" classname="p2.S16.SomeLongLongLongLongLongTestName_35" name="Run 0" assertions="3 total, 0 failed, 3 succeeded"/><testcase time="-378.78722827744866" classname="p2.S16.SomeLongLongLongLongLongTestName_36" name="Run 0" assertions="3 total, 0 failed, 3 succeeded"/><testcase time="-6337.2181843442495" classname="p2.S16.SomeLongLongLongLongLongTestName_37" name="Run 0" assertions="3 total, 0 failed, 3 succeeded"/><testcase time="-3167.1077833791574" classname="p2.S16.SomeLongLongLongLongLongTestName_38" name="Run 0" assertions="3 total, 0 failed, 3 succeeded"/><testcase time="-7402.449026455526" classname="p2.S16.SomeLongLongLongLongLongTestName_39" name="Run 0" assertions="3 total, 0 failed, 3 succeeded"/><testcase time="-5064.815944591629" classname="p2.S16.SomeLongLongLongLongLongTestName_40" name="Run 0" assertions="3 total, 0 failed, 3 succeeded"/><testcase time="-1649.588017810192" classname="p2.S16.SomeLongLongLongLongLongTestName_41" name="Run 0" assertions="3 total, 0 failed, 3 succeeded"/><testcase time="-2722.44071648383" classname="p2.S16.SomeLongLongLongLongLongTestName_42" name="Run 0" assertions="3 total, 0 failed, 3 succeeded"/><testcase time="-833.1535361371508" classname="p2.S16.SomeLongLongLongLongLongTestName_43" name="Run 0" assertions="3 total, 0 failed, 3 succeeded"/><testcase time="-9893.512146424106" classname="p2.S16.SomeLongLongLongLongLongTestName_44" name="Run 0" assertions="3 total, 0 failed, 3 succeeded"/><testcase time="-3884.9997072197607" classname="p2.S16.SomeLongLongLongLongLongTestName_45" name="Run 0" assertions="3 total, 0 failed, 3 succeeded"/><testcase time="-1149.9265207928615" classname="p2.S16.SomeLongLongLongLongLongTestName_46" name="Run 0" assertions="3 total, 0 failed, 3 succeeded"/><testcase time="-6526.913953851846" classname="p2.S16.SomeLongLongLongLongLongTestName_47" name="Run 0" assertions="3 total, 0 failed, 3 succeeded"/><testcase time="-7367.938063958143" classname="p2.S16.SomeLongLongLongLongLongTestName_48" name="Run 0" assertions="3 total, 0 failed, 3 succeeded"/><testcase time="-7399.665807297319" classname="p2.S16.SomeLongLongLongLongLongTestName_49" name="Run 0" assertions="3 total, 0 failed, 3 succeeded"/><testcase time="-7964.94479359165" classname="p2.S16.SomeLongLongLongLongLongTestName_50" name="Run 0" assertions="3 total, 0 failed, 3 succeeded"/><testcase time="-6662.153764422371" classname="p2.S16.SomeLongLongLongLongLongTestName_51" name="Run 0" assertions="3 total, 0 failed, 3 succeeded"/><testcase time="-5542.29420554922" classname="p2.S16.SomeLongLongLongLongLongTestName_52" name="Run 0" assertions="3 total, 0 failed, 3 succeeded"/><testcase time="-4052.065453693653" classname="p2.S16.SomeLongLongLongLongLongTestName_53" name="Run 0" assertions="3 total, 0 failed, 3 succeeded"/><testcase time="-1350.9433027794425" classname="p2.S16.SomeLongLongLongLongLongTestName_54" name="Run 0" assertions="3 total, 0 failed, 3 succeeded"/><testcase time="-6406.8399198370735" classname="p2.S16.SomeLongLongLongLongLongTestName_55" name="Run 0" assertions="3 total, 0 failed, 3 succeeded"/><testcase time="-5562.328412572457" classname="p2.S16.SomeLongLongLongLongLongTestName_56" name="Run 0" assertions="3 total, 0 failed, 3 succeeded"/><testcase time="-3894.4749649154032" classname="p2.S16.SomeLongLongLongLongLongTestName_57" name="Run 0" assertions="3 total, 0 failed, 3 succeeded"/><testcase time="-1484.1675523239317" classname="p2.S16.SomeLongLongLongLongLongTestName_58" name="Run 0" assertions="3 total, 0 failed, 3 succeeded"/><testcase time="-9382.313190989807" classname="p2.S16.SomeLongLongLongLongLongTestName_59" name="Run 0" assertions="3 total, 0 failed, 3 succeeded"/><testcase time="-6346.453346671177" classname="p2.S16.SomeLongLongLongLongLongTestName_60" name="Run 0" assertions="3 total, 0 failed, 3 succeeded"/><testcase time="-2727.1635600653" classname="p2.S16.SomeLongLongLongLongLongTestName_61" name="Run 0" assertions="3 total, 0 failed, 3 succeeded"/><testcase time="-7075.723547391461" classname="p2.S16.SomeLongLongLongLongLongTestName_62" name="Run 0" assertions="3 total, 0 failed, 3 succeeded"/><testcase time="-7652.937575820404" classname="p2.S16.SomeLongLongLongLongLongTestName_63" name="Run 0" assertions="3 total, 0 failed, 3 succeeded"/><testcase time="-7486.124398906906" classname="p2.S16.SomeLongLongLongLongLongTestName_64" name="Run 0" assertions="3 total, 0 failed, 3 succeeded"/><testcase time="-4556.176397701972" classname="p2.S16.SomeLongLongLongLongLongTestName_65" name="Run 0" assertions="3 total, 0 failed, 3 succeeded"/><testcase time="-7292.775471335745" classname="p2.S16.SomeLongLongLongLongLongTestName_66" name="Run 0" assertions="3 total, 0 failed, 3 succeeded"/><testcase time="-4015.918383388031" classname="p2.S16.SomeLongLongLongLongLongTestName_67" name="Run 0" assertions="3 total, 0 failed, 3 succeeded"/><testcase time="-2919.2311954595352" classname="p2.S16.SomeLongLongLongLongLongTestName_68" name="Run 0" assertions="3 total, 0 failed, 3 succeeded"/><testcase time="-886.7218549706475" classname="p2.S16.SomeLongLongLongLongLongTestName_69" name="Run 0" assertions="3 total, 0 failed, 3 succeeded"/><testcase time="-2191.872046524877" classname="p2.S16.SomeLongLongLongLongLongTestName_70" name="Run 0" assertions="3 total, 0 failed, 3 succeeded"/><testcase time="-471.16014319089123" classname="p2.S16.SomeLongLongLongLongLongTestName_71" name="Run 0" assertions="3 total, 0 failed, 3 succeeded"/><testcase time="-5445.434842998583" classname="p2.S16.SomeLongLongLongLongLongTestName_72" name="Run 0" assertions="3 total, 0 failed, 3 succeeded"/><testcase time="-4550.951781923835" classname="p2.S16.SomeLongLongLongLongLongTestName_73" name="Run 0" assertions="3 total, 0 failed, 3 succeeded"/><testcase time="-1223.7178723781308" classname="p2.S16.SomeLongLongLongLongLongTestName_74" name="Run 0" assertions="3 total, 0 failed, 3 succeeded"/><testcase time="-3597.3135017509344" classname="p2.S16.SomeLongLongLongLongLongTestName_75" name="Run 0" assertions="3 total, 0 failed, 3 succeeded"/><testcase time="-9613.454178796228" classname="p2.S16.SomeLongLongLongLongLongTestName_76" name="Run 0" assertions="3 total, 0 failed, 3 succeeded"/><testcase time="-429.6218241383417" classname="p2.S16.SomeLongLongLongLongLongTestName_77" name="Run 0" assertions="3 total, 0 failed, 3 succeeded"/><testcase time="-961.7127548165854" classname="p2.S16.SomeLongLongLongLongLongTestName_78" name="Run 0" assertions="3 total, 0 failed, 3 succeeded"/><testcase time="-7007.010834659898" classname="p2.S16.SomeLongLongLongLongLongTestName_79" name="Run 0" assertions="3 total, 0 failed, 3 succeeded"/><testcase time="-1400.8728766806698" classname="p2.S16.SomeLongLongLongLongLongTestName_80" name="Run 0" assertions="3 total, 0 failed, 3 succeeded"/><testcase time="-8443.299727050395" classname="p2.S16.SomeLongLongLongLongLongTestName_81" name="Run 0" assertions="3 total, 0 failed, 3 succeeded"/><testcase time="-1706.8063344102768" classname="p2.S16.SomeLongLongLongLongLongTestName_82" name="Run 0" assertions="3 total, 0 failed, 3 succeeded"/><testcase time="-8567.220329861266" classname="p2.S16.SomeLongLongLongLongLongTestName_83" name="Run 0" assertions="3 total, 0 failed, 3 succeeded"/><testcase time="-529.1935317219293" classname="p2.S16.SomeLongLongLongLongLongTestName_84" name="Run 0" assertions="3 total, 0 failed, 3 succeeded"/><testcase time="-109.12112197618254" classname="p2.S16.SomeLongLongLongLongLongTestName_85" name="Run 0" assertions="3 total, 0 failed, 3 succeeded"/><testcase time="-2804.833828846188" classname="p2.S16.SomeLongLongLongLongLongTestName_86" name="Run 0" assertions="3 total, 0 failed, 3 succeeded"/><testcase time="-7421.484961261624" classname="p2.S16.SomeLongLongLongLongLongTestName_87" name="Run 0" assertions="3 total, 0 failed, 3 succeeded"/><testcase time="-7066.987537772331" classname="p2.S16.SomeLongLongLongLongLongTestName_88" name="Run 0" assertions="3 total, 0 failed, 3 succeeded"/><testcase time="-682.0493235135258" classname="p2.S16.SomeLongLongLongLongLongTestName_89" name="Run 0" assertions="3 total, 0 failed, 3 succeeded"/><testcase time="-4617.350469932875" classname="p2.S16.SomeLongLongLongLongLongTestName_90" name="Run 0" assertions="3 total, 0 failed, 3 succeeded"/><testcase time="-8592.098100868483" classname="p2.S16.SomeLongLongLongLongLongTestName_91" name="Run 0" assertions="3 total, 0 failed, 3 succeeded"/><testcase time="-6122.910628361342" classname="p2.S16.SomeLongLongLongLongLongTestName_92" name="Run 0" assertions="3 total, 0 failed, 3 succeeded"/><testcase time="-6921.498293950981" classname="p2.S16.SomeLongLongLongLongLongTestName_93" name="Run 0" assertions="3 total, 0 failed, 3 succeeded"/><testcase time="-1866.2949026954898" classname="p2.S16.SomeLongLongLongLongLongTestName_94" name="Run 0" assertions="3 total, 0 failed, 3 succeeded"/><testcase time="-6524.175668346338" classname="p2.S16.SomeLongLongLongLongLongTestName_95" name="Run 0" assertions="3 total, 0 failed, 3 succeeded"/><testcase time="-1131.070800204211" classname="p2.S16.SomeLongLongLongLongLongTestName_96" name="Run 0" assertions="3 total, 0 failed, 3 succeeded"/><testcase time="-6130.21089161212" classname="p2.S16.SomeLongLongLongLongLongTestName_97" name="Run 0" assertions="3 total, 0 failed, 3 succeeded"/><testcase time="-2365.9470829015186" classname="p2.S16.SomeLongLongLongLongLongTestName_98" name="Run 0" assertions="3 total, 0 failed, 3 succeeded"/><testcase time="-7367.257753978904" classname="p2.S16.SomeLongLongLongLongLongTestName_99" name="Run 0" assertions="3 total, 0 failed, 3 succeeded"/><testcase time="-1376.264277367978" classname="p2.S16.SomeLongLongLongLongLongTestName_100" name="Run 0" assertions="3 total, 0 failed, 3 succeeded"/><testcase time="-6860.751342012339" classname="p2.S16.SomeLongLongLongLongLongTestName_101" name="Run 0" assertions="3 total, 0 failed, 3 succeeded"/><testcase time="-88.84516058333244" classname="p2.S16.SomeLongLongLongLongLongTestName_102" name="Run 0" assertions="3 total, 0 failed, 3 succeeded"/><testcase time="-5077.7451070995285" classname="p2.S16.SomeLongLongLongLongLongTestName_103" name="Run 0" assertions="3 total, 0 failed, 3 succeeded"/><testcase time="-916.1494659467951" classname="p2.S16.SomeLongLongLongLongLongTestName_104" name="Run 0" assertions="3 total, 0 failed, 3 succeeded"/><testcase time="-8530.649589254497" classname="p2.S16.SomeLongLongLongLongLongTestName_105" name="Run 0" assertions="3 total, 0 failed, 3 succeeded"/><testcase time="-2871.1286407771304" classname="p2.S16.SomeLongLongLongLongLongTestName_106" name="Run 0" assertions="3 total, 0 failed, 3 succeeded"/><testcase time="-4853.730436006352" classname="p2.S16.SomeLongLongLongLongLongTestName_107" name="Run 0" assertions="3 total, 0 failed, 3 succeeded"/><testcase time="1.6481624427424144" classname="p2.S16.SomeLongLongLongLongLongTestName_108" name="Run 0" assertions="3 total, 0 failed, 3 succeeded"/><testcase time="-4664.9393426948245" classname="p2.S16.SomeLongLongLongLongLongTestName_109" name="Run 0" assertions="3 total, 0 failed, 3 succeeded"/><testcase time="-5911.006275669258" classname="p2.S16.SomeLongLongLongLongLongTestName_110" name="Run 0" assertions="3 total, 0 failed, 3 succeeded"/><testcase time="-4755.798850814753" classname="p2.S16.SomeLongLongLongLongLongTestName_111" name="Run 0" assertions="3 total, 0 failed, 3 succeeded"/><testcase time="-6532.597180105151" classname="p2.S16.SomeLongLongLongLongLongTestName_112" name="Run 0" assertions="3 total, 0 failed, 3 succeeded"/><testcase time="-1590.459178276016" classname="p2.S16.SomeLongLongLongLongLongTestName_113" name="Run 0" assertions="3 total, 0 failed, 3 succeeded"/><testcase time="-8656.506655497065" classname="p2.S16.SomeLongLongLongLongLongTestName_114" name="Run 0" assertions="3 total, 0 failed, 3 succeeded"/><testcase time="-8846.904435676941" classname="p2.S16.SomeLongLongLongLongLongTestName_115" name="Run 0" assertions="3 total, 0 failed, 3 succeeded"/><testcase time="-5127.567855785067" classname="p2.S16.SomeLongLongLongLongLongTestName_116" name="Run 0" assertions="3 total, 0 failed, 3 succeeded"/><testcase time="-5970.47611635777" classname="p2.S16.SomeLongLongLongLongLongTestName_117" name="Run 0" assertions="3 total, 0 failed, 3 succeeded"/><testcase time="-1688.3858307092507" classname="p2.S16.SomeLongLongLongLongLongTestName_118" name="Run 0" assertions="3 total, 0 failed, 3 succeeded"/><testcase time="-8901.426584950881" classname="p2.S16.SomeLongLongLongLongLongTestName_119" name="Run 0" assertions="3 total, 0 failed, 3 succeeded"/><testcase time="-5492.936772141559" classname="p2.S16.SomeLongLongLongLongLongTestName_120" name="Run 0" assertions="3 total, 0 failed, 3 succeeded"/><testcase time="-554.0029378711077" classname="p2.S16.SomeLongLongLongLongLongTestName_121" name="Run 0" assertions="3 total, 0 failed, 3 succeeded"/><testcase time="-9224.960533982525" classname="p2.S16.SomeLongLongLongLongLongTestName_122" name="Run 0" assertions="3 total, 0 failed, 3 succeeded"/><testcase time="-1449.0663134954648" classname="p2.S16.SomeLongLongLongLongLongTestName_123" name="Run 0" assertions="3 total, 0 failed, 3 succeeded"/><testcase time="-8179.263640053922" classname="p2.S16.SomeLongLongLongLongLongTestName_124" name="Run 0" assertions="3 total, 0 failed, 3 succeeded"/><testcase time="-1892.8063167091839" classname="p2.S16.SomeLongLongLongLongLongTestName_125" name="Run 0" assertions="3 total, 0 failed, 3 succeeded"/><testcase time="-4161.660417652384" classname="p2.S16.SomeLongLongLongLongLongTestName_126" name="Run 0" assertions="3 total, 0 failed, 3 succeeded"/><testcase time="-4903.167386582019" classname="p2.S16.SomeLongLongLongLongLongTestName_127" name="Run 0" assertions="3 total, 0 failed, 3 succeeded"/><testcase time="-6475.753084186743" classname="p2.S16.SomeLongLongLongLongLongTestName_128" name="Run 0" assertions="3 total, 0 failed, 3 succeeded"/><testcase time="-1502.8005719225828" classname="p2.S16.SomeLongLongLongLongLongTestName_129" name="Run 0" assertions="3 total, 0 failed, 3 succeeded"/><testcase time="-5748.131604113821" classname="p2.S16.SomeLongLongLongLongLongTestName_130" name="Run 0" assertions="3 total, 0 failed, 3 succeeded"/><testcase time="-4729.270269177395" classname="p2.S16.SomeLongLongLongLongLongTestName_131" name="Run 0" assertions="3 total, 0 failed, 3 succeeded"/><testcase time="-6019.803541103572" classname="p2.S16.SomeLongLongLongLongLongTestName_132" name="Run 0" assertions="3 total, 0 failed, 3 succeeded"/><testcase time="-9198.417992483126" classname="p2.S16.SomeLongLongLongLongLongTestName_133" name="Run 0" assertions="3 total, 0 failed, 3 succeeded"/><testcase time="-6472.096676599927" classname="p2.S16.SomeLongLongLongLongLongTestName_134" name="Run 0" assertions="3 total, 0 failed, 3 succeeded"/><testcase time="-3791.040359057756" classname="p2.S16.SomeLongLongLongLongLongTestName_135" name="Run 0" assertions="3 total, 0 failed, 3 succeeded"/><testcase time="-9358.005646295536" classname="p2.S16.SomeLongLongLongLongLongTestName_136" name="Run 0" assertions="3 total, 0 failed, 3 succeeded"/><testcase time="-7493.857727699797" classname="p2.S16.SomeLongLongLongLongLongTestName_137" name="Run 0" assertions="3 total, 0 failed, 3 succeeded"/><testcase time="-6854.602278848385" classname="p2.S16.SomeLongLongLongLongLongTestName_138" name="Run 0" assertions="3 total, 0 failed, 3 succeeded"/><testcase time="-4356.386445807672" classname="p2.S16.SomeLongLongLongLongLongTestName_139" name="Run 0" assertions="3 total, 0 failed, 3 succeeded"/><testcase time="-6281.625736199557" classname="p2.S16.SomeLongLongLongLongLongTestName_140" name="Run 0" assertions="3 total, 0 failed, 3 succeeded"/><testcase time="-7964.086069573327" classname="p2.S16.SomeLongLongLongLongLongTestName_141" name="Run 0" assertions="3 total, 0 failed, 3 succeeded"/><testcase time="-8777.96830978879" classname="p2.S16.SomeLongLongLongLongLongTestName_142" name="Run 0" assertions="3 total, 0 failed, 3 succeeded"/><testcase time="-1989.743181342864" classname="p2.S16.SomeLongLongLongLongLongTestName_143" name="Run 0" assertions="3 total, 0 failed, 3 succeeded"/><testcase time="-1996.5877958488966" classname="p2.S16.SomeLongLongLongLongLongTestName_144" name="Run 0" assertions="3 total, 0 failed, 3 succeeded"/><testcase time="-2966.9585200326337" classname="p2.S16.SomeLongLongLongLongLongTestName_145" name="Run 0" assertions="3 total, 0 failed, 3 succeeded"/><testcase time="-6458.435596120058" classname="p2.S16.SomeLongLongLongLongLongTestName_146" name="Run 0" assertions="3 total, 0 failed, 3 succeeded"/><testcase time="-9151.067820377442" classname="p2.S16.SomeLongLongLongLongLongTestName_147" name="Run 0" assertions="3 total, 0 failed, 3 succeeded"/><testcase time="-3668.8191035871077" classname="p2.S16.SomeLongLongLongLongLongTestName_148" name="Run 0" assertions="3 total, 0 failed, 3 succeeded"/><testcase time="-9277.674412569471" classname="p2.S16.SomeLongLongLongLongLongTestName_149" name="Run 0" assertions="3 total, 0 failed, 3 succeeded"/><testcase time="-1165.1162330148074" classname="p2.S16.SomeLongLongLongLongLongTestName_150" name="Run 0" assertions="3 total, 0 failed, 3 succeeded"/><testcase time="-804.6626832979282" classname="p2.S16.SomeLongLongLongLongLongTestName_151" name="Run 0" assertions="3 total, 0 failed, 3 succeeded"/><testcase time="-3161.533613612338" classname="p2.S16.SomeLongLongLongLongLongTestName_152" name="Run 0" assertions="3 total, 0 failed, 3 succeeded"/><testcase time="-1068.6386452925133" classname="p2.S16.SomeLongLongLongLongLongTestName_153" name="Run 0" assertions="3 total, 0 failed, 3 succeeded"/><testcase time="-9733.440121150023" classname="p2.S16.SomeLongLongLongLongLongTestName_154" name="Run 0" assertions="3 total, 0 failed, 3 succeeded"/><testcase time="-4392.677982084682" classname="p2.S16.SomeLongLongLongLongLongTestName_155" name="Run 0" assertions="3 total, 0 failed, 3 succeeded"/><testcase time="-9587.60972193675" classname="p2.S16.SomeLongLongLongLongLongTestName_156" name="Run 0" assertions="3 total, 0 failed, 3 succeeded"/><testcase time="-5890.960519194409" classname="p2.S16.SomeLongLongLongLongLongTestName_157" name="Run 0" assertions="3 total, 0 failed, 3 succeeded"/><testcase time="-9791.025848735488" classname="p2.S16.SomeLongLongLongLongLongTestName_158" name="Run 0" assertions="3 total, 0 failed, 3 succeeded"/><testcase time="-9072.196080066917" classname="p2.S16.SomeLongLongLongLongLongTestName_159" name="Run 0" assertions="3 total, 0 failed, 3 succeeded"/><testcase time="-4136.259937309345" classname="p2.S16.SomeLongLongLongLongLongTestName_160" name="Run 0" assertions="3 total, 0 failed, 3 succeeded"/><testcase time="-7438.60907954506" classname="p2.S16.SomeLongLongLongLongLongTestName_161" name="Run 0" assertions="3 total, 0 failed, 3 succeeded"/><testcase time="-4456.742055907061" classname="p2.S16.SomeLongLongLongLongLongTestName_162" name="Run 0" assertions="3 total, 0 failed, 3 succeeded"/><testcase time="-1249.3000875873379" classname="p2.S16.SomeLongLongLongLongLongTestName_163" name="Run 0" assertions="3 total, 0 failed, 3 succeeded"/><testcase time="-5279.43522963733" classname="p2.S16.SomeLongLongLongLongLongTestName_164" name="Run 0" assertions="3 total, 0 failed, 3 succeeded"/><testcase time="-5755.13632440635" classname="p2.S16.SomeLongLongLongLongLongTestName_165" name="Run 0" assertions="3 total, 0 failed, 3 succeeded"/><testcase time="-7611.529211567975" classname="p2.S16.SomeLongLongLongLongLongTestName_166" name="Run 0" assertions="3 total, 0 failed, 3 succeeded"/><testcase time="-7255.586084425956" classname="p2.S16.SomeLongLongLongLongLongTestName_167" name="Run 0" assertions="3 total, 0 failed, 3 succeeded"/><testcase time="-5342.75061317168" classname="p2.S16.SomeLongLongLongLongLongTestName_168" name="Run 0" assertions="3 total, 0 failed, 3 succeeded"/><testcase time="-6975.220567994321" classname="p2.S16.SomeLongLongLongLongLongTestName_169" name="Run 0" assertions="3 total, 0 failed, 3 succeeded"/><testcase time="-5578.959613746192" classname="p2.S16.SomeLongLongLongLongLongTestName_170" name="Run 0" assertions="3 total, 0 failed, 3 succeeded"/><testcase time="-5154.13052109703" classname="p2.S16.SomeLongLongLongLongLongTestName_171" name="Run 0" assertions="3 total, 0 failed, 3 succeeded"/><testcase time="-8997.80080972357" classname="p2.S16.SomeLongLongLongLongLongTestName_172" name="Run 0" assertions="3 total, 0 failed, 3 succeeded"/><testcase time="-1308.1080326820145" classname="p2.S16.SomeLongLongLongLongLongTestName_173" name="Run 0" assertions="3 total, 0 failed, 3 succeeded"/><testcase time="-6077.321156991761" classname="p2.S16.SomeLongLongLongLongLongTestName_174" name="Run 0" assertions="3 total, 0 failed, 3 succeeded"/><testcase time="-2719.706711849193" classname="p2.S16.SomeLongLongLongLongLongTestName_175" name="Run 0" assertions="3 total, 0 failed, 3 succeeded"/><testcase time="-5850.404934908145" classname="p2.S16.SomeLongLongLongLongLongTestName_176" name="Run 0" assertions="3 total, 0 failed, 3 succeeded"/><testcase time="-1252.557492682953" classname="p2.S16.SomeLongLongLongLongLongTestName_177" name="Run 0" assertions="3 total, 0 failed, 3 succeeded"/><testcase time="-5314.440459616867" classname="p2.S16.SomeLongLongLongLongLongTestName_178" name="Run 0" assertions="3 total, 0 failed, 3 succeeded"/><testcase time="-1280.082657489789" classname="p2.S16.SomeLongLongLongLongLongTestName_179" name="Run 0" assertions="3 total, 0 failed, 3 succeeded"/><testcase time="-2487.831993077526" classname="p2.S16.SomeLongLongLongLongLongTestName_180" name="Run 0" assertions="3 total, 0 failed, 3 succeeded"/><testcase time="-7935.403878327517" classname="p2.S16.SomeLongLongLongLongLongTestName_181" name="Run 0" assertions="3 total, 0 failed, 3 succeeded"/><testcase time="-4278.928113546998" classname="p2.S16.SomeLongLongLongLongLongTestName_182" name="Run 0" assertions="3 total, 0 failed, 3 succeeded"/><testcase time="-9498.010054983666" classname="p2.S16.SomeLongLongLongLongLongTestName_183" name="Run 0" assertions="3 total, 0 failed, 3 succeeded"/><testcase time="-6295.194462367217" classname="p2.S16.SomeLongLongLongLongLongTestName_184" name="Run 0" assertions="3 total, 0 failed, 3 succeeded"/><testcase time="-8030.518921637198" classname="p2.S16.SomeLongLongLongLongLongTestName_185" name="Run 0" assertions="3 total, 0 failed, 3 succeeded"/><testcase time="-1653.210455292854" classname="p2.S16.SomeLongLongLongLongLongTestName_186" name="Run 0" assertions="3 total, 0 failed, 3 succeeded"/><testcase time="-5134.609712064496" classname="p2.S16.SomeLongLongLongLongLongTestName_187" name="Run 0" assertions="3 total, 0 failed, 3 succeeded"/><testcase time="-3888.309933345384" classname="p2.S16.SomeLongLongLongLongLongTestName_188" name="Run 0" assertions="3 total, 0 failed, 3 succeeded"/><testcase time="-340.13115898017134" classname="p2.S16.SomeLongLongLongLongLongTestName_189" name="Run 0" assertions="3 total, 0 failed, 3 succeeded"/><testcase time="-5962.7411544886945" classname="p2.S16.SomeLongLongLongLongLongTestName_190" name="Run 0" assertions="3 total, 0 failed, 3 succeeded"/><testcase time="-7801.743917051137" classname="p2.S16.SomeLongLongLongLongLongTestName_191" name="Run 0" assertions="3 total, 0 failed, 3 succeeded"/><testcase time="-8490.903933181376" classname="p2.S16.SomeLongLongLongLongLongTestName_192" name="Run 0" assertions="3 total, 0 failed, 3 succeeded"/><testcase time="-6378.303361505323" classname="p2.S16.SomeLongLongLongLongLongTestName_193" name="Run 0" assertions="3 total, 0 failed, 3 succeeded"/><testcase time="-2087.253718661171" classname="p2.S16.SomeLongLongLongLongLongTestName_194" name="Run 0" assertions="3 total, 0 failed, 3 succeeded"/><testcase time="-247.9843629528591" classname="p2.S16.SomeLongLongLongLongLongTestName_195" name="Run 0" assertions="3 total, 0 failed, 3 succeeded"/><testcase time="-5787.773846900835" classname="p2.S16.SomeLongLongLongLongLongTestName_196" name="Run 0" assertions="3 total, 0 failed, 3 succeeded"/><testcase time="-5528.246818950099" classname="p2.S16.SomeLongLongLongLongLongTestName_197" name="Run 0" assertions="3 total, 0 failed, 3 succeeded"/><testcase time="-7237.453944162712" classname="p2.S16.SomeLongLongLongLongLongTestName_198" name="Run 0" assertions="3 total, 0 failed, 3 succeeded"/><testcase time="-1034.5701738153748" classname="p2.S16.SomeLongLongLongLongLongTestName_199" name="Run 0" assertions="3 total, 0 failed, 3 succeeded"/><testcase time="-7602.765773519824" classname="p2.S16.SomeLongLongLongLongLongTestName_200" name="Run 0" assertions="3 total, 0 failed, 3 succeeded"/><testcase time="-3068.0894234033603" classname="p2.S16.SomeLongLongLongLongLongTestName_201" name="Run 0" assertions="3 total, 0 failed, 3 succeeded"/><testcase time="-1180.0012917505817" classname="p2.S16.SomeLongLongLongLongLongTestName_202" name="Run 0" assertions="3 total, 0 failed, 3 succeeded"/><testcase time="-7156.978104013137" classname="p2.S16.SomeLongLongLongLongLongTestName_203" name="Run 0" assertions="3 total, 0 failed, 3 succeeded"/><testcase time="-674.5432685230037" classname="p2.S16.SomeLongLongLongLongLongTestName_204" name="Run 0" assertions="3 total, 0 failed, 3 succeeded"/><testcase time="-4660.100427500414" classname="p2.S16.SomeLongLongLongLongLongTestName_205" name="Run 0" assertions="3 total, 0 failed, 3 succeeded"/><testcase time="-9337.257165628724" classname="p2.S16.SomeLongLongLongLongLongTestName_206" name="Run 0" assertions="3 total, 0 failed, 3 succeeded"/><testcase time="-690.1131427001634" classname="p2.S16.SomeLongLongLongLongLongTestName_207" name="Run 0" assertions="3 total, 0 failed, 3 succeeded"/><testcase time="-4762.239258537626" classname="p2.S16.SomeLongLongLongLongLongTestName_208" name="Run 0" assertions="3 total, 0 failed, 3 succeeded"/><testcase time="-9130.501311211307" classname="p2.S16.SomeLongLongLongLongLongTestName_209" name="Run 0" assertions="3 total, 0 failed, 3 succeeded"/><testcase time="-3398.1547108181076" classname="p2.S16.SomeLongLongLongLongLongTestName_210" name="Run 0" assertions="3 total, 0 failed, 3 succeeded"/><testcase time="-9897.515360610378" classname="p2.S16.SomeLongLongLongLongLongTestName_211" name="Run 0" assertions="3 total, 0 failed, 3 succeeded"/><testcase time="-8296.545904244358" classname="p2.S16.SomeLongLongLongLongLongTestName_212" name="Run 0" assertions="3 total, 0 failed, 3 succeeded"/><testcase time="-9419.065379055133" classname="p2.S16.SomeLongLongLongLongLongTestName_213" name="Run 0" assertions="3 total, 0 failed, 3 succeeded"/><testcase time="-4660.725664503898" classname="p2.S16.SomeLongLongLongLongLongTestName_214" name="Run 0" assertions="3 total, 0 failed, 3 succeeded"/><testcase time="-1866.4212320511042" classname="p2.S16.SomeLongLongLongLongLongTestName_215" name="Run 0" assertions="3 total, 0 failed, 3 succeeded"/><testcase time="-689.9665470873429" classname="p2.S16.SomeLongLongLongLongLongTestName_216" name="Run 0" assertions="3 total, 0 failed, 3 succeeded"/><testcase time="-7284.263000343448" classname="p2.S16.SomeLongLongLongLongLongTestName_217" name="Run 0" assertions="3 total, 0 failed, 3 succeeded"/><testcase time="-4750.885971353499" classname="p2.S16.SomeLongLongLongLongLongTestName_218" name="Run 0" assertions="3 total, 0 failed, 3 succeeded"/><testcase time="-9600.989781596218" classname="p2.S16.SomeLongLongLongLongLongTestName_219" name="Run 0" assertions="3 total, 0 failed, 3 succeeded"/><testcase time="-1832.9803530483937" classname="p2.S16.SomeLongLongLongLongLongTestName_220" name="Run 0" assertions="3 total, 0 failed, 3 succeeded"/><testcase time="-8854.638814521179" classname="p2.S16.SomeLongLongLongLongLongTestName_221" name="Run 0" assertions="3 total, 0 failed, 3 succeeded"/><testcase time="-6013.0047333692" classname="p2.S16.SomeLongLongLongLongLongTestName_222" name="Run 0" assertions="3 total, 0 failed, 3 succeeded"/><testcase time="-5193.603876054474" classname="p2.S16.SomeLongLongLongLongLongTestName_223" name="Run 0" assertions="3 total, 0 failed, 3 succeeded"/><testcase time="-4207.915401415035" classname="p2.S16.SomeLongLongLongLongLongTestName_224" name="Run 0" assertions="3 total, 0 failed, 3 succeeded"/><testcase time="-3261.579495663558" classname="p2.S16.SomeLongLongLongLongLongTestName_225" name="Run 0" assertions="3 total, 0 failed, 3 succeeded"/><testcase time="-9558.147294176819" classname="p2.S16.SomeLongLongLongLongLongTestName_226" name="Run 0" assertions="3 total, 0 failed, 3 succeeded"/><testcase time="-6368.3600926221525" classname="p2.S16.SomeLongLongLongLongLongTestName_227" name="Run 0" assertions="3 total, 0 failed, 3 succeeded"/><testcase time="-1954.6056572990785" classname="p2.S16.SomeLongLongLongLongLongTestName_228" name="Run 0" assertions="3 total, 0 failed, 3 succeeded"/><testcase time="-7379.269745102507" classname="p2.S16.SomeLongLongLongLongLongTestName_229" name="Run 0" assertions="3 total, 0 failed, 3 succeeded"/><testcase time="-575.488772301718" classname="p2.S16.SomeLongLongLongLongLongTestName_230" name="Run 0" assertions="3 total, 0 failed, 3 succeeded"/><testcase time="-2427.3904968593297" classname="p2.S16.SomeLongLongLongLongLongTestName_231" name="Run 0" assertions="3 total, 0 failed, 3 succeeded"/><testcase time="-7.31725943592523" classname="p2.S16.SomeLongLongLongLongLongTestName_232" name="Run 0" assertions="3 total, 0 failed, 3 succeeded"/><testcase time="-8514.507649671219" classname="p2.S16.SomeLongLongLongLongLongTestName_233" name="Run 0" assertions="3 total, 0 failed, 3 succeeded"/><testcase time="-1788.8971949602164" classname="p2.S16.SomeLongLongLongLongLongTestName_234" name="Run 0" assertions="3 total, 0 failed, 3 succeeded"/><testcase time="-3915.488661270855" classname="p2.S16.SomeLongLongLongLongLongTestName_235" name="Run 0" assertions="3 total, 0 failed, 3 succeeded"/><testcase time="-1234.0887795378617" classname="p2.S16.SomeLongLongLongLongLongTestName_236" name="Run 0" assertions="3 total, 0 failed, 3 succeeded"/><testcase time="-5736.064356100755" classname="p2.S16.SomeLongLongLongLongLongTestName_237" name="Run 0" assertions="3 total, 0 failed, 3 succeeded"/><testcase time="-5718.655723764956" classname="p2.S16.SomeLongLongLongLongLongTestName_238" name="Run 0" assertions="3 total, 0 failed, 3 succeeded"/><testcase time="-6652.640296835018" classname="p2.S16.SomeLongLongLongLongLongTestName_239" name="Run 0" assertions="3 total, 0 failed, 3 succeeded"/><testcase time="-5448.349760626912" classname="p2.S16.SomeLongLongLongLongLongTestName_240" name="Run 0" assertions="3 total, 0 failed, 3 succeeded"/><testcase time="-775.1081821099227" classname="p2.S16.SomeLongLongLongLongLongTestName_241" name="Run 0" assertions="3 total, 0 failed, 3 succeeded"/><testcase time="-857.5724144694121" classname="p2.S16.SomeLongLongLongLongLongTestName_242" name="Run 0" assertions="3 total, 0 failed, 3 succeeded"/><testcase time="-3118.3333743076655" classname="p2.S16.SomeLongLongLongLongLongTestName_243" name="Run 0" assertions="3 total, 0 failed, 3 succeeded"/><testcase time="-2699.3891537101795" classname="p2.S16.SomeLongLongLongLongLongTestName_244" name="Run 0" assertions="3 total, 0 failed, 3 succeeded"/><testcase time="-9585.553155232348" classname="p2.S16.SomeLongLongLongLongLongTestName_245" name="Run 0" assertions="3 total, 0 failed, 3 succeeded"/><testcase time="-1985.252126575743" classname="p2.S16.SomeLongLongLongLongLongTestName_246" name="Run 0" assertions="3 total, 0 failed, 3 succeeded"/><testcase time="-8910.28423767056" classname="p2.S16.SomeLongLongLongLongLongTestName_247" name="Run 0" assertions="3 total, 0 failed, 3 succeeded"/><testcase time="-5594.804182307622" classname="p2.S16.SomeLongLongLongLongLongTestName_248" name="Run 0" assertions="3 total, 0 failed, 3 succeeded"/><testcase time="-4992.655010388204" classname="p2.S16.SomeLongLongLongLongLongTestName_249" name="Run 0" assertions="3 total, 0 failed, 3 succeeded"/><testcase time="-7425.080570509048" classname="p2.S16.SomeLongLongLongLongLongTestName_250" name="Run 0" assertions="3 total, 0 failed, 3 succeeded"/><testcase time="-4239.58090859387" classname="p2.S16.SomeLongLongLongLongLongTestName_251" name="Run 0" assertions="3 total, 0 failed, 3 succeeded"/><testcase time="1.337011324714254" classname="p2.S16.SomeLongLongLongLongLongTestName_252" name="Run 0" assertions="3 total, 0 failed, 3 succeeded"/><testcase time="-3416.5469628188043" classname="p2.S16.SomeLongLongLongLongLongTestName_253" name="Run 0" assertions="3 total, 0 failed, 3 succeeded"/><testcase time="-4674.872833539781" classname="p2.S16.SomeLongLongLongLongLongTestName_254" name="Run 0" assertions="3 total, 0 failed, 3 succeeded"/><testcase time="-8703.673020816963" classname="p2.S16.SomeLongLongLongLongLongTestName_255" name="Run 0" assertions="3 total, 0 failed, 3 succeeded"/><testcase time="-593.2862068789645" classname="p2.S16.SomeLongLongLongLongLongTestName_256" name="Run 0" assertions="3 total, 0 failed, 3 succeeded"/><testcase time="-7323.157452085747" classname="p2.S16.SomeLongLongLongLongLongTestName_257" name="Run 0" assertions="3 total, 0 failed, 3 succeeded"/><testcase time="-3992.732031754693" classname="p2.S16.SomeLongLongLongLongLongTestName_258" name="Run 0" assertions="3 total, 0 failed, 3 succeeded"/><testcase time="-8510.652060568847" classname="p2.S16.SomeLongLongLongLongLongTestName_259" name="Run 0" assertions="3 total, 0 failed, 3 succeeded"/><testcase time="-8409.869259217174" classname="p2.S16.SomeLongLongLongLongLongTestName_260" name="Run 0" assertions="3 total, 0 failed, 3 succeeded"/><testcase time="-8764.164441637735" classname="p2.S16.SomeLongLongLongLongLongTestName_261" name="Run 0" assertions="3 total, 0 failed, 3 succeeded"/><testcase time="-5939.303120350004" classname="p2.S16.SomeLongLongLongLongLongTestName_262" name="Run 0" assertions="3 total, 0 failed, 3 succeeded"/><testcase time="-3320.8620889932213" classname="p2.S16.SomeLongLongLongLongLongTestName_263" name="Run 0" assertions="3 total, 0 failed, 3 succeeded"/><testcase time="-627.036867571254" classname="p2.S16.SomeLongLongLongLongLongTestName_264" name="Run 0" assertions="3 total, 0 failed, 3 succeeded"/><testcase time="-8629.360643439011" classname="p2.S16.SomeLongLongLongLongLongTestName_265" name="Run 0" assertions="3 total, 0 failed, 3 succeeded"/><testcase time="-9732.241094440704" classname="p2.S16.SomeLongLongLongLongLongTestName_266" name="Run 0" assertions="3 total, 0 failed, 3 succeeded"/><testcase time="-4004.4019204708575" classname="p2.S16.SomeLongLongLongLongLongTestName_267" name="Run 0" assertions="3 total, 0 failed, 3 succeeded"/><testcase time="-8240.120599171983" classname="p2.S16.SomeLongLongLongLongLongTestName_268" name="Run 0" assertions="3 total, 0 failed, 3 succeeded"/><testcase time="40.65036916305482" classname="p2.S16.SomeLongLongLongLongLongTestName_269" name="Run 0" assertions="3 total, 0 failed, 3 succeeded"/><testcase time="-3098.6964769000774" classname="p2.S16.SomeLongLongLongLongLongTestName_270" name="Run 0" assertions="3 total, 0 failed, 3 succeeded"/><testcase time="-8906.009320222825" classname="p2.S16.SomeLongLongLongLongLongTestName_271" name="Run 0" assertions="3 total, 0 failed, 3 succeeded"/><testcase time="-6779.424503811693" classname="p2.S16.SomeLongLongLongLongLongTestName_272" name="Run 0" assertions="3 total, 0 failed, 3 succeeded"/><testcase time="-5460.805908842284" classname="p2.S16.SomeLongLongLongLongLongTestName_273" name="Run 0" assertions="3 total, 0 failed, 3 succeeded"/><testcase time="-1079.0239343461635" classname="p2.S16.SomeLongLongLongLongLongTestName_274" name="Run 0" assertions="3 total, 0 failed, 3 succeeded"/><testcase time="-2057.4377827896337" classname="p2.S16.SomeLongLongLongLongLongTestName_275" name="Run 0" assertions="3 total, 0 failed, 3 succeeded"/><testcase time="-5729.159697181493" classname="p2.S16.SomeLongLongLongLongLongTestName_276" name="Run 0" assertions="3 total, 0 failed, 3 succeeded"/><testcase time="-864.172560309461" classname="p2.S16.SomeLongLongLongLongLongTestName_277" name="Run 0" assertions="3 total, 0 failed, 3 succeeded"/><testcase time="-9519.514162912543" classname="p2.S16.SomeLongLongLongLongLongTestName_278" name="Run 0" assertions="3 total, 0 failed, 3 succeeded"/><testcase time="-4582.762612947174" classname="p2.S16.SomeLongLongLongLongLongTestName_279" name="Run 0" assertions="3 total, 0 failed, 3 succeeded"/><testcase time="-8248.310223138" classname="p2.S16.SomeLongLongLongLongLongTestName_280" name="Run 0" assertions="3 total, 0 failed, 3 succeeded"/><testcase time="-52.331473441253785" classname="p2.S16.SomeLongLongLongLongLongTestName_281" name="Run 0" assertions="3 total, 0 failed, 3 succeeded"/><testcase time="-1420.9505237079172" classname="p2.S16.SomeLongLongLongLongLongTestName_282" name="Run 0" assertions="3 total, 0 failed, 3 succeeded"/><testcase time="-3500.0382520316093" classname="p2.S16.SomeLongLongLongLongLongTestName_283" name="Run 0" assertions="3 total, 0 failed, 3 succeeded"/><testcase time="-7644.550049353725" classname="p2.S16.SomeLongLongLongLongLongTestName_284" name="Run 0" assertions="3 total, 0 failed, 3 succeeded"/><testcase time="-825.4438023271357" classname="p2.S16.SomeLongLongLongLongLongTestName_285" name="Run 0" assertions="3 total, 0 failed, 3 succeeded"/><testcase time="0" classname="p2.S16.SomeLongLongLongLongLongTestName_286" name="Run 0" assertions="3 total, 0 failed, 3 succeeded"><skipped type="Skipped" message="This test was disabled."/></testcase><testcase time="0" classname="p2.S16.SomeLongLongLongLongLongTestName_287" name="Run 0" assertions="3 total, 0 failed, 3 succeeded"><skipped type="Skipped" message="This test was disabled."/></testcase><testcase time="0" classname="p2.S16.SomeLongLongLongLongLongTestName_288" name="Run 0" assertions="3 total, 0 failed, 3 succeeded"><skipped type="Skipped" message="This test was disabled."/></testcase><testcase time="0" classname="p2.S16.SomeLongLongLongLongLongTestName_289" name="Run 0" assertions="3 total, 0 failed, 3 succeeded"><skipped type="Skipped" message="This test was disabled."/></testcase><testcase time="0" classname="p2.S16.SomeLongLongLongLongLongTestName_290" name="Run 0" assertions="3 total, 0 failed, 3 succeeded"><skipped type="Skipped" message="This test was disabled."/></testcase><testcase time="0" classname="p2.S16.SomeLongLongLongLongLongTestName_291" name="Run 0" assertions="3 total, 0 failed, 3 succeeded"><skipped type="Skipped" message="This test was disabled."/></testcase><testcase time="0" classname="p2.S16.SomeLongLongLongLongLongTestName_292" name="Run 0" assertions="3 total, 0 failed, 3 succeeded"><skipped type="Skipped" message="This test was disabled."/></testcase><testcase time="0" classname="p2.S16.SomeLongLongLongLongLongTestName_293" name="Run 0" assertions="3 total, 0 failed, 3 succeeded"><skipped type="Skipped" message="This test was disabled."/></testcase><testcase time="0" classname="p2.S16.SomeLongLongLongLongLongTestName_294" name="Run 0" assertions="3 total, 0 failed, 3 succeeded"><skipped type="Skipped" message="This test was disabled."/></testcase><testcase time="0" classname="p2.S16.SomeLongLongLongLongLongTestName_295" name="Run 0" assertions="3 total, 0 failed, 3 succeeded"><skipped type="Skipped" message="This test was disabled."/></testcase><testcase time="0" classname="p2.S16.SomeLongLongLongLongLongTestName_296" name="Run 0" assertions="3 total, 0 failed, 3 succeeded"><skipped type="Skipped" message="This test was disabled."/></testcase><testcase time="0" classname="p2.S16.SomeLongLongLongLongLongTestName_297" name="Run 0" assertions="3 total, 0 failed, 3 succeeded"><skipped type="Skipped" message="This test was disabled."/></testcase><testcase time="0" classname="p2.S16.SomeLongLongLongLongLongTestName_298" name="Run 0" assertions="3 total, 0 failed, 3 succeeded"><skipped type="Skipped" message="This test was disabled."/></testcase><testcase time="0" classname="p2.S16.SomeLongLongLongLongLongTestName_299" name="Run 0" assertions="3 total, 0 failed, 3 succeeded"><skipped type="Skipped" message="This test was disabled."/></testcase><testcase time="0" classname="p2.S16.SomeLongLongLongLongLongTestName_300" name="Run 0" assertions="3 total, 0 failed, 3 succeeded"><skipped type="Skipped" message="This test was disabled."/></testcase><testcase time="0" classname="p2.S16.SomeLongLongLongLongLongTestName_301" name="Run 0" assertions="3 total, 0 failed, 3 succeeded"><skipped type="Skipped" message="This test was disabled."/></testcase><testcase time="0" classname="p2.S16.SomeLongLongLongLongLongTestName_302" name="Run 0" assertions="3 total, 0 failed, 3 succeeded"><skipped type="Skipped" message="This test was disabled."/></testcase><testcase time="0" classname="p2.S16.SomeLongLongLongLongLongTestName_303" name="Run 0" assertions="3 total, 0 failed, 3 succeeded"><skipped type="Skipped" message="This test was disabled."/></testcase><testcase time="0" classname="p2.S16.SomeLongLongLongLongLongTestName_304" name="Run 0" assertions="3 total, 0 failed, 3 succeeded"><skipped type="Skipped" message="This test was disabled."/></testcase><testcase time="0" classname="p2.S16.SomeLongLongLongLongLongTestName_305" name="Run 0" assertions="3 total, 0 failed, 3 succeeded"><skipped type="Skipped" message="This test was disabled."/></testcase><testcase time="0" classname="p2.S16.SomeLongLongLongLongLongTestName_306" name="Run 0" assertions="3 total, 0 failed, 3 succeeded"><skipped type="Skipped" message="This test was disabled."/></testcase><testcase time="0" classname="p2.S16.SomeLongLongLongLongLongTestName_307" name="Run 0" assertions="3 total, 0 failed, 3 succeeded"><skipped type="Skipped" message="This test was disabled."/></testcase><testcase time="0" classname="p2.S16.SomeLongLongLongLongLongTestName_308" name="Run 0" assertions="3 total, 0 failed, 3 succeeded"><skipped type="Skipped" message="This test was disabled."/></testcase><testcase time="0" classname="p2.S16.SomeLongLongLongLongLongTestName_309" name="Run 0" assertions="3 total, 0 failed, 3 succeeded"><skipped type="Skipped" message="This test was disabled."/></testcase><testcase time="0" classname="p2.S16.SomeLongLongLongLongLongTestName_310" name="Run 0" assertions="3 total, 0 failed, 3 succeeded"><skipped type="Skipped" message="This test was disabled."/></testcase><testcase time="0" classname="p2.S16.SomeLongLongLongLongLongTestName_311" name="Run 0" assertions="3 total, 0 failed, 3 succeeded"><skipped type="Skipped" message="This test was disabled."/></testcase><testcase time="0" classname="p2.S16.SomeLongLongLongLongLongTestName_312" name="Run 0" assertions="3 total, 0 failed, 3 succeeded"><skipped type="Skipped" message="This test was disabled."/></testcase><testcase time="0" classname="p2.S16.SomeLongLongLongLongLongTestName_313" name="Run 0" assertions="3 total, 0 failed, 3 succeeded"><skipped type="Skipped" message="This test was disabled."/></testcase><testcase time="0" classname="p2.S16.SomeLongLongLongLongLongTestName_314" name="Run 0" assertions="3 total, 0 failed, 3 succeeded"><skipped type="Skipped" message="This test was disabled."/></testcase><testcase time="0" classname="p2.S16.SomeLongLongLongLongLongTestName_315" name="Run 0" assertions="3 total, 0 failed, 3 succeeded"><skipped type="Skipped" message="This test was disabled."/></testcase><testcase time="0" classname="p2.S16.SomeLongLongLongLongLongTestName_316" name="Run 0" assertions="3 total, 0 failed, 3 succeeded"><skipped type="Skipped" message="This test was disabled."/></testcase><testcase time="0" classname="p2.S16.SomeLongLongLongLongLongTestName_317" name="Run 0" assertions="3 total, 0 failed, 3 succeeded"><skipped type="Skipped" message="This test was disabled."/></testcase><testcase time="0" classname="p2.S16.SomeLongLongLongLongLongTestName_318" name="Run 0" assertions="3 total, 0 failed, 3 succeeded"><skipped type="Skipped" message="This test was disabled."/></testcase><testcase time="0" classname="p2.S16.SomeLongLongLongLongLongTestName_319" name="Run 0" assertions="3 total, 0 failed, 3 succeeded"><skipped type="Skipped" message="This test was disabled."/></testcase><testcase time="0" classname="p2.S16.SomeLongLongLongLongLongTestName_320" name="Run 0" assertions="3 total, 0 failed, 3 succeeded"><skipped type="Skipped" message="This test was disabled."/></testcase><testcase time="0" classname="p2.S16.SomeLongLongLongLongLongTestName_321" name="Run 0" assertions="3 total, 0 failed, 3 succeeded"><skipped type="Skipped" message="This test was disabled."/></testcase><testcase time="0" classname="p2.S16.SomeLongLongLongLongLongTestName_322" name="Run 0" assertions="3 total, 0 failed, 3 succeeded"><skipped type="Skipped" message="This test was disabled."/></testcase><testcase time="0" classname="p2.S16.SomeLongLongLongLongLongTestName_323" name="Run 0" assertions="3 total, 0 failed, 3 succeeded"><skipped type="Skipped" message="This test was disabled."/></testcase><testcase time="0" classname="p2.S16.SomeLongLongLongLongLongTestName_324" name="Run 0" assertions="3 total, 0 failed, 3 succeeded"><skipped type="Skipped" message="This test was disabled."/></testcase><testcase time="0" classname="p2.S16.SomeLongLongLongLongLongTestName_325" name="Run 0" assertions="3 total, 0 failed, 3 succeeded"><skipped type="Skipped" message="This test was disabled."/></testcase><testcase time="0" classname="p2.S16.SomeLongLongLongLongLongTestName_326" name="Run 0" assertions="3 total, 0 failed, 3 succeeded"><skipped type="Skipped" message="This test was disabled."/></testcase><testcase time="0" classname="p2.S16.SomeLongLongLongLongLongTestName_327" name="Run 0" assertions="3 total, 0 failed, 3 succeeded"><skipped type="Skipped" message="This test was disabled."/></testcase><testcase time="0" classname="p2.S16.SomeLongLongLongLongLongTestName_328" name="Run 0" assertions="3 total, 0 failed, 3 succeeded"><skipped type="Skipped" message="This test was disabled."/></testcase><testcase time="0" classname="p2.S16.SomeLongLongLongLongLongTestName_329" name="Run 0" assertions="3 total, 0 failed, 3 succeeded"><skipped type="Skipped" message="This test was disabled."/></testcase><testcase time="0" classname="p2.S16.SomeLongLongLongLongLongTestName_330" name="Run 0" assertions="3 total, 0 failed, 3 succeeded"><skipped type="Skipped" message="This test was disabled."/></testcase><testcase time="0" classname="p2.S16.SomeLongLongLongLongLongTestName_331" name="Run 0" assertions="3 total, 0 failed, 3 succeeded"><skipped type="Skipped" message="This test was disabled."/></testcase><testcase time="0" classname="p2.S16.SomeLongLongLongLongLongTestName_332" name="Run 0" assertions="3 total, 0 failed, 3 succeeded"><skipped type="Skipped" message="This test was disabled."/></testcase><testcase time="0" classname="p2.S16.SomeLongLongLongLongLongTestName_333" name="Run 0" assertions="3 total, 0 failed, 3 succeeded"><skipped type="Skipped" message="This test was disabled."/></testcase><testcase time="0" classname="p2.S16.SomeLongLongLongLongLongTestName_334" name="Run 0" assertions="3 total, 0 failed, 3 succeeded"><skipped type="Skipped" message="This test was disabled."/></testcase><testcase time="0" classname="p2.S16.SomeLongLongLongLongLongTestName_335" name="Run 0" assertions="3 total, 0 failed, 3 succeeded"><skipped type="Skipped" message="This test was disabled."/></testcase><testcase time="0" classname="p2.S16.SomeLongLongLongLongLongTestName_336" name="Run 0" assertions="3 total, 0 failed, 3 succeeded"><skipped type="Skipped" message="This test was disabled."/></testcase><testcase time="0" classname="p2.S16.SomeLongLongLongLongLongTestName_337" name="Run 0" assertions="3 total, 0 failed, 3 succeeded"><skipped type="Skipped" message="This test was disabled."/></testcase><testcase time="0" classname="p2.S16.SomeLongLongLongLongLongTestName_338" name="Run 0" assertions="3 total, 0 failed, 3 succeeded"><skipped type="Skipped" message="This test was disabled."/></testcase><testcase time="0" classname="p2.S16.SomeLongLongLongLongLongTestName_339" name="Run 0" assertions="3 total, 0 failed, 3 succeeded"><skipped type="Skipped" message="This test was disabled."/></testcase><testcase time="0" classname="p2.S16.SomeLongLongLongLongLongTestName_340" name="Run 0" assertions="3 total, 0 failed, 3 succeeded"><skipped type="Skipped" message="This test was disabled."/></testcase><testcase time="0" classname="p2.S16.SomeLongLongLongLongLongTestName_341" name="Run 0" assertions="3 total, 0 failed, 3 succeeded"><skipped type="Skipped" message="This test was disabled."/></testcase><testcase time="0" classname="p2.S16.SomeLongLongLongLongLongTestName_342" name="Run 0" assertions="3 total, 0 failed, 3 succeeded"><skipped type="Skipped" message="This test was disabled."/></testcase><testcase time="0" classname="p2.S16.SomeLongLongLongLongLongTestName_343" name="Run 0" assertions="3 total, 0 failed, 3 succeeded"><skipped type="Skipped" message="This test was disabled."/></testcase><testcase time="0" classname="p2.S16.SomeLongLongLongLongLongTestName_344" name="Run 0" assertions="3 total, 0 failed, 3 succeeded"><skipped type="Skipped" message="This test was disabled."/></testcase><testcase time="0" classname="p2.S16.SomeLongLongLongLongLongTestName_345" name="Run 0" assertions="3 total, 0 failed, 3 succeeded"><skipped type="Skipped" message="This test was disabled."/></testcase><testcase time="0" classname="p2.S16.SomeLongLongLongLongLongTestName_346" name="Run 0" assertions="3 total, 0 failed, 3 succeeded"><skipped type="Skipped" message="This test was disabled."/></testcase><testcase time="0" classname="p2.S16.SomeLongLongLongLongLongTestName_347" name="Run 0" assertions="3 total, 0 failed, 3 succeeded"><skipped type="Skipped" message="This test was disabled."/></testcase><testcase time="0" classname="p2.S16.SomeLongLongLongLongLongTestName_348" name="Run 0" assertions="3 total, 0 failed, 3 succeeded"><skipped type="Skipped" message="This test was disabled."/></testcase><testcase time="0" classname="p2.S16.SomeLongLongLongLongLongTestName_349" name="Run 0" assertions="3 total, 0 failed, 3 succeeded"><skipped type="Skipped" message="This test was disabled."/></testcase><testcase time="0" classname="p2.S16.SomeLongLongLongLongLongTestName_350" name="Run 0" assertions="3 total, 0 failed, 3 succeeded"><skipped type="Skipped" message="This test was disabled."/></testcase><testcase time="0" classname="p2.S16.SomeLongLongLongLongLongTestName_351" name="Run 0" assertions="3 total, 0 failed, 3 succeeded"><skipped type="Skipped" message="This test was disabled."/></testcase><testcase time="0" classname="p2.S16.SomeLongLongLongLongLongTestName_352" name="Run 0" assertions="3 total, 0 failed, 3 succeeded"><skipped type="Skipped" message="This test was disabled."/></testcase><testcase time="0" classname="p2.S16.SomeLongLongLongLongLongTestName_353" name="Run 0" assertions="3 total, 0 failed, 3 succeeded"><skipped type="Skipped" message="This test was disabled."/></testcase><testcase time="0" classname="p2.S16.SomeLongLongLongLongLongTestName_354" name="Run 0" assertions="3 total, 0 failed, 3 succeeded"><skipped type="Skipped" message="This test was disabled."/></testcase><testcase time="0" classname="p2.S16.SomeLongLongLongLongLongTestName_355" name="Run 0" assertions="3 total, 0 failed, 3 succeeded"><skipped type="Skipped" message="This test was disabled."/></testcase><testcase time="0" classname="p2.S16.SomeLongLongLongLongLongTestName_356" name="Run 0" assertions="3 total, 0 failed, 3 succeeded"><skipped type="Skipped" message="This test was disabled."/></testcase><testcase time="0" classname="p2.S16.SomeLongLongLongLongLongTestName_357" name="Run 0" assertions="3 total, 0 failed, 3 succeeded"><skipped type="Skipped" message="This test was disabled."/></testcase><testcase time="0" classname="p2.S16.SomeLongLongLongLongLongTestName_358" name="Run 0" assertions="3 total, 0 failed, 3 succeeded"><skipped type="Skipped" message="This test was disabled."/></testcase><testcase time="0" classname="p2.S16.SomeLongLongLongLongLongTestName_359" name="Run 0" assertions="3 total, 0 failed, 3 succeeded"><skipped type="Skipped" message="This test was disabled."/></testcase><testcase time="0" classname="p2.S16.SomeLongLongLongLongLongTestName_360" name="Run 0" assertions="3 total, 0 failed, 3 succeeded"><skipped type="Skipped" message="This test was disabled."/></testcase><testcase time="0" classname="p2.S16.SomeLongLongLongLongLongTestName_361" name="Run 0" assertions="3 total, 0 failed, 3 succeeded"><skipped type="Skipped" message="This test was disabled."/></testcase><testcase time="0" classname="p2.S16.SomeLongLongLongLongLongTestName_362" name="Run 0" assertions="3 total, 0 failed, 3 succeeded"><skipped type="Skipped" message="This test was disabled."/></testcase><testcase time="0" classname="p2.S16.SomeLongLongLongLongLongTestName_363" name="Run 0" assertions="3 total, 0 failed, 3 succeeded"><skipped type="Skipped" message="This test was disabled."/></testcase><testcase time="0" classname="p2.S16.SomeLongLongLongLongLongTestName_364" name="Run 0" assertions="3 total, 0 failed, 3 succeeded"><skipped type="Skipped" message="This test was disabled."/></testcase><testcase time="0" classname="p2.S16.SomeLongLongLongLongLongTestName_365" name="Run 0" assertions="3 total, 0 failed, 3 succeeded"><skipped type="Skipped" message="This test was disabled."/></testcase><testcase time="0" classname="p2.S16.SomeLongLongLongLongLongTestName_366" name="Run 0" assertions="3 total, 0 failed, 3 succeeded"><skipped type="Skipped" message="This test was disabled."/></testcase><testcase time="0" classname="p2.S16.SomeLongLongLongLongLongTestName_367" name="Run 0" assertions="3 total, 0 failed, 3 succeeded"><skipped type="Skipped" message="This test was disabled."/></testcase><testcase time="0" classname="p2.S16.SomeLongLongLongLongLongTestName_368" name="Run 0" assertions="3 total, 0 failed, 3 succeeded"><skipped type="Skipped" message="This test was disabled."/></testcase><testcase time="0" classname="p2.S16.SomeLongLongLongLongLongTestName_369" name="Run 0" assertions="3 total, 0 failed, 3 succeeded"><skipped type="Skipped" message="This test was disabled."/></testcase><testcase time="0" classname="p2.S16.SomeLongLongLongLongLongTestName_370" name="Run 0" assertions="3 total, 0 failed, 3 succeeded"><skipped type="Skipped" message="This test was disabled."/></testcase><testcase time="0" classname="p2.S16.SomeLongLongLongLongLongTestName_371" name="Run 0" assertions="3 total, 0 failed, 3 succeeded"><skipped type="Skipped" message="This test was disabled."/></testcase><testcase time="0" classname="p2.S16.SomeLongLongLongLongLongTestName_372" name="Run 0" assertions="3 total, 0 failed, 3 succeeded"><skipped type="Skipped" message="This test was disabled."/></testcase><testcase time="0" classname="p2.S16.SomeLongLongLongLongLongTestName_373" name="Run 0" assertions="3 total, 0 failed, 3 succeeded"><skipped type="Skipped" message="This test was disabled."/></testcase><testcase time="0" classname="p2.S16.SomeLongLongLongLongLongTestName_374" name="Run 0" assertions="3 total, 0 failed, 3 succeeded"><skipped type="Skipped" message="This test was disabled."/></testcase><testcase time="0" classname="p2.S16.SomeLongLongLongLongLongTestName_375" name="Run 0" assertions="3 total, 0 failed, 3 succeeded"><skipped type="Skipped" message="This test was disabled."/></testcase><testcase time="0" classname="p2.S16.SomeLongLongLongLongLongTestName_376" name="Run 0" assertions="3 total, 0 failed, 3 succeeded"><skipped type="Skipped" message="This test was disabled."/></testcase><testcase time="0" classname="p2.S16.SomeLongLongLongLongLongTestName_377" name="Run 0" assertions="3 total, 0 failed, 3 succeeded"><skipped type="Skipped" message="This test was disabled."/></testcase><testcase time="0" classname="p2.S16.SomeLongLongLongLongLongTestName_378" name="Run 0" assertions="3 total, 0 failed, 3 succeeded"><skipped type="Skipped" message="This test was disabled."/></testcase><testcase time="0" classname="p2.S16.SomeLongLongLongLongLongTestName_379" name="Run 0" assertions="3 total, 0 failed, 3 succeeded"><skipped type="Skipped" message="This test was disabled."/></testcase><testcase time="0" classname="p2.S16.SomeLongLongLongLongLongTestName_380" name="Run 0" assertions="3 total, 0 failed, 3 succeeded"><skipped type="Skipped" message="This test was disabled."/></testcase><testcase time="0" classname="p2.S16.SomeLongLongLongLongLongTestName_381" name="Run 0" assertions="3 total, 0 failed, 3 succeeded"><skipped type="Skipped" message="This test was disabled."/></testcase><testcase time="0" classname="p2.S16.SomeLongLongLongLongLongTestName_382" name="Run 0" assertions="3 total, 0 failed, 3 succeeded"><skipped type="Skipped" message="This test was disabled."/></testcase><testcase time="0" classname="p2.S16.SomeLongLongLongLongLongTestName_383" name="Run 0" assertions="3 total, 0 failed, 3 succeeded"><skipped type="Skipped" message="This test was disabled."/></testcase><testcase time="0" classname="p2.S16.SomeLongLongLongLongLongTestName_384" name="Run 0" assertions="3 total, 0 failed, 3 succeeded"><skipped type="Skipped" message="This test was disabled."/></testcase><testcase time="0" classname="p2.S16.SomeLongLongLongLongLongTestName_385" name="Run 0" assertions="3 total, 0 failed, 3 succeeded"><skipped type="Skipped" message="This test was disabled."/></testcase><testcase time="0" classname="p2.S16.SomeLongLongLongLongLongTestName_386" name="Run 0" assertions="3 total, 0 failed, 3 succeeded"><skipped type="Skipped" message="This test was disabled."/></testcase><testcase time="0" classname="p2.S16.SomeLongLongLongLongLongTestName_387" name="Run 0" assertions="3 total, 0 failed, 3 succeeded"><skipped type="Skipped" message="This test was disabled."/></testcase><testcase time="0" classname="p2.S16.SomeLongLongLongLongLongTestName_388" name="Run 0" assertions="3 total, 0 failed, 3 succeeded"><skipped type="Skipped" message="This test was disabled."/></testcase><testcase time="0" classname="p2.S16.SomeLongLongLongLongLongTestName_389" name="Run 0" assertions="3 total, 0 failed, 3 succeeded"><skipped type="Skipped" message="This test was disabled."/></testcase><testcase time="0" classname="p2.S16.SomeLongLongLongLongLongTestName_390" name="Run 0" assertions="3 total, 0 failed, 3 succeeded"><skipped type="Skipped" message="This test was disabled."/></testcase><testcase time="0" classname="p2.S16.SomeLongLongLongLongLongTestName_391" name="Run 0" assertions="3 total, 0 failed, 3 succeeded"><skipped type="Skipped" message="This test was disabled."/></testcase><testcase time="0" classname="p2.S16.SomeLongLongLongLongLongTestName_392" name="Run 0" assertions="3 total, 0 failed, 3 succeeded"><skipped type="Skipped" message="This test was disabled."/></testcase><testcase time="0" classname="p2.S16.SomeLongLongLongLongLongTestName_393" name="Run 0" assertions="3 total, 0 failed, 3 succeeded"><skipped type="Skipped" message="This test was disabled."/></testcase><testcase time="0" classname="p2.S16.SomeLongLongLongLongLongTestName_394" name="Run 0" assertions="3 total, 0 failed, 3 succeeded"><skipped type="Skipped" message="This test was disabled."/></testcase><testcase time="0" classname="p2.S16.SomeLongLongLongLongLongTestName_395" name="Run 0" assertions="3 total, 0 failed, 3 succeeded"><skipped type="Skipped" message="This test was disabled."/></testcase><testcase time="0" classname="p2.S16.SomeLongLongLongLongLongTestName_396" name="Run 0" assertions="3 total, 0 failed, 3 succeeded"><skipped type="Skipped" message="This test was disabled."/></testcase><testcase time="0" classname="p2.S16.SomeLongLongLongLongLongTestName_397" name="Run 0" assertions="3 total, 0 failed, 3 succeeded"><skipped type="Skipped" message="This test was disabled."/></testcase><testcase time="0" classname="p2.S16.SomeLongLongLongLongLongTestName_398" name="Run 0" assertions="3 total, 0 failed, 3 succeeded"><skipped type="Skipped" message="This test was disabled."/></testcase><testcase time="0" classname="p2.S16.SomeLongLongLongLongLongTestName_399" name="Run 0" assertions="3 total, 0 failed, 3 succeeded"><skipped type="Skipped" message="This test was disabled."/></testcase><testcase time="0" classname="p2.S16.SomeLongLongLongLongLongTestName_400" name="Run 0" assertions="3 total, 0 failed, 3 succeeded"><skipped type="Skipped" message="This test was disabled."/></testcase><testcase time="0" classname="p2.S16.SomeLongLongLongLongLongTestName_401" name="Run 0" assertions="3 total, 0 failed, 3 succeeded"><skipped type="Skipped" message="This test was disabled."/></testcase><testcase time="0" classname="p2.S16.SomeLongLongLongLongLongTestName_402" name="Run 0" assertions="3 total, 0 failed, 3 succeeded"><skipped type="Skipped" message="This test was disabled."/></testcase><testcase time="0" classname="p2.S16.SomeLongLongLongLongLongTestName_403" name="Run 0" assertions="3 total, 0 failed, 3 succeeded"><skipped type="Skipped" message="This test was disabled."/></testcase><testcase time="0" classname="p2.S16.SomeLongLongLongLongLongTestName_404" name="Run 0" assertions="3 total, 0 failed, 3 succeeded"><skipped type="Skipped" message="This test was disabled."/></testcase><testcase time="0" classname="p2.S16.SomeLongLongLongLongLongTestName_405" name="Run 0" assertions="3 total, 0 failed, 3 succeeded"><skipped type="Skipped" message="This test was disabled."/></testcase><testcase time="0" classname="p2.S16.SomeLongLongLongLongLongTestName_406" name="Run 0" assertions="3 total, 0 failed, 3 succeeded"><skipped type="Skipped" message="This test was disabled."/></testcase><testcase time="0" classname="p2.S16.SomeLongLongLongLongLongTestName_407" name="Run 0" assertions="3 total, 0 failed, 3 succeeded"><skipped type="Skipped" message="This test was disabled."/></testcase><testcase time="0" classname="p2.S16.SomeLongLongLongLongLongTestName_408" name="Run 0" assertions="3 total, 0 failed, 3 succeeded"><skipped type="Skipped" message="This test was disabled."/></testcase><testcase time="0" classname="p2.S16.SomeLongLongLongLongLongTestName_409" name="Run 0" assertions="3 total, 0 failed, 3 succeeded"><skipped type="Skipped" message="This test was disabled."/></testcase><testcase time="0" classname="p2.S16.SomeLongLongLongLongLongTestName_410" name="Run 0" assertions="3 total, 0 failed, 3 succeeded"><skipped type="Skipped" message="This test was disabled."/></testcase><testcase time="0" classname="p2.S16.SomeLongLongLongLongLongTestName_411" name="Run 0" assertions="3 total, 0 failed, 3 succeeded"><skipped type="Skipped" message="This test was disabled."/></testcase><testcase time="0" classname="p2.S16.SomeLongLongLongLongLongTestName_412" name="Run 0" assertions="3 total, 0 failed, 3 succeeded"><skipped type="Skipped" message="This test was disabled."/></testcase><testcase time="0" classname="p2.S16.SomeLongLongLongLongLongTestName_413" name="Run 0" assertions="3 total, 0 failed, 3 succeeded"><skipped type="Skipped" message="This test was disabled."/></testcase><testcase time="0" classname="p2.S16.SomeLongLongLongLongLongTestName_414" name="Run 0" assertions="3 total, 0 failed, 3 succeeded"><skipped type="Skipped" message="This test was disabled."/></testcase><testcase time="0" classname="p2.S16.SomeLongLongLongLongLongTestName_415" name="Run 0" assertions="3 total, 0 failed, 3 succeeded"><skipped type="Skipped" message="This test was disabled."/></testcase><testcase time="0" classname="p2.S16.SomeLongLongLongLongLongTestName_416" name="Run 0" assertions="3 total, 0 failed, 3 succeeded"><skipped type="Skipped" message="This test was disabled."/></testcase><testcase time="0" classname="p2.S16.SomeLongLongLongLongLongTestName_417" name="Run 0" assertions="3 total, 0 failed, 3 succeeded"><skipped type="Skipped" message="This test was disabled."/></testcase><testcase time="0" classname="p2.S16.SomeLongLongLongLongLongTestName_418" name="Run 0" assertions="3 total, 0 failed, 3 succeeded"><skipped type="Skipped" message="This test was disabled."/></testcase><testcase time="0" classname="p2.S16.SomeLongLongLongLongLongTestName_419" name="Run 0" assertions="3 total, 0 failed, 3 succeeded"><skipped type="Skipped" message="This test was disabled."/></testcase><testcase time="0" classname="p2.S16.SomeLongLongLongLongLongTestName_420" name="Run 0" assertions="3 total, 0 failed, 3 succeeded"><skipped type="Skipped" message="This test was disabled."/></testcase><testcase time="-5327.556154087098" classname="p2.S18.SomeLongLongLongLongLongTestName_0" name="Run 0" assertions="3 total, 0 failed, 3 succeeded">
                          <properties>
                          <property name="prop1" value="value1" />
                          <property name="multiline">
                              Config line 1
                              Config line 2
                              Config line 3
                          </property>
                        </properties>
                        <failure message="failure message 0" type="Failure"/><system-out>This is stdout
[[ATTACHMENT|attachment.txt]]
</system-out><system-err>This is stderr
[[ATTACHMENT|attachment.txt]]
</system-err></testcase><testcase time="-7762.385982839278" classname="p2.S18.SomeLongLongLongLongLongTestName_1" name="Run 0" assertions="3 total, 0 failed, 3 succeeded"/><testcase time="-3403.8041015634058" classname="p2.S18.SomeLongLongLongLongLongTestName_2" name="Run 0" assertions="3 total, 0 failed, 3 succeeded"/><testcase time="-5385.631340186719" classname="p2.S18.SomeLongLongLongLongLongTestName_3" name="Run 0" assertions="3 total, 0 failed, 3 succeeded"/><testcase time="-2095.151451552416" classname="p2.S18.SomeLongLongLongLongLongTestName_4" name="Run 0" assertions="3 total, 0 failed, 3 succeeded"/><testcase time="-9719.131725647649" classname="p2.S18.SomeLongLongLongLongLongTestName_5" name="Run 0" assertions="3 total, 0 failed, 3 succeeded"/><testcase time="-3310.162340533448" classname="p2.S18.SomeLongLongLongLongLongTestName_6" name="Run 0" assertions="3 total, 0 failed, 3 succeeded"/><testcase time="-4707.810627469238" classname="p2.S18.SomeLongLongLongLongLongTestName_7" name="Run 0" assertions="3 total, 0 failed, 3 succeeded"/><testcase time="-95.59767911587865" classname="p2.S18.SomeLongLongLongLongLongTestName_8" name="Run 0" assertions="3 total, 0 failed, 3 succeeded"/><testcase time="-3583.2054437323463" classname="p2.S18.SomeLongLongLongLongLongTestName_9" name="Run 0" assertions="3 total, 0 failed, 3 succeeded"/><testcase time="-914.3615375357637" classname="p2.S18.SomeLongLongLongLongLongTestName_10" name="Run 0" assertions="3 total, 0 failed, 3 succeeded"/><testcase time="-5744.301990767627" classname="p2.S18.SomeLongLongLongLongLongTestName_11" name="Run 0" assertions="3 total, 0 failed, 3 succeeded"/><testcase time="-1771.7452433996689" classname="p2.S18.SomeLongLongLongLongLongTestName_12" name="Run 0" assertions="3 total, 0 failed, 3 succeeded"/><testcase time="-8458.812434158102" classname="p2.S18.SomeLongLongLongLongLongTestName_13" name="Run 0" assertions="3 total, 0 failed, 3 succeeded"/><testcase time="-4883.161961612313" classname="p2.S18.SomeLongLongLongLongLongTestName_14" name="Run 0" assertions="3 total, 0 failed, 3 succeeded"/><testcase time="-4363.228514617139" classname="p2.S18.SomeLongLongLongLongLongTestName_15" name="Run 0" assertions="3 total, 0 failed, 3 succeeded"/><testcase time="-5926.925967260615" classname="p2.S18.SomeLongLongLongLongLongTestName_16" name="Run 0" assertions="3 total, 0 failed, 3 succeeded"/><testcase time="-220.5139319913418" classname="p2.S18.SomeLongLongLongLongLongTestName_17" name="Run 0" assertions="3 total, 0 failed, 3 succeeded"/><testcase time="-4882.754425902009" classname="p2.S18.SomeLongLongLongLongLongTestName_18" name="Run 0" assertions="3 total, 0 failed, 3 succeeded"/><testcase time="-4687.096374917857" classname="p2.S18.SomeLongLongLongLongLongTestName_19" name="Run 0" assertions="3 total, 0 failed, 3 succeeded"/><testcase time="-4237.12066590459" classname="p2.S18.SomeLongLongLongLongLongTestName_20" name="Run 0" assertions="3 total, 0 failed, 3 succeeded"/><testcase time="-4438.236211103713" classname="p2.S18.SomeLongLongLongLongLongTestName_21" name="Run 0" assertions="3 total, 0 failed, 3 succeeded"/><testcase time="-9467.692044034988" classname="p2.S18.SomeLongLongLongLongLongTestName_22" name="Run 0" assertions="3 total, 0 failed, 3 succeeded"/><testcase time="-1808.7595631074707" classname="p2.S18.SomeLongLongLongLongLongTestName_23" name="Run 0" assertions="3 total, 0 failed, 3 succeeded"/><testcase time="-741.7395010283926" classname="p2.S18.SomeLongLongLongLongLongTestName_24" name="Run 0" assertions="3 total, 0 failed, 3 succeeded"/><testcase time="-8832.20210069761" classname="p2.S18.SomeLongLongLongLongLongTestName_25" name="Run 0" assertions="3 total, 0 failed, 3 succeeded"/><testcase time="-4996.722539614281" classname="p2.S18.SomeLongLongLongLongLongTestName_26" name="Run 0" assertions="3 total, 0 failed, 3 succeeded"/><testcase time="-5917.293079577639" classname="p2.S18.SomeLongLongLongLongLongTestName_27" name="Run 0" assertions="3 total, 0 failed, 3 succeeded"/><testcase time="-4509.162305753228" classname="p2.S18.SomeLongLongLongLongLongTestName_28" name="Run 0" assertions="3 total, 0 failed, 3 succeeded"/><testcase time="-678.2406553119605" classname="p2.S18.SomeLongLongLongLongLongTestName_29" name="Run 0" assertions="3 total, 0 failed, 3 succeeded"/><testcase time="-9886.68459035125" classname="p2.S18.SomeLongLongLongLongLongTestName_30" name="Run 0" assertions="3 total, 0 failed, 3 succeeded"/><testcase time="-1299.9469347189224" classname="p2.S18.SomeLongLongLongLongLongTestName_31" name="Run 0" assertions="3 total, 0 failed, 3 succeeded"/><testcase time="-4661.022819339127" classname="p2.S18.SomeLongLongLongLongLongTestName_32" name="Run 0" assertions="3 total, 0 failed, 3 succeeded"/><testcase time="-1127.6772221383226" classname="p2.S18.SomeLongLongLongLongLongTestName_33" name="Run 0" assertions="3 total, 0 failed, 3 succeeded"/><testcase time="-4462.780561159962" classname="p2.S18.SomeLongLongLongLongLongTestName_34" name="Run 0" assertions="3 total, 0 failed, 3 succeeded"/><testcase time="-4851.264068458471" classname="p2.S18.SomeLongLongLongLongLongTestName_35" name="Run 0" assertions="3 total, 0 failed, 3 succeeded"/><testcase time="-8966.999675765022" classname="p2.S18.SomeLongLongLongLongLongTestName_36" name="Run 0" assertions="3 total, 0 failed, 3 succeeded"/><testcase time="-6813.324559737477" classname="p2.S18.SomeLongLongLongLongLongTestName_37" name="Run 0" assertions="3 total, 0 failed, 3 succeeded"/><testcase time="-5107.574197739185" classname="p2.S18.SomeLongLongLongLongLongTestName_38" name="Run 0" assertions="3 total, 0 failed, 3 succeeded"/><testcase time="-9438.019499693863" classname="p2.S18.SomeLongLongLongLongLongTestName_39" name="Run 0" assertions="3 total, 0 failed, 3 succeeded"/><testcase time="-7209.730432377535" classname="p2.S18.SomeLongLongLongLongLongTestName_40" name="Run 0" assertions="3 total, 0 failed, 3 succeeded"/><testcase time="-100.30565286595535" classname="p2.S18.SomeLongLongLongLongLongTestName_41" name="Run 0" assertions="3 total, 0 failed, 3 succeeded"/><testcase time="-7336.470332440419" classname="p2.S18.SomeLongLongLongLongLongTestName_42" name="Run 0" assertions="3 total, 0 failed, 3 succeeded"/><testcase time="-651.8142318298168" classname="p2.S18.SomeLongLongLongLongLongTestName_43" name="Run 0" assertions="3 total, 0 failed, 3 succeeded"/><testcase time="-3223.5345007865567" classname="p2.S18.SomeLongLongLongLongLongTestName_44" name="Run 0" assertions="3 total, 0 failed, 3 succeeded"/><testcase time="-4755.263806578113" classname="p2.S18.SomeLongLongLongLongLongTestName_45" name="Run 0" assertions="3 total, 0 failed, 3 succeeded"/><testcase time="-2836.2519741066462" classname="p2.S18.SomeLongLongLongLongLongTestName_46" name="Run 0" assertions="3 total, 0 failed, 3 succeeded"/><testcase time="-4078.622633004579" classname="p2.S18.SomeLongLongLongLongLongTestName_47" name="Run 0" assertions="3 total, 0 failed, 3 succeeded"/><testcase time="-87.81531400972253" classname="p2.S18.SomeLongLongLongLongLongTestName_48" name="Run 0" assertions="3 total, 0 failed, 3 succeeded"/><testcase time="-409.2390300674675" classname="p2.S18.SomeLongLongLongLongLongTestName_49" name="Run 0" assertions="3 total, 0 failed, 3 succeeded"/><testcase time="-143.26670866628135" classname="p2.S18.SomeLongLongLongLongLongTestName_50" name="Run 0" assertions="3 total, 0 failed, 3 succeeded"/><testcase time="-8635.061039313581" classname="p2.S18.SomeLongLongLongLongLongTestName_51" name="Run 0" assertions="3 total, 0 failed, 3 succeeded"/><testcase time="-5716.941463931896" classname="p2.S18.SomeLongLongLongLongLongTestName_52" name="Run 0" assertions="3 total, 0 failed, 3 succeeded"/><testcase time="-8937.47820533686" classname="p2.S18.SomeLongLongLongLongLongTestName_53" name="Run 0" assertions="3 total, 0 failed, 3 succeeded"/><testcase time="-884.6475011854086" classname="p2.S18.SomeLongLongLongLongLongTestName_54" name="Run 0" assertions="3 total, 0 failed, 3 succeeded"/><testcase time="-5273.164709967019" classname="p2.S18.SomeLongLongLongLongLongTestName_55" name="Run 0" assertions="3 total, 0 failed, 3 succeeded"/><testcase time="-8242.321668613378" classname="p2.S18.SomeLongLongLongLongLongTestName_56" name="Run 0" assertions="3 total, 0 failed, 3 succeeded"/><testcase time="-8963.737560608552" classname="p2.S18.SomeLongLongLongLongLongTestName_57" name="Run 0" assertions="3 total, 0 failed, 3 succeeded"/><testcase time="-9127.723297893284" classname="p2.S18.SomeLongLongLongLongLongTestName_58" name="Run 0" assertions="3 total, 0 failed, 3 succeeded"/><testcase time="-4667.446713234955" classname="p2.S18.SomeLongLongLongLongLongTestName_59" name="Run 0" assertions="3 total, 0 failed, 3 succeeded"/><testcase time="-3960.454772470016" classname="p2.S18.SomeLongLongLongLongLongTestName_60" name="Run 0" assertions="3 total, 0 failed, 3 succeeded"/><testcase time="-9934.45968240237" classname="p2.S18.SomeLongLongLongLongLongTestName_61" name="Run 0" assertions="3 total, 0 failed, 3 succeeded"/><testcase time="-2890.8815145742547" classname="p2.S18.SomeLongLongLongLongLongTestName_62" name="Run 0" assertions="3 total, 0 failed, 3 succeeded"/><testcase time="-6877.099090997112" classname="p2.S18.SomeLongLongLongLongLongTestName_63" name="Run 0" assertions="3 total, 0 failed, 3 succeeded"/><testcase time="-1854.0172613574823" classname="p2.S18.SomeLongLongLongLongLongTestName_64" name="Run 0" assertions="3 total, 0 failed, 3 succeeded"/><testcase time="-7003.942961289798" classname="p2.S18.SomeLongLongLongLongLongTestName_65" name="Run 0" assertions="3 total, 0 failed, 3 succeeded"/><testcase time="-4370.567205387835" classname="p2.S18.SomeLongLongLongLongLongTestName_66" name="Run 0" assertions="3 total, 0 failed, 3 succeeded"/><testcase time="-6454.862753345816" classname="p2.S18.SomeLongLongLongLongLongTestName_67" name="Run 0" assertions="3 total, 0 failed, 3 succeeded"/><testcase time="-4571.184283609719" classname="p2.S18.SomeLongLongLongLongLongTestName_68" name="Run 0" assertions="3 total, 0 failed, 3 succeeded"/><testcase time="-6291.326572381702" classname="p2.S18.SomeLongLongLongLongLongTestName_69" name="Run 0" assertions="3 total, 0 failed, 3 succeeded"/><testcase time="-6960.665478279493" classname="p2.S18.SomeLongLongLongLongLongTestName_70" name="Run 0" assertions="3 total, 0 failed, 3 succeeded"/><testcase time="-9712.066776289495" classname="p2.S18.SomeLongLongLongLongLongTestName_71" name="Run 0" assertions="3 total, 0 failed, 3 succeeded"/><testcase time="-6967.162370603282" classname="p2.S18.SomeLongLongLongLongLongTestName_72" name="Run 0" assertions="3 total, 0 failed, 3 succeeded"/><testcase time="-7982.274168653005" classname="p2.S18.SomeLongLongLongLongLongTestName_73" name="Run 0" assertions="3 total, 0 failed, 3 succeeded"/><testcase time="-5484.723320609456" classname="p2.S18.SomeLongLongLongLongLongTestName_74" name="Run 0" assertions="3 total, 0 failed, 3 succeeded"/><testcase time="-9748.265559853866" classname="p2.S18.SomeLongLongLongLongLongTestName_75" name="Run 0" assertions="3 total, 0 failed, 3 succeeded"/><testcase time="-9065.623825074199" classname="p2.S18.SomeLongLongLongLongLongTestName_76" name="Run 0" assertions="3 total, 0 failed, 3 succeeded"/><testcase time="-7625.537560915835" classname="p2.S18.SomeLongLongLongLongLongTestName_77" name="Run 0" assertions="3 total, 0 failed, 3 succeeded"/><testcase time="-8134.179500241729" classname="p2.S18.SomeLongLongLongLongLongTestName_78" name="Run 0" assertions="3 total, 0 failed, 3 succeeded"/><testcase time="-595.302261635479" classname="p2.S18.SomeLongLongLongLongLongTestName_79" name="Run 0" assertions="3 total, 0 failed, 3 succeeded"/><testcase time="-3264.007636528281" classname="p2.S18.SomeLongLongLongLongLongTestName_80" name="Run 0" assertions="3 total, 0 failed, 3 succeeded"/><testcase time="-8830.975258245759" classname="p2.S18.SomeLongLongLongLongLongTestName_81" name="Run 0" assertions="3 total, 0 failed, 3 succeeded"/><testcase time="-6975.486193371513" classname="p2.S18.SomeLongLongLongLongLongTestName_82" name="Run 0" assertions="3 total, 0 failed, 3 succeeded"/><testcase time="-9298.344823088417" classname="p2.S18.SomeLongLongLongLongLongTestName_83" name="Run 0" assertions="3 total, 0 failed, 3 succeeded"/><testcase time="-1398.9810069272285" classname="p2.S18.SomeLongLongLongLongLongTestName_84" name="Run 0" assertions="3 total, 0 failed, 3 succeeded"/><testcase time="-1159.7298168698235" classname="p2.S18.SomeLongLongLongLongLongTestName_85" name="Run 0" assertions="3 total, 0 failed, 3 succeeded"/><testcase time="-8291.144804124233" classname="p2.S18.SomeLongLongLongLongLongTestName_86" name="Run 0" assertions="3 total, 0 failed, 3 succeeded"/><testcase time="-3485.022842705475" classname="p2.S18.SomeLongLongLongLongLongTestName_87" name="Run 0" assertions="3 total, 0 failed, 3 succeeded"/><testcase time="-811.5941376764755" classname="p2.S18.SomeLongLongLongLongLongTestName_88" name="Run 0" assertions="3 total, 0 failed, 3 succeeded"/><testcase time="-3014.123751590947" classname="p2.S18.SomeLongLongLongLongLongTestName_89" name="Run 0" assertions="3 total, 0 failed, 3 succeeded"/><testcase time="-1401.1807857658105" classname="p2.S18.SomeLongLongLongLongLongTestName_90" name="Run 0" assertions="3 total, 0 failed, 3 succeeded"/><testcase time="-7067.844206064211" classname="p2.S18.SomeLongLongLongLongLongTestName_91" name="Run 0" assertions="3 total, 0 failed, 3 succeeded"/><testcase time="-5122.175472795588" classname="p2.S18.SomeLongLongLongLongLongTestName_92" name="Run 0" assertions="3 total, 0 failed, 3 succeeded"/><testcase time="-7399.968807151213" classname="p2.S18.SomeLongLongLongLongLongTestName_93" name="Run 0" assertions="3 total, 0 failed, 3 succeeded"/><testcase time="-9375.965300774255" classname="p2.S18.SomeLongLongLongLongLongTestName_94" name="Run 0" assertions="3 total, 0 failed, 3 succeeded"/><testcase time="-861.7105876114555" classname="p2.S18.SomeLongLongLongLongLongTestName_95" name="Run 0" assertions="3 total, 0 failed, 3 succeeded"/><testcase time="-9952.28853334831" classname="p2.S18.SomeLongLongLongLongLongTestName_96" name="Run 0" assertions="3 total, 0 failed, 3 succeeded"/><testcase time="-8514.328389308359" classname="p2.S18.SomeLongLongLongLongLongTestName_97" name="Run 0" assertions="3 total, 0 failed, 3 succeeded"/><testcase time="-4799.386751307534" classname="p2.S18.SomeLongLongLongLongLongTestName_98" name="Run 0" assertions="3 total, 0 failed, 3 succeeded"/><testcase time="-2893.31736895466" classname="p2.S18.SomeLongLongLongLongLongTestName_99" name="Run 0" assertions="3 total, 0 failed, 3 succeeded"/><testcase time="-88.40632276301805" classname="p2.S18.SomeLongLongLongLongLongTestName_100" name="Run 0" assertions="3 total, 0 failed, 3 succeeded"/><testcase time="-3154.8302275176743" classname="p2.S18.SomeLongLongLongLongLongTestName_101" name="Run 0" assertions="3 total, 0 failed, 3 succeeded"/><testcase time="-8343.923453945707" classname="p2.S18.SomeLongLongLongLongLongTestName_102" name="Run 0" assertions="3 total, 0 failed, 3 succeeded"/><testcase time="-7929.863083087708" classname="p2.S18.SomeLongLongLongLongLongTestName_103" name="Run 0" assertions="3 total, 0 failed, 3 succeeded"/><testcase time="-680.0113900565127" classname="p2.S18.SomeLongLongLongLongLongTestName_104" name="Run 0" assertions="3 total, 0 failed, 3 succeeded"/><testcase time="-3745.0012624218734" classname="p2.S18.SomeLongLongLongLongLongTestName_105" name="Run 0" assertions="3 total, 0 failed, 3 succeeded"/><testcase time="-6784.2298830535665" classname="p2.S18.SomeLongLongLongLongLongTestName_106" name="Run 0" assertions="3 total, 0 failed, 3 succeeded"/><testcase time="-4672.713190524627" classname="p2.S18.SomeLongLongLongLongLongTestName_107" name="Run 0" assertions="3 total, 0 failed, 3 succeeded"/><testcase time="-1697.10419938147" classname="p2.S18.SomeLongLongLongLongLongTestName_108" name="Run 0" assertions="3 total, 0 failed, 3 succeeded"/><testcase time="-2995.6152054196614" classname="p2.S18.SomeLongLongLongLongLongTestName_109" name="Run 0" assertions="3 total, 0 failed, 3 succeeded"/><testcase time="-4972.060507603915" classname="p2.S18.SomeLongLongLongLongLongTestName_110" name="Run 0" assertions="3 total, 0 failed, 3 succeeded"/><testcase time="-1787.2862497948447" classname="p2.S18.SomeLongLongLongLongLongTestName_111" name="Run 0" assertions="3 total, 0 failed, 3 succeeded"/><testcase time="-841.5646756676693" classname="p2.S18.SomeLongLongLongLongLongTestName_112" name="Run 0" assertions="3 total, 0 failed, 3 succeeded"/><testcase time="-9728.744279231432" classname="p2.S18.SomeLongLongLongLongLongTestName_113" name="Run 0" assertions="3 total, 0 failed, 3 succeeded"/><testcase time="-4050.995459234738" classname="p2.S18.SomeLongLongLongLongLongTestName_114" name="Run 0" assertions="3 total, 0 failed, 3 succeeded"/><testcase time="-8656.37549514829" classname="p2.S18.SomeLongLongLongLongLongTestName_115" name="Run 0" assertions="3 total, 0 failed, 3 succeeded"/><testcase time="-8473.692454341592" classname="p2.S18.SomeLongLongLongLongLongTestName_116" name="Run 0" assertions="3 total, 0 failed, 3 succeeded"/><testcase time="-1473.8093624497606" classname="p2.S18.SomeLongLongLongLongLongTestName_117" name="Run 0" assertions="3 total, 0 failed, 3 succeeded"/><testcase time="-6154.485962620598" classname="p2.S18.SomeLongLongLongLongLongTestName_118" name="Run 0" assertions="3 total, 0 failed, 3 succeeded"/><testcase time="-3314.786827226391" classname="p2.S18.SomeLongLongLongLongLongTestName_119" name="Run 0" assertions="3 total, 0 failed, 3 succeeded"/><testcase time="-4583.566756250632" classname="p2.S18.SomeLongLongLongLongLongTestName_120" name="Run 0" assertions="3 total, 0 failed, 3 succeeded"/><testcase time="-7026.962741323219" classname="p2.S18.SomeLongLongLongLongLongTestName_121" name="Run 0" assertions="3 total, 0 failed, 3 succeeded"/><testcase time="-6850.503963436419" classname="p2.S18.SomeLongLongLongLongLongTestName_122" name="Run 0" assertions="3 total, 0 failed, 3 succeeded"/><testcase time="-2524.652775056712" classname="p2.S18.SomeLongLongLongLongLongTestName_123" name="Run 0" assertions="3 total, 0 failed, 3 succeeded"/><testcase time="-5192.989326572489" classname="p2.S18.SomeLongLongLongLongLongTestName_124" name="Run 0" assertions="3 total, 0 failed, 3 succeeded"/><testcase time="-2653.799092453488" classname="p2.S18.SomeLongLongLongLongLongTestName_125" name="Run 0" assertions="3 total, 0 failed, 3 succeeded"/><testcase time="-1980.41474774893" classname="p2.S18.SomeLongLongLongLongLongTestName_126" name="Run 0" assertions="3 total, 0 failed, 3 succeeded"/><testcase time="-9756.978194600475" classname="p2.S18.SomeLongLongLongLongLongTestName_127" name="Run 0" assertions="3 total, 0 failed, 3 succeeded"/><testcase time="-5363.01731551364" classname="p2.S18.SomeLongLongLongLongLongTestName_128" name="Run 0" assertions="3 total, 0 failed, 3 succeeded"/><testcase time="-9506.203959507953" classname="p2.S18.SomeLongLongLongLongLongTestName_129" name="Run 0" assertions="3 total, 0 failed, 3 succeeded"/><testcase time="-9743.355811768559" classname="p2.S18.SomeLongLongLongLongLongTestName_130" name="Run 0" assertions="3 total, 0 failed, 3 succeeded"/><testcase time="-5366.503568225997" classname="p2.S18.SomeLongLongLongLongLongTestName_131" name="Run 0" assertions="3 total, 0 failed, 3 succeeded"/><testcase time="-2138.8324831303926" classname="p2.S18.SomeLongLongLongLongLongTestName_132" name="Run 0" assertions="3 total, 0 failed, 3 succeeded"/><testcase time="-4601.268663859856" classname="p2.S18.SomeLongLongLongLongLongTestName_133" name="Run 0" assertions="3 total, 0 failed, 3 succeeded"/><testcase time="-2912.000109052857" classname="p2.S18.SomeLongLongLongLongLongTestName_134" name="Run 0" assertions="3 total, 0 failed, 3 succeeded"/><testcase time="-9451.87678415401" classname="p2.S18.SomeLongLongLongLongLongTestName_135" name="Run 0" assertions="3 total, 0 failed, 3 succeeded"/><testcase time="-182.88401661419212" classname="p2.S18.SomeLongLongLongLongLongTestName_136" name="Run 0" assertions="3 total, 0 failed, 3 succeeded"/><testcase time="-9500.761925212157" classname="p2.S18.SomeLongLongLongLongLongTestName_137" name="Run 0" assertions="3 total, 0 failed, 3 succeeded"/><testcase time="-2551.764883552543" classname="p2.S18.SomeLongLongLongLongLongTestName_138" name="Run 0" assertions="3 total, 0 failed, 3 succeeded"/><testcase time="-2938.597051077704" classname="p2.S18.SomeLongLongLongLongLongTestName_139" name="Run 0" assertions="3 total, 0 failed, 3 succeeded"/><testcase time="-3642.1736033708034" classname="p2.S18.SomeLongLongLongLongLongTestName_140" name="Run 0" assertions="3 total, 0 failed, 3 succeeded"/><testcase time="-9242.205960548765" classname="p2.S18.SomeLongLongLongLongLongTestName_141" name="Run 0" assertions="3 total, 0 failed, 3 succeeded"/><testcase time="-8392.986703934064" classname="p2.S18.SomeLongLongLongLongLongTestName_142" name="Run 0" assertions="3 total, 0 failed, 3 succeeded"/><testcase time="-2542.316311241417" classname="p2.S18.SomeLongLongLongLongLongTestName_143" name="Run 0" assertions="3 total, 0 failed, 3 succeeded"/><testcase time="-3216.289369691121" classname="p2.S18.SomeLongLongLongLongLongTestName_144" name="Run 0" assertions="3 total, 0 failed, 3 succeeded"/><testcase time="-1445.3761619264892" classname="p2.S18.SomeLongLongLongLongLongTestName_145" name="Run 0" assertions="3 total, 0 failed, 3 succeeded"/><testcase time="-7832.48972394111" classname="p2.S18.SomeLongLongLongLongLongTestName_146" name="Run 0" assertions="3 total, 0 failed, 3 succeeded"/><testcase time="-8040.923833659119" classname="p2.S18.SomeLongLongLongLongLongTestName_147" name="Run 0" assertions="3 total, 0 failed, 3 succeeded"/><testcase time="-860.0748745845059" classname="p2.S18.SomeLongLongLongLongLongTestName_148" name="Run 0" assertions="3 total, 0 failed, 3 succeeded"/><testcase time="-1862.4453045716948" classname="p2.S18.SomeLongLongLongLongLongTestName_149" name="Run 0" assertions="3 total, 0 failed, 3 succeeded"/><testcase time="-1018.6500201755146" classname="p2.S18.SomeLongLongLongLongLongTestName_150" name="Run 0" assertions="3 total, 0 failed, 3 succeeded"/><testcase time="-4169.70903133546" classname="p2.S18.SomeLongLongLongLongLongTestName_151" name="Run 0" assertions="3 total, 0 failed, 3 succeeded"/><testcase time="-2148.0822984264714" classname="p2.S18.SomeLongLongLongLongLongTestName_152" name="Run 0" assertions="3 total, 0 failed, 3 succeeded"/><testcase time="-2744.077712920334" classname="p2.S18.SomeLongLongLongLongLongTestName_153" name="Run 0" assertions="3 total, 0 failed, 3 succeeded"/><testcase time="-5353.581875862018" classname="p2.S18.SomeLongLongLongLongLongTestName_154" name="Run 0" assertions="3 total, 0 failed, 3 succeeded"/><testcase time="-8620.74534802358" classname="p2.S18.SomeLongLongLongLongLongTestName_155" name="Run 0" assertions="3 total, 0 failed, 3 succeeded"/><testcase time="-6743.435059068391" classname="p2.S18.SomeLongLongLongLongLongTestName_156" name="Run 0" assertions="3 total, 0 failed, 3 succeeded"/><testcase time="-4345.841322176545" classname="p2.S18.SomeLongLongLongLongLongTestName_157" name="Run 0" assertions="3 total, 0 failed, 3 succeeded"/><testcase time="-1305.651031995206" classname="p2.S18.SomeLongLongLongLongLongTestName_158" name="Run 0" assertions="3 total, 0 failed, 3 succeeded"/><testcase time="-8320.340464864054" classname="p2.S18.SomeLongLongLongLongLongTestName_159" name="Run 0" assertions="3 total, 0 failed, 3 succeeded"/><testcase time="-9656.517928073185" classname="p2.S18.SomeLongLongLongLongLongTestName_160" name="Run 0" assertions="3 total, 0 failed, 3 succeeded"/><testcase time="-4614.96986693072" classname="p2.S18.SomeLongLongLongLongLongTestName_161" name="Run 0" assertions="3 total, 0 failed, 3 succeeded"/><testcase time="-4779.95624164883" classname="p2.S18.SomeLongLongLongLongLongTestName_162" name="Run 0" assertions="3 total, 0 failed, 3 succeeded"/><testcase time="-8047.945947966614" classname="p2.S18.SomeLongLongLongLongLongTestName_163" name="Run 0" assertions="3 total, 0 failed, 3 succeeded"/><testcase time="-3622.754000796521" classname="p2.S18.SomeLongLongLongLongLongTestName_164" name="Run 0" assertions="3 total, 0 failed, 3 succeeded"/><testcase time="-1948.9551995153834" classname="p2.S18.SomeLongLongLongLongLongTestName_165" name="Run 0" assertions="3 total, 0 failed, 3 succeeded"/><testcase time="-2631.8807770864178" classname="p2.S18.SomeLongLongLongLongLongTestName_166" name="Run 0" assertions="3 total, 0 failed, 3 succeeded"/><testcase time="-4511.400455916602" classname="p2.S18.SomeLongLongLongLongLongTestName_167" name="Run 0" assertions="3 total, 0 failed, 3 succeeded"/><testcase time="-7911.239699237134" classname="p2.S18.SomeLongLongLongLongLongTestName_168" name="Run 0" assertions="3 total, 0 failed, 3 succeeded"/><testcase time="-6811.133149121812" classname="p2.S18.SomeLongLongLongLongLongTestName_169" name="Run 0" assertions="3 total, 0 failed, 3 succeeded"/><testcase time="-2415.9229636652176" classname="p2.S18.SomeLongLongLongLongLongTestName_170" name="Run 0" assertions="3 total, 0 failed, 3 succeeded"/><testcase time="-5895.386873031366" classname="p2.S18.SomeLongLongLongLongLongTestName_171" name="Run 0" assertions="3 total, 0 failed, 3 succeeded"/><testcase time="-6450.968695930847" classname="p2.S18.SomeLongLongLongLongLongTestName_172" name="Run 0" assertions="3 total, 0 failed, 3 succeeded"/><testcase time="-2690.723695616599" classname="p2.S18.SomeLongLongLongLongLongTestName_173" name="Run 0" assertions="3 total, 0 failed, 3 succeeded"/><testcase time="-6493.352943604631" classname="p2.S18.SomeLongLongLongLongLongTestName_174" name="Run 0" assertions="3 total, 0 failed, 3 succeeded"/><testcase time="-116.38615434931555" classname="p2.S18.SomeLongLongLongLongLongTestName_175" name="Run 0" assertions="3 total, 0 failed, 3 succeeded"/><testcase time="-3875.571228241322" classname="p2.S18.SomeLongLongLongLongLongTestName_176" name="Run 0" assertions="3 total, 0 failed, 3 succeeded"/><testcase time="-3218.7319017763934" classname="p2.S18.SomeLongLongLongLongLongTestName_177" name="Run 0" assertions="3 total, 0 failed, 3 succeeded"/><testcase time="-8835.083182473785" classname="p2.S18.SomeLongLongLongLongLongTestName_178" name="Run 0" assertions="3 total, 0 failed, 3 succeeded"/><testcase time="-9119.445581674052" classname="p2.S18.SomeLongLongLongLongLongTestName_179" name="Run 0" assertions="3 total, 0 failed, 3 succeeded"/><testcase time="-6244.44062750341" classname="p2.S18.SomeLongLongLongLongLongTestName_180" name="Run 0" assertions="3 total, 0 failed, 3 succeeded"/><testcase time="-3908.475694359003" classname="p2.S18.SomeLongLongLongLongLongTestName_181" name="Run 0" assertions="3 total, 0 failed, 3 succeeded"/><testcase time="-1646.9730466333517" classname="p2.S18.SomeLongLongLongLongLongTestName_182" name="Run 0" assertions="3 total, 0 failed, 3 succeeded"/><testcase time="-5539.501733685556" classname="p2.S18.SomeLongLongLongLongLongTestName_183" name="Run 0" assertions="3 total, 0 failed, 3 succeeded"/><testcase time="-8602.200922182232" classname="p2.S18.SomeLongLongLongLongLongTestName_184" name="Run 0" assertions="3 total, 0 failed, 3 succeeded"/><testcase time="-7685.6118586916255" classname="p2.S18.SomeLongLongLongLongLongTestName_185" name="Run 0" assertions="3 total, 0 failed, 3 succeeded"/><testcase time="-6270.450286869102" classname="p2.S18.SomeLongLongLongLongLongTestName_186" name="Run 0" assertions="3 total, 0 failed, 3 succeeded"/><testcase time="-5662.019743653183" classname="p2.S18.SomeLongLongLongLongLongTestName_187" name="Run 0" assertions="3 total, 0 failed, 3 succeeded"/><testcase time="-3018.263509688624" classname="p2.S18.SomeLongLongLongLongLongTestName_188" name="Run 0" assertions="3 total, 0 failed, 3 succeeded"/><testcase time="-663.9818133941226" classname="p2.S18.SomeLongLongLongLongLongTestName_189" name="Run 0" assertions="3 total, 0 failed, 3 succeeded"/><testcase time="-4001.050690854034" classname="p2.S18.SomeLongLongLongLongLongTestName_190" name="Run 0" assertions="3 total, 0 failed, 3 succeeded"/><testcase time="-346.97189988152104" classname="p2.S18.SomeLongLongLongLongLongTestName_191" name="Run 0" assertions="3 total, 0 failed, 3 succeeded"/><testcase time="-3224.5346198916677" classname="p2.S18.SomeLongLongLongLongLongTestName_192" name="Run 0" assertions="3 total, 0 failed, 3 succeeded"/><testcase time="-2274.8817235023225" classname="p2.S18.SomeLongLongLongLongLongTestName_193" name="Run 0" assertions="3 total, 0 failed, 3 succeeded"/><testcase time="-9744.294779608228" classname="p2.S18.SomeLongLongLongLongLongTestName_194" name="Run 0" assertions="3 total, 0 failed, 3 succeeded"/><testcase time="-5889.657642798853" classname="p2.S18.SomeLongLongLongLongLongTestName_195" name="Run 0" assertions="3 total, 0 failed, 3 succeeded"/><testcase time="-6947.804210947839" classname="p2.S18.SomeLongLongLongLongLongTestName_196" name="Run 0" assertions="3 total, 0 failed, 3 succeeded"/><testcase time="-4761.846208629688" classname="p2.S18.SomeLongLongLongLongLongTestName_197" name="Run 0" assertions="3 total, 0 failed, 3 succeeded"/><testcase time="-4000.7312712893927" classname="p2.S18.SomeLongLongLongLongLongTestName_198" name="Run 0" assertions="3 total, 0 failed, 3 succeeded"/><testcase time="-1938.7731241970605" classname="p2.S18.SomeLongLongLongLongLongTestName_199" name="Run 0" assertions="3 total, 0 failed, 3 succeeded"/><testcase time="-8808.608343631948" classname="p2.S18.SomeLongLongLongLongLongTestName_200" name="Run 0" assertions="3 total, 0 failed, 3 succeeded"/><testcase time="-2236.176555139479" classname="p2.S18.SomeLongLongLongLongLongTestName_201" name="Run 0" assertions="3 total, 0 failed, 3 succeeded"/><testcase time="-4637.878671881013" classname="p2.S18.SomeLongLongLongLongLongTestName_202" name="Run 0" assertions="3 total, 0 failed, 3 succeeded"/><testcase time="-9473.878927246948" classname="p2.S18.SomeLongLongLongLongLongTestName_203" name="Run 0" assertions="3 total, 0 failed, 3 succeeded"/><testcase time="-1798.9219937389234" classname="p2.S18.SomeLongLongLongLongLongTestName_204" name="Run 0" assertions="3 total, 0 failed, 3 succeeded"/><testcase time="-4705.575837465846" classname="p2.S18.SomeLongLongLongLongLongTestName_205" name="Run 0" assertions="3 total, 0 failed, 3 succeeded"/><testcase time="-4770.937031655888" classname="p2.S18.SomeLongLongLongLongLongTestName_206" name="Run 0" assertions="3 total, 0 failed, 3 succeeded"/><testcase time="-673.2783061867667" classname="p2.S18.SomeLongLongLongLongLongTestName_207" name="Run 0" assertions="3 total, 0 failed, 3 succeeded"/><testcase time="-9515.585644959603" classname="p2.S18.SomeLongLongLongLongLongTestName_208" name="Run 0" assertions="3 total, 0 failed, 3 succeeded"/><testcase time="-4059.1812081184366" classname="p2.S18.SomeLongLongLongLongLongTestName_209" name="Run 0" assertions="3 total, 0 failed, 3 succeeded"/><testcase time="7.0208249385923835" classname="p2.S18.SomeLongLongLongLongLongTestName_210" name="Run 0" assertions="3 total, 0 failed, 3 succeeded"/><testcase time="-7650.483745643051" classname="p2.S18.SomeLongLongLongLongLongTestName_211" name="Run 0" assertions="3 total, 0 failed, 3 succeeded"/><testcase time="-5349.044450044841" classname="p2.S18.SomeLongLongLongLongLongTestName_212" name="Run 0" assertions="3 total, 0 failed, 3 succeeded"/><testcase time="-9632.181754415516" classname="p2.S18.SomeLongLongLongLongLongTestName_213" name="Run 0" assertions="3 total, 0 failed, 3 succeeded"/><testcase time="-2027.8274754210083" classname="p2.S18.SomeLongLongLongLongLongTestName_214" name="Run 0" assertions="3 total, 0 failed, 3 succeeded"/><testcase time="-7282.253520272898" classname="p2.S18.SomeLongLongLongLongLongTestName_215" name="Run 0" assertions="3 total, 0 failed, 3 succeeded"/><testcase time="-183.48616738153052" classname="p2.S18.SomeLongLongLongLongLongTestName_216" name="Run 0" assertions="3 total, 0 failed, 3 succeeded"/><testcase time="-7238.722035047361" classname="p2.S18.SomeLongLongLongLongLongTestName_217" name="Run 0" assertions="3 total, 0 failed, 3 succeeded"/><testcase time="-5023.806012397038" classname="p2.S18.SomeLongLongLongLongLongTestName_218" name="Run 0" assertions="3 total, 0 failed, 3 succeeded"/><testcase time="-3419.3059546761497" classname="p2.S18.SomeLongLongLongLongLongTestName_219" name="Run 0" assertions="3 total, 0 failed, 3 succeeded"/><testcase time="-5123.927268662718" classname="p2.S18.SomeLongLongLongLongLongTestName_220" name="Run 0" assertions="3 total, 0 failed, 3 succeeded"/><testcase time="-3804.705146460455" classname="p2.S18.SomeLongLongLongLongLongTestName_221" name="Run 0" assertions="3 total, 0 failed, 3 succeeded"/><testcase time="-3739.817464939827" classname="p2.S18.SomeLongLongLongLongLongTestName_222" name="Run 0" assertions="3 total, 0 failed, 3 succeeded"/><testcase time="-1994.699589069019" classname="p2.S18.SomeLongLongLongLongLongTestName_223" name="Run 0" assertions="3 total, 0 failed, 3 succeeded"/><testcase time="-2164.1731149178163" classname="p2.S18.SomeLongLongLongLongLongTestName_224" name="Run 0" assertions="3 total, 0 failed, 3 succeeded"/><testcase time="-196.3185773652573" classname="p2.S18.SomeLongLongLongLongLongTestName_225" name="Run 0" assertions="3 total, 0 failed, 3 succeeded"/><testcase time="-3666.7187976626105" classname="p2.S18.SomeLongLongLongLongLongTestName_226" name="Run 0" assertions="3 total, 0 failed, 3 succeeded"/><testcase time="-4506.389455941003" classname="p2.S18.SomeLongLongLongLongLongTestName_227" name="Run 0" assertions="3 total, 0 failed, 3 succeeded"/><testcase time="-9172.841953449695" classname="p2.S18.SomeLongLongLongLongLongTestName_228" name="Run 0" assertions="3 total, 0 failed, 3 succeeded"/><testcase time="-8331.200147645266" classname="p2.S18.SomeLongLongLongLongLongTestName_229" name="Run 0" assertions="3 total, 0 failed, 3 succeeded"/><testcase time="-7067.805858470712" classname="p2.S18.SomeLongLongLongLongLongTestName_230" name="Run 0" assertions="3 total, 0 failed, 3 succeeded"/><testcase time="-5916.8020746249285" classname="p2.S18.SomeLongLongLongLongLongTestName_231" name="Run 0" assertions="3 total, 0 failed, 3 succeeded"/><testcase time="-5224.323555639999" classname="p2.S18.SomeLongLongLongLongLongTestName_232" name="Run 0" assertions="3 total, 0 failed, 3 succeeded"/><testcase time="-6128.623619134" classname="p2.S18.SomeLongLongLongLongLongTestName_233" name="Run 0" assertions="3 total, 0 failed, 3 succeeded"/><testcase time="-9097.365061782779" classname="p2.S18.SomeLongLongLongLongLongTestName_234" name="Run 0" assertions="3 total, 0 failed, 3 succeeded"/><testcase time="-7000.012936339509" classname="p2.S18.SomeLongLongLongLongLongTestName_235" name="Run 0" assertions="3 total, 0 failed, 3 succeeded"/><testcase time="-5315.934947612224" classname="p2.S18.SomeLongLongLongLongLongTestName_236" name="Run 0" assertions="3 total, 0 failed, 3 succeeded"/><testcase time="-2167.6481192333245" classname="p2.S18.SomeLongLongLongLongLongTestName_237" name="Run 0" assertions="3 total, 0 failed, 3 succeeded"/><testcase time="-3492.057178851498" classname="p2.S18.SomeLongLongLongLongLongTestName_238" name="Run 0" assertions="3 total, 0 failed, 3 succeeded"/><testcase time="-9363.124779238718" classname="p2.S18.SomeLongLongLongLongLongTestName_239" name="Run 0" assertions="3 total, 0 failed, 3 succeeded"/><testcase time="-2917.571529591986" classname="p2.S18.SomeLongLongLongLongLongTestName_240" name="Run 0" assertions="3 total, 0 failed, 3 succeeded"/><testcase time="-4724.807383272042" classname="p2.S18.SomeLongLongLongLongLongTestName_241" name="Run 0" assertions="3 total, 0 failed, 3 succeeded"/><testcase time="-7961.405819997845" classname="p2.S18.SomeLongLongLongLongLongTestName_242" name="Run 0" assertions="3 total, 0 failed, 3 succeeded"/><testcase time="-9480.157371485127" classname="p2.S18.SomeLongLongLongLongLongTestName_243" name="Run 0" assertions="3 total, 0 failed, 3 succeeded"/><testcase time="-3942.421906945847" classname="p2.S18.SomeLongLongLongLongLongTestName_244" name="Run 0" assertions="3 total, 0 failed, 3 succeeded"/><testcase time="-4675.9341351171815" classname="p2.S18.SomeLongLongLongLongLongTestName_245" name="Run 0" assertions="3 total, 0 failed, 3 succeeded"/><testcase time="-6086.420857601628" classname="p2.S18.SomeLongLongLongLongLongTestName_246" name="Run 0" assertions="3 total, 0 failed, 3 succeeded"/><testcase time="-2480.4191212965707" classname="p2.S18.SomeLongLongLongLongLongTestName_247" name="Run 0" assertions="3 total, 0 failed, 3 succeeded"/><testcase time="-4633.216006796408" classname="p2.S18.SomeLongLongLongLongLongTestName_248" name="Run 0" assertions="3 total, 0 failed, 3 succeeded"/><testcase time="-9588.114845936732" classname="p2.S18.SomeLongLongLongLongLongTestName_249" name="Run 0" assertions="3 total, 0 failed, 3 succeeded"/><testcase time="-2180.993361402263" classname="p2.S18.SomeLongLongLongLongLongTestName_250" name="Run 0" assertions="3 total, 0 failed, 3 succeeded"/><testcase time="-198.85287629615968" classname="p2.S18.SomeLongLongLongLongLongTestName_251" name="Run 0" assertions="3 total, 0 failed, 3 succeeded"/><testcase time="-2352.8800063604526" classname="p2.S18.SomeLongLongLongLongLongTestName_252" name="Run 0" assertions="3 total, 0 failed, 3 succeeded"/><testcase time="-5981.729841010823" classname="p2.S18.SomeLongLongLongLongLongTestName_253" name="Run 0" assertions="3 total, 0 failed, 3 succeeded"/><testcase time="-4559.875688181163" classname="p2.S18.SomeLongLongLongLongLongTestName_254" name="Run 0" assertions="3 total, 0 failed, 3 succeeded"/><testcase time="-7709.692366485587" classname="p2.S18.SomeLongLongLongLongLongTestName_255" name="Run 0" assertions="3 total, 0 failed, 3 succeeded"/><testcase time="-7342.095287919037" classname="p2.S18.SomeLongLongLongLongLongTestName_256" name="Run 0" assertions="3 total, 0 failed, 3 succeeded"/><testcase time="-3102.040439927487" classname="p2.S18.SomeLongLongLongLongLongTestName_257" name="Run 0" assertions="3 total, 0 failed, 3 succeeded"/><testcase time="-1786.4513544529186" classname="p2.S18.SomeLongLongLongLongLongTestName_258" name="Run 0" assertions="3 total, 0 failed, 3 succeeded"/><testcase time="-2339.087853733596" classname="p2.S18.SomeLongLongLongLongLongTestName_259" name="Run 0" assertions="3 total, 0 failed, 3 succeeded"/><testcase time="-724.3896330758508" classname="p2.S18.SomeLongLongLongLongLongTestName_260" name="Run 0" assertions="3 total, 0 failed, 3 succeeded"/><testcase time="-2661.617050510227" classname="p2.S18.SomeLongLongLongLongLongTestName_261" name="Run 0" assertions="3 total, 0 failed, 3 succeeded"/><testcase time="-6662.668045427141" classname="p2.S18.SomeLongLongLongLongLongTestName_262" name="Run 0" assertions="3 total, 0 failed, 3 succeeded"/><testcase time="-4646.889232616906" classname="p2.S18.SomeLongLongLongLongLongTestName_263" name="Run 0" assertions="3 total, 0 failed, 3 succeeded"/><testcase time="-4067.328782213465" classname="p2.S18.SomeLongLongLongLongLongTestName_264" name="Run 0" assertions="3 total, 0 failed, 3 succeeded"/><testcase time="-3756.7247859389236" classname="p2.S18.SomeLongLongLongLongLongTestName_265" name="Run 0" assertions="3 total, 0 failed, 3 succeeded"/><testcase time="-2600.6377726541946" classname="p2.S18.SomeLongLongLongLongLongTestName_266" name="Run 0" assertions="3 total, 0 failed, 3 succeeded"/><testcase time="-4965.377413968669" classname="p2.S18.SomeLongLongLongLongLongTestName_267" name="Run 0" assertions="3 total, 0 failed, 3 succeeded"/><testcase time="-2892.7877250299625" classname="p2.S18.SomeLongLongLongLongLongTestName_268" name="Run 0" assertions="3 total, 0 failed, 3 succeeded"/><testcase time="9.599674444175598" classname="p2.S18.SomeLongLongLongLongLongTestName_269" name="Run 0" assertions="3 total, 0 failed, 3 succeeded"/><testcase time="-6809.988001166888" classname="p2.S18.SomeLongLongLongLongLongTestName_270" name="Run 0" assertions="3 total, 0 failed, 3 succeeded"/><testcase time="-2084.0541504981848" classname="p2.S18.SomeLongLongLongLongLongTestName_271" name="Run 0" assertions="3 total, 0 failed, 3 succeeded"/><testcase time="-8190.312946778824" classname="p2.S18.SomeLongLongLongLongLongTestName_272" name="Run 0" assertions="3 total, 0 failed, 3 succeeded"/><testcase time="-1677.404276282892" classname="p2.S18.SomeLongLongLongLongLongTestName_273" name="Run 0" assertions="3 total, 0 failed, 3 succeeded"/><testcase time="-6786.595496734537" classname="p2.S18.SomeLongLongLongLongLongTestName_274" name="Run 0" assertions="3 total, 0 failed, 3 succeeded"/><testcase time="-9552.15679151202" classname="p2.S18.SomeLongLongLongLongLongTestName_275" name="Run 0" assertions="3 total, 0 failed, 3 succeeded"/><testcase time="-7084.9486644756535" classname="p2.S18.SomeLongLongLongLongLongTestName_276" name="Run 0" assertions="3 total, 0 failed, 3 succeeded"/><testcase time="-4103.832266822662" classname="p2.S18.SomeLongLongLongLongLongTestName_277" name="Run 0" assertions="3 total, 0 failed, 3 succeeded"/><testcase time="-5686.846578999154" classname="p2.S18.SomeLongLongLongLongLongTestName_278" name="Run 0" assertions="3 total, 0 failed, 3 succeeded"/><testcase time="-2587.607795157664" classname="p2.S18.SomeLongLongLongLongLongTestName_279" name="Run 0" assertions="3 total, 0 failed, 3 succeeded"/><testcase time="-5244.93392219717" classname="p2.S18.SomeLongLongLongLongLongTestName_280" name="Run 0" assertions="3 total, 0 failed, 3 succeeded"/><testcase time="-2757.1565828722833" classname="p2.S18.SomeLongLongLongLongLongTestName_281" name="Run 0" assertions="3 total, 0 failed, 3 succeeded"/><testcase time="-5462.994160132151" classname="p2.S18.SomeLongLongLongLongLongTestName_282" name="Run 0" assertions="3 total, 0 failed, 3 succeeded"/><testcase time="-5093.792643905459" classname="p2.S18.SomeLongLongLongLongLongTestName_283" name="Run 0" assertions="3 total, 0 failed, 3 succeeded"/><testcase time="-4324.020894623885" classname="p2.S18.SomeLongLongLongLongLongTestName_284" name="Run 0" assertions="3 total, 0 failed, 3 succeeded"/><testcase time="-8521.622365817833" classname="p2.S18.SomeLongLongLongLongLongTestName_285" name="Run 0" assertions="3 total, 0 failed, 3 succeeded"/><testcase time="0" classname="p2.S18.SomeLongLongLongLongLongTestName_286" name="Run 0" assertions="3 total, 0 failed, 3 succeeded"><skipped type="Skipped" message="This test was disabled."/></testcase><testcase time="0" classname="p2.S18.SomeLongLongLongLongLongTestName_287" name="Run 0" assertions="3 total, 0 failed, 3 succeeded"><skipped type="Skipped" message="This test was disabled."/></testcase><testcase time="0" classname="p2.S18.SomeLongLongLongLongLongTestName_288" name="Run 0" assertions="3 total, 0 failed, 3 succeeded"><skipped type="Skipped" message="This test was disabled."/></testcase><testcase time="0" classname="p2.S18.SomeLongLongLongLongLongTestName_289" name="Run 0" assertions="3 total, 0 failed, 3 succeeded"><skipped type="Skipped" message="This test was disabled."/></testcase><testcase time="0" classname="p2.S18.SomeLongLongLongLongLongTestName_290" name="Run 0" assertions="3 total, 0 failed, 3 succeeded"><skipped type="Skipped" message="This test was disabled."/></testcase><testcase time="0" classname="p2.S18.SomeLongLongLongLongLongTestName_291" name="Run 0" assertions="3 total, 0 failed, 3 succeeded"><skipped type="Skipped" message="This test was disabled."/></testcase><testcase time="0" classname="p2.S18.SomeLongLongLongLongLongTestName_292" name="Run 0" assertions="3 total, 0 failed, 3 succeeded"><skipped type="Skipped" message="This test was disabled."/></testcase><testcase time="0" classname="p2.S18.SomeLongLongLongLongLongTestName_293" name="Run 0" assertions="3 total, 0 failed, 3 succeeded"><skipped type="Skipped" message="This test was disabled."/></testcase><testcase time="0" classname="p2.S18.SomeLongLongLongLongLongTestName_294" name="Run 0" assertions="3 total, 0 failed, 3 succeeded"><skipped type="Skipped" message="This test was disabled."/></testcase><testcase time="0" classname="p2.S18.SomeLongLongLongLongLongTestName_295" name="Run 0" assertions="3 total, 0 failed, 3 succeeded"><skipped type="Skipped" message="This test was disabled."/></testcase><testcase time="0" classname="p2.S18.SomeLongLongLongLongLongTestName_296" name="Run 0" assertions="3 total, 0 failed, 3 succeeded"><skipped type="Skipped" message="This test was disabled."/></testcase><testcase time="0" classname="p2.S18.SomeLongLongLongLongLongTestName_297" name="Run 0" assertions="3 total, 0 failed, 3 succeeded"><skipped type="Skipped" message="This test was disabled."/></testcase><testcase time="0" classname="p2.S18.SomeLongLongLongLongLongTestName_298" name="Run 0" assertions="3 total, 0 failed, 3 succeeded"><skipped type="Skipped" message="This test was disabled."/></testcase><testcase time="0" classname="p2.S18.SomeLongLongLongLongLongTestName_299" name="Run 0" assertions="3 total, 0 failed, 3 succeeded"><skipped type="Skipped" message="This test was disabled."/></testcase><testcase time="0" classname="p2.S18.SomeLongLongLongLongLongTestName_300" name="Run 0" assertions="3 total, 0 failed, 3 succeeded"><skipped type="Skipped" message="This test was disabled."/></testcase><testcase time="0" classname="p2.S18.SomeLongLongLongLongLongTestName_301" name="Run 0" assertions="3 total, 0 failed, 3 succeeded"><skipped type="Skipped" message="This test was disabled."/></testcase><testcase time="0" classname="p2.S18.SomeLongLongLongLongLongTestName_302" name="Run 0" assertions="3 total, 0 failed, 3 succeeded"><skipped type="Skipped" message="This test was disabled."/></testcase><testcase time="0" classname="p2.S18.SomeLongLongLongLongLongTestName_303" name="Run 0" assertions="3 total, 0 failed, 3 succeeded"><skipped type="Skipped" message="This test was disabled."/></testcase><testcase time="0" classname="p2.S18.SomeLongLongLongLongLongTestName_304" name="Run 0" assertions="3 total, 0 failed, 3 succeeded"><skipped type="Skipped" message="This test was disabled."/></testcase><testcase time="0" classname="p2.S18.SomeLongLongLongLongLongTestName_305" name="Run 0" assertions="3 total, 0 failed, 3 succeeded"><skipped type="Skipped" message="This test was disabled."/></testcase><testcase time="0" classname="p2.S18.SomeLongLongLongLongLongTestName_306" name="Run 0" assertions="3 total, 0 failed, 3 succeeded"><skipped type="Skipped" message="This test was disabled."/></testcase><testcase time="0" classname="p2.S18.SomeLongLongLongLongLongTestName_307" name="Run 0" assertions="3 total, 0 failed, 3 succeeded"><skipped type="Skipped" message="This test was disabled."/></testcase><testcase time="0" classname="p2.S18.SomeLongLongLongLongLongTestName_308" name="Run 0" assertions="3 total, 0 failed, 3 succeeded"><skipped type="Skipped" message="This test was disabled."/></testcase><testcase time="0" classname="p2.S18.SomeLongLongLongLongLongTestName_309" name="Run 0" assertions="3 total, 0 failed, 3 succeeded"><skipped type="Skipped" message="This test was disabled."/></testcase><testcase time="0" classname="p2.S18.SomeLongLongLongLongLongTestName_310" name="Run 0" assertions="3 total, 0 failed, 3 succeeded"><skipped type="Skipped" message="This test was disabled."/></testcase><testcase time="0" classname="p2.S18.SomeLongLongLongLongLongTestName_311" name="Run 0" assertions="3 total, 0 failed, 3 succeeded"><skipped type="Skipped" message="This test was disabled."/></testcase><testcase time="0" classname="p2.S18.SomeLongLongLongLongLongTestName_312" name="Run 0" assertions="3 total, 0 failed, 3 succeeded"><skipped type="Skipped" message="This test was disabled."/></testcase><testcase time="0" classname="p2.S18.SomeLongLongLongLongLongTestName_313" name="Run 0" assertions="3 total, 0 failed, 3 succeeded"><skipped type="Skipped" message="This test was disabled."/></testcase><testcase time="0" classname="p2.S18.SomeLongLongLongLongLongTestName_314" name="Run 0" assertions="3 total, 0 failed, 3 succeeded"><skipped type="Skipped" message="This test was disabled."/></testcase><testcase time="0" classname="p2.S18.SomeLongLongLongLongLongTestName_315" name="Run 0" assertions="3 total, 0 failed, 3 succeeded"><skipped type="Skipped" message="This test was disabled."/></testcase><testcase time="0" classname="p2.S18.SomeLongLongLongLongLongTestName_316" name="Run 0" assertions="3 total, 0 failed, 3 succeeded"><skipped type="Skipped" message="This test was disabled."/></testcase><testcase time="0" classname="p2.S18.SomeLongLongLongLongLongTestName_317" name="Run 0" assertions="3 total, 0 failed, 3 succeeded"><skipped type="Skipped" message="This test was disabled."/></testcase><testcase time="0" classname="p2.S18.SomeLongLongLongLongLongTestName_318" name="Run 0" assertions="3 total, 0 failed, 3 succeeded"><skipped type="Skipped" message="This test was disabled."/></testcase><testcase time="0" classname="p2.S18.SomeLongLongLongLongLongTestName_319" name="Run 0" assertions="3 total, 0 failed, 3 succeeded"><skipped type="Skipped" message="This test was disabled."/></testcase><testcase time="0" classname="p2.S18.SomeLongLongLongLongLongTestName_320" name="Run 0" assertions="3 total, 0 failed, 3 succeeded"><skipped type="Skipped" message="This test was disabled."/></testcase><testcase time="0" classname="p2.S18.SomeLongLongLongLongLongTestName_321" name="Run 0" assertions="3 total, 0 failed, 3 succeeded"><skipped type="Skipped" message="This test was disabled."/></testcase><testcase time="0" classname="p2.S18.SomeLongLongLongLongLongTestName_322" name="Run 0" assertions="3 total, 0 failed, 3 succeeded"><skipped type="Skipped" message="This test was disabled."/></testcase><testcase time="0" classname="p2.S18.SomeLongLongLongLongLongTestName_323" name="Run 0" assertions="3 total, 0 failed, 3 succeeded"><skipped type="Skipped" message="This test was disabled."/></testcase><testcase time="0" classname="p2.S18.SomeLongLongLongLongLongTestName_324" name="Run 0" assertions="3 total, 0 failed, 3 succeeded"><skipped type="Skipped" message="This test was disabled."/></testcase><testcase time="0" classname="p2.S18.SomeLongLongLongLongLongTestName_325" name="Run 0" assertions="3 total, 0 failed, 3 succeeded"><skipped type="Skipped" message="This test was disabled."/></testcase><testcase time="0" classname="p2.S18.SomeLongLongLongLongLongTestName_326" name="Run 0" assertions="3 total, 0 failed, 3 succeeded"><skipped type="Skipped" message="This test was disabled."/></testcase><testcase time="0" classname="p2.S18.SomeLongLongLongLongLongTestName_327" name="Run 0" assertions="3 total, 0 failed, 3 succeeded"><skipped type="Skipped" message="This test was disabled."/></testcase><testcase time="0" classname="p2.S18.SomeLongLongLongLongLongTestName_328" name="Run 0" assertions="3 total, 0 failed, 3 succeeded"><skipped type="Skipped" message="This test was disabled."/></testcase><testcase time="0" classname="p2.S18.SomeLongLongLongLongLongTestName_329" name="Run 0" assertions="3 total, 0 failed, 3 succeeded"><skipped type="Skipped" message="This test was disabled."/></testcase><testcase time="0" classname="p2.S18.SomeLongLongLongLongLongTestName_330" name="Run 0" assertions="3 total, 0 failed, 3 succeeded"><skipped type="Skipped" message="This test was disabled."/></testcase><testcase time="0" classname="p2.S18.SomeLongLongLongLongLongTestName_331" name="Run 0" assertions="3 total, 0 failed, 3 succeeded"><skipped type="Skipped" message="This test was disabled."/></testcase><testcase time="0" classname="p2.S18.SomeLongLongLongLongLongTestName_332" name="Run 0" assertions="3 total, 0 failed, 3 succeeded"><skipped type="Skipped" message="This test was disabled."/></testcase><testcase time="0" classname="p2.S18.SomeLongLongLongLongLongTestName_333" name="Run 0" assertions="3 total, 0 failed, 3 succeeded"><skipped type="Skipped" message="This test was disabled."/></testcase><testcase time="0" classname="p2.S18.SomeLongLongLongLongLongTestName_334" name="Run 0" assertions="3 total, 0 failed, 3 succeeded"><skipped type="Skipped" message="This test was disabled."/></testcase><testcase time="0" classname="p2.S18.SomeLongLongLongLongLongTestName_335" name="Run 0" assertions="3 total, 0 failed, 3 succeeded"><skipped type="Skipped" message="This test was disabled."/></testcase><testcase time="0" classname="p2.S18.SomeLongLongLongLongLongTestName_336" name="Run 0" assertions="3 total, 0 failed, 3 succeeded"><skipped type="Skipped" message="This test was disabled."/></testcase><testcase time="0" classname="p2.S18.SomeLongLongLongLongLongTestName_337" name="Run 0" assertions="3 total, 0 failed, 3 succeeded"><skipped type="Skipped" message="This test was disabled."/></testcase><testcase time="0" classname="p2.S18.SomeLongLongLongLongLongTestName_338" name="Run 0" assertions="3 total, 0 failed, 3 succeeded"><skipped type="Skipped" message="This test was disabled."/></testcase><testcase time="0" classname="p2.S18.SomeLongLongLongLongLongTestName_339" name="Run 0" assertions="3 total, 0 failed, 3 succeeded"><skipped type="Skipped" message="This test was disabled."/></testcase><testcase time="0" classname="p2.S18.SomeLongLongLongLongLongTestName_340" name="Run 0" assertions="3 total, 0 failed, 3 succeeded"><skipped type="Skipped" message="This test was disabled."/></testcase><testcase time="0" classname="p2.S18.SomeLongLongLongLongLongTestName_341" name="Run 0" assertions="3 total, 0 failed, 3 succeeded"><skipped type="Skipped" message="This test was disabled."/></testcase><testcase time="0" classname="p2.S18.SomeLongLongLongLongLongTestName_342" name="Run 0" assertions="3 total, 0 failed, 3 succeeded"><skipped type="Skipped" message="This test was disabled."/></testcase><testcase time="0" classname="p2.S18.SomeLongLongLongLongLongTestName_343" name="Run 0" assertions="3 total, 0 failed, 3 succeeded"><skipped type="Skipped" message="This test was disabled."/></testcase><testcase time="0" classname="p2.S18.SomeLongLongLongLongLongTestName_344" name="Run 0" assertions="3 total, 0 failed, 3 succeeded"><skipped type="Skipped" message="This test was disabled."/></testcase><testcase time="0" classname="p2.S18.SomeLongLongLongLongLongTestName_345" name="Run 0" assertions="3 total, 0 failed, 3 succeeded"><skipped type="Skipped" message="This test was disabled."/></testcase><testcase time="0" classname="p2.S18.SomeLongLongLongLongLongTestName_346" name="Run 0" assertions="3 total, 0 failed, 3 succeeded"><skipped type="Skipped" message="This test was disabled."/></testcase><testcase time="0" classname="p2.S18.SomeLongLongLongLongLongTestName_347" name="Run 0" assertions="3 total, 0 failed, 3 succeeded"><skipped type="Skipped" message="This test was disabled."/></testcase><testcase time="0" classname="p2.S18.SomeLongLongLongLongLongTestName_348" name="Run 0" assertions="3 total, 0 failed, 3 succeeded"><skipped type="Skipped" message="This test was disabled."/></testcase><testcase time="0" classname="p2.S18.SomeLongLongLongLongLongTestName_349" name="Run 0" assertions="3 total, 0 failed, 3 succeeded"><skipped type="Skipped" message="This test was disabled."/></testcase><testcase time="0" classname="p2.S18.SomeLongLongLongLongLongTestName_350" name="Run 0" assertions="3 total, 0 failed, 3 succeeded"><skipped type="Skipped" message="This test was disabled."/></testcase><testcase time="0" classname="p2.S18.SomeLongLongLongLongLongTestName_351" name="Run 0" assertions="3 total, 0 failed, 3 succeeded"><skipped type="Skipped" message="This test was disabled."/></testcase><testcase time="0" classname="p2.S18.SomeLongLongLongLongLongTestName_352" name="Run 0" assertions="3 total, 0 failed, 3 succeeded"><skipped type="Skipped" message="This test was disabled."/></testcase><testcase time="0" classname="p2.S18.SomeLongLongLongLongLongTestName_353" name="Run 0" assertions="3 total, 0 failed, 3 succeeded"><skipped type="Skipped" message="This test was disabled."/></testcase><testcase time="0" classname="p2.S18.SomeLongLongLongLongLongTestName_354" name="Run 0" assertions="3 total, 0 failed, 3 succeeded"><skipped type="Skipped" message="This test was disabled."/></testcase><testcase time="0" classname="p2.S18.SomeLongLongLongLongLongTestName_355" name="Run 0" assertions="3 total, 0 failed, 3 succeeded"><skipped type="Skipped" message="This test was disabled."/></testcase><testcase time="0" classname="p2.S18.SomeLongLongLongLongLongTestName_356" name="Run 0" assertions="3 total, 0 failed, 3 succeeded"><skipped type="Skipped" message="This test was disabled."/></testcase><testcase time="0" classname="p2.S18.SomeLongLongLongLongLongTestName_357" name="Run 0" assertions="3 total, 0 failed, 3 succeeded"><skipped type="Skipped" message="This test was disabled."/></testcase><testcase time="0" classname="p2.S18.SomeLongLongLongLongLongTestName_358" name="Run 0" assertions="3 total, 0 failed, 3 succeeded"><skipped type="Skipped" message="This test was disabled."/></testcase><testcase time="0" classname="p2.S18.SomeLongLongLongLongLongTestName_359" name="Run 0" assertions="3 total, 0 failed, 3 succeeded"><skipped type="Skipped" message="This test was disabled."/></testcase><testcase time="0" classname="p2.S18.SomeLongLongLongLongLongTestName_360" name="Run 0" assertions="3 total, 0 failed, 3 succeeded"><skipped type="Skipped" message="This test was disabled."/></testcase><testcase time="0" classname="p2.S18.SomeLongLongLongLongLongTestName_361" name="Run 0" assertions="3 total, 0 failed, 3 succeeded"><skipped type="Skipped" message="This test was disabled."/></testcase><testcase time="0" classname="p2.S18.SomeLongLongLongLongLongTestName_362" name="Run 0" assertions="3 total, 0 failed, 3 succeeded"><skipped type="Skipped" message="This test was disabled."/></testcase><testcase time="0" classname="p2.S18.SomeLongLongLongLongLongTestName_363" name="Run 0" assertions="3 total, 0 failed, 3 succeeded"><skipped type="Skipped" message="This test was disabled."/></testcase><testcase time="0" classname="p2.S18.SomeLongLongLongLongLongTestName_364" name="Run 0" assertions="3 total, 0 failed, 3 succeeded"><skipped type="Skipped" message="This test was disabled."/></testcase><testcase time="0" classname="p2.S18.SomeLongLongLongLongLongTestName_365" name="Run 0" assertions="3 total, 0 failed, 3 succeeded"><skipped type="Skipped" message="This test was disabled."/></testcase><testcase time="0" classname="p2.S18.SomeLongLongLongLongLongTestName_366" name="Run 0" assertions="3 total, 0 failed, 3 succeeded"><skipped type="Skipped" message="This test was disabled."/></testcase><testcase time="0" classname="p2.S18.SomeLongLongLongLongLongTestName_367" name="Run 0" assertions="3 total, 0 failed, 3 succeeded"><skipped type="Skipped" message="This test was disabled."/></testcase><testcase time="0" classname="p2.S18.SomeLongLongLongLongLongTestName_368" name="Run 0" assertions="3 total, 0 failed, 3 succeeded"><skipped type="Skipped" message="This test was disabled."/></testcase><testcase time="0" classname="p2.S18.SomeLongLongLongLongLongTestName_369" name="Run 0" assertions="3 total, 0 failed, 3 succeeded"><skipped type="Skipped" message="This test was disabled."/></testcase><testcase time="0" classname="p2.S18.SomeLongLongLongLongLongTestName_370" name="Run 0" assertions="3 total, 0 failed, 3 succeeded"><skipped type="Skipped" message="This test was disabled."/></testcase><testcase time="0" classname="p2.S18.SomeLongLongLongLongLongTestName_371" name="Run 0" assertions="3 total, 0 failed, 3 succeeded"><skipped type="Skipped" message="This test was disabled."/></testcase><testcase time="0" classname="p2.S18.SomeLongLongLongLongLongTestName_372" name="Run 0" assertions="3 total, 0 failed, 3 succeeded"><skipped type="Skipped" message="This test was disabled."/></testcase><testcase time="0" classname="p2.S18.SomeLongLongLongLongLongTestName_373" name="Run 0" assertions="3 total, 0 failed, 3 succeeded"><skipped type="Skipped" message="This test was disabled."/></testcase><testcase time="0" classname="p2.S18.SomeLongLongLongLongLongTestName_374" name="Run 0" assertions="3 total, 0 failed, 3 succeeded"><skipped type="Skipped" message="This test was disabled."/></testcase><testcase time="0" classname="p2.S18.SomeLongLongLongLongLongTestName_375" name="Run 0" assertions="3 total, 0 failed, 3 succeeded"><skipped type="Skipped" message="This test was disabled."/></testcase><testcase time="0" classname="p2.S18.SomeLongLongLongLongLongTestName_376" name="Run 0" assertions="3 total, 0 failed, 3 succeeded"><skipped type="Skipped" message="This test was disabled."/></testcase><testcase time="0" classname="p2.S18.SomeLongLongLongLongLongTestName_377" name="Run 0" assertions="3 total, 0 failed, 3 succeeded"><skipped type="Skipped" message="This test was disabled."/></testcase><testcase time="0" classname="p2.S18.SomeLongLongLongLongLongTestName_378" name="Run 0" assertions="3 total, 0 failed, 3 succeeded"><skipped type="Skipped" message="This test was disabled."/></testcase><testcase time="0" classname="p2.S18.SomeLongLongLongLongLongTestName_379" name="Run 0" assertions="3 total, 0 failed, 3 succeeded"><skipped type="Skipped" message="This test was disabled."/></testcase><testcase time="0" classname="p2.S18.SomeLongLongLongLongLongTestName_380" name="Run 0" assertions="3 total, 0 failed, 3 succeeded"><skipped type="Skipped" message="This test was disabled."/></testcase><testcase time="0" classname="p2.S18.SomeLongLongLongLongLongTestName_381" name="Run 0" assertions="3 total, 0 failed, 3 succeeded"><skipped type="Skipped" message="This test was disabled."/></testcase><testcase time="0" classname="p2.S18.SomeLongLongLongLongLongTestName_382" name="Run 0" assertions="3 total, 0 failed, 3 succeeded"><skipped type="Skipped" message="This test was disabled."/></testcase><testcase time="0" classname="p2.S18.SomeLongLongLongLongLongTestName_383" name="Run 0" assertions="3 total, 0 failed, 3 succeeded"><skipped type="Skipped" message="This test was disabled."/></testcase><testcase time="0" classname="p2.S18.SomeLongLongLongLongLongTestName_384" name="Run 0" assertions="3 total, 0 failed, 3 succeeded"><skipped type="Skipped" message="This test was disabled."/></testcase><testcase time="0" classname="p2.S18.SomeLongLongLongLongLongTestName_385" name="Run 0" assertions="3 total, 0 failed, 3 succeeded"><skipped type="Skipped" message="This test was disabled."/></testcase><testcase time="0" classname="p2.S18.SomeLongLongLongLongLongTestName_386" name="Run 0" assertions="3 total, 0 failed, 3 succeeded"><skipped type="Skipped" message="This test was disabled."/></testcase><testcase time="0" classname="p2.S18.SomeLongLongLongLongLongTestName_387" name="Run 0" assertions="3 total, 0 failed, 3 succeeded"><skipped type="Skipped" message="This test was disabled."/></testcase><testcase time="0" classname="p2.S18.SomeLongLongLongLongLongTestName_388" name="Run 0" assertions="3 total, 0 failed, 3 succeeded"><skipped type="Skipped" message="This test was disabled."/></testcase><testcase time="0" classname="p2.S18.SomeLongLongLongLongLongTestName_389" name="Run 0" assertions="3 total, 0 failed, 3 succeeded"><skipped type="Skipped" message="This test was disabled."/></testcase><testcase time="0" classname="p2.S18.SomeLongLongLongLongLongTestName_390" name="Run 0" assertions="3 total, 0 failed, 3 succeeded"><skipped type="Skipped" message="This test was disabled."/></testcase><testcase time="0" classname="p2.S18.SomeLongLongLongLongLongTestName_391" name="Run 0" assertions="3 total, 0 failed, 3 succeeded"><skipped type="Skipped" message="This test was disabled."/></testcase><testcase time="0" classname="p2.S18.SomeLongLongLongLongLongTestName_392" name="Run 0" assertions="3 total, 0 failed, 3 succeeded"><skipped type="Skipped" message="This test was disabled."/></testcase><testcase time="0" classname="p2.S18.SomeLongLongLongLongLongTestName_393" name="Run 0" assertions="3 total, 0 failed, 3 succeeded"><skipped type="Skipped" message="This test was disabled."/></testcase><testcase time="0" classname="p2.S18.SomeLongLongLongLongLongTestName_394" name="Run 0" assertions="3 total, 0 failed, 3 succeeded"><skipped type="Skipped" message="This test was disabled."/></testcase><testcase time="0" classname="p2.S18.SomeLongLongLongLongLongTestName_395" name="Run 0" assertions="3 total, 0 failed, 3 succeeded"><skipped type="Skipped" message="This test was disabled."/></testcase><testcase time="0" classname="p2.S18.SomeLongLongLongLongLongTestName_396" name="Run 0" assertions="3 total, 0 failed, 3 succeeded"><skipped type="Skipped" message="This test was disabled."/></testcase><testcase time="0" classname="p2.S18.SomeLongLongLongLongLongTestName_397" name="Run 0" assertions="3 total, 0 failed, 3 succeeded"><skipped type="Skipped" message="This test was disabled."/></testcase><testcase time="0" classname="p2.S18.SomeLongLongLongLongLongTestName_398" name="Run 0" assertions="3 total, 0 failed, 3 succeeded"><skipped type="Skipped" message="This test was disabled."/></testcase><testcase time="0" classname="p2.S18.SomeLongLongLongLongLongTestName_399" name="Run 0" assertions="3 total, 0 failed, 3 succeeded"><skipped type="Skipped" message="This test was disabled."/></testcase><testcase time="0" classname="p2.S18.SomeLongLongLongLongLongTestName_400" name="Run 0" assertions="3 total, 0 failed, 3 succeeded"><skipped type="Skipped" message="This test was disabled."/></testcase><testcase time="0" classname="p2.S18.SomeLongLongLongLongLongTestName_401" name="Run 0" assertions="3 total, 0 failed, 3 succeeded"><skipped type="Skipped" message="This test was disabled."/></testcase><testcase time="0" classname="p2.S18.SomeLongLongLongLongLongTestName_402" name="Run 0" assertions="3 total, 0 failed, 3 succeeded"><skipped type="Skipped" message="This test was disabled."/></testcase><testcase time="0" classname="p2.S18.SomeLongLongLongLongLongTestName_403" name="Run 0" assertions="3 total, 0 failed, 3 succeeded"><skipped type="Skipped" message="This test was disabled."/></testcase><testcase time="0" classname="p2.S18.SomeLongLongLongLongLongTestName_404" name="Run 0" assertions="3 total, 0 failed, 3 succeeded"><skipped type="Skipped" message="This test was disabled."/></testcase><testcase time="0" classname="p2.S18.SomeLongLongLongLongLongTestName_405" name="Run 0" assertions="3 total, 0 failed, 3 succeeded"><skipped type="Skipped" message="This test was disabled."/></testcase><testcase time="0" classname="p2.S18.SomeLongLongLongLongLongTestName_406" name="Run 0" assertions="3 total, 0 failed, 3 succeeded"><skipped type="Skipped" message="This test was disabled."/></testcase><testcase time="0" classname="p2.S18.SomeLongLongLongLongLongTestName_407" name="Run 0" assertions="3 total, 0 failed, 3 succeeded"><skipped type="Skipped" message="This test was disabled."/></testcase><testcase time="0" classname="p2.S18.SomeLongLongLongLongLongTestName_408" name="Run 0" assertions="3 total, 0 failed, 3 succeeded"><skipped type="Skipped" message="This test was disabled."/></testcase><testcase time="0" classname="p2.S18.SomeLongLongLongLongLongTestName_409" name="Run 0" assertions="3 total, 0 failed, 3 succeeded"><skipped type="Skipped" message="This test was disabled."/></testcase><testcase time="0" classname="p2.S18.SomeLongLongLongLongLongTestName_410" name="Run 0" assertions="3 total, 0 failed, 3 succeeded"><skipped type="Skipped" message="This test was disabled."/></testcase><testcase time="0" classname="p2.S18.SomeLongLongLongLongLongTestName_411" name="Run 0" assertions="3 total, 0 failed, 3 succeeded"><skipped type="Skipped" message="This test was disabled."/></testcase><testcase time="0" classname="p2.S18.SomeLongLongLongLongLongTestName_412" name="Run 0" assertions="3 total, 0 failed, 3 succeeded"><skipped type="Skipped" message="This test was disabled."/></testcase><testcase time="0" classname="p2.S18.SomeLongLongLongLongLongTestName_413" name="Run 0" assertions="3 total, 0 failed, 3 succeeded"><skipped type="Skipped" message="This test was disabled."/></testcase><testcase time="0" classname="p2.S18.SomeLongLongLongLongLongTestName_414" name="Run 0" assertions="3 total, 0 failed, 3 succeeded"><skipped type="Skipped" message="This test was disabled."/></testcase><testcase time="0" classname="p2.S18.SomeLongLongLongLongLongTestName_415" name="Run 0" assertions="3 total, 0 failed, 3 succeeded"><skipped type="Skipped" message="This test was disabled."/></testcase><testcase time="0" classname="p2.S18.SomeLongLongLongLongLongTestName_416" name="Run 0" assertions="3 total, 0 failed, 3 succeeded"><skipped type="Skipped" message="This test was disabled."/></testcase><testcase time="0" classname="p2.S18.SomeLongLongLongLongLongTestName_417" name="Run 0" assertions="3 total, 0 failed, 3 succeeded"><skipped type="Skipped" message="This test was disabled."/></testcase><testcase time="0" classname="p2.S18.SomeLongLongLongLongLongTestName_418" name="Run 0" assertions="3 total, 0 failed, 3 succeeded"><skipped type="Skipped" message="This test was disabled."/></testcase><testcase time="0" classname="p2.S18.SomeLongLongLongLongLongTestName_419" name="Run 0" assertions="3 total, 0 failed, 3 succeeded"><skipped type="Skipped" message="This test was disabled."/></testcase><testcase time="0" classname="p2.S18.SomeLongLongLongLongLongTestName_420" name="Run 0" assertions="3 total, 0 failed, 3 succeeded"><skipped type="Skipped" message="This test was disabled."/></testcase><testcase time="-3603.016446432515" classname="p2.S19.SomeLongLongLongLongLongTestName_0" name="Run 0" assertions="3 total, 0 failed, 3 succeeded">
                          <properties>
                          <property name="prop1" value="value1" />
                          <property name="multiline">
                              Config line 1
                              Config line 2
                              Config line 3
                          </property>
                        </properties>
                        <failure message="failure message 0" type="Failure"/><system-out>This is stdout
[[ATTACHMENT|attachment.txt]]
</system-out><system-err>This is stderr
[[ATTACHMENT|attachment.txt]]
</system-err></testcase><testcase time="-1705.849608571546" classname="p2.S19.SomeLongLongLongLongLongTestName_1" name="Run 0" assertions="3 total, 0 failed, 3 succeeded"/><testcase time="-6767.212916358897" classname="p2.S19.SomeLongLongLongLongLongTestName_2" name="Run 0" assertions="3 total, 0 failed, 3 succeeded"/><testcase time="-607.1740842988441" classname="p2.S19.SomeLongLongLongLongLongTestName_3" name="Run 0" assertions="3 total, 0 failed, 3 succeeded"/><testcase time="-7882.0160749301285" classname="p2.S19.SomeLongLongLongLongLongTestName_4" name="Run 0" assertions="3 total, 0 failed, 3 succeeded"/><testcase time="-7818.430407568667" classname="p2.S19.SomeLongLongLongLongLongTestName_5" name="Run 0" assertions="3 total, 0 failed, 3 succeeded"/><testcase time="-8534.983370374202" classname="p2.S19.SomeLongLongLongLongLongTestName_6" name="Run 0" assertions="3 total, 0 failed, 3 succeeded"/><testcase time="-3226.3088701706542" classname="p2.S19.SomeLongLongLongLongLongTestName_7" name="Run 0" assertions="3 total, 0 failed, 3 succeeded"/><testcase time="-1945.3602045976727" classname="p2.S19.SomeLongLongLongLongLongTestName_8" name="Run 0" assertions="3 total, 0 failed, 3 succeeded"/><testcase time="-7248.14660913887" classname="p2.S19.SomeLongLongLongLongLongTestName_9" name="Run 0" assertions="3 total, 0 failed, 3 succeeded"/><testcase time="-878.4688957915454" classname="p2.S19.SomeLongLongLongLongLongTestName_10" name="Run 0" assertions="3 total, 0 failed, 3 succeeded"/><testcase time="-3586.29226225825" classname="p2.S19.SomeLongLongLongLongLongTestName_11" name="Run 0" assertions="3 total, 0 failed, 3 succeeded"/><testcase time="-7642.661615159644" classname="p2.S19.SomeLongLongLongLongLongTestName_12" name="Run 0" assertions="3 total, 0 failed, 3 succeeded"/><testcase time="-7014.590805691706" classname="p2.S19.SomeLongLongLongLongLongTestName_13" name="Run 0" assertions="3 total, 0 failed, 3 succeeded"/><testcase time="-9852.980998081224" classname="p2.S19.SomeLongLongLongLongLongTestName_14" name="Run 0" assertions="3 total, 0 failed, 3 succeeded"/><testcase time="-2818.560995902342" classname="p2.S19.SomeLongLongLongLongLongTestName_15" name="Run 0" assertions="3 total, 0 failed, 3 succeeded"/><testcase time="-1167.1423007992498" classname="p2.S19.SomeLongLongLongLongLongTestName_16" name="Run 0" assertions="3 total, 0 failed, 3 succeeded"/><testcase time="-4311.878180251193" classname="p2.S19.SomeLongLongLongLongLongTestName_17" name="Run 0" assertions="3 total, 0 failed, 3 succeeded"/><testcase time="-1711.6275668014005" classname="p2.S19.SomeLongLongLongLongLongTestName_18" name="Run 0" assertions="3 total, 0 failed, 3 succeeded"/><testcase time="-8611.835620698661" classname="p2.S19.SomeLongLongLongLongLongTestName_19" name="Run 0" assertions="3 total, 0 failed, 3 succeeded"/><testcase time="-8005.992303339341" classname="p2.S19.SomeLongLongLongLongLongTestName_20" name="Run 0" assertions="3 total, 0 failed, 3 succeeded"/><testcase time="-8144.682264093711" classname="p2.S19.SomeLongLongLongLongLongTestName_21" name="Run 0" assertions="3 total, 0 failed, 3 succeeded"/><testcase time="-8108.250473967775" classname="p2.S19.SomeLongLongLongLongLongTestName_22" name="Run 0" assertions="3 total, 0 failed, 3 succeeded"/><testcase time="-7072.786207465629" classname="p2.S19.SomeLongLongLongLongLongTestName_23" name="Run 0" assertions="3 total, 0 failed, 3 succeeded"/><testcase time="-4353.276937737393" classname="p2.S19.SomeLongLongLongLongLongTestName_24" name="Run 0" assertions="3 total, 0 failed, 3 succeeded"/><testcase time="-5434.3129644975415" classname="p2.S19.SomeLongLongLongLongLongTestName_25" name="Run 0" assertions="3 total, 0 failed, 3 succeeded"/><testcase time="-7776.594195794543" classname="p2.S19.SomeLongLongLongLongLongTestName_26" name="Run 0" assertions="3 total, 0 failed, 3 succeeded"/><testcase time="-7852.267162075073" classname="p2.S19.SomeLongLongLongLongLongTestName_27" name="Run 0" assertions="3 total, 0 failed, 3 succeeded"/><testcase time="-9377.21700370494" classname="p2.S19.SomeLongLongLongLongLongTestName_28" name="Run 0" assertions="3 total, 0 failed, 3 succeeded"/><testcase time="-7956.9339102131835" classname="p2.S19.SomeLongLongLongLongLongTestName_29" name="Run 0" assertions="3 total, 0 failed, 3 succeeded"/><testcase time="-7338.058153222817" classname="p2.S19.SomeLongLongLongLongLongTestName_30" name="Run 0" assertions="3 total, 0 failed, 3 succeeded"/><testcase time="-9304.91995614119" classname="p2.S19.SomeLongLongLongLongLongTestName_31" name="Run 0" assertions="3 total, 0 failed, 3 succeeded"/><testcase time="-9476.453981687546" classname="p2.S19.SomeLongLongLongLongLongTestName_32" name="Run 0" assertions="3 total, 0 failed, 3 succeeded"/><testcase time="-3526.4935702489843" classname="p2.S19.SomeLongLongLongLongLongTestName_33" name="Run 0" assertions="3 total, 0 failed, 3 succeeded"/><testcase time="-5215.697272168685" classname="p2.S19.SomeLongLongLongLongLongTestName_34" name="Run 0" assertions="3 total, 0 failed, 3 succeeded"/><testcase time="-7715.625999059269" classname="p2.S19.SomeLongLongLongLongLongTestName_35" name="Run 0" assertions="3 total, 0 failed, 3 succeeded"/><testcase time="-4401.74297466925" classname="p2.S19.SomeLongLongLongLongLongTestName_36" name="Run 0" assertions="3 total, 0 failed, 3 succeeded"/><testcase time="-4611.603466776862" classname="p2.S19.SomeLongLongLongLongLongTestName_37" name="Run 0" assertions="3 total, 0 failed, 3 succeeded"/><testcase time="-6879.226799751309" classname="p2.S19.SomeLongLongLongLongLongTestName_38" name="Run 0" assertions="3 total, 0 failed, 3 succeeded"/><testcase time="-8136.577625676498" classname="p2.S19.SomeLongLongLongLongLongTestName_39" name="Run 0" assertions="3 total, 0 failed, 3 succeeded"/><testcase time="-8269.321883907622" classname="p2.S19.SomeLongLongLongLongLongTestName_40" name="Run 0" assertions="3 total, 0 failed, 3 succeeded"/><testcase time="-8040.949200273268" classname="p2.S19.SomeLongLongLongLongLongTestName_41" name="Run 0" assertions="3 total, 0 failed, 3 succeeded"/><testcase time="-8181.851955233799" classname="p2.S19.SomeLongLongLongLongLongTestName_42" name="Run 0" assertions="3 total, 0 failed, 3 succeeded"/><testcase time="-2786.6128811464214" classname="p2.S19.SomeLongLongLongLongLongTestName_43" name="Run 0" assertions="3 total, 0 failed, 3 succeeded"/><testcase time="-3083.8863469749235" classname="p2.S19.SomeLongLongLongLongLongTestName_44" name="Run 0" assertions="3 total, 0 failed, 3 succeeded"/><testcase time="-7778.462346960974" classname="p2.S19.SomeLongLongLongLongLongTestName_45" name="Run 0" assertions="3 total, 0 failed, 3 succeeded"/><testcase time="-2674.6510563939114" classname="p2.S19.SomeLongLongLongLongLongTestName_46" name="Run 0" assertions="3 total, 0 failed, 3 succeeded"/><testcase time="-7167.1807359251925" classname="p2.S19.SomeLongLongLongLongLongTestName_47" name="Run 0" assertions="3 total, 0 failed, 3 succeeded"/><testcase time="-123.31897899301235" classname="p2.S19.SomeLongLongLongLongLongTestName_48" name="Run 0" assertions="3 total, 0 failed, 3 succeeded"/><testcase time="-4671.65489330006" classname="p2.S19.SomeLongLongLongLongLongTestName_49" name="Run 0" assertions="3 total, 0 failed, 3 succeeded"/><testcase time="-1807.4779649687264" classname="p2.S19.SomeLongLongLongLongLongTestName_50" name="Run 0" assertions="3 total, 0 failed, 3 succeeded"/><testcase time="-2275.85569100991" classname="p2.S19.SomeLongLongLongLongLongTestName_51" name="Run 0" assertions="3 total, 0 failed, 3 succeeded"/><testcase time="-6270.846763244173" classname="p2.S19.SomeLongLongLongLongLongTestName_52" name="Run 0" assertions="3 total, 0 failed, 3 succeeded"/><testcase time="-6056.995968698001" classname="p2.S19.SomeLongLongLongLongLongTestName_53" name="Run 0" assertions="3 total, 0 failed, 3 succeeded"/><testcase time="-5251.254837118973" classname="p2.S19.SomeLongLongLongLongLongTestName_54" name="Run 0" assertions="3 total, 0 failed, 3 succeeded"/><testcase time="-6082.2438161220925" classname="p2.S19.SomeLongLongLongLongLongTestName_55" name="Run 0" assertions="3 total, 0 failed, 3 succeeded"/><testcase time="-4992.3520048027785" classname="p2.S19.SomeLongLongLongLongLongTestName_56" name="Run 0" assertions="3 total, 0 failed, 3 succeeded"/><testcase time="-9979.55273773176" classname="p2.S19.SomeLongLongLongLongLongTestName_57" name="Run 0" assertions="3 total, 0 failed, 3 succeeded"/><testcase time="-3331.658206417138" classname="p2.S19.SomeLongLongLongLongLongTestName_58" name="Run 0" assertions="3 total, 0 failed, 3 succeeded"/><testcase time="-8511.62978754928" classname="p2.S19.SomeLongLongLongLongLongTestName_59" name="Run 0" assertions="3 total, 0 failed, 3 succeeded"/><testcase time="-7965.833249700293" classname="p2.S19.SomeLongLongLongLongLongTestName_60" name="Run 0" assertions="3 total, 0 failed, 3 succeeded"/><testcase time="-9256.146862763631" classname="p2.S19.SomeLongLongLongLongLongTestName_61" name="Run 0" assertions="3 total, 0 failed, 3 succeeded"/><testcase time="-8327.516090242998" classname="p2.S19.SomeLongLongLongLongLongTestName_62" name="Run 0" assertions="3 total, 0 failed, 3 succeeded"/><testcase time="-6316.040154639949" classname="p2.S19.SomeLongLongLongLongLongTestName_63" name="Run 0" assertions="3 total, 0 failed, 3 succeeded"/><testcase time="-3659.095834390611" classname="p2.S19.SomeLongLongLongLongLongTestName_64" name="Run 0" assertions="3 total, 0 failed, 3 succeeded"/><testcase time="-3122.4041924676344" classname="p2.S19.SomeLongLongLongLongLongTestName_65" name="Run 0" assertions="3 total, 0 failed, 3 succeeded"/><testcase time="-4771.9165186745895" classname="p2.S19.SomeLongLongLongLongLongTestName_66" name="Run 0" assertions="3 total, 0 failed, 3 succeeded"/><testcase time="-7716.065923254852" classname="p2.S19.SomeLongLongLongLongLongTestName_67" name="Run 0" assertions="3 total, 0 failed, 3 succeeded"/><testcase time="-442.8342704717753" classname="p2.S19.SomeLongLongLongLongLongTestName_68" name="Run 0" assertions="3 total, 0 failed, 3 succeeded"/><testcase time="-3750.265865498776" classname="p2.S19.SomeLongLongLongLongLongTestName_69" name="Run 0" assertions="3 total, 0 failed, 3 succeeded"/><testcase time="-5159.060476920381" classname="p2.S19.SomeLongLongLongLongLongTestName_70" name="Run 0" assertions="3 total, 0 failed, 3 succeeded"/><testcase time="-141.11071250838057" classname="p2.S19.SomeLongLongLongLongLongTestName_71" name="Run 0" assertions="3 total, 0 failed, 3 succeeded"/><testcase time="-5176.064910492187" classname="p2.S19.SomeLongLongLongLongLongTestName_72" name="Run 0" assertions="3 total, 0 failed, 3 succeeded"/><testcase time="-444.2883158997557" classname="p2.S19.SomeLongLongLongLongLongTestName_73" name="Run 0" assertions="3 total, 0 failed, 3 succeeded"/><testcase time="-8530.221345892483" classname="p2.S19.SomeLongLongLongLongLongTestName_74" name="Run 0" assertions="3 total, 0 failed, 3 succeeded"/><testcase time="-6629.974456679422" classname="p2.S19.SomeLongLongLongLongLongTestName_75" name="Run 0" assertions="3 total, 0 failed, 3 succeeded"/><testcase time="-9702.353704132309" classname="p2.S19.SomeLongLongLongLongLongTestName_76" name="Run 0" assertions="3 total, 0 failed, 3 succeeded"/><testcase time="-2776.0586491939653" classname="p2.S19.SomeLongLongLongLongLongTestName_77" name="Run 0" assertions="3 total, 0 failed, 3 succeeded"/><testcase time="-2293.6710497524596" classname="p2.S19.SomeLongLongLongLongLongTestName_78" name="Run 0" assertions="3 total, 0 failed, 3 succeeded"/><testcase time="-1711.391968475914" classname="p2.S19.SomeLongLongLongLongLongTestName_79" name="Run 0" assertions="3 total, 0 failed, 3 succeeded"/><testcase time="-3451.6273659251747" classname="p2.S19.SomeLongLongLongLongLongTestName_80" name="Run 0" assertions="3 total, 0 failed, 3 succeeded"/><testcase time="-260.5486496504525" classname="p2.S19.SomeLongLongLongLongLongTestName_81" name="Run 0" assertions="3 total, 0 failed, 3 succeeded"/><testcase time="-1814.2473561425472" classname="p2.S19.SomeLongLongLongLongLongTestName_82" name="Run 0" assertions="3 total, 0 failed, 3 succeeded"/><testcase time="-1077.378124401321" classname="p2.S19.SomeLongLongLongLongLongTestName_83" name="Run 0" assertions="3 total, 0 failed, 3 succeeded"/><testcase time="-7625.259203761166" classname="p2.S19.SomeLongLongLongLongLongTestName_84" name="Run 0" assertions="3 total, 0 failed, 3 succeeded"/><testcase time="-6155.051943674315" classname="p2.S19.SomeLongLongLongLongLongTestName_85" name="Run 0" assertions="3 total, 0 failed, 3 succeeded"/><testcase time="-2452.961460518256" classname="p2.S19.SomeLongLongLongLongLongTestName_86" name="Run 0" assertions="3 total, 0 failed, 3 succeeded"/><testcase time="-2883.361183213683" classname="p2.S19.SomeLongLongLongLongLongTestName_87" name="Run 0" assertions="3 total, 0 failed, 3 succeeded"/><testcase time="-9067.431152278252" classname="p2.S19.SomeLongLongLongLongLongTestName_88" name="Run 0" assertions="3 total, 0 failed, 3 succeeded"/><testcase time="-8808.33482296234" classname="p2.S19.SomeLongLongLongLongLongTestName_89" name="Run 0" assertions="3 total, 0 failed, 3 succeeded"/><testcase time="-8794.964277669644" classname="p2.S19.SomeLongLongLongLongLongTestName_90" name="Run 0" assertions="3 total, 0 failed, 3 succeeded"/><testcase time="-5362.42237681085" classname="p2.S19.SomeLongLongLongLongLongTestName_91" name="Run 0" assertions="3 total, 0 failed, 3 succeeded"/><testcase time="-4502.349564936933" classname="p2.S19.SomeLongLongLongLongLongTestName_92" name="Run 0" assertions="3 total, 0 failed, 3 succeeded"/><testcase time="-5543.578593008232" classname="p2.S19.SomeLongLongLongLongLongTestName_93" name="Run 0" assertions="3 total, 0 failed, 3 succeeded"/><testcase time="-560.3775847088929" classname="p2.S19.SomeLongLongLongLongLongTestName_94" name="Run 0" assertions="3 total, 0 failed, 3 succeeded"/><testcase time="-8132.382891053739" classname="p2.S19.SomeLongLongLongLongLongTestName_95" name="Run 0" assertions="3 total, 0 failed, 3 succeeded"/><testcase time="-3071.5207358091875" classname="p2.S19.SomeLongLongLongLongLongTestName_96" name="Run 0" assertions="3 total, 0 failed, 3 succeeded"/><testcase time="-9705.52737624004" classname="p2.S19.SomeLongLongLongLongLongTestName_97" name="Run 0" assertions="3 total, 0 failed, 3 succeeded"/><testcase time="-509.30860918398747" classname="p2.S19.SomeLongLongLongLongLongTestName_98" name="Run 0" assertions="3 total, 0 failed, 3 succeeded"/><testcase time="-2233.04709287923" classname="p2.S19.SomeLongLongLongLongLongTestName_99" name="Run 0" assertions="3 total, 0 failed, 3 succeeded"/><testcase time="-4466.92441975243" classname="p2.S19.SomeLongLongLongLongLongTestName_100" name="Run 0" assertions="3 total, 0 failed, 3 succeeded"/><testcase time="-4514.247575296856" classname="p2.S19.SomeLongLongLongLongLongTestName_101" name="Run 0" assertions="3 total, 0 failed, 3 succeeded"/><testcase time="-822.5185236339437" classname="p2.S19.SomeLongLongLongLongLongTestName_102" name="Run 0" assertions="3 total, 0 failed, 3 succeeded"/><testcase time="-6523.085286624495" classname="p2.S19.SomeLongLongLongLongLongTestName_103" name="Run 0" assertions="3 total, 0 failed, 3 succeeded"/><testcase time="-2844.8244715329206" classname="p2.S19.SomeLongLongLongLongLongTestName_104" name="Run 0" assertions="3 total, 0 failed, 3 succeeded"/><testcase time="-2714.4077358730733" classname="p2.S19.SomeLongLongLongLongLongTestName_105" name="Run 0" assertions="3 total, 0 failed, 3 succeeded"/><testcase time="-5641.307621971037" classname="p2.S19.SomeLongLongLongLongLongTestName_106" name="Run 0" assertions="3 total, 0 failed, 3 succeeded"/><testcase time="-8506.737325903081" classname="p2.S19.SomeLongLongLongLongLongTestName_107" name="Run 0" assertions="3 total, 0 failed, 3 succeeded"/><testcase time="-162.85422222378537" classname="p2.S19.SomeLongLongLongLongLongTestName_108" name="Run 0" assertions="3 total, 0 failed, 3 succeeded"/><testcase time="-5325.108614892987" classname="p2.S19.SomeLongLongLongLongLongTestName_109" name="Run 0" assertions="3 total, 0 failed, 3 succeeded"/><testcase time="-2996.797693849291" classname="p2.S19.SomeLongLongLongLongLongTestName_110" name="Run 0" assertions="3 total, 0 failed, 3 succeeded"/><testcase time="-9262.305656208748" classname="p2.S19.SomeLongLongLongLongLongTestName_111" name="Run 0" assertions="3 total, 0 failed, 3 succeeded"/><testcase time="-3130.8038489979976" classname="p2.S19.SomeLongLongLongLongLongTestName_112" name="Run 0" assertions="3 total, 0 failed, 3 succeeded"/><testcase time="-9150.48171447353" classname="p2.S19.SomeLongLongLongLongLongTestName_113" name="Run 0" assertions="3 total, 0 failed, 3 succeeded"/><testcase time="-8356.294963397992" classname="p2.S19.SomeLongLongLongLongLongTestName_114" name="Run 0" assertions="3 total, 0 failed, 3 succeeded"/><testcase time="-1321.3982017983024" classname="p2.S19.SomeLongLongLongLongLongTestName_115" name="Run 0" assertions="3 total, 0 failed, 3 succeeded"/><testcase time="-5890.411991692171" classname="p2.S19.SomeLongLongLongLongLongTestName_116" name="Run 0" assertions="3 total, 0 failed, 3 succeeded"/><testcase time="-5835.941880583652" classname="p2.S19.SomeLongLongLongLongLongTestName_117" name="Run 0" assertions="3 total, 0 failed, 3 succeeded"/><testcase time="-1053.8449774085966" classname="p2.S19.SomeLongLongLongLongLongTestName_118" name="Run 0" assertions="3 total, 0 failed, 3 succeeded"/><testcase time="-6466.804365336862" classname="p2.S19.SomeLongLongLongLongLongTestName_119" name="Run 0" assertions="3 total, 0 failed, 3 succeeded"/><testcase time="-6566.632406949239" classname="p2.S19.SomeLongLongLongLongLongTestName_120" name="Run 0" assertions="3 total, 0 failed, 3 succeeded"/><testcase time="-4739.726564917769" classname="p2.S19.SomeLongLongLongLongLongTestName_121" name="Run 0" assertions="3 total, 0 failed, 3 succeeded"/><testcase time="-1051.6531585772448" classname="p2.S19.SomeLongLongLongLongLongTestName_122" name="Run 0" assertions="3 total, 0 failed, 3 succeeded"/><testcase time="-3161.6388837439454" classname="p2.S19.SomeLongLongLongLongLongTestName_123" name="Run 0" assertions="3 total, 0 failed, 3 succeeded"/><testcase time="-339.17308059376364" classname="p2.S19.SomeLongLongLongLongLongTestName_124" name="Run 0" assertions="3 total, 0 failed, 3 succeeded"/><testcase time="-3710.8595469671664" classname="p2.S19.SomeLongLongLongLongLongTestName_125" name="Run 0" assertions="3 total, 0 failed, 3 succeeded"/><testcase time="-7515.389407489429" classname="p2.S19.SomeLongLongLongLongLongTestName_126" name="Run 0" assertions="3 total, 0 failed, 3 succeeded"/><testcase time="-6734.293870097644" classname="p2.S19.SomeLongLongLongLongLongTestName_127" name="Run 0" assertions="3 total, 0 failed, 3 succeeded"/><testcase time="-1918.033373993101" classname="p2.S19.SomeLongLongLongLongLongTestName_128" name="Run 0" assertions="3 total, 0 failed, 3 succeeded"/><testcase time="-2592.281049055404" classname="p2.S19.SomeLongLongLongLongLongTestName_129" name="Run 0" assertions="3 total, 0 failed, 3 succeeded"/><testcase time="-2277.889816832151" classname="p2.S19.SomeLongLongLongLongLongTestName_130" name="Run 0" assertions="3 total, 0 failed, 3 succeeded"/><testcase time="-7838.930523750617" classname="p2.S19.SomeLongLongLongLongLongTestName_131" name="Run 0" assertions="3 total, 0 failed, 3 succeeded"/><testcase time="-2333.797878477986" classname="p2.S19.SomeLongLongLongLongLongTestName_132" name="Run 0" assertions="3 total, 0 failed, 3 succeeded"/><testcase time="-7201.15158698797" classname="p2.S19.SomeLongLongLongLongLongTestName_133" name="Run 0" assertions="3 total, 0 failed, 3 succeeded"/><testcase time="-1276.5084505913796" classname="p2.S19.SomeLongLongLongLongLongTestName_134" name="Run 0" assertions="3 total, 0 failed, 3 succeeded"/><testcase time="-7262.123801150939" classname="p2.S19.SomeLongLongLongLongLongTestName_135" name="Run 0" assertions="3 total, 0 failed, 3 succeeded"/><testcase time="-9073.182511715673" classname="p2.S19.SomeLongLongLongLongLongTestName_136" name="Run 0" assertions="3 total, 0 failed, 3 succeeded"/><testcase time="-1699.526382733467" classname="p2.S19.SomeLongLongLongLongLongTestName_137" name="Run 0" assertions="3 total, 0 failed, 3 succeeded"/><testcase time="-3993.980471723954" classname="p2.S19.SomeLongLongLongLongLongTestName_138" name="Run 0" assertions="3 total, 0 failed, 3 succeeded"/><testcase time="-207.95065228051254" classname="p2.S19.SomeLongLongLongLongLongTestName_139" name="Run 0" assertions="3 total, 0 failed, 3 succeeded"/><testcase time="-6451.576829391096" classname="p2.S19.SomeLongLongLongLongLongTestName_140" name="Run 0" assertions="3 total, 0 failed, 3 succeeded"/><testcase time="-2983.933293915256" classname="p2.S19.SomeLongLongLongLongLongTestName_141" name="Run 0" assertions="3 total, 0 failed, 3 succeeded"/><testcase time="-7574.504294069556" classname="p2.S19.SomeLongLongLongLongLongTestName_142" name="Run 0" assertions="3 total, 0 failed, 3 succeeded"/><testcase time="-4472.686087270288" classname="p2.S19.SomeLongLongLongLongLongTestName_143" name="Run 0" assertions="3 total, 0 failed, 3 succeeded"/><testcase time="-4821.927672867578" classname="p2.S19.SomeLongLongLongLongLongTestName_144" name="Run 0" assertions="3 total, 0 failed, 3 succeeded"/><testcase time="-8394.801824238257" classname="p2.S19.SomeLongLongLongLongLongTestName_145" name="Run 0" assertions="3 total, 0 failed, 3 succeeded"/><testcase time="-2739.839926199917" classname="p2.S19.SomeLongLongLongLongLongTestName_146" name="Run 0" assertions="3 total, 0 failed, 3 succeeded"/><testcase time="-4988.399828299006" classname="p2.S19.SomeLongLongLongLongLongTestName_147" name="Run 0" assertions="3 total, 0 failed, 3 succeeded"/><testcase time="-7223.429680087299" classname="p2.S19.SomeLongLongLongLongLongTestName_148" name="Run 0" assertions="3 total, 0 failed, 3 succeeded"/><testcase time="-7010.30707003885" classname="p2.S19.SomeLongLongLongLongLongTestName_149" name="Run 0" assertions="3 total, 0 failed, 3 succeeded"/><testcase time="-2884.407585719579" classname="p2.S19.SomeLongLongLongLongLongTestName_150" name="Run 0" assertions="3 total, 0 failed, 3 succeeded"/><testcase time="-6261.443452838762" classname="p2.S19.SomeLongLongLongLongLongTestName_151" name="Run 0" assertions="3 total, 0 failed, 3 succeeded"/><testcase time="-3103.554786663207" classname="p2.S19.SomeLongLongLongLongLongTestName_152" name="Run 0" assertions="3 total, 0 failed, 3 succeeded"/><testcase time="-2190.5181896283048" classname="p2.S19.SomeLongLongLongLongLongTestName_153" name="Run 0" assertions="3 total, 0 failed, 3 succeeded"/><testcase time="-3582.0247163789604" classname="p2.S19.SomeLongLongLongLongLongTestName_154" name="Run 0" assertions="3 total, 0 failed, 3 succeeded"/><testcase time="-4611.264820234515" classname="p2.S19.SomeLongLongLongLongLongTestName_155" name="Run 0" assertions="3 total, 0 failed, 3 succeeded"/><testcase time="-2213.7440686378577" classname="p2.S19.SomeLongLongLongLongLongTestName_156" name="Run 0" assertions="3 total, 0 failed, 3 succeeded"/><testcase time="-2796.792357156192" classname="p2.S19.SomeLongLongLongLongLongTestName_157" name="Run 0" assertions="3 total, 0 failed, 3 succeeded"/><testcase time="-8077.701950306009" classname="p2.S19.SomeLongLongLongLongLongTestName_158" name="Run 0" assertions="3 total, 0 failed, 3 succeeded"/><testcase time="-2501.484014191489" classname="p2.S19.SomeLongLongLongLongLongTestName_159" name="Run 0" assertions="3 total, 0 failed, 3 succeeded"/><testcase time="-7804.83071048651" classname="p2.S19.SomeLongLongLongLongLongTestName_160" name="Run 0" assertions="3 total, 0 failed, 3 succeeded"/><testcase time="-7424.473941420621" classname="p2.S19.SomeLongLongLongLongLongTestName_161" name="Run 0" assertions="3 total, 0 failed, 3 succeeded"/><testcase time="-7430.143856626006" classname="p2.S19.SomeLongLongLongLongLongTestName_162" name="Run 0" assertions="3 total, 0 failed, 3 succeeded"/><testcase time="-5852.754492999053" classname="p2.S19.SomeLongLongLongLongLongTestName_163" name="Run 0" assertions="3 total, 0 failed, 3 succeeded"/><testcase time="-9841.763976621847" classname="p2.S19.SomeLongLongLongLongLongTestName_164" name="Run 0" assertions="3 total, 0 failed, 3 succeeded"/><testcase time="-8092.652309598041" classname="p2.S19.SomeLongLongLongLongLongTestName_165" name="Run 0" assertions="3 total, 0 failed, 3 succeeded"/><testcase time="-7723.491812505978" classname="p2.S19.SomeLongLongLongLongLongTestName_166" name="Run 0" assertions="3 total, 0 failed, 3 succeeded"/><testcase time="-8912.696631162316" classname="p2.S19.SomeLongLongLongLongLongTestName_167" name="Run 0" assertions="3 total, 0 failed, 3 succeeded"/><testcase time="-8328.033143749552" classname="p2.S19.SomeLongLongLongLongLongTestName_168" name="Run 0" assertions="3 total, 0 failed, 3 succeeded"/><testcase time="-7110.266119273641" classname="p2.S19.SomeLongLongLongLongLongTestName_169" name="Run 0" assertions="3 total, 0 failed, 3 succeeded"/><testcase time="-4402.301645028174" classname="p2.S19.SomeLongLongLongLongLongTestName_170" name="Run 0" assertions="3 total, 0 failed, 3 succeeded"/><testcase time="-8779.829884602332" classname="p2.S19.SomeLongLongLongLongLongTestName_171" name="Run 0" assertions="3 total, 0 failed, 3 succeeded"/><testcase time="-5630.356410125234" classname="p2.S19.SomeLongLongLongLongLongTestName_172" name="Run 0" assertions="3 total, 0 failed, 3 succeeded"/><testcase time="-852.5423081399557" classname="p2.S19.SomeLongLongLongLongLongTestName_173" name="Run 0" assertions="3 total, 0 failed, 3 succeeded"/><testcase time="-4464.393744280521" classname="p2.S19.SomeLongLongLongLongLongTestName_174" name="Run 0" assertions="3 total, 0 failed, 3 succeeded"/><testcase time="-5718.224817609726" classname="p2.S19.SomeLongLongLongLongLongTestName_175" name="Run 0" assertions="3 total, 0 failed, 3 succeeded"/><testcase time="-9948.325334004065" classname="p2.S19.SomeLongLongLongLongLongTestName_176" name="Run 0" assertions="3 total, 0 failed, 3 succeeded"/><testcase time="-6786.333940540658" classname="p2.S19.SomeLongLongLongLongLongTestName_177" name="Run 0" assertions="3 total, 0 failed, 3 succeeded"/><testcase time="-9611.867094763484" classname="p2.S19.SomeLongLongLongLongLongTestName_178" name="Run 0" assertions="3 total, 0 failed, 3 succeeded"/><testcase time="-5399.826838107088" classname="p2.S19.SomeLongLongLongLongLongTestName_179" name="Run 0" assertions="3 total, 0 failed, 3 succeeded"/><testcase time="-8163.208462414602" classname="p2.S19.SomeLongLongLongLongLongTestName_180" name="Run 0" assertions="3 total, 0 failed, 3 succeeded"/><testcase time="-7569.135410332724" classname="p2.S19.SomeLongLongLongLongLongTestName_181" name="Run 0" assertions="3 total, 0 failed, 3 succeeded"/><testcase time="-399.81948317641593" classname="p2.S19.SomeLongLongLongLongLongTestName_182" name="Run 0" assertions="3 total, 0 failed, 3 succeeded"/><testcase time="-2270.2091019891004" classname="p2.S19.SomeLongLongLongLongLongTestName_183" name="Run 0" assertions="3 total, 0 failed, 3 succeeded"/><testcase time="-4709.0024827588495" classname="p2.S19.SomeLongLongLongLongLongTestName_184" name="Run 0" assertions="3 total, 0 failed, 3 succeeded"/><testcase time="-7984.377404337027" classname="p2.S19.SomeLongLongLongLongLongTestName_185" name="Run 0" assertions="3 total, 0 failed, 3 succeeded"/><testcase time="-8958.205886253634" classname="p2.S19.SomeLongLongLongLongLongTestName_186" name="Run 0" assertions="3 total, 0 failed, 3 succeeded"/><testcase time="-4304.870368205555" classname="p2.S19.SomeLongLongLongLongLongTestName_187" name="Run 0" assertions="3 total, 0 failed, 3 succeeded"/><testcase time="-4069.8755575018713" classname="p2.S19.SomeLongLongLongLongLongTestName_188" name="Run 0" assertions="3 total, 0 failed, 3 succeeded"/><testcase time="-3019.3305628504363" classname="p2.S19.SomeLongLongLongLongLongTestName_189" name="Run 0" assertions="3 total, 0 failed, 3 succeeded"/><testcase time="-194.66237582273385" classname="p2.S19.SomeLongLongLongLongLongTestName_190" name="Run 0" assertions="3 total, 0 failed, 3 succeeded"/><testcase time="-2817.288514843591" classname="p2.S19.SomeLongLongLongLongLongTestName_191" name="Run 0" assertions="3 total, 0 failed, 3 succeeded"/><testcase time="-9591.23079559778" classname="p2.S19.SomeLongLongLongLongLongTestName_192" name="Run 0" assertions="3 total, 0 failed, 3 succeeded"/><testcase time="-4655.986665046809" classname="p2.S19.SomeLongLongLongLongLongTestName_193" name="Run 0" assertions="3 total, 0 failed, 3 succeeded"/><testcase time="-5890.427520488146" classname="p2.S19.SomeLongLongLongLongLongTestName_194" name="Run 0" assertions="3 total, 0 failed, 3 succeeded"/><testcase time="-3937.1996802481513" classname="p2.S19.SomeLongLongLongLongLongTestName_195" name="Run 0" assertions="3 total, 0 failed, 3 succeeded"/><testcase time="-7080.372084785146" classname="p2.S19.SomeLongLongLongLongLongTestName_196" name="Run 0" assertions="3 total, 0 failed, 3 succeeded"/><testcase time="-7918.162845952804" classname="p2.S19.SomeLongLongLongLongLongTestName_197" name="Run 0" assertions="3 total, 0 failed, 3 succeeded"/><testcase time="-2181.6561830330006" classname="p2.S19.SomeLongLongLongLongLongTestName_198" name="Run 0" assertions="3 total, 0 failed, 3 succeeded"/><testcase time="-474.60950996106817" classname="p2.S19.SomeLongLongLongLongLongTestName_199" name="Run 0" assertions="3 total, 0 failed, 3 succeeded"/><testcase time="-2783.9892671333264" classname="p2.S19.SomeLongLongLongLongLongTestName_200" name="Run 0" assertions="3 total, 0 failed, 3 succeeded"/><testcase time="-8520.509850786859" classname="p2.S19.SomeLongLongLongLongLongTestName_201" name="Run 0" assertions="3 total, 0 failed, 3 succeeded"/><testcase time="-2188.475867590934" classname="p2.S19.SomeLongLongLongLongLongTestName_202" name="Run 0" assertions="3 total, 0 failed, 3 succeeded"/><testcase time="-7675.115165530008" classname="p2.S19.SomeLongLongLongLongLongTestName_203" name="Run 0" assertions="3 total, 0 failed, 3 succeeded"/><testcase time="-6858.203693392684" classname="p2.S19.SomeLongLongLongLongLongTestName_204" name="Run 0" assertions="3 total, 0 failed, 3 succeeded"/><testcase time="-7536.785345466586" classname="p2.S19.SomeLongLongLongLongLongTestName_205" name="Run 0" assertions="3 total, 0 failed, 3 succeeded"/><testcase time="-7630.664504387553" classname="p2.S19.SomeLongLongLongLongLongTestName_206" name="Run 0" assertions="3 total, 0 failed, 3 succeeded"/><testcase time="-9496.764385710923" classname="p2.S19.SomeLongLongLongLongLongTestName_207" name="Run 0" assertions="3 total, 0 failed, 3 succeeded"/><testcase time="-9872.19434678968" classname="p2.S19.SomeLongLongLongLongLongTestName_208" name="Run 0" assertions="3 total, 0 failed, 3 succeeded"/><testcase time="-9668.954612641883" classname="p2.S19.SomeLongLongLongLongLongTestName_209" name="Run 0" assertions="3 total, 0 failed, 3 succeeded"/><testcase time="-8572.507248530015" classname="p2.S19.SomeLongLongLongLongLongTestName_210" name="Run 0" assertions="3 total, 0 failed, 3 succeeded"/><testcase time="-5922.227304535507" classname="p2.S19.SomeLongLongLongLongLongTestName_211" name="Run 0" assertions="3 total, 0 failed, 3 succeeded"/><testcase time="-6682.333349794281" classname="p2.S19.SomeLongLongLongLongLongTestName_212" name="Run 0" assertions="3 total, 0 failed, 3 succeeded"/><testcase time="-5636.7482370637645" classname="p2.S19.SomeLongLongLongLongLongTestName_213" name="Run 0" assertions="3 total, 0 failed, 3 succeeded"/><testcase time="-9846.85606914621" classname="p2.S19.SomeLongLongLongLongLongTestName_214" name="Run 0" assertions="3 total, 0 failed, 3 succeeded"/><testcase time="-7340.252406728042" classname="p2.S19.SomeLongLongLongLongLongTestName_215" name="Run 0" assertions="3 total, 0 failed, 3 succeeded"/><testcase time="-5497.4190863106705" classname="p2.S19.SomeLongLongLongLongLongTestName_216" name="Run 0" assertions="3 total, 0 failed, 3 succeeded"/><testcase time="-4207.962764808553" classname="p2.S19.SomeLongLongLongLongLongTestName_217" name="Run 0" assertions="3 total, 0 failed, 3 succeeded"/><testcase time="-2967.0274736600677" classname="p2.S19.SomeLongLongLongLongLongTestName_218" name="Run 0" assertions="3 total, 0 failed, 3 succeeded"/><testcase time="-4749.381698856986" classname="p2.S19.SomeLongLongLongLongLongTestName_219" name="Run 0" assertions="3 total, 0 failed, 3 succeeded"/><testcase time="-705.6024397866256" classname="p2.S19.SomeLongLongLongLongLongTestName_220" name="Run 0" assertions="3 total, 0 failed, 3 succeeded"/><testcase time="-8610.672008341946" classname="p2.S19.SomeLongLongLongLongLongTestName_221" name="Run 0" assertions="3 total, 0 failed, 3 succeeded"/><testcase time="-6978.314082824527" classname="p2.S19.SomeLongLongLongLongLongTestName_222" name="Run 0" assertions="3 total, 0 failed, 3 succeeded"/><testcase time="-2231.366066990645" classname="p2.S19.SomeLongLongLongLongLongTestName_223" name="Run 0" assertions="3 total, 0 failed, 3 succeeded"/><testcase time="-7850.8988236239775" classname="p2.S19.SomeLongLongLongLongLongTestName_224" name="Run 0" assertions="3 total, 0 failed, 3 succeeded"/><testcase time="-1351.8201591886261" classname="p2.S19.SomeLongLongLongLongLongTestName_225" name="Run 0" assertions="3 total, 0 failed, 3 succeeded"/><testcase time="-7694.845795903452" classname="p2.S19.SomeLongLongLongLongLongTestName_226" name="Run 0" assertions="3 total, 0 failed, 3 succeeded"/><testcase time="-1062.661100000987" classname="p2.S19.SomeLongLongLongLongLongTestName_227" name="Run 0" assertions="3 total, 0 failed, 3 succeeded"/><testcase time="-5720.97175938463" classname="p2.S19.SomeLongLongLongLongLongTestName_228" name="Run 0" assertions="3 total, 0 failed, 3 succeeded"/><testcase time="-1298.048067616003" classname="p2.S19.SomeLongLongLongLongLongTestName_229" name="Run 0" assertions="3 total, 0 failed, 3 succeeded"/><testcase time="-6293.699921587119" classname="p2.S19.SomeLongLongLongLongLongTestName_230" name="Run 0" assertions="3 total, 0 failed, 3 succeeded"/><testcase time="-2177.6988429232065" classname="p2.S19.SomeLongLongLongLongLongTestName_231" name="Run 0" assertions="3 total, 0 failed, 3 succeeded"/><testcase time="-6015.273347913527" classname="p2.S19.SomeLongLongLongLongLongTestName_232" name="Run 0" assertions="3 total, 0 failed, 3 succeeded"/><testcase time="-4645.98281477275" classname="p2.S19.SomeLongLongLongLongLongTestName_233" name="Run 0" assertions="3 total, 0 failed, 3 succeeded"/><testcase time="-7861.554516036461" classname="p2.S19.SomeLongLongLongLongLongTestName_234" name="Run 0" assertions="3 total, 0 failed, 3 succeeded"/><testcase time="-8581.694797025468" classname="p2.S19.SomeLongLongLongLongLongTestName_235" name="Run 0" assertions="3 total, 0 failed, 3 succeeded"/><testcase time="-2345.06592198656" classname="p2.S19.SomeLongLongLongLongLongTestName_236" name="Run 0" assertions="3 total, 0 failed, 3 succeeded"/><testcase time="-3975.86168616569" classname="p2.S19.SomeLongLongLongLongLongTestName_237" name="Run 0" assertions="3 total, 0 failed, 3 succeeded"/><testcase time="-8804.271570792665" classname="p2.S19.SomeLongLongLongLongLongTestName_238" name="Run 0" assertions="3 total, 0 failed, 3 succeeded"/><testcase time="-6595.618569927907" classname="p2.S19.SomeLongLongLongLongLongTestName_239" name="Run 0" assertions="3 total, 0 failed, 3 succeeded"/><testcase time="-2699.574594504721" classname="p2.S19.SomeLongLongLongLongLongTestName_240" name="Run 0" assertions="3 total, 0 failed, 3 succeeded"/><testcase time="-6283.6645309464" classname="p2.S19.SomeLongLongLongLongLongTestName_241" name="Run 0" assertions="3 total, 0 failed, 3 succeeded"/><testcase time="-7637.6376790275835" classname="p2.S19.SomeLongLongLongLongLongTestName_242" name="Run 0" assertions="3 total, 0 failed, 3 succeeded"/><testcase time="-314.8133326105487" classname="p2.S19.SomeLongLongLongLongLongTestName_243" name="Run 0" assertions="3 total, 0 failed, 3 succeeded"/><testcase time="-5503.541180752719" classname="p2.S19.SomeLongLongLongLongLongTestName_244" name="Run 0" assertions="3 total, 0 failed, 3 succeeded"/><testcase time="-6002.409281008797" classname="p2.S19.SomeLongLongLongLongLongTestName_245" name="Run 0" assertions="3 total, 0 failed, 3 succeeded"/><testcase time="-6267.270367858561" classname="p2.S19.SomeLongLongLongLongLongTestName_246" name="Run 0" assertions="3 total, 0 failed, 3 succeeded"/><testcase time="-1879.7562151283098" classname="p2.S19.SomeLongLongLongLongLongTestName_247" name="Run 0" assertions="3 total, 0 failed, 3 succeeded"/><testcase time="-7509.471407563109" classname="p2.S19.SomeLongLongLongLongLongTestName_248" name="Run 0" assertions="3 total, 0 failed, 3 succeeded"/><testcase time="-4165.119108431706" classname="p2.S19.SomeLongLongLongLongLongTestName_249" name="Run 0" assertions="3 total, 0 failed, 3 succeeded"/><testcase time="-1692.4278353136067" classname="p2.S19.SomeLongLongLongLongLongTestName_250" name="Run 0" assertions="3 total, 0 failed, 3 succeeded"/><testcase time="-5813.528171994369" classname="p2.S19.SomeLongLongLongLongLongTestName_251" name="Run 0" assertions="3 total, 0 failed, 3 succeeded"/><testcase time="-4614.436430387717" classname="p2.S19.SomeLongLongLongLongLongTestName_252" name="Run 0" assertions="3 total, 0 failed, 3 succeeded"/><testcase time="-2128.592060449524" classname="p2.S19.SomeLongLongLongLongLongTestName_253" name="Run 0" assertions="3 total, 0 failed, 3 succeeded"/><testcase time="-4953.31495372096" classname="p2.S19.SomeLongLongLongLongLongTestName_254" name="Run 0" assertions="3 total, 0 failed, 3 succeeded"/><testcase time="-5440.015839659924" classname="p2.S19.SomeLongLongLongLongLongTestName_255" name="Run 0" assertions="3 total, 0 failed, 3 succeeded"/><testcase time="-7996.096666607842" classname="p2.S19.SomeLongLongLongLongLongTestName_256" name="Run 0" assertions="3 total, 0 failed, 3 succeeded"/><testcase time="-4314.784286750864" classname="p2.S19.SomeLongLongLongLongLongTestName_257" name="Run 0" assertions="3 total, 0 failed, 3 succeeded"/><testcase time="-3147.014821885868" classname="p2.S19.SomeLongLongLongLongLongTestName_258" name="Run 0" assertions="3 total, 0 failed, 3 succeeded"/><testcase time="-4223.958932443962" classname="p2.S19.SomeLongLongLongLongLongTestName_259" name="Run 0" assertions="3 total, 0 failed, 3 succeeded"/><testcase time="-8526.412589914868" classname="p2.S19.SomeLongLongLongLongLongTestName_260" name="Run 0" assertions="3 total, 0 failed, 3 succeeded"/><testcase time="-293.99835836088226" classname="p2.S19.SomeLongLongLongLongLongTestName_261" name="Run 0" assertions="3 total, 0 failed, 3 succeeded"/><testcase time="-3280.861589926465" classname="p2.S19.SomeLongLongLongLongLongTestName_262" name="Run 0" assertions="3 total, 0 failed, 3 succeeded"/><testcase time="-6491.278186944611" classname="p2.S19.SomeLongLongLongLongLongTestName_263" name="Run 0" assertions="3 total, 0 failed, 3 succeeded"/><testcase time="-9127.557158460071" classname="p2.S19.SomeLongLongLongLongLongTestName_264" name="Run 0" assertions="3 total, 0 failed, 3 succeeded"/><testcase time="-5266.247616642606" classname="p2.S19.SomeLongLongLongLongLongTestName_265" name="Run 0" assertions="3 total, 0 failed, 3 succeeded"/><testcase time="-494.644997655025" classname="p2.S19.SomeLongLongLongLongLongTestName_266" name="Run 0" assertions="3 total, 0 failed, 3 succeeded"/><testcase time="-7058.970024144602" classname="p2.S19.SomeLongLongLongLongLongTestName_267" name="Run 0" assertions="3 total, 0 failed, 3 succeeded"/><testcase time="-9676.104216460117" classname="p2.S19.SomeLongLongLongLongLongTestName_268" name="Run 0" assertions="3 total, 0 failed, 3 succeeded"/><testcase time="-3648.0478489422876" classname="p2.S19.SomeLongLongLongLongLongTestName_269" name="Run 0" assertions="3 total, 0 failed, 3 succeeded"/><testcase time="-2368.1344694191134" classname="p2.S19.SomeLongLongLongLongLongTestName_270" name="Run 0" assertions="3 total, 0 failed, 3 succeeded"/><testcase time="-1945.5554549295762" classname="p2.S19.SomeLongLongLongLongLongTestName_271" name="Run 0" assertions="3 total, 0 failed, 3 succeeded"/><testcase time="-2673.228534704741" classname="p2.S19.SomeLongLongLongLongLongTestName_272" name="Run 0" assertions="3 total, 0 failed, 3 succeeded"/><testcase time="-362.1428908955291" classname="p2.S19.SomeLongLongLongLongLongTestName_273" name="Run 0" assertions="3 total, 0 failed, 3 succeeded"/><testcase time="20.429492162958425" classname="p2.S19.SomeLongLongLongLongLongTestName_274" name="Run 0" assertions="3 total, 0 failed, 3 succeeded"/><testcase time="-6278.188476722331" classname="p2.S19.SomeLongLongLongLongLongTestName_275" name="Run 0" assertions="3 total, 0 failed, 3 succeeded"/><testcase time="-7935.935744263174" classname="p2.S19.SomeLongLongLongLongLongTestName_276" name="Run 0" assertions="3 total, 0 failed, 3 succeeded"/><testcase time="-9256.384592861275" classname="p2.S19.SomeLongLongLongLongLongTestName_277" name="Run 0" assertions="3 total, 0 failed, 3 succeeded"/><testcase time="-1926.7783317846345" classname="p2.S19.SomeLongLongLongLongLongTestName_278" name="Run 0" assertions="3 total, 0 failed, 3 succeeded"/><testcase time="-1221.146982887536" classname="p2.S19.SomeLongLongLongLongLongTestName_279" name="Run 0" assertions="3 total, 0 failed, 3 succeeded"/><testcase time="-3223.7764743503067" classname="p2.S19.SomeLongLongLongLongLongTestName_280" name="Run 0" assertions="3 total, 0 failed, 3 succeeded"/><testcase time="-238.73735190661958" classname="p2.S19.SomeLongLongLongLongLongTestName_281" name="Run 0" assertions="3 total, 0 failed, 3 succeeded"/><testcase time="-1048.0418033297765" classname="p2.S19.SomeLongLongLongLongLongTestName_282" name="Run 0" assertions="3 total, 0 failed, 3 succeeded"/><testcase time="-5764.559501082531" classname="p2.S19.SomeLongLongLongLongLongTestName_283" name="Run 0" assertions="3 total, 0 failed, 3 succeeded"/><testcase time="-4904.600062671146" classname="p2.S19.SomeLongLongLongLongLongTestName_284" name="Run 0" assertions="3 total, 0 failed, 3 succeeded"/><testcase time="-1715.2299220916173" classname="p2.S19.SomeLongLongLongLongLongTestName_285" name="Run 0" assertions="3 total, 0 failed, 3 succeeded"/><testcase time="0" classname="p2.S19.SomeLongLongLongLongLongTestName_286" name="Run 0" assertions="3 total, 0 failed, 3 succeeded"><skipped type="Skipped" message="This test was disabled."/></testcase><testcase time="0" classname="p2.S19.SomeLongLongLongLongLongTestName_287" name="Run 0" assertions="3 total, 0 failed, 3 succeeded"><skipped type="Skipped" message="This test was disabled."/></testcase><testcase time="0" classname="p2.S19.SomeLongLongLongLongLongTestName_288" name="Run 0" assertions="3 total, 0 failed, 3 succeeded"><skipped type="Skipped" message="This test was disabled."/></testcase><testcase time="0" classname="p2.S19.SomeLongLongLongLongLongTestName_289" name="Run 0" assertions="3 total, 0 failed, 3 succeeded"><skipped type="Skipped" message="This test was disabled."/></testcase><testcase time="0" classname="p2.S19.SomeLongLongLongLongLongTestName_290" name="Run 0" assertions="3 total, 0 failed, 3 succeeded"><skipped type="Skipped" message="This test was disabled."/></testcase><testcase time="0" classname="p2.S19.SomeLongLongLongLongLongTestName_291" name="Run 0" assertions="3 total, 0 failed, 3 succeeded"><skipped type="Skipped" message="This test was disabled."/></testcase><testcase time="0" classname="p2.S19.SomeLongLongLongLongLongTestName_292" name="Run 0" assertions="3 total, 0 failed, 3 succeeded"><skipped type="Skipped" message="This test was disabled."/></testcase><testcase time="0" classname="p2.S19.SomeLongLongLongLongLongTestName_293" name="Run 0" assertions="3 total, 0 failed, 3 succeeded"><skipped type="Skipped" message="This test was disabled."/></testcase><testcase time="0" classname="p2.S19.SomeLongLongLongLongLongTestName_294" name="Run 0" assertions="3 total, 0 failed, 3 succeeded"><skipped type="Skipped" message="This test was disabled."/></testcase><testcase time="0" classname="p2.S19.SomeLongLongLongLongLongTestName_295" name="Run 0" assertions="3 total, 0 failed, 3 succeeded"><skipped type="Skipped" message="This test was disabled."/></testcase><testcase time="0" classname="p2.S19.SomeLongLongLongLongLongTestName_296" name="Run 0" assertions="3 total, 0 failed, 3 succeeded"><skipped type="Skipped" message="This test was disabled."/></testcase><testcase time="0" classname="p2.S19.SomeLongLongLongLongLongTestName_297" name="Run 0" assertions="3 total, 0 failed, 3 succeeded"><skipped type="Skipped" message="This test was disabled."/></testcase><testcase time="0" classname="p2.S19.SomeLongLongLongLongLongTestName_298" name="Run 0" assertions="3 total, 0 failed, 3 succeeded"><skipped type="Skipped" message="This test was disabled."/></testcase><testcase time="0" classname="p2.S19.SomeLongLongLongLongLongTestName_299" name="Run 0" assertions="3 total, 0 failed, 3 succeeded"><skipped type="Skipped" message="This test was disabled."/></testcase><testcase time="0" classname="p2.S19.SomeLongLongLongLongLongTestName_300" name="Run 0" assertions="3 total, 0 failed, 3 succeeded"><skipped type="Skipped" message="This test was disabled."/></testcase><testcase time="0" classname="p2.S19.SomeLongLongLongLongLongTestName_301" name="Run 0" assertions="3 total, 0 failed, 3 succeeded"><skipped type="Skipped" message="This test was disabled."/></testcase><testcase time="0" classname="p2.S19.SomeLongLongLongLongLongTestName_302" name="Run 0" assertions="3 total, 0 failed, 3 succeeded"><skipped type="Skipped" message="This test was disabled."/></testcase><testcase time="0" classname="p2.S19.SomeLongLongLongLongLongTestName_303" name="Run 0" assertions="3 total, 0 failed, 3 succeeded"><skipped type="Skipped" message="This test was disabled."/></testcase><testcase time="0" classname="p2.S19.SomeLongLongLongLongLongTestName_304" name="Run 0" assertions="3 total, 0 failed, 3 succeeded"><skipped type="Skipped" message="This test was disabled."/></testcase><testcase time="0" classname="p2.S19.SomeLongLongLongLongLongTestName_305" name="Run 0" assertions="3 total, 0 failed, 3 succeeded"><skipped type="Skipped" message="This test was disabled."/></testcase><testcase time="0" classname="p2.S19.SomeLongLongLongLongLongTestName_306" name="Run 0" assertions="3 total, 0 failed, 3 succeeded"><skipped type="Skipped" message="This test was disabled."/></testcase><testcase time="0" classname="p2.S19.SomeLongLongLongLongLongTestName_307" name="Run 0" assertions="3 total, 0 failed, 3 succeeded"><skipped type="Skipped" message="This test was disabled."/></testcase><testcase time="0" classname="p2.S19.SomeLongLongLongLongLongTestName_308" name="Run 0" assertions="3 total, 0 failed, 3 succeeded"><skipped type="Skipped" message="This test was disabled."/></testcase><testcase time="0" classname="p2.S19.SomeLongLongLongLongLongTestName_309" name="Run 0" assertions="3 total, 0 failed, 3 succeeded"><skipped type="Skipped" message="This test was disabled."/></testcase><testcase time="0" classname="p2.S19.SomeLongLongLongLongLongTestName_310" name="Run 0" assertions="3 total, 0 failed, 3 succeeded"><skipped type="Skipped" message="This test was disabled."/></testcase><testcase time="0" classname="p2.S19.SomeLongLongLongLongLongTestName_311" name="Run 0" assertions="3 total, 0 failed, 3 succeeded"><skipped type="Skipped" message="This test was disabled."/></testcase><testcase time="0" classname="p2.S19.SomeLongLongLongLongLongTestName_312" name="Run 0" assertions="3 total, 0 failed, 3 succeeded"><skipped type="Skipped" message="This test was disabled."/></testcase><testcase time="0" classname="p2.S19.SomeLongLongLongLongLongTestName_313" name="Run 0" assertions="3 total, 0 failed, 3 succeeded"><skipped type="Skipped" message="This test was disabled."/></testcase><testcase time="0" classname="p2.S19.SomeLongLongLongLongLongTestName_314" name="Run 0" assertions="3 total, 0 failed, 3 succeeded"><skipped type="Skipped" message="This test was disabled."/></testcase><testcase time="0" classname="p2.S19.SomeLongLongLongLongLongTestName_315" name="Run 0" assertions="3 total, 0 failed, 3 succeeded"><skipped type="Skipped" message="This test was disabled."/></testcase><testcase time="0" classname="p2.S19.SomeLongLongLongLongLongTestName_316" name="Run 0" assertions="3 total, 0 failed, 3 succeeded"><skipped type="Skipped" message="This test was disabled."/></testcase><testcase time="0" classname="p2.S19.SomeLongLongLongLongLongTestName_317" name="Run 0" assertions="3 total, 0 failed, 3 succeeded"><skipped type="Skipped" message="This test was disabled."/></testcase><testcase time="0" classname="p2.S19.SomeLongLongLongLongLongTestName_318" name="Run 0" assertions="3 total, 0 failed, 3 succeeded"><skipped type="Skipped" message="This test was disabled."/></testcase><testcase time="0" classname="p2.S19.SomeLongLongLongLongLongTestName_319" name="Run 0" assertions="3 total, 0 failed, 3 succeeded"><skipped type="Skipped" message="This test was disabled."/></testcase><testcase time="0" classname="p2.S19.SomeLongLongLongLongLongTestName_320" name="Run 0" assertions="3 total, 0 failed, 3 succeeded"><skipped type="Skipped" message="This test was disabled."/></testcase><testcase time="0" classname="p2.S19.SomeLongLongLongLongLongTestName_321" name="Run 0" assertions="3 total, 0 failed, 3 succeeded"><skipped type="Skipped" message="This test was disabled."/></testcase><testcase time="0" classname="p2.S19.SomeLongLongLongLongLongTestName_322" name="Run 0" assertions="3 total, 0 failed, 3 succeeded"><skipped type="Skipped" message="This test was disabled."/></testcase><testcase time="0" classname="p2.S19.SomeLongLongLongLongLongTestName_323" name="Run 0" assertions="3 total, 0 failed, 3 succeeded"><skipped type="Skipped" message="This test was disabled."/></testcase><testcase time="0" classname="p2.S19.SomeLongLongLongLongLongTestName_324" name="Run 0" assertions="3 total, 0 failed, 3 succeeded"><skipped type="Skipped" message="This test was disabled."/></testcase><testcase time="0" classname="p2.S19.SomeLongLongLongLongLongTestName_325" name="Run 0" assertions="3 total, 0 failed, 3 succeeded"><skipped type="Skipped" message="This test was disabled."/></testcase><testcase time="0" classname="p2.S19.SomeLongLongLongLongLongTestName_326" name="Run 0" assertions="3 total, 0 failed, 3 succeeded"><skipped type="Skipped" message="This test was disabled."/></testcase><testcase time="0" classname="p2.S19.SomeLongLongLongLongLongTestName_327" name="Run 0" assertions="3 total, 0 failed, 3 succeeded"><skipped type="Skipped" message="This test was disabled."/></testcase><testcase time="0" classname="p2.S19.SomeLongLongLongLongLongTestName_328" name="Run 0" assertions="3 total, 0 failed, 3 succeeded"><skipped type="Skipped" message="This test was disabled."/></testcase><testcase time="0" classname="p2.S19.SomeLongLongLongLongLongTestName_329" name="Run 0" assertions="3 total, 0 failed, 3 succeeded"><skipped type="Skipped" message="This test was disabled."/></testcase><testcase time="0" classname="p2.S19.SomeLongLongLongLongLongTestName_330" name="Run 0" assertions="3 total, 0 failed, 3 succeeded"><skipped type="Skipped" message="This test was disabled."/></testcase><testcase time="0" classname="p2.S19.SomeLongLongLongLongLongTestName_331" name="Run 0" assertions="3 total, 0 failed, 3 succeeded"><skipped type="Skipped" message="This test was disabled."/></testcase><testcase time="0" classname="p2.S19.SomeLongLongLongLongLongTestName_332" name="Run 0" assertions="3 total, 0 failed, 3 succeeded"><skipped type="Skipped" message="This test was disabled."/></testcase><testcase time="0" classname="p2.S19.SomeLongLongLongLongLongTestName_333" name="Run 0" assertions="3 total, 0 failed, 3 succeeded"><skipped type="Skipped" message="This test was disabled."/></testcase><testcase time="0" classname="p2.S19.SomeLongLongLongLongLongTestName_334" name="Run 0" assertions="3 total, 0 failed, 3 succeeded"><skipped type="Skipped" message="This test was disabled."/></testcase><testcase time="0" classname="p2.S19.SomeLongLongLongLongLongTestName_335" name="Run 0" assertions="3 total, 0 failed, 3 succeeded"><skipped type="Skipped" message="This test was disabled."/></testcase><testcase time="0" classname="p2.S19.SomeLongLongLongLongLongTestName_336" name="Run 0" assertions="3 total, 0 failed, 3 succeeded"><skipped type="Skipped" message="This test was disabled."/></testcase><testcase time="0" classname="p2.S19.SomeLongLongLongLongLongTestName_337" name="Run 0" assertions="3 total, 0 failed, 3 succeeded"><skipped type="Skipped" message="This test was disabled."/></testcase><testcase time="0" classname="p2.S19.SomeLongLongLongLongLongTestName_338" name="Run 0" assertions="3 total, 0 failed, 3 succeeded"><skipped type="Skipped" message="This test was disabled."/></testcase><testcase time="0" classname="p2.S19.SomeLongLongLongLongLongTestName_339" name="Run 0" assertions="3 total, 0 failed, 3 succeeded"><skipped type="Skipped" message="This test was disabled."/></testcase><testcase time="0" classname="p2.S19.SomeLongLongLongLongLongTestName_340" name="Run 0" assertions="3 total, 0 failed, 3 succeeded"><skipped type="Skipped" message="This test was disabled."/></testcase><testcase time="0" classname="p2.S19.SomeLongLongLongLongLongTestName_341" name="Run 0" assertions="3 total, 0 failed, 3 succeeded"><skipped type="Skipped" message="This test was disabled."/></testcase><testcase time="0" classname="p2.S19.SomeLongLongLongLongLongTestName_342" name="Run 0" assertions="3 total, 0 failed, 3 succeeded"><skipped type="Skipped" message="This test was disabled."/></testcase><testcase time="0" classname="p2.S19.SomeLongLongLongLongLongTestName_343" name="Run 0" assertions="3 total, 0 failed, 3 succeeded"><skipped type="Skipped" message="This test was disabled."/></testcase><testcase time="0" classname="p2.S19.SomeLongLongLongLongLongTestName_344" name="Run 0" assertions="3 total, 0 failed, 3 succeeded"><skipped type="Skipped" message="This test was disabled."/></testcase><testcase time="0" classname="p2.S19.SomeLongLongLongLongLongTestName_345" name="Run 0" assertions="3 total, 0 failed, 3 succeeded"><skipped type="Skipped" message="This test was disabled."/></testcase><testcase time="0" classname="p2.S19.SomeLongLongLongLongLongTestName_346" name="Run 0" assertions="3 total, 0 failed, 3 succeeded"><skipped type="Skipped" message="This test was disabled."/></testcase><testcase time="0" classname="p2.S19.SomeLongLongLongLongLongTestName_347" name="Run 0" assertions="3 total, 0 failed, 3 succeeded"><skipped type="Skipped" message="This test was disabled."/></testcase><testcase time="0" classname="p2.S19.SomeLongLongLongLongLongTestName_348" name="Run 0" assertions="3 total, 0 failed, 3 succeeded"><skipped type="Skipped" message="This test was disabled."/></testcase><testcase time="0" classname="p2.S19.SomeLongLongLongLongLongTestName_349" name="Run 0" assertions="3 total, 0 failed, 3 succeeded"><skipped type="Skipped" message="This test was disabled."/></testcase><testcase time="0" classname="p2.S19.SomeLongLongLongLongLongTestName_350" name="Run 0" assertions="3 total, 0 failed, 3 succeeded"><skipped type="Skipped" message="This test was disabled."/></testcase><testcase time="0" classname="p2.S19.SomeLongLongLongLongLongTestName_351" name="Run 0" assertions="3 total, 0 failed, 3 succeeded"><skipped type="Skipped" message="This test was disabled."/></testcase><testcase time="0" classname="p2.S19.SomeLongLongLongLongLongTestName_352" name="Run 0" assertions="3 total, 0 failed, 3 succeeded"><skipped type="Skipped" message="This test was disabled."/></testcase><testcase time="0" classname="p2.S19.SomeLongLongLongLongLongTestName_353" name="Run 0" assertions="3 total, 0 failed, 3 succeeded"><skipped type="Skipped" message="This test was disabled."/></testcase><testcase time="0" classname="p2.S19.SomeLongLongLongLongLongTestName_354" name="Run 0" assertions="3 total, 0 failed, 3 succeeded"><skipped type="Skipped" message="This test was disabled."/></testcase><testcase time="0" classname="p2.S19.SomeLongLongLongLongLongTestName_355" name="Run 0" assertions="3 total, 0 failed, 3 succeeded"><skipped type="Skipped" message="This test was disabled."/></testcase><testcase time="0" classname="p2.S19.SomeLongLongLongLongLongTestName_356" name="Run 0" assertions="3 total, 0 failed, 3 succeeded"><skipped type="Skipped" message="This test was disabled."/></testcase><testcase time="0" classname="p2.S19.SomeLongLongLongLongLongTestName_357" name="Run 0" assertions="3 total, 0 failed, 3 succeeded"><skipped type="Skipped" message="This test was disabled."/></testcase><testcase time="0" classname="p2.S19.SomeLongLongLongLongLongTestName_358" name="Run 0" assertions="3 total, 0 failed, 3 succeeded"><skipped type="Skipped" message="This test was disabled."/></testcase><testcase time="0" classname="p2.S19.SomeLongLongLongLongLongTestName_359" name="Run 0" assertions="3 total, 0 failed, 3 succeeded"><skipped type="Skipped" message="This test was disabled."/></testcase><testcase time="0" classname="p2.S19.SomeLongLongLongLongLongTestName_360" name="Run 0" assertions="3 total, 0 failed, 3 succeeded"><skipped type="Skipped" message="This test was disabled."/></testcase><testcase time="0" classname="p2.S19.SomeLongLongLongLongLongTestName_361" name="Run 0" assertions="3 total, 0 failed, 3 succeeded"><skipped type="Skipped" message="This test was disabled."/></testcase><testcase time="0" classname="p2.S19.SomeLongLongLongLongLongTestName_362" name="Run 0" assertions="3 total, 0 failed, 3 succeeded"><skipped type="Skipped" message="This test was disabled."/></testcase><testcase time="0" classname="p2.S19.SomeLongLongLongLongLongTestName_363" name="Run 0" assertions="3 total, 0 failed, 3 succeeded"><skipped type="Skipped" message="This test was disabled."/></testcase><testcase time="0" classname="p2.S19.SomeLongLongLongLongLongTestName_364" name="Run 0" assertions="3 total, 0 failed, 3 succeeded"><skipped type="Skipped" message="This test was disabled."/></testcase><testcase time="0" classname="p2.S19.SomeLongLongLongLongLongTestName_365" name="Run 0" assertions="3 total, 0 failed, 3 succeeded"><skipped type="Skipped" message="This test was disabled."/></testcase><testcase time="0" classname="p2.S19.SomeLongLongLongLongLongTestName_366" name="Run 0" assertions="3 total, 0 failed, 3 succeeded"><skipped type="Skipped" message="This test was disabled."/></testcase><testcase time="0" classname="p2.S19.SomeLongLongLongLongLongTestName_367" name="Run 0" assertions="3 total, 0 failed, 3 succeeded"><skipped type="Skipped" message="This test was disabled."/></testcase><testcase time="0" classname="p2.S19.SomeLongLongLongLongLongTestName_368" name="Run 0" assertions="3 total, 0 failed, 3 succeeded"><skipped type="Skipped" message="This test was disabled."/></testcase><testcase time="0" classname="p2.S19.SomeLongLongLongLongLongTestName_369" name="Run 0" assertions="3 total, 0 failed, 3 succeeded"><skipped type="Skipped" message="This test was disabled."/></testcase><testcase time="0" classname="p2.S19.SomeLongLongLongLongLongTestName_370" name="Run 0" assertions="3 total, 0 failed, 3 succeeded"><skipped type="Skipped" message="This test was disabled."/></testcase><testcase time="0" classname="p2.S19.SomeLongLongLongLongLongTestName_371" name="Run 0" assertions="3 total, 0 failed, 3 succeeded"><skipped type="Skipped" message="This test was disabled."/></testcase><testcase time="0" classname="p2.S19.SomeLongLongLongLongLongTestName_372" name="Run 0" assertions="3 total, 0 failed, 3 succeeded"><skipped type="Skipped" message="This test was disabled."/></testcase><testcase time="0" classname="p2.S19.SomeLongLongLongLongLongTestName_373" name="Run 0" assertions="3 total, 0 failed, 3 succeeded"><skipped type="Skipped" message="This test was disabled."/></testcase><testcase time="0" classname="p2.S19.SomeLongLongLongLongLongTestName_374" name="Run 0" assertions="3 total, 0 failed, 3 succeeded"><skipped type="Skipped" message="This test was disabled."/></testcase><testcase time="0" classname="p2.S19.SomeLongLongLongLongLongTestName_375" name="Run 0" assertions="3 total, 0 failed, 3 succeeded"><skipped type="Skipped" message="This test was disabled."/></testcase><testcase time="0" classname="p2.S19.SomeLongLongLongLongLongTestName_376" name="Run 0" assertions="3 total, 0 failed, 3 succeeded"><skipped type="Skipped" message="This test was disabled."/></testcase><testcase time="0" classname="p2.S19.SomeLongLongLongLongLongTestName_377" name="Run 0" assertions="3 total, 0 failed, 3 succeeded"><skipped type="Skipped" message="This test was disabled."/></testcase><testcase time="0" classname="p2.S19.SomeLongLongLongLongLongTestName_378" name="Run 0" assertions="3 total, 0 failed, 3 succeeded"><skipped type="Skipped" message="This test was disabled."/></testcase><testcase time="0" classname="p2.S19.SomeLongLongLongLongLongTestName_379" name="Run 0" assertions="3 total, 0 failed, 3 succeeded"><skipped type="Skipped" message="This test was disabled."/></testcase><testcase time="0" classname="p2.S19.SomeLongLongLongLongLongTestName_380" name="Run 0" assertions="3 total, 0 failed, 3 succeeded"><skipped type="Skipped" message="This test was disabled."/></testcase><testcase time="0" classname="p2.S19.SomeLongLongLongLongLongTestName_381" name="Run 0" assertions="3 total, 0 failed, 3 succeeded"><skipped type="Skipped" message="This test was disabled."/></testcase><testcase time="0" classname="p2.S19.SomeLongLongLongLongLongTestName_382" name="Run 0" assertions="3 total, 0 failed, 3 succeeded"><skipped type="Skipped" message="This test was disabled."/></testcase><testcase time="0" classname="p2.S19.SomeLongLongLongLongLongTestName_383" name="Run 0" assertions="3 total, 0 failed, 3 succeeded"><skipped type="Skipped" message="This test was disabled."/></testcase><testcase time="0" classname="p2.S19.SomeLongLongLongLongLongTestName_384" name="Run 0" assertions="3 total, 0 failed, 3 succeeded"><skipped type="Skipped" message="This test was disabled."/></testcase><testcase time="0" classname="p2.S19.SomeLongLongLongLongLongTestName_385" name="Run 0" assertions="3 total, 0 failed, 3 succeeded"><skipped type="Skipped" message="This test was disabled."/></testcase><testcase time="0" classname="p2.S19.SomeLongLongLongLongLongTestName_386" name="Run 0" assertions="3 total, 0 failed, 3 succeeded"><skipped type="Skipped" message="This test was disabled."/></testcase><testcase time="0" classname="p2.S19.SomeLongLongLongLongLongTestName_387" name="Run 0" assertions="3 total, 0 failed, 3 succeeded"><skipped type="Skipped" message="This test was disabled."/></testcase><testcase time="0" classname="p2.S19.SomeLongLongLongLongLongTestName_388" name="Run 0" assertions="3 total, 0 failed, 3 succeeded"><skipped type="Skipped" message="This test was disabled."/></testcase><testcase time="0" classname="p2.S19.SomeLongLongLongLongLongTestName_389" name="Run 0" assertions="3 total, 0 failed, 3 succeeded"><skipped type="Skipped" message="This test was disabled."/></testcase><testcase time="0" classname="p2.S19.SomeLongLongLongLongLongTestName_390" name="Run 0" assertions="3 total, 0 failed, 3 succeeded"><skipped type="Skipped" message="This test was disabled."/></testcase><testcase time="0" classname="p2.S19.SomeLongLongLongLongLongTestName_391" name="Run 0" assertions="3 total, 0 failed, 3 succeeded"><skipped type="Skipped" message="This test was disabled."/></testcase><testcase time="0" classname="p2.S19.SomeLongLongLongLongLongTestName_392" name="Run 0" assertions="3 total, 0 failed, 3 succeeded"><skipped type="Skipped" message="This test was disabled."/></testcase><testcase time="0" classname="p2.S19.SomeLongLongLongLongLongTestName_393" name="Run 0" assertions="3 total, 0 failed, 3 succeeded"><skipped type="Skipped" message="This test was disabled."/></testcase><testcase time="0" classname="p2.S19.SomeLongLongLongLongLongTestName_394" name="Run 0" assertions="3 total, 0 failed, 3 succeeded"><skipped type="Skipped" message="This test was disabled."/></testcase><testcase time="0" classname="p2.S19.SomeLongLongLongLongLongTestName_395" name="Run 0" assertions="3 total, 0 failed, 3 succeeded"><skipped type="Skipped" message="This test was disabled."/></testcase><testcase time="0" classname="p2.S19.SomeLongLongLongLongLongTestName_396" name="Run 0" assertions="3 total, 0 failed, 3 succeeded"><skipped type="Skipped" message="This test was disabled."/></testcase><testcase time="0" classname="p2.S19.SomeLongLongLongLongLongTestName_397" name="Run 0" assertions="3 total, 0 failed, 3 succeeded"><skipped type="Skipped" message="This test was disabled."/></testcase><testcase time="0" classname="p2.S19.SomeLongLongLongLongLongTestName_398" name="Run 0" assertions="3 total, 0 failed, 3 succeeded"><skipped type="Skipped" message="This test was disabled."/></testcase><testcase time="0" classname="p2.S19.SomeLongLongLongLongLongTestName_399" name="Run 0" assertions="3 total, 0 failed, 3 succeeded"><skipped type="Skipped" message="This test was disabled."/></testcase><testcase time="0" classname="p2.S19.SomeLongLongLongLongLongTestName_400" name="Run 0" assertions="3 total, 0 failed, 3 succeeded"><skipped type="Skipped" message="This test was disabled."/></testcase><testcase time="0" classname="p2.S19.SomeLongLongLongLongLongTestName_401" name="Run 0" assertions="3 total, 0 failed, 3 succeeded"><skipped type="Skipped" message="This test was disabled."/></testcase><testcase time="0" classname="p2.S19.SomeLongLongLongLongLongTestName_402" name="Run 0" assertions="3 total, 0 failed, 3 succeeded"><skipped type="Skipped" message="This test was disabled."/></testcase><testcase time="0" classname="p2.S19.SomeLongLongLongLongLongTestName_403" name="Run 0" assertions="3 total, 0 failed, 3 succeeded"><skipped type="Skipped" message="This test was disabled."/></testcase><testcase time="0" classname="p2.S19.SomeLongLongLongLongLongTestName_404" name="Run 0" assertions="3 total, 0 failed, 3 succeeded"><skipped type="Skipped" message="This test was disabled."/></testcase><testcase time="0" classname="p2.S19.SomeLongLongLongLongLongTestName_405" name="Run 0" assertions="3 total, 0 failed, 3 succeeded"><skipped type="Skipped" message="This test was disabled."/></testcase><testcase time="0" classname="p2.S19.SomeLongLongLongLongLongTestName_406" name="Run 0" assertions="3 total, 0 failed, 3 succeeded"><skipped type="Skipped" message="This test was disabled."/></testcase><testcase time="0" classname="p2.S19.SomeLongLongLongLongLongTestName_407" name="Run 0" assertions="3 total, 0 failed, 3 succeeded"><skipped type="Skipped" message="This test was disabled."/></testcase><testcase time="0" classname="p2.S19.SomeLongLongLongLongLongTestName_408" name="Run 0" assertions="3 total, 0 failed, 3 succeeded"><skipped type="Skipped" message="This test was disabled."/></testcase><testcase time="0" classname="p2.S19.SomeLongLongLongLongLongTestName_409" name="Run 0" assertions="3 total, 0 failed, 3 succeeded"><skipped type="Skipped" message="This test was disabled."/></testcase><testcase time="0" classname="p2.S19.SomeLongLongLongLongLongTestName_410" name="Run 0" assertions="3 total, 0 failed, 3 succeeded"><skipped type="Skipped" message="This test was disabled."/></testcase><testcase time="0" classname="p2.S19.SomeLongLongLongLongLongTestName_411" name="Run 0" assertions="3 total, 0 failed, 3 succeeded"><skipped type="Skipped" message="This test was disabled."/></testcase><testcase time="0" classname="p2.S19.SomeLongLongLongLongLongTestName_412" name="Run 0" assertions="3 total, 0 failed, 3 succeeded"><skipped type="Skipped" message="This test was disabled."/></testcase><testcase time="0" classname="p2.S19.SomeLongLongLongLongLongTestName_413" name="Run 0" assertions="3 total, 0 failed, 3 succeeded"><skipped type="Skipped" message="This test was disabled."/></testcase><testcase time="0" classname="p2.S19.SomeLongLongLongLongLongTestName_414" name="Run 0" assertions="3 total, 0 failed, 3 succeeded"><skipped type="Skipped" message="This test was disabled."/></testcase><testcase time="0" classname="p2.S19.SomeLongLongLongLongLongTestName_415" name="Run 0" assertions="3 total, 0 failed, 3 succeeded"><skipped type="Skipped" message="This test was disabled."/></testcase><testcase time="0" classname="p2.S19.SomeLongLongLongLongLongTestName_416" name="Run 0" assertions="3 total, 0 failed, 3 succeeded"><skipped type="Skipped" message="This test was disabled."/></testcase><testcase time="0" classname="p2.S19.SomeLongLongLongLongLongTestName_417" name="Run 0" assertions="3 total, 0 failed, 3 succeeded"><skipped type="Skipped" message="This test was disabled."/></testcase><testcase time="0" classname="p2.S19.SomeLongLongLongLongLongTestName_418" name="Run 0" assertions="3 total, 0 failed, 3 succeeded"><skipped type="Skipped" message="This test was disabled."/></testcase><testcase time="0" classname="p2.S19.SomeLongLongLongLongLongTestName_419" name="Run 0" assertions="3 total, 0 failed, 3 succeeded"><skipped type="Skipped" message="This test was disabled."/></testcase><testcase time="0" classname="p2.S19.SomeLongLongLongLongLongTestName_420" name="Run 0" assertions="3 total, 0 failed, 3 succeeded"><skipped type="Skipped" message="This test was disabled."/></testcase></testsuite>