<?xml version="1.0" encoding="UTF-8"?>
<testsuite errors="3" failures="0" tests="8" time="14.398">
<testcase name="org.twia.vendor.VendorManagerTest.testGetVendorFirmKeyForVendorRep" time="3.377">
<error type="java.lang.NullPointerException">java.lang.NullPointerException&#13;
       at org.twia.vendor.VendorManagerTest.testGetVendorFirmKeyForVendorRep(VendorManagerTest.java:104)&#13;
       at sun.reflect.NativeMethodAccessorImpl.invoke0(Native Method)&#13;
       at sun.reflect.NativeMethodAccessorImpl.invoke(NativeMethodAccessorImpl.java:39)&#13;
       at sun.reflect.DelegatingMethodAccessorImpl.invoke(DelegatingMethodAccessorImpl.java:25)&#13;
       at java.lang.reflect.Method.invoke(Method.java:585)&#13;
       at junit.framework.TestCase.runTest(TestCase.java:166)&#13;
       at org.unitils.UnitilsJUnit3.runTest(UnitilsJUnit3.java:171)&#13;
       at junit.framework.TestCase.runBare(TestCase.java:140)&#13;
       at org.unitils.UnitilsJUnit3.runBare(UnitilsJUnit3.java:138)&#13;
       at junit.framework.TestResult$1.protect(TestResult.java:106)&#13;
       at junit.framework.TestResult.runProtected(TestResult.java:124)&#13;
       at junit.framework.TestResult.run(TestResult.java:109)&#13;
       at junit.framework.TestCase.run(TestCase.java:131)&#13;
       at org.unitils.UnitilsJUnit3.run(UnitilsJUnit3.java:101)&#13;
       at junit.framework.TestSuite.runTest(TestSuite.java:173)&#13;
       at junit.framework.TestSuite.run(TestSuite.java:168)&#13;
       at junit.framework.TestSuite.runTest(TestSuite.java:173)&#13;
       at junit.framework.TestSuite.run(TestSuite.java:168)&#13;
       at junit.textui.TestRunner.doRun(TestRunner.java:74)&#13;
       at org.twia.junit.CustomTestRunner.run(CustomTestRunner.java:76)&#13;
       at org.twia.test.ejb.JunitCallerEJB.testSuites(JunitCallerEJB.java:136)&#13;
       at sun.reflect.NativeMethodAccessorImpl.invoke0(Native Method)&#13;
       at sun.reflect.NativeMethodAccessorImpl.invoke(NativeMethodAccessorImpl.java:39)&#13;
       at sun.reflect.DelegatingMethodAccessorImpl.invoke(DelegatingMethodAccessorImpl.java:25)&#13;
       at java.lang.reflect.Method.invoke(Method.java:585)&#13;
       at org.jboss.invocation.Invocation.performCall(Invocation.java:359)&#13;
       at org.jboss.ejb.StatelessSessionContainer$ContainerInterceptor.invoke(StatelessSessionContainer.java:237)&#13;
       at org.jboss.resource.connectionmanager.CachedConnectionInterceptor.invoke(CachedConnectionInterceptor.java:158)&#13;
       at org.jboss.ejb.plugins.StatelessSessionInstanceInterceptor.invoke(StatelessSessionInstanceInterceptor.java:169)&#13;
       at org.jboss.ejb.plugins.CallValidationInterceptor.invoke(CallValidationInterceptor.java:63)&#13;
       at org.jboss.ejb.plugins.AbstractTxInterceptor.invokeNext(AbstractTxInterceptor.java:121)&#13;
       at org.jboss.ejb.plugins.TxInterceptorCMT.runWithTransactions(TxInterceptorCMT.java:315)&#13;
       at org.jboss.ejb.plugins.TxInterceptorCMT.invoke(TxInterceptorCMT.java:181)&#13;
       at org.jboss.ejb.plugins.SecurityInterceptor.invoke(SecurityInterceptor.java:168)&#13;
       at org.jboss.ejb.plugins.LogInterceptor.invoke(LogInterceptor.java:205)&#13;
       at org.jboss.ejb.plugins.ProxyFactoryFinderInterceptor.invoke(ProxyFactoryFinderInterceptor.java:138)&#13;
       at org.jboss.ejb.SessionContainer.internalInvoke(SessionContainer.java:648)&#13;
       at org.jboss.ejb.Container.invoke(Container.java:960)&#13;
       at sun.reflect.GeneratedMethodAccessor289.invoke(Unknown Source)&#13;
       at sun.reflect.DelegatingMethodAccessorImpl.invoke(DelegatingMethodAccessorImpl.java:25)&#13;
       at java.lang.reflect.Method.invoke(Method.java:585)&#13;
       at org.jboss.mx.interceptor.ReflectedDispatcher.invoke(ReflectedDispatcher.java:155)&#13;
       at org.jboss.mx.server.Invocation.dispatch(Invocation.java:94)&#13;
       at org.jboss.mx.server.Invocation.invoke(Invocation.java:86)&#13;
       at org.jboss.mx.server.AbstractMBeanInvoker.invoke(AbstractMBeanInvoker.java:264)&#13;
       at org.jboss.mx.server.MBeanServerImpl.invoke(MBeanServerImpl.java:659)&#13;
       at org.jboss.invocation.unified.server.UnifiedInvoker.invoke(UnifiedInvoker.java:231)&#13;
       at sun.reflect.GeneratedMethodAccessor288.invoke(Unknown Source)&#13;
       at sun.reflect.DelegatingMethodAccessorImpl.invoke(DelegatingMethodAccessorImpl.java:25)&#13;
       at java.lang.reflect.Method.invoke(Method.java:585)&#13;
       at org.jboss.mx.interceptor.ReflectedDispatcher.invoke(ReflectedDispatcher.java:155)&#13;
       at org.jboss.mx.server.Invocation.dispatch(Invocation.java:94)&#13;
       at org.jboss.mx.server.Invocation.invoke(Invocation.java:86)&#13;
       at org.jboss.mx.server.AbstractMBeanInvoker.invoke(AbstractMBeanInvoker.java:264)&#13;
       at org.jboss.mx.server.MBeanServerImpl.invoke(MBeanServerImpl.java:659)&#13;
       at javax.management.MBeanServerInvocationHandler.invoke(MBeanServerInvocationHandler.java:201)&#13;
       at $Proxy16.invoke(Unknown Source)&#13;
       at org.jboss.remoting.ServerInvoker.invoke(ServerInvoker.java:795)&#13;
       at org.jboss.remoting.transport.socket.ServerThread.processInvocation(ServerThread.java:573)&#13;
       at org.jboss.remoting.transport.socket.ServerThread.dorun(ServerThread.java:387)&#13;
       at org.jboss.remoting.transport.socket.ServerThread.run(ServerThread.java:166)&#13;
</error>
</testcase>
<testcase name="org.twia.vendor.VendorManagerTest.testGetRevokedClaimsForAdjustingFirm" time="3.267">
<error message="RuntimeException; nested exception is: &#10;&#9;java.lang.IllegalArgumentException: id to load is required for loading" type="java.rmi.ServerException">java.rmi.ServerException: RuntimeException; nested exception is:
       java.lang.IllegalArgumentException: id to load is required for loading&#13;
       at org.jboss.ejb.plugins.LogInterceptor.handleException(LogInterceptor.java:421)&#13;
       at org.jboss.ejb.plugins.LogInterceptor.invoke(LogInterceptor.java:209)&#13;
       at org.jboss.ejb.plugins.ProxyFactoryFinderInterceptor.invoke(ProxyFactoryFinderInterceptor.java:138)&#13;
       at org.jboss.ejb.SessionContainer.internalInvoke(SessionContainer.java:648)&#13;
       at org.jboss.ejb.Container.invoke(Container.java:960)&#13;
       at sun.reflect.GeneratedMethodAccessor289.invoke(Unknown Source)&#13;
       at sun.reflect.DelegatingMethodAccessorImpl.invoke(DelegatingMethodAccessorImpl.java:25)&#13;
       at java.lang.reflect.Method.invoke(Method.java:585)&#13;
       at org.jboss.mx.interceptor.ReflectedDispatcher.invoke(ReflectedDispatcher.java:155)&#13;
       at org.jboss.mx.server.Invocation.dispatch(Invocation.java:94)&#13;
       at org.jboss.mx.server.Invocation.invoke(Invocation.java:86)&#13;
       at org.jboss.mx.server.AbstractMBeanInvoker.invoke(AbstractMBeanInvoker.java:264)&#13;
       at org.jboss.mx.server.MBeanServerImpl.invoke(MBeanServerImpl.java:659)&#13;
       at org.jboss.invocation.local.LocalInvoker$MBeanServerAction.invoke(LocalInvoker.java:169)&#13;
       at org.jboss.invocation.local.LocalInvoker.invoke(LocalInvoker.java:118)&#13;
       at org.jboss.invocation.InvokerInterceptor.invokeLocal(InvokerInterceptor.java:209)&#13;
       at org.jboss.invocation.InvokerInterceptor.invoke(InvokerInterceptor.java:195)&#13;
       at org.jboss.proxy.TransactionInterceptor.invoke(TransactionInterceptor.java:61)&#13;
       at org.jboss.proxy.SecurityInterceptor.invoke(SecurityInterceptor.java:70)&#13;
       at org.jboss.proxy.ejb.StatelessSessionInterceptor.invoke(StatelessSessionInterceptor.java:112)&#13;
       at org.jboss.proxy.ClientContainer.invoke(ClientContainer.java:100)&#13;
       at $Proxy108.assignAdjustingFirmAndLocation(Unknown Source)&#13;
       at org.twia.vendor.VendorManagerTest.testGetRevokedClaimsForAdjustingFirm(VendorManagerTest.java:120)&#13;
       at sun.reflect.NativeMethodAccessorImpl.invoke0(Native Method)&#13;
       at sun.reflect.NativeMethodAccessorImpl.invoke(NativeMethodAccessorImpl.java:39)&#13;
       at sun.reflect.DelegatingMethodAccessorImpl.invoke(DelegatingMethodAccessorImpl.java:25)&#13;
       at java.lang.reflect.Method.invoke(Method.java:585)&#13;
       at junit.framework.TestCase.runTest(TestCase.java:166)&#13;
       at org.unitils.UnitilsJUnit3.runTest(UnitilsJUnit3.java:171)&#13;
       at junit.framework.TestCase.runBare(TestCase.java:140)&#13;
       at org.unitils.UnitilsJUnit3.runBare(UnitilsJUnit3.java:138)&#13;
       at junit.framework.TestResult$1.protect(TestResult.java:106)&#13;
       at junit.framework.TestResult.runProtected(TestResult.java:124)&#13;
       at junit.framework.TestResult.run(TestResult.java:109)&#13;
       at junit.framework.TestCase.run(TestCase.java:131)&#13;
       at org.unitils.UnitilsJUnit3.run(UnitilsJUnit3.java:101)&#13;
       at junit.framework.TestSuite.runTest(TestSuite.java:173)&#13;
       at junit.framework.TestSuite.run(TestSuite.java:168)&#13;
       at junit.framework.TestSuite.runTest(TestSuite.java:173)&#13;
       at junit.framework.TestSuite.run(TestSuite.java:168)&#13;
       at junit.textui.TestRunner.doRun(TestRunner.java:74)&#13;
       at org.twia.junit.CustomTestRunner.run(CustomTestRunner.java:76)&#13;
       at org.twia.test.ejb.JunitCallerEJB.testSuites(JunitCallerEJB.java:136)&#13;
       at sun.reflect.NativeMethodAccessorImpl.invoke0(Native Method)&#13;
       at sun.reflect.NativeMethodAccessorImpl.invoke(NativeMethodAccessorImpl.java:39)&#13;
       at sun.reflect.DelegatingMethodAccessorImpl.invoke(DelegatingMethodAccessorImpl.java:25)&#13;
       at java.lang.reflect.Method.invoke(Method.java:585)&#13;
       at org.jboss.invocation.Invocation.performCall(Invocation.java:359)&#13;
       at org.jboss.ejb.StatelessSessionContainer$ContainerInterceptor.invoke(StatelessSessionContainer.java:237)&#13;
       at org.jboss.resource.connectionmanager.CachedConnectionInterceptor.invoke(CachedConnectionInterceptor.java:158)&#13;
       at org.jboss.ejb.plugins.StatelessSessionInstanceInterceptor.invoke(StatelessSessionInstanceInterceptor.java:169)&#13;
       at org.jboss.ejb.plugins.CallValidationInterceptor.invoke(CallValidationInterceptor.java:63)&#13;
       at org.jboss.ejb.plugins.AbstractTxInterceptor.invokeNext(AbstractTxInterceptor.java:121)&#13;
       at org.jboss.ejb.plugins.TxInterceptorCMT.runWithTransactions(TxInterceptorCMT.java:315)&#13;
       at org.jboss.ejb.plugins.TxInterceptorCMT.invoke(TxInterceptorCMT.java:181)&#13;
       at org.jboss.ejb.plugins.SecurityInterceptor.invoke(SecurityInterceptor.java:168)&#13;
       at org.jboss.ejb.plugins.LogInterceptor.invoke(LogInterceptor.java:205)&#13;
       at org.jboss.ejb.plugins.ProxyFactoryFinderInterceptor.invoke(ProxyFactoryFinderInterceptor.java:138)&#13;
       at org.jboss.ejb.SessionContainer.internalInvoke(SessionContainer.java:648)&#13;
       at org.jboss.ejb.Container.invoke(Container.java:960)&#13;
       at sun.reflect.GeneratedMethodAccessor289.invoke(Unknown Source)&#13;
       at sun.reflect.DelegatingMethodAccessorImpl.invoke(DelegatingMethodAccessorImpl.java:25)&#13;
       at java.lang.reflect.Method.invoke(Method.java:585)&#13;
       at org.jboss.mx.interceptor.ReflectedDispatcher.invoke(ReflectedDispatcher.java:155)&#13;
       at org.jboss.mx.server.Invocation.dispatch(Invocation.java:94)&#13;
       at org.jboss.mx.server.Invocation.invoke(Invocation.java:86)&#13;
       at org.jboss.mx.server.AbstractMBeanInvoker.invoke(AbstractMBeanInvoker.java:264)&#13;
       at org.jboss.mx.server.MBeanServerImpl.invoke(MBeanServerImpl.java:659)&#13;
       at org.jboss.invocation.unified.server.UnifiedInvoker.invoke(UnifiedInvoker.java:231)&#13;
       at sun.reflect.GeneratedMethodAccessor288.invoke(Unknown Source)&#13;
       at sun.reflect.DelegatingMethodAccessorImpl.invoke(DelegatingMethodAccessorImpl.java:25)&#13;
       at java.lang.reflect.Method.invoke(Method.java:585)&#13;
       at org.jboss.mx.interceptor.ReflectedDispatcher.invoke(ReflectedDispatcher.java:155)&#13;
       at org.jboss.mx.server.Invocation.dispatch(Invocation.java:94)&#13;
       at org.jboss.mx.server.Invocation.invoke(Invocation.java:86)&#13;
       at org.jboss.mx.server.AbstractMBeanInvoker.invoke(AbstractMBeanInvoker.java:264)&#13;
       at org.jboss.mx.server.MBeanServerImpl.invoke(MBeanServerImpl.java:659)&#13;
       at javax.management.MBeanServerInvocationHandler.invoke(MBeanServerInvocationHandler.java:201)&#13;
       at $Proxy16.invoke(Unknown Source)&#13;
       at org.jboss.remoting.ServerInvoker.invoke(ServerInvoker.java:795)&#13;
       at org.jboss.remoting.transport.socket.ServerThread.processInvocation(ServerThread.java:573)&#13;
       at org.jboss.remoting.transport.socket.ServerThread.dorun(ServerThread.java:387)&#13;
       at org.jboss.remoting.transport.socket.ServerThread.run(ServerThread.java:166)&#13;
Caused by: java.lang.IllegalArgumentException: id to load is required for loading&#13;
       at org.hibernate.event.LoadEvent.&lt;init&gt;(LoadEvent.java:51)&#13;
       at org.hibernate.event.LoadEvent.&lt;init&gt;(LoadEvent.java:33)&#13;
       at org.hibernate.impl.SessionImpl.get(SessionImpl.java:812)&#13;
       at org.hibernate.impl.SessionImpl.get(SessionImpl.java:808)&#13;
       at org.twia.persistence.hibernate.HibernateDAO.reloadWithVersionCheck(HibernateDAO.java:712)&#13;
       at org.twia.persistence.hibernate.HibernateDAO.reloadWithVersionCheck(HibernateDAO.java:782)&#13;
       at org.twia.claim.ClaimManager.assignAdjustingFirmAndLocation(ClaimManager.java:3119)&#13;
       at org.twia.claim.ClaimManager.assignAdjustingFirmAndLocation(ClaimManager.java:3092)&#13;
       at org.twia.claim.ClaimManagerSessionEJB.assignAdjustingFirmAndLocation(ClaimManagerSessionEJB.java:547)&#13;
       at sun.reflect.NativeMethodAccessorImpl.invoke0(Native Method)&#13;
       at sun.reflect.NativeMethodAccessorImpl.invoke(NativeMethodAccessorImpl.java:39)&#13;
       at sun.reflect.DelegatingMethodAccessorImpl.invoke(DelegatingMethodAccessorImpl.java:25)&#13;
       at java.lang.reflect.Method.invoke(Method.java:585)&#13;
       at org.jboss.invocation.Invocation.performCall(Invocation.java:359)&#13;
       at org.jboss.ejb.StatelessSessionContainer$ContainerInterceptor.invoke(StatelessSessionContainer.java:237)&#13;
       at org.jboss.resource.connectionmanager.CachedConnectionInterceptor.invoke(CachedConnectionInterceptor.java:158)&#13;
       at org.jboss.ejb.plugins.StatelessSessionInstanceInterceptor.invoke(StatelessSessionInstanceInterceptor.java:169)&#13;
       at org.jboss.ejb.plugins.CallValidationInterceptor.invoke(CallValidationInterceptor.java:63)&#13;
       at org.jboss.ejb.plugins.AbstractInterceptor.invoke(AbstractInterceptor.java:111)&#13;
       at org.twia.stats.StatisticsInterceptor.invoke(StatisticsInterceptor.java:79)&#13;
       at org.jboss.ejb.plugins.AbstractTxInterceptor.invokeNext(AbstractTxInterceptor.java:121)&#13;
       at org.jboss.ejb.plugins.TxInterceptorCMT.runWithTransactions(TxInterceptorCMT.java:350)&#13;
       at org.jboss.ejb.plugins.TxInterceptorCMT.invoke(TxInterceptorCMT.java:181)&#13;
       at org.twia.security.SecurityInterceptor.invoke(SecurityInterceptor.java:105)&#13;
       at org.jboss.ejb.plugins.LogInterceptor.invoke(LogInterceptor.java:205)&#13;
       ... 81 more&#13;
</error>
</testcase>
<testcase name="org.twia.vendor.VendorManagerTest.testCreateVendorFirm" time="1.798"/>
<testcase name="org.twia.vendor.VendorManagerTest.testUpdateVendorFirm" time="0.953"/>
<testcase name="org.twia.vendor.VendorManagerTest.testAddVendorLocation" time="2.502"/>
<testcase name="org.twia.vendor.VendorManagerTest.testCreateVendor_NoPrimaryLocation" time="0.828"/>
<testcase name="org.twia.vendor.VendorManagerTest.testCreateVendor_NoPrimaryRep" time="0.876"/>
<testcase name="org.twia.vendor.VendorManagerTest.testCreateAdjustingFirm" time="0.766">
<error message="RuntimeException; nested exception is: &#10;&#9;org.twia.dao.DAOException: [S2001] Hibernate encountered an error updating Claim [null] : &#10;&#9;id = C0147909. Reason = The given object has a null identifier: org.twia.claim.Claim; Logon Id: tbotadauth. Claim Id: {3}." type="java.rmi.ServerException">java.rmi.ServerException: RuntimeException; nested exception is:
       org.twia.dao.DAOException: [S2001] Hibernate encountered an error updating Claim [null] :
       id = C0147909. Reason = The given object has a null identifier: org.twia.claim.Claim; Logon Id: tbotadauth. Claim Id: {3}.&#13;
       at org.jboss.ejb.plugins.LogInterceptor.handleException(LogInterceptor.java:421)&#13;
       at org.jboss.ejb.plugins.LogInterceptor.invoke(LogInterceptor.java:209)&#13;
       at org.jboss.ejb.plugins.ProxyFactoryFinderInterceptor.invoke(ProxyFactoryFinderInterceptor.java:138)&#13;
       at org.jboss.ejb.SessionContainer.internalInvoke(SessionContainer.java:648)&#13;
       at org.jboss.ejb.Container.invoke(Container.java:960)&#13;
       at sun.reflect.GeneratedMethodAccessor289.invoke(Unknown Source)&#13;
       at sun.reflect.DelegatingMethodAccessorImpl.invoke(DelegatingMethodAccessorImpl.java:25)&#13;
       at java.lang.reflect.Method.invoke(Method.java:585)&#13;
       at org.jboss.mx.interceptor.ReflectedDispatcher.invoke(ReflectedDispatcher.java:155)&#13;
       at org.jboss.mx.server.Invocation.dispatch(Invocation.java:94)&#13;
       at org.jboss.mx.server.Invocation.invoke(Invocation.java:86)&#13;
       at org.jboss.mx.server.AbstractMBeanInvoker.invoke(AbstractMBeanInvoker.java:264)&#13;
       at org.jboss.mx.server.MBeanServerImpl.invoke(MBeanServerImpl.java:659)&#13;
       at org.jboss.invocation.local.LocalInvoker$MBeanServerAction.invoke(LocalInvoker.java:169)&#13;
       at org.jboss.invocation.local.LocalInvoker.invoke(LocalInvoker.java:118)&#13;
       at org.jboss.invocation.InvokerInterceptor.invokeLocal(InvokerInterceptor.java:209)&#13;
       at org.jboss.invocation.InvokerInterceptor.invoke(InvokerInterceptor.java:195)&#13;
       at org.jboss.proxy.TransactionInterceptor.invoke(TransactionInterceptor.java:61)&#13;
       at org.jboss.proxy.SecurityInterceptor.invoke(SecurityInterceptor.java:70)&#13;
       at org.jboss.proxy.ejb.StatelessSessionInterceptor.invoke(StatelessSessionInterceptor.java:112)&#13;
       at org.jboss.proxy.ClientContainer.invoke(ClientContainer.java:100)&#13;
       at $Proxy108.updateClaim(Unknown Source)&#13;
       at org.twia.vendor.VendorManagerTest.testCreateAdjustingFirm(VendorManagerTest.java:259)&#13;
       at sun.reflect.NativeMethodAccessorImpl.invoke0(Native Method)&#13;
       at sun.reflect.NativeMethodAccessorImpl.invoke(NativeMethodAccessorImpl.java:39)&#13;
       at sun.reflect.DelegatingMethodAccessorImpl.invoke(DelegatingMethodAccessorImpl.java:25)&#13;
       at java.lang.reflect.Method.invoke(Method.java:585)&#13;
       at junit.framework.TestCase.runTest(TestCase.java:166)&#13;
       at org.unitils.UnitilsJUnit3.runTest(UnitilsJUnit3.java:171)&#13;
       at junit.framework.TestCase.runBare(TestCase.java:140)&#13;
       at org.unitils.UnitilsJUnit3.runBare(UnitilsJUnit3.java:138)&#13;
       at junit.framework.TestResult$1.protect(TestResult.java:106)&#13;
       at junit.framework.TestResult.runProtected(TestResult.java:124)&#13;
       at junit.framework.TestResult.run(TestResult.java:109)&#13;
       at junit.framework.TestCase.run(TestCase.java:131)&#13;
       at org.unitils.UnitilsJUnit3.run(UnitilsJUnit3.java:101)&#13;
       at junit.framework.TestSuite.runTest(TestSuite.java:173)&#13;
       at junit.framework.TestSuite.run(TestSuite.java:168)&#13;
       at junit.framework.TestSuite.runTest(TestSuite.java:173)&#13;
       at junit.framework.TestSuite.run(TestSuite.java:168)&#13;
       at junit.textui.TestRunner.doRun(TestRunner.java:74)&#13;
       at org.twia.junit.CustomTestRunner.run(CustomTestRunner.java:76)&#13;
       at org.twia.test.ejb.JunitCallerEJB.testSuites(JunitCallerEJB.java:136)&#13;
       at sun.reflect.NativeMethodAccessorImpl.invoke0(Native Method)&#13;
       at sun.reflect.NativeMethodAccessorImpl.invoke(NativeMethodAccessorImpl.java:39)&#13;
       at sun.reflect.DelegatingMethodAccessorImpl.invoke(DelegatingMethodAccessorImpl.java:25)&#13;
       at java.lang.reflect.Method.invoke(Method.java:585)&#13;
       at org.jboss.invocation.Invocation.performCall(Invocation.java:359)&#13;
       at org.jboss.ejb.StatelessSessionContainer$ContainerInterceptor.invoke(StatelessSessionContainer.java:237)&#13;
       at org.jboss.resource.connectionmanager.CachedConnectionInterceptor.invoke(CachedConnectionInterceptor.java:158)&#13;
       at org.jboss.ejb.plugins.StatelessSessionInstanceInterceptor.invoke(StatelessSessionInstanceInterceptor.java:169)&#13;
       at org.jboss.ejb.plugins.CallValidationInterceptor.invoke(CallValidationInterceptor.java:63)&#13;
       at org.jboss.ejb.plugins.AbstractTxInterceptor.invokeNext(AbstractTxInterceptor.java:121)&#13;
       at org.jboss.ejb.plugins.TxInterceptorCMT.runWithTransactions(TxInterceptorCMT.java:315)&#13;
       at org.jboss.ejb.plugins.TxInterceptorCMT.invoke(TxInterceptorCMT.java:181)&#13;
       at org.jboss.ejb.plugins.SecurityInterceptor.invoke(SecurityInterceptor.java:168)&#13;
       at org.jboss.ejb.plugins.LogInterceptor.invoke(LogInterceptor.java:205)&#13;
       at org.jboss.ejb.plugins.ProxyFactoryFinderInterceptor.invoke(ProxyFactoryFinderInterceptor.java:138)&#13;
       at org.jboss.ejb.SessionContainer.internalInvoke(SessionContainer.java:648)&#13;
       at org.jboss.ejb.Container.invoke(Container.java:960)&#13;
       at sun.reflect.GeneratedMethodAccessor289.invoke(Unknown Source)&#13;
       at sun.reflect.DelegatingMethodAccessorImpl.invoke(DelegatingMethodAccessorImpl.java:25)&#13;
       at java.lang.reflect.Method.invoke(Method.java:585)&#13;
       at org.jboss.mx.interceptor.ReflectedDispatcher.invoke(ReflectedDispatcher.java:155)&#13;
       at org.jboss.mx.server.Invocation.dispatch(Invocation.java:94)&#13;
       at org.jboss.mx.server.Invocation.invoke(Invocation.java:86)&#13;
       at org.jboss.mx.server.AbstractMBeanInvoker.invoke(AbstractMBeanInvoker.java:264)&#13;
       at org.jboss.mx.server.MBeanServerImpl.invoke(MBeanServerImpl.java:659)&#13;
       at org.jboss.invocation.unified.server.UnifiedInvoker.invoke(UnifiedInvoker.java:231)&#13;
       at sun.reflect.GeneratedMethodAccessor288.invoke(Unknown Source)&#13;
       at sun.reflect.DelegatingMethodAccessorImpl.invoke(DelegatingMethodAccessorImpl.java:25)&#13;
       at java.lang.reflect.Method.invoke(Method.java:585)&#13;
       at org.jboss.mx.interceptor.ReflectedDispatcher.invoke(ReflectedDispatcher.java:155)&#13;
       at org.jboss.mx.server.Invocation.dispatch(Invocation.java:94)&#13;
       at org.jboss.mx.server.Invocation.invoke(Invocation.java:86)&#13;
       at org.jboss.mx.server.AbstractMBeanInvoker.invoke(AbstractMBeanInvoker.java:264)&#13;
       at org.jboss.mx.server.MBeanServerImpl.invoke(MBeanServerImpl.java:659)&#13;
       at javax.management.MBeanServerInvocationHandler.invoke(MBeanServerInvocationHandler.java:201)&#13;
       at $Proxy16.invoke(Unknown Source)&#13;
       at org.jboss.remoting.ServerInvoker.invoke(ServerInvoker.java:795)&#13;
       at org.jboss.remoting.transport.socket.ServerThread.processInvocation(ServerThread.java:573)&#13;
       at org.jboss.remoting.transport.socket.ServerThread.dorun(ServerThread.java:387)&#13;
       at org.jboss.remoting.transport.socket.ServerThread.run(ServerThread.java:166)&#13;
Caused by: org.twia.dao.DAOException: [S2001] Hibernate encountered an error updating Claim [null] :
       id = C0147909. Reason = The given object has a null identifier: org.twia.claim.Claim; Logon Id: tbotadauth. Claim Id: {3}.&#13;
       at org.twia.persistence.hibernate.HibernateDAO.handleHibernateException(HibernateDAO.java:274)&#13;
       at org.twia.persistence.hibernate.HibernateDAO.handleHibernateException(HibernateDAO.java:242)&#13;
       at org.twia.persistence.hibernate.HibernateDAO.update(HibernateDAO.java:443)&#13;
       at org.twia.claim.ClaimManager.updateClaim(ClaimManager.java:4475)&#13;
       at org.twia.claim.ClaimManagerSessionEJB.updateClaim(ClaimManagerSessionEJB.java:68)&#13;
       at sun.reflect.NativeMethodAccessorImpl.invoke0(Native Method)&#13;
       at sun.reflect.NativeMethodAccessorImpl.invoke(NativeMethodAccessorImpl.java:39)&#13;
       at sun.reflect.DelegatingMethodAccessorImpl.invoke(DelegatingMethodAccessorImpl.java:25)&#13;
       at java.lang.reflect.Method.invoke(Method.java:585)&#13;
       at org.jboss.invocation.Invocation.performCall(Invocation.java:359)&#13;
       at org.jboss.ejb.StatelessSessionContainer$ContainerInterceptor.invoke(StatelessSessionContainer.java:237)&#13;
       at org.jboss.resource.connectionmanager.CachedConnectionInterceptor.invoke(CachedConnectionInterceptor.java:158)&#13;
       at org.jboss.ejb.plugins.StatelessSessionInstanceInterceptor.invoke(StatelessSessionInstanceInterceptor.java:169)&#13;
       at org.jboss.ejb.plugins.CallValidationInterceptor.invoke(CallValidationInterceptor.java:63)&#13;
       at org.jboss.ejb.plugins.AbstractInterceptor.invoke(AbstractInterceptor.java:111)&#13;
       at org.twia.stats.StatisticsInterceptor.invoke(StatisticsInterceptor.java:79)&#13;
       at org.jboss.ejb.plugins.AbstractTxInterceptor.invokeNext(AbstractTxInterceptor.java:121)&#13;
       at org.jboss.ejb.plugins.TxInterceptorCMT.runWithTransactions(TxInterceptorCMT.java:350)&#13;
       at org.jboss.ejb.plugins.TxInterceptorCMT.invoke(TxInterceptorCMT.java:181)&#13;
       at org.twia.security.SecurityInterceptor.invoke(SecurityInterceptor.java:105)&#13;
       at org.jboss.ejb.plugins.LogInterceptor.invoke(LogInterceptor.java:205)&#13;
       ... 81 more&#13;
</error>
</testcase>
</testsuite>